wandb: WARNING The anonymous setting has no effect and will be removed in a future version.
wandb: [wandb.login()] Loaded credentials for https://api.wandb.ai from /ghome/group06/.netrc.
wandb: Currently logged in as: arnaumarcosalmansa (mcv-team-6) to https://api.wandb.ai. Use `wandb login --relogin` to force relogin
wandb: setting up run u5rpht2v
wandb: Tracking run with wandb version 0.24.0
wandb: Run data is saved locally in wandb/run-20260118_163803-u5rpht2v
wandb: Run `wandb offline` to turn off syncing.
wandb: Syncing run Test run
wandb: ⭐️ View project at https://wandb.ai/mcv-team-6/C3-Week4
wandb: 🚀 View run at https://wandb.ai/mcv-team-6/C3-Week4/runs/u5rpht2v
/ghome/group06/miniconda3/envs/c3/lib/python3.11/site-packages/lightning_fabric/plugins/environments/slurm.py:204: The `srun` command is available on your system but is not used. HINT: If your intention is to run Lightning on SLURM, prepend your python command with `srun` like so: srun python train.py ...
GPU available: True (cuda), used: True
TPU available: False, using: 0 TPU cores
Traceback (most recent call last):
  File "/export/home/group06/workspace/project-team-6/Week4/train.py", line 47, in <module>
    trainer.fit(train_model, train_loader, test_loader)
  File "/ghome/group06/miniconda3/envs/c3/lib/python3.11/site-packages/pytorch_lightning/trainer/trainer.py", line 584, in fit
    call._call_and_handle_interrupt(
  File "/ghome/group06/miniconda3/envs/c3/lib/python3.11/site-packages/pytorch_lightning/trainer/call.py", line 49, in _call_and_handle_interrupt
    return trainer_fn(*args, **kwargs)
           ^^^^^^^^^^^^^^^^^^^^^^^^^^^
  File "/ghome/group06/miniconda3/envs/c3/lib/python3.11/site-packages/pytorch_lightning/trainer/trainer.py", line 630, in _fit_impl
    self._run(model, ckpt_path=ckpt_path, weights_only=weights_only)
  File "/ghome/group06/miniconda3/envs/c3/lib/python3.11/site-packages/pytorch_lightning/trainer/trainer.py", line 1027, in _run
    _verify_loop_configurations(self)
  File "/ghome/group06/miniconda3/envs/c3/lib/python3.11/site-packages/pytorch_lightning/trainer/configuration_validator.py", line 36, in _verify_loop_configurations
    __verify_train_val_loop_configuration(trainer, model)
  File "/ghome/group06/miniconda3/envs/c3/lib/python3.11/site-packages/pytorch_lightning/trainer/configuration_validator.py", line 77, in __verify_train_val_loop_configuration
    raise NotImplementedError(
NotImplementedError: Support for `training_epoch_end` has been removed in v2.0.0. `BasicTrainingModule` implements this method. You can use the `on_train_epoch_end` hook instead. To access outputs, save them in-memory as instance attributes. You can find migration examples in https://github.com/Lightning-AI/pytorch-lightning/pull/16520.
