Using GPU 0: NVIDIA GeForce RTX 3090
Will run 3 block modification experiments

Added data augmentation

================================================================================
EXPERIMENT 1/3
Remove Last Block (DB4+T3)
================================================================================

Trainable parameters: 4,277,640 / 4,277,640 (100.00%)

Model architecture:
  Features: 10 layers
  Classifier input: 1024 features
  Classifier output: 8 classes
Epoch 1/500 - Train Loss: 2.0054, Train Accuracy: 0.2825, Test Loss: 2.0516, Test Accuracy: 0.2386
Epoch 2/500 - Train Loss: 1.6963, Train Accuracy: 0.8025, Test Loss: 1.9772, Test Accuracy: 0.6302
Epoch 3/500 - Train Loss: 1.4258, Train Accuracy: 0.7925, Test Loss: 1.8216, Test Accuracy: 0.6927
Epoch 4/500 - Train Loss: 1.1883, Train Accuracy: 0.8200, Test Loss: 1.5674, Test Accuracy: 0.7631
Epoch 5/500 - Train Loss: 1.0084, Train Accuracy: 0.8875, Test Loss: 1.2368, Test Accuracy: 0.8580
Epoch 6/500 - Train Loss: 0.8912, Train Accuracy: 0.8850, Test Loss: 0.9712, Test Accuracy: 0.9034
Epoch 7/500 - Train Loss: 0.7934, Train Accuracy: 0.9300, Test Loss: 0.8248, Test Accuracy: 0.9122
Epoch 8/500 - Train Loss: 0.7495, Train Accuracy: 0.9275, Test Loss: 0.7504, Test Accuracy: 0.9209
Epoch 9/500 - Train Loss: 0.7066, Train Accuracy: 0.9425, Test Loss: 0.7279, Test Accuracy: 0.9122
Epoch 10/500 - Train Loss: 0.6778, Train Accuracy: 0.9375, Test Loss: 0.7026, Test Accuracy: 0.9205
Epoch 11/500 - Train Loss: 0.6353, Train Accuracy: 0.9575, Test Loss: 0.6876, Test Accuracy: 0.9296
Epoch 12/500 - Train Loss: 0.6180, Train Accuracy: 0.9600, Test Loss: 0.7053, Test Accuracy: 0.9209
Epoch 13/500 - Train Loss: 0.5967, Train Accuracy: 0.9750, Test Loss: 0.7020, Test Accuracy: 0.9108
Epoch 14/500 - Train Loss: 0.5848, Train Accuracy: 0.9850, Test Loss: 0.6837, Test Accuracy: 0.9253
Epoch 15/500 - Train Loss: 0.5930, Train Accuracy: 0.9750, Test Loss: 0.6739, Test Accuracy: 0.9226
Epoch 16/500 - Train Loss: 0.5686, Train Accuracy: 0.9800, Test Loss: 0.6856, Test Accuracy: 0.9213
Epoch 17/500 - Train Loss: 0.5735, Train Accuracy: 0.9825, Test Loss: 0.7180, Test Accuracy: 0.9043
Epoch 18/500 - Train Loss: 0.5800, Train Accuracy: 0.9750, Test Loss: 0.6894, Test Accuracy: 0.9165
Epoch 19/500 - Train Loss: 0.5667, Train Accuracy: 0.9775, Test Loss: 0.6927, Test Accuracy: 0.9139
Epoch 20/500 - Train Loss: 0.5492, Train Accuracy: 0.9850, Test Loss: 0.7178, Test Accuracy: 0.9012
Epoch 21/500 - Train Loss: 0.5590, Train Accuracy: 0.9850, Test Loss: 0.7179, Test Accuracy: 0.9008
Epoch 22/500 - Train Loss: 0.5451, Train Accuracy: 0.9875, Test Loss: 0.7065, Test Accuracy: 0.9073
Epoch 23/500 - Train Loss: 0.5260, Train Accuracy: 0.9950, Test Loss: 0.6818, Test Accuracy: 0.9244
Epoch 24/500 - Train Loss: 0.5385, Train Accuracy: 0.9900, Test Loss: 0.6690, Test Accuracy: 0.9235
Epoch 25/500 - Train Loss: 0.5238, Train Accuracy: 0.9950, Test Loss: 0.6725, Test Accuracy: 0.9235
Epoch 26/500 - Train Loss: 0.5218, Train Accuracy: 0.9950, Test Loss: 0.6630, Test Accuracy: 0.9292
Epoch 27/500 - Train Loss: 0.5484, Train Accuracy: 0.9850, Test Loss: 0.6570, Test Accuracy: 0.9305
Epoch 28/500 - Train Loss: 0.5099, Train Accuracy: 0.9950, Test Loss: 0.6857, Test Accuracy: 0.9187
Epoch 29/500 - Train Loss: 0.5137, Train Accuracy: 0.9950, Test Loss: 0.6839, Test Accuracy: 0.9209
Epoch 30/500 - Train Loss: 0.5215, Train Accuracy: 0.9875, Test Loss: 0.6526, Test Accuracy: 0.9314
Epoch 31/500 - Train Loss: 0.5135, Train Accuracy: 0.9875, Test Loss: 0.6448, Test Accuracy: 0.9388
Epoch 32/500 - Train Loss: 0.5176, Train Accuracy: 0.9900, Test Loss: 0.6418, Test Accuracy: 0.9379
Epoch 33/500 - Train Loss: 0.5017, Train Accuracy: 0.9950, Test Loss: 0.6486, Test Accuracy: 0.9318
Epoch 34/500 - Train Loss: 0.5148, Train Accuracy: 0.9925, Test Loss: 0.6611, Test Accuracy: 0.9240
Epoch 35/500 - Train Loss: 0.5058, Train Accuracy: 0.9975, Test Loss: 0.6789, Test Accuracy: 0.9156
Epoch 36/500 - Train Loss: 0.5069, Train Accuracy: 1.0000, Test Loss: 0.6628, Test Accuracy: 0.9231
Epoch 37/500 - Train Loss: 0.5050, Train Accuracy: 0.9975, Test Loss: 0.6583, Test Accuracy: 0.9257
Epoch 38/500 - Train Loss: 0.5116, Train Accuracy: 0.9900, Test Loss: 0.6698, Test Accuracy: 0.9156
Epoch 39/500 - Train Loss: 0.5096, Train Accuracy: 0.9875, Test Loss: 0.6622, Test Accuracy: 0.9209
Epoch 40/500 - Train Loss: 0.5035, Train Accuracy: 0.9950, Test Loss: 0.6504, Test Accuracy: 0.9331
Epoch 41/500 - Train Loss: 0.5193, Train Accuracy: 0.9900, Test Loss: 0.6475, Test Accuracy: 0.9340
Epoch 42/500 - Train Loss: 0.5073, Train Accuracy: 0.9925, Test Loss: 0.6752, Test Accuracy: 0.9178
Epoch 43/500 - Train Loss: 0.5026, Train Accuracy: 1.0000, Test Loss: 0.6620, Test Accuracy: 0.9231
Epoch 44/500 - Train Loss: 0.5178, Train Accuracy: 0.9925, Test Loss: 0.6644, Test Accuracy: 0.9209
Epoch 45/500 - Train Loss: 0.5161, Train Accuracy: 0.9875, Test Loss: 0.6917, Test Accuracy: 0.9078
Epoch 46/500 - Train Loss: 0.5092, Train Accuracy: 0.9950, Test Loss: 0.6926, Test Accuracy: 0.9113
Epoch 47/500 - Train Loss: 0.4957, Train Accuracy: 1.0000, Test Loss: 0.6821, Test Accuracy: 0.9139

Early stopping triggered at epoch 47
Best test loss: 0.6418
Best test accuracy: 0.9388
Plot saved as trained_models/block_mod_remove_1_block/metrics/loss.png
Plot saved as trained_models/block_mod_remove_1_block/metrics/metrics.png

Completed experiment 1/3


================================================================================
EXPERIMENT 2/3
Remove Last 2 Blocks (DB4+T3+DB3+T2)
================================================================================

Trainable parameters: 1,302,664 / 1,302,664 (100.00%)

Model architecture:
  Features: 8 layers
  Classifier input: 512 features
  Classifier output: 8 classes
Epoch 1/500 - Train Loss: 2.0335, Train Accuracy: 0.2425, Test Loss: 2.0604, Test Accuracy: 0.2941
Epoch 2/500 - Train Loss: 1.8996, Train Accuracy: 0.4475, Test Loss: 2.0202, Test Accuracy: 0.5682
Epoch 3/500 - Train Loss: 1.7661, Train Accuracy: 0.6475, Test Loss: 1.9467, Test Accuracy: 0.5935
Epoch 4/500 - Train Loss: 1.6538, Train Accuracy: 0.6975, Test Loss: 1.8223, Test Accuracy: 0.6359
Epoch 5/500 - Train Loss: 1.5427, Train Accuracy: 0.6900, Test Loss: 1.6500, Test Accuracy: 0.6525
Epoch 6/500 - Train Loss: 1.4373, Train Accuracy: 0.7250, Test Loss: 1.4552, Test Accuracy: 0.7085
Epoch 7/500 - Train Loss: 1.3390, Train Accuracy: 0.7600, Test Loss: 1.3163, Test Accuracy: 0.7128
Epoch 8/500 - Train Loss: 1.2850, Train Accuracy: 0.7350, Test Loss: 1.2074, Test Accuracy: 0.7640
Epoch 9/500 - Train Loss: 1.2252, Train Accuracy: 0.7625, Test Loss: 1.1365, Test Accuracy: 0.7920
Epoch 10/500 - Train Loss: 1.1720, Train Accuracy: 0.7900, Test Loss: 1.1156, Test Accuracy: 0.7548
Epoch 11/500 - Train Loss: 1.1328, Train Accuracy: 0.7825, Test Loss: 1.0650, Test Accuracy: 0.8138
Epoch 12/500 - Train Loss: 1.0794, Train Accuracy: 0.8175, Test Loss: 1.0122, Test Accuracy: 0.8125
Epoch 13/500 - Train Loss: 1.0516, Train Accuracy: 0.8250, Test Loss: 0.9928, Test Accuracy: 0.8243
Epoch 14/500 - Train Loss: 1.0014, Train Accuracy: 0.8550, Test Loss: 0.9580, Test Accuracy: 0.8361
Epoch 15/500 - Train Loss: 0.9957, Train Accuracy: 0.8375, Test Loss: 0.9278, Test Accuracy: 0.8553
Epoch 16/500 - Train Loss: 0.9586, Train Accuracy: 0.8675, Test Loss: 0.9091, Test Accuracy: 0.8680
Epoch 17/500 - Train Loss: 0.9383, Train Accuracy: 0.8500, Test Loss: 0.9676, Test Accuracy: 0.8121
Epoch 18/500 - Train Loss: 0.9074, Train Accuracy: 0.8750, Test Loss: 0.8948, Test Accuracy: 0.8571
Epoch 19/500 - Train Loss: 0.8985, Train Accuracy: 0.8850, Test Loss: 0.8960, Test Accuracy: 0.8510
Epoch 20/500 - Train Loss: 0.8875, Train Accuracy: 0.8775, Test Loss: 0.8921, Test Accuracy: 0.8514
Epoch 21/500 - Train Loss: 0.8588, Train Accuracy: 0.8975, Test Loss: 0.8670, Test Accuracy: 0.8715
Epoch 22/500 - Train Loss: 0.8696, Train Accuracy: 0.8750, Test Loss: 0.8753, Test Accuracy: 0.8527
Epoch 23/500 - Train Loss: 0.8471, Train Accuracy: 0.8925, Test Loss: 0.8715, Test Accuracy: 0.8523
Epoch 24/500 - Train Loss: 0.8508, Train Accuracy: 0.8700, Test Loss: 0.8601, Test Accuracy: 0.8597
Epoch 25/500 - Train Loss: 0.8157, Train Accuracy: 0.8925, Test Loss: 0.8364, Test Accuracy: 0.8698
Epoch 26/500 - Train Loss: 0.7914, Train Accuracy: 0.9300, Test Loss: 0.8176, Test Accuracy: 0.8811
Epoch 27/500 - Train Loss: 0.7928, Train Accuracy: 0.8850, Test Loss: 0.8231, Test Accuracy: 0.8680
Epoch 28/500 - Train Loss: 0.7783, Train Accuracy: 0.9125, Test Loss: 0.8320, Test Accuracy: 0.8523
Epoch 29/500 - Train Loss: 0.7706, Train Accuracy: 0.9000, Test Loss: 0.8211, Test Accuracy: 0.8693
Epoch 30/500 - Train Loss: 0.7616, Train Accuracy: 0.9150, Test Loss: 0.8137, Test Accuracy: 0.8798
Epoch 31/500 - Train Loss: 0.7507, Train Accuracy: 0.9125, Test Loss: 0.8087, Test Accuracy: 0.8759
Epoch 32/500 - Train Loss: 0.7237, Train Accuracy: 0.9550, Test Loss: 0.7965, Test Accuracy: 0.8855
Epoch 33/500 - Train Loss: 0.7268, Train Accuracy: 0.9325, Test Loss: 0.8033, Test Accuracy: 0.8719
Epoch 34/500 - Train Loss: 0.7185, Train Accuracy: 0.9450, Test Loss: 0.8088, Test Accuracy: 0.8671
Epoch 35/500 - Train Loss: 0.7128, Train Accuracy: 0.9425, Test Loss: 0.8140, Test Accuracy: 0.8719
Epoch 36/500 - Train Loss: 0.7136, Train Accuracy: 0.9375, Test Loss: 0.7835, Test Accuracy: 0.8881
Epoch 37/500 - Train Loss: 0.6720, Train Accuracy: 0.9675, Test Loss: 0.7757, Test Accuracy: 0.8868
Epoch 38/500 - Train Loss: 0.7024, Train Accuracy: 0.9500, Test Loss: 0.7549, Test Accuracy: 0.9017
Epoch 39/500 - Train Loss: 0.6903, Train Accuracy: 0.9525, Test Loss: 0.7764, Test Accuracy: 0.8872
Epoch 40/500 - Train Loss: 0.6839, Train Accuracy: 0.9600, Test Loss: 0.8411, Test Accuracy: 0.8440
Epoch 41/500 - Train Loss: 0.6821, Train Accuracy: 0.9550, Test Loss: 0.7991, Test Accuracy: 0.8776
Epoch 42/500 - Train Loss: 0.6739, Train Accuracy: 0.9575, Test Loss: 0.7797, Test Accuracy: 0.8894
Epoch 43/500 - Train Loss: 0.6833, Train Accuracy: 0.9525, Test Loss: 0.7802, Test Accuracy: 0.8934
Epoch 44/500 - Train Loss: 0.6766, Train Accuracy: 0.9650, Test Loss: 0.7563, Test Accuracy: 0.8977
Epoch 45/500 - Train Loss: 0.6588, Train Accuracy: 0.9575, Test Loss: 0.7703, Test Accuracy: 0.8872
Epoch 46/500 - Train Loss: 0.6477, Train Accuracy: 0.9625, Test Loss: 0.7902, Test Accuracy: 0.8741
Epoch 47/500 - Train Loss: 0.6491, Train Accuracy: 0.9750, Test Loss: 0.8037, Test Accuracy: 0.8754
Epoch 48/500 - Train Loss: 0.6657, Train Accuracy: 0.9575, Test Loss: 0.8218, Test Accuracy: 0.8645
Epoch 49/500 - Train Loss: 0.6491, Train Accuracy: 0.9650, Test Loss: 0.7588, Test Accuracy: 0.9017
Epoch 50/500 - Train Loss: 0.6418, Train Accuracy: 0.9600, Test Loss: 0.7675, Test Accuracy: 0.8907
Epoch 51/500 - Train Loss: 0.6266, Train Accuracy: 0.9750, Test Loss: 0.7557, Test Accuracy: 0.8920
Epoch 52/500 - Train Loss: 0.6184, Train Accuracy: 0.9725, Test Loss: 0.7577, Test Accuracy: 0.8977
Epoch 53/500 - Train Loss: 0.6253, Train Accuracy: 0.9675, Test Loss: 0.7642, Test Accuracy: 0.8960

Early stopping triggered at epoch 53
Best test loss: 0.7549
Best test accuracy: 0.9017
Plot saved as trained_models/block_mod_remove_2_blocks/metrics/loss.png
Plot saved as trained_models/block_mod_remove_2_blocks/metrics/metrics.png

Completed experiment 2/3


================================================================================
EXPERIMENT 3/3
Add New Block (DB5 after DB4)
================================================================================

Trainable parameters: 10,192,264 / 10,192,264 (100.00%)

Model architecture:
  Features: 14 layers
  Classifier input: 1536 features
  Classifier output: 8 classes
Epoch 1/500 - Train Loss: 1.8504, Train Accuracy: 0.4975, Test Loss: 1.7508, Test Accuracy: 0.6731
Epoch 2/500 - Train Loss: 1.2109, Train Accuracy: 0.8675, Test Loss: 1.4272, Test Accuracy: 0.8676
Epoch 3/500 - Train Loss: 0.8764, Train Accuracy: 0.9125, Test Loss: 1.0950, Test Accuracy: 0.9021
Epoch 4/500 - Train Loss: 0.7029, Train Accuracy: 0.9450, Test Loss: 0.8725, Test Accuracy: 0.9170
Epoch 5/500 - Train Loss: 0.6462, Train Accuracy: 0.9550, Test Loss: 0.7518, Test Accuracy: 0.9257
Epoch 6/500 - Train Loss: 0.6028, Train Accuracy: 0.9675, Test Loss: 0.6860, Test Accuracy: 0.9384
Epoch 7/500 - Train Loss: 0.5566, Train Accuracy: 0.9850, Test Loss: 0.6749, Test Accuracy: 0.9366
Epoch 8/500 - Train Loss: 0.5403, Train Accuracy: 0.9925, Test Loss: 0.6631, Test Accuracy: 0.9401
Epoch 9/500 - Train Loss: 0.5491, Train Accuracy: 0.9800, Test Loss: 0.6546, Test Accuracy: 0.9419
Epoch 10/500 - Train Loss: 0.5344, Train Accuracy: 0.9875, Test Loss: 0.6461, Test Accuracy: 0.9419
Epoch 11/500 - Train Loss: 0.5212, Train Accuracy: 0.9925, Test Loss: 0.6532, Test Accuracy: 0.9309
Epoch 12/500 - Train Loss: 0.5133, Train Accuracy: 0.9925, Test Loss: 0.6623, Test Accuracy: 0.9231
Epoch 13/500 - Train Loss: 0.5107, Train Accuracy: 0.9975, Test Loss: 0.6492, Test Accuracy: 0.9305
Epoch 14/500 - Train Loss: 0.5060, Train Accuracy: 0.9950, Test Loss: 0.6575, Test Accuracy: 0.9257
Epoch 15/500 - Train Loss: 0.5049, Train Accuracy: 0.9950, Test Loss: 0.6623, Test Accuracy: 0.9261
Epoch 16/500 - Train Loss: 0.4983, Train Accuracy: 1.0000, Test Loss: 0.6507, Test Accuracy: 0.9318
Epoch 17/500 - Train Loss: 0.5036, Train Accuracy: 0.9950, Test Loss: 0.6432, Test Accuracy: 0.9353
Epoch 18/500 - Train Loss: 0.4957, Train Accuracy: 0.9950, Test Loss: 0.6274, Test Accuracy: 0.9436
Epoch 19/500 - Train Loss: 0.4893, Train Accuracy: 1.0000, Test Loss: 0.6250, Test Accuracy: 0.9436
Epoch 20/500 - Train Loss: 0.4944, Train Accuracy: 0.9975, Test Loss: 0.6231, Test Accuracy: 0.9449
Epoch 21/500 - Train Loss: 0.4939, Train Accuracy: 0.9975, Test Loss: 0.6335, Test Accuracy: 0.9384
Epoch 22/500 - Train Loss: 0.4939, Train Accuracy: 0.9975, Test Loss: 0.6285, Test Accuracy: 0.9436
Epoch 23/500 - Train Loss: 0.4923, Train Accuracy: 1.0000, Test Loss: 0.6293, Test Accuracy: 0.9423
Epoch 24/500 - Train Loss: 0.4971, Train Accuracy: 0.9975, Test Loss: 0.6288, Test Accuracy: 0.9441
Epoch 25/500 - Train Loss: 0.4928, Train Accuracy: 1.0000, Test Loss: 0.6369, Test Accuracy: 0.9397
Epoch 26/500 - Train Loss: 0.4939, Train Accuracy: 0.9975, Test Loss: 0.6254, Test Accuracy: 0.9406
Epoch 27/500 - Train Loss: 0.4910, Train Accuracy: 0.9950, Test Loss: 0.6213, Test Accuracy: 0.9401
Epoch 28/500 - Train Loss: 0.5036, Train Accuracy: 0.9900, Test Loss: 0.6362, Test Accuracy: 0.9353
Epoch 29/500 - Train Loss: 0.4974, Train Accuracy: 0.9975, Test Loss: 0.6775, Test Accuracy: 0.9148
Epoch 30/500 - Train Loss: 0.5185, Train Accuracy: 0.9875, Test Loss: 0.6513, Test Accuracy: 0.9301
Epoch 31/500 - Train Loss: 0.4999, Train Accuracy: 0.9950, Test Loss: 0.6558, Test Accuracy: 0.9288
Epoch 32/500 - Train Loss: 0.5061, Train Accuracy: 1.0000, Test Loss: 0.6448, Test Accuracy: 0.9288
Epoch 33/500 - Train Loss: 0.4928, Train Accuracy: 1.0000, Test Loss: 0.6507, Test Accuracy: 0.9257
Epoch 34/500 - Train Loss: 0.4941, Train Accuracy: 0.9975, Test Loss: 0.6393, Test Accuracy: 0.9375
Epoch 35/500 - Train Loss: 0.4912, Train Accuracy: 1.0000, Test Loss: 0.6440, Test Accuracy: 0.9331
Epoch 36/500 - Train Loss: 0.4882, Train Accuracy: 0.9975, Test Loss: 0.6443, Test Accuracy: 0.9327
Epoch 37/500 - Train Loss: 0.4905, Train Accuracy: 1.0000, Test Loss: 0.6389, Test Accuracy: 0.9344
Epoch 38/500 - Train Loss: 0.4896, Train Accuracy: 1.0000, Test Loss: 0.6427, Test Accuracy: 0.9305
Epoch 39/500 - Train Loss: 0.4806, Train Accuracy: 1.0000, Test Loss: 0.6246, Test Accuracy: 0.9384
Epoch 40/500 - Train Loss: 0.4857, Train Accuracy: 1.0000, Test Loss: 0.6297, Test Accuracy: 0.9375
Epoch 41/500 - Train Loss: 0.4864, Train Accuracy: 1.0000, Test Loss: 0.6335, Test Accuracy: 0.9362
Epoch 42/500 - Train Loss: 0.4815, Train Accuracy: 1.0000, Test Loss: 0.6383, Test Accuracy: 0.9358

Early stopping triggered at epoch 42
Best test loss: 0.6213
Best test accuracy: 0.9449
Plot saved as trained_models/block_mod_add_block/metrics/loss.png
Plot saved as trained_models/block_mod_add_block/metrics/metrics.png

Completed experiment 3/3


All block modification experiments completed!
Total experiments run: 3
