Using GPU 0: NVIDIA GeForce RTX 3090
Will run 1 Squeeze and Excitation experiments


================================================================================
EXPERIMENT 1/1
Add Squeeze and Excitation after each denseblock
================================================================================

Trainable parameters: 7,265,160 / 7,265,160 (100.00%)

Model architecture:
  Features: 16 layers
  Classifier input: 1024 features
  Classifier output: 8 classes
Epoch 1/500 - Train Loss: 1.8161, Train Accuracy: 0.3925, Test Loss: 2.0135, Test Accuracy: 0.1954
Epoch 2/500 - Train Loss: 0.9826, Train Accuracy: 0.9325, Test Loss: 1.5835, Test Accuracy: 0.6836
Epoch 3/500 - Train Loss: 0.6868, Train Accuracy: 0.9875, Test Loss: 1.1084, Test Accuracy: 0.8859
Epoch 4/500 - Train Loss: 0.5642, Train Accuracy: 0.9925, Test Loss: 0.8274, Test Accuracy: 0.9205
Epoch 5/500 - Train Loss: 0.5232, Train Accuracy: 0.9975, Test Loss: 0.7183, Test Accuracy: 0.9349
Epoch 6/500 - Train Loss: 0.5020, Train Accuracy: 1.0000, Test Loss: 0.6778, Test Accuracy: 0.9379
Epoch 7/500 - Train Loss: 0.4958, Train Accuracy: 0.9975, Test Loss: 0.6644, Test Accuracy: 0.9410
Epoch 8/500 - Train Loss: 0.4879, Train Accuracy: 1.0000, Test Loss: 0.6577, Test Accuracy: 0.9432
Epoch 9/500 - Train Loss: 0.4849, Train Accuracy: 1.0000, Test Loss: 0.6602, Test Accuracy: 0.9427
Epoch 10/500 - Train Loss: 0.4825, Train Accuracy: 1.0000, Test Loss: 0.6619, Test Accuracy: 0.9414
Epoch 11/500 - Train Loss: 0.4796, Train Accuracy: 1.0000, Test Loss: 0.6651, Test Accuracy: 0.9410
Epoch 12/500 - Train Loss: 0.4816, Train Accuracy: 1.0000, Test Loss: 0.6665, Test Accuracy: 0.9410
Epoch 13/500 - Train Loss: 0.4809, Train Accuracy: 1.0000, Test Loss: 0.6670, Test Accuracy: 0.9401
Epoch 14/500 - Train Loss: 0.4817, Train Accuracy: 1.0000, Test Loss: 0.6681, Test Accuracy: 0.9379
Epoch 15/500 - Train Loss: 0.4785, Train Accuracy: 1.0000, Test Loss: 0.6624, Test Accuracy: 0.9401
Epoch 16/500 - Train Loss: 0.4821, Train Accuracy: 1.0000, Test Loss: 0.6638, Test Accuracy: 0.9410
Epoch 17/500 - Train Loss: 0.4806, Train Accuracy: 1.0000, Test Loss: 0.6679, Test Accuracy: 0.9401
Epoch 18/500 - Train Loss: 0.4764, Train Accuracy: 1.0000, Test Loss: 0.6654, Test Accuracy: 0.9401
Epoch 19/500 - Train Loss: 0.4757, Train Accuracy: 1.0000, Test Loss: 0.6691, Test Accuracy: 0.9384
Epoch 20/500 - Train Loss: 0.4764, Train Accuracy: 1.0000, Test Loss: 0.6692, Test Accuracy: 0.9410
Epoch 21/500 - Train Loss: 0.4762, Train Accuracy: 1.0000, Test Loss: 0.6728, Test Accuracy: 0.9388
Epoch 22/500 - Train Loss: 0.4763, Train Accuracy: 1.0000, Test Loss: 0.6707, Test Accuracy: 0.9423
Epoch 23/500 - Train Loss: 0.4824, Train Accuracy: 1.0000, Test Loss: 0.6654, Test Accuracy: 0.9397

Early stopping triggered at epoch 23
Best test loss: 0.6624
Best test accuracy: 0.9423
Plot saved as trained_models/squeeze_and_excitation_add_squeeze_excitation/metrics/loss.png
Plot saved as trained_models/squeeze_and_excitation_add_squeeze_excitation/metrics/metrics.png

Completed experiment 1/1


All block modification experiments completed!
Total experiments run: 1
