Using GPU 0: NVIDIA GeForce RTX 3090
Total layers available to unfreeze: 41
  1. features.denseblock4.denselayer16
  2. features.denseblock4.denselayer15
  3. features.denseblock4.denselayer14
  4. features.denseblock4.denselayer13
  5. features.denseblock4.denselayer12
  6. features.denseblock4.denselayer11
  7. features.denseblock4.denselayer10
  8. features.denseblock4.denselayer9
  9. features.denseblock4.denselayer8
  10. features.denseblock4.denselayer7
  11. features.denseblock4.denselayer6
  12. features.denseblock4.denselayer5
  13. features.denseblock4.denselayer4
  14. features.denseblock4.denselayer3
  15. features.denseblock4.denselayer2
  16. features.denseblock4.denselayer1
  17. features.transition3
  18. features.denseblock3.denselayer24
  19. features.denseblock3.denselayer23
  20. features.denseblock3.denselayer22
  21. features.denseblock3.denselayer21
  22. features.denseblock3.denselayer20
  23. features.denseblock3.denselayer19
  24. features.denseblock3.denselayer18
  25. features.denseblock3.denselayer17
  26. features.denseblock3.denselayer16
  27. features.denseblock3.denselayer15
  28. features.denseblock3.denselayer14
  29. features.denseblock3.denselayer13
  30. features.denseblock3.denselayer12
  31. features.denseblock3.denselayer11
  32. features.denseblock3.denselayer10
  33. features.denseblock3.denselayer9
  34. features.denseblock3.denselayer8
  35. features.denseblock3.denselayer7
  36. features.denseblock3.denselayer6
  37. features.denseblock3.denselayer5
  38. features.denseblock3.denselayer4
  39. features.denseblock3.denselayer3
  40. features.denseblock3.denselayer2
  41. features.denseblock3.denselayer1

Will run 11 experiments with layer counts: [0, 4, 8, 12, 16, 20, 24, 28, 32, 36, 40]


================================================================================
EXPERIMENT 1/11
Training: Classifier ONLY

================================================================================
EXPERIMENT 2/11
Training: Classifier + 4 layer(s)
Unfrozen layers: features.denseblock4.denselayer16, features.denseblock4.denselayer15, features.denseblock4.denselayer14, features.denseblock4.denselayer13
================================================================================

Trainable parameters: 647,560 / 6,962,056 (9.30%)
Epoch 1/100 - Train Loss: 1.8241, Train Accuracy: 0.3939, Test Loss: 1.5173, Test Accuracy: 0.6654
Epoch 2/100 - Train Loss: 1.2978, Train Accuracy: 0.7943, Test Loss: 1.1216, Test Accuracy: 0.8637
Epoch 3/100 - Train Loss: 1.0073, Train Accuracy: 0.9075, Test Loss: 0.9162, Test Accuracy: 0.9108
Epoch 4/100 - Train Loss: 0.8448, Train Accuracy: 0.9325, Test Loss: 0.8027, Test Accuracy: 0.9257
Epoch 5/100 - Train Loss: 0.7574, Train Accuracy: 0.9431, Test Loss: 0.7463, Test Accuracy: 0.9393
Epoch 6/100 - Train Loss: 0.6994, Train Accuracy: 0.9564, Test Loss: 0.7104, Test Accuracy: 0.9492
Epoch 7/100 - Train Loss: 0.6574, Train Accuracy: 0.9649, Test Loss: 0.6855, Test Accuracy: 0.9504
Epoch 8/100 - Train Loss: 0.6245, Train Accuracy: 0.9718, Test Loss: 0.6695, Test Accuracy: 0.9517
Epoch 9/100 - Train Loss: 0.6055, Train Accuracy: 0.9798, Test Loss: 0.6567, Test Accuracy: 0.9517
Epoch 10/100 - Train Loss: 0.5811, Train Accuracy: 0.9851, Test Loss: 0.6486, Test Accuracy: 0.9504
Epoch 11/100 - Train Loss: 0.5700, Train Accuracy: 0.9888, Test Loss: 0.6420, Test Accuracy: 0.9504
Epoch 12/100 - Train Loss: 0.5507, Train Accuracy: 0.9936, Test Loss: 0.6360, Test Accuracy: 0.9480
Epoch 13/100 - Train Loss: 0.5382, Train Accuracy: 0.9963, Test Loss: 0.6315, Test Accuracy: 0.9517
Epoch 14/100 - Train Loss: 0.5303, Train Accuracy: 0.9963, Test Loss: 0.6296, Test Accuracy: 0.9492
Epoch 15/100 - Train Loss: 0.5216, Train Accuracy: 0.9979, Test Loss: 0.6292, Test Accuracy: 0.9504
Epoch 16/100 - Train Loss: 0.5131, Train Accuracy: 0.9984, Test Loss: 0.6276, Test Accuracy: 0.9554
Epoch 17/100 - Train Loss: 0.5118, Train Accuracy: 0.9973, Test Loss: 0.6238, Test Accuracy: 0.9529
Epoch 18/100 - Train Loss: 0.5035, Train Accuracy: 1.0000, Test Loss: 0.6255, Test Accuracy: 0.9566
Epoch 19/100 - Train Loss: 0.5023, Train Accuracy: 0.9989, Test Loss: 0.6233, Test Accuracy: 0.9504
Epoch 20/100 - Train Loss: 0.4998, Train Accuracy: 0.9995, Test Loss: 0.6226, Test Accuracy: 0.9542
Epoch 21/100 - Train Loss: 0.4965, Train Accuracy: 0.9984, Test Loss: 0.6248, Test Accuracy: 0.9554
Epoch 22/100 - Train Loss: 0.4967, Train Accuracy: 0.9989, Test Loss: 0.6243, Test Accuracy: 0.9467
Epoch 23/100 - Train Loss: 0.4955, Train Accuracy: 0.9989, Test Loss: 0.6242, Test Accuracy: 0.9554
Epoch 24/100 - Train Loss: 0.4922, Train Accuracy: 0.9995, Test Loss: 0.6251, Test Accuracy: 0.9517
Epoch 25/100 - Train Loss: 0.4899, Train Accuracy: 0.9995, Test Loss: 0.6252, Test Accuracy: 0.9529
Epoch 26/100 - Train Loss: 0.4869, Train Accuracy: 0.9995, Test Loss: 0.6247, Test Accuracy: 0.9542
Epoch 27/100 - Train Loss: 0.4887, Train Accuracy: 0.9989, Test Loss: 0.6248, Test Accuracy: 0.9542
Epoch 28/100 - Train Loss: 0.4869, Train Accuracy: 0.9989, Test Loss: 0.6221, Test Accuracy: 0.9579
Epoch 29/100 - Train Loss: 0.4856, Train Accuracy: 0.9989, Test Loss: 0.6245, Test Accuracy: 0.9566
Epoch 30/100 - Train Loss: 0.4877, Train Accuracy: 0.9995, Test Loss: 0.6219, Test Accuracy: 0.9579
Epoch 31/100 - Train Loss: 0.4868, Train Accuracy: 0.9995, Test Loss: 0.6235, Test Accuracy: 0.9566
Epoch 32/100 - Train Loss: 0.4864, Train Accuracy: 0.9995, Test Loss: 0.6201, Test Accuracy: 0.9616
Epoch 33/100 - Train Loss: 0.4838, Train Accuracy: 0.9989, Test Loss: 0.6252, Test Accuracy: 0.9517
Epoch 34/100 - Train Loss: 0.4844, Train Accuracy: 0.9995, Test Loss: 0.6277, Test Accuracy: 0.9542
Epoch 35/100 - Train Loss: 0.4833, Train Accuracy: 0.9995, Test Loss: 0.6261, Test Accuracy: 0.9529
Epoch 36/100 - Train Loss: 0.4847, Train Accuracy: 0.9995, Test Loss: 0.6226, Test Accuracy: 0.9554
Epoch 37/100 - Train Loss: 0.4846, Train Accuracy: 0.9989, Test Loss: 0.6194, Test Accuracy: 0.9566
Epoch 38/100 - Train Loss: 0.4847, Train Accuracy: 1.0000, Test Loss: 0.6200, Test Accuracy: 0.9579
Epoch 39/100 - Train Loss: 0.4822, Train Accuracy: 1.0000, Test Loss: 0.6205, Test Accuracy: 0.9591
Epoch 40/100 - Train Loss: 0.4828, Train Accuracy: 0.9989, Test Loss: 0.6196, Test Accuracy: 0.9591
Epoch 41/100 - Train Loss: 0.4836, Train Accuracy: 0.9989, Test Loss: 0.6245, Test Accuracy: 0.9504
Epoch 42/100 - Train Loss: 0.4823, Train Accuracy: 0.9995, Test Loss: 0.6197, Test Accuracy: 0.9566
Epoch 43/100 - Train Loss: 0.4829, Train Accuracy: 0.9995, Test Loss: 0.6212, Test Accuracy: 0.9566
Epoch 44/100 - Train Loss: 0.4803, Train Accuracy: 0.9995, Test Loss: 0.6210, Test Accuracy: 0.9554
Epoch 45/100 - Train Loss: 0.4790, Train Accuracy: 0.9995, Test Loss: 0.6204, Test Accuracy: 0.9591
Epoch 46/100 - Train Loss: 0.4804, Train Accuracy: 0.9989, Test Loss: 0.6192, Test Accuracy: 0.9579
Epoch 47/100 - Train Loss: 0.4807, Train Accuracy: 0.9995, Test Loss: 0.6177, Test Accuracy: 0.9591
Epoch 48/100 - Train Loss: 0.4807, Train Accuracy: 0.9989, Test Loss: 0.6160, Test Accuracy: 0.9591
Epoch 49/100 - Train Loss: 0.4792, Train Accuracy: 0.9995, Test Loss: 0.6169, Test Accuracy: 0.9603
Epoch 50/100 - Train Loss: 0.4783, Train Accuracy: 1.0000, Test Loss: 0.6180, Test Accuracy: 0.9616
Epoch 51/100 - Train Loss: 0.4794, Train Accuracy: 0.9995, Test Loss: 0.6182, Test Accuracy: 0.9591
Epoch 52/100 - Train Loss: 0.4787, Train Accuracy: 0.9995, Test Loss: 0.6174, Test Accuracy: 0.9603
Epoch 53/100 - Train Loss: 0.4792, Train Accuracy: 0.9995, Test Loss: 0.6169, Test Accuracy: 0.9603
Epoch 54/100 - Train Loss: 0.4804, Train Accuracy: 0.9989, Test Loss: 0.6171, Test Accuracy: 0.9591
Epoch 55/100 - Train Loss: 0.4803, Train Accuracy: 0.9989, Test Loss: 0.6168, Test Accuracy: 0.9591
Epoch 56/100 - Train Loss: 0.4797, Train Accuracy: 0.9995, Test Loss: 0.6149, Test Accuracy: 0.9566
Epoch 57/100 - Train Loss: 0.4786, Train Accuracy: 0.9989, Test Loss: 0.6178, Test Accuracy: 0.9628
Epoch 58/100 - Train Loss: 0.4780, Train Accuracy: 0.9995, Test Loss: 0.6165, Test Accuracy: 0.9591
Epoch 59/100 - Train Loss: 0.4771, Train Accuracy: 0.9995, Test Loss: 0.6170, Test Accuracy: 0.9554
Epoch 60/100 - Train Loss: 0.4776, Train Accuracy: 0.9989, Test Loss: 0.6154, Test Accuracy: 0.9591
Epoch 61/100 - Train Loss: 0.4763, Train Accuracy: 0.9989, Test Loss: 0.6181, Test Accuracy: 0.9579
Epoch 62/100 - Train Loss: 0.4782, Train Accuracy: 0.9989, Test Loss: 0.6150, Test Accuracy: 0.9616
Epoch 63/100 - Train Loss: 0.4775, Train Accuracy: 0.9989, Test Loss: 0.6165, Test Accuracy: 0.9579
Epoch 64/100 - Train Loss: 0.4763, Train Accuracy: 1.0000, Test Loss: 0.6158, Test Accuracy: 0.9628
Epoch 65/100 - Train Loss: 0.4773, Train Accuracy: 0.9995, Test Loss: 0.6149, Test Accuracy: 0.9566
Epoch 66/100 - Train Loss: 0.4761, Train Accuracy: 0.9995, Test Loss: 0.6175, Test Accuracy: 0.9579
Epoch 67/100 - Train Loss: 0.4765, Train Accuracy: 0.9989, Test Loss: 0.6138, Test Accuracy: 0.9591
Epoch 68/100 - Train Loss: 0.4760, Train Accuracy: 0.9989, Test Loss: 0.6139, Test Accuracy: 0.9591
Epoch 69/100 - Train Loss: 0.4755, Train Accuracy: 0.9995, Test Loss: 0.6137, Test Accuracy: 0.9579
Epoch 70/100 - Train Loss: 0.4757, Train Accuracy: 0.9995, Test Loss: 0.6126, Test Accuracy: 0.9579
Epoch 71/100 - Train Loss: 0.4753, Train Accuracy: 0.9995, Test Loss: 0.6149, Test Accuracy: 0.9554
Epoch 72/100 - Train Loss: 0.4741, Train Accuracy: 0.9995, Test Loss: 0.6153, Test Accuracy: 0.9566
Epoch 73/100 - Train Loss: 0.4749, Train Accuracy: 1.0000, Test Loss: 0.6131, Test Accuracy: 0.9566
Epoch 74/100 - Train Loss: 0.4763, Train Accuracy: 0.9995, Test Loss: 0.6133, Test Accuracy: 0.9554
Epoch 75/100 - Train Loss: 0.4754, Train Accuracy: 0.9995, Test Loss: 0.6124, Test Accuracy: 0.9603
Epoch 76/100 - Train Loss: 0.4758, Train Accuracy: 0.9995, Test Loss: 0.6117, Test Accuracy: 0.9579
Epoch 77/100 - Train Loss: 0.4749, Train Accuracy: 0.9995, Test Loss: 0.6101, Test Accuracy: 0.9591
Epoch 78/100 - Train Loss: 0.4754, Train Accuracy: 1.0000, Test Loss: 0.6075, Test Accuracy: 0.9591
Epoch 79/100 - Train Loss: 0.4770, Train Accuracy: 0.9995, Test Loss: 0.6058, Test Accuracy: 0.9616
Epoch 80/100 - Train Loss: 0.4758, Train Accuracy: 0.9989, Test Loss: 0.6100, Test Accuracy: 0.9591
Epoch 81/100 - Train Loss: 0.4747, Train Accuracy: 0.9995, Test Loss: 0.6093, Test Accuracy: 0.9616
Epoch 82/100 - Train Loss: 0.4739, Train Accuracy: 1.0000, Test Loss: 0.6122, Test Accuracy: 0.9566
Epoch 83/100 - Train Loss: 0.4754, Train Accuracy: 0.9989, Test Loss: 0.6108, Test Accuracy: 0.9591
Epoch 84/100 - Train Loss: 0.4745, Train Accuracy: 0.9989, Test Loss: 0.6086, Test Accuracy: 0.9603
Epoch 85/100 - Train Loss: 0.4744, Train Accuracy: 0.9995, Test Loss: 0.6103, Test Accuracy: 0.9579
Epoch 86/100 - Train Loss: 0.4731, Train Accuracy: 0.9989, Test Loss: 0.6118, Test Accuracy: 0.9542
Epoch 87/100 - Train Loss: 0.4745, Train Accuracy: 0.9995, Test Loss: 0.6057, Test Accuracy: 0.9579
Epoch 88/100 - Train Loss: 0.4755, Train Accuracy: 0.9989, Test Loss: 0.6087, Test Accuracy: 0.9579
Epoch 89/100 - Train Loss: 0.4751, Train Accuracy: 0.9995, Test Loss: 0.6056, Test Accuracy: 0.9579
Epoch 90/100 - Train Loss: 0.4742, Train Accuracy: 0.9989, Test Loss: 0.6084, Test Accuracy: 0.9579
Epoch 91/100 - Train Loss: 0.4735, Train Accuracy: 0.9989, Test Loss: 0.6067, Test Accuracy: 0.9591
Epoch 92/100 - Train Loss: 0.4730, Train Accuracy: 0.9989, Test Loss: 0.6078, Test Accuracy: 0.9579
Epoch 93/100 - Train Loss: 0.4736, Train Accuracy: 0.9989, Test Loss: 0.6045, Test Accuracy: 0.9616
Epoch 94/100 - Train Loss: 0.4729, Train Accuracy: 0.9995, Test Loss: 0.6089, Test Accuracy: 0.9579
Epoch 95/100 - Train Loss: 0.4741, Train Accuracy: 0.9989, Test Loss: 0.6044, Test Accuracy: 0.9591
Epoch 96/100 - Train Loss: 0.4738, Train Accuracy: 0.9989, Test Loss: 0.6078, Test Accuracy: 0.9591
Epoch 97/100 - Train Loss: 0.4732, Train Accuracy: 0.9995, Test Loss: 0.6071, Test Accuracy: 0.9616
Epoch 98/100 - Train Loss: 0.4739, Train Accuracy: 0.9989, Test Loss: 0.6050, Test Accuracy: 0.9579
Epoch 99/100 - Train Loss: 0.4731, Train Accuracy: 0.9989, Test Loss: 0.6037, Test Accuracy: 0.9579
Epoch 100/100 - Train Loss: 0.4729, Train Accuracy: 1.0000, Test Loss: 0.6040, Test Accuracy: 0.9591
Best test loss: 0.6037
Best test accuracy: 0.9628
Plot saved as trained_models/finetune_classifier_plus_4_layers/metrics/loss.png
Plot saved as trained_models/finetune_classifier_plus_4_layers/metrics/metrics.png

Completed experiment 2/11


================================================================================
EXPERIMENT 3/11
Training: Classifier + 8 layer(s)
Unfrozen layers: features.denseblock4.denselayer16, features.denseblock4.denselayer15, features.denseblock4.denselayer14, features.denseblock4.denselayer13, features.denseblock4.denselayer12, features.denseblock4.denselayer11, features.denseblock4.denselayer10, features.denseblock4.denselayer9
================================================================================

Trainable parameters: 1,220,360 / 6,962,056 (17.53%)
Epoch 1/100 - Train Loss: 1.6380, Train Accuracy: 0.5375, Test Loss: 1.2262, Test Accuracy: 0.8055
Epoch 2/100 - Train Loss: 1.0050, Train Accuracy: 0.8788, Test Loss: 0.8789, Test Accuracy: 0.9021
Epoch 3/100 - Train Loss: 0.7910, Train Accuracy: 0.9330, Test Loss: 0.7555, Test Accuracy: 0.9318
Epoch 4/100 - Train Loss: 0.6969, Train Accuracy: 0.9511, Test Loss: 0.6997, Test Accuracy: 0.9442
Epoch 5/100 - Train Loss: 0.6434, Train Accuracy: 0.9686, Test Loss: 0.6719, Test Accuracy: 0.9566
Epoch 6/100 - Train Loss: 0.6170, Train Accuracy: 0.9697, Test Loss: 0.6578, Test Accuracy: 0.9566
Epoch 7/100 - Train Loss: 0.5963, Train Accuracy: 0.9798, Test Loss: 0.6453, Test Accuracy: 0.9591
Epoch 8/100 - Train Loss: 0.5706, Train Accuracy: 0.9867, Test Loss: 0.6388, Test Accuracy: 0.9579
Epoch 9/100 - Train Loss: 0.5548, Train Accuracy: 0.9904, Test Loss: 0.6341, Test Accuracy: 0.9554
Epoch 10/100 - Train Loss: 0.5381, Train Accuracy: 0.9947, Test Loss: 0.6301, Test Accuracy: 0.9566
Epoch 11/100 - Train Loss: 0.5285, Train Accuracy: 0.9973, Test Loss: 0.6260, Test Accuracy: 0.9566
Epoch 12/100 - Train Loss: 0.5183, Train Accuracy: 0.9968, Test Loss: 0.6242, Test Accuracy: 0.9591
Epoch 13/100 - Train Loss: 0.5145, Train Accuracy: 0.9984, Test Loss: 0.6210, Test Accuracy: 0.9591
Epoch 14/100 - Train Loss: 0.5082, Train Accuracy: 0.9995, Test Loss: 0.6210, Test Accuracy: 0.9591
Epoch 15/100 - Train Loss: 0.4997, Train Accuracy: 0.9989, Test Loss: 0.6235, Test Accuracy: 0.9554
Epoch 16/100 - Train Loss: 0.4985, Train Accuracy: 1.0000, Test Loss: 0.6209, Test Accuracy: 0.9542
Epoch 17/100 - Train Loss: 0.4934, Train Accuracy: 0.9995, Test Loss: 0.6197, Test Accuracy: 0.9529
Epoch 18/100 - Train Loss: 0.4948, Train Accuracy: 0.9995, Test Loss: 0.6209, Test Accuracy: 0.9554
Epoch 19/100 - Train Loss: 0.4906, Train Accuracy: 0.9989, Test Loss: 0.6202, Test Accuracy: 0.9529
Epoch 20/100 - Train Loss: 0.4921, Train Accuracy: 0.9995, Test Loss: 0.6250, Test Accuracy: 0.9542
Epoch 21/100 - Train Loss: 0.4874, Train Accuracy: 0.9995, Test Loss: 0.6197, Test Accuracy: 0.9542
Epoch 22/100 - Train Loss: 0.4860, Train Accuracy: 0.9995, Test Loss: 0.6183, Test Accuracy: 0.9579
Epoch 23/100 - Train Loss: 0.4860, Train Accuracy: 0.9995, Test Loss: 0.6195, Test Accuracy: 0.9554
Epoch 24/100 - Train Loss: 0.4853, Train Accuracy: 1.0000, Test Loss: 0.6173, Test Accuracy: 0.9517
Epoch 25/100 - Train Loss: 0.4848, Train Accuracy: 0.9989, Test Loss: 0.6204, Test Accuracy: 0.9542
Epoch 26/100 - Train Loss: 0.4835, Train Accuracy: 0.9989, Test Loss: 0.6226, Test Accuracy: 0.9554
Epoch 27/100 - Train Loss: 0.4839, Train Accuracy: 0.9995, Test Loss: 0.6183, Test Accuracy: 0.9554
Epoch 28/100 - Train Loss: 0.4832, Train Accuracy: 0.9995, Test Loss: 0.6196, Test Accuracy: 0.9529
Epoch 29/100 - Train Loss: 0.4830, Train Accuracy: 0.9989, Test Loss: 0.6199, Test Accuracy: 0.9504
Epoch 30/100 - Train Loss: 0.4835, Train Accuracy: 0.9989, Test Loss: 0.6174, Test Accuracy: 0.9517
Epoch 31/100 - Train Loss: 0.4811, Train Accuracy: 0.9995, Test Loss: 0.6211, Test Accuracy: 0.9542
Epoch 32/100 - Train Loss: 0.4817, Train Accuracy: 0.9989, Test Loss: 0.6218, Test Accuracy: 0.9517
Epoch 33/100 - Train Loss: 0.4810, Train Accuracy: 0.9995, Test Loss: 0.6185, Test Accuracy: 0.9517
Epoch 34/100 - Train Loss: 0.4800, Train Accuracy: 0.9995, Test Loss: 0.6185, Test Accuracy: 0.9579
Epoch 35/100 - Train Loss: 0.4806, Train Accuracy: 0.9995, Test Loss: 0.6145, Test Accuracy: 0.9529
Epoch 36/100 - Train Loss: 0.4801, Train Accuracy: 1.0000, Test Loss: 0.6185, Test Accuracy: 0.9554
Epoch 37/100 - Train Loss: 0.4800, Train Accuracy: 0.9989, Test Loss: 0.6168, Test Accuracy: 0.9529
Epoch 38/100 - Train Loss: 0.4784, Train Accuracy: 0.9989, Test Loss: 0.6171, Test Accuracy: 0.9529
Epoch 39/100 - Train Loss: 0.4793, Train Accuracy: 0.9995, Test Loss: 0.6170, Test Accuracy: 0.9566
Epoch 40/100 - Train Loss: 0.4799, Train Accuracy: 0.9989, Test Loss: 0.6168, Test Accuracy: 0.9554
Epoch 41/100 - Train Loss: 0.4780, Train Accuracy: 0.9995, Test Loss: 0.6174, Test Accuracy: 0.9542
Epoch 42/100 - Train Loss: 0.4786, Train Accuracy: 0.9995, Test Loss: 0.6168, Test Accuracy: 0.9542
Epoch 43/100 - Train Loss: 0.4788, Train Accuracy: 0.9989, Test Loss: 0.6175, Test Accuracy: 0.9554
Epoch 44/100 - Train Loss: 0.4786, Train Accuracy: 0.9995, Test Loss: 0.6171, Test Accuracy: 0.9529
Epoch 45/100 - Train Loss: 0.4781, Train Accuracy: 0.9995, Test Loss: 0.6164, Test Accuracy: 0.9529
Epoch 46/100 - Train Loss: 0.4785, Train Accuracy: 0.9995, Test Loss: 0.6160, Test Accuracy: 0.9554
Epoch 47/100 - Train Loss: 0.4783, Train Accuracy: 0.9989, Test Loss: 0.6121, Test Accuracy: 0.9529
Epoch 48/100 - Train Loss: 0.4789, Train Accuracy: 0.9995, Test Loss: 0.6137, Test Accuracy: 0.9529
Epoch 49/100 - Train Loss: 0.4781, Train Accuracy: 0.9989, Test Loss: 0.6119, Test Accuracy: 0.9554
Epoch 50/100 - Train Loss: 0.4774, Train Accuracy: 0.9995, Test Loss: 0.6155, Test Accuracy: 0.9566
Epoch 51/100 - Train Loss: 0.4757, Train Accuracy: 0.9995, Test Loss: 0.6137, Test Accuracy: 0.9591
Epoch 52/100 - Train Loss: 0.4762, Train Accuracy: 0.9995, Test Loss: 0.6118, Test Accuracy: 0.9529
Epoch 53/100 - Train Loss: 0.4756, Train Accuracy: 0.9989, Test Loss: 0.6140, Test Accuracy: 0.9579
Epoch 54/100 - Train Loss: 0.4751, Train Accuracy: 0.9995, Test Loss: 0.6133, Test Accuracy: 0.9554
Epoch 55/100 - Train Loss: 0.4762, Train Accuracy: 0.9989, Test Loss: 0.6115, Test Accuracy: 0.9566
Epoch 56/100 - Train Loss: 0.4756, Train Accuracy: 0.9989, Test Loss: 0.6128, Test Accuracy: 0.9554
Epoch 57/100 - Train Loss: 0.4758, Train Accuracy: 0.9995, Test Loss: 0.6117, Test Accuracy: 0.9579
Epoch 58/100 - Train Loss: 0.4776, Train Accuracy: 0.9989, Test Loss: 0.6117, Test Accuracy: 0.9591
Epoch 59/100 - Train Loss: 0.4780, Train Accuracy: 0.9995, Test Loss: 0.6117, Test Accuracy: 0.9579
Epoch 60/100 - Train Loss: 0.4761, Train Accuracy: 0.9989, Test Loss: 0.6112, Test Accuracy: 0.9554
Epoch 61/100 - Train Loss: 0.4750, Train Accuracy: 0.9989, Test Loss: 0.6091, Test Accuracy: 0.9554
Epoch 62/100 - Train Loss: 0.4748, Train Accuracy: 0.9995, Test Loss: 0.6124, Test Accuracy: 0.9529
Epoch 63/100 - Train Loss: 0.4769, Train Accuracy: 0.9989, Test Loss: 0.6088, Test Accuracy: 0.9566
Epoch 64/100 - Train Loss: 0.4751, Train Accuracy: 0.9995, Test Loss: 0.6125, Test Accuracy: 0.9554
Epoch 65/100 - Train Loss: 0.4762, Train Accuracy: 0.9995, Test Loss: 0.6105, Test Accuracy: 0.9542
Epoch 66/100 - Train Loss: 0.4736, Train Accuracy: 0.9989, Test Loss: 0.6108, Test Accuracy: 0.9579
Epoch 67/100 - Train Loss: 0.4744, Train Accuracy: 0.9995, Test Loss: 0.6068, Test Accuracy: 0.9542
Epoch 68/100 - Train Loss: 0.4740, Train Accuracy: 0.9989, Test Loss: 0.6104, Test Accuracy: 0.9554
Epoch 69/100 - Train Loss: 0.4729, Train Accuracy: 0.9995, Test Loss: 0.6098, Test Accuracy: 0.9579
Epoch 70/100 - Train Loss: 0.4738, Train Accuracy: 0.9995, Test Loss: 0.6071, Test Accuracy: 0.9579
Epoch 71/100 - Train Loss: 0.4733, Train Accuracy: 0.9989, Test Loss: 0.6077, Test Accuracy: 0.9603
Epoch 72/100 - Train Loss: 0.4732, Train Accuracy: 0.9995, Test Loss: 0.6067, Test Accuracy: 0.9591
Epoch 73/100 - Train Loss: 0.4733, Train Accuracy: 0.9995, Test Loss: 0.6086, Test Accuracy: 0.9591
Epoch 74/100 - Train Loss: 0.4735, Train Accuracy: 0.9995, Test Loss: 0.6063, Test Accuracy: 0.9591
Epoch 75/100 - Train Loss: 0.4752, Train Accuracy: 0.9989, Test Loss: 0.6049, Test Accuracy: 0.9591
Epoch 76/100 - Train Loss: 0.4730, Train Accuracy: 0.9995, Test Loss: 0.6092, Test Accuracy: 0.9542
Epoch 77/100 - Train Loss: 0.4727, Train Accuracy: 0.9995, Test Loss: 0.6049, Test Accuracy: 0.9554
Epoch 78/100 - Train Loss: 0.4734, Train Accuracy: 0.9989, Test Loss: 0.6081, Test Accuracy: 0.9542
Epoch 79/100 - Train Loss: 0.4736, Train Accuracy: 0.9989, Test Loss: 0.6087, Test Accuracy: 0.9579
Epoch 80/100 - Train Loss: 0.4728, Train Accuracy: 0.9989, Test Loss: 0.6076, Test Accuracy: 0.9554
Epoch 81/100 - Train Loss: 0.4728, Train Accuracy: 0.9995, Test Loss: 0.6066, Test Accuracy: 0.9579
Epoch 82/100 - Train Loss: 0.4724, Train Accuracy: 0.9995, Test Loss: 0.6078, Test Accuracy: 0.9554
Epoch 83/100 - Train Loss: 0.4734, Train Accuracy: 0.9995, Test Loss: 0.6068, Test Accuracy: 0.9566
Epoch 84/100 - Train Loss: 0.4731, Train Accuracy: 0.9995, Test Loss: 0.6036, Test Accuracy: 0.9566
Epoch 85/100 - Train Loss: 0.4723, Train Accuracy: 1.0000, Test Loss: 0.6099, Test Accuracy: 0.9554
Epoch 86/100 - Train Loss: 0.4733, Train Accuracy: 0.9989, Test Loss: 0.6050, Test Accuracy: 0.9566
Epoch 87/100 - Train Loss: 0.4723, Train Accuracy: 0.9995, Test Loss: 0.6042, Test Accuracy: 0.9579
Epoch 88/100 - Train Loss: 0.4728, Train Accuracy: 0.9989, Test Loss: 0.6045, Test Accuracy: 0.9579
Epoch 89/100 - Train Loss: 0.4726, Train Accuracy: 0.9989, Test Loss: 0.6029, Test Accuracy: 0.9554
Epoch 90/100 - Train Loss: 0.4727, Train Accuracy: 0.9995, Test Loss: 0.6057, Test Accuracy: 0.9554
Epoch 91/100 - Train Loss: 0.4727, Train Accuracy: 0.9995, Test Loss: 0.6033, Test Accuracy: 0.9554
Epoch 92/100 - Train Loss: 0.4720, Train Accuracy: 0.9989, Test Loss: 0.6043, Test Accuracy: 0.9554
Epoch 93/100 - Train Loss: 0.4720, Train Accuracy: 0.9995, Test Loss: 0.6046, Test Accuracy: 0.9554
Epoch 94/100 - Train Loss: 0.4727, Train Accuracy: 0.9989, Test Loss: 0.6023, Test Accuracy: 0.9566
Epoch 95/100 - Train Loss: 0.4719, Train Accuracy: 1.0000, Test Loss: 0.6029, Test Accuracy: 0.9579
Epoch 96/100 - Train Loss: 0.4719, Train Accuracy: 0.9995, Test Loss: 0.6026, Test Accuracy: 0.9579
Epoch 97/100 - Train Loss: 0.4731, Train Accuracy: 0.9989, Test Loss: 0.6020, Test Accuracy: 0.9566
Epoch 98/100 - Train Loss: 0.4718, Train Accuracy: 0.9995, Test Loss: 0.6073, Test Accuracy: 0.9591
Epoch 99/100 - Train Loss: 0.4730, Train Accuracy: 0.9995, Test Loss: 0.6038, Test Accuracy: 0.9566
Epoch 100/100 - Train Loss: 0.4717, Train Accuracy: 0.9995, Test Loss: 0.5999, Test Accuracy: 0.9616
Best test loss: 0.5999
Best test accuracy: 0.9616
Plot saved as trained_models/finetune_classifier_plus_8_layers/metrics/loss.png
Plot saved as trained_models/finetune_classifier_plus_8_layers/metrics/metrics.png

Completed experiment 3/11


================================================================================
EXPERIMENT 4/11
Training: Classifier + 12 layer(s)
Unfrozen layers: features.denseblock4.denselayer16, features.denseblock4.denselayer15, features.denseblock4.denselayer14, features.denseblock4.denselayer13, features.denseblock4.denselayer12, features.denseblock4.denselayer11, features.denseblock4.denselayer10, features.denseblock4.denselayer9, features.denseblock4.denselayer8, features.denseblock4.denselayer7, features.denseblock4.denselayer6, features.denseblock4.denselayer5
================================================================================

Trainable parameters: 1,726,600 / 6,962,056 (24.80%)
Epoch 1/100 - Train Loss: 1.5377, Train Accuracy: 0.5816, Test Loss: 1.0640, Test Accuracy: 0.8910
Epoch 2/100 - Train Loss: 0.8391, Train Accuracy: 0.9187, Test Loss: 0.7457, Test Accuracy: 0.9393
Epoch 3/100 - Train Loss: 0.6938, Train Accuracy: 0.9458, Test Loss: 0.6719, Test Accuracy: 0.9480
Epoch 4/100 - Train Loss: 0.6222, Train Accuracy: 0.9644, Test Loss: 0.6461, Test Accuracy: 0.9542
Epoch 5/100 - Train Loss: 0.5927, Train Accuracy: 0.9750, Test Loss: 0.6308, Test Accuracy: 0.9603
Epoch 6/100 - Train Loss: 0.5666, Train Accuracy: 0.9883, Test Loss: 0.6203, Test Accuracy: 0.9603
Epoch 7/100 - Train Loss: 0.5491, Train Accuracy: 0.9894, Test Loss: 0.6134, Test Accuracy: 0.9628
Epoch 8/100 - Train Loss: 0.5319, Train Accuracy: 0.9952, Test Loss: 0.6091, Test Accuracy: 0.9603
Epoch 9/100 - Train Loss: 0.5202, Train Accuracy: 0.9984, Test Loss: 0.6073, Test Accuracy: 0.9678
Epoch 10/100 - Train Loss: 0.5075, Train Accuracy: 1.0000, Test Loss: 0.6075, Test Accuracy: 0.9641
Epoch 11/100 - Train Loss: 0.5042, Train Accuracy: 0.9989, Test Loss: 0.6007, Test Accuracy: 0.9665
Epoch 12/100 - Train Loss: 0.5035, Train Accuracy: 0.9979, Test Loss: 0.6037, Test Accuracy: 0.9641
Epoch 13/100 - Train Loss: 0.4971, Train Accuracy: 0.9989, Test Loss: 0.5995, Test Accuracy: 0.9690
Epoch 14/100 - Train Loss: 0.4920, Train Accuracy: 0.9989, Test Loss: 0.6033, Test Accuracy: 0.9628
Epoch 15/100 - Train Loss: 0.4892, Train Accuracy: 0.9989, Test Loss: 0.6049, Test Accuracy: 0.9641
Epoch 16/100 - Train Loss: 0.4898, Train Accuracy: 0.9989, Test Loss: 0.6023, Test Accuracy: 0.9690
Epoch 17/100 - Train Loss: 0.4867, Train Accuracy: 0.9995, Test Loss: 0.6027, Test Accuracy: 0.9678
Epoch 18/100 - Train Loss: 0.4848, Train Accuracy: 0.9995, Test Loss: 0.6015, Test Accuracy: 0.9678
Epoch 19/100 - Train Loss: 0.4846, Train Accuracy: 0.9995, Test Loss: 0.6054, Test Accuracy: 0.9653
Epoch 20/100 - Train Loss: 0.4828, Train Accuracy: 0.9995, Test Loss: 0.6035, Test Accuracy: 0.9653
Epoch 21/100 - Train Loss: 0.4829, Train Accuracy: 0.9995, Test Loss: 0.6033, Test Accuracy: 0.9641
Epoch 22/100 - Train Loss: 0.4840, Train Accuracy: 0.9995, Test Loss: 0.6023, Test Accuracy: 0.9616
Epoch 23/100 - Train Loss: 0.4829, Train Accuracy: 0.9995, Test Loss: 0.6037, Test Accuracy: 0.9690
Epoch 24/100 - Train Loss: 0.4816, Train Accuracy: 0.9995, Test Loss: 0.6035, Test Accuracy: 0.9653
Epoch 25/100 - Train Loss: 0.4825, Train Accuracy: 0.9989, Test Loss: 0.6029, Test Accuracy: 0.9616
Epoch 26/100 - Train Loss: 0.4824, Train Accuracy: 0.9989, Test Loss: 0.6034, Test Accuracy: 0.9665
Epoch 27/100 - Train Loss: 0.4820, Train Accuracy: 0.9989, Test Loss: 0.6047, Test Accuracy: 0.9641
Epoch 28/100 - Train Loss: 0.4801, Train Accuracy: 0.9995, Test Loss: 0.6030, Test Accuracy: 0.9653

Early stopping triggered at epoch 28
Best test loss: 0.5995
Best test accuracy: 0.9690
Plot saved as trained_models/finetune_classifier_plus_12_layers/metrics/loss.png
Plot saved as trained_models/finetune_classifier_plus_12_layers/metrics/metrics.png

Completed experiment 4/11


================================================================================
EXPERIMENT 5/11
Training: Classifier + 16 layer(s)
Unfrozen layers: features.denseblock4.denselayer16, features.denseblock4.denselayer15, features.denseblock4.denselayer14, features.denseblock4.denselayer13, features.denseblock4.denselayer12, features.denseblock4.denselayer11, features.denseblock4.denselayer10, features.denseblock4.denselayer9, features.denseblock4.denselayer8, features.denseblock4.denselayer7, features.denseblock4.denselayer6, features.denseblock4.denselayer5, features.denseblock4.denselayer4, features.denseblock4.denselayer3, features.denseblock4.denselayer2, features.denseblock4.denselayer1
================================================================================

Trainable parameters: 2,166,280 / 6,962,056 (31.12%)
Epoch 1/100 - Train Loss: 1.3871, Train Accuracy: 0.6789, Test Loss: 0.9223, Test Accuracy: 0.9095
Epoch 2/100 - Train Loss: 0.7424, Train Accuracy: 0.9309, Test Loss: 0.6774, Test Accuracy: 0.9542
Epoch 3/100 - Train Loss: 0.6267, Train Accuracy: 0.9607, Test Loss: 0.6314, Test Accuracy: 0.9542
Epoch 4/100 - Train Loss: 0.5882, Train Accuracy: 0.9740, Test Loss: 0.6145, Test Accuracy: 0.9591
Epoch 5/100 - Train Loss: 0.5555, Train Accuracy: 0.9846, Test Loss: 0.6062, Test Accuracy: 0.9628
Epoch 6/100 - Train Loss: 0.5295, Train Accuracy: 0.9952, Test Loss: 0.6008, Test Accuracy: 0.9591
Epoch 7/100 - Train Loss: 0.5211, Train Accuracy: 0.9957, Test Loss: 0.5989, Test Accuracy: 0.9616
Epoch 8/100 - Train Loss: 0.5068, Train Accuracy: 0.9968, Test Loss: 0.5958, Test Accuracy: 0.9628
Epoch 9/100 - Train Loss: 0.5016, Train Accuracy: 0.9973, Test Loss: 0.5961, Test Accuracy: 0.9591
Epoch 10/100 - Train Loss: 0.4949, Train Accuracy: 0.9995, Test Loss: 0.5966, Test Accuracy: 0.9579
Epoch 11/100 - Train Loss: 0.4916, Train Accuracy: 0.9989, Test Loss: 0.5937, Test Accuracy: 0.9591
Epoch 12/100 - Train Loss: 0.4891, Train Accuracy: 1.0000, Test Loss: 0.5997, Test Accuracy: 0.9579
Epoch 13/100 - Train Loss: 0.4867, Train Accuracy: 0.9989, Test Loss: 0.5980, Test Accuracy: 0.9628
Epoch 14/100 - Train Loss: 0.4873, Train Accuracy: 0.9989, Test Loss: 0.5964, Test Accuracy: 0.9603
Epoch 15/100 - Train Loss: 0.4864, Train Accuracy: 0.9989, Test Loss: 0.5975, Test Accuracy: 0.9566
Epoch 16/100 - Train Loss: 0.4845, Train Accuracy: 0.9995, Test Loss: 0.5947, Test Accuracy: 0.9616
Epoch 17/100 - Train Loss: 0.4857, Train Accuracy: 0.9995, Test Loss: 0.5917, Test Accuracy: 0.9628
Epoch 18/100 - Train Loss: 0.4838, Train Accuracy: 0.9995, Test Loss: 0.5942, Test Accuracy: 0.9628
Epoch 19/100 - Train Loss: 0.4841, Train Accuracy: 0.9995, Test Loss: 0.5970, Test Accuracy: 0.9579
Epoch 20/100 - Train Loss: 0.4827, Train Accuracy: 0.9989, Test Loss: 0.5918, Test Accuracy: 0.9628
Epoch 21/100 - Train Loss: 0.4815, Train Accuracy: 0.9995, Test Loss: 0.5944, Test Accuracy: 0.9591
Epoch 22/100 - Train Loss: 0.4807, Train Accuracy: 0.9995, Test Loss: 0.6010, Test Accuracy: 0.9591
Epoch 23/100 - Train Loss: 0.4810, Train Accuracy: 0.9995, Test Loss: 0.5961, Test Accuracy: 0.9603
Epoch 24/100 - Train Loss: 0.4813, Train Accuracy: 0.9995, Test Loss: 0.5946, Test Accuracy: 0.9641
Epoch 25/100 - Train Loss: 0.4781, Train Accuracy: 1.0000, Test Loss: 0.5938, Test Accuracy: 0.9603
Epoch 26/100 - Train Loss: 0.4781, Train Accuracy: 0.9989, Test Loss: 0.5945, Test Accuracy: 0.9616
Epoch 27/100 - Train Loss: 0.4790, Train Accuracy: 0.9989, Test Loss: 0.5940, Test Accuracy: 0.9628
Epoch 28/100 - Train Loss: 0.4789, Train Accuracy: 0.9989, Test Loss: 0.5917, Test Accuracy: 0.9665
Epoch 29/100 - Train Loss: 0.4779, Train Accuracy: 0.9989, Test Loss: 0.5933, Test Accuracy: 0.9641
Epoch 30/100 - Train Loss: 0.4776, Train Accuracy: 0.9995, Test Loss: 0.5933, Test Accuracy: 0.9616
Epoch 31/100 - Train Loss: 0.4768, Train Accuracy: 0.9989, Test Loss: 0.5927, Test Accuracy: 0.9628
Epoch 32/100 - Train Loss: 0.4771, Train Accuracy: 0.9995, Test Loss: 0.5944, Test Accuracy: 0.9641

Early stopping triggered at epoch 32
Best test loss: 0.5917
Best test accuracy: 0.9665
Plot saved as trained_models/finetune_classifier_plus_16_layers/metrics/loss.png
Plot saved as trained_models/finetune_classifier_plus_16_layers/metrics/metrics.png

Completed experiment 5/11


================================================================================
EXPERIMENT 6/11
Training: Classifier + 20 layer(s)
Unfrozen layers: features.denseblock4.denselayer16, features.denseblock4.denselayer15, features.denseblock4.denselayer14, features.denseblock4.denselayer13, features.denseblock4.denselayer12, features.denseblock4.denselayer11, features.denseblock4.denselayer10, features.denseblock4.denselayer9, features.denseblock4.denselayer8, features.denseblock4.denselayer7, features.denseblock4.denselayer6, features.denseblock4.denselayer5, features.denseblock4.denselayer4, features.denseblock4.denselayer3, features.denseblock4.denselayer2, features.denseblock4.denselayer1, features.transition3, features.denseblock3.denselayer24, features.denseblock3.denselayer23, features.denseblock3.denselayer22, features.denseblock3.denselayer21
================================================================================

Trainable parameters: 3,331,976 / 6,962,056 (47.86%)
Epoch 1/100 - Train Loss: 1.2165, Train Accuracy: 0.7480, Test Loss: 0.7806, Test Accuracy: 0.9294
Epoch 2/100 - Train Loss: 0.6505, Train Accuracy: 0.9543, Test Loss: 0.6308, Test Accuracy: 0.9591
Epoch 3/100 - Train Loss: 0.5743, Train Accuracy: 0.9777, Test Loss: 0.6114, Test Accuracy: 0.9529
Epoch 4/100 - Train Loss: 0.5379, Train Accuracy: 0.9888, Test Loss: 0.5979, Test Accuracy: 0.9554
Epoch 5/100 - Train Loss: 0.5146, Train Accuracy: 0.9963, Test Loss: 0.5938, Test Accuracy: 0.9579
Epoch 6/100 - Train Loss: 0.4996, Train Accuracy: 0.9989, Test Loss: 0.5874, Test Accuracy: 0.9603
Epoch 7/100 - Train Loss: 0.4939, Train Accuracy: 0.9995, Test Loss: 0.5865, Test Accuracy: 0.9616
Epoch 8/100 - Train Loss: 0.4915, Train Accuracy: 0.9995, Test Loss: 0.5870, Test Accuracy: 0.9554
Epoch 9/100 - Train Loss: 0.4892, Train Accuracy: 0.9989, Test Loss: 0.5875, Test Accuracy: 0.9566
Epoch 10/100 - Train Loss: 0.4862, Train Accuracy: 0.9995, Test Loss: 0.5861, Test Accuracy: 0.9591
Epoch 11/100 - Train Loss: 0.4839, Train Accuracy: 0.9995, Test Loss: 0.5857, Test Accuracy: 0.9628
Epoch 12/100 - Train Loss: 0.4848, Train Accuracy: 0.9995, Test Loss: 0.5839, Test Accuracy: 0.9628
Epoch 13/100 - Train Loss: 0.4818, Train Accuracy: 0.9995, Test Loss: 0.5881, Test Accuracy: 0.9603
Epoch 14/100 - Train Loss: 0.4819, Train Accuracy: 0.9995, Test Loss: 0.5846, Test Accuracy: 0.9591
Epoch 15/100 - Train Loss: 0.4797, Train Accuracy: 0.9989, Test Loss: 0.5867, Test Accuracy: 0.9628
Epoch 16/100 - Train Loss: 0.4812, Train Accuracy: 0.9989, Test Loss: 0.5898, Test Accuracy: 0.9603
Epoch 17/100 - Train Loss: 0.4802, Train Accuracy: 0.9995, Test Loss: 0.5867, Test Accuracy: 0.9628
Epoch 18/100 - Train Loss: 0.4801, Train Accuracy: 0.9989, Test Loss: 0.5869, Test Accuracy: 0.9665
Epoch 19/100 - Train Loss: 0.4796, Train Accuracy: 0.9995, Test Loss: 0.5853, Test Accuracy: 0.9653
Epoch 20/100 - Train Loss: 0.4788, Train Accuracy: 0.9995, Test Loss: 0.5902, Test Accuracy: 0.9603
Epoch 21/100 - Train Loss: 0.4799, Train Accuracy: 0.9989, Test Loss: 0.5858, Test Accuracy: 0.9591
Epoch 22/100 - Train Loss: 0.4785, Train Accuracy: 0.9995, Test Loss: 0.5872, Test Accuracy: 0.9616
Epoch 23/100 - Train Loss: 0.4765, Train Accuracy: 0.9995, Test Loss: 0.5847, Test Accuracy: 0.9628
Epoch 24/100 - Train Loss: 0.4779, Train Accuracy: 0.9989, Test Loss: 0.5834, Test Accuracy: 0.9653
Epoch 25/100 - Train Loss: 0.4764, Train Accuracy: 0.9989, Test Loss: 0.5868, Test Accuracy: 0.9628
Epoch 26/100 - Train Loss: 0.4759, Train Accuracy: 0.9989, Test Loss: 0.5892, Test Accuracy: 0.9628
Epoch 27/100 - Train Loss: 0.4762, Train Accuracy: 0.9995, Test Loss: 0.5813, Test Accuracy: 0.9653
Epoch 28/100 - Train Loss: 0.4758, Train Accuracy: 0.9989, Test Loss: 0.5833, Test Accuracy: 0.9678
Epoch 29/100 - Train Loss: 0.4756, Train Accuracy: 0.9995, Test Loss: 0.5833, Test Accuracy: 0.9653
Epoch 30/100 - Train Loss: 0.4761, Train Accuracy: 0.9989, Test Loss: 0.5831, Test Accuracy: 0.9641
Epoch 31/100 - Train Loss: 0.4749, Train Accuracy: 0.9995, Test Loss: 0.5884, Test Accuracy: 0.9616
Epoch 32/100 - Train Loss: 0.4749, Train Accuracy: 0.9995, Test Loss: 0.5839, Test Accuracy: 0.9665
Epoch 33/100 - Train Loss: 0.4749, Train Accuracy: 0.9995, Test Loss: 0.5821, Test Accuracy: 0.9628
Epoch 34/100 - Train Loss: 0.4744, Train Accuracy: 0.9989, Test Loss: 0.5814, Test Accuracy: 0.9665
Epoch 35/100 - Train Loss: 0.4738, Train Accuracy: 0.9995, Test Loss: 0.5809, Test Accuracy: 0.9653
Epoch 36/100 - Train Loss: 0.4738, Train Accuracy: 0.9995, Test Loss: 0.5792, Test Accuracy: 0.9628
Epoch 37/100 - Train Loss: 0.4736, Train Accuracy: 0.9989, Test Loss: 0.5834, Test Accuracy: 0.9653
Epoch 38/100 - Train Loss: 0.4739, Train Accuracy: 0.9995, Test Loss: 0.5822, Test Accuracy: 0.9616
Epoch 39/100 - Train Loss: 0.4735, Train Accuracy: 0.9995, Test Loss: 0.5791, Test Accuracy: 0.9653
Epoch 40/100 - Train Loss: 0.4731, Train Accuracy: 0.9989, Test Loss: 0.5756, Test Accuracy: 0.9641
Epoch 41/100 - Train Loss: 0.4737, Train Accuracy: 0.9995, Test Loss: 0.5782, Test Accuracy: 0.9665
Epoch 42/100 - Train Loss: 0.4735, Train Accuracy: 0.9989, Test Loss: 0.5790, Test Accuracy: 0.9653
Epoch 43/100 - Train Loss: 0.4734, Train Accuracy: 0.9995, Test Loss: 0.5783, Test Accuracy: 0.9715
Epoch 44/100 - Train Loss: 0.4725, Train Accuracy: 0.9989, Test Loss: 0.5772, Test Accuracy: 0.9616
Epoch 45/100 - Train Loss: 0.4733, Train Accuracy: 0.9989, Test Loss: 0.5814, Test Accuracy: 0.9678
Epoch 46/100 - Train Loss: 0.4730, Train Accuracy: 0.9989, Test Loss: 0.5751, Test Accuracy: 0.9616
Epoch 47/100 - Train Loss: 0.4734, Train Accuracy: 0.9989, Test Loss: 0.5774, Test Accuracy: 0.9653
Epoch 48/100 - Train Loss: 0.4728, Train Accuracy: 0.9989, Test Loss: 0.5750, Test Accuracy: 0.9653
Epoch 49/100 - Train Loss: 0.4731, Train Accuracy: 0.9995, Test Loss: 0.5770, Test Accuracy: 0.9678
Epoch 50/100 - Train Loss: 0.4728, Train Accuracy: 0.9989, Test Loss: 0.5789, Test Accuracy: 0.9665
Epoch 51/100 - Train Loss: 0.4717, Train Accuracy: 0.9995, Test Loss: 0.5755, Test Accuracy: 0.9641
Epoch 52/100 - Train Loss: 0.4723, Train Accuracy: 0.9989, Test Loss: 0.5740, Test Accuracy: 0.9653
Epoch 53/100 - Train Loss: 0.4719, Train Accuracy: 0.9995, Test Loss: 0.5728, Test Accuracy: 0.9665
Epoch 54/100 - Train Loss: 0.4729, Train Accuracy: 0.9995, Test Loss: 0.5740, Test Accuracy: 0.9678
Epoch 55/100 - Train Loss: 0.4721, Train Accuracy: 0.9995, Test Loss: 0.5744, Test Accuracy: 0.9653
Epoch 56/100 - Train Loss: 0.4728, Train Accuracy: 0.9995, Test Loss: 0.5756, Test Accuracy: 0.9690
Epoch 57/100 - Train Loss: 0.4718, Train Accuracy: 0.9995, Test Loss: 0.5740, Test Accuracy: 0.9727
Epoch 58/100 - Train Loss: 0.4726, Train Accuracy: 0.9995, Test Loss: 0.5725, Test Accuracy: 0.9678
Epoch 59/100 - Train Loss: 0.4726, Train Accuracy: 0.9989, Test Loss: 0.5741, Test Accuracy: 0.9653
Epoch 60/100 - Train Loss: 0.4720, Train Accuracy: 0.9989, Test Loss: 0.5749, Test Accuracy: 0.9678
Epoch 61/100 - Train Loss: 0.4726, Train Accuracy: 0.9989, Test Loss: 0.5751, Test Accuracy: 0.9641
Epoch 62/100 - Train Loss: 0.4715, Train Accuracy: 0.9989, Test Loss: 0.5747, Test Accuracy: 0.9653
Epoch 63/100 - Train Loss: 0.4714, Train Accuracy: 0.9989, Test Loss: 0.5710, Test Accuracy: 0.9678
Epoch 64/100 - Train Loss: 0.4721, Train Accuracy: 0.9989, Test Loss: 0.5725, Test Accuracy: 0.9678
Epoch 65/100 - Train Loss: 0.4722, Train Accuracy: 0.9989, Test Loss: 0.5738, Test Accuracy: 0.9678
Epoch 66/100 - Train Loss: 0.4734, Train Accuracy: 0.9984, Test Loss: 0.5767, Test Accuracy: 0.9665
Epoch 67/100 - Train Loss: 0.4725, Train Accuracy: 0.9989, Test Loss: 0.5753, Test Accuracy: 0.9653
Epoch 68/100 - Train Loss: 0.4716, Train Accuracy: 0.9995, Test Loss: 0.5732, Test Accuracy: 0.9678
Epoch 69/100 - Train Loss: 0.4716, Train Accuracy: 0.9995, Test Loss: 0.5719, Test Accuracy: 0.9665
Epoch 70/100 - Train Loss: 0.4710, Train Accuracy: 0.9989, Test Loss: 0.5708, Test Accuracy: 0.9678
Epoch 71/100 - Train Loss: 0.4711, Train Accuracy: 0.9995, Test Loss: 0.5721, Test Accuracy: 0.9665
Epoch 72/100 - Train Loss: 0.4710, Train Accuracy: 0.9989, Test Loss: 0.5712, Test Accuracy: 0.9678
Epoch 73/100 - Train Loss: 0.4714, Train Accuracy: 0.9995, Test Loss: 0.5688, Test Accuracy: 0.9690
Epoch 74/100 - Train Loss: 0.4714, Train Accuracy: 0.9989, Test Loss: 0.5712, Test Accuracy: 0.9690
Epoch 75/100 - Train Loss: 0.4718, Train Accuracy: 0.9995, Test Loss: 0.5716, Test Accuracy: 0.9690
Epoch 76/100 - Train Loss: 0.4719, Train Accuracy: 0.9995, Test Loss: 0.5727, Test Accuracy: 0.9653
Epoch 77/100 - Train Loss: 0.4713, Train Accuracy: 0.9995, Test Loss: 0.5704, Test Accuracy: 0.9703
Epoch 78/100 - Train Loss: 0.4707, Train Accuracy: 0.9995, Test Loss: 0.5689, Test Accuracy: 0.9653
Epoch 79/100 - Train Loss: 0.4707, Train Accuracy: 0.9995, Test Loss: 0.5691, Test Accuracy: 0.9641
Epoch 80/100 - Train Loss: 0.4708, Train Accuracy: 0.9989, Test Loss: 0.5721, Test Accuracy: 0.9665
Epoch 81/100 - Train Loss: 0.4708, Train Accuracy: 0.9995, Test Loss: 0.5706, Test Accuracy: 0.9690
Epoch 82/100 - Train Loss: 0.4710, Train Accuracy: 0.9995, Test Loss: 0.5697, Test Accuracy: 0.9678
Epoch 83/100 - Train Loss: 0.4726, Train Accuracy: 0.9995, Test Loss: 0.5759, Test Accuracy: 0.9628
Epoch 84/100 - Train Loss: 0.4711, Train Accuracy: 0.9989, Test Loss: 0.5755, Test Accuracy: 0.9628
Epoch 85/100 - Train Loss: 0.4712, Train Accuracy: 0.9989, Test Loss: 0.5693, Test Accuracy: 0.9665
Epoch 86/100 - Train Loss: 0.4716, Train Accuracy: 0.9995, Test Loss: 0.5694, Test Accuracy: 0.9665
Epoch 87/100 - Train Loss: 0.4718, Train Accuracy: 0.9989, Test Loss: 0.5713, Test Accuracy: 0.9653
Epoch 88/100 - Train Loss: 0.4717, Train Accuracy: 0.9989, Test Loss: 0.5766, Test Accuracy: 0.9641

Early stopping triggered at epoch 88
Best test loss: 0.5688
Best test accuracy: 0.9727
Plot saved as trained_models/finetune_classifier_plus_20_layers/metrics/loss.png
Plot saved as trained_models/finetune_classifier_plus_20_layers/metrics/metrics.png

Completed experiment 6/11


================================================================================
EXPERIMENT 7/11
Training: Classifier + 24 layer(s)
Unfrozen layers: features.denseblock4.denselayer16, features.denseblock4.denselayer15, features.denseblock4.denselayer14, features.denseblock4.denselayer13, features.denseblock4.denselayer12, features.denseblock4.denselayer11, features.denseblock4.denselayer10, features.denseblock4.denselayer9, features.denseblock4.denselayer8, features.denseblock4.denselayer7, features.denseblock4.denselayer6, features.denseblock4.denselayer5, features.denseblock4.denselayer4, features.denseblock4.denselayer3, features.denseblock4.denselayer2, features.denseblock4.denselayer1, features.transition3, features.denseblock3.denselayer24, features.denseblock3.denselayer23, features.denseblock3.denselayer22, features.denseblock3.denselayer21, features.denseblock3.denselayer20, features.denseblock3.denselayer19, features.denseblock3.denselayer18, features.denseblock3.denselayer17
================================================================================

Trainable parameters: 3,904,776 / 6,962,056 (56.09%)
Epoch 1/100 - Train Loss: 1.2099, Train Accuracy: 0.7533, Test Loss: 0.7385, Test Accuracy: 0.9393
Epoch 2/100 - Train Loss: 0.6286, Train Accuracy: 0.9580, Test Loss: 0.6127, Test Accuracy: 0.9616
Epoch 3/100 - Train Loss: 0.5599, Train Accuracy: 0.9803, Test Loss: 0.5985, Test Accuracy: 0.9591
Epoch 4/100 - Train Loss: 0.5292, Train Accuracy: 0.9920, Test Loss: 0.5878, Test Accuracy: 0.9641
Epoch 5/100 - Train Loss: 0.5117, Train Accuracy: 0.9973, Test Loss: 0.5830, Test Accuracy: 0.9628
Epoch 6/100 - Train Loss: 0.4993, Train Accuracy: 0.9995, Test Loss: 0.5803, Test Accuracy: 0.9616
Epoch 7/100 - Train Loss: 0.4904, Train Accuracy: 0.9989, Test Loss: 0.5836, Test Accuracy: 0.9641
Epoch 8/100 - Train Loss: 0.4872, Train Accuracy: 0.9989, Test Loss: 0.5819, Test Accuracy: 0.9641
Epoch 9/100 - Train Loss: 0.4856, Train Accuracy: 0.9995, Test Loss: 0.5860, Test Accuracy: 0.9653
Epoch 10/100 - Train Loss: 0.4844, Train Accuracy: 0.9989, Test Loss: 0.5806, Test Accuracy: 0.9665
Epoch 11/100 - Train Loss: 0.4835, Train Accuracy: 0.9989, Test Loss: 0.5822, Test Accuracy: 0.9641
Epoch 12/100 - Train Loss: 0.4808, Train Accuracy: 0.9989, Test Loss: 0.5816, Test Accuracy: 0.9628
Epoch 13/100 - Train Loss: 0.4796, Train Accuracy: 0.9995, Test Loss: 0.5821, Test Accuracy: 0.9678
Epoch 14/100 - Train Loss: 0.4806, Train Accuracy: 0.9984, Test Loss: 0.5825, Test Accuracy: 0.9653
Epoch 15/100 - Train Loss: 0.4825, Train Accuracy: 0.9989, Test Loss: 0.5790, Test Accuracy: 0.9665
Epoch 16/100 - Train Loss: 0.4791, Train Accuracy: 0.9995, Test Loss: 0.5811, Test Accuracy: 0.9653
Epoch 17/100 - Train Loss: 0.4800, Train Accuracy: 0.9989, Test Loss: 0.5782, Test Accuracy: 0.9641
Epoch 18/100 - Train Loss: 0.4799, Train Accuracy: 0.9989, Test Loss: 0.5732, Test Accuracy: 0.9678
Epoch 19/100 - Train Loss: 0.4777, Train Accuracy: 0.9995, Test Loss: 0.5781, Test Accuracy: 0.9641
Epoch 20/100 - Train Loss: 0.4776, Train Accuracy: 0.9995, Test Loss: 0.5758, Test Accuracy: 0.9653
Epoch 21/100 - Train Loss: 0.4770, Train Accuracy: 0.9995, Test Loss: 0.5763, Test Accuracy: 0.9641
Epoch 22/100 - Train Loss: 0.4759, Train Accuracy: 0.9989, Test Loss: 0.5806, Test Accuracy: 0.9628
Epoch 23/100 - Train Loss: 0.4770, Train Accuracy: 0.9995, Test Loss: 0.5748, Test Accuracy: 0.9653
Epoch 24/100 - Train Loss: 0.4760, Train Accuracy: 0.9989, Test Loss: 0.5726, Test Accuracy: 0.9690
Epoch 25/100 - Train Loss: 0.4761, Train Accuracy: 0.9989, Test Loss: 0.5712, Test Accuracy: 0.9641
Epoch 26/100 - Train Loss: 0.4752, Train Accuracy: 0.9995, Test Loss: 0.5745, Test Accuracy: 0.9628
Epoch 27/100 - Train Loss: 0.4757, Train Accuracy: 0.9989, Test Loss: 0.5749, Test Accuracy: 0.9641
Epoch 28/100 - Train Loss: 0.4745, Train Accuracy: 0.9989, Test Loss: 0.5743, Test Accuracy: 0.9665
Epoch 29/100 - Train Loss: 0.4741, Train Accuracy: 0.9995, Test Loss: 0.5729, Test Accuracy: 0.9653
Epoch 30/100 - Train Loss: 0.4754, Train Accuracy: 0.9989, Test Loss: 0.5753, Test Accuracy: 0.9641
Epoch 31/100 - Train Loss: 0.4745, Train Accuracy: 0.9989, Test Loss: 0.5691, Test Accuracy: 0.9628
Epoch 32/100 - Train Loss: 0.4749, Train Accuracy: 0.9995, Test Loss: 0.5745, Test Accuracy: 0.9678
Epoch 33/100 - Train Loss: 0.4763, Train Accuracy: 0.9995, Test Loss: 0.5704, Test Accuracy: 0.9641
Epoch 34/100 - Train Loss: 0.4754, Train Accuracy: 0.9989, Test Loss: 0.5737, Test Accuracy: 0.9641
Epoch 35/100 - Train Loss: 0.4740, Train Accuracy: 0.9989, Test Loss: 0.5725, Test Accuracy: 0.9641
Epoch 36/100 - Train Loss: 0.4741, Train Accuracy: 0.9989, Test Loss: 0.5721, Test Accuracy: 0.9641
Epoch 37/100 - Train Loss: 0.4745, Train Accuracy: 0.9995, Test Loss: 0.5696, Test Accuracy: 0.9665
Epoch 38/100 - Train Loss: 0.4750, Train Accuracy: 0.9995, Test Loss: 0.5690, Test Accuracy: 0.9653
Epoch 39/100 - Train Loss: 0.4736, Train Accuracy: 0.9995, Test Loss: 0.5682, Test Accuracy: 0.9665
Epoch 40/100 - Train Loss: 0.4739, Train Accuracy: 0.9995, Test Loss: 0.5700, Test Accuracy: 0.9653
Epoch 41/100 - Train Loss: 0.4727, Train Accuracy: 0.9989, Test Loss: 0.5704, Test Accuracy: 0.9665
Epoch 42/100 - Train Loss: 0.4734, Train Accuracy: 0.9995, Test Loss: 0.5661, Test Accuracy: 0.9665
Epoch 43/100 - Train Loss: 0.4742, Train Accuracy: 0.9995, Test Loss: 0.5645, Test Accuracy: 0.9665
Epoch 44/100 - Train Loss: 0.4726, Train Accuracy: 0.9995, Test Loss: 0.5651, Test Accuracy: 0.9653
Epoch 45/100 - Train Loss: 0.4719, Train Accuracy: 0.9995, Test Loss: 0.5657, Test Accuracy: 0.9665
Epoch 46/100 - Train Loss: 0.4724, Train Accuracy: 0.9989, Test Loss: 0.5610, Test Accuracy: 0.9665
Epoch 47/100 - Train Loss: 0.4723, Train Accuracy: 0.9989, Test Loss: 0.5668, Test Accuracy: 0.9653
Epoch 48/100 - Train Loss: 0.4722, Train Accuracy: 0.9995, Test Loss: 0.5666, Test Accuracy: 0.9653
Epoch 49/100 - Train Loss: 0.4746, Train Accuracy: 0.9995, Test Loss: 0.5654, Test Accuracy: 0.9665
Epoch 50/100 - Train Loss: 0.4735, Train Accuracy: 0.9995, Test Loss: 0.5693, Test Accuracy: 0.9653
Epoch 51/100 - Train Loss: 0.4724, Train Accuracy: 0.9989, Test Loss: 0.5631, Test Accuracy: 0.9653
Epoch 52/100 - Train Loss: 0.4716, Train Accuracy: 0.9995, Test Loss: 0.5630, Test Accuracy: 0.9678
Epoch 53/100 - Train Loss: 0.4719, Train Accuracy: 0.9989, Test Loss: 0.5624, Test Accuracy: 0.9653
Epoch 54/100 - Train Loss: 0.4717, Train Accuracy: 0.9995, Test Loss: 0.5629, Test Accuracy: 0.9690
Epoch 55/100 - Train Loss: 0.4715, Train Accuracy: 0.9995, Test Loss: 0.5632, Test Accuracy: 0.9703
Epoch 56/100 - Train Loss: 0.4710, Train Accuracy: 0.9989, Test Loss: 0.5625, Test Accuracy: 0.9665
Epoch 57/100 - Train Loss: 0.4713, Train Accuracy: 0.9995, Test Loss: 0.5618, Test Accuracy: 0.9678
Epoch 58/100 - Train Loss: 0.4715, Train Accuracy: 0.9995, Test Loss: 0.5599, Test Accuracy: 0.9665
Epoch 59/100 - Train Loss: 0.4713, Train Accuracy: 0.9995, Test Loss: 0.5654, Test Accuracy: 0.9665
Epoch 60/100 - Train Loss: 0.4712, Train Accuracy: 0.9995, Test Loss: 0.5647, Test Accuracy: 0.9690
Epoch 61/100 - Train Loss: 0.4719, Train Accuracy: 0.9989, Test Loss: 0.5630, Test Accuracy: 0.9703
Epoch 62/100 - Train Loss: 0.4714, Train Accuracy: 0.9989, Test Loss: 0.5617, Test Accuracy: 0.9678
Epoch 63/100 - Train Loss: 0.4710, Train Accuracy: 0.9989, Test Loss: 0.5645, Test Accuracy: 0.9690
Epoch 64/100 - Train Loss: 0.4705, Train Accuracy: 0.9989, Test Loss: 0.5614, Test Accuracy: 0.9715
Epoch 65/100 - Train Loss: 0.4712, Train Accuracy: 0.9989, Test Loss: 0.5611, Test Accuracy: 0.9678
Epoch 66/100 - Train Loss: 0.4711, Train Accuracy: 0.9995, Test Loss: 0.5607, Test Accuracy: 0.9703
Epoch 67/100 - Train Loss: 0.4713, Train Accuracy: 0.9995, Test Loss: 0.5581, Test Accuracy: 0.9690
Epoch 68/100 - Train Loss: 0.4705, Train Accuracy: 0.9995, Test Loss: 0.5612, Test Accuracy: 0.9715
Epoch 69/100 - Train Loss: 0.4715, Train Accuracy: 0.9995, Test Loss: 0.5629, Test Accuracy: 0.9690
Epoch 70/100 - Train Loss: 0.4710, Train Accuracy: 0.9989, Test Loss: 0.5648, Test Accuracy: 0.9690
Epoch 71/100 - Train Loss: 0.4711, Train Accuracy: 0.9995, Test Loss: 0.5607, Test Accuracy: 0.9690
Epoch 72/100 - Train Loss: 0.4715, Train Accuracy: 0.9995, Test Loss: 0.5667, Test Accuracy: 0.9703
Epoch 73/100 - Train Loss: 0.4710, Train Accuracy: 0.9995, Test Loss: 0.5628, Test Accuracy: 0.9690
Epoch 74/100 - Train Loss: 0.4705, Train Accuracy: 0.9989, Test Loss: 0.5641, Test Accuracy: 0.9703
Epoch 75/100 - Train Loss: 0.4721, Train Accuracy: 0.9989, Test Loss: 0.5697, Test Accuracy: 0.9628
Epoch 76/100 - Train Loss: 0.4711, Train Accuracy: 0.9995, Test Loss: 0.5609, Test Accuracy: 0.9703
Epoch 77/100 - Train Loss: 0.4709, Train Accuracy: 0.9995, Test Loss: 0.5596, Test Accuracy: 0.9690
Epoch 78/100 - Train Loss: 0.4708, Train Accuracy: 0.9989, Test Loss: 0.5576, Test Accuracy: 0.9678
Epoch 79/100 - Train Loss: 0.4706, Train Accuracy: 0.9995, Test Loss: 0.5589, Test Accuracy: 0.9665
Epoch 80/100 - Train Loss: 0.4704, Train Accuracy: 0.9989, Test Loss: 0.5570, Test Accuracy: 0.9690
Epoch 81/100 - Train Loss: 0.4704, Train Accuracy: 0.9989, Test Loss: 0.5545, Test Accuracy: 0.9690
Epoch 82/100 - Train Loss: 0.4708, Train Accuracy: 0.9995, Test Loss: 0.5566, Test Accuracy: 0.9727
Epoch 83/100 - Train Loss: 0.4706, Train Accuracy: 0.9989, Test Loss: 0.5558, Test Accuracy: 0.9703
Epoch 84/100 - Train Loss: 0.4706, Train Accuracy: 0.9995, Test Loss: 0.5582, Test Accuracy: 0.9715
Epoch 85/100 - Train Loss: 0.4704, Train Accuracy: 0.9989, Test Loss: 0.5576, Test Accuracy: 0.9715
Epoch 86/100 - Train Loss: 0.4702, Train Accuracy: 0.9989, Test Loss: 0.5561, Test Accuracy: 0.9690
Epoch 87/100 - Train Loss: 0.4708, Train Accuracy: 0.9995, Test Loss: 0.5550, Test Accuracy: 0.9678
Epoch 88/100 - Train Loss: 0.4712, Train Accuracy: 0.9989, Test Loss: 0.5590, Test Accuracy: 0.9665
Epoch 89/100 - Train Loss: 0.4701, Train Accuracy: 0.9989, Test Loss: 0.5557, Test Accuracy: 0.9715
Epoch 90/100 - Train Loss: 0.4707, Train Accuracy: 0.9995, Test Loss: 0.5552, Test Accuracy: 0.9678
Epoch 91/100 - Train Loss: 0.4705, Train Accuracy: 0.9995, Test Loss: 0.5578, Test Accuracy: 0.9703
Epoch 92/100 - Train Loss: 0.4713, Train Accuracy: 0.9989, Test Loss: 0.5613, Test Accuracy: 0.9703
Epoch 93/100 - Train Loss: 0.4707, Train Accuracy: 0.9995, Test Loss: 0.5566, Test Accuracy: 0.9703
Epoch 94/100 - Train Loss: 0.4705, Train Accuracy: 0.9995, Test Loss: 0.5547, Test Accuracy: 0.9715
Epoch 95/100 - Train Loss: 0.4706, Train Accuracy: 0.9995, Test Loss: 0.5560, Test Accuracy: 0.9752
Epoch 96/100 - Train Loss: 0.4706, Train Accuracy: 0.9995, Test Loss: 0.5563, Test Accuracy: 0.9740

Early stopping triggered at epoch 96
Best test loss: 0.5545
Best test accuracy: 0.9752
Plot saved as trained_models/finetune_classifier_plus_24_layers/metrics/loss.png
Plot saved as trained_models/finetune_classifier_plus_24_layers/metrics/metrics.png

Completed experiment 7/11


================================================================================
EXPERIMENT 8/11
Training: Classifier + 28 layer(s)
Unfrozen layers: features.denseblock4.denselayer16, features.denseblock4.denselayer15, features.denseblock4.denselayer14, features.denseblock4.denselayer13, features.denseblock4.denselayer12, features.denseblock4.denselayer11, features.denseblock4.denselayer10, features.denseblock4.denselayer9, features.denseblock4.denselayer8, features.denseblock4.denselayer7, features.denseblock4.denselayer6, features.denseblock4.denselayer5, features.denseblock4.denselayer4, features.denseblock4.denselayer3, features.denseblock4.denselayer2, features.denseblock4.denselayer1, features.transition3, features.denseblock3.denselayer24, features.denseblock3.denselayer23, features.denseblock3.denselayer22, features.denseblock3.denselayer21, features.denseblock3.denselayer20, features.denseblock3.denselayer19, features.denseblock3.denselayer18, features.denseblock3.denselayer17, features.denseblock3.denselayer16, features.denseblock3.denselayer15, features.denseblock3.denselayer14, features.denseblock3.denselayer13
================================================================================

Trainable parameters: 4,411,016 / 6,962,056 (63.36%)
Epoch 1/100 - Train Loss: 1.1802, Train Accuracy: 0.7528, Test Loss: 0.7176, Test Accuracy: 0.9504
Epoch 2/100 - Train Loss: 0.6182, Train Accuracy: 0.9612, Test Loss: 0.6065, Test Accuracy: 0.9591
Epoch 3/100 - Train Loss: 0.5523, Train Accuracy: 0.9835, Test Loss: 0.5885, Test Accuracy: 0.9579
Epoch 4/100 - Train Loss: 0.5174, Train Accuracy: 0.9957, Test Loss: 0.5828, Test Accuracy: 0.9591
Epoch 5/100 - Train Loss: 0.5028, Train Accuracy: 0.9979, Test Loss: 0.5794, Test Accuracy: 0.9591
Epoch 6/100 - Train Loss: 0.4970, Train Accuracy: 0.9968, Test Loss: 0.5844, Test Accuracy: 0.9566
Epoch 7/100 - Train Loss: 0.4924, Train Accuracy: 0.9984, Test Loss: 0.5848, Test Accuracy: 0.9603
Epoch 8/100 - Train Loss: 0.4878, Train Accuracy: 0.9989, Test Loss: 0.5790, Test Accuracy: 0.9603
Epoch 9/100 - Train Loss: 0.4850, Train Accuracy: 1.0000, Test Loss: 0.5786, Test Accuracy: 0.9616
Epoch 10/100 - Train Loss: 0.4835, Train Accuracy: 0.9995, Test Loss: 0.5800, Test Accuracy: 0.9628
Epoch 11/100 - Train Loss: 0.4822, Train Accuracy: 0.9989, Test Loss: 0.5769, Test Accuracy: 0.9616
Epoch 12/100 - Train Loss: 0.4827, Train Accuracy: 0.9989, Test Loss: 0.5772, Test Accuracy: 0.9616
Epoch 13/100 - Train Loss: 0.4824, Train Accuracy: 0.9995, Test Loss: 0.5750, Test Accuracy: 0.9616
Epoch 14/100 - Train Loss: 0.4780, Train Accuracy: 0.9995, Test Loss: 0.5776, Test Accuracy: 0.9641
Epoch 15/100 - Train Loss: 0.4789, Train Accuracy: 0.9995, Test Loss: 0.5760, Test Accuracy: 0.9616
Epoch 16/100 - Train Loss: 0.4823, Train Accuracy: 0.9995, Test Loss: 0.5743, Test Accuracy: 0.9616
Epoch 17/100 - Train Loss: 0.4800, Train Accuracy: 0.9989, Test Loss: 0.5807, Test Accuracy: 0.9641
Epoch 18/100 - Train Loss: 0.4771, Train Accuracy: 0.9989, Test Loss: 0.5757, Test Accuracy: 0.9628
Epoch 19/100 - Train Loss: 0.4780, Train Accuracy: 0.9995, Test Loss: 0.5739, Test Accuracy: 0.9641
Epoch 20/100 - Train Loss: 0.4763, Train Accuracy: 0.9995, Test Loss: 0.5749, Test Accuracy: 0.9653
Epoch 21/100 - Train Loss: 0.4753, Train Accuracy: 0.9995, Test Loss: 0.5732, Test Accuracy: 0.9653
Epoch 22/100 - Train Loss: 0.4774, Train Accuracy: 0.9995, Test Loss: 0.5715, Test Accuracy: 0.9653
Epoch 23/100 - Train Loss: 0.4760, Train Accuracy: 0.9995, Test Loss: 0.5709, Test Accuracy: 0.9665
Epoch 24/100 - Train Loss: 0.4753, Train Accuracy: 0.9995, Test Loss: 0.5758, Test Accuracy: 0.9628
Epoch 25/100 - Train Loss: 0.4762, Train Accuracy: 0.9989, Test Loss: 0.5776, Test Accuracy: 0.9641
Epoch 26/100 - Train Loss: 0.4754, Train Accuracy: 0.9995, Test Loss: 0.5716, Test Accuracy: 0.9616
Epoch 27/100 - Train Loss: 0.4755, Train Accuracy: 0.9995, Test Loss: 0.5717, Test Accuracy: 0.9628
Epoch 28/100 - Train Loss: 0.4753, Train Accuracy: 0.9989, Test Loss: 0.5700, Test Accuracy: 0.9641
Epoch 29/100 - Train Loss: 0.4748, Train Accuracy: 0.9989, Test Loss: 0.5686, Test Accuracy: 0.9665
Epoch 30/100 - Train Loss: 0.4737, Train Accuracy: 0.9995, Test Loss: 0.5679, Test Accuracy: 0.9653
Epoch 31/100 - Train Loss: 0.4740, Train Accuracy: 0.9989, Test Loss: 0.5699, Test Accuracy: 0.9653
Epoch 32/100 - Train Loss: 0.4748, Train Accuracy: 0.9995, Test Loss: 0.5659, Test Accuracy: 0.9653
Epoch 33/100 - Train Loss: 0.4743, Train Accuracy: 0.9995, Test Loss: 0.5681, Test Accuracy: 0.9628
Epoch 34/100 - Train Loss: 0.4746, Train Accuracy: 0.9989, Test Loss: 0.5630, Test Accuracy: 0.9690
Epoch 35/100 - Train Loss: 0.4739, Train Accuracy: 0.9995, Test Loss: 0.5638, Test Accuracy: 0.9690
Epoch 36/100 - Train Loss: 0.4741, Train Accuracy: 0.9995, Test Loss: 0.5647, Test Accuracy: 0.9641
Epoch 37/100 - Train Loss: 0.4730, Train Accuracy: 0.9995, Test Loss: 0.5630, Test Accuracy: 0.9665
Epoch 38/100 - Train Loss: 0.4735, Train Accuracy: 0.9995, Test Loss: 0.5672, Test Accuracy: 0.9653
Epoch 39/100 - Train Loss: 0.4729, Train Accuracy: 0.9995, Test Loss: 0.5639, Test Accuracy: 0.9641
Epoch 40/100 - Train Loss: 0.4733, Train Accuracy: 0.9995, Test Loss: 0.5660, Test Accuracy: 0.9628
Epoch 41/100 - Train Loss: 0.4720, Train Accuracy: 0.9989, Test Loss: 0.5671, Test Accuracy: 0.9628
Epoch 42/100 - Train Loss: 0.4722, Train Accuracy: 0.9989, Test Loss: 0.5649, Test Accuracy: 0.9653
Epoch 43/100 - Train Loss: 0.4728, Train Accuracy: 0.9995, Test Loss: 0.5638, Test Accuracy: 0.9641
Epoch 44/100 - Train Loss: 0.4720, Train Accuracy: 1.0000, Test Loss: 0.5621, Test Accuracy: 0.9653
Epoch 45/100 - Train Loss: 0.4718, Train Accuracy: 0.9989, Test Loss: 0.5653, Test Accuracy: 0.9641
Epoch 46/100 - Train Loss: 0.4717, Train Accuracy: 0.9995, Test Loss: 0.5631, Test Accuracy: 0.9665
Epoch 47/100 - Train Loss: 0.4721, Train Accuracy: 0.9989, Test Loss: 0.5599, Test Accuracy: 0.9665
Epoch 48/100 - Train Loss: 0.4712, Train Accuracy: 0.9989, Test Loss: 0.5599, Test Accuracy: 0.9678
Epoch 49/100 - Train Loss: 0.4720, Train Accuracy: 0.9995, Test Loss: 0.5622, Test Accuracy: 0.9653
Epoch 50/100 - Train Loss: 0.4722, Train Accuracy: 0.9989, Test Loss: 0.5607, Test Accuracy: 0.9665
Epoch 51/100 - Train Loss: 0.4717, Train Accuracy: 0.9989, Test Loss: 0.5596, Test Accuracy: 0.9690
Epoch 52/100 - Train Loss: 0.4716, Train Accuracy: 0.9995, Test Loss: 0.5605, Test Accuracy: 0.9678
Epoch 53/100 - Train Loss: 0.4717, Train Accuracy: 0.9995, Test Loss: 0.5597, Test Accuracy: 0.9678
Epoch 54/100 - Train Loss: 0.4714, Train Accuracy: 0.9995, Test Loss: 0.5601, Test Accuracy: 0.9690
Epoch 55/100 - Train Loss: 0.4712, Train Accuracy: 0.9995, Test Loss: 0.5612, Test Accuracy: 0.9641
Epoch 56/100 - Train Loss: 0.4713, Train Accuracy: 0.9989, Test Loss: 0.5606, Test Accuracy: 0.9653
Epoch 57/100 - Train Loss: 0.4706, Train Accuracy: 0.9995, Test Loss: 0.5595, Test Accuracy: 0.9653
Epoch 58/100 - Train Loss: 0.4720, Train Accuracy: 0.9995, Test Loss: 0.5601, Test Accuracy: 0.9665
Epoch 59/100 - Train Loss: 0.4715, Train Accuracy: 0.9989, Test Loss: 0.5602, Test Accuracy: 0.9653
Epoch 60/100 - Train Loss: 0.4708, Train Accuracy: 0.9995, Test Loss: 0.5556, Test Accuracy: 0.9690
Epoch 61/100 - Train Loss: 0.4716, Train Accuracy: 0.9995, Test Loss: 0.5584, Test Accuracy: 0.9690
Epoch 62/100 - Train Loss: 0.4713, Train Accuracy: 0.9989, Test Loss: 0.5560, Test Accuracy: 0.9703
Epoch 63/100 - Train Loss: 0.4712, Train Accuracy: 0.9989, Test Loss: 0.5567, Test Accuracy: 0.9690
Epoch 64/100 - Train Loss: 0.4707, Train Accuracy: 0.9989, Test Loss: 0.5607, Test Accuracy: 0.9665
Epoch 65/100 - Train Loss: 0.4711, Train Accuracy: 0.9995, Test Loss: 0.5593, Test Accuracy: 0.9665
Epoch 66/100 - Train Loss: 0.4710, Train Accuracy: 0.9989, Test Loss: 0.5602, Test Accuracy: 0.9678
Epoch 67/100 - Train Loss: 0.4709, Train Accuracy: 0.9995, Test Loss: 0.5566, Test Accuracy: 0.9653
Epoch 68/100 - Train Loss: 0.4716, Train Accuracy: 0.9989, Test Loss: 0.5574, Test Accuracy: 0.9678
Epoch 69/100 - Train Loss: 0.4712, Train Accuracy: 0.9989, Test Loss: 0.5608, Test Accuracy: 0.9641
Epoch 70/100 - Train Loss: 0.4714, Train Accuracy: 0.9995, Test Loss: 0.5583, Test Accuracy: 0.9653
Epoch 71/100 - Train Loss: 0.4722, Train Accuracy: 0.9995, Test Loss: 0.5541, Test Accuracy: 0.9690
Epoch 72/100 - Train Loss: 0.4713, Train Accuracy: 0.9989, Test Loss: 0.5535, Test Accuracy: 0.9690
Epoch 73/100 - Train Loss: 0.4716, Train Accuracy: 0.9989, Test Loss: 0.5554, Test Accuracy: 0.9678
Epoch 74/100 - Train Loss: 0.4710, Train Accuracy: 0.9995, Test Loss: 0.5559, Test Accuracy: 0.9678
Epoch 75/100 - Train Loss: 0.4705, Train Accuracy: 0.9995, Test Loss: 0.5552, Test Accuracy: 0.9665
Epoch 76/100 - Train Loss: 0.4702, Train Accuracy: 0.9989, Test Loss: 0.5533, Test Accuracy: 0.9665
Epoch 77/100 - Train Loss: 0.4702, Train Accuracy: 0.9989, Test Loss: 0.5525, Test Accuracy: 0.9690
Epoch 78/100 - Train Loss: 0.4704, Train Accuracy: 0.9995, Test Loss: 0.5531, Test Accuracy: 0.9653
Epoch 79/100 - Train Loss: 0.4705, Train Accuracy: 0.9995, Test Loss: 0.5552, Test Accuracy: 0.9653
Epoch 80/100 - Train Loss: 0.4710, Train Accuracy: 0.9995, Test Loss: 0.5540, Test Accuracy: 0.9641
Epoch 81/100 - Train Loss: 0.4702, Train Accuracy: 0.9989, Test Loss: 0.5532, Test Accuracy: 0.9665
Epoch 82/100 - Train Loss: 0.4703, Train Accuracy: 0.9995, Test Loss: 0.5561, Test Accuracy: 0.9653
Epoch 83/100 - Train Loss: 0.4703, Train Accuracy: 0.9989, Test Loss: 0.5548, Test Accuracy: 0.9665
Epoch 84/100 - Train Loss: 0.4705, Train Accuracy: 0.9995, Test Loss: 0.5557, Test Accuracy: 0.9653
Epoch 85/100 - Train Loss: 0.4702, Train Accuracy: 0.9995, Test Loss: 0.5514, Test Accuracy: 0.9678
Epoch 86/100 - Train Loss: 0.4699, Train Accuracy: 0.9995, Test Loss: 0.5535, Test Accuracy: 0.9665
Epoch 87/100 - Train Loss: 0.4701, Train Accuracy: 0.9989, Test Loss: 0.5524, Test Accuracy: 0.9653
Epoch 88/100 - Train Loss: 0.4706, Train Accuracy: 0.9989, Test Loss: 0.5519, Test Accuracy: 0.9641
Epoch 89/100 - Train Loss: 0.4704, Train Accuracy: 0.9995, Test Loss: 0.5499, Test Accuracy: 0.9690
Epoch 90/100 - Train Loss: 0.4700, Train Accuracy: 0.9995, Test Loss: 0.5505, Test Accuracy: 0.9690
Epoch 91/100 - Train Loss: 0.4699, Train Accuracy: 0.9995, Test Loss: 0.5483, Test Accuracy: 0.9690
Epoch 92/100 - Train Loss: 0.4699, Train Accuracy: 0.9989, Test Loss: 0.5501, Test Accuracy: 0.9727
Epoch 93/100 - Train Loss: 0.4702, Train Accuracy: 0.9995, Test Loss: 0.5495, Test Accuracy: 0.9678
Epoch 94/100 - Train Loss: 0.4703, Train Accuracy: 0.9989, Test Loss: 0.5493, Test Accuracy: 0.9665
Epoch 95/100 - Train Loss: 0.4702, Train Accuracy: 0.9995, Test Loss: 0.5531, Test Accuracy: 0.9665
Epoch 96/100 - Train Loss: 0.4710, Train Accuracy: 0.9995, Test Loss: 0.5530, Test Accuracy: 0.9703
Epoch 97/100 - Train Loss: 0.4716, Train Accuracy: 0.9995, Test Loss: 0.5597, Test Accuracy: 0.9678
Epoch 98/100 - Train Loss: 0.4710, Train Accuracy: 0.9995, Test Loss: 0.5527, Test Accuracy: 0.9715
Epoch 99/100 - Train Loss: 0.4726, Train Accuracy: 0.9995, Test Loss: 0.5613, Test Accuracy: 0.9616
Epoch 100/100 - Train Loss: 0.4743, Train Accuracy: 0.9979, Test Loss: 0.5728, Test Accuracy: 0.9591
Best test loss: 0.5483
Best test accuracy: 0.9727
Plot saved as trained_models/finetune_classifier_plus_28_layers/metrics/loss.png
Plot saved as trained_models/finetune_classifier_plus_28_layers/metrics/metrics.png

Completed experiment 8/11


================================================================================
EXPERIMENT 9/11
Training: Classifier + 32 layer(s)
Unfrozen layers: features.denseblock4.denselayer16, features.denseblock4.denselayer15, features.denseblock4.denselayer14, features.denseblock4.denselayer13, features.denseblock4.denselayer12, features.denseblock4.denselayer11, features.denseblock4.denselayer10, features.denseblock4.denselayer9, features.denseblock4.denselayer8, features.denseblock4.denselayer7, features.denseblock4.denselayer6, features.denseblock4.denselayer5, features.denseblock4.denselayer4, features.denseblock4.denselayer3, features.denseblock4.denselayer2, features.denseblock4.denselayer1, features.transition3, features.denseblock3.denselayer24, features.denseblock3.denselayer23, features.denseblock3.denselayer22, features.denseblock3.denselayer21, features.denseblock3.denselayer20, features.denseblock3.denselayer19, features.denseblock3.denselayer18, features.denseblock3.denselayer17, features.denseblock3.denselayer16, features.denseblock3.denselayer15, features.denseblock3.denselayer14, features.denseblock3.denselayer13, features.denseblock3.denselayer12, features.denseblock3.denselayer11, features.denseblock3.denselayer10, features.denseblock3.denselayer9
================================================================================

Trainable parameters: 4,850,696 / 6,962,056 (69.67%)
Epoch 1/100 - Train Loss: 1.1889, Train Accuracy: 0.7422, Test Loss: 0.7220, Test Accuracy: 0.9504
Epoch 2/100 - Train Loss: 0.6069, Train Accuracy: 0.9670, Test Loss: 0.5961, Test Accuracy: 0.9678
Epoch 3/100 - Train Loss: 0.5381, Train Accuracy: 0.9899, Test Loss: 0.5757, Test Accuracy: 0.9690
Epoch 4/100 - Train Loss: 0.5143, Train Accuracy: 0.9957, Test Loss: 0.5695, Test Accuracy: 0.9628
Epoch 5/100 - Train Loss: 0.4986, Train Accuracy: 0.9989, Test Loss: 0.5669, Test Accuracy: 0.9653
Epoch 6/100 - Train Loss: 0.4922, Train Accuracy: 0.9995, Test Loss: 0.5661, Test Accuracy: 0.9703
Epoch 7/100 - Train Loss: 0.4847, Train Accuracy: 0.9995, Test Loss: 0.5674, Test Accuracy: 0.9665
Epoch 8/100 - Train Loss: 0.4840, Train Accuracy: 0.9995, Test Loss: 0.5653, Test Accuracy: 0.9690
Epoch 9/100 - Train Loss: 0.4821, Train Accuracy: 0.9995, Test Loss: 0.5613, Test Accuracy: 0.9703
Epoch 10/100 - Train Loss: 0.4828, Train Accuracy: 0.9995, Test Loss: 0.5618, Test Accuracy: 0.9690
Epoch 11/100 - Train Loss: 0.4805, Train Accuracy: 0.9995, Test Loss: 0.5629, Test Accuracy: 0.9690
Epoch 12/100 - Train Loss: 0.4802, Train Accuracy: 0.9989, Test Loss: 0.5635, Test Accuracy: 0.9678
Epoch 13/100 - Train Loss: 0.4815, Train Accuracy: 0.9995, Test Loss: 0.5685, Test Accuracy: 0.9665
Epoch 14/100 - Train Loss: 0.4789, Train Accuracy: 0.9989, Test Loss: 0.5652, Test Accuracy: 0.9703
Epoch 15/100 - Train Loss: 0.4782, Train Accuracy: 0.9995, Test Loss: 0.5681, Test Accuracy: 0.9690
Epoch 16/100 - Train Loss: 0.4780, Train Accuracy: 0.9995, Test Loss: 0.5617, Test Accuracy: 0.9715
Epoch 17/100 - Train Loss: 0.4768, Train Accuracy: 0.9995, Test Loss: 0.5698, Test Accuracy: 0.9653
Epoch 18/100 - Train Loss: 0.4770, Train Accuracy: 0.9995, Test Loss: 0.5625, Test Accuracy: 0.9690
Epoch 19/100 - Train Loss: 0.4770, Train Accuracy: 0.9989, Test Loss: 0.5617, Test Accuracy: 0.9715
Epoch 20/100 - Train Loss: 0.4769, Train Accuracy: 0.9995, Test Loss: 0.5583, Test Accuracy: 0.9727
Epoch 21/100 - Train Loss: 0.4752, Train Accuracy: 0.9995, Test Loss: 0.5581, Test Accuracy: 0.9715
Epoch 22/100 - Train Loss: 0.4758, Train Accuracy: 0.9989, Test Loss: 0.5620, Test Accuracy: 0.9703
Epoch 23/100 - Train Loss: 0.4747, Train Accuracy: 0.9995, Test Loss: 0.5579, Test Accuracy: 0.9740
Epoch 24/100 - Train Loss: 0.4749, Train Accuracy: 0.9989, Test Loss: 0.5644, Test Accuracy: 0.9690
Epoch 25/100 - Train Loss: 0.4743, Train Accuracy: 0.9989, Test Loss: 0.5593, Test Accuracy: 0.9703
Epoch 26/100 - Train Loss: 0.4739, Train Accuracy: 0.9995, Test Loss: 0.5629, Test Accuracy: 0.9665
Epoch 27/100 - Train Loss: 0.4742, Train Accuracy: 0.9995, Test Loss: 0.5567, Test Accuracy: 0.9740
Epoch 28/100 - Train Loss: 0.4737, Train Accuracy: 0.9995, Test Loss: 0.5578, Test Accuracy: 0.9715
Epoch 29/100 - Train Loss: 0.4742, Train Accuracy: 0.9989, Test Loss: 0.5532, Test Accuracy: 0.9727
Epoch 30/100 - Train Loss: 0.4760, Train Accuracy: 1.0000, Test Loss: 0.5663, Test Accuracy: 0.9678
Epoch 31/100 - Train Loss: 0.4754, Train Accuracy: 0.9995, Test Loss: 0.5601, Test Accuracy: 0.9690
Epoch 32/100 - Train Loss: 0.4752, Train Accuracy: 0.9995, Test Loss: 0.5580, Test Accuracy: 0.9727
Epoch 33/100 - Train Loss: 0.4738, Train Accuracy: 0.9989, Test Loss: 0.5558, Test Accuracy: 0.9690
Epoch 34/100 - Train Loss: 0.4729, Train Accuracy: 1.0000, Test Loss: 0.5572, Test Accuracy: 0.9727
Epoch 35/100 - Train Loss: 0.4726, Train Accuracy: 0.9989, Test Loss: 0.5545, Test Accuracy: 0.9703
Epoch 36/100 - Train Loss: 0.4727, Train Accuracy: 0.9989, Test Loss: 0.5519, Test Accuracy: 0.9703
Epoch 37/100 - Train Loss: 0.4719, Train Accuracy: 0.9995, Test Loss: 0.5532, Test Accuracy: 0.9715
Epoch 38/100 - Train Loss: 0.4718, Train Accuracy: 0.9995, Test Loss: 0.5574, Test Accuracy: 0.9690
Epoch 39/100 - Train Loss: 0.4715, Train Accuracy: 0.9989, Test Loss: 0.5541, Test Accuracy: 0.9703
Epoch 40/100 - Train Loss: 0.4720, Train Accuracy: 0.9995, Test Loss: 0.5502, Test Accuracy: 0.9727
Epoch 41/100 - Train Loss: 0.4714, Train Accuracy: 0.9995, Test Loss: 0.5510, Test Accuracy: 0.9703
Epoch 42/100 - Train Loss: 0.4715, Train Accuracy: 0.9995, Test Loss: 0.5487, Test Accuracy: 0.9703
Epoch 43/100 - Train Loss: 0.4713, Train Accuracy: 0.9995, Test Loss: 0.5490, Test Accuracy: 0.9740
Epoch 44/100 - Train Loss: 0.4718, Train Accuracy: 0.9995, Test Loss: 0.5469, Test Accuracy: 0.9715
Epoch 45/100 - Train Loss: 0.4716, Train Accuracy: 0.9995, Test Loss: 0.5482, Test Accuracy: 0.9727
Epoch 46/100 - Train Loss: 0.4714, Train Accuracy: 0.9995, Test Loss: 0.5488, Test Accuracy: 0.9765
Epoch 47/100 - Train Loss: 0.4720, Train Accuracy: 0.9995, Test Loss: 0.5503, Test Accuracy: 0.9727
Epoch 48/100 - Train Loss: 0.4710, Train Accuracy: 0.9995, Test Loss: 0.5482, Test Accuracy: 0.9727
Epoch 49/100 - Train Loss: 0.4715, Train Accuracy: 0.9989, Test Loss: 0.5450, Test Accuracy: 0.9715
Epoch 50/100 - Train Loss: 0.4714, Train Accuracy: 1.0000, Test Loss: 0.5462, Test Accuracy: 0.9703
Epoch 51/100 - Train Loss: 0.4717, Train Accuracy: 0.9995, Test Loss: 0.5448, Test Accuracy: 0.9752
Epoch 52/100 - Train Loss: 0.4714, Train Accuracy: 0.9995, Test Loss: 0.5448, Test Accuracy: 0.9727
Epoch 53/100 - Train Loss: 0.4715, Train Accuracy: 0.9989, Test Loss: 0.5435, Test Accuracy: 0.9752
Epoch 54/100 - Train Loss: 0.4712, Train Accuracy: 0.9995, Test Loss: 0.5463, Test Accuracy: 0.9703
Epoch 55/100 - Train Loss: 0.4707, Train Accuracy: 0.9995, Test Loss: 0.5452, Test Accuracy: 0.9727
Epoch 56/100 - Train Loss: 0.4705, Train Accuracy: 0.9989, Test Loss: 0.5488, Test Accuracy: 0.9740
Epoch 57/100 - Train Loss: 0.4706, Train Accuracy: 0.9989, Test Loss: 0.5520, Test Accuracy: 0.9703
Epoch 58/100 - Train Loss: 0.4708, Train Accuracy: 0.9989, Test Loss: 0.5440, Test Accuracy: 0.9765
Epoch 59/100 - Train Loss: 0.4705, Train Accuracy: 0.9995, Test Loss: 0.5447, Test Accuracy: 0.9777
Epoch 60/100 - Train Loss: 0.4705, Train Accuracy: 0.9995, Test Loss: 0.5468, Test Accuracy: 0.9727
Epoch 61/100 - Train Loss: 0.4708, Train Accuracy: 0.9995, Test Loss: 0.5513, Test Accuracy: 0.9715
Epoch 62/100 - Train Loss: 0.4703, Train Accuracy: 0.9995, Test Loss: 0.5509, Test Accuracy: 0.9690
Epoch 63/100 - Train Loss: 0.4706, Train Accuracy: 0.9995, Test Loss: 0.5435, Test Accuracy: 0.9740
Epoch 64/100 - Train Loss: 0.4705, Train Accuracy: 0.9989, Test Loss: 0.5485, Test Accuracy: 0.9727
Epoch 65/100 - Train Loss: 0.4707, Train Accuracy: 0.9989, Test Loss: 0.5480, Test Accuracy: 0.9740
Epoch 66/100 - Train Loss: 0.4700, Train Accuracy: 0.9995, Test Loss: 0.5437, Test Accuracy: 0.9740
Epoch 67/100 - Train Loss: 0.4707, Train Accuracy: 0.9995, Test Loss: 0.5490, Test Accuracy: 0.9752
Epoch 68/100 - Train Loss: 0.4702, Train Accuracy: 0.9989, Test Loss: 0.5449, Test Accuracy: 0.9777

Early stopping triggered at epoch 68
Best test loss: 0.5435
Best test accuracy: 0.9777
Plot saved as trained_models/finetune_classifier_plus_32_layers/metrics/loss.png
Plot saved as trained_models/finetune_classifier_plus_32_layers/metrics/metrics.png

Completed experiment 9/11


================================================================================
EXPERIMENT 10/11
Training: Classifier + 36 layer(s)
Unfrozen layers: features.denseblock4.denselayer16, features.denseblock4.denselayer15, features.denseblock4.denselayer14, features.denseblock4.denselayer13, features.denseblock4.denselayer12, features.denseblock4.denselayer11, features.denseblock4.denselayer10, features.denseblock4.denselayer9, features.denseblock4.denselayer8, features.denseblock4.denselayer7, features.denseblock4.denselayer6, features.denseblock4.denselayer5, features.denseblock4.denselayer4, features.denseblock4.denselayer3, features.denseblock4.denselayer2, features.denseblock4.denselayer1, features.transition3, features.denseblock3.denselayer24, features.denseblock3.denselayer23, features.denseblock3.denselayer22, features.denseblock3.denselayer21, features.denseblock3.denselayer20, features.denseblock3.denselayer19, features.denseblock3.denselayer18, features.denseblock3.denselayer17, features.denseblock3.denselayer16, features.denseblock3.denselayer15, features.denseblock3.denselayer14, features.denseblock3.denselayer13, features.denseblock3.denselayer12, features.denseblock3.denselayer11, features.denseblock3.denselayer10, features.denseblock3.denselayer9, features.denseblock3.denselayer8, features.denseblock3.denselayer7, features.denseblock3.denselayer6, features.denseblock3.denselayer5
================================================================================

Trainable parameters: 5,223,816 / 6,962,056 (75.03%)
Epoch 1/100 - Train Loss: 1.1550, Train Accuracy: 0.7613, Test Loss: 0.6751, Test Accuracy: 0.9542
Epoch 2/100 - Train Loss: 0.6014, Train Accuracy: 0.9649, Test Loss: 0.5888, Test Accuracy: 0.9665
Epoch 3/100 - Train Loss: 0.5357, Train Accuracy: 0.9872, Test Loss: 0.5782, Test Accuracy: 0.9653
Epoch 4/100 - Train Loss: 0.5092, Train Accuracy: 0.9952, Test Loss: 0.5719, Test Accuracy: 0.9715
Epoch 5/100 - Train Loss: 0.4956, Train Accuracy: 0.9989, Test Loss: 0.5659, Test Accuracy: 0.9653
Epoch 6/100 - Train Loss: 0.4896, Train Accuracy: 0.9995, Test Loss: 0.5689, Test Accuracy: 0.9653
Epoch 7/100 - Train Loss: 0.4858, Train Accuracy: 0.9989, Test Loss: 0.5686, Test Accuracy: 0.9616
Epoch 8/100 - Train Loss: 0.4835, Train Accuracy: 1.0000, Test Loss: 0.5649, Test Accuracy: 0.9665
Epoch 9/100 - Train Loss: 0.4821, Train Accuracy: 0.9995, Test Loss: 0.5644, Test Accuracy: 0.9653
Epoch 10/100 - Train Loss: 0.4808, Train Accuracy: 0.9995, Test Loss: 0.5643, Test Accuracy: 0.9690
Epoch 11/100 - Train Loss: 0.4809, Train Accuracy: 0.9995, Test Loss: 0.5650, Test Accuracy: 0.9653
Epoch 12/100 - Train Loss: 0.4788, Train Accuracy: 1.0000, Test Loss: 0.5616, Test Accuracy: 0.9653
Epoch 13/100 - Train Loss: 0.4790, Train Accuracy: 0.9995, Test Loss: 0.5652, Test Accuracy: 0.9665
Epoch 14/100 - Train Loss: 0.4790, Train Accuracy: 0.9995, Test Loss: 0.5640, Test Accuracy: 0.9653
Epoch 15/100 - Train Loss: 0.4780, Train Accuracy: 0.9995, Test Loss: 0.5644, Test Accuracy: 0.9690
Epoch 16/100 - Train Loss: 0.4776, Train Accuracy: 1.0000, Test Loss: 0.5631, Test Accuracy: 0.9703
Epoch 17/100 - Train Loss: 0.4762, Train Accuracy: 0.9989, Test Loss: 0.5622, Test Accuracy: 0.9653
Epoch 18/100 - Train Loss: 0.4776, Train Accuracy: 0.9995, Test Loss: 0.5604, Test Accuracy: 0.9703
Epoch 19/100 - Train Loss: 0.4765, Train Accuracy: 0.9995, Test Loss: 0.5627, Test Accuracy: 0.9678
Epoch 20/100 - Train Loss: 0.4771, Train Accuracy: 0.9989, Test Loss: 0.5620, Test Accuracy: 0.9703
Epoch 21/100 - Train Loss: 0.4770, Train Accuracy: 0.9989, Test Loss: 0.5606, Test Accuracy: 0.9678
Epoch 22/100 - Train Loss: 0.4753, Train Accuracy: 0.9995, Test Loss: 0.5596, Test Accuracy: 0.9665
Epoch 23/100 - Train Loss: 0.4749, Train Accuracy: 0.9995, Test Loss: 0.5627, Test Accuracy: 0.9715
Epoch 24/100 - Train Loss: 0.4745, Train Accuracy: 0.9989, Test Loss: 0.5557, Test Accuracy: 0.9678
Epoch 25/100 - Train Loss: 0.4741, Train Accuracy: 0.9995, Test Loss: 0.5586, Test Accuracy: 0.9715
Epoch 26/100 - Train Loss: 0.4740, Train Accuracy: 0.9995, Test Loss: 0.5550, Test Accuracy: 0.9678
Epoch 27/100 - Train Loss: 0.4736, Train Accuracy: 0.9995, Test Loss: 0.5541, Test Accuracy: 0.9628
Epoch 28/100 - Train Loss: 0.4732, Train Accuracy: 0.9995, Test Loss: 0.5561, Test Accuracy: 0.9690
Epoch 29/100 - Train Loss: 0.4728, Train Accuracy: 0.9995, Test Loss: 0.5514, Test Accuracy: 0.9740
Epoch 30/100 - Train Loss: 0.4727, Train Accuracy: 0.9989, Test Loss: 0.5513, Test Accuracy: 0.9727
Epoch 31/100 - Train Loss: 0.4724, Train Accuracy: 0.9995, Test Loss: 0.5539, Test Accuracy: 0.9665
Epoch 32/100 - Train Loss: 0.4732, Train Accuracy: 0.9995, Test Loss: 0.5500, Test Accuracy: 0.9715
Epoch 33/100 - Train Loss: 0.4724, Train Accuracy: 0.9995, Test Loss: 0.5477, Test Accuracy: 0.9703
Epoch 34/100 - Train Loss: 0.4725, Train Accuracy: 0.9995, Test Loss: 0.5478, Test Accuracy: 0.9678
Epoch 35/100 - Train Loss: 0.4731, Train Accuracy: 0.9995, Test Loss: 0.5485, Test Accuracy: 0.9690
Epoch 36/100 - Train Loss: 0.4729, Train Accuracy: 0.9995, Test Loss: 0.5514, Test Accuracy: 0.9703
Epoch 37/100 - Train Loss: 0.4722, Train Accuracy: 0.9995, Test Loss: 0.5552, Test Accuracy: 0.9715
Epoch 38/100 - Train Loss: 0.4723, Train Accuracy: 0.9989, Test Loss: 0.5503, Test Accuracy: 0.9727
Epoch 39/100 - Train Loss: 0.4729, Train Accuracy: 0.9995, Test Loss: 0.5515, Test Accuracy: 0.9653
Epoch 40/100 - Train Loss: 0.4725, Train Accuracy: 0.9989, Test Loss: 0.5490, Test Accuracy: 0.9715
Epoch 41/100 - Train Loss: 0.4717, Train Accuracy: 0.9989, Test Loss: 0.5496, Test Accuracy: 0.9703
Epoch 42/100 - Train Loss: 0.4720, Train Accuracy: 0.9989, Test Loss: 0.5514, Test Accuracy: 0.9727
Epoch 43/100 - Train Loss: 0.4721, Train Accuracy: 0.9989, Test Loss: 0.5500, Test Accuracy: 0.9740
Epoch 44/100 - Train Loss: 0.4717, Train Accuracy: 0.9989, Test Loss: 0.5462, Test Accuracy: 0.9690
Epoch 45/100 - Train Loss: 0.4719, Train Accuracy: 0.9995, Test Loss: 0.5435, Test Accuracy: 0.9727
Epoch 46/100 - Train Loss: 0.4714, Train Accuracy: 0.9995, Test Loss: 0.5464, Test Accuracy: 0.9703
Epoch 47/100 - Train Loss: 0.4707, Train Accuracy: 1.0000, Test Loss: 0.5454, Test Accuracy: 0.9715
Epoch 48/100 - Train Loss: 0.4716, Train Accuracy: 0.9995, Test Loss: 0.5474, Test Accuracy: 0.9703
Epoch 49/100 - Train Loss: 0.4715, Train Accuracy: 0.9995, Test Loss: 0.5478, Test Accuracy: 0.9727
Epoch 50/100 - Train Loss: 0.4714, Train Accuracy: 0.9995, Test Loss: 0.5454, Test Accuracy: 0.9727
Epoch 51/100 - Train Loss: 0.4717, Train Accuracy: 0.9995, Test Loss: 0.5456, Test Accuracy: 0.9715
Epoch 52/100 - Train Loss: 0.4718, Train Accuracy: 0.9989, Test Loss: 0.5474, Test Accuracy: 0.9727
Epoch 53/100 - Train Loss: 0.4713, Train Accuracy: 0.9995, Test Loss: 0.5453, Test Accuracy: 0.9715
Epoch 54/100 - Train Loss: 0.4711, Train Accuracy: 0.9995, Test Loss: 0.5438, Test Accuracy: 0.9715
Epoch 55/100 - Train Loss: 0.4707, Train Accuracy: 0.9989, Test Loss: 0.5462, Test Accuracy: 0.9690
Epoch 56/100 - Train Loss: 0.4707, Train Accuracy: 0.9995, Test Loss: 0.5409, Test Accuracy: 0.9765
Epoch 57/100 - Train Loss: 0.4713, Train Accuracy: 0.9995, Test Loss: 0.5456, Test Accuracy: 0.9715
Epoch 58/100 - Train Loss: 0.4712, Train Accuracy: 0.9989, Test Loss: 0.5476, Test Accuracy: 0.9703
Epoch 59/100 - Train Loss: 0.4711, Train Accuracy: 0.9995, Test Loss: 0.5565, Test Accuracy: 0.9703
Epoch 60/100 - Train Loss: 0.4711, Train Accuracy: 0.9995, Test Loss: 0.5455, Test Accuracy: 0.9715
Epoch 61/100 - Train Loss: 0.4706, Train Accuracy: 0.9995, Test Loss: 0.5449, Test Accuracy: 0.9752
Epoch 62/100 - Train Loss: 0.4710, Train Accuracy: 0.9995, Test Loss: 0.5470, Test Accuracy: 0.9727
Epoch 63/100 - Train Loss: 0.4704, Train Accuracy: 0.9995, Test Loss: 0.5444, Test Accuracy: 0.9765
Epoch 64/100 - Train Loss: 0.4700, Train Accuracy: 0.9995, Test Loss: 0.5448, Test Accuracy: 0.9740
Epoch 65/100 - Train Loss: 0.4708, Train Accuracy: 0.9995, Test Loss: 0.5408, Test Accuracy: 0.9777
Epoch 66/100 - Train Loss: 0.4705, Train Accuracy: 0.9989, Test Loss: 0.5432, Test Accuracy: 0.9740
Epoch 67/100 - Train Loss: 0.4702, Train Accuracy: 0.9989, Test Loss: 0.5430, Test Accuracy: 0.9727
Epoch 68/100 - Train Loss: 0.4707, Train Accuracy: 0.9995, Test Loss: 0.5407, Test Accuracy: 0.9765
Epoch 69/100 - Train Loss: 0.4702, Train Accuracy: 0.9995, Test Loss: 0.5422, Test Accuracy: 0.9765
Epoch 70/100 - Train Loss: 0.4699, Train Accuracy: 0.9995, Test Loss: 0.5425, Test Accuracy: 0.9703
Epoch 71/100 - Train Loss: 0.4701, Train Accuracy: 0.9989, Test Loss: 0.5423, Test Accuracy: 0.9752

Early stopping triggered at epoch 71
Best test loss: 0.5407
Best test accuracy: 0.9777
Plot saved as trained_models/finetune_classifier_plus_36_layers/metrics/loss.png
Plot saved as trained_models/finetune_classifier_plus_36_layers/metrics/metrics.png

Completed experiment 10/11


================================================================================
EXPERIMENT 11/11
Training: Classifier + 40 layer(s)
Unfrozen layers: features.denseblock4.denselayer16, features.denseblock4.denselayer15, features.denseblock4.denselayer14, features.denseblock4.denselayer13, features.denseblock4.denselayer12, features.denseblock4.denselayer11, features.denseblock4.denselayer10, features.denseblock4.denselayer9, features.denseblock4.denselayer8, features.denseblock4.denselayer7, features.denseblock4.denselayer6, features.denseblock4.denselayer5, features.denseblock4.denselayer4, features.denseblock4.denselayer3, features.denseblock4.denselayer2, features.denseblock4.denselayer1, features.transition3, features.denseblock3.denselayer24, features.denseblock3.denselayer23, features.denseblock3.denselayer22, features.denseblock3.denselayer21, features.denseblock3.denselayer20, features.denseblock3.denselayer19, features.denseblock3.denselayer18, features.denseblock3.denselayer17, features.denseblock3.denselayer16, features.denseblock3.denselayer15, features.denseblock3.denselayer14, features.denseblock3.denselayer13, features.denseblock3.denselayer12, features.denseblock3.denselayer11, features.denseblock3.denselayer10, features.denseblock3.denselayer9, features.denseblock3.denselayer8, features.denseblock3.denselayer7, features.denseblock3.denselayer6, features.denseblock3.denselayer5, features.denseblock3.denselayer4, features.denseblock3.denselayer3, features.denseblock3.denselayer2, features.denseblock3.denselayer1
================================================================================

Trainable parameters: 5,530,376 / 6,962,056 (79.44%)
Epoch 1/100 - Train Loss: 1.1121, Train Accuracy: 0.8001, Test Loss: 0.6347, Test Accuracy: 0.9591
Epoch 2/100 - Train Loss: 0.5920, Train Accuracy: 0.9644, Test Loss: 0.5747, Test Accuracy: 0.9752
Epoch 3/100 - Train Loss: 0.5303, Train Accuracy: 0.9920, Test Loss: 0.5656, Test Accuracy: 0.9740
Epoch 4/100 - Train Loss: 0.5092, Train Accuracy: 0.9973, Test Loss: 0.5600, Test Accuracy: 0.9665
Epoch 5/100 - Train Loss: 0.4934, Train Accuracy: 0.9989, Test Loss: 0.5563, Test Accuracy: 0.9703
Epoch 6/100 - Train Loss: 0.4920, Train Accuracy: 0.9989, Test Loss: 0.5565, Test Accuracy: 0.9690
Epoch 7/100 - Train Loss: 0.4879, Train Accuracy: 0.9995, Test Loss: 0.5612, Test Accuracy: 0.9665
Epoch 8/100 - Train Loss: 0.4843, Train Accuracy: 0.9995, Test Loss: 0.5566, Test Accuracy: 0.9653
Epoch 9/100 - Train Loss: 0.4826, Train Accuracy: 0.9995, Test Loss: 0.5570, Test Accuracy: 0.9641
Epoch 10/100 - Train Loss: 0.4808, Train Accuracy: 0.9995, Test Loss: 0.5538, Test Accuracy: 0.9715
Epoch 11/100 - Train Loss: 0.4790, Train Accuracy: 0.9995, Test Loss: 0.5556, Test Accuracy: 0.9690
Epoch 12/100 - Train Loss: 0.4781, Train Accuracy: 0.9989, Test Loss: 0.5536, Test Accuracy: 0.9715
Epoch 13/100 - Train Loss: 0.4777, Train Accuracy: 0.9995, Test Loss: 0.5543, Test Accuracy: 0.9678
Epoch 14/100 - Train Loss: 0.4782, Train Accuracy: 0.9995, Test Loss: 0.5590, Test Accuracy: 0.9628
Epoch 15/100 - Train Loss: 0.4782, Train Accuracy: 0.9989, Test Loss: 0.5551, Test Accuracy: 0.9678
Epoch 16/100 - Train Loss: 0.4776, Train Accuracy: 0.9989, Test Loss: 0.5517, Test Accuracy: 0.9727
Epoch 17/100 - Train Loss: 0.4783, Train Accuracy: 0.9989, Test Loss: 0.5494, Test Accuracy: 0.9752
Epoch 18/100 - Train Loss: 0.4755, Train Accuracy: 0.9995, Test Loss: 0.5512, Test Accuracy: 0.9727
Epoch 19/100 - Train Loss: 0.4769, Train Accuracy: 0.9995, Test Loss: 0.5514, Test Accuracy: 0.9715
Epoch 20/100 - Train Loss: 0.4767, Train Accuracy: 0.9989, Test Loss: 0.5505, Test Accuracy: 0.9727
Epoch 21/100 - Train Loss: 0.4751, Train Accuracy: 0.9989, Test Loss: 0.5512, Test Accuracy: 0.9703
Epoch 22/100 - Train Loss: 0.4749, Train Accuracy: 0.9995, Test Loss: 0.5521, Test Accuracy: 0.9703
Epoch 23/100 - Train Loss: 0.4742, Train Accuracy: 0.9989, Test Loss: 0.5511, Test Accuracy: 0.9703
Epoch 24/100 - Train Loss: 0.4740, Train Accuracy: 0.9995, Test Loss: 0.5501, Test Accuracy: 0.9703
Epoch 25/100 - Train Loss: 0.4747, Train Accuracy: 0.9995, Test Loss: 0.5513, Test Accuracy: 0.9690
Epoch 26/100 - Train Loss: 0.4739, Train Accuracy: 0.9989, Test Loss: 0.5502, Test Accuracy: 0.9690
Epoch 27/100 - Train Loss: 0.4736, Train Accuracy: 0.9989, Test Loss: 0.5503, Test Accuracy: 0.9703
Epoch 28/100 - Train Loss: 0.4742, Train Accuracy: 0.9995, Test Loss: 0.5502, Test Accuracy: 0.9727
Epoch 29/100 - Train Loss: 0.4732, Train Accuracy: 0.9989, Test Loss: 0.5480, Test Accuracy: 0.9715
Epoch 30/100 - Train Loss: 0.4730, Train Accuracy: 0.9989, Test Loss: 0.5511, Test Accuracy: 0.9690
Epoch 31/100 - Train Loss: 0.4726, Train Accuracy: 0.9995, Test Loss: 0.5456, Test Accuracy: 0.9703
Epoch 32/100 - Train Loss: 0.4728, Train Accuracy: 0.9989, Test Loss: 0.5487, Test Accuracy: 0.9727
Epoch 33/100 - Train Loss: 0.4726, Train Accuracy: 0.9989, Test Loss: 0.5470, Test Accuracy: 0.9740
Epoch 34/100 - Train Loss: 0.4730, Train Accuracy: 0.9989, Test Loss: 0.5457, Test Accuracy: 0.9703
Epoch 35/100 - Train Loss: 0.4733, Train Accuracy: 0.9989, Test Loss: 0.5488, Test Accuracy: 0.9740
Epoch 36/100 - Train Loss: 0.4757, Train Accuracy: 0.9984, Test Loss: 0.5466, Test Accuracy: 0.9727
Epoch 37/100 - Train Loss: 0.4805, Train Accuracy: 0.9968, Test Loss: 0.5581, Test Accuracy: 0.9616
Epoch 38/100 - Train Loss: 0.4770, Train Accuracy: 0.9984, Test Loss: 0.5490, Test Accuracy: 0.9690
Epoch 39/100 - Train Loss: 0.4743, Train Accuracy: 0.9995, Test Loss: 0.5483, Test Accuracy: 0.9715
Epoch 40/100 - Train Loss: 0.4737, Train Accuracy: 0.9995, Test Loss: 0.5452, Test Accuracy: 0.9715
Epoch 41/100 - Train Loss: 0.4746, Train Accuracy: 0.9995, Test Loss: 0.5490, Test Accuracy: 0.9678
Epoch 42/100 - Train Loss: 0.4739, Train Accuracy: 0.9995, Test Loss: 0.5474, Test Accuracy: 0.9665
Epoch 43/100 - Train Loss: 0.4724, Train Accuracy: 0.9995, Test Loss: 0.5432, Test Accuracy: 0.9678
Epoch 44/100 - Train Loss: 0.4718, Train Accuracy: 0.9989, Test Loss: 0.5426, Test Accuracy: 0.9690
Epoch 45/100 - Train Loss: 0.4712, Train Accuracy: 0.9989, Test Loss: 0.5466, Test Accuracy: 0.9690
Epoch 46/100 - Train Loss: 0.4715, Train Accuracy: 0.9989, Test Loss: 0.5453, Test Accuracy: 0.9678
Epoch 47/100 - Train Loss: 0.4720, Train Accuracy: 0.9989, Test Loss: 0.5416, Test Accuracy: 0.9690
Epoch 48/100 - Train Loss: 0.4715, Train Accuracy: 0.9989, Test Loss: 0.5426, Test Accuracy: 0.9715
Epoch 49/100 - Train Loss: 0.4714, Train Accuracy: 0.9989, Test Loss: 0.5391, Test Accuracy: 0.9727
Epoch 50/100 - Train Loss: 0.4708, Train Accuracy: 0.9989, Test Loss: 0.5402, Test Accuracy: 0.9727
Epoch 51/100 - Train Loss: 0.4710, Train Accuracy: 0.9995, Test Loss: 0.5365, Test Accuracy: 0.9740
Epoch 52/100 - Train Loss: 0.4713, Train Accuracy: 0.9995, Test Loss: 0.5371, Test Accuracy: 0.9727
Epoch 53/100 - Train Loss: 0.4707, Train Accuracy: 0.9995, Test Loss: 0.5371, Test Accuracy: 0.9715
Epoch 54/100 - Train Loss: 0.4715, Train Accuracy: 0.9995, Test Loss: 0.5372, Test Accuracy: 0.9740
Epoch 55/100 - Train Loss: 0.4716, Train Accuracy: 0.9989, Test Loss: 0.5362, Test Accuracy: 0.9727
Epoch 56/100 - Train Loss: 0.4708, Train Accuracy: 0.9995, Test Loss: 0.5378, Test Accuracy: 0.9715
Epoch 57/100 - Train Loss: 0.4710, Train Accuracy: 0.9989, Test Loss: 0.5362, Test Accuracy: 0.9740
Epoch 58/100 - Train Loss: 0.4706, Train Accuracy: 0.9995, Test Loss: 0.5375, Test Accuracy: 0.9752
Epoch 59/100 - Train Loss: 0.4703, Train Accuracy: 0.9989, Test Loss: 0.5378, Test Accuracy: 0.9752
Epoch 60/100 - Train Loss: 0.4706, Train Accuracy: 0.9989, Test Loss: 0.5374, Test Accuracy: 0.9752
Epoch 61/100 - Train Loss: 0.4704, Train Accuracy: 0.9989, Test Loss: 0.5383, Test Accuracy: 0.9740
Epoch 62/100 - Train Loss: 0.4706, Train Accuracy: 0.9989, Test Loss: 0.5354, Test Accuracy: 0.9740
Epoch 63/100 - Train Loss: 0.4706, Train Accuracy: 0.9995, Test Loss: 0.5352, Test Accuracy: 0.9765
Epoch 64/100 - Train Loss: 0.4702, Train Accuracy: 0.9995, Test Loss: 0.5349, Test Accuracy: 0.9752
Epoch 65/100 - Train Loss: 0.4703, Train Accuracy: 0.9989, Test Loss: 0.5370, Test Accuracy: 0.9740
Epoch 66/100 - Train Loss: 0.4710, Train Accuracy: 0.9995, Test Loss: 0.5375, Test Accuracy: 0.9715
Epoch 67/100 - Train Loss: 0.4705, Train Accuracy: 0.9995, Test Loss: 0.5369, Test Accuracy: 0.9752
Epoch 68/100 - Train Loss: 0.4700, Train Accuracy: 0.9995, Test Loss: 0.5367, Test Accuracy: 0.9740
Epoch 69/100 - Train Loss: 0.4703, Train Accuracy: 0.9995, Test Loss: 0.5382, Test Accuracy: 0.9752
Epoch 70/100 - Train Loss: 0.4706, Train Accuracy: 0.9995, Test Loss: 0.5358, Test Accuracy: 0.9740
Epoch 71/100 - Train Loss: 0.4700, Train Accuracy: 0.9995, Test Loss: 0.5354, Test Accuracy: 0.9752
Epoch 72/100 - Train Loss: 0.4702, Train Accuracy: 0.9989, Test Loss: 0.5347, Test Accuracy: 0.9777
Epoch 73/100 - Train Loss: 0.4704, Train Accuracy: 0.9995, Test Loss: 0.5350, Test Accuracy: 0.9765
Epoch 74/100 - Train Loss: 0.4701, Train Accuracy: 0.9995, Test Loss: 0.5354, Test Accuracy: 0.9765
Epoch 75/100 - Train Loss: 0.4701, Train Accuracy: 0.9989, Test Loss: 0.5368, Test Accuracy: 0.9715
Epoch 76/100 - Train Loss: 0.4705, Train Accuracy: 0.9989, Test Loss: 0.5369, Test Accuracy: 0.9727
Epoch 77/100 - Train Loss: 0.4703, Train Accuracy: 0.9995, Test Loss: 0.5352, Test Accuracy: 0.9715

Early stopping triggered at epoch 77
Best test loss: 0.5347
Best test accuracy: 0.9777
Plot saved as trained_models/finetune_classifier_plus_40_layers/metrics/loss.png
Plot saved as trained_models/finetune_classifier_plus_40_layers/metrics/metrics.png

Completed experiment 11/11

All experiments completed
Total experiments run: 11
