Using GPU 0: NVIDIA GeForce RTX 3090
Total layers available to unfreeze: 61
  1. features.denseblock4.denselayer16
  2. features.denseblock4.denselayer15
  3. features.denseblock4.denselayer14
  4. features.denseblock4.denselayer13
  5. features.denseblock4.denselayer12
  6. features.denseblock4.denselayer11
  7. features.denseblock4.denselayer10
  8. features.denseblock4.denselayer9
  9. features.denseblock4.denselayer8
  10. features.denseblock4.denselayer7
  11. features.denseblock4.denselayer6
  12. features.denseblock4.denselayer5
  13. features.denseblock4.denselayer4
  14. features.denseblock4.denselayer3
  15. features.denseblock4.denselayer2
  16. features.denseblock4.denselayer1
  17. features.transition3
  18. features.denseblock3.denselayer24
  19. features.denseblock3.denselayer23
  20. features.denseblock3.denselayer22
  21. features.denseblock3.denselayer21
  22. features.denseblock3.denselayer20
  23. features.denseblock3.denselayer19
  24. features.denseblock3.denselayer18
  25. features.denseblock3.denselayer17
  26. features.denseblock3.denselayer16
  27. features.denseblock3.denselayer15
  28. features.denseblock3.denselayer14
  29. features.denseblock3.denselayer13
  30. features.denseblock3.denselayer12
  31. features.denseblock3.denselayer11
  32. features.denseblock3.denselayer10
  33. features.denseblock3.denselayer9
  34. features.denseblock3.denselayer8
  35. features.denseblock3.denselayer7
  36. features.denseblock3.denselayer6
  37. features.denseblock3.denselayer5
  38. features.denseblock3.denselayer4
  39. features.denseblock3.denselayer3
  40. features.denseblock3.denselayer2
  41. features.denseblock3.denselayer1
  42. features.transition2
  43. features.denseblock2.denselayer12
  44. features.denseblock2.denselayer11
  45. features.denseblock2.denselayer10
  46. features.denseblock2.denselayer9
  47. features.denseblock2.denselayer8
  48. features.denseblock2.denselayer7
  49. features.denseblock2.denselayer6
  50. features.denseblock2.denselayer5
  51. features.denseblock2.denselayer4
  52. features.denseblock2.denselayer3
  53. features.denseblock2.denselayer2
  54. features.denseblock2.denselayer1
  55. features.transition1
  56. features.denseblock1.denselayer6
  57. features.denseblock1.denselayer5
  58. features.denseblock1.denselayer4
  59. features.denseblock1.denselayer3
  60. features.denseblock1.denselayer2
  61. features.denseblock1.denselayer1

Will run 16 experiments with layer counts: [0, 4, 8, 12, 16, 20, 24, 28, 32, 36, 40, 44, 48, 52, 56, 58]


================================================================================
EXPERIMENT 1/16
Training: Classifier ONLY
Trainable summary:
  features.denseblock4: frozen
  features.transition3: frozen
  features.denseblock3: frozen
  features.transition2: frozen
  features.denseblock2: frozen
  features.transition1: frozen
  features.denseblock1: frozen
  classifier: TRAINABLE
================================================================================

Trainable parameters: 8,200 / 6,962,056 (0.12%)
Epoch 1/500 - Train Loss: 2.1529, Train Accuracy: 0.1175, Test Loss: 2.0951, Test Accuracy: 0.1416
Epoch 2/500 - Train Loss: 2.0791, Train Accuracy: 0.1575, Test Loss: 2.0571, Test Accuracy: 0.1687
Epoch 3/500 - Train Loss: 2.0281, Train Accuracy: 0.2075, Test Loss: 2.0197, Test Accuracy: 0.2024
Epoch 4/500 - Train Loss: 1.9848, Train Accuracy: 0.2275, Test Loss: 1.9781, Test Accuracy: 0.2491
Epoch 5/500 - Train Loss: 1.9442, Train Accuracy: 0.2950, Test Loss: 1.9349, Test Accuracy: 0.3016
Epoch 6/500 - Train Loss: 1.9007, Train Accuracy: 0.2975, Test Loss: 1.8954, Test Accuracy: 0.3413
Epoch 7/500 - Train Loss: 1.8577, Train Accuracy: 0.3700, Test Loss: 1.8576, Test Accuracy: 0.3855
Epoch 8/500 - Train Loss: 1.8204, Train Accuracy: 0.4075, Test Loss: 1.8173, Test Accuracy: 0.4231
Epoch 9/500 - Train Loss: 1.7814, Train Accuracy: 0.4500, Test Loss: 1.7793, Test Accuracy: 0.4585
Epoch 10/500 - Train Loss: 1.7508, Train Accuracy: 0.4650, Test Loss: 1.7477, Test Accuracy: 0.4939
Epoch 11/500 - Train Loss: 1.7038, Train Accuracy: 0.5325, Test Loss: 1.7188, Test Accuracy: 0.5170
Epoch 12/500 - Train Loss: 1.6637, Train Accuracy: 0.5550, Test Loss: 1.6856, Test Accuracy: 0.5472
Epoch 13/500 - Train Loss: 1.6456, Train Accuracy: 0.5900, Test Loss: 1.6559, Test Accuracy: 0.5795
Epoch 14/500 - Train Loss: 1.6087, Train Accuracy: 0.6375, Test Loss: 1.6289, Test Accuracy: 0.5988
Epoch 15/500 - Train Loss: 1.5880, Train Accuracy: 0.6550, Test Loss: 1.6009, Test Accuracy: 0.6163
Epoch 16/500 - Train Loss: 1.5447, Train Accuracy: 0.6800, Test Loss: 1.5721, Test Accuracy: 0.6377
Epoch 17/500 - Train Loss: 1.5156, Train Accuracy: 0.7200, Test Loss: 1.5465, Test Accuracy: 0.6547
Epoch 18/500 - Train Loss: 1.4856, Train Accuracy: 0.7200, Test Loss: 1.5241, Test Accuracy: 0.6722
Epoch 19/500 - Train Loss: 1.4624, Train Accuracy: 0.7475, Test Loss: 1.4979, Test Accuracy: 0.6884
Epoch 20/500 - Train Loss: 1.4341, Train Accuracy: 0.7425, Test Loss: 1.4776, Test Accuracy: 0.6980
Epoch 21/500 - Train Loss: 1.4106, Train Accuracy: 0.7800, Test Loss: 1.4534, Test Accuracy: 0.7019
Epoch 22/500 - Train Loss: 1.3853, Train Accuracy: 0.7775, Test Loss: 1.4317, Test Accuracy: 0.7142
Epoch 23/500 - Train Loss: 1.3576, Train Accuracy: 0.7975, Test Loss: 1.4096, Test Accuracy: 0.7225
Epoch 24/500 - Train Loss: 1.3426, Train Accuracy: 0.8050, Test Loss: 1.3886, Test Accuracy: 0.7325
Epoch 25/500 - Train Loss: 1.3228, Train Accuracy: 0.8025, Test Loss: 1.3690, Test Accuracy: 0.7531
Epoch 26/500 - Train Loss: 1.3024, Train Accuracy: 0.8225, Test Loss: 1.3497, Test Accuracy: 0.7609
Epoch 27/500 - Train Loss: 1.2825, Train Accuracy: 0.8275, Test Loss: 1.3300, Test Accuracy: 0.7657
Epoch 28/500 - Train Loss: 1.2677, Train Accuracy: 0.8375, Test Loss: 1.3206, Test Accuracy: 0.7762
Epoch 29/500 - Train Loss: 1.2383, Train Accuracy: 0.8500, Test Loss: 1.3014, Test Accuracy: 0.7802
Epoch 30/500 - Train Loss: 1.2457, Train Accuracy: 0.8450, Test Loss: 1.2893, Test Accuracy: 0.7797
Epoch 31/500 - Train Loss: 1.2116, Train Accuracy: 0.8650, Test Loss: 1.2691, Test Accuracy: 0.7885
Epoch 32/500 - Train Loss: 1.2044, Train Accuracy: 0.8475, Test Loss: 1.2551, Test Accuracy: 0.7976
Epoch 33/500 - Train Loss: 1.1743, Train Accuracy: 0.8675, Test Loss: 1.2390, Test Accuracy: 0.8038
Epoch 34/500 - Train Loss: 1.1667, Train Accuracy: 0.8725, Test Loss: 1.2212, Test Accuracy: 0.8108
Epoch 35/500 - Train Loss: 1.1517, Train Accuracy: 0.9050, Test Loss: 1.2140, Test Accuracy: 0.8121
Epoch 36/500 - Train Loss: 1.1253, Train Accuracy: 0.8950, Test Loss: 1.2006, Test Accuracy: 0.8156
Epoch 37/500 - Train Loss: 1.1163, Train Accuracy: 0.9000, Test Loss: 1.1852, Test Accuracy: 0.8164
Epoch 38/500 - Train Loss: 1.0982, Train Accuracy: 0.8850, Test Loss: 1.1756, Test Accuracy: 0.8191
Epoch 39/500 - Train Loss: 1.0918, Train Accuracy: 0.9175, Test Loss: 1.1630, Test Accuracy: 0.8260
Epoch 40/500 - Train Loss: 1.0727, Train Accuracy: 0.9025, Test Loss: 1.1522, Test Accuracy: 0.8291
Epoch 41/500 - Train Loss: 1.0718, Train Accuracy: 0.9100, Test Loss: 1.1398, Test Accuracy: 0.8304
Epoch 42/500 - Train Loss: 1.0526, Train Accuracy: 0.9175, Test Loss: 1.1302, Test Accuracy: 0.8339
Epoch 43/500 - Train Loss: 1.0464, Train Accuracy: 0.9100, Test Loss: 1.1193, Test Accuracy: 0.8383
Epoch 44/500 - Train Loss: 1.0285, Train Accuracy: 0.9125, Test Loss: 1.1113, Test Accuracy: 0.8392
Epoch 45/500 - Train Loss: 1.0227, Train Accuracy: 0.9150, Test Loss: 1.1013, Test Accuracy: 0.8392
Epoch 46/500 - Train Loss: 1.0172, Train Accuracy: 0.9150, Test Loss: 1.0953, Test Accuracy: 0.8396
Epoch 47/500 - Train Loss: 1.0145, Train Accuracy: 0.9275, Test Loss: 1.0885, Test Accuracy: 0.8383
Epoch 48/500 - Train Loss: 1.0053, Train Accuracy: 0.9075, Test Loss: 1.0808, Test Accuracy: 0.8361
Epoch 49/500 - Train Loss: 0.9738, Train Accuracy: 0.9350, Test Loss: 1.0666, Test Accuracy: 0.8488
Epoch 50/500 - Train Loss: 0.9771, Train Accuracy: 0.9175, Test Loss: 1.0611, Test Accuracy: 0.8488
Epoch 51/500 - Train Loss: 0.9572, Train Accuracy: 0.9325, Test Loss: 1.0571, Test Accuracy: 0.8483
Epoch 52/500 - Train Loss: 0.9843, Train Accuracy: 0.9375, Test Loss: 1.0502, Test Accuracy: 0.8562
Epoch 53/500 - Train Loss: 0.9459, Train Accuracy: 0.9275, Test Loss: 1.0449, Test Accuracy: 0.8553
Epoch 54/500 - Train Loss: 0.9329, Train Accuracy: 0.9325, Test Loss: 1.0373, Test Accuracy: 0.8549
Epoch 55/500 - Train Loss: 0.9404, Train Accuracy: 0.9325, Test Loss: 1.0304, Test Accuracy: 0.8523
Epoch 56/500 - Train Loss: 0.9402, Train Accuracy: 0.9175, Test Loss: 1.0218, Test Accuracy: 0.8536
Epoch 57/500 - Train Loss: 0.9207, Train Accuracy: 0.9250, Test Loss: 1.0111, Test Accuracy: 0.8597
Epoch 58/500 - Train Loss: 0.9104, Train Accuracy: 0.9400, Test Loss: 1.0043, Test Accuracy: 0.8615
Epoch 59/500 - Train Loss: 0.9069, Train Accuracy: 0.9175, Test Loss: 0.9973, Test Accuracy: 0.8628
Epoch 60/500 - Train Loss: 0.8999, Train Accuracy: 0.9350, Test Loss: 0.9928, Test Accuracy: 0.8663
Epoch 61/500 - Train Loss: 0.8897, Train Accuracy: 0.9300, Test Loss: 0.9869, Test Accuracy: 0.8615
Epoch 62/500 - Train Loss: 0.8844, Train Accuracy: 0.9375, Test Loss: 0.9835, Test Accuracy: 0.8654
Epoch 63/500 - Train Loss: 0.8742, Train Accuracy: 0.9575, Test Loss: 0.9807, Test Accuracy: 0.8654
Epoch 64/500 - Train Loss: 0.8857, Train Accuracy: 0.9225, Test Loss: 0.9773, Test Accuracy: 0.8658
Epoch 65/500 - Train Loss: 0.8714, Train Accuracy: 0.9225, Test Loss: 0.9692, Test Accuracy: 0.8706
Epoch 66/500 - Train Loss: 0.8673, Train Accuracy: 0.9300, Test Loss: 0.9630, Test Accuracy: 0.8706
Epoch 67/500 - Train Loss: 0.8564, Train Accuracy: 0.9325, Test Loss: 0.9596, Test Accuracy: 0.8737
Epoch 68/500 - Train Loss: 0.8506, Train Accuracy: 0.9375, Test Loss: 0.9507, Test Accuracy: 0.8711
Epoch 69/500 - Train Loss: 0.8476, Train Accuracy: 0.9450, Test Loss: 0.9505, Test Accuracy: 0.8772
Epoch 70/500 - Train Loss: 0.8465, Train Accuracy: 0.9425, Test Loss: 0.9470, Test Accuracy: 0.8789
Epoch 71/500 - Train Loss: 0.8357, Train Accuracy: 0.9475, Test Loss: 0.9419, Test Accuracy: 0.8746
Epoch 72/500 - Train Loss: 0.8523, Train Accuracy: 0.9525, Test Loss: 0.9384, Test Accuracy: 0.8785
Epoch 73/500 - Train Loss: 0.8354, Train Accuracy: 0.9475, Test Loss: 0.9355, Test Accuracy: 0.8737
Epoch 74/500 - Train Loss: 0.8266, Train Accuracy: 0.9350, Test Loss: 0.9312, Test Accuracy: 0.8715
Epoch 75/500 - Train Loss: 0.8195, Train Accuracy: 0.9450, Test Loss: 0.9287, Test Accuracy: 0.8733
Epoch 76/500 - Train Loss: 0.8201, Train Accuracy: 0.9500, Test Loss: 0.9242, Test Accuracy: 0.8724
Epoch 77/500 - Train Loss: 0.8224, Train Accuracy: 0.9475, Test Loss: 0.9179, Test Accuracy: 0.8785
Epoch 78/500 - Train Loss: 0.8012, Train Accuracy: 0.9300, Test Loss: 0.9152, Test Accuracy: 0.8785
Epoch 79/500 - Train Loss: 0.8030, Train Accuracy: 0.9550, Test Loss: 0.9124, Test Accuracy: 0.8824
Epoch 80/500 - Train Loss: 0.7959, Train Accuracy: 0.9475, Test Loss: 0.9074, Test Accuracy: 0.8816
Epoch 81/500 - Train Loss: 0.7956, Train Accuracy: 0.9400, Test Loss: 0.9057, Test Accuracy: 0.8798
Epoch 82/500 - Train Loss: 0.7772, Train Accuracy: 0.9475, Test Loss: 0.9037, Test Accuracy: 0.8824
Epoch 83/500 - Train Loss: 0.8003, Train Accuracy: 0.9450, Test Loss: 0.9003, Test Accuracy: 0.8824
Epoch 84/500 - Train Loss: 0.7871, Train Accuracy: 0.9625, Test Loss: 0.8977, Test Accuracy: 0.8816
Epoch 85/500 - Train Loss: 0.7742, Train Accuracy: 0.9575, Test Loss: 0.8946, Test Accuracy: 0.8816
Epoch 86/500 - Train Loss: 0.7713, Train Accuracy: 0.9550, Test Loss: 0.8917, Test Accuracy: 0.8798
Epoch 87/500 - Train Loss: 0.7707, Train Accuracy: 0.9500, Test Loss: 0.8854, Test Accuracy: 0.8833
Epoch 88/500 - Train Loss: 0.7746, Train Accuracy: 0.9475, Test Loss: 0.8817, Test Accuracy: 0.8851
Epoch 89/500 - Train Loss: 0.7733, Train Accuracy: 0.9575, Test Loss: 0.8806, Test Accuracy: 0.8837
Epoch 90/500 - Train Loss: 0.7599, Train Accuracy: 0.9550, Test Loss: 0.8790, Test Accuracy: 0.8881
Epoch 91/500 - Train Loss: 0.7749, Train Accuracy: 0.9450, Test Loss: 0.8758, Test Accuracy: 0.8885
Epoch 92/500 - Train Loss: 0.7588, Train Accuracy: 0.9600, Test Loss: 0.8726, Test Accuracy: 0.8872
Epoch 93/500 - Train Loss: 0.7670, Train Accuracy: 0.9575, Test Loss: 0.8703, Test Accuracy: 0.8859
Epoch 94/500 - Train Loss: 0.7552, Train Accuracy: 0.9600, Test Loss: 0.8697, Test Accuracy: 0.8864
Epoch 95/500 - Train Loss: 0.7520, Train Accuracy: 0.9650, Test Loss: 0.8676, Test Accuracy: 0.8842
Epoch 96/500 - Train Loss: 0.7477, Train Accuracy: 0.9525, Test Loss: 0.8646, Test Accuracy: 0.8881
Epoch 97/500 - Train Loss: 0.7349, Train Accuracy: 0.9600, Test Loss: 0.8635, Test Accuracy: 0.8864
Epoch 98/500 - Train Loss: 0.7449, Train Accuracy: 0.9575, Test Loss: 0.8604, Test Accuracy: 0.8859
Epoch 99/500 - Train Loss: 0.7388, Train Accuracy: 0.9550, Test Loss: 0.8574, Test Accuracy: 0.8859
Epoch 100/500 - Train Loss: 0.7361, Train Accuracy: 0.9575, Test Loss: 0.8566, Test Accuracy: 0.8846
Epoch 101/500 - Train Loss: 0.7384, Train Accuracy: 0.9625, Test Loss: 0.8547, Test Accuracy: 0.8890
Epoch 102/500 - Train Loss: 0.7275, Train Accuracy: 0.9575, Test Loss: 0.8547, Test Accuracy: 0.8885
Epoch 103/500 - Train Loss: 0.7372, Train Accuracy: 0.9550, Test Loss: 0.8511, Test Accuracy: 0.8872
Epoch 104/500 - Train Loss: 0.7256, Train Accuracy: 0.9725, Test Loss: 0.8499, Test Accuracy: 0.8885
Epoch 105/500 - Train Loss: 0.7267, Train Accuracy: 0.9600, Test Loss: 0.8495, Test Accuracy: 0.8859
Epoch 106/500 - Train Loss: 0.7255, Train Accuracy: 0.9625, Test Loss: 0.8479, Test Accuracy: 0.8872
Epoch 107/500 - Train Loss: 0.7293, Train Accuracy: 0.9575, Test Loss: 0.8463, Test Accuracy: 0.8885
Epoch 108/500 - Train Loss: 0.7307, Train Accuracy: 0.9575, Test Loss: 0.8443, Test Accuracy: 0.8868
Epoch 109/500 - Train Loss: 0.7231, Train Accuracy: 0.9575, Test Loss: 0.8403, Test Accuracy: 0.8859
Epoch 110/500 - Train Loss: 0.7120, Train Accuracy: 0.9550, Test Loss: 0.8394, Test Accuracy: 0.8877
Epoch 111/500 - Train Loss: 0.7109, Train Accuracy: 0.9675, Test Loss: 0.8393, Test Accuracy: 0.8890
Epoch 112/500 - Train Loss: 0.7120, Train Accuracy: 0.9650, Test Loss: 0.8371, Test Accuracy: 0.8903
Epoch 113/500 - Train Loss: 0.7075, Train Accuracy: 0.9675, Test Loss: 0.8353, Test Accuracy: 0.8859
Epoch 114/500 - Train Loss: 0.7203, Train Accuracy: 0.9500, Test Loss: 0.8343, Test Accuracy: 0.8877
Epoch 115/500 - Train Loss: 0.7117, Train Accuracy: 0.9525, Test Loss: 0.8313, Test Accuracy: 0.8890
Epoch 116/500 - Train Loss: 0.7041, Train Accuracy: 0.9550, Test Loss: 0.8305, Test Accuracy: 0.8894
Epoch 117/500 - Train Loss: 0.7023, Train Accuracy: 0.9600, Test Loss: 0.8279, Test Accuracy: 0.8912
Epoch 118/500 - Train Loss: 0.7014, Train Accuracy: 0.9700, Test Loss: 0.8262, Test Accuracy: 0.8916
Epoch 119/500 - Train Loss: 0.6994, Train Accuracy: 0.9675, Test Loss: 0.8243, Test Accuracy: 0.8920
Epoch 120/500 - Train Loss: 0.7051, Train Accuracy: 0.9575, Test Loss: 0.8241, Test Accuracy: 0.8890
Epoch 121/500 - Train Loss: 0.6963, Train Accuracy: 0.9675, Test Loss: 0.8240, Test Accuracy: 0.8877
Epoch 122/500 - Train Loss: 0.6995, Train Accuracy: 0.9625, Test Loss: 0.8218, Test Accuracy: 0.8894
Epoch 123/500 - Train Loss: 0.6911, Train Accuracy: 0.9700, Test Loss: 0.8198, Test Accuracy: 0.8925
Epoch 124/500 - Train Loss: 0.6953, Train Accuracy: 0.9575, Test Loss: 0.8187, Test Accuracy: 0.8947
Epoch 125/500 - Train Loss: 0.6860, Train Accuracy: 0.9675, Test Loss: 0.8202, Test Accuracy: 0.8872
Epoch 126/500 - Train Loss: 0.6922, Train Accuracy: 0.9675, Test Loss: 0.8184, Test Accuracy: 0.8907
Epoch 127/500 - Train Loss: 0.6878, Train Accuracy: 0.9725, Test Loss: 0.8157, Test Accuracy: 0.8916
Epoch 128/500 - Train Loss: 0.6937, Train Accuracy: 0.9650, Test Loss: 0.8162, Test Accuracy: 0.8885
Epoch 129/500 - Train Loss: 0.6829, Train Accuracy: 0.9675, Test Loss: 0.8136, Test Accuracy: 0.8929
Epoch 130/500 - Train Loss: 0.6919, Train Accuracy: 0.9600, Test Loss: 0.8138, Test Accuracy: 0.8899
Epoch 131/500 - Train Loss: 0.6867, Train Accuracy: 0.9675, Test Loss: 0.8126, Test Accuracy: 0.8920
Epoch 132/500 - Train Loss: 0.6861, Train Accuracy: 0.9650, Test Loss: 0.8123, Test Accuracy: 0.8934
Epoch 133/500 - Train Loss: 0.6786, Train Accuracy: 0.9725, Test Loss: 0.8116, Test Accuracy: 0.8916
Epoch 134/500 - Train Loss: 0.6754, Train Accuracy: 0.9775, Test Loss: 0.8108, Test Accuracy: 0.8885
Epoch 135/500 - Train Loss: 0.6676, Train Accuracy: 0.9725, Test Loss: 0.8086, Test Accuracy: 0.8890
Epoch 136/500 - Train Loss: 0.6693, Train Accuracy: 0.9650, Test Loss: 0.8079, Test Accuracy: 0.8877
Epoch 137/500 - Train Loss: 0.6722, Train Accuracy: 0.9725, Test Loss: 0.8075, Test Accuracy: 0.8907
Epoch 138/500 - Train Loss: 0.6673, Train Accuracy: 0.9725, Test Loss: 0.8065, Test Accuracy: 0.8947
Epoch 139/500 - Train Loss: 0.6682, Train Accuracy: 0.9675, Test Loss: 0.8054, Test Accuracy: 0.8951
Epoch 140/500 - Train Loss: 0.6718, Train Accuracy: 0.9750, Test Loss: 0.8042, Test Accuracy: 0.8912
Epoch 141/500 - Train Loss: 0.6792, Train Accuracy: 0.9775, Test Loss: 0.8036, Test Accuracy: 0.8929
Epoch 142/500 - Train Loss: 0.6667, Train Accuracy: 0.9700, Test Loss: 0.8023, Test Accuracy: 0.8929
Epoch 143/500 - Train Loss: 0.6573, Train Accuracy: 0.9725, Test Loss: 0.8022, Test Accuracy: 0.8947
Epoch 144/500 - Train Loss: 0.6571, Train Accuracy: 0.9625, Test Loss: 0.8010, Test Accuracy: 0.8938
Epoch 145/500 - Train Loss: 0.6631, Train Accuracy: 0.9700, Test Loss: 0.7998, Test Accuracy: 0.8903
Epoch 146/500 - Train Loss: 0.6636, Train Accuracy: 0.9675, Test Loss: 0.7979, Test Accuracy: 0.8894
Epoch 147/500 - Train Loss: 0.6522, Train Accuracy: 0.9800, Test Loss: 0.7987, Test Accuracy: 0.8916
Epoch 148/500 - Train Loss: 0.6575, Train Accuracy: 0.9775, Test Loss: 0.7978, Test Accuracy: 0.8934
Epoch 149/500 - Train Loss: 0.6597, Train Accuracy: 0.9700, Test Loss: 0.7968, Test Accuracy: 0.8938
Epoch 150/500 - Train Loss: 0.6513, Train Accuracy: 0.9750, Test Loss: 0.7953, Test Accuracy: 0.8938
Epoch 151/500 - Train Loss: 0.6613, Train Accuracy: 0.9650, Test Loss: 0.7941, Test Accuracy: 0.8960
Epoch 152/500 - Train Loss: 0.6613, Train Accuracy: 0.9825, Test Loss: 0.7934, Test Accuracy: 0.8929
Epoch 153/500 - Train Loss: 0.6545, Train Accuracy: 0.9800, Test Loss: 0.7936, Test Accuracy: 0.8951
Epoch 154/500 - Train Loss: 0.6469, Train Accuracy: 0.9800, Test Loss: 0.7944, Test Accuracy: 0.8951
Epoch 155/500 - Train Loss: 0.6499, Train Accuracy: 0.9800, Test Loss: 0.7968, Test Accuracy: 0.8934
Epoch 156/500 - Train Loss: 0.6536, Train Accuracy: 0.9700, Test Loss: 0.7946, Test Accuracy: 0.8947
Epoch 157/500 - Train Loss: 0.6509, Train Accuracy: 0.9725, Test Loss: 0.7926, Test Accuracy: 0.8947
Epoch 158/500 - Train Loss: 0.6439, Train Accuracy: 0.9775, Test Loss: 0.7904, Test Accuracy: 0.8925
Epoch 159/500 - Train Loss: 0.6395, Train Accuracy: 0.9825, Test Loss: 0.7894, Test Accuracy: 0.8920
Epoch 160/500 - Train Loss: 0.6398, Train Accuracy: 0.9750, Test Loss: 0.7886, Test Accuracy: 0.8951
Epoch 161/500 - Train Loss: 0.6506, Train Accuracy: 0.9725, Test Loss: 0.7890, Test Accuracy: 0.8938
Epoch 162/500 - Train Loss: 0.6408, Train Accuracy: 0.9775, Test Loss: 0.7872, Test Accuracy: 0.8951
Epoch 163/500 - Train Loss: 0.6358, Train Accuracy: 0.9850, Test Loss: 0.7895, Test Accuracy: 0.8942
Epoch 164/500 - Train Loss: 0.6399, Train Accuracy: 0.9725, Test Loss: 0.7876, Test Accuracy: 0.8955
Epoch 165/500 - Train Loss: 0.6370, Train Accuracy: 0.9825, Test Loss: 0.7878, Test Accuracy: 0.8947
Epoch 166/500 - Train Loss: 0.6389, Train Accuracy: 0.9725, Test Loss: 0.7863, Test Accuracy: 0.8951
Epoch 167/500 - Train Loss: 0.6402, Train Accuracy: 0.9725, Test Loss: 0.7872, Test Accuracy: 0.8942
Epoch 168/500 - Train Loss: 0.6350, Train Accuracy: 0.9750, Test Loss: 0.7862, Test Accuracy: 0.8960
Epoch 169/500 - Train Loss: 0.6390, Train Accuracy: 0.9750, Test Loss: 0.7859, Test Accuracy: 0.8934
Epoch 170/500 - Train Loss: 0.6426, Train Accuracy: 0.9750, Test Loss: 0.7840, Test Accuracy: 0.8947
Epoch 171/500 - Train Loss: 0.6344, Train Accuracy: 0.9775, Test Loss: 0.7852, Test Accuracy: 0.8960
Epoch 172/500 - Train Loss: 0.6264, Train Accuracy: 0.9900, Test Loss: 0.7837, Test Accuracy: 0.8973
Epoch 173/500 - Train Loss: 0.6382, Train Accuracy: 0.9800, Test Loss: 0.7848, Test Accuracy: 0.8942
Epoch 174/500 - Train Loss: 0.6294, Train Accuracy: 0.9775, Test Loss: 0.7841, Test Accuracy: 0.8973
Epoch 175/500 - Train Loss: 0.6326, Train Accuracy: 0.9800, Test Loss: 0.7838, Test Accuracy: 0.8947
Epoch 176/500 - Train Loss: 0.6346, Train Accuracy: 0.9800, Test Loss: 0.7796, Test Accuracy: 0.8960
Epoch 177/500 - Train Loss: 0.6368, Train Accuracy: 0.9675, Test Loss: 0.7807, Test Accuracy: 0.8964
Epoch 178/500 - Train Loss: 0.6342, Train Accuracy: 0.9850, Test Loss: 0.7793, Test Accuracy: 0.8942
Epoch 179/500 - Train Loss: 0.6198, Train Accuracy: 0.9800, Test Loss: 0.7790, Test Accuracy: 0.8947
Epoch 180/500 - Train Loss: 0.6243, Train Accuracy: 0.9750, Test Loss: 0.7779, Test Accuracy: 0.8973
Epoch 181/500 - Train Loss: 0.6291, Train Accuracy: 0.9750, Test Loss: 0.7782, Test Accuracy: 0.8982
Epoch 182/500 - Train Loss: 0.6238, Train Accuracy: 0.9825, Test Loss: 0.7781, Test Accuracy: 0.8964
Epoch 183/500 - Train Loss: 0.6209, Train Accuracy: 0.9825, Test Loss: 0.7783, Test Accuracy: 0.8977
Epoch 184/500 - Train Loss: 0.6204, Train Accuracy: 0.9825, Test Loss: 0.7785, Test Accuracy: 0.8969
Epoch 185/500 - Train Loss: 0.6190, Train Accuracy: 0.9850, Test Loss: 0.7771, Test Accuracy: 0.9003
Epoch 186/500 - Train Loss: 0.6191, Train Accuracy: 0.9775, Test Loss: 0.7775, Test Accuracy: 0.8964
Epoch 187/500 - Train Loss: 0.6155, Train Accuracy: 0.9800, Test Loss: 0.7768, Test Accuracy: 0.8960
Epoch 188/500 - Train Loss: 0.6178, Train Accuracy: 0.9825, Test Loss: 0.7766, Test Accuracy: 0.8995
Epoch 189/500 - Train Loss: 0.6171, Train Accuracy: 0.9850, Test Loss: 0.7750, Test Accuracy: 0.8990
Epoch 190/500 - Train Loss: 0.6181, Train Accuracy: 0.9800, Test Loss: 0.7754, Test Accuracy: 0.8977
Epoch 191/500 - Train Loss: 0.6198, Train Accuracy: 0.9850, Test Loss: 0.7762, Test Accuracy: 0.8964
Epoch 192/500 - Train Loss: 0.6135, Train Accuracy: 0.9800, Test Loss: 0.7744, Test Accuracy: 0.8955
Epoch 193/500 - Train Loss: 0.6219, Train Accuracy: 0.9825, Test Loss: 0.7742, Test Accuracy: 0.8960
Epoch 194/500 - Train Loss: 0.6118, Train Accuracy: 0.9825, Test Loss: 0.7751, Test Accuracy: 0.8982
Epoch 195/500 - Train Loss: 0.6155, Train Accuracy: 0.9850, Test Loss: 0.7752, Test Accuracy: 0.8990
Epoch 196/500 - Train Loss: 0.6112, Train Accuracy: 0.9850, Test Loss: 0.7746, Test Accuracy: 0.8964
Epoch 197/500 - Train Loss: 0.6161, Train Accuracy: 0.9850, Test Loss: 0.7747, Test Accuracy: 0.8969
Epoch 198/500 - Train Loss: 0.6143, Train Accuracy: 0.9750, Test Loss: 0.7738, Test Accuracy: 0.8973
Epoch 199/500 - Train Loss: 0.6159, Train Accuracy: 0.9800, Test Loss: 0.7732, Test Accuracy: 0.8973
Epoch 200/500 - Train Loss: 0.6157, Train Accuracy: 0.9825, Test Loss: 0.7732, Test Accuracy: 0.8982
Epoch 201/500 - Train Loss: 0.6179, Train Accuracy: 0.9850, Test Loss: 0.7730, Test Accuracy: 0.8973
Epoch 202/500 - Train Loss: 0.6093, Train Accuracy: 0.9850, Test Loss: 0.7728, Test Accuracy: 0.8982
Epoch 203/500 - Train Loss: 0.6140, Train Accuracy: 0.9725, Test Loss: 0.7715, Test Accuracy: 0.8973
Epoch 204/500 - Train Loss: 0.6067, Train Accuracy: 0.9775, Test Loss: 0.7707, Test Accuracy: 0.8964
Epoch 205/500 - Train Loss: 0.6214, Train Accuracy: 0.9800, Test Loss: 0.7704, Test Accuracy: 0.8999
Epoch 206/500 - Train Loss: 0.6022, Train Accuracy: 0.9875, Test Loss: 0.7711, Test Accuracy: 0.8973
Epoch 207/500 - Train Loss: 0.6180, Train Accuracy: 0.9700, Test Loss: 0.7708, Test Accuracy: 0.8982
Epoch 208/500 - Train Loss: 0.6026, Train Accuracy: 0.9900, Test Loss: 0.7691, Test Accuracy: 0.8982
Epoch 209/500 - Train Loss: 0.6118, Train Accuracy: 0.9800, Test Loss: 0.7685, Test Accuracy: 0.8990
Epoch 210/500 - Train Loss: 0.6160, Train Accuracy: 0.9800, Test Loss: 0.7701, Test Accuracy: 0.8964
Epoch 211/500 - Train Loss: 0.6042, Train Accuracy: 0.9800, Test Loss: 0.7691, Test Accuracy: 0.8964
Epoch 212/500 - Train Loss: 0.6033, Train Accuracy: 0.9850, Test Loss: 0.7679, Test Accuracy: 0.8982
Epoch 213/500 - Train Loss: 0.6021, Train Accuracy: 0.9900, Test Loss: 0.7668, Test Accuracy: 0.8982
Epoch 214/500 - Train Loss: 0.6065, Train Accuracy: 0.9800, Test Loss: 0.7670, Test Accuracy: 0.9025
Epoch 215/500 - Train Loss: 0.6029, Train Accuracy: 0.9825, Test Loss: 0.7665, Test Accuracy: 0.9012
Epoch 216/500 - Train Loss: 0.5996, Train Accuracy: 0.9800, Test Loss: 0.7661, Test Accuracy: 0.9008
Epoch 217/500 - Train Loss: 0.5942, Train Accuracy: 0.9900, Test Loss: 0.7665, Test Accuracy: 0.9008
Epoch 218/500 - Train Loss: 0.5950, Train Accuracy: 0.9825, Test Loss: 0.7655, Test Accuracy: 0.9017
Epoch 219/500 - Train Loss: 0.5983, Train Accuracy: 0.9850, Test Loss: 0.7663, Test Accuracy: 0.8999
Epoch 220/500 - Train Loss: 0.6044, Train Accuracy: 0.9875, Test Loss: 0.7665, Test Accuracy: 0.8982
Epoch 221/500 - Train Loss: 0.6025, Train Accuracy: 0.9900, Test Loss: 0.7669, Test Accuracy: 0.9003
Epoch 222/500 - Train Loss: 0.5978, Train Accuracy: 0.9875, Test Loss: 0.7676, Test Accuracy: 0.8990
Epoch 223/500 - Train Loss: 0.5962, Train Accuracy: 0.9875, Test Loss: 0.7657, Test Accuracy: 0.9003
Epoch 224/500 - Train Loss: 0.5966, Train Accuracy: 0.9875, Test Loss: 0.7666, Test Accuracy: 0.8986
Epoch 225/500 - Train Loss: 0.6002, Train Accuracy: 0.9850, Test Loss: 0.7661, Test Accuracy: 0.9008
Epoch 226/500 - Train Loss: 0.5958, Train Accuracy: 0.9825, Test Loss: 0.7666, Test Accuracy: 0.8973
Epoch 227/500 - Train Loss: 0.5937, Train Accuracy: 0.9875, Test Loss: 0.7668, Test Accuracy: 0.8990
Epoch 228/500 - Train Loss: 0.5981, Train Accuracy: 0.9875, Test Loss: 0.7657, Test Accuracy: 0.8977
Epoch 229/500 - Train Loss: 0.5942, Train Accuracy: 0.9850, Test Loss: 0.7650, Test Accuracy: 0.8990
Epoch 230/500 - Train Loss: 0.5963, Train Accuracy: 0.9875, Test Loss: 0.7660, Test Accuracy: 0.9008
Epoch 231/500 - Train Loss: 0.5913, Train Accuracy: 0.9900, Test Loss: 0.7640, Test Accuracy: 0.8990
Epoch 232/500 - Train Loss: 0.5931, Train Accuracy: 0.9875, Test Loss: 0.7648, Test Accuracy: 0.9021
Epoch 233/500 - Train Loss: 0.5875, Train Accuracy: 0.9850, Test Loss: 0.7650, Test Accuracy: 0.9003
Epoch 234/500 - Train Loss: 0.5860, Train Accuracy: 0.9925, Test Loss: 0.7648, Test Accuracy: 0.9008
Epoch 235/500 - Train Loss: 0.5949, Train Accuracy: 0.9825, Test Loss: 0.7650, Test Accuracy: 0.9003
Epoch 236/500 - Train Loss: 0.5978, Train Accuracy: 0.9875, Test Loss: 0.7630, Test Accuracy: 0.8977
Epoch 237/500 - Train Loss: 0.5908, Train Accuracy: 0.9900, Test Loss: 0.7636, Test Accuracy: 0.8964
Epoch 238/500 - Train Loss: 0.5919, Train Accuracy: 0.9875, Test Loss: 0.7627, Test Accuracy: 0.9012
Epoch 239/500 - Train Loss: 0.5882, Train Accuracy: 0.9950, Test Loss: 0.7620, Test Accuracy: 0.8990
Epoch 240/500 - Train Loss: 0.5873, Train Accuracy: 0.9900, Test Loss: 0.7616, Test Accuracy: 0.9030
Epoch 241/500 - Train Loss: 0.5873, Train Accuracy: 0.9900, Test Loss: 0.7629, Test Accuracy: 0.9003
Epoch 242/500 - Train Loss: 0.5880, Train Accuracy: 0.9875, Test Loss: 0.7631, Test Accuracy: 0.8986
Epoch 243/500 - Train Loss: 0.5830, Train Accuracy: 0.9875, Test Loss: 0.7628, Test Accuracy: 0.8986
Epoch 244/500 - Train Loss: 0.5820, Train Accuracy: 0.9925, Test Loss: 0.7629, Test Accuracy: 0.9017
Epoch 245/500 - Train Loss: 0.5896, Train Accuracy: 0.9900, Test Loss: 0.7619, Test Accuracy: 0.9012
Epoch 246/500 - Train Loss: 0.5874, Train Accuracy: 0.9825, Test Loss: 0.7615, Test Accuracy: 0.8995
Epoch 247/500 - Train Loss: 0.5844, Train Accuracy: 0.9925, Test Loss: 0.7623, Test Accuracy: 0.8986
Epoch 248/500 - Train Loss: 0.5821, Train Accuracy: 0.9900, Test Loss: 0.7620, Test Accuracy: 0.8986
Epoch 249/500 - Train Loss: 0.5850, Train Accuracy: 0.9975, Test Loss: 0.7629, Test Accuracy: 0.8977
Epoch 250/500 - Train Loss: 0.5844, Train Accuracy: 0.9925, Test Loss: 0.7607, Test Accuracy: 0.9025
Epoch 251/500 - Train Loss: 0.5811, Train Accuracy: 0.9925, Test Loss: 0.7599, Test Accuracy: 0.9017
Epoch 252/500 - Train Loss: 0.5849, Train Accuracy: 0.9850, Test Loss: 0.7612, Test Accuracy: 0.8986
Epoch 253/500 - Train Loss: 0.5823, Train Accuracy: 0.9900, Test Loss: 0.7598, Test Accuracy: 0.9003
Epoch 254/500 - Train Loss: 0.5765, Train Accuracy: 0.9950, Test Loss: 0.7619, Test Accuracy: 0.8999
Epoch 255/500 - Train Loss: 0.5764, Train Accuracy: 0.9975, Test Loss: 0.7605, Test Accuracy: 0.9021
Epoch 256/500 - Train Loss: 0.5775, Train Accuracy: 0.9975, Test Loss: 0.7608, Test Accuracy: 0.9030
Epoch 257/500 - Train Loss: 0.5750, Train Accuracy: 0.9900, Test Loss: 0.7619, Test Accuracy: 0.8990
Epoch 258/500 - Train Loss: 0.5859, Train Accuracy: 0.9875, Test Loss: 0.7602, Test Accuracy: 0.8995
Epoch 259/500 - Train Loss: 0.5865, Train Accuracy: 0.9900, Test Loss: 0.7614, Test Accuracy: 0.8986
Epoch 260/500 - Train Loss: 0.5750, Train Accuracy: 0.9950, Test Loss: 0.7616, Test Accuracy: 0.8986
Epoch 261/500 - Train Loss: 0.5831, Train Accuracy: 0.9950, Test Loss: 0.7594, Test Accuracy: 0.9021
Epoch 262/500 - Train Loss: 0.5711, Train Accuracy: 0.9975, Test Loss: 0.7590, Test Accuracy: 0.9021
Epoch 263/500 - Train Loss: 0.5778, Train Accuracy: 0.9925, Test Loss: 0.7590, Test Accuracy: 0.8999
Epoch 264/500 - Train Loss: 0.5794, Train Accuracy: 0.9900, Test Loss: 0.7593, Test Accuracy: 0.8999
Epoch 265/500 - Train Loss: 0.5868, Train Accuracy: 0.9850, Test Loss: 0.7583, Test Accuracy: 0.9021
Epoch 266/500 - Train Loss: 0.5731, Train Accuracy: 0.9925, Test Loss: 0.7590, Test Accuracy: 0.8999
Epoch 267/500 - Train Loss: 0.5764, Train Accuracy: 0.9900, Test Loss: 0.7588, Test Accuracy: 0.9008
Epoch 268/500 - Train Loss: 0.5784, Train Accuracy: 0.9950, Test Loss: 0.7604, Test Accuracy: 0.8999
Epoch 269/500 - Train Loss: 0.5762, Train Accuracy: 0.9950, Test Loss: 0.7588, Test Accuracy: 0.8995
Epoch 270/500 - Train Loss: 0.5797, Train Accuracy: 0.9925, Test Loss: 0.7580, Test Accuracy: 0.9030
Epoch 271/500 - Train Loss: 0.5806, Train Accuracy: 0.9950, Test Loss: 0.7586, Test Accuracy: 0.8990
Epoch 272/500 - Train Loss: 0.5790, Train Accuracy: 0.9925, Test Loss: 0.7596, Test Accuracy: 0.8999
Epoch 273/500 - Train Loss: 0.5779, Train Accuracy: 0.9875, Test Loss: 0.7593, Test Accuracy: 0.9012
Epoch 274/500 - Train Loss: 0.5802, Train Accuracy: 0.9875, Test Loss: 0.7585, Test Accuracy: 0.9017
Epoch 275/500 - Train Loss: 0.5706, Train Accuracy: 0.9975, Test Loss: 0.7589, Test Accuracy: 0.8990
Epoch 276/500 - Train Loss: 0.5765, Train Accuracy: 0.9900, Test Loss: 0.7574, Test Accuracy: 0.8995
Epoch 277/500 - Train Loss: 0.5703, Train Accuracy: 0.9975, Test Loss: 0.7560, Test Accuracy: 0.9017
Epoch 278/500 - Train Loss: 0.5710, Train Accuracy: 0.9925, Test Loss: 0.7575, Test Accuracy: 0.8999
Epoch 279/500 - Train Loss: 0.5770, Train Accuracy: 0.9975, Test Loss: 0.7574, Test Accuracy: 0.8986
Epoch 280/500 - Train Loss: 0.5738, Train Accuracy: 0.9925, Test Loss: 0.7586, Test Accuracy: 0.9008
Epoch 281/500 - Train Loss: 0.5753, Train Accuracy: 0.9950, Test Loss: 0.7579, Test Accuracy: 0.8982
Epoch 282/500 - Train Loss: 0.5776, Train Accuracy: 0.9950, Test Loss: 0.7560, Test Accuracy: 0.9008
Epoch 283/500 - Train Loss: 0.5720, Train Accuracy: 0.9975, Test Loss: 0.7558, Test Accuracy: 0.9021
Epoch 284/500 - Train Loss: 0.5697, Train Accuracy: 0.9950, Test Loss: 0.7568, Test Accuracy: 0.9025
Epoch 285/500 - Train Loss: 0.5744, Train Accuracy: 0.9975, Test Loss: 0.7579, Test Accuracy: 0.8995
Epoch 286/500 - Train Loss: 0.5740, Train Accuracy: 0.9950, Test Loss: 0.7555, Test Accuracy: 0.8990
Epoch 287/500 - Train Loss: 0.5710, Train Accuracy: 0.9975, Test Loss: 0.7564, Test Accuracy: 0.9017
Epoch 288/500 - Train Loss: 0.5721, Train Accuracy: 0.9950, Test Loss: 0.7566, Test Accuracy: 0.9030
Epoch 289/500 - Train Loss: 0.5699, Train Accuracy: 0.9975, Test Loss: 0.7557, Test Accuracy: 0.9021
Epoch 290/500 - Train Loss: 0.5675, Train Accuracy: 0.9950, Test Loss: 0.7567, Test Accuracy: 0.9021
Epoch 291/500 - Train Loss: 0.5668, Train Accuracy: 1.0000, Test Loss: 0.7577, Test Accuracy: 0.9008
Epoch 292/500 - Train Loss: 0.5730, Train Accuracy: 0.9975, Test Loss: 0.7571, Test Accuracy: 0.9012

Early stopping triggered at epoch 292
Best test loss: 0.7555
Best test accuracy: 0.9030
Plot saved as trained_models/finetune_classifier_only_small_dataset/metrics/loss.png
Plot saved as trained_models/finetune_classifier_only_small_dataset/metrics/metrics.png

Completed experiment 1/16


================================================================================
EXPERIMENT 2/16
Training: Classifier + 4 denselayer(s)
Trainable summary:
  features.denseblock4: TRAINABLE
  features.transition3: frozen
  features.denseblock3: frozen
  features.transition2: frozen
  features.denseblock2: frozen
  features.transition1: frozen
  features.denseblock1: frozen
  classifier: TRAINABLE
================================================================================

Trainable parameters: 647,560 / 6,962,056 (9.30%)
Epoch 1/500 - Train Loss: 2.0541, Train Accuracy: 0.1975, Test Loss: 2.0036, Test Accuracy: 0.2382
Epoch 2/500 - Train Loss: 1.8294, Train Accuracy: 0.4150, Test Loss: 1.8212, Test Accuracy: 0.4292
Epoch 3/500 - Train Loss: 1.6524, Train Accuracy: 0.6050, Test Loss: 1.6704, Test Accuracy: 0.5743
Epoch 4/500 - Train Loss: 1.5188, Train Accuracy: 0.7050, Test Loss: 1.5491, Test Accuracy: 0.6595
Epoch 5/500 - Train Loss: 1.3853, Train Accuracy: 0.7800, Test Loss: 1.4481, Test Accuracy: 0.7273
Epoch 6/500 - Train Loss: 1.2788, Train Accuracy: 0.8350, Test Loss: 1.3577, Test Accuracy: 0.7692
Epoch 7/500 - Train Loss: 1.1830, Train Accuracy: 0.8800, Test Loss: 1.2722, Test Accuracy: 0.8033
Epoch 8/500 - Train Loss: 1.1052, Train Accuracy: 0.9050, Test Loss: 1.1956, Test Accuracy: 0.8365
Epoch 9/500 - Train Loss: 1.0363, Train Accuracy: 0.9425, Test Loss: 1.1364, Test Accuracy: 0.8558
Epoch 10/500 - Train Loss: 0.9772, Train Accuracy: 0.9450, Test Loss: 1.0802, Test Accuracy: 0.8693
Epoch 11/500 - Train Loss: 0.9367, Train Accuracy: 0.9500, Test Loss: 1.0351, Test Accuracy: 0.8741
Epoch 12/500 - Train Loss: 0.8756, Train Accuracy: 0.9650, Test Loss: 0.9978, Test Accuracy: 0.8842
Epoch 13/500 - Train Loss: 0.8523, Train Accuracy: 0.9600, Test Loss: 0.9594, Test Accuracy: 0.8885
Epoch 14/500 - Train Loss: 0.8015, Train Accuracy: 0.9725, Test Loss: 0.9345, Test Accuracy: 0.8903
Epoch 15/500 - Train Loss: 0.7682, Train Accuracy: 0.9700, Test Loss: 0.9093, Test Accuracy: 0.8960
Epoch 16/500 - Train Loss: 0.7396, Train Accuracy: 0.9800, Test Loss: 0.8884, Test Accuracy: 0.9030
Epoch 17/500 - Train Loss: 0.7101, Train Accuracy: 0.9850, Test Loss: 0.8708, Test Accuracy: 0.9056
Epoch 18/500 - Train Loss: 0.6923, Train Accuracy: 0.9850, Test Loss: 0.8573, Test Accuracy: 0.9095
Epoch 19/500 - Train Loss: 0.6739, Train Accuracy: 0.9875, Test Loss: 0.8409, Test Accuracy: 0.9117
Epoch 20/500 - Train Loss: 0.6508, Train Accuracy: 0.9925, Test Loss: 0.8256, Test Accuracy: 0.9130
Epoch 21/500 - Train Loss: 0.6350, Train Accuracy: 0.9900, Test Loss: 0.8171, Test Accuracy: 0.9117
Epoch 22/500 - Train Loss: 0.6280, Train Accuracy: 0.9875, Test Loss: 0.8068, Test Accuracy: 0.9165
Epoch 23/500 - Train Loss: 0.6017, Train Accuracy: 0.9925, Test Loss: 0.7965, Test Accuracy: 0.9191
Epoch 24/500 - Train Loss: 0.5958, Train Accuracy: 0.9900, Test Loss: 0.7855, Test Accuracy: 0.9240
Epoch 25/500 - Train Loss: 0.5744, Train Accuracy: 0.9950, Test Loss: 0.7801, Test Accuracy: 0.9226
Epoch 26/500 - Train Loss: 0.5792, Train Accuracy: 0.9925, Test Loss: 0.7738, Test Accuracy: 0.9226
Epoch 27/500 - Train Loss: 0.5694, Train Accuracy: 0.9925, Test Loss: 0.7697, Test Accuracy: 0.9205
Epoch 28/500 - Train Loss: 0.5582, Train Accuracy: 0.9950, Test Loss: 0.7660, Test Accuracy: 0.9205
Epoch 29/500 - Train Loss: 0.5478, Train Accuracy: 1.0000, Test Loss: 0.7625, Test Accuracy: 0.9248
Epoch 30/500 - Train Loss: 0.5424, Train Accuracy: 1.0000, Test Loss: 0.7575, Test Accuracy: 0.9248
Epoch 31/500 - Train Loss: 0.5395, Train Accuracy: 1.0000, Test Loss: 0.7570, Test Accuracy: 0.9270
Epoch 32/500 - Train Loss: 0.5285, Train Accuracy: 1.0000, Test Loss: 0.7553, Test Accuracy: 0.9261
Epoch 33/500 - Train Loss: 0.5199, Train Accuracy: 1.0000, Test Loss: 0.7528, Test Accuracy: 0.9244
Epoch 34/500 - Train Loss: 0.5116, Train Accuracy: 1.0000, Test Loss: 0.7499, Test Accuracy: 0.9244
Epoch 35/500 - Train Loss: 0.5192, Train Accuracy: 1.0000, Test Loss: 0.7479, Test Accuracy: 0.9266
Epoch 36/500 - Train Loss: 0.5129, Train Accuracy: 1.0000, Test Loss: 0.7454, Test Accuracy: 0.9266
Epoch 37/500 - Train Loss: 0.5145, Train Accuracy: 1.0000, Test Loss: 0.7414, Test Accuracy: 0.9261
Epoch 38/500 - Train Loss: 0.5029, Train Accuracy: 1.0000, Test Loss: 0.7413, Test Accuracy: 0.9226
Epoch 39/500 - Train Loss: 0.5057, Train Accuracy: 1.0000, Test Loss: 0.7385, Test Accuracy: 0.9253
Epoch 40/500 - Train Loss: 0.5012, Train Accuracy: 1.0000, Test Loss: 0.7382, Test Accuracy: 0.9205
Epoch 41/500 - Train Loss: 0.5027, Train Accuracy: 1.0000, Test Loss: 0.7353, Test Accuracy: 0.9226
Epoch 42/500 - Train Loss: 0.4988, Train Accuracy: 1.0000, Test Loss: 0.7336, Test Accuracy: 0.9235
Epoch 43/500 - Train Loss: 0.4946, Train Accuracy: 1.0000, Test Loss: 0.7333, Test Accuracy: 0.9248
Epoch 44/500 - Train Loss: 0.5080, Train Accuracy: 1.0000, Test Loss: 0.7319, Test Accuracy: 0.9235
Epoch 45/500 - Train Loss: 0.4934, Train Accuracy: 1.0000, Test Loss: 0.7349, Test Accuracy: 0.9270
Epoch 46/500 - Train Loss: 0.5003, Train Accuracy: 1.0000, Test Loss: 0.7376, Test Accuracy: 0.9240
Epoch 47/500 - Train Loss: 0.4903, Train Accuracy: 1.0000, Test Loss: 0.7359, Test Accuracy: 0.9261
Epoch 48/500 - Train Loss: 0.4913, Train Accuracy: 1.0000, Test Loss: 0.7355, Test Accuracy: 0.9266
Epoch 49/500 - Train Loss: 0.4877, Train Accuracy: 1.0000, Test Loss: 0.7334, Test Accuracy: 0.9261
Epoch 50/500 - Train Loss: 0.4885, Train Accuracy: 1.0000, Test Loss: 0.7321, Test Accuracy: 0.9270
Epoch 51/500 - Train Loss: 0.4924, Train Accuracy: 1.0000, Test Loss: 0.7324, Test Accuracy: 0.9261
Epoch 52/500 - Train Loss: 0.4885, Train Accuracy: 1.0000, Test Loss: 0.7289, Test Accuracy: 0.9231
Epoch 53/500 - Train Loss: 0.4877, Train Accuracy: 1.0000, Test Loss: 0.7331, Test Accuracy: 0.9274
Epoch 54/500 - Train Loss: 0.4871, Train Accuracy: 1.0000, Test Loss: 0.7326, Test Accuracy: 0.9218
Epoch 55/500 - Train Loss: 0.4863, Train Accuracy: 1.0000, Test Loss: 0.7355, Test Accuracy: 0.9231
Epoch 56/500 - Train Loss: 0.4907, Train Accuracy: 1.0000, Test Loss: 0.7298, Test Accuracy: 0.9270
Epoch 57/500 - Train Loss: 0.4887, Train Accuracy: 1.0000, Test Loss: 0.7339, Test Accuracy: 0.9253
Epoch 58/500 - Train Loss: 0.4859, Train Accuracy: 1.0000, Test Loss: 0.7332, Test Accuracy: 0.9270
Epoch 59/500 - Train Loss: 0.4831, Train Accuracy: 1.0000, Test Loss: 0.7354, Test Accuracy: 0.9274
Epoch 60/500 - Train Loss: 0.4852, Train Accuracy: 1.0000, Test Loss: 0.7377, Test Accuracy: 0.9244
Epoch 61/500 - Train Loss: 0.4835, Train Accuracy: 1.0000, Test Loss: 0.7358, Test Accuracy: 0.9257
Epoch 62/500 - Train Loss: 0.4836, Train Accuracy: 1.0000, Test Loss: 0.7358, Test Accuracy: 0.9244
Epoch 63/500 - Train Loss: 0.4850, Train Accuracy: 1.0000, Test Loss: 0.7344, Test Accuracy: 0.9244
Epoch 64/500 - Train Loss: 0.4823, Train Accuracy: 1.0000, Test Loss: 0.7365, Test Accuracy: 0.9274
Epoch 65/500 - Train Loss: 0.4837, Train Accuracy: 1.0000, Test Loss: 0.7375, Test Accuracy: 0.9240
Epoch 66/500 - Train Loss: 0.4823, Train Accuracy: 1.0000, Test Loss: 0.7366, Test Accuracy: 0.9266
Epoch 67/500 - Train Loss: 0.4832, Train Accuracy: 1.0000, Test Loss: 0.7358, Test Accuracy: 0.9257

Early stopping triggered at epoch 67
Best test loss: 0.7289
Best test accuracy: 0.9274
Plot saved as trained_models/finetune_classifier_plus_4_layers_small_dataset/metrics/loss.png
Plot saved as trained_models/finetune_classifier_plus_4_layers_small_dataset/metrics/metrics.png

Completed experiment 2/16


================================================================================
EXPERIMENT 3/16
Training: Classifier + 8 denselayer(s)
Trainable summary:
  features.denseblock4: TRAINABLE
  features.transition3: frozen
  features.denseblock3: frozen
  features.transition2: frozen
  features.denseblock2: frozen
  features.transition1: frozen
  features.denseblock1: frozen
  classifier: TRAINABLE
================================================================================

Trainable parameters: 1,220,360 / 6,962,056 (17.53%)
Epoch 1/500 - Train Loss: 1.9965, Train Accuracy: 0.2350, Test Loss: 1.9188, Test Accuracy: 0.2740
Epoch 2/500 - Train Loss: 1.6623, Train Accuracy: 0.5575, Test Loss: 1.6824, Test Accuracy: 0.5083
Epoch 3/500 - Train Loss: 1.4251, Train Accuracy: 0.7550, Test Loss: 1.4839, Test Accuracy: 0.6809
Epoch 4/500 - Train Loss: 1.2312, Train Accuracy: 0.8750, Test Loss: 1.3324, Test Accuracy: 0.7544
Epoch 5/500 - Train Loss: 1.0952, Train Accuracy: 0.9150, Test Loss: 1.2001, Test Accuracy: 0.8226
Epoch 6/500 - Train Loss: 0.9855, Train Accuracy: 0.9300, Test Loss: 1.0997, Test Accuracy: 0.8597
Epoch 7/500 - Train Loss: 0.8849, Train Accuracy: 0.9600, Test Loss: 1.0191, Test Accuracy: 0.8767
Epoch 8/500 - Train Loss: 0.8199, Train Accuracy: 0.9675, Test Loss: 0.9621, Test Accuracy: 0.8855
Epoch 9/500 - Train Loss: 0.7675, Train Accuracy: 0.9700, Test Loss: 0.9156, Test Accuracy: 0.8986
Epoch 10/500 - Train Loss: 0.7233, Train Accuracy: 0.9750, Test Loss: 0.8824, Test Accuracy: 0.9043
Epoch 11/500 - Train Loss: 0.6934, Train Accuracy: 0.9825, Test Loss: 0.8494, Test Accuracy: 0.9108
Epoch 12/500 - Train Loss: 0.6607, Train Accuracy: 0.9875, Test Loss: 0.8231, Test Accuracy: 0.9165
Epoch 13/500 - Train Loss: 0.6347, Train Accuracy: 0.9800, Test Loss: 0.8025, Test Accuracy: 0.9196
Epoch 14/500 - Train Loss: 0.6200, Train Accuracy: 0.9875, Test Loss: 0.7879, Test Accuracy: 0.9213
Epoch 15/500 - Train Loss: 0.5848, Train Accuracy: 0.9950, Test Loss: 0.7758, Test Accuracy: 0.9244
Epoch 16/500 - Train Loss: 0.5810, Train Accuracy: 0.9875, Test Loss: 0.7664, Test Accuracy: 0.9261
Epoch 17/500 - Train Loss: 0.5706, Train Accuracy: 0.9925, Test Loss: 0.7595, Test Accuracy: 0.9248
Epoch 18/500 - Train Loss: 0.5556, Train Accuracy: 1.0000, Test Loss: 0.7545, Test Accuracy: 0.9248
Epoch 19/500 - Train Loss: 0.5490, Train Accuracy: 0.9950, Test Loss: 0.7489, Test Accuracy: 0.9244
Epoch 20/500 - Train Loss: 0.5313, Train Accuracy: 1.0000, Test Loss: 0.7455, Test Accuracy: 0.9274
Epoch 21/500 - Train Loss: 0.5259, Train Accuracy: 1.0000, Test Loss: 0.7420, Test Accuracy: 0.9309
Epoch 22/500 - Train Loss: 0.5187, Train Accuracy: 1.0000, Test Loss: 0.7371, Test Accuracy: 0.9309
Epoch 23/500 - Train Loss: 0.5250, Train Accuracy: 1.0000, Test Loss: 0.7342, Test Accuracy: 0.9288
Epoch 24/500 - Train Loss: 0.5101, Train Accuracy: 1.0000, Test Loss: 0.7330, Test Accuracy: 0.9331
Epoch 25/500 - Train Loss: 0.5104, Train Accuracy: 1.0000, Test Loss: 0.7312, Test Accuracy: 0.9318
Epoch 26/500 - Train Loss: 0.5035, Train Accuracy: 1.0000, Test Loss: 0.7305, Test Accuracy: 0.9301
Epoch 27/500 - Train Loss: 0.5028, Train Accuracy: 1.0000, Test Loss: 0.7321, Test Accuracy: 0.9318
Epoch 28/500 - Train Loss: 0.5012, Train Accuracy: 1.0000, Test Loss: 0.7310, Test Accuracy: 0.9318
Epoch 29/500 - Train Loss: 0.4968, Train Accuracy: 1.0000, Test Loss: 0.7294, Test Accuracy: 0.9309
Epoch 30/500 - Train Loss: 0.5026, Train Accuracy: 1.0000, Test Loss: 0.7275, Test Accuracy: 0.9314
Epoch 31/500 - Train Loss: 0.4989, Train Accuracy: 1.0000, Test Loss: 0.7313, Test Accuracy: 0.9292
Epoch 32/500 - Train Loss: 0.4942, Train Accuracy: 1.0000, Test Loss: 0.7277, Test Accuracy: 0.9301
Epoch 33/500 - Train Loss: 0.4908, Train Accuracy: 1.0000, Test Loss: 0.7278, Test Accuracy: 0.9309
Epoch 34/500 - Train Loss: 0.4905, Train Accuracy: 1.0000, Test Loss: 0.7287, Test Accuracy: 0.9296
Epoch 35/500 - Train Loss: 0.4889, Train Accuracy: 1.0000, Test Loss: 0.7289, Test Accuracy: 0.9296
Epoch 36/500 - Train Loss: 0.4896, Train Accuracy: 1.0000, Test Loss: 0.7313, Test Accuracy: 0.9292
Epoch 37/500 - Train Loss: 0.4939, Train Accuracy: 1.0000, Test Loss: 0.7316, Test Accuracy: 0.9305
Epoch 38/500 - Train Loss: 0.4885, Train Accuracy: 1.0000, Test Loss: 0.7318, Test Accuracy: 0.9327
Epoch 39/500 - Train Loss: 0.4879, Train Accuracy: 1.0000, Test Loss: 0.7352, Test Accuracy: 0.9327
Epoch 40/500 - Train Loss: 0.4833, Train Accuracy: 1.0000, Test Loss: 0.7333, Test Accuracy: 0.9309
Epoch 41/500 - Train Loss: 0.4858, Train Accuracy: 1.0000, Test Loss: 0.7337, Test Accuracy: 0.9309
Epoch 42/500 - Train Loss: 0.4855, Train Accuracy: 1.0000, Test Loss: 0.7337, Test Accuracy: 0.9274
Epoch 43/500 - Train Loss: 0.4835, Train Accuracy: 1.0000, Test Loss: 0.7352, Test Accuracy: 0.9292
Epoch 44/500 - Train Loss: 0.4857, Train Accuracy: 1.0000, Test Loss: 0.7327, Test Accuracy: 0.9283
Epoch 45/500 - Train Loss: 0.4834, Train Accuracy: 1.0000, Test Loss: 0.7342, Test Accuracy: 0.9318

Early stopping triggered at epoch 45
Best test loss: 0.7275
Best test accuracy: 0.9331
Plot saved as trained_models/finetune_classifier_plus_8_layers_small_dataset/metrics/loss.png
Plot saved as trained_models/finetune_classifier_plus_8_layers_small_dataset/metrics/metrics.png

Completed experiment 3/16


================================================================================
EXPERIMENT 4/16
Training: Classifier + 12 denselayer(s)
Trainable summary:
  features.denseblock4: TRAINABLE
  features.transition3: frozen
  features.denseblock3: frozen
  features.transition2: frozen
  features.denseblock2: frozen
  features.transition1: frozen
  features.denseblock1: frozen
  classifier: TRAINABLE
================================================================================

Trainable parameters: 1,726,600 / 6,962,056 (24.80%)
Epoch 1/500 - Train Loss: 2.0071, Train Accuracy: 0.2050, Test Loss: 1.7887, Test Accuracy: 0.4340
Epoch 2/500 - Train Loss: 1.5319, Train Accuracy: 0.6950, Test Loss: 1.5111, Test Accuracy: 0.7102
Epoch 3/500 - Train Loss: 1.2127, Train Accuracy: 0.8875, Test Loss: 1.2955, Test Accuracy: 0.8042
Epoch 4/500 - Train Loss: 1.0026, Train Accuracy: 0.9400, Test Loss: 1.1271, Test Accuracy: 0.8566
Epoch 5/500 - Train Loss: 0.8708, Train Accuracy: 0.9550, Test Loss: 1.0064, Test Accuracy: 0.8781
Epoch 6/500 - Train Loss: 0.7649, Train Accuracy: 0.9675, Test Loss: 0.9223, Test Accuracy: 0.8982
Epoch 7/500 - Train Loss: 0.7098, Train Accuracy: 0.9775, Test Loss: 0.8613, Test Accuracy: 0.9038
Epoch 8/500 - Train Loss: 0.6608, Train Accuracy: 0.9850, Test Loss: 0.8171, Test Accuracy: 0.9091
Epoch 9/500 - Train Loss: 0.6241, Train Accuracy: 0.9850, Test Loss: 0.7863, Test Accuracy: 0.9165
Epoch 10/500 - Train Loss: 0.5970, Train Accuracy: 0.9925, Test Loss: 0.7646, Test Accuracy: 0.9174
Epoch 11/500 - Train Loss: 0.5763, Train Accuracy: 0.9900, Test Loss: 0.7454, Test Accuracy: 0.9174
Epoch 12/500 - Train Loss: 0.5619, Train Accuracy: 0.9925, Test Loss: 0.7343, Test Accuracy: 0.9200
Epoch 13/500 - Train Loss: 0.5481, Train Accuracy: 0.9950, Test Loss: 0.7231, Test Accuracy: 0.9235
Epoch 14/500 - Train Loss: 0.5391, Train Accuracy: 0.9975, Test Loss: 0.7189, Test Accuracy: 0.9222
Epoch 15/500 - Train Loss: 0.5275, Train Accuracy: 1.0000, Test Loss: 0.7155, Test Accuracy: 0.9231
Epoch 16/500 - Train Loss: 0.5131, Train Accuracy: 1.0000, Test Loss: 0.7117, Test Accuracy: 0.9266
Epoch 17/500 - Train Loss: 0.5068, Train Accuracy: 1.0000, Test Loss: 0.7080, Test Accuracy: 0.9279
Epoch 18/500 - Train Loss: 0.5095, Train Accuracy: 1.0000, Test Loss: 0.7045, Test Accuracy: 0.9261
Epoch 19/500 - Train Loss: 0.5004, Train Accuracy: 1.0000, Test Loss: 0.7055, Test Accuracy: 0.9270
Epoch 20/500 - Train Loss: 0.5039, Train Accuracy: 1.0000, Test Loss: 0.7061, Test Accuracy: 0.9261
Epoch 21/500 - Train Loss: 0.4983, Train Accuracy: 1.0000, Test Loss: 0.7046, Test Accuracy: 0.9244
Epoch 22/500 - Train Loss: 0.4954, Train Accuracy: 1.0000, Test Loss: 0.7025, Test Accuracy: 0.9279
Epoch 23/500 - Train Loss: 0.4957, Train Accuracy: 1.0000, Test Loss: 0.7028, Test Accuracy: 0.9292
Epoch 24/500 - Train Loss: 0.4914, Train Accuracy: 1.0000, Test Loss: 0.7046, Test Accuracy: 0.9261
Epoch 25/500 - Train Loss: 0.4950, Train Accuracy: 1.0000, Test Loss: 0.7032, Test Accuracy: 0.9270
Epoch 26/500 - Train Loss: 0.4939, Train Accuracy: 0.9975, Test Loss: 0.7042, Test Accuracy: 0.9257
Epoch 27/500 - Train Loss: 0.4950, Train Accuracy: 1.0000, Test Loss: 0.7027, Test Accuracy: 0.9257
Epoch 28/500 - Train Loss: 0.4876, Train Accuracy: 1.0000, Test Loss: 0.7061, Test Accuracy: 0.9240
Epoch 29/500 - Train Loss: 0.4859, Train Accuracy: 1.0000, Test Loss: 0.7055, Test Accuracy: 0.9253
Epoch 30/500 - Train Loss: 0.4856, Train Accuracy: 1.0000, Test Loss: 0.7064, Test Accuracy: 0.9257
Epoch 31/500 - Train Loss: 0.4858, Train Accuracy: 1.0000, Test Loss: 0.7066, Test Accuracy: 0.9274
Epoch 32/500 - Train Loss: 0.4836, Train Accuracy: 1.0000, Test Loss: 0.7074, Test Accuracy: 0.9283
Epoch 33/500 - Train Loss: 0.4820, Train Accuracy: 1.0000, Test Loss: 0.7052, Test Accuracy: 0.9279
Epoch 34/500 - Train Loss: 0.4855, Train Accuracy: 1.0000, Test Loss: 0.7058, Test Accuracy: 0.9288
Epoch 35/500 - Train Loss: 0.4837, Train Accuracy: 1.0000, Test Loss: 0.7111, Test Accuracy: 0.9261
Epoch 36/500 - Train Loss: 0.4836, Train Accuracy: 1.0000, Test Loss: 0.7114, Test Accuracy: 0.9270
Epoch 37/500 - Train Loss: 0.4826, Train Accuracy: 1.0000, Test Loss: 0.7101, Test Accuracy: 0.9270

Early stopping triggered at epoch 37
Best test loss: 0.7025
Best test accuracy: 0.9292
Plot saved as trained_models/finetune_classifier_plus_12_layers_small_dataset/metrics/loss.png
Plot saved as trained_models/finetune_classifier_plus_12_layers_small_dataset/metrics/metrics.png

Completed experiment 4/16


================================================================================
EXPERIMENT 5/16
Training: Classifier + 16 denselayer(s)
Trainable summary:
  features.denseblock4: TRAINABLE
  features.transition3: frozen
  features.denseblock3: frozen
  features.transition2: frozen
  features.denseblock2: frozen
  features.transition1: frozen
  features.denseblock1: frozen
  classifier: TRAINABLE
================================================================================

Trainable parameters: 2,166,280 / 6,962,056 (31.12%)
Epoch 1/500 - Train Loss: 2.0190, Train Accuracy: 0.2500, Test Loss: 1.8115, Test Accuracy: 0.4240
Epoch 2/500 - Train Loss: 1.4346, Train Accuracy: 0.7625, Test Loss: 1.4614, Test Accuracy: 0.7102
Epoch 3/500 - Train Loss: 1.0799, Train Accuracy: 0.9075, Test Loss: 1.2134, Test Accuracy: 0.8234
Epoch 4/500 - Train Loss: 0.8854, Train Accuracy: 0.9425, Test Loss: 1.0431, Test Accuracy: 0.8693
Epoch 5/500 - Train Loss: 0.7422, Train Accuracy: 0.9700, Test Loss: 0.9222, Test Accuracy: 0.8951
Epoch 6/500 - Train Loss: 0.6723, Train Accuracy: 0.9800, Test Loss: 0.8387, Test Accuracy: 0.9113
Epoch 7/500 - Train Loss: 0.6228, Train Accuracy: 0.9825, Test Loss: 0.7858, Test Accuracy: 0.9178
Epoch 8/500 - Train Loss: 0.5903, Train Accuracy: 0.9850, Test Loss: 0.7524, Test Accuracy: 0.9209
Epoch 9/500 - Train Loss: 0.5671, Train Accuracy: 0.9925, Test Loss: 0.7331, Test Accuracy: 0.9240
Epoch 10/500 - Train Loss: 0.5498, Train Accuracy: 0.9925, Test Loss: 0.7195, Test Accuracy: 0.9253
Epoch 11/500 - Train Loss: 0.5264, Train Accuracy: 0.9950, Test Loss: 0.7102, Test Accuracy: 0.9266
Epoch 12/500 - Train Loss: 0.5236, Train Accuracy: 1.0000, Test Loss: 0.7053, Test Accuracy: 0.9288
Epoch 13/500 - Train Loss: 0.5154, Train Accuracy: 1.0000, Test Loss: 0.7010, Test Accuracy: 0.9279
Epoch 14/500 - Train Loss: 0.5089, Train Accuracy: 0.9975, Test Loss: 0.7001, Test Accuracy: 0.9288
Epoch 15/500 - Train Loss: 0.5079, Train Accuracy: 0.9975, Test Loss: 0.6983, Test Accuracy: 0.9301
Epoch 16/500 - Train Loss: 0.4996, Train Accuracy: 1.0000, Test Loss: 0.6951, Test Accuracy: 0.9261
Epoch 17/500 - Train Loss: 0.4996, Train Accuracy: 1.0000, Test Loss: 0.6936, Test Accuracy: 0.9296
Epoch 18/500 - Train Loss: 0.4909, Train Accuracy: 1.0000, Test Loss: 0.6959, Test Accuracy: 0.9279
Epoch 19/500 - Train Loss: 0.4886, Train Accuracy: 1.0000, Test Loss: 0.6979, Test Accuracy: 0.9270
Epoch 20/500 - Train Loss: 0.4892, Train Accuracy: 1.0000, Test Loss: 0.7004, Test Accuracy: 0.9270
Epoch 21/500 - Train Loss: 0.4883, Train Accuracy: 1.0000, Test Loss: 0.6991, Test Accuracy: 0.9261
Epoch 22/500 - Train Loss: 0.4883, Train Accuracy: 1.0000, Test Loss: 0.7012, Test Accuracy: 0.9266
Epoch 23/500 - Train Loss: 0.4850, Train Accuracy: 1.0000, Test Loss: 0.7032, Test Accuracy: 0.9253
Epoch 24/500 - Train Loss: 0.4848, Train Accuracy: 1.0000, Test Loss: 0.7045, Test Accuracy: 0.9244
Epoch 25/500 - Train Loss: 0.4879, Train Accuracy: 1.0000, Test Loss: 0.7046, Test Accuracy: 0.9218
Epoch 26/500 - Train Loss: 0.4836, Train Accuracy: 1.0000, Test Loss: 0.7104, Test Accuracy: 0.9200
Epoch 27/500 - Train Loss: 0.4852, Train Accuracy: 1.0000, Test Loss: 0.7113, Test Accuracy: 0.9200
Epoch 28/500 - Train Loss: 0.4821, Train Accuracy: 1.0000, Test Loss: 0.7052, Test Accuracy: 0.9279
Epoch 29/500 - Train Loss: 0.4842, Train Accuracy: 1.0000, Test Loss: 0.7075, Test Accuracy: 0.9240
Epoch 30/500 - Train Loss: 0.4816, Train Accuracy: 1.0000, Test Loss: 0.7110, Test Accuracy: 0.9235
Epoch 31/500 - Train Loss: 0.4820, Train Accuracy: 1.0000, Test Loss: 0.7084, Test Accuracy: 0.9240
Epoch 32/500 - Train Loss: 0.4819, Train Accuracy: 1.0000, Test Loss: 0.7060, Test Accuracy: 0.9244

Early stopping triggered at epoch 32
Best test loss: 0.6936
Best test accuracy: 0.9301
Plot saved as trained_models/finetune_classifier_plus_16_layers_small_dataset/metrics/loss.png
Plot saved as trained_models/finetune_classifier_plus_16_layers_small_dataset/metrics/metrics.png

Completed experiment 5/16


================================================================================
EXPERIMENT 6/16
Training: Classifier + 20 denselayer(s)
Trainable summary:
  features.denseblock4: TRAINABLE
  features.transition3: TRAINABLE
  features.denseblock3: TRAINABLE
  features.transition2: frozen
  features.denseblock2: frozen
  features.transition1: frozen
  features.denseblock1: frozen
  classifier: TRAINABLE
================================================================================

Trainable parameters: 3,331,976 / 6,962,056 (47.86%)
Epoch 1/500 - Train Loss: 1.9054, Train Accuracy: 0.3200, Test Loss: 1.5987, Test Accuracy: 0.6600
Epoch 2/500 - Train Loss: 1.1869, Train Accuracy: 0.8550, Test Loss: 1.2539, Test Accuracy: 0.8453
Epoch 3/500 - Train Loss: 0.8552, Train Accuracy: 0.9475, Test Loss: 1.0325, Test Accuracy: 0.8899
Epoch 4/500 - Train Loss: 0.7031, Train Accuracy: 0.9725, Test Loss: 0.8841, Test Accuracy: 0.9174
Epoch 5/500 - Train Loss: 0.6061, Train Accuracy: 0.9875, Test Loss: 0.7932, Test Accuracy: 0.9274
Epoch 6/500 - Train Loss: 0.5716, Train Accuracy: 0.9925, Test Loss: 0.7399, Test Accuracy: 0.9314
Epoch 7/500 - Train Loss: 0.5482, Train Accuracy: 0.9950, Test Loss: 0.7093, Test Accuracy: 0.9371
Epoch 8/500 - Train Loss: 0.5238, Train Accuracy: 0.9950, Test Loss: 0.6928, Test Accuracy: 0.9410
Epoch 9/500 - Train Loss: 0.5148, Train Accuracy: 1.0000, Test Loss: 0.6841, Test Accuracy: 0.9401
Epoch 10/500 - Train Loss: 0.5207, Train Accuracy: 0.9975, Test Loss: 0.6802, Test Accuracy: 0.9392
Epoch 11/500 - Train Loss: 0.5001, Train Accuracy: 1.0000, Test Loss: 0.6770, Test Accuracy: 0.9384
Epoch 12/500 - Train Loss: 0.4973, Train Accuracy: 1.0000, Test Loss: 0.6779, Test Accuracy: 0.9384
Epoch 13/500 - Train Loss: 0.4964, Train Accuracy: 1.0000, Test Loss: 0.6784, Test Accuracy: 0.9392
Epoch 14/500 - Train Loss: 0.4901, Train Accuracy: 1.0000, Test Loss: 0.6772, Test Accuracy: 0.9379
Epoch 15/500 - Train Loss: 0.4877, Train Accuracy: 1.0000, Test Loss: 0.6769, Test Accuracy: 0.9397
Epoch 16/500 - Train Loss: 0.4881, Train Accuracy: 1.0000, Test Loss: 0.6819, Test Accuracy: 0.9353
Epoch 17/500 - Train Loss: 0.4855, Train Accuracy: 1.0000, Test Loss: 0.6824, Test Accuracy: 0.9371
Epoch 18/500 - Train Loss: 0.4845, Train Accuracy: 1.0000, Test Loss: 0.6801, Test Accuracy: 0.9375
Epoch 19/500 - Train Loss: 0.4804, Train Accuracy: 1.0000, Test Loss: 0.6805, Test Accuracy: 0.9384
Epoch 20/500 - Train Loss: 0.4814, Train Accuracy: 1.0000, Test Loss: 0.6856, Test Accuracy: 0.9366
Epoch 21/500 - Train Loss: 0.4806, Train Accuracy: 1.0000, Test Loss: 0.6887, Test Accuracy: 0.9366
Epoch 22/500 - Train Loss: 0.4814, Train Accuracy: 1.0000, Test Loss: 0.6912, Test Accuracy: 0.9366
Epoch 23/500 - Train Loss: 0.4803, Train Accuracy: 1.0000, Test Loss: 0.6865, Test Accuracy: 0.9379
Epoch 24/500 - Train Loss: 0.4824, Train Accuracy: 1.0000, Test Loss: 0.6862, Test Accuracy: 0.9366
Epoch 25/500 - Train Loss: 0.4842, Train Accuracy: 1.0000, Test Loss: 0.6854, Test Accuracy: 0.9353
Epoch 26/500 - Train Loss: 0.4795, Train Accuracy: 1.0000, Test Loss: 0.6812, Test Accuracy: 0.9366

Early stopping triggered at epoch 26
Best test loss: 0.6769
Best test accuracy: 0.9397
Plot saved as trained_models/finetune_classifier_plus_20_layers_small_dataset/metrics/loss.png
Plot saved as trained_models/finetune_classifier_plus_20_layers_small_dataset/metrics/metrics.png

Completed experiment 6/16


================================================================================
EXPERIMENT 7/16
Training: Classifier + 24 denselayer(s)
Trainable summary:
  features.denseblock4: TRAINABLE
  features.transition3: TRAINABLE
  features.denseblock3: TRAINABLE
  features.transition2: frozen
  features.denseblock2: frozen
  features.transition1: frozen
  features.denseblock1: frozen
  classifier: TRAINABLE
================================================================================

Trainable parameters: 3,904,776 / 6,962,056 (56.09%)
Epoch 1/500 - Train Loss: 1.9175, Train Accuracy: 0.3325, Test Loss: 1.6221, Test Accuracy: 0.6005
Epoch 2/500 - Train Loss: 1.1568, Train Accuracy: 0.8900, Test Loss: 1.2417, Test Accuracy: 0.8243
Epoch 3/500 - Train Loss: 0.8182, Train Accuracy: 0.9700, Test Loss: 1.0040, Test Accuracy: 0.8877
Epoch 4/500 - Train Loss: 0.6546, Train Accuracy: 0.9825, Test Loss: 0.8577, Test Accuracy: 0.9156
Epoch 5/500 - Train Loss: 0.5903, Train Accuracy: 0.9900, Test Loss: 0.7692, Test Accuracy: 0.9301
Epoch 6/500 - Train Loss: 0.5503, Train Accuracy: 0.9900, Test Loss: 0.7207, Test Accuracy: 0.9327
Epoch 7/500 - Train Loss: 0.5241, Train Accuracy: 0.9975, Test Loss: 0.6995, Test Accuracy: 0.9336
Epoch 8/500 - Train Loss: 0.5171, Train Accuracy: 1.0000, Test Loss: 0.6857, Test Accuracy: 0.9375
Epoch 9/500 - Train Loss: 0.4999, Train Accuracy: 1.0000, Test Loss: 0.6811, Test Accuracy: 0.9401
Epoch 10/500 - Train Loss: 0.5020, Train Accuracy: 1.0000, Test Loss: 0.6789, Test Accuracy: 0.9392
Epoch 11/500 - Train Loss: 0.4935, Train Accuracy: 1.0000, Test Loss: 0.6785, Test Accuracy: 0.9410
Epoch 12/500 - Train Loss: 0.4869, Train Accuracy: 1.0000, Test Loss: 0.6788, Test Accuracy: 0.9410
Epoch 13/500 - Train Loss: 0.4909, Train Accuracy: 1.0000, Test Loss: 0.6778, Test Accuracy: 0.9384
Epoch 14/500 - Train Loss: 0.4845, Train Accuracy: 1.0000, Test Loss: 0.6792, Test Accuracy: 0.9375
Epoch 15/500 - Train Loss: 0.4824, Train Accuracy: 1.0000, Test Loss: 0.6813, Test Accuracy: 0.9384
Epoch 16/500 - Train Loss: 0.4830, Train Accuracy: 1.0000, Test Loss: 0.6864, Test Accuracy: 0.9388
Epoch 17/500 - Train Loss: 0.4821, Train Accuracy: 1.0000, Test Loss: 0.6866, Test Accuracy: 0.9362
Epoch 18/500 - Train Loss: 0.4822, Train Accuracy: 1.0000, Test Loss: 0.6896, Test Accuracy: 0.9362
Epoch 19/500 - Train Loss: 0.4799, Train Accuracy: 1.0000, Test Loss: 0.6878, Test Accuracy: 0.9401
Epoch 20/500 - Train Loss: 0.4803, Train Accuracy: 1.0000, Test Loss: 0.6873, Test Accuracy: 0.9392
Epoch 21/500 - Train Loss: 0.4813, Train Accuracy: 1.0000, Test Loss: 0.6822, Test Accuracy: 0.9401
Epoch 22/500 - Train Loss: 0.4796, Train Accuracy: 1.0000, Test Loss: 0.6831, Test Accuracy: 0.9414
Epoch 23/500 - Train Loss: 0.4796, Train Accuracy: 1.0000, Test Loss: 0.6841, Test Accuracy: 0.9401
Epoch 24/500 - Train Loss: 0.4782, Train Accuracy: 1.0000, Test Loss: 0.6858, Test Accuracy: 0.9414
Epoch 25/500 - Train Loss: 0.4770, Train Accuracy: 1.0000, Test Loss: 0.6876, Test Accuracy: 0.9384
Epoch 26/500 - Train Loss: 0.4765, Train Accuracy: 1.0000, Test Loss: 0.6904, Test Accuracy: 0.9384
Epoch 27/500 - Train Loss: 0.4776, Train Accuracy: 1.0000, Test Loss: 0.6881, Test Accuracy: 0.9392
Epoch 28/500 - Train Loss: 0.4762, Train Accuracy: 1.0000, Test Loss: 0.6901, Test Accuracy: 0.9392

Early stopping triggered at epoch 28
Best test loss: 0.6778
Best test accuracy: 0.9414
Plot saved as trained_models/finetune_classifier_plus_24_layers_small_dataset/metrics/loss.png
Plot saved as trained_models/finetune_classifier_plus_24_layers_small_dataset/metrics/metrics.png

Completed experiment 7/16


================================================================================
EXPERIMENT 8/16
Training: Classifier + 28 denselayer(s)
Trainable summary:
  features.denseblock4: TRAINABLE
  features.transition3: TRAINABLE
  features.denseblock3: TRAINABLE
  features.transition2: frozen
  features.denseblock2: frozen
  features.transition1: frozen
  features.denseblock1: frozen
  classifier: TRAINABLE
================================================================================

Trainable parameters: 4,411,016 / 6,962,056 (63.36%)
Epoch 1/500 - Train Loss: 1.8707, Train Accuracy: 0.2950, Test Loss: 1.5695, Test Accuracy: 0.5817
Epoch 2/500 - Train Loss: 1.1104, Train Accuracy: 0.9325, Test Loss: 1.2185, Test Accuracy: 0.8610
Epoch 3/500 - Train Loss: 0.7979, Train Accuracy: 0.9825, Test Loss: 1.0014, Test Accuracy: 0.9017
Epoch 4/500 - Train Loss: 0.6536, Train Accuracy: 0.9850, Test Loss: 0.8563, Test Accuracy: 0.9170
Epoch 5/500 - Train Loss: 0.5811, Train Accuracy: 0.9925, Test Loss: 0.7663, Test Accuracy: 0.9261
Epoch 6/500 - Train Loss: 0.5490, Train Accuracy: 0.9950, Test Loss: 0.7201, Test Accuracy: 0.9305
Epoch 7/500 - Train Loss: 0.5214, Train Accuracy: 1.0000, Test Loss: 0.6943, Test Accuracy: 0.9314
Epoch 8/500 - Train Loss: 0.5146, Train Accuracy: 1.0000, Test Loss: 0.6830, Test Accuracy: 0.9323
Epoch 9/500 - Train Loss: 0.4980, Train Accuracy: 1.0000, Test Loss: 0.6767, Test Accuracy: 0.9309
Epoch 10/500 - Train Loss: 0.4929, Train Accuracy: 1.0000, Test Loss: 0.6724, Test Accuracy: 0.9349
Epoch 11/500 - Train Loss: 0.4888, Train Accuracy: 1.0000, Test Loss: 0.6737, Test Accuracy: 0.9384
Epoch 12/500 - Train Loss: 0.4853, Train Accuracy: 1.0000, Test Loss: 0.6758, Test Accuracy: 0.9366
Epoch 13/500 - Train Loss: 0.4854, Train Accuracy: 1.0000, Test Loss: 0.6770, Test Accuracy: 0.9366
Epoch 14/500 - Train Loss: 0.4835, Train Accuracy: 1.0000, Test Loss: 0.6818, Test Accuracy: 0.9327
Epoch 15/500 - Train Loss: 0.4822, Train Accuracy: 1.0000, Test Loss: 0.6823, Test Accuracy: 0.9323
Epoch 16/500 - Train Loss: 0.4815, Train Accuracy: 1.0000, Test Loss: 0.6846, Test Accuracy: 0.9349
Epoch 17/500 - Train Loss: 0.4817, Train Accuracy: 1.0000, Test Loss: 0.6824, Test Accuracy: 0.9349
Epoch 18/500 - Train Loss: 0.4787, Train Accuracy: 1.0000, Test Loss: 0.6823, Test Accuracy: 0.9309
Epoch 19/500 - Train Loss: 0.4791, Train Accuracy: 1.0000, Test Loss: 0.6849, Test Accuracy: 0.9349
Epoch 20/500 - Train Loss: 0.4804, Train Accuracy: 1.0000, Test Loss: 0.6887, Test Accuracy: 0.9340
Epoch 21/500 - Train Loss: 0.4780, Train Accuracy: 1.0000, Test Loss: 0.6872, Test Accuracy: 0.9318
Epoch 22/500 - Train Loss: 0.4795, Train Accuracy: 1.0000, Test Loss: 0.6880, Test Accuracy: 0.9314
Epoch 23/500 - Train Loss: 0.4769, Train Accuracy: 1.0000, Test Loss: 0.6849, Test Accuracy: 0.9358
Epoch 24/500 - Train Loss: 0.4762, Train Accuracy: 1.0000, Test Loss: 0.6873, Test Accuracy: 0.9318
Epoch 25/500 - Train Loss: 0.4795, Train Accuracy: 1.0000, Test Loss: 0.6862, Test Accuracy: 0.9331

Early stopping triggered at epoch 25
Best test loss: 0.6758
Best test accuracy: 0.9366
Plot saved as trained_models/finetune_classifier_plus_28_layers_small_dataset/metrics/loss.png
Plot saved as trained_models/finetune_classifier_plus_28_layers_small_dataset/metrics/metrics.png

Completed experiment 8/16


================================================================================
EXPERIMENT 9/16
Training: Classifier + 32 denselayer(s)
Trainable summary:
  features.denseblock4: TRAINABLE
  features.transition3: TRAINABLE
  features.denseblock3: TRAINABLE
  features.transition2: frozen
  features.denseblock2: frozen
  features.transition1: frozen
  features.denseblock1: frozen
  classifier: TRAINABLE
================================================================================

Trainable parameters: 4,850,696 / 6,962,056 (69.67%)
Epoch 1/500 - Train Loss: 1.8813, Train Accuracy: 0.3325, Test Loss: 1.6018, Test Accuracy: 0.6648
Epoch 2/500 - Train Loss: 1.0900, Train Accuracy: 0.9125, Test Loss: 1.1884, Test Accuracy: 0.8339
Epoch 3/500 - Train Loss: 0.7701, Train Accuracy: 0.9700, Test Loss: 0.9557, Test Accuracy: 0.8872
Epoch 4/500 - Train Loss: 0.6176, Train Accuracy: 0.9850, Test Loss: 0.8149, Test Accuracy: 0.9108
Epoch 5/500 - Train Loss: 0.5555, Train Accuracy: 0.9900, Test Loss: 0.7370, Test Accuracy: 0.9270
Epoch 6/500 - Train Loss: 0.5315, Train Accuracy: 0.9925, Test Loss: 0.6984, Test Accuracy: 0.9323
Epoch 7/500 - Train Loss: 0.5083, Train Accuracy: 1.0000, Test Loss: 0.6762, Test Accuracy: 0.9362
Epoch 8/500 - Train Loss: 0.4981, Train Accuracy: 1.0000, Test Loss: 0.6682, Test Accuracy: 0.9388
Epoch 9/500 - Train Loss: 0.4915, Train Accuracy: 1.0000, Test Loss: 0.6666, Test Accuracy: 0.9419
Epoch 10/500 - Train Loss: 0.4864, Train Accuracy: 1.0000, Test Loss: 0.6712, Test Accuracy: 0.9410
Epoch 11/500 - Train Loss: 0.4847, Train Accuracy: 1.0000, Test Loss: 0.6739, Test Accuracy: 0.9392
Epoch 12/500 - Train Loss: 0.4833, Train Accuracy: 1.0000, Test Loss: 0.6771, Test Accuracy: 0.9388
Epoch 13/500 - Train Loss: 0.4813, Train Accuracy: 1.0000, Test Loss: 0.6750, Test Accuracy: 0.9366
Epoch 14/500 - Train Loss: 0.4804, Train Accuracy: 1.0000, Test Loss: 0.6788, Test Accuracy: 0.9366
Epoch 15/500 - Train Loss: 0.4823, Train Accuracy: 1.0000, Test Loss: 0.6779, Test Accuracy: 0.9392
Epoch 16/500 - Train Loss: 0.4811, Train Accuracy: 1.0000, Test Loss: 0.6769, Test Accuracy: 0.9388
Epoch 17/500 - Train Loss: 0.4783, Train Accuracy: 1.0000, Test Loss: 0.6777, Test Accuracy: 0.9366
Epoch 18/500 - Train Loss: 0.4863, Train Accuracy: 1.0000, Test Loss: 0.6765, Test Accuracy: 0.9388
Epoch 19/500 - Train Loss: 0.4862, Train Accuracy: 1.0000, Test Loss: 0.6739, Test Accuracy: 0.9375
Epoch 20/500 - Train Loss: 0.4818, Train Accuracy: 1.0000, Test Loss: 0.6778, Test Accuracy: 0.9331
Epoch 21/500 - Train Loss: 0.4812, Train Accuracy: 1.0000, Test Loss: 0.6807, Test Accuracy: 0.9314
Epoch 22/500 - Train Loss: 0.4803, Train Accuracy: 1.0000, Test Loss: 0.6813, Test Accuracy: 0.9353
Epoch 23/500 - Train Loss: 0.4783, Train Accuracy: 1.0000, Test Loss: 0.6827, Test Accuracy: 0.9371
Epoch 24/500 - Train Loss: 0.4783, Train Accuracy: 1.0000, Test Loss: 0.6827, Test Accuracy: 0.9362

Early stopping triggered at epoch 24
Best test loss: 0.6739
Best test accuracy: 0.9392
Plot saved as trained_models/finetune_classifier_plus_32_layers_small_dataset/metrics/loss.png
Plot saved as trained_models/finetune_classifier_plus_32_layers_small_dataset/metrics/metrics.png

Completed experiment 9/16


================================================================================
EXPERIMENT 10/16
Training: Classifier + 36 denselayer(s)
Trainable summary:
  features.denseblock4: TRAINABLE
  features.transition3: TRAINABLE
  features.denseblock3: TRAINABLE
  features.transition2: frozen
  features.denseblock2: frozen
  features.transition1: frozen
  features.denseblock1: frozen
  classifier: TRAINABLE
================================================================================

Trainable parameters: 5,223,816 / 6,962,056 (75.03%)
Epoch 1/500 - Train Loss: 1.8984, Train Accuracy: 0.3300, Test Loss: 1.6272, Test Accuracy: 0.6552
Epoch 2/500 - Train Loss: 1.0632, Train Accuracy: 0.9375, Test Loss: 1.1717, Test Accuracy: 0.8649
Epoch 3/500 - Train Loss: 0.7247, Train Accuracy: 0.9875, Test Loss: 0.9276, Test Accuracy: 0.9073
Epoch 4/500 - Train Loss: 0.6024, Train Accuracy: 0.9925, Test Loss: 0.8038, Test Accuracy: 0.9200
Epoch 5/500 - Train Loss: 0.5394, Train Accuracy: 0.9975, Test Loss: 0.7302, Test Accuracy: 0.9327
Epoch 6/500 - Train Loss: 0.5214, Train Accuracy: 0.9975, Test Loss: 0.6877, Test Accuracy: 0.9366
Epoch 7/500 - Train Loss: 0.5025, Train Accuracy: 1.0000, Test Loss: 0.6706, Test Accuracy: 0.9414
Epoch 8/500 - Train Loss: 0.4972, Train Accuracy: 1.0000, Test Loss: 0.6658, Test Accuracy: 0.9427
Epoch 9/500 - Train Loss: 0.4937, Train Accuracy: 1.0000, Test Loss: 0.6656, Test Accuracy: 0.9441
Epoch 10/500 - Train Loss: 0.4891, Train Accuracy: 1.0000, Test Loss: 0.6668, Test Accuracy: 0.9414
Epoch 11/500 - Train Loss: 0.4844, Train Accuracy: 1.0000, Test Loss: 0.6726, Test Accuracy: 0.9436
Epoch 12/500 - Train Loss: 0.4822, Train Accuracy: 1.0000, Test Loss: 0.6723, Test Accuracy: 0.9414
Epoch 13/500 - Train Loss: 0.4807, Train Accuracy: 1.0000, Test Loss: 0.6745, Test Accuracy: 0.9441
Epoch 14/500 - Train Loss: 0.4811, Train Accuracy: 1.0000, Test Loss: 0.6775, Test Accuracy: 0.9419
Epoch 15/500 - Train Loss: 0.4792, Train Accuracy: 1.0000, Test Loss: 0.6743, Test Accuracy: 0.9410
Epoch 16/500 - Train Loss: 0.4813, Train Accuracy: 1.0000, Test Loss: 0.6721, Test Accuracy: 0.9436
Epoch 17/500 - Train Loss: 0.4804, Train Accuracy: 1.0000, Test Loss: 0.6777, Test Accuracy: 0.9423
Epoch 18/500 - Train Loss: 0.4772, Train Accuracy: 1.0000, Test Loss: 0.6824, Test Accuracy: 0.9371
Epoch 19/500 - Train Loss: 0.4803, Train Accuracy: 1.0000, Test Loss: 0.6820, Test Accuracy: 0.9406
Epoch 20/500 - Train Loss: 0.4774, Train Accuracy: 1.0000, Test Loss: 0.6851, Test Accuracy: 0.9392
Epoch 21/500 - Train Loss: 0.4776, Train Accuracy: 1.0000, Test Loss: 0.6896, Test Accuracy: 0.9358
Epoch 22/500 - Train Loss: 0.4809, Train Accuracy: 1.0000, Test Loss: 0.6841, Test Accuracy: 0.9392
Epoch 23/500 - Train Loss: 0.4786, Train Accuracy: 1.0000, Test Loss: 0.6791, Test Accuracy: 0.9419

Early stopping triggered at epoch 23
Best test loss: 0.6721
Best test accuracy: 0.9441
Plot saved as trained_models/finetune_classifier_plus_36_layers_small_dataset/metrics/loss.png
Plot saved as trained_models/finetune_classifier_plus_36_layers_small_dataset/metrics/metrics.png

Completed experiment 10/16


================================================================================
EXPERIMENT 11/16
Training: Classifier + 40 denselayer(s)
Trainable summary:
  features.denseblock4: TRAINABLE
  features.transition3: TRAINABLE
  features.denseblock3: TRAINABLE
  features.transition2: frozen
  features.denseblock2: frozen
  features.transition1: frozen
  features.denseblock1: frozen
  classifier: TRAINABLE
================================================================================

Trainable parameters: 5,530,376 / 6,962,056 (79.44%)
Epoch 1/500 - Train Loss: 1.8673, Train Accuracy: 0.3450, Test Loss: 1.5480, Test Accuracy: 0.6635
Epoch 2/500 - Train Loss: 1.0426, Train Accuracy: 0.9375, Test Loss: 1.1630, Test Accuracy: 0.8470
Epoch 3/500 - Train Loss: 0.7246, Train Accuracy: 0.9750, Test Loss: 0.9223, Test Accuracy: 0.8942
Epoch 4/500 - Train Loss: 0.5995, Train Accuracy: 0.9800, Test Loss: 0.7720, Test Accuracy: 0.9231
Epoch 5/500 - Train Loss: 0.5417, Train Accuracy: 0.9950, Test Loss: 0.7133, Test Accuracy: 0.9292
Epoch 6/500 - Train Loss: 0.5228, Train Accuracy: 0.9925, Test Loss: 0.6847, Test Accuracy: 0.9331
Epoch 7/500 - Train Loss: 0.5117, Train Accuracy: 1.0000, Test Loss: 0.6733, Test Accuracy: 0.9353
Epoch 8/500 - Train Loss: 0.4970, Train Accuracy: 1.0000, Test Loss: 0.6638, Test Accuracy: 0.9375
Epoch 9/500 - Train Loss: 0.4921, Train Accuracy: 1.0000, Test Loss: 0.6654, Test Accuracy: 0.9344
Epoch 10/500 - Train Loss: 0.4854, Train Accuracy: 1.0000, Test Loss: 0.6720, Test Accuracy: 0.9344
Epoch 11/500 - Train Loss: 0.4849, Train Accuracy: 1.0000, Test Loss: 0.6724, Test Accuracy: 0.9384
Epoch 12/500 - Train Loss: 0.4817, Train Accuracy: 1.0000, Test Loss: 0.6748, Test Accuracy: 0.9388
Epoch 13/500 - Train Loss: 0.4841, Train Accuracy: 1.0000, Test Loss: 0.6770, Test Accuracy: 0.9353
Epoch 14/500 - Train Loss: 0.4802, Train Accuracy: 1.0000, Test Loss: 0.6720, Test Accuracy: 0.9406
Epoch 15/500 - Train Loss: 0.4801, Train Accuracy: 1.0000, Test Loss: 0.6751, Test Accuracy: 0.9375
Epoch 16/500 - Train Loss: 0.4797, Train Accuracy: 1.0000, Test Loss: 0.6755, Test Accuracy: 0.9362
Epoch 17/500 - Train Loss: 0.4789, Train Accuracy: 1.0000, Test Loss: 0.6754, Test Accuracy: 0.9349
Epoch 18/500 - Train Loss: 0.4784, Train Accuracy: 1.0000, Test Loss: 0.6779, Test Accuracy: 0.9349
Epoch 19/500 - Train Loss: 0.4757, Train Accuracy: 1.0000, Test Loss: 0.6794, Test Accuracy: 0.9384
Epoch 20/500 - Train Loss: 0.4777, Train Accuracy: 1.0000, Test Loss: 0.6829, Test Accuracy: 0.9397
Epoch 21/500 - Train Loss: 0.4755, Train Accuracy: 1.0000, Test Loss: 0.6810, Test Accuracy: 0.9362
Epoch 22/500 - Train Loss: 0.4768, Train Accuracy: 1.0000, Test Loss: 0.6815, Test Accuracy: 0.9314
Epoch 23/500 - Train Loss: 0.4756, Train Accuracy: 1.0000, Test Loss: 0.6821, Test Accuracy: 0.9309

Early stopping triggered at epoch 23
Best test loss: 0.6720
Best test accuracy: 0.9406
Plot saved as trained_models/finetune_classifier_plus_40_layers_small_dataset/metrics/loss.png
Plot saved as trained_models/finetune_classifier_plus_40_layers_small_dataset/metrics/metrics.png

Completed experiment 11/16


================================================================================
EXPERIMENT 12/16
Training: Classifier + 44 denselayer(s)
Trainable summary:
  features.denseblock4: TRAINABLE
  features.transition3: TRAINABLE
  features.denseblock3: TRAINABLE
  features.transition2: TRAINABLE
  features.denseblock2: TRAINABLE
  features.transition1: frozen
  features.denseblock1: frozen
  classifier: TRAINABLE
================================================================================

Trainable parameters: 6,035,592 / 6,962,056 (86.69%)
Epoch 1/500 - Train Loss: 1.9427, Train Accuracy: 0.2625, Test Loss: 1.6091, Test Accuracy: 0.6333
Epoch 2/500 - Train Loss: 1.0302, Train Accuracy: 0.9200, Test Loss: 1.1618, Test Accuracy: 0.8549
Epoch 3/500 - Train Loss: 0.7027, Train Accuracy: 0.9700, Test Loss: 0.8866, Test Accuracy: 0.9065
Epoch 4/500 - Train Loss: 0.5917, Train Accuracy: 0.9875, Test Loss: 0.7579, Test Accuracy: 0.9244
Epoch 5/500 - Train Loss: 0.5278, Train Accuracy: 1.0000, Test Loss: 0.6971, Test Accuracy: 0.9358
Epoch 6/500 - Train Loss: 0.5090, Train Accuracy: 1.0000, Test Loss: 0.6753, Test Accuracy: 0.9388
Epoch 7/500 - Train Loss: 0.5016, Train Accuracy: 1.0000, Test Loss: 0.6644, Test Accuracy: 0.9406
Epoch 8/500 - Train Loss: 0.4918, Train Accuracy: 1.0000, Test Loss: 0.6634, Test Accuracy: 0.9384
Epoch 9/500 - Train Loss: 0.4909, Train Accuracy: 1.0000, Test Loss: 0.6656, Test Accuracy: 0.9388
Epoch 10/500 - Train Loss: 0.4847, Train Accuracy: 1.0000, Test Loss: 0.6757, Test Accuracy: 0.9336
Epoch 11/500 - Train Loss: 0.4818, Train Accuracy: 1.0000, Test Loss: 0.6806, Test Accuracy: 0.9301
Epoch 12/500 - Train Loss: 0.4817, Train Accuracy: 1.0000, Test Loss: 0.6788, Test Accuracy: 0.9336
Epoch 13/500 - Train Loss: 0.4792, Train Accuracy: 1.0000, Test Loss: 0.6837, Test Accuracy: 0.9314
Epoch 14/500 - Train Loss: 0.4798, Train Accuracy: 1.0000, Test Loss: 0.6883, Test Accuracy: 0.9261
Epoch 15/500 - Train Loss: 0.4802, Train Accuracy: 1.0000, Test Loss: 0.6796, Test Accuracy: 0.9349
Epoch 16/500 - Train Loss: 0.4796, Train Accuracy: 1.0000, Test Loss: 0.6808, Test Accuracy: 0.9349
Epoch 17/500 - Train Loss: 0.4781, Train Accuracy: 1.0000, Test Loss: 0.6854, Test Accuracy: 0.9288
Epoch 18/500 - Train Loss: 0.4794, Train Accuracy: 1.0000, Test Loss: 0.6794, Test Accuracy: 0.9371
Epoch 19/500 - Train Loss: 0.4776, Train Accuracy: 1.0000, Test Loss: 0.6803, Test Accuracy: 0.9379
Epoch 20/500 - Train Loss: 0.4791, Train Accuracy: 1.0000, Test Loss: 0.6832, Test Accuracy: 0.9362
Epoch 21/500 - Train Loss: 0.4763, Train Accuracy: 1.0000, Test Loss: 0.6844, Test Accuracy: 0.9375
Epoch 22/500 - Train Loss: 0.4772, Train Accuracy: 1.0000, Test Loss: 0.6863, Test Accuracy: 0.9366
Epoch 23/500 - Train Loss: 0.4791, Train Accuracy: 1.0000, Test Loss: 0.6931, Test Accuracy: 0.9340

Early stopping triggered at epoch 23
Best test loss: 0.6788
Best test accuracy: 0.9379
Plot saved as trained_models/finetune_classifier_plus_44_layers_small_dataset/metrics/loss.png
Plot saved as trained_models/finetune_classifier_plus_44_layers_small_dataset/metrics/metrics.png

Completed experiment 12/16


================================================================================
EXPERIMENT 13/16
Training: Classifier + 48 denselayer(s)
Trainable summary:
  features.denseblock4: TRAINABLE
  features.transition3: TRAINABLE
  features.denseblock3: TRAINABLE
  features.transition2: TRAINABLE
  features.denseblock2: TRAINABLE
  features.transition1: frozen
  features.denseblock1: frozen
  classifier: TRAINABLE
================================================================================

Trainable parameters: 6,342,152 / 6,962,056 (91.10%)
Epoch 1/500 - Train Loss: 1.9334, Train Accuracy: 0.2725, Test Loss: 1.6101, Test Accuracy: 0.5992
Epoch 2/500 - Train Loss: 1.0367, Train Accuracy: 0.9100, Test Loss: 1.2097, Test Accuracy: 0.7998
Epoch 3/500 - Train Loss: 0.7248, Train Accuracy: 0.9750, Test Loss: 0.9607, Test Accuracy: 0.8925
Epoch 4/500 - Train Loss: 0.5902, Train Accuracy: 0.9900, Test Loss: 0.8110, Test Accuracy: 0.9279
Epoch 5/500 - Train Loss: 0.5327, Train Accuracy: 0.9975, Test Loss: 0.7394, Test Accuracy: 0.9353
Epoch 6/500 - Train Loss: 0.5135, Train Accuracy: 1.0000, Test Loss: 0.7037, Test Accuracy: 0.9358
Epoch 7/500 - Train Loss: 0.4992, Train Accuracy: 1.0000, Test Loss: 0.6891, Test Accuracy: 0.9366
Epoch 8/500 - Train Loss: 0.4922, Train Accuracy: 1.0000, Test Loss: 0.6828, Test Accuracy: 0.9379
Epoch 9/500 - Train Loss: 0.4890, Train Accuracy: 1.0000, Test Loss: 0.6806, Test Accuracy: 0.9388
Epoch 10/500 - Train Loss: 0.4838, Train Accuracy: 1.0000, Test Loss: 0.6865, Test Accuracy: 0.9392
Epoch 11/500 - Train Loss: 0.4815, Train Accuracy: 1.0000, Test Loss: 0.6892, Test Accuracy: 0.9419
Epoch 12/500 - Train Loss: 0.4829, Train Accuracy: 1.0000, Test Loss: 0.6933, Test Accuracy: 0.9432
Epoch 13/500 - Train Loss: 0.4790, Train Accuracy: 1.0000, Test Loss: 0.6957, Test Accuracy: 0.9410
Epoch 14/500 - Train Loss: 0.4842, Train Accuracy: 1.0000, Test Loss: 0.6929, Test Accuracy: 0.9392
Epoch 15/500 - Train Loss: 0.4796, Train Accuracy: 1.0000, Test Loss: 0.6958, Test Accuracy: 0.9336
Epoch 16/500 - Train Loss: 0.4806, Train Accuracy: 1.0000, Test Loss: 0.6947, Test Accuracy: 0.9366
Epoch 17/500 - Train Loss: 0.4797, Train Accuracy: 1.0000, Test Loss: 0.6943, Test Accuracy: 0.9371
Epoch 18/500 - Train Loss: 0.4816, Train Accuracy: 1.0000, Test Loss: 0.7039, Test Accuracy: 0.9336
Epoch 19/500 - Train Loss: 0.4771, Train Accuracy: 1.0000, Test Loss: 0.7004, Test Accuracy: 0.9318
Epoch 20/500 - Train Loss: 0.4808, Train Accuracy: 1.0000, Test Loss: 0.6932, Test Accuracy: 0.9336
Epoch 21/500 - Train Loss: 0.4781, Train Accuracy: 1.0000, Test Loss: 0.6988, Test Accuracy: 0.9340
Epoch 22/500 - Train Loss: 0.4778, Train Accuracy: 1.0000, Test Loss: 0.7037, Test Accuracy: 0.9344
Epoch 23/500 - Train Loss: 0.4770, Train Accuracy: 1.0000, Test Loss: 0.7041, Test Accuracy: 0.9349
Epoch 24/500 - Train Loss: 0.4774, Train Accuracy: 1.0000, Test Loss: 0.7015, Test Accuracy: 0.9362

Early stopping triggered at epoch 24
Best test loss: 0.6929
Best test accuracy: 0.9432
Plot saved as trained_models/finetune_classifier_plus_48_layers_small_dataset/metrics/loss.png
Plot saved as trained_models/finetune_classifier_plus_48_layers_small_dataset/metrics/metrics.png

Completed experiment 13/16


================================================================================
EXPERIMENT 14/16
Training: Classifier + 52 denselayer(s)
Trainable summary:
  features.denseblock4: TRAINABLE
  features.transition3: TRAINABLE
  features.denseblock3: TRAINABLE
  features.transition2: TRAINABLE
  features.denseblock2: TRAINABLE
  features.transition1: frozen
  features.denseblock1: frozen
  classifier: TRAINABLE
================================================================================

Trainable parameters: 6,582,152 / 6,962,056 (94.54%)
Epoch 1/500 - Train Loss: 1.8188, Train Accuracy: 0.3875, Test Loss: 1.5395, Test Accuracy: 0.6573
Epoch 2/500 - Train Loss: 0.9790, Train Accuracy: 0.9325, Test Loss: 1.1154, Test Accuracy: 0.8601
Epoch 3/500 - Train Loss: 0.6891, Train Accuracy: 0.9825, Test Loss: 0.8715, Test Accuracy: 0.9082
Epoch 4/500 - Train Loss: 0.5689, Train Accuracy: 0.9900, Test Loss: 0.7534, Test Accuracy: 0.9257
Epoch 5/500 - Train Loss: 0.5290, Train Accuracy: 0.9975, Test Loss: 0.7021, Test Accuracy: 0.9358
Epoch 6/500 - Train Loss: 0.5081, Train Accuracy: 1.0000, Test Loss: 0.6846, Test Accuracy: 0.9340
Epoch 7/500 - Train Loss: 0.4963, Train Accuracy: 1.0000, Test Loss: 0.6758, Test Accuracy: 0.9318
Epoch 8/500 - Train Loss: 0.4896, Train Accuracy: 1.0000, Test Loss: 0.6736, Test Accuracy: 0.9323
Epoch 9/500 - Train Loss: 0.4884, Train Accuracy: 1.0000, Test Loss: 0.6743, Test Accuracy: 0.9323
Epoch 10/500 - Train Loss: 0.4820, Train Accuracy: 1.0000, Test Loss: 0.6775, Test Accuracy: 0.9323
Epoch 11/500 - Train Loss: 0.4823, Train Accuracy: 1.0000, Test Loss: 0.6811, Test Accuracy: 0.9314
Epoch 12/500 - Train Loss: 0.4799, Train Accuracy: 1.0000, Test Loss: 0.6820, Test Accuracy: 0.9309
Epoch 13/500 - Train Loss: 0.4816, Train Accuracy: 1.0000, Test Loss: 0.6751, Test Accuracy: 0.9340
Epoch 14/500 - Train Loss: 0.4801, Train Accuracy: 1.0000, Test Loss: 0.6807, Test Accuracy: 0.9340
Epoch 15/500 - Train Loss: 0.4786, Train Accuracy: 1.0000, Test Loss: 0.6817, Test Accuracy: 0.9301
Epoch 16/500 - Train Loss: 0.4779, Train Accuracy: 1.0000, Test Loss: 0.6776, Test Accuracy: 0.9314
Epoch 17/500 - Train Loss: 0.4781, Train Accuracy: 1.0000, Test Loss: 0.6781, Test Accuracy: 0.9323
Epoch 18/500 - Train Loss: 0.4790, Train Accuracy: 1.0000, Test Loss: 0.6766, Test Accuracy: 0.9331
Epoch 19/500 - Train Loss: 0.4797, Train Accuracy: 1.0000, Test Loss: 0.6738, Test Accuracy: 0.9323
Epoch 20/500 - Train Loss: 0.4795, Train Accuracy: 1.0000, Test Loss: 0.6703, Test Accuracy: 0.9327
Epoch 21/500 - Train Loss: 0.4776, Train Accuracy: 1.0000, Test Loss: 0.6761, Test Accuracy: 0.9336
Epoch 22/500 - Train Loss: 0.4764, Train Accuracy: 1.0000, Test Loss: 0.6812, Test Accuracy: 0.9340
Epoch 23/500 - Train Loss: 0.4840, Train Accuracy: 1.0000, Test Loss: 0.6791, Test Accuracy: 0.9353
Epoch 24/500 - Train Loss: 0.4762, Train Accuracy: 1.0000, Test Loss: 0.6773, Test Accuracy: 0.9323
Epoch 25/500 - Train Loss: 0.4781, Train Accuracy: 1.0000, Test Loss: 0.6755, Test Accuracy: 0.9323
Epoch 26/500 - Train Loss: 0.4762, Train Accuracy: 1.0000, Test Loss: 0.6751, Test Accuracy: 0.9318
Epoch 27/500 - Train Loss: 0.4750, Train Accuracy: 1.0000, Test Loss: 0.6793, Test Accuracy: 0.9305
Epoch 28/500 - Train Loss: 0.4752, Train Accuracy: 1.0000, Test Loss: 0.6780, Test Accuracy: 0.9301
Epoch 29/500 - Train Loss: 0.4741, Train Accuracy: 1.0000, Test Loss: 0.6762, Test Accuracy: 0.9336
Epoch 30/500 - Train Loss: 0.4757, Train Accuracy: 1.0000, Test Loss: 0.6754, Test Accuracy: 0.9305
Epoch 31/500 - Train Loss: 0.4743, Train Accuracy: 1.0000, Test Loss: 0.6728, Test Accuracy: 0.9323
Epoch 32/500 - Train Loss: 0.4750, Train Accuracy: 1.0000, Test Loss: 0.6751, Test Accuracy: 0.9318
Epoch 33/500 - Train Loss: 0.4758, Train Accuracy: 1.0000, Test Loss: 0.6744, Test Accuracy: 0.9323
Epoch 34/500 - Train Loss: 0.4753, Train Accuracy: 1.0000, Test Loss: 0.6784, Test Accuracy: 0.9283
Epoch 35/500 - Train Loss: 0.4732, Train Accuracy: 1.0000, Test Loss: 0.6723, Test Accuracy: 0.9327

Early stopping triggered at epoch 35
Best test loss: 0.6703
Best test accuracy: 0.9353
Plot saved as trained_models/finetune_classifier_plus_52_layers_small_dataset/metrics/loss.png
Plot saved as trained_models/finetune_classifier_plus_52_layers_small_dataset/metrics/metrics.png

Completed experiment 14/16


================================================================================
EXPERIMENT 15/16
Training: Classifier + 56 denselayer(s)
Trainable summary:
  features.denseblock4: TRAINABLE
  features.transition3: TRAINABLE
  features.denseblock3: TRAINABLE
  features.transition2: TRAINABLE
  features.denseblock2: TRAINABLE
  features.transition1: TRAINABLE
  features.denseblock1: TRAINABLE
  classifier: TRAINABLE
================================================================================

Trainable parameters: 6,855,432 / 6,962,056 (98.47%)
Epoch 1/500 - Train Loss: 1.8712, Train Accuracy: 0.3850, Test Loss: 1.5106, Test Accuracy: 0.6774
Epoch 2/500 - Train Loss: 0.9841, Train Accuracy: 0.9475, Test Loss: 1.1066, Test Accuracy: 0.8754
Epoch 3/500 - Train Loss: 0.6769, Train Accuracy: 0.9800, Test Loss: 0.8757, Test Accuracy: 0.9135
Epoch 4/500 - Train Loss: 0.5650, Train Accuracy: 0.9975, Test Loss: 0.7380, Test Accuracy: 0.9340
Epoch 5/500 - Train Loss: 0.5291, Train Accuracy: 0.9975, Test Loss: 0.6853, Test Accuracy: 0.9406
Epoch 6/500 - Train Loss: 0.5048, Train Accuracy: 0.9975, Test Loss: 0.6630, Test Accuracy: 0.9423
Epoch 7/500 - Train Loss: 0.4985, Train Accuracy: 0.9975, Test Loss: 0.6580, Test Accuracy: 0.9462
Epoch 8/500 - Train Loss: 0.4896, Train Accuracy: 1.0000, Test Loss: 0.6585, Test Accuracy: 0.9484
Epoch 9/500 - Train Loss: 0.4854, Train Accuracy: 1.0000, Test Loss: 0.6596, Test Accuracy: 0.9467
Epoch 10/500 - Train Loss: 0.4809, Train Accuracy: 1.0000, Test Loss: 0.6639, Test Accuracy: 0.9427
Epoch 11/500 - Train Loss: 0.4875, Train Accuracy: 1.0000, Test Loss: 0.6622, Test Accuracy: 0.9449
Epoch 12/500 - Train Loss: 0.4806, Train Accuracy: 1.0000, Test Loss: 0.6616, Test Accuracy: 0.9454
Epoch 13/500 - Train Loss: 0.4804, Train Accuracy: 1.0000, Test Loss: 0.6619, Test Accuracy: 0.9445
Epoch 14/500 - Train Loss: 0.4776, Train Accuracy: 1.0000, Test Loss: 0.6620, Test Accuracy: 0.9449
Epoch 15/500 - Train Loss: 0.4775, Train Accuracy: 1.0000, Test Loss: 0.6644, Test Accuracy: 0.9458
Epoch 16/500 - Train Loss: 0.4788, Train Accuracy: 1.0000, Test Loss: 0.6651, Test Accuracy: 0.9445
Epoch 17/500 - Train Loss: 0.4793, Train Accuracy: 1.0000, Test Loss: 0.6657, Test Accuracy: 0.9436
Epoch 18/500 - Train Loss: 0.4762, Train Accuracy: 1.0000, Test Loss: 0.6701, Test Accuracy: 0.9427
Epoch 19/500 - Train Loss: 0.4789, Train Accuracy: 1.0000, Test Loss: 0.6673, Test Accuracy: 0.9406
Epoch 20/500 - Train Loss: 0.4768, Train Accuracy: 1.0000, Test Loss: 0.6625, Test Accuracy: 0.9423
Epoch 21/500 - Train Loss: 0.4768, Train Accuracy: 1.0000, Test Loss: 0.6616, Test Accuracy: 0.9445
Epoch 22/500 - Train Loss: 0.4796, Train Accuracy: 1.0000, Test Loss: 0.6618, Test Accuracy: 0.9454

Early stopping triggered at epoch 22
Best test loss: 0.6616
Best test accuracy: 0.9458
Plot saved as trained_models/finetune_classifier_plus_56_layers_small_dataset/metrics/loss.png
Plot saved as trained_models/finetune_classifier_plus_56_layers_small_dataset/metrics/metrics.png

Completed experiment 15/16


================================================================================
EXPERIMENT 16/16
Training: Classifier + 58 denselayer(s)
Trainable summary:
  features.denseblock4: TRAINABLE
  features.transition3: TRAINABLE
  features.denseblock3: TRAINABLE
  features.transition2: TRAINABLE
  features.denseblock2: TRAINABLE
  features.transition1: TRAINABLE
  features.denseblock1: TRAINABLE
  classifier: TRAINABLE
================================================================================

Trainable parameters: 6,950,472 / 6,962,056 (99.83%)
Epoch 1/500 - Train Loss: 1.7746, Train Accuracy: 0.4400, Test Loss: 1.5005, Test Accuracy: 0.6377
Epoch 2/500 - Train Loss: 0.9129, Train Accuracy: 0.9625, Test Loss: 1.0729, Test Accuracy: 0.8702
Epoch 3/500 - Train Loss: 0.6375, Train Accuracy: 0.9900, Test Loss: 0.8301, Test Accuracy: 0.9200
Epoch 4/500 - Train Loss: 0.5536, Train Accuracy: 0.9900, Test Loss: 0.7181, Test Accuracy: 0.9340
Epoch 5/500 - Train Loss: 0.5196, Train Accuracy: 0.9975, Test Loss: 0.6754, Test Accuracy: 0.9401
Epoch 6/500 - Train Loss: 0.5008, Train Accuracy: 1.0000, Test Loss: 0.6629, Test Accuracy: 0.9401
Epoch 7/500 - Train Loss: 0.5013, Train Accuracy: 1.0000, Test Loss: 0.6565, Test Accuracy: 0.9397
Epoch 8/500 - Train Loss: 0.4890, Train Accuracy: 1.0000, Test Loss: 0.6539, Test Accuracy: 0.9397
Epoch 9/500 - Train Loss: 0.4830, Train Accuracy: 1.0000, Test Loss: 0.6543, Test Accuracy: 0.9384
Epoch 10/500 - Train Loss: 0.4825, Train Accuracy: 1.0000, Test Loss: 0.6593, Test Accuracy: 0.9392
Epoch 11/500 - Train Loss: 0.4805, Train Accuracy: 1.0000, Test Loss: 0.6628, Test Accuracy: 0.9397
Epoch 12/500 - Train Loss: 0.4805, Train Accuracy: 1.0000, Test Loss: 0.6644, Test Accuracy: 0.9392
Epoch 13/500 - Train Loss: 0.4780, Train Accuracy: 1.0000, Test Loss: 0.6664, Test Accuracy: 0.9371
Epoch 14/500 - Train Loss: 0.4786, Train Accuracy: 1.0000, Test Loss: 0.6652, Test Accuracy: 0.9371
Epoch 15/500 - Train Loss: 0.4768, Train Accuracy: 1.0000, Test Loss: 0.6670, Test Accuracy: 0.9340
Epoch 16/500 - Train Loss: 0.4773, Train Accuracy: 1.0000, Test Loss: 0.6668, Test Accuracy: 0.9344
Epoch 17/500 - Train Loss: 0.4778, Train Accuracy: 1.0000, Test Loss: 0.6699, Test Accuracy: 0.9327
Epoch 18/500 - Train Loss: 0.4763, Train Accuracy: 1.0000, Test Loss: 0.6642, Test Accuracy: 0.9349
Epoch 19/500 - Train Loss: 0.4759, Train Accuracy: 1.0000, Test Loss: 0.6639, Test Accuracy: 0.9349
Epoch 20/500 - Train Loss: 0.4761, Train Accuracy: 1.0000, Test Loss: 0.6646, Test Accuracy: 0.9344
Epoch 21/500 - Train Loss: 0.4771, Train Accuracy: 1.0000, Test Loss: 0.6648, Test Accuracy: 0.9375
Epoch 22/500 - Train Loss: 0.4764, Train Accuracy: 1.0000, Test Loss: 0.6702, Test Accuracy: 0.9358
Epoch 23/500 - Train Loss: 0.4748, Train Accuracy: 1.0000, Test Loss: 0.6619, Test Accuracy: 0.9379

Early stopping triggered at epoch 23
Best test loss: 0.6619
Best test accuracy: 0.9392
Plot saved as trained_models/finetune_classifier_plus_58_layers_small_dataset/metrics/loss.png
Plot saved as trained_models/finetune_classifier_plus_58_layers_small_dataset/metrics/metrics.png

Completed experiment 16/16

All experiments completed
Total experiments run: 16
