Using GPU 0: NVIDIA GeForce RTX 3090
Added data augmentation
Will run 1 Squeeze and Excitation experiments


================================================================================
EXPERIMENT 1/1
Add Squeeze and Excitation after each denseblock
================================================================================

Trainable parameters: 7,265,160 / 7,265,160 (100.00%)

Model architecture:
  Features: 16 layers
  Classifier input: 1024 features
  Classifier output: 8 classes
Epoch 1/500 - Train Loss: 1.8740, Train Accuracy: 0.3525, Test Loss: 2.0148, Test Accuracy: 0.2102
Epoch 2/500 - Train Loss: 1.2506, Train Accuracy: 0.7900, Test Loss: 1.5778, Test Accuracy: 0.7177
Epoch 3/500 - Train Loss: 0.8874, Train Accuracy: 0.9175, Test Loss: 1.1056, Test Accuracy: 0.8654
Epoch 4/500 - Train Loss: 0.7467, Train Accuracy: 0.9350, Test Loss: 0.8420, Test Accuracy: 0.9152
Epoch 5/500 - Train Loss: 0.6622, Train Accuracy: 0.9500, Test Loss: 0.7232, Test Accuracy: 0.9296
Epoch 6/500 - Train Loss: 0.6013, Train Accuracy: 0.9650, Test Loss: 0.6768, Test Accuracy: 0.9349
Epoch 7/500 - Train Loss: 0.5832, Train Accuracy: 0.9750, Test Loss: 0.6527, Test Accuracy: 0.9419
Epoch 8/500 - Train Loss: 0.5666, Train Accuracy: 0.9875, Test Loss: 0.6298, Test Accuracy: 0.9493
Epoch 9/500 - Train Loss: 0.5382, Train Accuracy: 0.9925, Test Loss: 0.6244, Test Accuracy: 0.9493
Epoch 10/500 - Train Loss: 0.5402, Train Accuracy: 0.9950, Test Loss: 0.6304, Test Accuracy: 0.9432
Epoch 11/500 - Train Loss: 0.5194, Train Accuracy: 0.9950, Test Loss: 0.6278, Test Accuracy: 0.9471
Epoch 12/500 - Train Loss: 0.5300, Train Accuracy: 0.9850, Test Loss: 0.6277, Test Accuracy: 0.9454
Epoch 13/500 - Train Loss: 0.5087, Train Accuracy: 0.9975, Test Loss: 0.6289, Test Accuracy: 0.9467
Epoch 14/500 - Train Loss: 0.5110, Train Accuracy: 0.9975, Test Loss: 0.6250, Test Accuracy: 0.9484
Epoch 15/500 - Train Loss: 0.5177, Train Accuracy: 0.9925, Test Loss: 0.6276, Test Accuracy: 0.9432
Epoch 16/500 - Train Loss: 0.5132, Train Accuracy: 0.9925, Test Loss: 0.6238, Test Accuracy: 0.9445
Epoch 17/500 - Train Loss: 0.5118, Train Accuracy: 0.9975, Test Loss: 0.6190, Test Accuracy: 0.9471
Epoch 18/500 - Train Loss: 0.5200, Train Accuracy: 0.9900, Test Loss: 0.6333, Test Accuracy: 0.9423
Epoch 19/500 - Train Loss: 0.5066, Train Accuracy: 1.0000, Test Loss: 0.6278, Test Accuracy: 0.9462
Epoch 20/500 - Train Loss: 0.5041, Train Accuracy: 0.9925, Test Loss: 0.6214, Test Accuracy: 0.9471
Epoch 21/500 - Train Loss: 0.5006, Train Accuracy: 0.9950, Test Loss: 0.6240, Test Accuracy: 0.9436
Epoch 22/500 - Train Loss: 0.5029, Train Accuracy: 0.9975, Test Loss: 0.6222, Test Accuracy: 0.9449
Epoch 23/500 - Train Loss: 0.5036, Train Accuracy: 0.9925, Test Loss: 0.6207, Test Accuracy: 0.9493
Epoch 24/500 - Train Loss: 0.4967, Train Accuracy: 0.9975, Test Loss: 0.6217, Test Accuracy: 0.9432
Epoch 25/500 - Train Loss: 0.5052, Train Accuracy: 0.9975, Test Loss: 0.6273, Test Accuracy: 0.9366
Epoch 26/500 - Train Loss: 0.4952, Train Accuracy: 0.9975, Test Loss: 0.6307, Test Accuracy: 0.9366
Epoch 27/500 - Train Loss: 0.4981, Train Accuracy: 0.9975, Test Loss: 0.6249, Test Accuracy: 0.9414
Epoch 28/500 - Train Loss: 0.4935, Train Accuracy: 1.0000, Test Loss: 0.6442, Test Accuracy: 0.9314
Epoch 29/500 - Train Loss: 0.4966, Train Accuracy: 0.9950, Test Loss: 0.6559, Test Accuracy: 0.9274
Epoch 30/500 - Train Loss: 0.5035, Train Accuracy: 0.9950, Test Loss: 0.6439, Test Accuracy: 0.9358
Epoch 31/500 - Train Loss: 0.4931, Train Accuracy: 1.0000, Test Loss: 0.6393, Test Accuracy: 0.9366
Epoch 32/500 - Train Loss: 0.5015, Train Accuracy: 0.9975, Test Loss: 0.6287, Test Accuracy: 0.9384

Early stopping triggered at epoch 32
Best test loss: 0.6190
Best test accuracy: 0.9493
Plot saved as trained_models/squeeze_and_excitation_add_squeeze_excitation/metrics/loss.png
Plot saved as trained_models/squeeze_and_excitation_add_squeeze_excitation/metrics/metrics.png

Completed experiment 1/1


All block modification experiments completed!
Total experiments run: 1
