Using GPU 0: NVIDIA GeForce RTX 3090
Total layers to unfreeze progressively: 41
  1. features.denseblock4.denselayer16
  2. features.denseblock4.denselayer15
  3. features.denseblock4.denselayer14
  4. features.denseblock4.denselayer13
  5. features.denseblock4.denselayer12
  6. features.denseblock4.denselayer11
  7. features.denseblock4.denselayer10
  8. features.denseblock4.denselayer9
  9. features.denseblock4.denselayer8
  10. features.denseblock4.denselayer7
  11. features.denseblock4.denselayer6
  12. features.denseblock4.denselayer5
  13. features.denseblock4.denselayer4
  14. features.denseblock4.denselayer3
  15. features.denseblock4.denselayer2
  16. features.denseblock4.denselayer1
  17. features.transition3
  18. features.denseblock3.denselayer24
  19. features.denseblock3.denselayer23
  20. features.denseblock3.denselayer22
  21. features.denseblock3.denselayer21
  22. features.denseblock3.denselayer20
  23. features.denseblock3.denselayer19
  24. features.denseblock3.denselayer18
  25. features.denseblock3.denselayer17
  26. features.denseblock3.denselayer16
  27. features.denseblock3.denselayer15
  28. features.denseblock3.denselayer14
  29. features.denseblock3.denselayer13
  30. features.denseblock3.denselayer12
  31. features.denseblock3.denselayer11
  32. features.denseblock3.denselayer10
  33. features.denseblock3.denselayer9
  34. features.denseblock3.denselayer8
  35. features.denseblock3.denselayer7
  36. features.denseblock3.denselayer6
  37. features.denseblock3.denselayer5
  38. features.denseblock3.denselayer4
  39. features.denseblock3.denselayer3
  40. features.denseblock3.denselayer2
  41. features.denseblock3.denselayer1

============================================================
Starting Classifier Only
============================================================

Initial stage: Only classifier is trainable
Trainable parameters: 8,200 / 6,962,056 (0.12%)
