Using GPU 0: NVIDIA GeForce RTX 3090
Epoch 1/100 - Train Loss: 2.0689, Train Accuracy: 0.1738, Test Loss: 1.9300, Test Accuracy: 0.2813
Epoch 2/100 - Train Loss: 1.8406, Train Accuracy: 0.3636, Test Loss: 1.7354, Test Accuracy: 0.4758
Epoch 3/100 - Train Loss: 1.6567, Train Accuracy: 0.5231, Test Loss: 1.5671, Test Accuracy: 0.6059
Epoch 4/100 - Train Loss: 1.4962, Train Accuracy: 0.6587, Test Loss: 1.4248, Test Accuracy: 0.7125
Epoch 5/100 - Train Loss: 1.3609, Train Accuracy: 0.7347, Test Loss: 1.2952, Test Accuracy: 0.7708
Epoch 6/100 - Train Loss: 1.2390, Train Accuracy: 0.8001, Test Loss: 1.1872, Test Accuracy: 0.7980
Epoch 7/100 - Train Loss: 1.1385, Train Accuracy: 0.8262, Test Loss: 1.0945, Test Accuracy: 0.8253
Epoch 8/100 - Train Loss: 1.0560, Train Accuracy: 0.8426, Test Loss: 1.0166, Test Accuracy: 0.8278
Epoch 9/100 - Train Loss: 0.9749, Train Accuracy: 0.8612, Test Loss: 0.9445, Test Accuracy: 0.8476
Epoch 10/100 - Train Loss: 0.9055, Train Accuracy: 0.8830, Test Loss: 0.8784, Test Accuracy: 0.8538
Epoch 11/100 - Train Loss: 0.8534, Train Accuracy: 0.8841, Test Loss: 0.8329, Test Accuracy: 0.8600
Epoch 12/100 - Train Loss: 0.7934, Train Accuracy: 0.8878, Test Loss: 0.7802, Test Accuracy: 0.8674
Epoch 13/100 - Train Loss: 0.7522, Train Accuracy: 0.8953, Test Loss: 0.7420, Test Accuracy: 0.8649
Epoch 14/100 - Train Loss: 0.7148, Train Accuracy: 0.8985, Test Loss: 0.7003, Test Accuracy: 0.8798
Epoch 15/100 - Train Loss: 0.6802, Train Accuracy: 0.8995, Test Loss: 0.6764, Test Accuracy: 0.8773
Epoch 16/100 - Train Loss: 0.6488, Train Accuracy: 0.9022, Test Loss: 0.6413, Test Accuracy: 0.8860
Epoch 17/100 - Train Loss: 0.6156, Train Accuracy: 0.9075, Test Loss: 0.6167, Test Accuracy: 0.8860
Epoch 18/100 - Train Loss: 0.5923, Train Accuracy: 0.9112, Test Loss: 0.5942, Test Accuracy: 0.8860
Epoch 19/100 - Train Loss: 0.5739, Train Accuracy: 0.9102, Test Loss: 0.5771, Test Accuracy: 0.8872
Epoch 20/100 - Train Loss: 0.5578, Train Accuracy: 0.9054, Test Loss: 0.5534, Test Accuracy: 0.8910
Epoch 21/100 - Train Loss: 0.5383, Train Accuracy: 0.9117, Test Loss: 0.5402, Test Accuracy: 0.8872
Epoch 22/100 - Train Loss: 0.5092, Train Accuracy: 0.9096, Test Loss: 0.5232, Test Accuracy: 0.8922
Epoch 23/100 - Train Loss: 0.5021, Train Accuracy: 0.9192, Test Loss: 0.5018, Test Accuracy: 0.8971
Epoch 24/100 - Train Loss: 0.4793, Train Accuracy: 0.9155, Test Loss: 0.4922, Test Accuracy: 0.8947
Epoch 25/100 - Train Loss: 0.4688, Train Accuracy: 0.9240, Test Loss: 0.4784, Test Accuracy: 0.9009
Epoch 26/100 - Train Loss: 0.4532, Train Accuracy: 0.9187, Test Loss: 0.4658, Test Accuracy: 0.9009
Epoch 27/100 - Train Loss: 0.4455, Train Accuracy: 0.9160, Test Loss: 0.4541, Test Accuracy: 0.9021
Epoch 28/100 - Train Loss: 0.4315, Train Accuracy: 0.9187, Test Loss: 0.4429, Test Accuracy: 0.8984
Epoch 29/100 - Train Loss: 0.4198, Train Accuracy: 0.9219, Test Loss: 0.4379, Test Accuracy: 0.8996
Epoch 30/100 - Train Loss: 0.4113, Train Accuracy: 0.9240, Test Loss: 0.4267, Test Accuracy: 0.9033
Epoch 31/100 - Train Loss: 0.4121, Train Accuracy: 0.9224, Test Loss: 0.4171, Test Accuracy: 0.9071
Epoch 32/100 - Train Loss: 0.3929, Train Accuracy: 0.9234, Test Loss: 0.4123, Test Accuracy: 0.9058
Epoch 33/100 - Train Loss: 0.3828, Train Accuracy: 0.9256, Test Loss: 0.3997, Test Accuracy: 0.9058
Epoch 34/100 - Train Loss: 0.3795, Train Accuracy: 0.9272, Test Loss: 0.3942, Test Accuracy: 0.9033
Epoch 35/100 - Train Loss: 0.3698, Train Accuracy: 0.9256, Test Loss: 0.3906, Test Accuracy: 0.9046
Epoch 36/100 - Train Loss: 0.3654, Train Accuracy: 0.9277, Test Loss: 0.3830, Test Accuracy: 0.9071
Epoch 37/100 - Train Loss: 0.3586, Train Accuracy: 0.9256, Test Loss: 0.3763, Test Accuracy: 0.9033
Epoch 38/100 - Train Loss: 0.3453, Train Accuracy: 0.9309, Test Loss: 0.3713, Test Accuracy: 0.9120
Epoch 39/100 - Train Loss: 0.3415, Train Accuracy: 0.9256, Test Loss: 0.3657, Test Accuracy: 0.9058
Epoch 40/100 - Train Loss: 0.3270, Train Accuracy: 0.9357, Test Loss: 0.3594, Test Accuracy: 0.9095
Epoch 41/100 - Train Loss: 0.3277, Train Accuracy: 0.9309, Test Loss: 0.3562, Test Accuracy: 0.9083
Epoch 42/100 - Train Loss: 0.3258, Train Accuracy: 0.9335, Test Loss: 0.3511, Test Accuracy: 0.9133
Epoch 43/100 - Train Loss: 0.3130, Train Accuracy: 0.9389, Test Loss: 0.3510, Test Accuracy: 0.9046
Epoch 44/100 - Train Loss: 0.3178, Train Accuracy: 0.9304, Test Loss: 0.3445, Test Accuracy: 0.9120
Epoch 45/100 - Train Loss: 0.3054, Train Accuracy: 0.9351, Test Loss: 0.3402, Test Accuracy: 0.9133
Epoch 46/100 - Train Loss: 0.3002, Train Accuracy: 0.9367, Test Loss: 0.3327, Test Accuracy: 0.9182
Epoch 47/100 - Train Loss: 0.2996, Train Accuracy: 0.9335, Test Loss: 0.3321, Test Accuracy: 0.9120
Epoch 48/100 - Train Loss: 0.2972, Train Accuracy: 0.9357, Test Loss: 0.3271, Test Accuracy: 0.9145
Epoch 49/100 - Train Loss: 0.2955, Train Accuracy: 0.9346, Test Loss: 0.3267, Test Accuracy: 0.9108
Epoch 50/100 - Train Loss: 0.2822, Train Accuracy: 0.9373, Test Loss: 0.3197, Test Accuracy: 0.9145
Epoch 51/100 - Train Loss: 0.2880, Train Accuracy: 0.9394, Test Loss: 0.3179, Test Accuracy: 0.9145
Epoch 52/100 - Train Loss: 0.2807, Train Accuracy: 0.9389, Test Loss: 0.3121, Test Accuracy: 0.9157
Epoch 53/100 - Train Loss: 0.2727, Train Accuracy: 0.9442, Test Loss: 0.3085, Test Accuracy: 0.9145
Epoch 54/100 - Train Loss: 0.2697, Train Accuracy: 0.9436, Test Loss: 0.3082, Test Accuracy: 0.9170
Epoch 55/100 - Train Loss: 0.2660, Train Accuracy: 0.9426, Test Loss: 0.3027, Test Accuracy: 0.9207
Epoch 56/100 - Train Loss: 0.2653, Train Accuracy: 0.9436, Test Loss: 0.3013, Test Accuracy: 0.9195
Epoch 57/100 - Train Loss: 0.2610, Train Accuracy: 0.9410, Test Loss: 0.2985, Test Accuracy: 0.9207
Epoch 58/100 - Train Loss: 0.2656, Train Accuracy: 0.9378, Test Loss: 0.2962, Test Accuracy: 0.9195
Epoch 59/100 - Train Loss: 0.2586, Train Accuracy: 0.9399, Test Loss: 0.2942, Test Accuracy: 0.9195
Epoch 60/100 - Train Loss: 0.2581, Train Accuracy: 0.9399, Test Loss: 0.2926, Test Accuracy: 0.9219
Epoch 61/100 - Train Loss: 0.2509, Train Accuracy: 0.9474, Test Loss: 0.2913, Test Accuracy: 0.9157
Epoch 62/100 - Train Loss: 0.2490, Train Accuracy: 0.9474, Test Loss: 0.2893, Test Accuracy: 0.9232
Epoch 63/100 - Train Loss: 0.2422, Train Accuracy: 0.9452, Test Loss: 0.2854, Test Accuracy: 0.9219
Epoch 64/100 - Train Loss: 0.2375, Train Accuracy: 0.9474, Test Loss: 0.2807, Test Accuracy: 0.9269
Epoch 65/100 - Train Loss: 0.2441, Train Accuracy: 0.9405, Test Loss: 0.2811, Test Accuracy: 0.9207
Epoch 66/100 - Train Loss: 0.2370, Train Accuracy: 0.9506, Test Loss: 0.2787, Test Accuracy: 0.9244
Epoch 67/100 - Train Loss: 0.2366, Train Accuracy: 0.9479, Test Loss: 0.2746, Test Accuracy: 0.9232
Epoch 68/100 - Train Loss: 0.2327, Train Accuracy: 0.9468, Test Loss: 0.2730, Test Accuracy: 0.9219
Epoch 69/100 - Train Loss: 0.2316, Train Accuracy: 0.9442, Test Loss: 0.2730, Test Accuracy: 0.9244
Epoch 70/100 - Train Loss: 0.2285, Train Accuracy: 0.9511, Test Loss: 0.2713, Test Accuracy: 0.9269
Epoch 71/100 - Train Loss: 0.2278, Train Accuracy: 0.9468, Test Loss: 0.2703, Test Accuracy: 0.9257
Epoch 72/100 - Train Loss: 0.2209, Train Accuracy: 0.9495, Test Loss: 0.2672, Test Accuracy: 0.9257
Epoch 73/100 - Train Loss: 0.2160, Train Accuracy: 0.9495, Test Loss: 0.2653, Test Accuracy: 0.9257
Epoch 74/100 - Train Loss: 0.2240, Train Accuracy: 0.9506, Test Loss: 0.2636, Test Accuracy: 0.9232
Epoch 75/100 - Train Loss: 0.2179, Train Accuracy: 0.9490, Test Loss: 0.2648, Test Accuracy: 0.9257
Epoch 76/100 - Train Loss: 0.2118, Train Accuracy: 0.9527, Test Loss: 0.2614, Test Accuracy: 0.9269
Epoch 77/100 - Train Loss: 0.2134, Train Accuracy: 0.9495, Test Loss: 0.2614, Test Accuracy: 0.9219
Epoch 78/100 - Train Loss: 0.2124, Train Accuracy: 0.9474, Test Loss: 0.2579, Test Accuracy: 0.9269
Epoch 79/100 - Train Loss: 0.2032, Train Accuracy: 0.9527, Test Loss: 0.2574, Test Accuracy: 0.9232
Epoch 80/100 - Train Loss: 0.2132, Train Accuracy: 0.9484, Test Loss: 0.2575, Test Accuracy: 0.9232
Epoch 81/100 - Train Loss: 0.2133, Train Accuracy: 0.9490, Test Loss: 0.2552, Test Accuracy: 0.9294
Epoch 82/100 - Train Loss: 0.2040, Train Accuracy: 0.9500, Test Loss: 0.2534, Test Accuracy: 0.9294
Epoch 83/100 - Train Loss: 0.2008, Train Accuracy: 0.9575, Test Loss: 0.2539, Test Accuracy: 0.9232
Epoch 84/100 - Train Loss: 0.2022, Train Accuracy: 0.9522, Test Loss: 0.2505, Test Accuracy: 0.9306
Epoch 85/100 - Train Loss: 0.1954, Train Accuracy: 0.9575, Test Loss: 0.2457, Test Accuracy: 0.9294
Epoch 86/100 - Train Loss: 0.2007, Train Accuracy: 0.9522, Test Loss: 0.2473, Test Accuracy: 0.9257
Epoch 87/100 - Train Loss: 0.2008, Train Accuracy: 0.9537, Test Loss: 0.2468, Test Accuracy: 0.9281
Epoch 88/100 - Train Loss: 0.1915, Train Accuracy: 0.9522, Test Loss: 0.2475, Test Accuracy: 0.9281
Epoch 89/100 - Train Loss: 0.1918, Train Accuracy: 0.9532, Test Loss: 0.2464, Test Accuracy: 0.9269
Epoch 90/100 - Train Loss: 0.1854, Train Accuracy: 0.9612, Test Loss: 0.2443, Test Accuracy: 0.9269
Epoch 91/100 - Train Loss: 0.1899, Train Accuracy: 0.9564, Test Loss: 0.2447, Test Accuracy: 0.9294
Epoch 92/100 - Train Loss: 0.1877, Train Accuracy: 0.9569, Test Loss: 0.2426, Test Accuracy: 0.9257
Epoch 93/100 - Train Loss: 0.1898, Train Accuracy: 0.9591, Test Loss: 0.2423, Test Accuracy: 0.9306
Epoch 94/100 - Train Loss: 0.1821, Train Accuracy: 0.9532, Test Loss: 0.2399, Test Accuracy: 0.9269
Epoch 95/100 - Train Loss: 0.1807, Train Accuracy: 0.9591, Test Loss: 0.2390, Test Accuracy: 0.9269
Epoch 96/100 - Train Loss: 0.1860, Train Accuracy: 0.9569, Test Loss: 0.2394, Test Accuracy: 0.9294
Epoch 97/100 - Train Loss: 0.1751, Train Accuracy: 0.9628, Test Loss: 0.2393, Test Accuracy: 0.9257
Epoch 98/100 - Train Loss: 0.1779, Train Accuracy: 0.9628, Test Loss: 0.2371, Test Accuracy: 0.9269
Epoch 99/100 - Train Loss: 0.1765, Train Accuracy: 0.9596, Test Loss: 0.2368, Test Accuracy: 0.9318
Epoch 100/100 - Train Loss: 0.1763, Train Accuracy: 0.9623, Test Loss: 0.2355, Test Accuracy: 0.9306
Best test loss: 0.2355
Best test accuracy: 0.9318
Plot saved as trained_models/example/metrics/loss.png
Plot saved as trained_models/example/metrics/metrics.png
