Using GPU 0: NVIDIA GeForce RTX 3090
Epoch 1/500 - Train Loss: 2.0277, Train Accuracy: 0.1775, Test Loss: 1.9815, Test Accuracy: 0.2439
Epoch 2/500 - Train Loss: 1.7742, Train Accuracy: 0.4450, Test Loss: 1.7177, Test Accuracy: 0.5625
Epoch 3/500 - Train Loss: 1.5797, Train Accuracy: 0.6100, Test Loss: 1.4618, Test Accuracy: 0.6993
Epoch 4/500 - Train Loss: 1.3714, Train Accuracy: 0.7350, Test Loss: 1.2504, Test Accuracy: 0.7941
Epoch 5/500 - Train Loss: 1.1961, Train Accuracy: 0.8050, Test Loss: 1.0668, Test Accuracy: 0.8387
Epoch 6/500 - Train Loss: 1.0649, Train Accuracy: 0.8300, Test Loss: 0.9345, Test Accuracy: 0.8724
Epoch 7/500 - Train Loss: 0.9214, Train Accuracy: 0.8675, Test Loss: 0.8135, Test Accuracy: 0.8951
Epoch 8/500 - Train Loss: 0.8276, Train Accuracy: 0.8725, Test Loss: 0.7104, Test Accuracy: 0.9165
Epoch 9/500 - Train Loss: 0.7403, Train Accuracy: 0.9000, Test Loss: 0.6420, Test Accuracy: 0.9174
Epoch 10/500 - Train Loss: 0.6654, Train Accuracy: 0.9175, Test Loss: 0.5728, Test Accuracy: 0.9314
Epoch 11/500 - Train Loss: 0.5787, Train Accuracy: 0.9250, Test Loss: 0.5119, Test Accuracy: 0.9384
Epoch 12/500 - Train Loss: 0.5516, Train Accuracy: 0.9200, Test Loss: 0.4813, Test Accuracy: 0.9375
Epoch 13/500 - Train Loss: 0.4990, Train Accuracy: 0.9500, Test Loss: 0.4457, Test Accuracy: 0.9392
Epoch 14/500 - Train Loss: 0.4840, Train Accuracy: 0.9275, Test Loss: 0.4193, Test Accuracy: 0.9384
Epoch 15/500 - Train Loss: 0.4560, Train Accuracy: 0.9125, Test Loss: 0.3894, Test Accuracy: 0.9427
Epoch 16/500 - Train Loss: 0.4325, Train Accuracy: 0.9400, Test Loss: 0.3763, Test Accuracy: 0.9454
Epoch 17/500 - Train Loss: 0.3892, Train Accuracy: 0.9675, Test Loss: 0.3653, Test Accuracy: 0.9423
Epoch 18/500 - Train Loss: 0.3701, Train Accuracy: 0.9625, Test Loss: 0.3504, Test Accuracy: 0.9458
Epoch 19/500 - Train Loss: 0.3301, Train Accuracy: 0.9650, Test Loss: 0.3402, Test Accuracy: 0.9502
Epoch 20/500 - Train Loss: 0.3181, Train Accuracy: 0.9700, Test Loss: 0.3361, Test Accuracy: 0.9445
Epoch 21/500 - Train Loss: 0.3143, Train Accuracy: 0.9575, Test Loss: 0.3313, Test Accuracy: 0.9454
Epoch 22/500 - Train Loss: 0.3270, Train Accuracy: 0.9475, Test Loss: 0.3246, Test Accuracy: 0.9467
Epoch 23/500 - Train Loss: 0.2876, Train Accuracy: 0.9800, Test Loss: 0.3208, Test Accuracy: 0.9489
Epoch 24/500 - Train Loss: 0.2920, Train Accuracy: 0.9750, Test Loss: 0.3271, Test Accuracy: 0.9476
Epoch 25/500 - Train Loss: 0.3092, Train Accuracy: 0.9625, Test Loss: 0.3269, Test Accuracy: 0.9454
Epoch 26/500 - Train Loss: 0.2514, Train Accuracy: 0.9875, Test Loss: 0.3203, Test Accuracy: 0.9471
Epoch 27/500 - Train Loss: 0.2658, Train Accuracy: 0.9725, Test Loss: 0.3103, Test Accuracy: 0.9493
Epoch 28/500 - Train Loss: 0.2592, Train Accuracy: 0.9725, Test Loss: 0.3089, Test Accuracy: 0.9462
Epoch 29/500 - Train Loss: 0.2477, Train Accuracy: 0.9775, Test Loss: 0.3113, Test Accuracy: 0.9462
Epoch 30/500 - Train Loss: 0.2333, Train Accuracy: 0.9850, Test Loss: 0.3078, Test Accuracy: 0.9441
Epoch 31/500 - Train Loss: 0.2298, Train Accuracy: 0.9725, Test Loss: 0.3046, Test Accuracy: 0.9462
Epoch 32/500 - Train Loss: 0.2217, Train Accuracy: 0.9850, Test Loss: 0.2985, Test Accuracy: 0.9489
Epoch 33/500 - Train Loss: 0.2438, Train Accuracy: 0.9650, Test Loss: 0.3008, Test Accuracy: 0.9497
Epoch 34/500 - Train Loss: 0.2271, Train Accuracy: 0.9800, Test Loss: 0.3085, Test Accuracy: 0.9458
Epoch 35/500 - Train Loss: 0.2315, Train Accuracy: 0.9825, Test Loss: 0.2983, Test Accuracy: 0.9519
Epoch 36/500 - Train Loss: 0.2233, Train Accuracy: 0.9850, Test Loss: 0.2966, Test Accuracy: 0.9489
Epoch 37/500 - Train Loss: 0.2196, Train Accuracy: 0.9800, Test Loss: 0.2980, Test Accuracy: 0.9497
Epoch 38/500 - Train Loss: 0.2251, Train Accuracy: 0.9825, Test Loss: 0.2984, Test Accuracy: 0.9493
Epoch 39/500 - Train Loss: 0.2075, Train Accuracy: 0.9900, Test Loss: 0.2974, Test Accuracy: 0.9484
Epoch 40/500 - Train Loss: 0.2158, Train Accuracy: 0.9775, Test Loss: 0.2976, Test Accuracy: 0.9497
Epoch 41/500 - Train Loss: 0.2074, Train Accuracy: 0.9875, Test Loss: 0.2989, Test Accuracy: 0.9467
Epoch 42/500 - Train Loss: 0.1997, Train Accuracy: 0.9900, Test Loss: 0.2998, Test Accuracy: 0.9449
Epoch 43/500 - Train Loss: 0.2018, Train Accuracy: 0.9850, Test Loss: 0.3040, Test Accuracy: 0.9454
Epoch 44/500 - Train Loss: 0.2094, Train Accuracy: 0.9875, Test Loss: 0.3131, Test Accuracy: 0.9414
Epoch 45/500 - Train Loss: 0.1984, Train Accuracy: 0.9900, Test Loss: 0.3020, Test Accuracy: 0.9436
Epoch 46/500 - Train Loss: 0.2012, Train Accuracy: 0.9875, Test Loss: 0.3043, Test Accuracy: 0.9419
Epoch 47/500 - Train Loss: 0.1920, Train Accuracy: 0.9975, Test Loss: 0.2941, Test Accuracy: 0.9476
Epoch 48/500 - Train Loss: 0.1906, Train Accuracy: 0.9900, Test Loss: 0.2932, Test Accuracy: 0.9476
Epoch 49/500 - Train Loss: 0.1942, Train Accuracy: 0.9850, Test Loss: 0.2884, Test Accuracy: 0.9493
Epoch 50/500 - Train Loss: 0.1835, Train Accuracy: 0.9900, Test Loss: 0.2956, Test Accuracy: 0.9476
Epoch 51/500 - Train Loss: 0.1846, Train Accuracy: 0.9900, Test Loss: 0.2930, Test Accuracy: 0.9462
Epoch 52/500 - Train Loss: 0.2063, Train Accuracy: 0.9850, Test Loss: 0.2931, Test Accuracy: 0.9489
Epoch 53/500 - Train Loss: 0.1814, Train Accuracy: 0.9900, Test Loss: 0.2880, Test Accuracy: 0.9467
Epoch 54/500 - Train Loss: 0.1709, Train Accuracy: 0.9950, Test Loss: 0.2924, Test Accuracy: 0.9462
Epoch 55/500 - Train Loss: 0.1845, Train Accuracy: 0.9875, Test Loss: 0.2975, Test Accuracy: 0.9458
Epoch 56/500 - Train Loss: 0.1746, Train Accuracy: 0.9950, Test Loss: 0.2942, Test Accuracy: 0.9454
Epoch 57/500 - Train Loss: 0.1822, Train Accuracy: 0.9875, Test Loss: 0.2933, Test Accuracy: 0.9449
Epoch 58/500 - Train Loss: 0.2005, Train Accuracy: 0.9825, Test Loss: 0.2986, Test Accuracy: 0.9423
Epoch 59/500 - Train Loss: 0.1713, Train Accuracy: 0.9900, Test Loss: 0.2985, Test Accuracy: 0.9458
Epoch 60/500 - Train Loss: 0.1783, Train Accuracy: 0.9950, Test Loss: 0.2975, Test Accuracy: 0.9454
Epoch 61/500 - Train Loss: 0.1895, Train Accuracy: 0.9875, Test Loss: 0.2921, Test Accuracy: 0.9462
Epoch 62/500 - Train Loss: 0.1825, Train Accuracy: 0.9900, Test Loss: 0.2924, Test Accuracy: 0.9489
Epoch 63/500 - Train Loss: 0.1798, Train Accuracy: 0.9875, Test Loss: 0.2905, Test Accuracy: 0.9506
Epoch 64/500 - Train Loss: 0.1847, Train Accuracy: 0.9850, Test Loss: 0.2902, Test Accuracy: 0.9476

Early stopping triggered at epoch 64
Best test loss: 0.2880
Best test accuracy: 0.9519
Plot saved as trained_models/Definitive model/metrics/loss.png
Plot saved as trained_models/Definitive model/metrics/metrics.png
