Using GPU 0: NVIDIA GeForce RTX 3090
Will run 3 block modification experiments


================================================================================
EXPERIMENT 1/3
Remove Last Block (DB4+T3)
================================================================================

Trainable parameters: 4,277,640 / 4,277,640 (100.00%)

Model architecture:
  Features: 10 layers
  Classifier input: 1024 features
  Classifier output: 8 classes
Epoch 1/500 - Train Loss: 2.0012, Train Accuracy: 0.2900, Test Loss: 2.0499, Test Accuracy: 0.3287
Epoch 2/500 - Train Loss: 1.6527, Train Accuracy: 0.8675, Test Loss: 1.9712, Test Accuracy: 0.7198
Epoch 3/500 - Train Loss: 1.3361, Train Accuracy: 0.8800, Test Loss: 1.8026, Test Accuracy: 0.8247
Epoch 4/500 - Train Loss: 1.0879, Train Accuracy: 0.9025, Test Loss: 1.5297, Test Accuracy: 0.8400
Epoch 5/500 - Train Loss: 0.8902, Train Accuracy: 0.9300, Test Loss: 1.2035, Test Accuracy: 0.8833
Epoch 6/500 - Train Loss: 0.7626, Train Accuracy: 0.9425, Test Loss: 0.9556, Test Accuracy: 0.9003
Epoch 7/500 - Train Loss: 0.6900, Train Accuracy: 0.9650, Test Loss: 0.8095, Test Accuracy: 0.9183
Epoch 8/500 - Train Loss: 0.6257, Train Accuracy: 0.9725, Test Loss: 0.7493, Test Accuracy: 0.9196
Epoch 9/500 - Train Loss: 0.6029, Train Accuracy: 0.9700, Test Loss: 0.7186, Test Accuracy: 0.9174
Epoch 10/500 - Train Loss: 0.5620, Train Accuracy: 0.9925, Test Loss: 0.6997, Test Accuracy: 0.9218
Epoch 11/500 - Train Loss: 0.5451, Train Accuracy: 0.9950, Test Loss: 0.6855, Test Accuracy: 0.9340
Epoch 12/500 - Train Loss: 0.5232, Train Accuracy: 0.9975, Test Loss: 0.6835, Test Accuracy: 0.9283
Epoch 13/500 - Train Loss: 0.5240, Train Accuracy: 0.9925, Test Loss: 0.6779, Test Accuracy: 0.9257
Epoch 14/500 - Train Loss: 0.5089, Train Accuracy: 0.9975, Test Loss: 0.6713, Test Accuracy: 0.9318
Epoch 15/500 - Train Loss: 0.5021, Train Accuracy: 0.9975, Test Loss: 0.6711, Test Accuracy: 0.9266
Epoch 16/500 - Train Loss: 0.5065, Train Accuracy: 0.9975, Test Loss: 0.6721, Test Accuracy: 0.9240
Epoch 17/500 - Train Loss: 0.4929, Train Accuracy: 1.0000, Test Loss: 0.6789, Test Accuracy: 0.9253
Epoch 18/500 - Train Loss: 0.4912, Train Accuracy: 1.0000, Test Loss: 0.6751, Test Accuracy: 0.9283
Epoch 19/500 - Train Loss: 0.4876, Train Accuracy: 1.0000, Test Loss: 0.6924, Test Accuracy: 0.9183
Epoch 20/500 - Train Loss: 0.4911, Train Accuracy: 1.0000, Test Loss: 0.6867, Test Accuracy: 0.9174
Epoch 21/500 - Train Loss: 0.4886, Train Accuracy: 1.0000, Test Loss: 0.6680, Test Accuracy: 0.9279
Epoch 22/500 - Train Loss: 0.4865, Train Accuracy: 1.0000, Test Loss: 0.6715, Test Accuracy: 0.9305
Epoch 23/500 - Train Loss: 0.4866, Train Accuracy: 1.0000, Test Loss: 0.6904, Test Accuracy: 0.9178
Epoch 24/500 - Train Loss: 0.4858, Train Accuracy: 1.0000, Test Loss: 0.6761, Test Accuracy: 0.9244
Epoch 25/500 - Train Loss: 0.4809, Train Accuracy: 1.0000, Test Loss: 0.6912, Test Accuracy: 0.9148
Epoch 26/500 - Train Loss: 0.4848, Train Accuracy: 1.0000, Test Loss: 0.6762, Test Accuracy: 0.9235
Epoch 27/500 - Train Loss: 0.4861, Train Accuracy: 1.0000, Test Loss: 0.6811, Test Accuracy: 0.9205
Epoch 28/500 - Train Loss: 0.4839, Train Accuracy: 1.0000, Test Loss: 0.6767, Test Accuracy: 0.9235
Epoch 29/500 - Train Loss: 0.4834, Train Accuracy: 1.0000, Test Loss: 0.6828, Test Accuracy: 0.9235
Epoch 30/500 - Train Loss: 0.4874, Train Accuracy: 1.0000, Test Loss: 0.6824, Test Accuracy: 0.9209
Epoch 31/500 - Train Loss: 0.4868, Train Accuracy: 1.0000, Test Loss: 0.6718, Test Accuracy: 0.9248
Epoch 32/500 - Train Loss: 0.4802, Train Accuracy: 1.0000, Test Loss: 0.6786, Test Accuracy: 0.9218
Epoch 33/500 - Train Loss: 0.4838, Train Accuracy: 1.0000, Test Loss: 0.6762, Test Accuracy: 0.9248
Epoch 34/500 - Train Loss: 0.4779, Train Accuracy: 1.0000, Test Loss: 0.6720, Test Accuracy: 0.9266
Epoch 35/500 - Train Loss: 0.4820, Train Accuracy: 1.0000, Test Loss: 0.6644, Test Accuracy: 0.9292
Epoch 36/500 - Train Loss: 0.4846, Train Accuracy: 1.0000, Test Loss: 0.7038, Test Accuracy: 0.9078
Epoch 37/500 - Train Loss: 0.4809, Train Accuracy: 1.0000, Test Loss: 0.6666, Test Accuracy: 0.9244
Epoch 38/500 - Train Loss: 0.4864, Train Accuracy: 0.9975, Test Loss: 0.6731, Test Accuracy: 0.9213
Epoch 39/500 - Train Loss: 0.4874, Train Accuracy: 1.0000, Test Loss: 0.7353, Test Accuracy: 0.8894
Epoch 40/500 - Train Loss: 0.4851, Train Accuracy: 1.0000, Test Loss: 0.6782, Test Accuracy: 0.9257
Epoch 41/500 - Train Loss: 0.4820, Train Accuracy: 1.0000, Test Loss: 0.6771, Test Accuracy: 0.9200
Epoch 42/500 - Train Loss: 0.4779, Train Accuracy: 1.0000, Test Loss: 0.6616, Test Accuracy: 0.9279
Epoch 43/500 - Train Loss: 0.4804, Train Accuracy: 1.0000, Test Loss: 0.6578, Test Accuracy: 0.9266
Epoch 44/500 - Train Loss: 0.4782, Train Accuracy: 1.0000, Test Loss: 0.6698, Test Accuracy: 0.9218
Epoch 45/500 - Train Loss: 0.4781, Train Accuracy: 1.0000, Test Loss: 0.6751, Test Accuracy: 0.9218
Epoch 46/500 - Train Loss: 0.4750, Train Accuracy: 1.0000, Test Loss: 0.6674, Test Accuracy: 0.9235
Epoch 47/500 - Train Loss: 0.4749, Train Accuracy: 1.0000, Test Loss: 0.6678, Test Accuracy: 0.9244
Epoch 48/500 - Train Loss: 0.4775, Train Accuracy: 1.0000, Test Loss: 0.6771, Test Accuracy: 0.9231
Epoch 49/500 - Train Loss: 0.4793, Train Accuracy: 1.0000, Test Loss: 0.6739, Test Accuracy: 0.9209
Epoch 50/500 - Train Loss: 0.4766, Train Accuracy: 1.0000, Test Loss: 0.7029, Test Accuracy: 0.9043
Epoch 51/500 - Train Loss: 0.4815, Train Accuracy: 1.0000, Test Loss: 0.6748, Test Accuracy: 0.9187
Epoch 52/500 - Train Loss: 0.4759, Train Accuracy: 1.0000, Test Loss: 0.6728, Test Accuracy: 0.9244
Epoch 53/500 - Train Loss: 0.4786, Train Accuracy: 1.0000, Test Loss: 0.6691, Test Accuracy: 0.9231
Epoch 54/500 - Train Loss: 0.4756, Train Accuracy: 1.0000, Test Loss: 0.6621, Test Accuracy: 0.9244
Epoch 55/500 - Train Loss: 0.4768, Train Accuracy: 1.0000, Test Loss: 0.6562, Test Accuracy: 0.9288
Epoch 56/500 - Train Loss: 0.4768, Train Accuracy: 1.0000, Test Loss: 0.6493, Test Accuracy: 0.9327
Epoch 57/500 - Train Loss: 0.4737, Train Accuracy: 1.0000, Test Loss: 0.6498, Test Accuracy: 0.9327
Epoch 58/500 - Train Loss: 0.4744, Train Accuracy: 1.0000, Test Loss: 0.6510, Test Accuracy: 0.9296
Epoch 59/500 - Train Loss: 0.4759, Train Accuracy: 1.0000, Test Loss: 0.6447, Test Accuracy: 0.9327
Epoch 60/500 - Train Loss: 0.4743, Train Accuracy: 1.0000, Test Loss: 0.6453, Test Accuracy: 0.9314
Epoch 61/500 - Train Loss: 0.4757, Train Accuracy: 1.0000, Test Loss: 0.6472, Test Accuracy: 0.9235
Epoch 62/500 - Train Loss: 0.4779, Train Accuracy: 1.0000, Test Loss: 0.6603, Test Accuracy: 0.9253
Epoch 63/500 - Train Loss: 0.4736, Train Accuracy: 1.0000, Test Loss: 0.6492, Test Accuracy: 0.9296
Epoch 64/500 - Train Loss: 0.4737, Train Accuracy: 1.0000, Test Loss: 0.6470, Test Accuracy: 0.9309
Epoch 65/500 - Train Loss: 0.4768, Train Accuracy: 1.0000, Test Loss: 0.6457, Test Accuracy: 0.9305
Epoch 66/500 - Train Loss: 0.4750, Train Accuracy: 1.0000, Test Loss: 0.7104, Test Accuracy: 0.8995
Epoch 67/500 - Train Loss: 0.4771, Train Accuracy: 1.0000, Test Loss: 0.6851, Test Accuracy: 0.9143
Epoch 68/500 - Train Loss: 0.4785, Train Accuracy: 1.0000, Test Loss: 0.6592, Test Accuracy: 0.9274
Epoch 69/500 - Train Loss: 0.4768, Train Accuracy: 1.0000, Test Loss: 0.6771, Test Accuracy: 0.9139
Epoch 70/500 - Train Loss: 0.4772, Train Accuracy: 1.0000, Test Loss: 0.7019, Test Accuracy: 0.9008
Epoch 71/500 - Train Loss: 0.4777, Train Accuracy: 1.0000, Test Loss: 0.6750, Test Accuracy: 0.9165
Epoch 72/500 - Train Loss: 0.4775, Train Accuracy: 1.0000, Test Loss: 0.6583, Test Accuracy: 0.9244
Epoch 73/500 - Train Loss: 0.4751, Train Accuracy: 1.0000, Test Loss: 0.6563, Test Accuracy: 0.9248
Epoch 74/500 - Train Loss: 0.4777, Train Accuracy: 1.0000, Test Loss: 0.6570, Test Accuracy: 0.9244

Early stopping triggered at epoch 74
Best test loss: 0.6447
Best test accuracy: 0.9327
Plot saved as trained_models/block_mod_remove_1_block/metrics/loss.png
Plot saved as trained_models/block_mod_remove_1_block/metrics/metrics.png

Completed experiment 1/3


================================================================================
EXPERIMENT 2/3
Remove Last 2 Blocks (DB4+T3+DB3+T2)
================================================================================

Trainable parameters: 1,302,664 / 1,302,664 (100.00%)

Model architecture:
  Features: 8 layers
  Classifier input: 512 features
  Classifier output: 8 classes
Epoch 1/500 - Train Loss: 2.0196, Train Accuracy: 0.2950, Test Loss: 2.0610, Test Accuracy: 0.1582
Epoch 2/500 - Train Loss: 1.8605, Train Accuracy: 0.6675, Test Loss: 2.0178, Test Accuracy: 0.3151
Epoch 3/500 - Train Loss: 1.7141, Train Accuracy: 0.7575, Test Loss: 1.9317, Test Accuracy: 0.4983
Epoch 4/500 - Train Loss: 1.5747, Train Accuracy: 0.7650, Test Loss: 1.7881, Test Accuracy: 0.5927
Epoch 5/500 - Train Loss: 1.4511, Train Accuracy: 0.7675, Test Loss: 1.6028, Test Accuracy: 0.6272
Epoch 6/500 - Train Loss: 1.3474, Train Accuracy: 0.7825, Test Loss: 1.4268, Test Accuracy: 0.6814
Epoch 7/500 - Train Loss: 1.2587, Train Accuracy: 0.7950, Test Loss: 1.2726, Test Accuracy: 0.7421
Epoch 8/500 - Train Loss: 1.1687, Train Accuracy: 0.8375, Test Loss: 1.1690, Test Accuracy: 0.7863
Epoch 9/500 - Train Loss: 1.0956, Train Accuracy: 0.8575, Test Loss: 1.0905, Test Accuracy: 0.8033
Epoch 10/500 - Train Loss: 1.0381, Train Accuracy: 0.8650, Test Loss: 1.0688, Test Accuracy: 0.7854
Epoch 11/500 - Train Loss: 0.9852, Train Accuracy: 0.8600, Test Loss: 1.0147, Test Accuracy: 0.8016
Epoch 12/500 - Train Loss: 0.9591, Train Accuracy: 0.8550, Test Loss: 0.9866, Test Accuracy: 0.8156
Epoch 13/500 - Train Loss: 0.9118, Train Accuracy: 0.8850, Test Loss: 0.9523, Test Accuracy: 0.8339
Epoch 14/500 - Train Loss: 0.8800, Train Accuracy: 0.8975, Test Loss: 0.9559, Test Accuracy: 0.8344
Epoch 15/500 - Train Loss: 0.8438, Train Accuracy: 0.9025, Test Loss: 0.9080, Test Accuracy: 0.8501
Epoch 16/500 - Train Loss: 0.8183, Train Accuracy: 0.9125, Test Loss: 0.9100, Test Accuracy: 0.8483
Epoch 17/500 - Train Loss: 0.8125, Train Accuracy: 0.9125, Test Loss: 0.8943, Test Accuracy: 0.8431
Epoch 18/500 - Train Loss: 0.7746, Train Accuracy: 0.9100, Test Loss: 0.8841, Test Accuracy: 0.8440
Epoch 19/500 - Train Loss: 0.7505, Train Accuracy: 0.9200, Test Loss: 0.8645, Test Accuracy: 0.8514
Epoch 20/500 - Train Loss: 0.7293, Train Accuracy: 0.9300, Test Loss: 0.8544, Test Accuracy: 0.8658
Epoch 21/500 - Train Loss: 0.7118, Train Accuracy: 0.9475, Test Loss: 0.8448, Test Accuracy: 0.8693
Epoch 22/500 - Train Loss: 0.7000, Train Accuracy: 0.9550, Test Loss: 0.8508, Test Accuracy: 0.8663
Epoch 23/500 - Train Loss: 0.6867, Train Accuracy: 0.9525, Test Loss: 0.8614, Test Accuracy: 0.8488
Epoch 24/500 - Train Loss: 0.6729, Train Accuracy: 0.9550, Test Loss: 0.8557, Test Accuracy: 0.8553
Epoch 25/500 - Train Loss: 0.6648, Train Accuracy: 0.9700, Test Loss: 0.8353, Test Accuracy: 0.8623
Epoch 26/500 - Train Loss: 0.6330, Train Accuracy: 0.9850, Test Loss: 0.8211, Test Accuracy: 0.8663
Epoch 27/500 - Train Loss: 0.6306, Train Accuracy: 0.9825, Test Loss: 0.8395, Test Accuracy: 0.8536
Epoch 28/500 - Train Loss: 0.6174, Train Accuracy: 0.9925, Test Loss: 0.8349, Test Accuracy: 0.8571
Epoch 29/500 - Train Loss: 0.6219, Train Accuracy: 0.9825, Test Loss: 0.8168, Test Accuracy: 0.8693
Epoch 30/500 - Train Loss: 0.5954, Train Accuracy: 0.9850, Test Loss: 0.7895, Test Accuracy: 0.8846
Epoch 31/500 - Train Loss: 0.6027, Train Accuracy: 0.9925, Test Loss: 0.8373, Test Accuracy: 0.8588
Epoch 32/500 - Train Loss: 0.6079, Train Accuracy: 0.9800, Test Loss: 0.8078, Test Accuracy: 0.8794
Epoch 33/500 - Train Loss: 0.5903, Train Accuracy: 0.9900, Test Loss: 0.7949, Test Accuracy: 0.8855
Epoch 34/500 - Train Loss: 0.5723, Train Accuracy: 0.9975, Test Loss: 0.8160, Test Accuracy: 0.8649
Epoch 35/500 - Train Loss: 0.5799, Train Accuracy: 0.9950, Test Loss: 0.7924, Test Accuracy: 0.8816
Epoch 36/500 - Train Loss: 0.5602, Train Accuracy: 0.9975, Test Loss: 0.7932, Test Accuracy: 0.8859
Epoch 37/500 - Train Loss: 0.5565, Train Accuracy: 0.9950, Test Loss: 0.8225, Test Accuracy: 0.8641
Epoch 38/500 - Train Loss: 0.5463, Train Accuracy: 0.9975, Test Loss: 0.7969, Test Accuracy: 0.8763
Epoch 39/500 - Train Loss: 0.5479, Train Accuracy: 0.9950, Test Loss: 0.7960, Test Accuracy: 0.8767
Epoch 40/500 - Train Loss: 0.5426, Train Accuracy: 0.9975, Test Loss: 0.7920, Test Accuracy: 0.8789
Epoch 41/500 - Train Loss: 0.5370, Train Accuracy: 0.9975, Test Loss: 0.7857, Test Accuracy: 0.8807
Epoch 42/500 - Train Loss: 0.5254, Train Accuracy: 0.9975, Test Loss: 0.8049, Test Accuracy: 0.8750
Epoch 43/500 - Train Loss: 0.5235, Train Accuracy: 0.9975, Test Loss: 0.7863, Test Accuracy: 0.8820
Epoch 44/500 - Train Loss: 0.5269, Train Accuracy: 0.9975, Test Loss: 0.7814, Test Accuracy: 0.8837
Epoch 45/500 - Train Loss: 0.5271, Train Accuracy: 0.9975, Test Loss: 0.7983, Test Accuracy: 0.8759
Epoch 46/500 - Train Loss: 0.5271, Train Accuracy: 0.9950, Test Loss: 0.7788, Test Accuracy: 0.8846
Epoch 47/500 - Train Loss: 0.5211, Train Accuracy: 0.9975, Test Loss: 0.7828, Test Accuracy: 0.8920
Epoch 48/500 - Train Loss: 0.5233, Train Accuracy: 0.9975, Test Loss: 0.7972, Test Accuracy: 0.8785
Epoch 49/500 - Train Loss: 0.5162, Train Accuracy: 0.9975, Test Loss: 0.7777, Test Accuracy: 0.8868
Epoch 50/500 - Train Loss: 0.5162, Train Accuracy: 0.9975, Test Loss: 0.7808, Test Accuracy: 0.8811
Epoch 51/500 - Train Loss: 0.5087, Train Accuracy: 0.9975, Test Loss: 0.7812, Test Accuracy: 0.8851
Epoch 52/500 - Train Loss: 0.5080, Train Accuracy: 0.9975, Test Loss: 0.7869, Test Accuracy: 0.8837
Epoch 53/500 - Train Loss: 0.5039, Train Accuracy: 0.9975, Test Loss: 0.8327, Test Accuracy: 0.8593
Epoch 54/500 - Train Loss: 0.5147, Train Accuracy: 0.9950, Test Loss: 0.7779, Test Accuracy: 0.8837
Epoch 55/500 - Train Loss: 0.5188, Train Accuracy: 0.9925, Test Loss: 0.8163, Test Accuracy: 0.8619
Epoch 56/500 - Train Loss: 0.5089, Train Accuracy: 0.9975, Test Loss: 0.8272, Test Accuracy: 0.8632
Epoch 57/500 - Train Loss: 0.5203, Train Accuracy: 0.9950, Test Loss: 0.8626, Test Accuracy: 0.8510
Epoch 58/500 - Train Loss: 0.5099, Train Accuracy: 1.0000, Test Loss: 0.7906, Test Accuracy: 0.8807
Epoch 59/500 - Train Loss: 0.5049, Train Accuracy: 0.9975, Test Loss: 0.7918, Test Accuracy: 0.8789
Epoch 60/500 - Train Loss: 0.5064, Train Accuracy: 0.9975, Test Loss: 0.7807, Test Accuracy: 0.8855
Epoch 61/500 - Train Loss: 0.5062, Train Accuracy: 0.9975, Test Loss: 0.7944, Test Accuracy: 0.8741
Epoch 62/500 - Train Loss: 0.5062, Train Accuracy: 1.0000, Test Loss: 0.7912, Test Accuracy: 0.8824
Epoch 63/500 - Train Loss: 0.5002, Train Accuracy: 1.0000, Test Loss: 0.7723, Test Accuracy: 0.8885
Epoch 64/500 - Train Loss: 0.4984, Train Accuracy: 1.0000, Test Loss: 0.7985, Test Accuracy: 0.8781
Epoch 65/500 - Train Loss: 0.4981, Train Accuracy: 1.0000, Test Loss: 0.7872, Test Accuracy: 0.8781
Epoch 66/500 - Train Loss: 0.5027, Train Accuracy: 0.9975, Test Loss: 0.7903, Test Accuracy: 0.8715
Epoch 67/500 - Train Loss: 0.4993, Train Accuracy: 1.0000, Test Loss: 0.8214, Test Accuracy: 0.8597
Epoch 68/500 - Train Loss: 0.5016, Train Accuracy: 1.0000, Test Loss: 0.7785, Test Accuracy: 0.8837
Epoch 69/500 - Train Loss: 0.4955, Train Accuracy: 1.0000, Test Loss: 0.8360, Test Accuracy: 0.8575
Epoch 70/500 - Train Loss: 0.5051, Train Accuracy: 1.0000, Test Loss: 0.7705, Test Accuracy: 0.8890
Epoch 71/500 - Train Loss: 0.4955, Train Accuracy: 1.0000, Test Loss: 0.7634, Test Accuracy: 0.8934
Epoch 72/500 - Train Loss: 0.4956, Train Accuracy: 1.0000, Test Loss: 0.7848, Test Accuracy: 0.8837
Epoch 73/500 - Train Loss: 0.5027, Train Accuracy: 1.0000, Test Loss: 0.8224, Test Accuracy: 0.8636
Epoch 74/500 - Train Loss: 0.5029, Train Accuracy: 1.0000, Test Loss: 0.8188, Test Accuracy: 0.8649
Epoch 75/500 - Train Loss: 0.4998, Train Accuracy: 1.0000, Test Loss: 0.8070, Test Accuracy: 0.8759
Epoch 76/500 - Train Loss: 0.4983, Train Accuracy: 0.9975, Test Loss: 0.8011, Test Accuracy: 0.8715
Epoch 77/500 - Train Loss: 0.5014, Train Accuracy: 0.9975, Test Loss: 0.7961, Test Accuracy: 0.8789
Epoch 78/500 - Train Loss: 0.5102, Train Accuracy: 1.0000, Test Loss: 0.7935, Test Accuracy: 0.8733
Epoch 79/500 - Train Loss: 0.4985, Train Accuracy: 1.0000, Test Loss: 0.7693, Test Accuracy: 0.8842
Epoch 80/500 - Train Loss: 0.4986, Train Accuracy: 0.9975, Test Loss: 0.7995, Test Accuracy: 0.8798
Epoch 81/500 - Train Loss: 0.4975, Train Accuracy: 1.0000, Test Loss: 0.8865, Test Accuracy: 0.8422
Epoch 82/500 - Train Loss: 0.4993, Train Accuracy: 1.0000, Test Loss: 0.7988, Test Accuracy: 0.8759
Epoch 83/500 - Train Loss: 0.4927, Train Accuracy: 1.0000, Test Loss: 0.8036, Test Accuracy: 0.8746
Epoch 84/500 - Train Loss: 0.4960, Train Accuracy: 1.0000, Test Loss: 0.7759, Test Accuracy: 0.8890
Epoch 85/500 - Train Loss: 0.4903, Train Accuracy: 1.0000, Test Loss: 0.7715, Test Accuracy: 0.8938
Epoch 86/500 - Train Loss: 0.4934, Train Accuracy: 1.0000, Test Loss: 0.7744, Test Accuracy: 0.8890

Early stopping triggered at epoch 86
Best test loss: 0.7634
Best test accuracy: 0.8938
Plot saved as trained_models/block_mod_remove_2_blocks/metrics/loss.png
Plot saved as trained_models/block_mod_remove_2_blocks/metrics/metrics.png

Completed experiment 2/3


================================================================================
EXPERIMENT 3/3
Add New Block (DB5 after DB4)
================================================================================

Trainable parameters: 10,192,264 / 10,192,264 (100.00%)

Model architecture:
  Features: 14 layers
  Classifier input: 1536 features
  Classifier output: 8 classes
Epoch 1/500 - Train Loss: 1.8488, Train Accuracy: 0.4725, Test Loss: 1.8065, Test Accuracy: 0.5437
Epoch 2/500 - Train Loss: 1.0446, Train Accuracy: 0.9575, Test Loss: 1.4401, Test Accuracy: 0.8689
Epoch 3/500 - Train Loss: 0.6901, Train Accuracy: 0.9775, Test Loss: 1.0647, Test Accuracy: 0.9178
Epoch 4/500 - Train Loss: 0.5587, Train Accuracy: 0.9875, Test Loss: 0.8260, Test Accuracy: 0.9410
Epoch 5/500 - Train Loss: 0.5259, Train Accuracy: 0.9950, Test Loss: 0.7158, Test Accuracy: 0.9445
Epoch 6/500 - Train Loss: 0.5041, Train Accuracy: 1.0000, Test Loss: 0.6900, Test Accuracy: 0.9423
Epoch 7/500 - Train Loss: 0.4937, Train Accuracy: 1.0000, Test Loss: 0.6770, Test Accuracy: 0.9427
Epoch 8/500 - Train Loss: 0.4978, Train Accuracy: 1.0000, Test Loss: 0.6794, Test Accuracy: 0.9414
Epoch 9/500 - Train Loss: 0.4894, Train Accuracy: 1.0000, Test Loss: 0.6731, Test Accuracy: 0.9449
Epoch 10/500 - Train Loss: 0.4848, Train Accuracy: 1.0000, Test Loss: 0.6721, Test Accuracy: 0.9406
Epoch 11/500 - Train Loss: 0.4838, Train Accuracy: 1.0000, Test Loss: 0.6736, Test Accuracy: 0.9436
Epoch 12/500 - Train Loss: 0.4839, Train Accuracy: 1.0000, Test Loss: 0.6731, Test Accuracy: 0.9401
Epoch 13/500 - Train Loss: 0.4792, Train Accuracy: 1.0000, Test Loss: 0.6625, Test Accuracy: 0.9441
Epoch 14/500 - Train Loss: 0.4785, Train Accuracy: 1.0000, Test Loss: 0.6510, Test Accuracy: 0.9432
Epoch 15/500 - Train Loss: 0.4792, Train Accuracy: 1.0000, Test Loss: 0.6511, Test Accuracy: 0.9410
Epoch 16/500 - Train Loss: 0.4823, Train Accuracy: 1.0000, Test Loss: 0.6454, Test Accuracy: 0.9441
Epoch 17/500 - Train Loss: 0.4790, Train Accuracy: 1.0000, Test Loss: 0.6338, Test Accuracy: 0.9471
Epoch 18/500 - Train Loss: 0.4829, Train Accuracy: 1.0000, Test Loss: 0.6340, Test Accuracy: 0.9462
Epoch 19/500 - Train Loss: 0.4842, Train Accuracy: 1.0000, Test Loss: 0.6412, Test Accuracy: 0.9410
Epoch 20/500 - Train Loss: 0.4772, Train Accuracy: 1.0000, Test Loss: 0.6493, Test Accuracy: 0.9414
Epoch 21/500 - Train Loss: 0.4773, Train Accuracy: 1.0000, Test Loss: 0.6453, Test Accuracy: 0.9414
Epoch 22/500 - Train Loss: 0.4775, Train Accuracy: 1.0000, Test Loss: 0.6429, Test Accuracy: 0.9410
Epoch 23/500 - Train Loss: 0.4821, Train Accuracy: 1.0000, Test Loss: 0.6463, Test Accuracy: 0.9379
Epoch 24/500 - Train Loss: 0.4773, Train Accuracy: 1.0000, Test Loss: 0.6506, Test Accuracy: 0.9318
Epoch 25/500 - Train Loss: 0.4765, Train Accuracy: 1.0000, Test Loss: 0.6363, Test Accuracy: 0.9384
Epoch 26/500 - Train Loss: 0.4760, Train Accuracy: 1.0000, Test Loss: 0.6350, Test Accuracy: 0.9427
Epoch 27/500 - Train Loss: 0.4781, Train Accuracy: 1.0000, Test Loss: 0.6334, Test Accuracy: 0.9414
Epoch 28/500 - Train Loss: 0.4765, Train Accuracy: 1.0000, Test Loss: 0.6415, Test Accuracy: 0.9358
Epoch 29/500 - Train Loss: 0.4758, Train Accuracy: 1.0000, Test Loss: 0.6389, Test Accuracy: 0.9388
Epoch 30/500 - Train Loss: 0.4751, Train Accuracy: 1.0000, Test Loss: 0.6345, Test Accuracy: 0.9392
Epoch 31/500 - Train Loss: 0.4761, Train Accuracy: 1.0000, Test Loss: 0.6323, Test Accuracy: 0.9419
Epoch 32/500 - Train Loss: 0.4743, Train Accuracy: 1.0000, Test Loss: 0.6353, Test Accuracy: 0.9449
Epoch 33/500 - Train Loss: 0.4767, Train Accuracy: 1.0000, Test Loss: 0.6353, Test Accuracy: 0.9423
Epoch 34/500 - Train Loss: 0.4753, Train Accuracy: 1.0000, Test Loss: 0.6395, Test Accuracy: 0.9388
Epoch 35/500 - Train Loss: 0.4768, Train Accuracy: 1.0000, Test Loss: 0.6351, Test Accuracy: 0.9397
Epoch 36/500 - Train Loss: 0.4752, Train Accuracy: 1.0000, Test Loss: 0.6280, Test Accuracy: 0.9419
Epoch 37/500 - Train Loss: 0.4750, Train Accuracy: 1.0000, Test Loss: 0.6342, Test Accuracy: 0.9397
Epoch 38/500 - Train Loss: 0.4736, Train Accuracy: 1.0000, Test Loss: 0.6423, Test Accuracy: 0.9401
Epoch 39/500 - Train Loss: 0.4744, Train Accuracy: 1.0000, Test Loss: 0.6354, Test Accuracy: 0.9397
Epoch 40/500 - Train Loss: 0.4762, Train Accuracy: 1.0000, Test Loss: 0.6285, Test Accuracy: 0.9406
Epoch 41/500 - Train Loss: 0.4746, Train Accuracy: 1.0000, Test Loss: 0.6419, Test Accuracy: 0.9353
Epoch 42/500 - Train Loss: 0.4772, Train Accuracy: 1.0000, Test Loss: 0.6351, Test Accuracy: 0.9388
Epoch 43/500 - Train Loss: 0.4751, Train Accuracy: 1.0000, Test Loss: 0.6327, Test Accuracy: 0.9371
Epoch 44/500 - Train Loss: 0.4740, Train Accuracy: 1.0000, Test Loss: 0.6287, Test Accuracy: 0.9406
Epoch 45/500 - Train Loss: 0.4738, Train Accuracy: 1.0000, Test Loss: 0.6295, Test Accuracy: 0.9375
Epoch 46/500 - Train Loss: 0.4744, Train Accuracy: 1.0000, Test Loss: 0.6259, Test Accuracy: 0.9427
Epoch 47/500 - Train Loss: 0.4737, Train Accuracy: 1.0000, Test Loss: 0.6300, Test Accuracy: 0.9419
Epoch 48/500 - Train Loss: 0.4732, Train Accuracy: 1.0000, Test Loss: 0.6314, Test Accuracy: 0.9432
Epoch 49/500 - Train Loss: 0.4738, Train Accuracy: 1.0000, Test Loss: 0.6423, Test Accuracy: 0.9327
Epoch 50/500 - Train Loss: 0.4745, Train Accuracy: 1.0000, Test Loss: 0.6314, Test Accuracy: 0.9388
Epoch 51/500 - Train Loss: 0.4739, Train Accuracy: 1.0000, Test Loss: 0.6240, Test Accuracy: 0.9423
Epoch 52/500 - Train Loss: 0.4761, Train Accuracy: 1.0000, Test Loss: 0.6227, Test Accuracy: 0.9384
Epoch 53/500 - Train Loss: 0.4742, Train Accuracy: 1.0000, Test Loss: 0.6242, Test Accuracy: 0.9397
Epoch 54/500 - Train Loss: 0.4722, Train Accuracy: 1.0000, Test Loss: 0.6243, Test Accuracy: 0.9397
Epoch 55/500 - Train Loss: 0.4716, Train Accuracy: 1.0000, Test Loss: 0.6258, Test Accuracy: 0.9427
Epoch 56/500 - Train Loss: 0.4754, Train Accuracy: 1.0000, Test Loss: 0.6284, Test Accuracy: 0.9388
Epoch 57/500 - Train Loss: 0.4719, Train Accuracy: 1.0000, Test Loss: 0.6235, Test Accuracy: 0.9427
Epoch 58/500 - Train Loss: 0.4740, Train Accuracy: 1.0000, Test Loss: 0.6257, Test Accuracy: 0.9445
Epoch 59/500 - Train Loss: 0.4734, Train Accuracy: 1.0000, Test Loss: 0.6217, Test Accuracy: 0.9423
Epoch 60/500 - Train Loss: 0.4721, Train Accuracy: 1.0000, Test Loss: 0.6238, Test Accuracy: 0.9419
Epoch 61/500 - Train Loss: 0.4775, Train Accuracy: 0.9975, Test Loss: 0.6200, Test Accuracy: 0.9449
Epoch 62/500 - Train Loss: 0.4784, Train Accuracy: 1.0000, Test Loss: 0.6922, Test Accuracy: 0.9047
Epoch 63/500 - Train Loss: 0.4789, Train Accuracy: 1.0000, Test Loss: 0.6598, Test Accuracy: 0.9248
Epoch 64/500 - Train Loss: 0.4768, Train Accuracy: 1.0000, Test Loss: 0.6393, Test Accuracy: 0.9257
Epoch 65/500 - Train Loss: 0.4790, Train Accuracy: 1.0000, Test Loss: 0.6448, Test Accuracy: 0.9257
Epoch 66/500 - Train Loss: 0.4754, Train Accuracy: 1.0000, Test Loss: 0.6379, Test Accuracy: 0.9353
Epoch 67/500 - Train Loss: 0.4754, Train Accuracy: 1.0000, Test Loss: 0.6376, Test Accuracy: 0.9358
Epoch 68/500 - Train Loss: 0.4753, Train Accuracy: 1.0000, Test Loss: 0.6339, Test Accuracy: 0.9371
Epoch 69/500 - Train Loss: 0.4742, Train Accuracy: 1.0000, Test Loss: 0.6241, Test Accuracy: 0.9432
Epoch 70/500 - Train Loss: 0.4727, Train Accuracy: 1.0000, Test Loss: 0.6245, Test Accuracy: 0.9397
Epoch 71/500 - Train Loss: 0.4738, Train Accuracy: 1.0000, Test Loss: 0.6233, Test Accuracy: 0.9410
Epoch 72/500 - Train Loss: 0.4720, Train Accuracy: 1.0000, Test Loss: 0.6360, Test Accuracy: 0.9362
Epoch 73/500 - Train Loss: 0.4743, Train Accuracy: 1.0000, Test Loss: 0.6292, Test Accuracy: 0.9379
Epoch 74/500 - Train Loss: 0.4721, Train Accuracy: 1.0000, Test Loss: 0.6238, Test Accuracy: 0.9397
Epoch 75/500 - Train Loss: 0.4713, Train Accuracy: 1.0000, Test Loss: 0.6254, Test Accuracy: 0.9406
Epoch 76/500 - Train Loss: 0.4717, Train Accuracy: 1.0000, Test Loss: 0.6277, Test Accuracy: 0.9414

Early stopping triggered at epoch 76
Best test loss: 0.6200
Best test accuracy: 0.9471
Plot saved as trained_models/block_mod_add_block/metrics/loss.png
Plot saved as trained_models/block_mod_add_block/metrics/metrics.png

Completed experiment 3/3


All block modification experiments completed!
Total experiments run: 3
