Using GPU 0: NVIDIA GeForce RTX 3090
Total layers available to unfreeze: 41
  1. features.denseblock4.denselayer16
  2. features.denseblock4.denselayer15
  3. features.denseblock4.denselayer14
  4. features.denseblock4.denselayer13
  5. features.denseblock4.denselayer12
  6. features.denseblock4.denselayer11
  7. features.denseblock4.denselayer10
  8. features.denseblock4.denselayer9
  9. features.denseblock4.denselayer8
  10. features.denseblock4.denselayer7
  11. features.denseblock4.denselayer6
  12. features.denseblock4.denselayer5
  13. features.denseblock4.denselayer4
  14. features.denseblock4.denselayer3
  15. features.denseblock4.denselayer2
  16. features.denseblock4.denselayer1
  17. features.transition3
  18. features.denseblock3.denselayer24
  19. features.denseblock3.denselayer23
  20. features.denseblock3.denselayer22
  21. features.denseblock3.denselayer21
  22. features.denseblock3.denselayer20
  23. features.denseblock3.denselayer19
  24. features.denseblock3.denselayer18
  25. features.denseblock3.denselayer17
  26. features.denseblock3.denselayer16
  27. features.denseblock3.denselayer15
  28. features.denseblock3.denselayer14
  29. features.denseblock3.denselayer13
  30. features.denseblock3.denselayer12
  31. features.denseblock3.denselayer11
  32. features.denseblock3.denselayer10
  33. features.denseblock3.denselayer9
  34. features.denseblock3.denselayer8
  35. features.denseblock3.denselayer7
  36. features.denseblock3.denselayer6
  37. features.denseblock3.denselayer5
  38. features.denseblock3.denselayer4
  39. features.denseblock3.denselayer3
  40. features.denseblock3.denselayer2
  41. features.denseblock3.denselayer1

Will run 11 experiments with layer counts: [0, 4, 8, 12, 16, 20, 24, 28, 32, 36, 40]


================================================================================
EXPERIMENT 1/11
Training: Classifier ONLY
================================================================================

Trainable parameters: 8,200 / 6,962,056 (0.12%)
Epoch 1/100 - Train Loss: 2.1529, Train Accuracy: 0.1175, Test Loss: 2.0951, Test Accuracy: 0.1416
Epoch 2/100 - Train Loss: 2.0791, Train Accuracy: 0.1575, Test Loss: 2.0571, Test Accuracy: 0.1687
Epoch 3/100 - Train Loss: 2.0281, Train Accuracy: 0.2075, Test Loss: 2.0197, Test Accuracy: 0.2024
Epoch 4/100 - Train Loss: 1.9848, Train Accuracy: 0.2275, Test Loss: 1.9781, Test Accuracy: 0.2491
Epoch 5/100 - Train Loss: 1.9442, Train Accuracy: 0.2950, Test Loss: 1.9349, Test Accuracy: 0.3016
Epoch 6/100 - Train Loss: 1.9007, Train Accuracy: 0.2975, Test Loss: 1.8954, Test Accuracy: 0.3413
Epoch 7/100 - Train Loss: 1.8577, Train Accuracy: 0.3700, Test Loss: 1.8576, Test Accuracy: 0.3855
Epoch 8/100 - Train Loss: 1.8204, Train Accuracy: 0.4075, Test Loss: 1.8173, Test Accuracy: 0.4231
Epoch 9/100 - Train Loss: 1.7814, Train Accuracy: 0.4500, Test Loss: 1.7793, Test Accuracy: 0.4585
Epoch 10/100 - Train Loss: 1.7508, Train Accuracy: 0.4650, Test Loss: 1.7477, Test Accuracy: 0.4939
Epoch 11/100 - Train Loss: 1.7038, Train Accuracy: 0.5325, Test Loss: 1.7188, Test Accuracy: 0.5170
Epoch 12/100 - Train Loss: 1.6637, Train Accuracy: 0.5550, Test Loss: 1.6856, Test Accuracy: 0.5472
Epoch 13/100 - Train Loss: 1.6456, Train Accuracy: 0.5900, Test Loss: 1.6559, Test Accuracy: 0.5795
Epoch 14/100 - Train Loss: 1.6087, Train Accuracy: 0.6375, Test Loss: 1.6289, Test Accuracy: 0.5988
Epoch 15/100 - Train Loss: 1.5880, Train Accuracy: 0.6550, Test Loss: 1.6009, Test Accuracy: 0.6163
Epoch 16/100 - Train Loss: 1.5447, Train Accuracy: 0.6800, Test Loss: 1.5721, Test Accuracy: 0.6377
Epoch 17/100 - Train Loss: 1.5156, Train Accuracy: 0.7200, Test Loss: 1.5465, Test Accuracy: 0.6547
Epoch 18/100 - Train Loss: 1.4856, Train Accuracy: 0.7200, Test Loss: 1.5241, Test Accuracy: 0.6722
Epoch 19/100 - Train Loss: 1.4624, Train Accuracy: 0.7475, Test Loss: 1.4979, Test Accuracy: 0.6884
Epoch 20/100 - Train Loss: 1.4341, Train Accuracy: 0.7425, Test Loss: 1.4776, Test Accuracy: 0.6980
Epoch 21/100 - Train Loss: 1.4106, Train Accuracy: 0.7800, Test Loss: 1.4534, Test Accuracy: 0.7019
Epoch 22/100 - Train Loss: 1.3853, Train Accuracy: 0.7775, Test Loss: 1.4317, Test Accuracy: 0.7142
Epoch 23/100 - Train Loss: 1.3576, Train Accuracy: 0.7975, Test Loss: 1.4096, Test Accuracy: 0.7225
Epoch 24/100 - Train Loss: 1.3426, Train Accuracy: 0.8050, Test Loss: 1.3886, Test Accuracy: 0.7325
Epoch 25/100 - Train Loss: 1.3228, Train Accuracy: 0.8025, Test Loss: 1.3690, Test Accuracy: 0.7531
Epoch 26/100 - Train Loss: 1.3024, Train Accuracy: 0.8225, Test Loss: 1.3497, Test Accuracy: 0.7609
Epoch 27/100 - Train Loss: 1.2825, Train Accuracy: 0.8275, Test Loss: 1.3300, Test Accuracy: 0.7657
Epoch 28/100 - Train Loss: 1.2677, Train Accuracy: 0.8375, Test Loss: 1.3206, Test Accuracy: 0.7762
Epoch 29/100 - Train Loss: 1.2383, Train Accuracy: 0.8500, Test Loss: 1.3014, Test Accuracy: 0.7802
Epoch 30/100 - Train Loss: 1.2457, Train Accuracy: 0.8450, Test Loss: 1.2893, Test Accuracy: 0.7797
Epoch 31/100 - Train Loss: 1.2116, Train Accuracy: 0.8650, Test Loss: 1.2691, Test Accuracy: 0.7885
Epoch 32/100 - Train Loss: 1.2044, Train Accuracy: 0.8475, Test Loss: 1.2551, Test Accuracy: 0.7976
Epoch 33/100 - Train Loss: 1.1743, Train Accuracy: 0.8675, Test Loss: 1.2390, Test Accuracy: 0.8038
Epoch 34/100 - Train Loss: 1.1667, Train Accuracy: 0.8725, Test Loss: 1.2212, Test Accuracy: 0.8108
Epoch 35/100 - Train Loss: 1.1517, Train Accuracy: 0.9050, Test Loss: 1.2140, Test Accuracy: 0.8121
Epoch 36/100 - Train Loss: 1.1253, Train Accuracy: 0.8950, Test Loss: 1.2006, Test Accuracy: 0.8156
Epoch 37/100 - Train Loss: 1.1163, Train Accuracy: 0.9000, Test Loss: 1.1852, Test Accuracy: 0.8164
Epoch 38/100 - Train Loss: 1.0982, Train Accuracy: 0.8850, Test Loss: 1.1756, Test Accuracy: 0.8191
Epoch 39/100 - Train Loss: 1.0918, Train Accuracy: 0.9175, Test Loss: 1.1630, Test Accuracy: 0.8260
Epoch 40/100 - Train Loss: 1.0727, Train Accuracy: 0.9025, Test Loss: 1.1522, Test Accuracy: 0.8291
Epoch 41/100 - Train Loss: 1.0718, Train Accuracy: 0.9100, Test Loss: 1.1398, Test Accuracy: 0.8304
Epoch 42/100 - Train Loss: 1.0526, Train Accuracy: 0.9175, Test Loss: 1.1302, Test Accuracy: 0.8339
Epoch 43/100 - Train Loss: 1.0464, Train Accuracy: 0.9100, Test Loss: 1.1193, Test Accuracy: 0.8383
Epoch 44/100 - Train Loss: 1.0285, Train Accuracy: 0.9125, Test Loss: 1.1113, Test Accuracy: 0.8392
Epoch 45/100 - Train Loss: 1.0227, Train Accuracy: 0.9150, Test Loss: 1.1013, Test Accuracy: 0.8392
Epoch 46/100 - Train Loss: 1.0172, Train Accuracy: 0.9150, Test Loss: 1.0953, Test Accuracy: 0.8396
Epoch 47/100 - Train Loss: 1.0145, Train Accuracy: 0.9275, Test Loss: 1.0885, Test Accuracy: 0.8383
Epoch 48/100 - Train Loss: 1.0053, Train Accuracy: 0.9075, Test Loss: 1.0808, Test Accuracy: 0.8361
Epoch 49/100 - Train Loss: 0.9738, Train Accuracy: 0.9350, Test Loss: 1.0666, Test Accuracy: 0.8488
Epoch 50/100 - Train Loss: 0.9771, Train Accuracy: 0.9175, Test Loss: 1.0611, Test Accuracy: 0.8488
Epoch 51/100 - Train Loss: 0.9572, Train Accuracy: 0.9325, Test Loss: 1.0571, Test Accuracy: 0.8483
Epoch 52/100 - Train Loss: 0.9843, Train Accuracy: 0.9375, Test Loss: 1.0502, Test Accuracy: 0.8562
Epoch 53/100 - Train Loss: 0.9459, Train Accuracy: 0.9275, Test Loss: 1.0449, Test Accuracy: 0.8553
Epoch 54/100 - Train Loss: 0.9329, Train Accuracy: 0.9325, Test Loss: 1.0373, Test Accuracy: 0.8549
Epoch 55/100 - Train Loss: 0.9404, Train Accuracy: 0.9325, Test Loss: 1.0304, Test Accuracy: 0.8523
Epoch 56/100 - Train Loss: 0.9402, Train Accuracy: 0.9175, Test Loss: 1.0218, Test Accuracy: 0.8536
Epoch 57/100 - Train Loss: 0.9207, Train Accuracy: 0.9250, Test Loss: 1.0111, Test Accuracy: 0.8597
Epoch 58/100 - Train Loss: 0.9104, Train Accuracy: 0.9400, Test Loss: 1.0043, Test Accuracy: 0.8615
Epoch 59/100 - Train Loss: 0.9069, Train Accuracy: 0.9175, Test Loss: 0.9973, Test Accuracy: 0.8628
Epoch 60/100 - Train Loss: 0.8999, Train Accuracy: 0.9350, Test Loss: 0.9928, Test Accuracy: 0.8663
Epoch 61/100 - Train Loss: 0.8897, Train Accuracy: 0.9300, Test Loss: 0.9869, Test Accuracy: 0.8615
Epoch 62/100 - Train Loss: 0.8844, Train Accuracy: 0.9375, Test Loss: 0.9835, Test Accuracy: 0.8654
Epoch 63/100 - Train Loss: 0.8742, Train Accuracy: 0.9575, Test Loss: 0.9807, Test Accuracy: 0.8654
Epoch 64/100 - Train Loss: 0.8857, Train Accuracy: 0.9225, Test Loss: 0.9773, Test Accuracy: 0.8658
Epoch 65/100 - Train Loss: 0.8714, Train Accuracy: 0.9225, Test Loss: 0.9692, Test Accuracy: 0.8706
Epoch 66/100 - Train Loss: 0.8673, Train Accuracy: 0.9300, Test Loss: 0.9630, Test Accuracy: 0.8706
Epoch 67/100 - Train Loss: 0.8564, Train Accuracy: 0.9325, Test Loss: 0.9596, Test Accuracy: 0.8737
Epoch 68/100 - Train Loss: 0.8506, Train Accuracy: 0.9375, Test Loss: 0.9507, Test Accuracy: 0.8711
Epoch 69/100 - Train Loss: 0.8476, Train Accuracy: 0.9450, Test Loss: 0.9505, Test Accuracy: 0.8772
Epoch 70/100 - Train Loss: 0.8465, Train Accuracy: 0.9425, Test Loss: 0.9470, Test Accuracy: 0.8789
Epoch 71/100 - Train Loss: 0.8357, Train Accuracy: 0.9475, Test Loss: 0.9419, Test Accuracy: 0.8746
Epoch 72/100 - Train Loss: 0.8523, Train Accuracy: 0.9525, Test Loss: 0.9384, Test Accuracy: 0.8785
Epoch 73/100 - Train Loss: 0.8354, Train Accuracy: 0.9475, Test Loss: 0.9355, Test Accuracy: 0.8737
Epoch 74/100 - Train Loss: 0.8266, Train Accuracy: 0.9350, Test Loss: 0.9312, Test Accuracy: 0.8715
Epoch 75/100 - Train Loss: 0.8195, Train Accuracy: 0.9450, Test Loss: 0.9287, Test Accuracy: 0.8733
Epoch 76/100 - Train Loss: 0.8201, Train Accuracy: 0.9500, Test Loss: 0.9242, Test Accuracy: 0.8724
Epoch 77/100 - Train Loss: 0.8224, Train Accuracy: 0.9475, Test Loss: 0.9179, Test Accuracy: 0.8785
Epoch 78/100 - Train Loss: 0.8012, Train Accuracy: 0.9300, Test Loss: 0.9152, Test Accuracy: 0.8785
Epoch 79/100 - Train Loss: 0.8030, Train Accuracy: 0.9550, Test Loss: 0.9124, Test Accuracy: 0.8824
Epoch 80/100 - Train Loss: 0.7959, Train Accuracy: 0.9475, Test Loss: 0.9074, Test Accuracy: 0.8816
Epoch 81/100 - Train Loss: 0.7956, Train Accuracy: 0.9400, Test Loss: 0.9057, Test Accuracy: 0.8798
Epoch 82/100 - Train Loss: 0.7772, Train Accuracy: 0.9475, Test Loss: 0.9037, Test Accuracy: 0.8824
Epoch 83/100 - Train Loss: 0.8003, Train Accuracy: 0.9450, Test Loss: 0.9003, Test Accuracy: 0.8824
Epoch 84/100 - Train Loss: 0.7871, Train Accuracy: 0.9625, Test Loss: 0.8977, Test Accuracy: 0.8816
Epoch 85/100 - Train Loss: 0.7742, Train Accuracy: 0.9575, Test Loss: 0.8946, Test Accuracy: 0.8816
Epoch 86/100 - Train Loss: 0.7713, Train Accuracy: 0.9550, Test Loss: 0.8917, Test Accuracy: 0.8798
Epoch 87/100 - Train Loss: 0.7707, Train Accuracy: 0.9500, Test Loss: 0.8854, Test Accuracy: 0.8833
Epoch 88/100 - Train Loss: 0.7746, Train Accuracy: 0.9475, Test Loss: 0.8817, Test Accuracy: 0.8851
Epoch 89/100 - Train Loss: 0.7733, Train Accuracy: 0.9575, Test Loss: 0.8806, Test Accuracy: 0.8837
Epoch 90/100 - Train Loss: 0.7599, Train Accuracy: 0.9550, Test Loss: 0.8790, Test Accuracy: 0.8881
Epoch 91/100 - Train Loss: 0.7749, Train Accuracy: 0.9450, Test Loss: 0.8758, Test Accuracy: 0.8885
Epoch 92/100 - Train Loss: 0.7588, Train Accuracy: 0.9600, Test Loss: 0.8726, Test Accuracy: 0.8872
Epoch 93/100 - Train Loss: 0.7670, Train Accuracy: 0.9575, Test Loss: 0.8703, Test Accuracy: 0.8859
Epoch 94/100 - Train Loss: 0.7552, Train Accuracy: 0.9600, Test Loss: 0.8697, Test Accuracy: 0.8864
Epoch 95/100 - Train Loss: 0.7520, Train Accuracy: 0.9650, Test Loss: 0.8676, Test Accuracy: 0.8842
Epoch 96/100 - Train Loss: 0.7477, Train Accuracy: 0.9525, Test Loss: 0.8646, Test Accuracy: 0.8881
Epoch 97/100 - Train Loss: 0.7349, Train Accuracy: 0.9600, Test Loss: 0.8635, Test Accuracy: 0.8864
Epoch 98/100 - Train Loss: 0.7449, Train Accuracy: 0.9575, Test Loss: 0.8604, Test Accuracy: 0.8859
Epoch 99/100 - Train Loss: 0.7388, Train Accuracy: 0.9550, Test Loss: 0.8574, Test Accuracy: 0.8859
Epoch 100/100 - Train Loss: 0.7361, Train Accuracy: 0.9575, Test Loss: 0.8566, Test Accuracy: 0.8846
Best test loss: 0.8566
Best test accuracy: 0.8885
Plot saved as trained_models/finetune_classifier_only_small_dataset/metrics/loss.png
Plot saved as trained_models/finetune_classifier_only_small_dataset/metrics/metrics.png

Completed experiment 1/11


================================================================================
EXPERIMENT 2/11
Training: Classifier + 4 layer(s)
Unfrozen layers: features.denseblock4.denselayer16, features.denseblock4.denselayer15, features.denseblock4.denselayer14, features.denseblock4.denselayer13
================================================================================

Trainable parameters: 647,560 / 6,962,056 (9.30%)
Epoch 1/100 - Train Loss: 2.0995, Train Accuracy: 0.1875, Test Loss: 2.0249, Test Accuracy: 0.1971
Epoch 2/100 - Train Loss: 1.8556, Train Accuracy: 0.3650, Test Loss: 1.8545, Test Accuracy: 0.3929
Epoch 3/100 - Train Loss: 1.6783, Train Accuracy: 0.6050, Test Loss: 1.7035, Test Accuracy: 0.5634
Epoch 4/100 - Train Loss: 1.5429, Train Accuracy: 0.7100, Test Loss: 1.5776, Test Accuracy: 0.6552
Epoch 5/100 - Train Loss: 1.4149, Train Accuracy: 0.7825, Test Loss: 1.4680, Test Accuracy: 0.7098
Epoch 6/100 - Train Loss: 1.3054, Train Accuracy: 0.8375, Test Loss: 1.3772, Test Accuracy: 0.7483
Epoch 7/100 - Train Loss: 1.2217, Train Accuracy: 0.8525, Test Loss: 1.2815, Test Accuracy: 0.7867
Epoch 8/100 - Train Loss: 1.1347, Train Accuracy: 0.8900, Test Loss: 1.2125, Test Accuracy: 0.8173
Epoch 9/100 - Train Loss: 1.0673, Train Accuracy: 0.9000, Test Loss: 1.1567, Test Accuracy: 0.8278
Epoch 10/100 - Train Loss: 0.9920, Train Accuracy: 0.9250, Test Loss: 1.1051, Test Accuracy: 0.8514
Epoch 11/100 - Train Loss: 0.9580, Train Accuracy: 0.9275, Test Loss: 1.0621, Test Accuracy: 0.8549
Epoch 12/100 - Train Loss: 0.9067, Train Accuracy: 0.9450, Test Loss: 1.0207, Test Accuracy: 0.8724
Epoch 13/100 - Train Loss: 0.8695, Train Accuracy: 0.9550, Test Loss: 0.9899, Test Accuracy: 0.8785
Epoch 14/100 - Train Loss: 0.8429, Train Accuracy: 0.9475, Test Loss: 0.9570, Test Accuracy: 0.8824
Epoch 15/100 - Train Loss: 0.8070, Train Accuracy: 0.9625, Test Loss: 0.9272, Test Accuracy: 0.8899
Epoch 16/100 - Train Loss: 0.7685, Train Accuracy: 0.9600, Test Loss: 0.9021, Test Accuracy: 0.8920
Epoch 17/100 - Train Loss: 0.7412, Train Accuracy: 0.9850, Test Loss: 0.8883, Test Accuracy: 0.8951
Epoch 18/100 - Train Loss: 0.7136, Train Accuracy: 0.9825, Test Loss: 0.8752, Test Accuracy: 0.9043
Epoch 19/100 - Train Loss: 0.6965, Train Accuracy: 0.9800, Test Loss: 0.8578, Test Accuracy: 0.9052
Epoch 20/100 - Train Loss: 0.6685, Train Accuracy: 0.9850, Test Loss: 0.8457, Test Accuracy: 0.9078
Epoch 21/100 - Train Loss: 0.6558, Train Accuracy: 0.9900, Test Loss: 0.8318, Test Accuracy: 0.9135
Epoch 22/100 - Train Loss: 0.6364, Train Accuracy: 0.9925, Test Loss: 0.8235, Test Accuracy: 0.9130
Epoch 23/100 - Train Loss: 0.6287, Train Accuracy: 0.9900, Test Loss: 0.8105, Test Accuracy: 0.9143
Epoch 24/100 - Train Loss: 0.6137, Train Accuracy: 0.9925, Test Loss: 0.7985, Test Accuracy: 0.9178
Epoch 25/100 - Train Loss: 0.6018, Train Accuracy: 0.9925, Test Loss: 0.7943, Test Accuracy: 0.9161
Epoch 26/100 - Train Loss: 0.5824, Train Accuracy: 0.9975, Test Loss: 0.7859, Test Accuracy: 0.9205
Epoch 27/100 - Train Loss: 0.5719, Train Accuracy: 0.9975, Test Loss: 0.7802, Test Accuracy: 0.9222
Epoch 28/100 - Train Loss: 0.5624, Train Accuracy: 1.0000, Test Loss: 0.7763, Test Accuracy: 0.9213
Epoch 29/100 - Train Loss: 0.5514, Train Accuracy: 0.9975, Test Loss: 0.7717, Test Accuracy: 0.9266
Epoch 30/100 - Train Loss: 0.5554, Train Accuracy: 0.9975, Test Loss: 0.7650, Test Accuracy: 0.9248
Epoch 31/100 - Train Loss: 0.5368, Train Accuracy: 1.0000, Test Loss: 0.7621, Test Accuracy: 0.9231
Epoch 32/100 - Train Loss: 0.5348, Train Accuracy: 1.0000, Test Loss: 0.7591, Test Accuracy: 0.9253
Epoch 33/100 - Train Loss: 0.5307, Train Accuracy: 0.9975, Test Loss: 0.7574, Test Accuracy: 0.9274
Epoch 34/100 - Train Loss: 0.5244, Train Accuracy: 1.0000, Test Loss: 0.7550, Test Accuracy: 0.9253
Epoch 35/100 - Train Loss: 0.5225, Train Accuracy: 1.0000, Test Loss: 0.7557, Test Accuracy: 0.9226
Epoch 36/100 - Train Loss: 0.5267, Train Accuracy: 1.0000, Test Loss: 0.7465, Test Accuracy: 0.9261
Epoch 37/100 - Train Loss: 0.5146, Train Accuracy: 1.0000, Test Loss: 0.7459, Test Accuracy: 0.9253
Epoch 38/100 - Train Loss: 0.5116, Train Accuracy: 1.0000, Test Loss: 0.7445, Test Accuracy: 0.9226
Epoch 39/100 - Train Loss: 0.5091, Train Accuracy: 1.0000, Test Loss: 0.7444, Test Accuracy: 0.9257
Epoch 40/100 - Train Loss: 0.5023, Train Accuracy: 1.0000, Test Loss: 0.7447, Test Accuracy: 0.9274
Epoch 41/100 - Train Loss: 0.5021, Train Accuracy: 1.0000, Test Loss: 0.7457, Test Accuracy: 0.9257
Epoch 42/100 - Train Loss: 0.5045, Train Accuracy: 1.0000, Test Loss: 0.7413, Test Accuracy: 0.9270
Epoch 43/100 - Train Loss: 0.4964, Train Accuracy: 1.0000, Test Loss: 0.7394, Test Accuracy: 0.9283
Epoch 44/100 - Train Loss: 0.5027, Train Accuracy: 1.0000, Test Loss: 0.7379, Test Accuracy: 0.9283
Epoch 45/100 - Train Loss: 0.4974, Train Accuracy: 1.0000, Test Loss: 0.7350, Test Accuracy: 0.9248
Epoch 46/100 - Train Loss: 0.4948, Train Accuracy: 1.0000, Test Loss: 0.7397, Test Accuracy: 0.9231
Epoch 47/100 - Train Loss: 0.4933, Train Accuracy: 1.0000, Test Loss: 0.7417, Test Accuracy: 0.9218
Epoch 48/100 - Train Loss: 0.4899, Train Accuracy: 1.0000, Test Loss: 0.7434, Test Accuracy: 0.9218
Epoch 49/100 - Train Loss: 0.4936, Train Accuracy: 1.0000, Test Loss: 0.7422, Test Accuracy: 0.9226
Epoch 50/100 - Train Loss: 0.4931, Train Accuracy: 1.0000, Test Loss: 0.7395, Test Accuracy: 0.9248
Epoch 51/100 - Train Loss: 0.4899, Train Accuracy: 1.0000, Test Loss: 0.7379, Test Accuracy: 0.9253
Epoch 52/100 - Train Loss: 0.4920, Train Accuracy: 1.0000, Test Loss: 0.7392, Test Accuracy: 0.9244
Epoch 53/100 - Train Loss: 0.4941, Train Accuracy: 1.0000, Test Loss: 0.7378, Test Accuracy: 0.9248
Epoch 54/100 - Train Loss: 0.4924, Train Accuracy: 1.0000, Test Loss: 0.7314, Test Accuracy: 0.9274
Epoch 55/100 - Train Loss: 0.4843, Train Accuracy: 1.0000, Test Loss: 0.7344, Test Accuracy: 0.9257
Epoch 56/100 - Train Loss: 0.4848, Train Accuracy: 1.0000, Test Loss: 0.7376, Test Accuracy: 0.9274
Epoch 57/100 - Train Loss: 0.4831, Train Accuracy: 1.0000, Test Loss: 0.7403, Test Accuracy: 0.9279
Epoch 58/100 - Train Loss: 0.4869, Train Accuracy: 1.0000, Test Loss: 0.7381, Test Accuracy: 0.9274
Epoch 59/100 - Train Loss: 0.4838, Train Accuracy: 1.0000, Test Loss: 0.7380, Test Accuracy: 0.9235
Epoch 60/100 - Train Loss: 0.4821, Train Accuracy: 1.0000, Test Loss: 0.7417, Test Accuracy: 0.9231
Epoch 61/100 - Train Loss: 0.4829, Train Accuracy: 1.0000, Test Loss: 0.7435, Test Accuracy: 0.9218
Epoch 62/100 - Train Loss: 0.4900, Train Accuracy: 1.0000, Test Loss: 0.7424, Test Accuracy: 0.9231
Epoch 63/100 - Train Loss: 0.4844, Train Accuracy: 1.0000, Test Loss: 0.7385, Test Accuracy: 0.9261
Epoch 64/100 - Train Loss: 0.4872, Train Accuracy: 1.0000, Test Loss: 0.7344, Test Accuracy: 0.9283
Epoch 65/100 - Train Loss: 0.4809, Train Accuracy: 1.0000, Test Loss: 0.7391, Test Accuracy: 0.9257
Epoch 66/100 - Train Loss: 0.4844, Train Accuracy: 1.0000, Test Loss: 0.7442, Test Accuracy: 0.9209
Epoch 67/100 - Train Loss: 0.4841, Train Accuracy: 1.0000, Test Loss: 0.7430, Test Accuracy: 0.9187
Epoch 68/100 - Train Loss: 0.4845, Train Accuracy: 1.0000, Test Loss: 0.7420, Test Accuracy: 0.9226
Epoch 69/100 - Train Loss: 0.4832, Train Accuracy: 1.0000, Test Loss: 0.7442, Test Accuracy: 0.9209

Early stopping triggered at epoch 69
Best test loss: 0.7314
Best test accuracy: 0.9283
Plot saved as trained_models/finetune_classifier_plus_4_layers_small_dataset/metrics/loss.png
Plot saved as trained_models/finetune_classifier_plus_4_layers_small_dataset/metrics/metrics.png

Completed experiment 2/11


================================================================================
EXPERIMENT 3/11
Training: Classifier + 8 layer(s)
Unfrozen layers: features.denseblock4.denselayer16, features.denseblock4.denselayer15, features.denseblock4.denselayer14, features.denseblock4.denselayer13, features.denseblock4.denselayer12, features.denseblock4.denselayer11, features.denseblock4.denselayer10, features.denseblock4.denselayer9
================================================================================

Trainable parameters: 1,220,360 / 6,962,056 (17.53%)
Epoch 1/100 - Train Loss: 2.0101, Train Accuracy: 0.2250, Test Loss: 1.8501, Test Accuracy: 0.4165
Epoch 2/100 - Train Loss: 1.6806, Train Accuracy: 0.5500, Test Loss: 1.6378, Test Accuracy: 0.6259
Epoch 3/100 - Train Loss: 1.4340, Train Accuracy: 0.7975, Test Loss: 1.4540, Test Accuracy: 0.7517
Epoch 4/100 - Train Loss: 1.2396, Train Accuracy: 0.9000, Test Loss: 1.3023, Test Accuracy: 0.8177
Epoch 5/100 - Train Loss: 1.1048, Train Accuracy: 0.9350, Test Loss: 1.1747, Test Accuracy: 0.8562
Epoch 6/100 - Train Loss: 0.9855, Train Accuracy: 0.9400, Test Loss: 1.0803, Test Accuracy: 0.8816
Epoch 7/100 - Train Loss: 0.8936, Train Accuracy: 0.9650, Test Loss: 1.0042, Test Accuracy: 0.8947
Epoch 8/100 - Train Loss: 0.8249, Train Accuracy: 0.9575, Test Loss: 0.9443, Test Accuracy: 0.9056
Epoch 9/100 - Train Loss: 0.7760, Train Accuracy: 0.9600, Test Loss: 0.8987, Test Accuracy: 0.9073
Epoch 10/100 - Train Loss: 0.7367, Train Accuracy: 0.9700, Test Loss: 0.8634, Test Accuracy: 0.9143
Epoch 11/100 - Train Loss: 0.6997, Train Accuracy: 0.9750, Test Loss: 0.8335, Test Accuracy: 0.9187
Epoch 12/100 - Train Loss: 0.6628, Train Accuracy: 0.9825, Test Loss: 0.8153, Test Accuracy: 0.9205
Epoch 13/100 - Train Loss: 0.6332, Train Accuracy: 0.9875, Test Loss: 0.7966, Test Accuracy: 0.9231
Epoch 14/100 - Train Loss: 0.6148, Train Accuracy: 0.9925, Test Loss: 0.7820, Test Accuracy: 0.9226
Epoch 15/100 - Train Loss: 0.5982, Train Accuracy: 0.9950, Test Loss: 0.7690, Test Accuracy: 0.9270
Epoch 16/100 - Train Loss: 0.5792, Train Accuracy: 0.9925, Test Loss: 0.7600, Test Accuracy: 0.9283
Epoch 17/100 - Train Loss: 0.5759, Train Accuracy: 0.9950, Test Loss: 0.7509, Test Accuracy: 0.9261
Epoch 18/100 - Train Loss: 0.5634, Train Accuracy: 0.9950, Test Loss: 0.7434, Test Accuracy: 0.9283
Epoch 19/100 - Train Loss: 0.5538, Train Accuracy: 1.0000, Test Loss: 0.7360, Test Accuracy: 0.9270
Epoch 20/100 - Train Loss: 0.5386, Train Accuracy: 0.9975, Test Loss: 0.7313, Test Accuracy: 0.9283
Epoch 21/100 - Train Loss: 0.5270, Train Accuracy: 0.9975, Test Loss: 0.7294, Test Accuracy: 0.9292
Epoch 22/100 - Train Loss: 0.5219, Train Accuracy: 1.0000, Test Loss: 0.7266, Test Accuracy: 0.9261
Epoch 23/100 - Train Loss: 0.5168, Train Accuracy: 1.0000, Test Loss: 0.7249, Test Accuracy: 0.9261
Epoch 24/100 - Train Loss: 0.5160, Train Accuracy: 0.9975, Test Loss: 0.7228, Test Accuracy: 0.9270
Epoch 25/100 - Train Loss: 0.5057, Train Accuracy: 0.9975, Test Loss: 0.7209, Test Accuracy: 0.9279
Epoch 26/100 - Train Loss: 0.5078, Train Accuracy: 1.0000, Test Loss: 0.7229, Test Accuracy: 0.9301
Epoch 27/100 - Train Loss: 0.5009, Train Accuracy: 1.0000, Test Loss: 0.7224, Test Accuracy: 0.9288
Epoch 28/100 - Train Loss: 0.5014, Train Accuracy: 1.0000, Test Loss: 0.7222, Test Accuracy: 0.9266
Epoch 29/100 - Train Loss: 0.4963, Train Accuracy: 1.0000, Test Loss: 0.7215, Test Accuracy: 0.9292
Epoch 30/100 - Train Loss: 0.4960, Train Accuracy: 1.0000, Test Loss: 0.7230, Test Accuracy: 0.9253
Epoch 31/100 - Train Loss: 0.4984, Train Accuracy: 1.0000, Test Loss: 0.7210, Test Accuracy: 0.9270
Epoch 32/100 - Train Loss: 0.4967, Train Accuracy: 1.0000, Test Loss: 0.7243, Test Accuracy: 0.9279
Epoch 33/100 - Train Loss: 0.4941, Train Accuracy: 1.0000, Test Loss: 0.7203, Test Accuracy: 0.9274
Epoch 34/100 - Train Loss: 0.4894, Train Accuracy: 1.0000, Test Loss: 0.7229, Test Accuracy: 0.9292
Epoch 35/100 - Train Loss: 0.4868, Train Accuracy: 1.0000, Test Loss: 0.7225, Test Accuracy: 0.9261
Epoch 36/100 - Train Loss: 0.4892, Train Accuracy: 1.0000, Test Loss: 0.7212, Test Accuracy: 0.9283
Epoch 37/100 - Train Loss: 0.4919, Train Accuracy: 1.0000, Test Loss: 0.7235, Test Accuracy: 0.9257
Epoch 38/100 - Train Loss: 0.4889, Train Accuracy: 1.0000, Test Loss: 0.7231, Test Accuracy: 0.9274
Epoch 39/100 - Train Loss: 0.4886, Train Accuracy: 1.0000, Test Loss: 0.7218, Test Accuracy: 0.9274
Epoch 40/100 - Train Loss: 0.4847, Train Accuracy: 1.0000, Test Loss: 0.7208, Test Accuracy: 0.9274

Early stopping triggered at epoch 40
Best test loss: 0.7203
Best test accuracy: 0.9301
Plot saved as trained_models/finetune_classifier_plus_8_layers_small_dataset/metrics/loss.png
Plot saved as trained_models/finetune_classifier_plus_8_layers_small_dataset/metrics/metrics.png

Completed experiment 3/11


================================================================================
EXPERIMENT 4/11
Training: Classifier + 12 layer(s)
Unfrozen layers: features.denseblock4.denselayer16, features.denseblock4.denselayer15, features.denseblock4.denselayer14, features.denseblock4.denselayer13, features.denseblock4.denselayer12, features.denseblock4.denselayer11, features.denseblock4.denselayer10, features.denseblock4.denselayer9, features.denseblock4.denselayer8, features.denseblock4.denselayer7, features.denseblock4.denselayer6, features.denseblock4.denselayer5
================================================================================

Trainable parameters: 1,726,600 / 6,962,056 (24.80%)
Epoch 1/100 - Train Loss: 2.0002, Train Accuracy: 0.2100, Test Loss: 1.8296, Test Accuracy: 0.3947
Epoch 2/100 - Train Loss: 1.5219, Train Accuracy: 0.6950, Test Loss: 1.5270, Test Accuracy: 0.6670
Epoch 3/100 - Train Loss: 1.2116, Train Accuracy: 0.8825, Test Loss: 1.2941, Test Accuracy: 0.7802
Epoch 4/100 - Train Loss: 1.0099, Train Accuracy: 0.9325, Test Loss: 1.1361, Test Accuracy: 0.8396
Epoch 5/100 - Train Loss: 0.8673, Train Accuracy: 0.9625, Test Loss: 1.0205, Test Accuracy: 0.8693
Epoch 6/100 - Train Loss: 0.7748, Train Accuracy: 0.9650, Test Loss: 0.9385, Test Accuracy: 0.8846
Epoch 7/100 - Train Loss: 0.7220, Train Accuracy: 0.9625, Test Loss: 0.8786, Test Accuracy: 0.9003
Epoch 8/100 - Train Loss: 0.6616, Train Accuracy: 0.9850, Test Loss: 0.8330, Test Accuracy: 0.9047
Epoch 9/100 - Train Loss: 0.6219, Train Accuracy: 0.9875, Test Loss: 0.8005, Test Accuracy: 0.9130
Epoch 10/100 - Train Loss: 0.6051, Train Accuracy: 0.9925, Test Loss: 0.7780, Test Accuracy: 0.9161
Epoch 11/100 - Train Loss: 0.5724, Train Accuracy: 0.9950, Test Loss: 0.7575, Test Accuracy: 0.9183
Epoch 12/100 - Train Loss: 0.5671, Train Accuracy: 0.9975, Test Loss: 0.7456, Test Accuracy: 0.9174
Epoch 13/100 - Train Loss: 0.5449, Train Accuracy: 0.9975, Test Loss: 0.7329, Test Accuracy: 0.9231
Epoch 14/100 - Train Loss: 0.5373, Train Accuracy: 0.9975, Test Loss: 0.7247, Test Accuracy: 0.9235
Epoch 15/100 - Train Loss: 0.5232, Train Accuracy: 1.0000, Test Loss: 0.7210, Test Accuracy: 0.9240
Epoch 16/100 - Train Loss: 0.5160, Train Accuracy: 1.0000, Test Loss: 0.7162, Test Accuracy: 0.9253
Epoch 17/100 - Train Loss: 0.5120, Train Accuracy: 1.0000, Test Loss: 0.7107, Test Accuracy: 0.9270
Epoch 18/100 - Train Loss: 0.5060, Train Accuracy: 1.0000, Test Loss: 0.7104, Test Accuracy: 0.9274
Epoch 19/100 - Train Loss: 0.5037, Train Accuracy: 1.0000, Test Loss: 0.7120, Test Accuracy: 0.9253
Epoch 20/100 - Train Loss: 0.4974, Train Accuracy: 1.0000, Test Loss: 0.7121, Test Accuracy: 0.9240
Epoch 21/100 - Train Loss: 0.4992, Train Accuracy: 1.0000, Test Loss: 0.7117, Test Accuracy: 0.9257
Epoch 22/100 - Train Loss: 0.4954, Train Accuracy: 1.0000, Test Loss: 0.7123, Test Accuracy: 0.9244
Epoch 23/100 - Train Loss: 0.4915, Train Accuracy: 1.0000, Test Loss: 0.7121, Test Accuracy: 0.9240
Epoch 24/100 - Train Loss: 0.4921, Train Accuracy: 1.0000, Test Loss: 0.7096, Test Accuracy: 0.9274
Epoch 25/100 - Train Loss: 0.4912, Train Accuracy: 1.0000, Test Loss: 0.7112, Test Accuracy: 0.9266
Epoch 26/100 - Train Loss: 0.4879, Train Accuracy: 1.0000, Test Loss: 0.7086, Test Accuracy: 0.9248
Epoch 27/100 - Train Loss: 0.4882, Train Accuracy: 1.0000, Test Loss: 0.7149, Test Accuracy: 0.9240
Epoch 28/100 - Train Loss: 0.4866, Train Accuracy: 1.0000, Test Loss: 0.7174, Test Accuracy: 0.9235
Epoch 29/100 - Train Loss: 0.4862, Train Accuracy: 1.0000, Test Loss: 0.7170, Test Accuracy: 0.9244
Epoch 30/100 - Train Loss: 0.4860, Train Accuracy: 1.0000, Test Loss: 0.7191, Test Accuracy: 0.9248
Epoch 31/100 - Train Loss: 0.4857, Train Accuracy: 1.0000, Test Loss: 0.7176, Test Accuracy: 0.9261
Epoch 32/100 - Train Loss: 0.4824, Train Accuracy: 1.0000, Test Loss: 0.7155, Test Accuracy: 0.9240
Epoch 33/100 - Train Loss: 0.4807, Train Accuracy: 1.0000, Test Loss: 0.7180, Test Accuracy: 0.9266
Epoch 34/100 - Train Loss: 0.4873, Train Accuracy: 1.0000, Test Loss: 0.7182, Test Accuracy: 0.9261
Epoch 35/100 - Train Loss: 0.4816, Train Accuracy: 1.0000, Test Loss: 0.7199, Test Accuracy: 0.9248
Epoch 36/100 - Train Loss: 0.4827, Train Accuracy: 1.0000, Test Loss: 0.7222, Test Accuracy: 0.9240
Epoch 37/100 - Train Loss: 0.4814, Train Accuracy: 1.0000, Test Loss: 0.7208, Test Accuracy: 0.9231
Epoch 38/100 - Train Loss: 0.4789, Train Accuracy: 1.0000, Test Loss: 0.7232, Test Accuracy: 0.9226
Epoch 39/100 - Train Loss: 0.4817, Train Accuracy: 1.0000, Test Loss: 0.7215, Test Accuracy: 0.9218
Epoch 40/100 - Train Loss: 0.4800, Train Accuracy: 1.0000, Test Loss: 0.7195, Test Accuracy: 0.9218
Epoch 41/100 - Train Loss: 0.4823, Train Accuracy: 1.0000, Test Loss: 0.7232, Test Accuracy: 0.9218

Early stopping triggered at epoch 41
Best test loss: 0.7086
Best test accuracy: 0.9274
Plot saved as trained_models/finetune_classifier_plus_12_layers_small_dataset/metrics/loss.png
Plot saved as trained_models/finetune_classifier_plus_12_layers_small_dataset/metrics/metrics.png

Completed experiment 4/11


================================================================================
EXPERIMENT 5/11
Training: Classifier + 16 layer(s)
Unfrozen layers: features.denseblock4.denselayer16, features.denseblock4.denselayer15, features.denseblock4.denselayer14, features.denseblock4.denselayer13, features.denseblock4.denselayer12, features.denseblock4.denselayer11, features.denseblock4.denselayer10, features.denseblock4.denselayer9, features.denseblock4.denselayer8, features.denseblock4.denselayer7, features.denseblock4.denselayer6, features.denseblock4.denselayer5, features.denseblock4.denselayer4, features.denseblock4.denselayer3, features.denseblock4.denselayer2, features.denseblock4.denselayer1
================================================================================

Trainable parameters: 2,166,280 / 6,962,056 (31.12%)
Epoch 1/100 - Train Loss: 1.9490, Train Accuracy: 0.2675, Test Loss: 1.7303, Test Accuracy: 0.4471
Epoch 2/100 - Train Loss: 1.3858, Train Accuracy: 0.8175, Test Loss: 1.3884, Test Accuracy: 0.7596
Epoch 3/100 - Train Loss: 1.0560, Train Accuracy: 0.9325, Test Loss: 1.1779, Test Accuracy: 0.8322
Epoch 4/100 - Train Loss: 0.8869, Train Accuracy: 0.9525, Test Loss: 1.0225, Test Accuracy: 0.8781
Epoch 5/100 - Train Loss: 0.7527, Train Accuracy: 0.9775, Test Loss: 0.9181, Test Accuracy: 0.8982
Epoch 6/100 - Train Loss: 0.6730, Train Accuracy: 0.9800, Test Loss: 0.8469, Test Accuracy: 0.9065
Epoch 7/100 - Train Loss: 0.6233, Train Accuracy: 0.9850, Test Loss: 0.7967, Test Accuracy: 0.9156
Epoch 8/100 - Train Loss: 0.5906, Train Accuracy: 0.9900, Test Loss: 0.7638, Test Accuracy: 0.9196
Epoch 9/100 - Train Loss: 0.5611, Train Accuracy: 0.9950, Test Loss: 0.7405, Test Accuracy: 0.9196
Epoch 10/100 - Train Loss: 0.5491, Train Accuracy: 0.9950, Test Loss: 0.7295, Test Accuracy: 0.9226
Epoch 11/100 - Train Loss: 0.5340, Train Accuracy: 0.9975, Test Loss: 0.7198, Test Accuracy: 0.9218
Epoch 12/100 - Train Loss: 0.5284, Train Accuracy: 0.9950, Test Loss: 0.7118, Test Accuracy: 0.9261
Epoch 13/100 - Train Loss: 0.5116, Train Accuracy: 1.0000, Test Loss: 0.7106, Test Accuracy: 0.9226
Epoch 14/100 - Train Loss: 0.5049, Train Accuracy: 1.0000, Test Loss: 0.7096, Test Accuracy: 0.9213
Epoch 15/100 - Train Loss: 0.5085, Train Accuracy: 1.0000, Test Loss: 0.7084, Test Accuracy: 0.9226
Epoch 16/100 - Train Loss: 0.4991, Train Accuracy: 1.0000, Test Loss: 0.7082, Test Accuracy: 0.9231
Epoch 17/100 - Train Loss: 0.4959, Train Accuracy: 1.0000, Test Loss: 0.7087, Test Accuracy: 0.9240
Epoch 18/100 - Train Loss: 0.4916, Train Accuracy: 1.0000, Test Loss: 0.7077, Test Accuracy: 0.9253
Epoch 19/100 - Train Loss: 0.4887, Train Accuracy: 1.0000, Test Loss: 0.7088, Test Accuracy: 0.9257
Epoch 20/100 - Train Loss: 0.4899, Train Accuracy: 1.0000, Test Loss: 0.7083, Test Accuracy: 0.9274
Epoch 21/100 - Train Loss: 0.4879, Train Accuracy: 1.0000, Test Loss: 0.7073, Test Accuracy: 0.9279
Epoch 22/100 - Train Loss: 0.4893, Train Accuracy: 1.0000, Test Loss: 0.7046, Test Accuracy: 0.9301
Epoch 23/100 - Train Loss: 0.4878, Train Accuracy: 1.0000, Test Loss: 0.7068, Test Accuracy: 0.9288
Epoch 24/100 - Train Loss: 0.4889, Train Accuracy: 1.0000, Test Loss: 0.7061, Test Accuracy: 0.9283
Epoch 25/100 - Train Loss: 0.4851, Train Accuracy: 1.0000, Test Loss: 0.7097, Test Accuracy: 0.9257
Epoch 26/100 - Train Loss: 0.4831, Train Accuracy: 1.0000, Test Loss: 0.7126, Test Accuracy: 0.9257
Epoch 27/100 - Train Loss: 0.4841, Train Accuracy: 1.0000, Test Loss: 0.7156, Test Accuracy: 0.9274
Epoch 28/100 - Train Loss: 0.4827, Train Accuracy: 1.0000, Test Loss: 0.7162, Test Accuracy: 0.9283
Epoch 29/100 - Train Loss: 0.4819, Train Accuracy: 1.0000, Test Loss: 0.7141, Test Accuracy: 0.9261
Epoch 30/100 - Train Loss: 0.4824, Train Accuracy: 1.0000, Test Loss: 0.7133, Test Accuracy: 0.9283
Epoch 31/100 - Train Loss: 0.4783, Train Accuracy: 1.0000, Test Loss: 0.7159, Test Accuracy: 0.9266
Epoch 32/100 - Train Loss: 0.4843, Train Accuracy: 1.0000, Test Loss: 0.7171, Test Accuracy: 0.9305
Epoch 33/100 - Train Loss: 0.4782, Train Accuracy: 1.0000, Test Loss: 0.7140, Test Accuracy: 0.9309
Epoch 34/100 - Train Loss: 0.4792, Train Accuracy: 1.0000, Test Loss: 0.7146, Test Accuracy: 0.9292
Epoch 35/100 - Train Loss: 0.4812, Train Accuracy: 1.0000, Test Loss: 0.7119, Test Accuracy: 0.9331
Epoch 36/100 - Train Loss: 0.4792, Train Accuracy: 1.0000, Test Loss: 0.7110, Test Accuracy: 0.9327
Epoch 37/100 - Train Loss: 0.4785, Train Accuracy: 1.0000, Test Loss: 0.7157, Test Accuracy: 0.9323

Early stopping triggered at epoch 37
Best test loss: 0.7046
Best test accuracy: 0.9331
Plot saved as trained_models/finetune_classifier_plus_16_layers_small_dataset/metrics/loss.png
Plot saved as trained_models/finetune_classifier_plus_16_layers_small_dataset/metrics/metrics.png

Completed experiment 5/11


================================================================================
EXPERIMENT 6/11
Training: Classifier + 20 layer(s)
Unfrozen layers: features.denseblock4.denselayer16, features.denseblock4.denselayer15, features.denseblock4.denselayer14, features.denseblock4.denselayer13, features.denseblock4.denselayer12, features.denseblock4.denselayer11, features.denseblock4.denselayer10, features.denseblock4.denselayer9, features.denseblock4.denselayer8, features.denseblock4.denselayer7, features.denseblock4.denselayer6, features.denseblock4.denselayer5, features.denseblock4.denselayer4, features.denseblock4.denselayer3, features.denseblock4.denselayer2, features.denseblock4.denselayer1, features.transition3, features.denseblock3.denselayer24, features.denseblock3.denselayer23, features.denseblock3.denselayer22, features.denseblock3.denselayer21
================================================================================

Trainable parameters: 3,331,976 / 6,962,056 (47.86%)
Epoch 1/100 - Train Loss: 1.9433, Train Accuracy: 0.3300, Test Loss: 1.7163, Test Accuracy: 0.4878
Epoch 2/100 - Train Loss: 1.2268, Train Accuracy: 0.8700, Test Loss: 1.3189, Test Accuracy: 0.7959
Epoch 3/100 - Train Loss: 0.8676, Train Accuracy: 0.9725, Test Loss: 1.0665, Test Accuracy: 0.8759
Epoch 4/100 - Train Loss: 0.6994, Train Accuracy: 0.9850, Test Loss: 0.9095, Test Accuracy: 0.8973
Epoch 5/100 - Train Loss: 0.6094, Train Accuracy: 0.9875, Test Loss: 0.8102, Test Accuracy: 0.9087
Epoch 6/100 - Train Loss: 0.5734, Train Accuracy: 0.9875, Test Loss: 0.7555, Test Accuracy: 0.9174
Epoch 7/100 - Train Loss: 0.5420, Train Accuracy: 0.9975, Test Loss: 0.7214, Test Accuracy: 0.9226
Epoch 8/100 - Train Loss: 0.5261, Train Accuracy: 0.9975, Test Loss: 0.7067, Test Accuracy: 0.9279
Epoch 9/100 - Train Loss: 0.5215, Train Accuracy: 1.0000, Test Loss: 0.6978, Test Accuracy: 0.9279
Epoch 10/100 - Train Loss: 0.5107, Train Accuracy: 0.9975, Test Loss: 0.6940, Test Accuracy: 0.9270
Epoch 11/100 - Train Loss: 0.5022, Train Accuracy: 1.0000, Test Loss: 0.6894, Test Accuracy: 0.9288
Epoch 12/100 - Train Loss: 0.4989, Train Accuracy: 1.0000, Test Loss: 0.6913, Test Accuracy: 0.9274
Epoch 13/100 - Train Loss: 0.4912, Train Accuracy: 1.0000, Test Loss: 0.6928, Test Accuracy: 0.9253
Epoch 14/100 - Train Loss: 0.4863, Train Accuracy: 1.0000, Test Loss: 0.6940, Test Accuracy: 0.9279
Epoch 15/100 - Train Loss: 0.4852, Train Accuracy: 1.0000, Test Loss: 0.6967, Test Accuracy: 0.9261
Epoch 16/100 - Train Loss: 0.4852, Train Accuracy: 1.0000, Test Loss: 0.6965, Test Accuracy: 0.9244
Epoch 17/100 - Train Loss: 0.4888, Train Accuracy: 1.0000, Test Loss: 0.6986, Test Accuracy: 0.9240
Epoch 18/100 - Train Loss: 0.4850, Train Accuracy: 1.0000, Test Loss: 0.6990, Test Accuracy: 0.9257
Epoch 19/100 - Train Loss: 0.4848, Train Accuracy: 1.0000, Test Loss: 0.6954, Test Accuracy: 0.9292
Epoch 20/100 - Train Loss: 0.4811, Train Accuracy: 1.0000, Test Loss: 0.6950, Test Accuracy: 0.9301
Epoch 21/100 - Train Loss: 0.4813, Train Accuracy: 1.0000, Test Loss: 0.6995, Test Accuracy: 0.9240
Epoch 22/100 - Train Loss: 0.4826, Train Accuracy: 1.0000, Test Loss: 0.6991, Test Accuracy: 0.9235
Epoch 23/100 - Train Loss: 0.4790, Train Accuracy: 1.0000, Test Loss: 0.7017, Test Accuracy: 0.9226
Epoch 24/100 - Train Loss: 0.4805, Train Accuracy: 1.0000, Test Loss: 0.7015, Test Accuracy: 0.9244
Epoch 25/100 - Train Loss: 0.4783, Train Accuracy: 1.0000, Test Loss: 0.7023, Test Accuracy: 0.9231
Epoch 26/100 - Train Loss: 0.4804, Train Accuracy: 1.0000, Test Loss: 0.7060, Test Accuracy: 0.9200

Early stopping triggered at epoch 26
Best test loss: 0.6913
Best test accuracy: 0.9301
Plot saved as trained_models/finetune_classifier_plus_20_layers_small_dataset/metrics/loss.png
Plot saved as trained_models/finetune_classifier_plus_20_layers_small_dataset/metrics/metrics.png

Completed experiment 6/11


================================================================================
EXPERIMENT 7/11
Training: Classifier + 24 layer(s)
Unfrozen layers: features.denseblock4.denselayer16, features.denseblock4.denselayer15, features.denseblock4.denselayer14, features.denseblock4.denselayer13, features.denseblock4.denselayer12, features.denseblock4.denselayer11, features.denseblock4.denselayer10, features.denseblock4.denselayer9, features.denseblock4.denselayer8, features.denseblock4.denselayer7, features.denseblock4.denselayer6, features.denseblock4.denselayer5, features.denseblock4.denselayer4, features.denseblock4.denselayer3, features.denseblock4.denselayer2, features.denseblock4.denselayer1, features.transition3, features.denseblock3.denselayer24, features.denseblock3.denselayer23, features.denseblock3.denselayer22, features.denseblock3.denselayer21, features.denseblock3.denselayer20, features.denseblock3.denselayer19, features.denseblock3.denselayer18, features.denseblock3.denselayer17
================================================================================

Trainable parameters: 3,904,776 / 6,962,056 (56.09%)
Epoch 1/100 - Train Loss: 1.9818, Train Accuracy: 0.2525, Test Loss: 1.6607, Test Accuracy: 0.5367
Epoch 2/100 - Train Loss: 1.1852, Train Accuracy: 0.8875, Test Loss: 1.2691, Test Accuracy: 0.8160
Epoch 3/100 - Train Loss: 0.8301, Train Accuracy: 0.9625, Test Loss: 1.0137, Test Accuracy: 0.8951
Epoch 4/100 - Train Loss: 0.6848, Train Accuracy: 0.9725, Test Loss: 0.8586, Test Accuracy: 0.9209
Epoch 5/100 - Train Loss: 0.5931, Train Accuracy: 0.9825, Test Loss: 0.7701, Test Accuracy: 0.9327
Epoch 6/100 - Train Loss: 0.5549, Train Accuracy: 0.9925, Test Loss: 0.7200, Test Accuracy: 0.9423
Epoch 7/100 - Train Loss: 0.5292, Train Accuracy: 0.9950, Test Loss: 0.6936, Test Accuracy: 0.9406
Epoch 8/100 - Train Loss: 0.5173, Train Accuracy: 0.9975, Test Loss: 0.6826, Test Accuracy: 0.9401
Epoch 9/100 - Train Loss: 0.5038, Train Accuracy: 1.0000, Test Loss: 0.6784, Test Accuracy: 0.9427
Epoch 10/100 - Train Loss: 0.4962, Train Accuracy: 1.0000, Test Loss: 0.6763, Test Accuracy: 0.9441
Epoch 11/100 - Train Loss: 0.4986, Train Accuracy: 1.0000, Test Loss: 0.6753, Test Accuracy: 0.9432
Epoch 12/100 - Train Loss: 0.4888, Train Accuracy: 1.0000, Test Loss: 0.6731, Test Accuracy: 0.9419
Epoch 13/100 - Train Loss: 0.4868, Train Accuracy: 1.0000, Test Loss: 0.6759, Test Accuracy: 0.9406
Epoch 14/100 - Train Loss: 0.4876, Train Accuracy: 1.0000, Test Loss: 0.6782, Test Accuracy: 0.9410
Epoch 15/100 - Train Loss: 0.4843, Train Accuracy: 1.0000, Test Loss: 0.6797, Test Accuracy: 0.9406
Epoch 16/100 - Train Loss: 0.4822, Train Accuracy: 1.0000, Test Loss: 0.6800, Test Accuracy: 0.9406
Epoch 17/100 - Train Loss: 0.4835, Train Accuracy: 1.0000, Test Loss: 0.6801, Test Accuracy: 0.9414
Epoch 18/100 - Train Loss: 0.4799, Train Accuracy: 1.0000, Test Loss: 0.6805, Test Accuracy: 0.9432
Epoch 19/100 - Train Loss: 0.4846, Train Accuracy: 1.0000, Test Loss: 0.6835, Test Accuracy: 0.9432
Epoch 20/100 - Train Loss: 0.4842, Train Accuracy: 1.0000, Test Loss: 0.6811, Test Accuracy: 0.9445
Epoch 21/100 - Train Loss: 0.4830, Train Accuracy: 1.0000, Test Loss: 0.6781, Test Accuracy: 0.9432
Epoch 22/100 - Train Loss: 0.4785, Train Accuracy: 1.0000, Test Loss: 0.6800, Test Accuracy: 0.9358
Epoch 23/100 - Train Loss: 0.4799, Train Accuracy: 1.0000, Test Loss: 0.6857, Test Accuracy: 0.9318
Epoch 24/100 - Train Loss: 0.4781, Train Accuracy: 1.0000, Test Loss: 0.6844, Test Accuracy: 0.9344
Epoch 25/100 - Train Loss: 0.4830, Train Accuracy: 1.0000, Test Loss: 0.6851, Test Accuracy: 0.9358
Epoch 26/100 - Train Loss: 0.4773, Train Accuracy: 1.0000, Test Loss: 0.6820, Test Accuracy: 0.9406
Epoch 27/100 - Train Loss: 0.4877, Train Accuracy: 1.0000, Test Loss: 0.6857, Test Accuracy: 0.9375

Early stopping triggered at epoch 27
Best test loss: 0.6731
Best test accuracy: 0.9445
Plot saved as trained_models/finetune_classifier_plus_24_layers_small_dataset/metrics/loss.png
Plot saved as trained_models/finetune_classifier_plus_24_layers_small_dataset/metrics/metrics.png

Completed experiment 7/11


================================================================================
EXPERIMENT 8/11
Training: Classifier + 28 layer(s)
Unfrozen layers: features.denseblock4.denselayer16, features.denseblock4.denselayer15, features.denseblock4.denselayer14, features.denseblock4.denselayer13, features.denseblock4.denselayer12, features.denseblock4.denselayer11, features.denseblock4.denselayer10, features.denseblock4.denselayer9, features.denseblock4.denselayer8, features.denseblock4.denselayer7, features.denseblock4.denselayer6, features.denseblock4.denselayer5, features.denseblock4.denselayer4, features.denseblock4.denselayer3, features.denseblock4.denselayer2, features.denseblock4.denselayer1, features.transition3, features.denseblock3.denselayer24, features.denseblock3.denselayer23, features.denseblock3.denselayer22, features.denseblock3.denselayer21, features.denseblock3.denselayer20, features.denseblock3.denselayer19, features.denseblock3.denselayer18, features.denseblock3.denselayer17, features.denseblock3.denselayer16, features.denseblock3.denselayer15, features.denseblock3.denselayer14, features.denseblock3.denselayer13
================================================================================

Trainable parameters: 4,411,016 / 6,962,056 (63.36%)
Epoch 1/100 - Train Loss: 1.8849, Train Accuracy: 0.3400, Test Loss: 1.6126, Test Accuracy: 0.6565
Epoch 2/100 - Train Loss: 1.1271, Train Accuracy: 0.9125, Test Loss: 1.2227, Test Accuracy: 0.8339
Epoch 3/100 - Train Loss: 0.7929, Train Accuracy: 0.9700, Test Loss: 1.0058, Test Accuracy: 0.8789
Epoch 4/100 - Train Loss: 0.6408, Train Accuracy: 0.9900, Test Loss: 0.8731, Test Accuracy: 0.9034
Epoch 5/100 - Train Loss: 0.5810, Train Accuracy: 0.9950, Test Loss: 0.7752, Test Accuracy: 0.9235
Epoch 6/100 - Train Loss: 0.5361, Train Accuracy: 0.9975, Test Loss: 0.7260, Test Accuracy: 0.9296
Epoch 7/100 - Train Loss: 0.5213, Train Accuracy: 1.0000, Test Loss: 0.6973, Test Accuracy: 0.9340
Epoch 8/100 - Train Loss: 0.5095, Train Accuracy: 1.0000, Test Loss: 0.6839, Test Accuracy: 0.9349
Epoch 9/100 - Train Loss: 0.5006, Train Accuracy: 1.0000, Test Loss: 0.6812, Test Accuracy: 0.9358
Epoch 10/100 - Train Loss: 0.4953, Train Accuracy: 1.0000, Test Loss: 0.6841, Test Accuracy: 0.9366
Epoch 11/100 - Train Loss: 0.4917, Train Accuracy: 1.0000, Test Loss: 0.6852, Test Accuracy: 0.9388
Epoch 12/100 - Train Loss: 0.4938, Train Accuracy: 1.0000, Test Loss: 0.6788, Test Accuracy: 0.9375
Epoch 13/100 - Train Loss: 0.4831, Train Accuracy: 1.0000, Test Loss: 0.6797, Test Accuracy: 0.9384
Epoch 14/100 - Train Loss: 0.4820, Train Accuracy: 1.0000, Test Loss: 0.6840, Test Accuracy: 0.9384
Epoch 15/100 - Train Loss: 0.4871, Train Accuracy: 1.0000, Test Loss: 0.6885, Test Accuracy: 0.9362
Epoch 16/100 - Train Loss: 0.4802, Train Accuracy: 1.0000, Test Loss: 0.6900, Test Accuracy: 0.9375
Epoch 17/100 - Train Loss: 0.4797, Train Accuracy: 1.0000, Test Loss: 0.6920, Test Accuracy: 0.9379
Epoch 18/100 - Train Loss: 0.4819, Train Accuracy: 1.0000, Test Loss: 0.6927, Test Accuracy: 0.9401
Epoch 19/100 - Train Loss: 0.4794, Train Accuracy: 1.0000, Test Loss: 0.6933, Test Accuracy: 0.9410
Epoch 20/100 - Train Loss: 0.4760, Train Accuracy: 1.0000, Test Loss: 0.6940, Test Accuracy: 0.9401
Epoch 21/100 - Train Loss: 0.4782, Train Accuracy: 1.0000, Test Loss: 0.6978, Test Accuracy: 0.9388
Epoch 22/100 - Train Loss: 0.4773, Train Accuracy: 1.0000, Test Loss: 0.6990, Test Accuracy: 0.9388
Epoch 23/100 - Train Loss: 0.4766, Train Accuracy: 1.0000, Test Loss: 0.6999, Test Accuracy: 0.9371
Epoch 24/100 - Train Loss: 0.4773, Train Accuracy: 1.0000, Test Loss: 0.6998, Test Accuracy: 0.9375
Epoch 25/100 - Train Loss: 0.4764, Train Accuracy: 1.0000, Test Loss: 0.6963, Test Accuracy: 0.9358
Epoch 26/100 - Train Loss: 0.4776, Train Accuracy: 1.0000, Test Loss: 0.6981, Test Accuracy: 0.9309
Epoch 27/100 - Train Loss: 0.4771, Train Accuracy: 1.0000, Test Loss: 0.6918, Test Accuracy: 0.9340

Early stopping triggered at epoch 27
Best test loss: 0.6788
Best test accuracy: 0.9410
Plot saved as trained_models/finetune_classifier_plus_28_layers_small_dataset/metrics/loss.png
Plot saved as trained_models/finetune_classifier_plus_28_layers_small_dataset/metrics/metrics.png

Completed experiment 8/11


================================================================================
EXPERIMENT 9/11
Training: Classifier + 32 layer(s)
Unfrozen layers: features.denseblock4.denselayer16, features.denseblock4.denselayer15, features.denseblock4.denselayer14, features.denseblock4.denselayer13, features.denseblock4.denselayer12, features.denseblock4.denselayer11, features.denseblock4.denselayer10, features.denseblock4.denselayer9, features.denseblock4.denselayer8, features.denseblock4.denselayer7, features.denseblock4.denselayer6, features.denseblock4.denselayer5, features.denseblock4.denselayer4, features.denseblock4.denselayer3, features.denseblock4.denselayer2, features.denseblock4.denselayer1, features.transition3, features.denseblock3.denselayer24, features.denseblock3.denselayer23, features.denseblock3.denselayer22, features.denseblock3.denselayer21, features.denseblock3.denselayer20, features.denseblock3.denselayer19, features.denseblock3.denselayer18, features.denseblock3.denselayer17, features.denseblock3.denselayer16, features.denseblock3.denselayer15, features.denseblock3.denselayer14, features.denseblock3.denselayer13, features.denseblock3.denselayer12, features.denseblock3.denselayer11, features.denseblock3.denselayer10, features.denseblock3.denselayer9
================================================================================

Trainable parameters: 4,850,696 / 6,962,056 (69.67%)
Epoch 1/100 - Train Loss: 1.9118, Train Accuracy: 0.3300, Test Loss: 1.6480, Test Accuracy: 0.6381
Epoch 2/100 - Train Loss: 1.1070, Train Accuracy: 0.9300, Test Loss: 1.2378, Test Accuracy: 0.8348
Epoch 3/100 - Train Loss: 0.7628, Train Accuracy: 0.9750, Test Loss: 0.9725, Test Accuracy: 0.8977
Epoch 4/100 - Train Loss: 0.6297, Train Accuracy: 0.9825, Test Loss: 0.8133, Test Accuracy: 0.9196
Epoch 5/100 - Train Loss: 0.5665, Train Accuracy: 0.9925, Test Loss: 0.7417, Test Accuracy: 0.9296
Epoch 6/100 - Train Loss: 0.5211, Train Accuracy: 0.9975, Test Loss: 0.7002, Test Accuracy: 0.9358
Epoch 7/100 - Train Loss: 0.5133, Train Accuracy: 1.0000, Test Loss: 0.6816, Test Accuracy: 0.9349
Epoch 8/100 - Train Loss: 0.5012, Train Accuracy: 1.0000, Test Loss: 0.6777, Test Accuracy: 0.9331
Epoch 9/100 - Train Loss: 0.4936, Train Accuracy: 1.0000, Test Loss: 0.6760, Test Accuracy: 0.9344
Epoch 10/100 - Train Loss: 0.4893, Train Accuracy: 1.0000, Test Loss: 0.6771, Test Accuracy: 0.9362
Epoch 11/100 - Train Loss: 0.4855, Train Accuracy: 1.0000, Test Loss: 0.6782, Test Accuracy: 0.9358
Epoch 12/100 - Train Loss: 0.4874, Train Accuracy: 1.0000, Test Loss: 0.6810, Test Accuracy: 0.9362
Epoch 13/100 - Train Loss: 0.4892, Train Accuracy: 0.9975, Test Loss: 0.6783, Test Accuracy: 0.9366
Epoch 14/100 - Train Loss: 0.4802, Train Accuracy: 1.0000, Test Loss: 0.6792, Test Accuracy: 0.9410
Epoch 15/100 - Train Loss: 0.4805, Train Accuracy: 1.0000, Test Loss: 0.6824, Test Accuracy: 0.9375
Epoch 16/100 - Train Loss: 0.4789, Train Accuracy: 1.0000, Test Loss: 0.6846, Test Accuracy: 0.9375
Epoch 17/100 - Train Loss: 0.4809, Train Accuracy: 1.0000, Test Loss: 0.6866, Test Accuracy: 0.9366
Epoch 18/100 - Train Loss: 0.4812, Train Accuracy: 1.0000, Test Loss: 0.6806, Test Accuracy: 0.9366
Epoch 19/100 - Train Loss: 0.4788, Train Accuracy: 1.0000, Test Loss: 0.6814, Test Accuracy: 0.9362
Epoch 20/100 - Train Loss: 0.4833, Train Accuracy: 1.0000, Test Loss: 0.6831, Test Accuracy: 0.9349
Epoch 21/100 - Train Loss: 0.4791, Train Accuracy: 1.0000, Test Loss: 0.6741, Test Accuracy: 0.9406
Epoch 22/100 - Train Loss: 0.4792, Train Accuracy: 1.0000, Test Loss: 0.6753, Test Accuracy: 0.9414
Epoch 23/100 - Train Loss: 0.4778, Train Accuracy: 1.0000, Test Loss: 0.6742, Test Accuracy: 0.9379
Epoch 24/100 - Train Loss: 0.4762, Train Accuracy: 1.0000, Test Loss: 0.6762, Test Accuracy: 0.9371
Epoch 25/100 - Train Loss: 0.4772, Train Accuracy: 1.0000, Test Loss: 0.6806, Test Accuracy: 0.9392
Epoch 26/100 - Train Loss: 0.4793, Train Accuracy: 1.0000, Test Loss: 0.6816, Test Accuracy: 0.9353
Epoch 27/100 - Train Loss: 0.4769, Train Accuracy: 1.0000, Test Loss: 0.6753, Test Accuracy: 0.9410
Epoch 28/100 - Train Loss: 0.4778, Train Accuracy: 1.0000, Test Loss: 0.6725, Test Accuracy: 0.9392
Epoch 29/100 - Train Loss: 0.4782, Train Accuracy: 1.0000, Test Loss: 0.6782, Test Accuracy: 0.9379
Epoch 30/100 - Train Loss: 0.4752, Train Accuracy: 1.0000, Test Loss: 0.6836, Test Accuracy: 0.9388
Epoch 31/100 - Train Loss: 0.4772, Train Accuracy: 1.0000, Test Loss: 0.6855, Test Accuracy: 0.9366
Epoch 32/100 - Train Loss: 0.4766, Train Accuracy: 1.0000, Test Loss: 0.6809, Test Accuracy: 0.9366
Epoch 33/100 - Train Loss: 0.4758, Train Accuracy: 1.0000, Test Loss: 0.6764, Test Accuracy: 0.9362
Epoch 34/100 - Train Loss: 0.4756, Train Accuracy: 1.0000, Test Loss: 0.6786, Test Accuracy: 0.9358
Epoch 35/100 - Train Loss: 0.4763, Train Accuracy: 1.0000, Test Loss: 0.6772, Test Accuracy: 0.9353
Epoch 36/100 - Train Loss: 0.4753, Train Accuracy: 1.0000, Test Loss: 0.6765, Test Accuracy: 0.9344
Epoch 37/100 - Train Loss: 0.4743, Train Accuracy: 1.0000, Test Loss: 0.6803, Test Accuracy: 0.9358
Epoch 38/100 - Train Loss: 0.4777, Train Accuracy: 1.0000, Test Loss: 0.6861, Test Accuracy: 0.9384
Epoch 39/100 - Train Loss: 0.4783, Train Accuracy: 1.0000, Test Loss: 0.6846, Test Accuracy: 0.9340
Epoch 40/100 - Train Loss: 0.4746, Train Accuracy: 1.0000, Test Loss: 0.6723, Test Accuracy: 0.9353
Epoch 41/100 - Train Loss: 0.4755, Train Accuracy: 1.0000, Test Loss: 0.6722, Test Accuracy: 0.9384
Epoch 42/100 - Train Loss: 0.4769, Train Accuracy: 1.0000, Test Loss: 0.6740, Test Accuracy: 0.9331
Epoch 43/100 - Train Loss: 0.4750, Train Accuracy: 1.0000, Test Loss: 0.6769, Test Accuracy: 0.9331

Early stopping triggered at epoch 43
Best test loss: 0.6722
Best test accuracy: 0.9414
Plot saved as trained_models/finetune_classifier_plus_32_layers_small_dataset/metrics/loss.png
Plot saved as trained_models/finetune_classifier_plus_32_layers_small_dataset/metrics/metrics.png

Completed experiment 9/11


================================================================================
EXPERIMENT 10/11
Training: Classifier + 36 layer(s)
Unfrozen layers: features.denseblock4.denselayer16, features.denseblock4.denselayer15, features.denseblock4.denselayer14, features.denseblock4.denselayer13, features.denseblock4.denselayer12, features.denseblock4.denselayer11, features.denseblock4.denselayer10, features.denseblock4.denselayer9, features.denseblock4.denselayer8, features.denseblock4.denselayer7, features.denseblock4.denselayer6, features.denseblock4.denselayer5, features.denseblock4.denselayer4, features.denseblock4.denselayer3, features.denseblock4.denselayer2, features.denseblock4.denselayer1, features.transition3, features.denseblock3.denselayer24, features.denseblock3.denselayer23, features.denseblock3.denselayer22, features.denseblock3.denselayer21, features.denseblock3.denselayer20, features.denseblock3.denselayer19, features.denseblock3.denselayer18, features.denseblock3.denselayer17, features.denseblock3.denselayer16, features.denseblock3.denselayer15, features.denseblock3.denselayer14, features.denseblock3.denselayer13, features.denseblock3.denselayer12, features.denseblock3.denselayer11, features.denseblock3.denselayer10, features.denseblock3.denselayer9, features.denseblock3.denselayer8, features.denseblock3.denselayer7, features.denseblock3.denselayer6, features.denseblock3.denselayer5
================================================================================

Trainable parameters: 5,223,816 / 6,962,056 (75.03%)
Epoch 1/100 - Train Loss: 1.8832, Train Accuracy: 0.3250, Test Loss: 1.6171, Test Accuracy: 0.5542
Epoch 2/100 - Train Loss: 1.0774, Train Accuracy: 0.9200, Test Loss: 1.2071, Test Accuracy: 0.8313
Epoch 3/100 - Train Loss: 0.7280, Train Accuracy: 0.9775, Test Loss: 0.9370, Test Accuracy: 0.8977
Epoch 4/100 - Train Loss: 0.5997, Train Accuracy: 0.9850, Test Loss: 0.7929, Test Accuracy: 0.9253
Epoch 5/100 - Train Loss: 0.5440, Train Accuracy: 0.9900, Test Loss: 0.7202, Test Accuracy: 0.9296
Epoch 6/100 - Train Loss: 0.5173, Train Accuracy: 1.0000, Test Loss: 0.6895, Test Accuracy: 0.9366
Epoch 7/100 - Train Loss: 0.5063, Train Accuracy: 0.9975, Test Loss: 0.6778, Test Accuracy: 0.9344
Epoch 8/100 - Train Loss: 0.4958, Train Accuracy: 1.0000, Test Loss: 0.6750, Test Accuracy: 0.9384
Epoch 9/100 - Train Loss: 0.4885, Train Accuracy: 1.0000, Test Loss: 0.6778, Test Accuracy: 0.9371
Epoch 10/100 - Train Loss: 0.4898, Train Accuracy: 1.0000, Test Loss: 0.6781, Test Accuracy: 0.9379
Epoch 11/100 - Train Loss: 0.4865, Train Accuracy: 1.0000, Test Loss: 0.6758, Test Accuracy: 0.9401
Epoch 12/100 - Train Loss: 0.4864, Train Accuracy: 1.0000, Test Loss: 0.6744, Test Accuracy: 0.9410
Epoch 13/100 - Train Loss: 0.4872, Train Accuracy: 1.0000, Test Loss: 0.6737, Test Accuracy: 0.9388
Epoch 14/100 - Train Loss: 0.4823, Train Accuracy: 1.0000, Test Loss: 0.6742, Test Accuracy: 0.9414
Epoch 15/100 - Train Loss: 0.4848, Train Accuracy: 1.0000, Test Loss: 0.6759, Test Accuracy: 0.9388
Epoch 16/100 - Train Loss: 0.4791, Train Accuracy: 1.0000, Test Loss: 0.6762, Test Accuracy: 0.9406
Epoch 17/100 - Train Loss: 0.4813, Train Accuracy: 1.0000, Test Loss: 0.6733, Test Accuracy: 0.9384
Epoch 18/100 - Train Loss: 0.4782, Train Accuracy: 1.0000, Test Loss: 0.6778, Test Accuracy: 0.9397
Epoch 19/100 - Train Loss: 0.4793, Train Accuracy: 1.0000, Test Loss: 0.6848, Test Accuracy: 0.9366
Epoch 20/100 - Train Loss: 0.4771, Train Accuracy: 1.0000, Test Loss: 0.6868, Test Accuracy: 0.9388
Epoch 21/100 - Train Loss: 0.4813, Train Accuracy: 1.0000, Test Loss: 0.6914, Test Accuracy: 0.9384
Epoch 22/100 - Train Loss: 0.4802, Train Accuracy: 1.0000, Test Loss: 0.6906, Test Accuracy: 0.9353
Epoch 23/100 - Train Loss: 0.4766, Train Accuracy: 1.0000, Test Loss: 0.6859, Test Accuracy: 0.9327
Epoch 24/100 - Train Loss: 0.4789, Train Accuracy: 1.0000, Test Loss: 0.6858, Test Accuracy: 0.9344
Epoch 25/100 - Train Loss: 0.4794, Train Accuracy: 1.0000, Test Loss: 0.6760, Test Accuracy: 0.9379
Epoch 26/100 - Train Loss: 0.4783, Train Accuracy: 1.0000, Test Loss: 0.6763, Test Accuracy: 0.9371
Epoch 27/100 - Train Loss: 0.4779, Train Accuracy: 1.0000, Test Loss: 0.6812, Test Accuracy: 0.9371
Epoch 28/100 - Train Loss: 0.4774, Train Accuracy: 1.0000, Test Loss: 0.6868, Test Accuracy: 0.9362

Early stopping triggered at epoch 28
Best test loss: 0.6733
Best test accuracy: 0.9414
Plot saved as trained_models/finetune_classifier_plus_36_layers_small_dataset/metrics/loss.png
Plot saved as trained_models/finetune_classifier_plus_36_layers_small_dataset/metrics/metrics.png

Completed experiment 10/11


================================================================================
EXPERIMENT 11/11
Training: Classifier + 40 layer(s)
Unfrozen layers: features.denseblock4.denselayer16, features.denseblock4.denselayer15, features.denseblock4.denselayer14, features.denseblock4.denselayer13, features.denseblock4.denselayer12, features.denseblock4.denselayer11, features.denseblock4.denselayer10, features.denseblock4.denselayer9, features.denseblock4.denselayer8, features.denseblock4.denselayer7, features.denseblock4.denselayer6, features.denseblock4.denselayer5, features.denseblock4.denselayer4, features.denseblock4.denselayer3, features.denseblock4.denselayer2, features.denseblock4.denselayer1, features.transition3, features.denseblock3.denselayer24, features.denseblock3.denselayer23, features.denseblock3.denselayer22, features.denseblock3.denselayer21, features.denseblock3.denselayer20, features.denseblock3.denselayer19, features.denseblock3.denselayer18, features.denseblock3.denselayer17, features.denseblock3.denselayer16, features.denseblock3.denselayer15, features.denseblock3.denselayer14, features.denseblock3.denselayer13, features.denseblock3.denselayer12, features.denseblock3.denselayer11, features.denseblock3.denselayer10, features.denseblock3.denselayer9, features.denseblock3.denselayer8, features.denseblock3.denselayer7, features.denseblock3.denselayer6, features.denseblock3.denselayer5, features.denseblock3.denselayer4, features.denseblock3.denselayer3, features.denseblock3.denselayer2, features.denseblock3.denselayer1
================================================================================

Trainable parameters: 5,530,376 / 6,962,056 (79.44%)
Epoch 1/100 - Train Loss: 1.9132, Train Accuracy: 0.3175, Test Loss: 1.5583, Test Accuracy: 0.6053
Epoch 2/100 - Train Loss: 1.0570, Train Accuracy: 0.9475, Test Loss: 1.1656, Test Accuracy: 0.8475
Epoch 3/100 - Train Loss: 0.7278, Train Accuracy: 0.9775, Test Loss: 0.9149, Test Accuracy: 0.9091
Epoch 4/100 - Train Loss: 0.5894, Train Accuracy: 0.9850, Test Loss: 0.7894, Test Accuracy: 0.9226
Epoch 5/100 - Train Loss: 0.5416, Train Accuracy: 0.9950, Test Loss: 0.7237, Test Accuracy: 0.9336
Epoch 6/100 - Train Loss: 0.5196, Train Accuracy: 1.0000, Test Loss: 0.6915, Test Accuracy: 0.9441
Epoch 7/100 - Train Loss: 0.5038, Train Accuracy: 1.0000, Test Loss: 0.6754, Test Accuracy: 0.9423
Epoch 8/100 - Train Loss: 0.4955, Train Accuracy: 1.0000, Test Loss: 0.6710, Test Accuracy: 0.9445
Epoch 9/100 - Train Loss: 0.4895, Train Accuracy: 1.0000, Test Loss: 0.6738, Test Accuracy: 0.9375
Epoch 10/100 - Train Loss: 0.4852, Train Accuracy: 1.0000, Test Loss: 0.6743, Test Accuracy: 0.9414
Epoch 11/100 - Train Loss: 0.4868, Train Accuracy: 1.0000, Test Loss: 0.6760, Test Accuracy: 0.9406
Epoch 12/100 - Train Loss: 0.4804, Train Accuracy: 1.0000, Test Loss: 0.6769, Test Accuracy: 0.9441
Epoch 13/100 - Train Loss: 0.4810, Train Accuracy: 1.0000, Test Loss: 0.6808, Test Accuracy: 0.9454
Epoch 14/100 - Train Loss: 0.4797, Train Accuracy: 1.0000, Test Loss: 0.6774, Test Accuracy: 0.9458
Epoch 15/100 - Train Loss: 0.4799, Train Accuracy: 1.0000, Test Loss: 0.6760, Test Accuracy: 0.9454
Epoch 16/100 - Train Loss: 0.4805, Train Accuracy: 1.0000, Test Loss: 0.6780, Test Accuracy: 0.9462
Epoch 17/100 - Train Loss: 0.4806, Train Accuracy: 1.0000, Test Loss: 0.6842, Test Accuracy: 0.9432
Epoch 18/100 - Train Loss: 0.4785, Train Accuracy: 1.0000, Test Loss: 0.6805, Test Accuracy: 0.9401
Epoch 19/100 - Train Loss: 0.4794, Train Accuracy: 1.0000, Test Loss: 0.6802, Test Accuracy: 0.9449
Epoch 20/100 - Train Loss: 0.4794, Train Accuracy: 1.0000, Test Loss: 0.6824, Test Accuracy: 0.9445
Epoch 21/100 - Train Loss: 0.4795, Train Accuracy: 1.0000, Test Loss: 0.6864, Test Accuracy: 0.9427
Epoch 22/100 - Train Loss: 0.4766, Train Accuracy: 1.0000, Test Loss: 0.6816, Test Accuracy: 0.9445
Epoch 23/100 - Train Loss: 0.4790, Train Accuracy: 1.0000, Test Loss: 0.6807, Test Accuracy: 0.9414

Early stopping triggered at epoch 23
Best test loss: 0.6760
Best test accuracy: 0.9462
Plot saved as trained_models/finetune_classifier_plus_40_layers_small_dataset/metrics/loss.png
Plot saved as trained_models/finetune_classifier_plus_40_layers_small_dataset/metrics/metrics.png

Completed experiment 11/11

All experiments completed
Total experiments run: 11
