Using GPU 0: NVIDIA GeForce RTX 3090
Epoch 1/500 - Train Loss: 2.0670, Train Accuracy: 0.2125, Test Loss: 2.0594, Test Accuracy: 0.1036
Epoch 2/500 - Train Loss: 1.8885, Train Accuracy: 0.3375, Test Loss: 1.9283, Test Accuracy: 0.2609
Epoch 3/500 - Train Loss: 1.7650, Train Accuracy: 0.4750, Test Loss: 1.7789, Test Accuracy: 0.4244
Epoch 4/500 - Train Loss: 1.6396, Train Accuracy: 0.5425, Test Loss: 1.6494, Test Accuracy: 0.5236
Epoch 5/500 - Train Loss: 1.5368, Train Accuracy: 0.6175, Test Loss: 1.5367, Test Accuracy: 0.6154
Epoch 6/500 - Train Loss: 1.4340, Train Accuracy: 0.6650, Test Loss: 1.4263, Test Accuracy: 0.6722
Epoch 7/500 - Train Loss: 1.3635, Train Accuracy: 0.7050, Test Loss: 1.3261, Test Accuracy: 0.7041
Epoch 8/500 - Train Loss: 1.2821, Train Accuracy: 0.7425, Test Loss: 1.2443, Test Accuracy: 0.7478
Epoch 9/500 - Train Loss: 1.2022, Train Accuracy: 0.7600, Test Loss: 1.1925, Test Accuracy: 0.7618
Epoch 10/500 - Train Loss: 1.1543, Train Accuracy: 0.7725, Test Loss: 1.1199, Test Accuracy: 0.7771
Epoch 11/500 - Train Loss: 1.0900, Train Accuracy: 0.8150, Test Loss: 1.0575, Test Accuracy: 0.7955
Epoch 12/500 - Train Loss: 1.0316, Train Accuracy: 0.8375, Test Loss: 0.9850, Test Accuracy: 0.8269
Epoch 13/500 - Train Loss: 0.9942, Train Accuracy: 0.8325, Test Loss: 0.9321, Test Accuracy: 0.8322
Epoch 14/500 - Train Loss: 0.9609, Train Accuracy: 0.8050, Test Loss: 0.8791, Test Accuracy: 0.8483
Epoch 15/500 - Train Loss: 0.9131, Train Accuracy: 0.8325, Test Loss: 0.8394, Test Accuracy: 0.8580
Epoch 16/500 - Train Loss: 0.8865, Train Accuracy: 0.8250, Test Loss: 0.8071, Test Accuracy: 0.8619
Epoch 17/500 - Train Loss: 0.8873, Train Accuracy: 0.8350, Test Loss: 0.7749, Test Accuracy: 0.8724
Epoch 18/500 - Train Loss: 0.8273, Train Accuracy: 0.8550, Test Loss: 0.7341, Test Accuracy: 0.8877
Epoch 19/500 - Train Loss: 0.7668, Train Accuracy: 0.8875, Test Loss: 0.7143, Test Accuracy: 0.8846
Epoch 20/500 - Train Loss: 0.7508, Train Accuracy: 0.8825, Test Loss: 0.6934, Test Accuracy: 0.8881
Epoch 21/500 - Train Loss: 0.7350, Train Accuracy: 0.8800, Test Loss: 0.6743, Test Accuracy: 0.8929
Epoch 22/500 - Train Loss: 0.7092, Train Accuracy: 0.8850, Test Loss: 0.6553, Test Accuracy: 0.8973
Epoch 23/500 - Train Loss: 0.6781, Train Accuracy: 0.8950, Test Loss: 0.6388, Test Accuracy: 0.9034
Epoch 24/500 - Train Loss: 0.6951, Train Accuracy: 0.8800, Test Loss: 0.6223, Test Accuracy: 0.9069
Epoch 25/500 - Train Loss: 0.7201, Train Accuracy: 0.8650, Test Loss: 0.6114, Test Accuracy: 0.9113
Epoch 26/500 - Train Loss: 0.6841, Train Accuracy: 0.8800, Test Loss: 0.5998, Test Accuracy: 0.9139
Epoch 27/500 - Train Loss: 0.6388, Train Accuracy: 0.9150, Test Loss: 0.5878, Test Accuracy: 0.9126
Epoch 28/500 - Train Loss: 0.6618, Train Accuracy: 0.8950, Test Loss: 0.5741, Test Accuracy: 0.9174
Epoch 29/500 - Train Loss: 0.6069, Train Accuracy: 0.9025, Test Loss: 0.5728, Test Accuracy: 0.9170
Epoch 30/500 - Train Loss: 0.6338, Train Accuracy: 0.8975, Test Loss: 0.5646, Test Accuracy: 0.9161
Epoch 31/500 - Train Loss: 0.5872, Train Accuracy: 0.9150, Test Loss: 0.5566, Test Accuracy: 0.9235
Epoch 32/500 - Train Loss: 0.6035, Train Accuracy: 0.9050, Test Loss: 0.5506, Test Accuracy: 0.9200
Epoch 33/500 - Train Loss: 0.5955, Train Accuracy: 0.9050, Test Loss: 0.5445, Test Accuracy: 0.9222
Epoch 34/500 - Train Loss: 0.5703, Train Accuracy: 0.9225, Test Loss: 0.5382, Test Accuracy: 0.9222
Epoch 35/500 - Train Loss: 0.5709, Train Accuracy: 0.9125, Test Loss: 0.5299, Test Accuracy: 0.9244
Epoch 36/500 - Train Loss: 0.5472, Train Accuracy: 0.9300, Test Loss: 0.5244, Test Accuracy: 0.9248
Epoch 37/500 - Train Loss: 0.5465, Train Accuracy: 0.9250, Test Loss: 0.5211, Test Accuracy: 0.9296
Epoch 38/500 - Train Loss: 0.5504, Train Accuracy: 0.9100, Test Loss: 0.5186, Test Accuracy: 0.9296
Epoch 39/500 - Train Loss: 0.5395, Train Accuracy: 0.9225, Test Loss: 0.5141, Test Accuracy: 0.9327
Epoch 40/500 - Train Loss: 0.5269, Train Accuracy: 0.9375, Test Loss: 0.5127, Test Accuracy: 0.9323
Epoch 41/500 - Train Loss: 0.5312, Train Accuracy: 0.9300, Test Loss: 0.5092, Test Accuracy: 0.9327
Epoch 42/500 - Train Loss: 0.5460, Train Accuracy: 0.9050, Test Loss: 0.5072, Test Accuracy: 0.9331
Epoch 43/500 - Train Loss: 0.5322, Train Accuracy: 0.9325, Test Loss: 0.5114, Test Accuracy: 0.9283
Epoch 44/500 - Train Loss: 0.5373, Train Accuracy: 0.9275, Test Loss: 0.5072, Test Accuracy: 0.9314
Epoch 45/500 - Train Loss: 0.5051, Train Accuracy: 0.9375, Test Loss: 0.5026, Test Accuracy: 0.9314
Epoch 46/500 - Train Loss: 0.5088, Train Accuracy: 0.9400, Test Loss: 0.5075, Test Accuracy: 0.9283
Epoch 47/500 - Train Loss: 0.5189, Train Accuracy: 0.9225, Test Loss: 0.5030, Test Accuracy: 0.9301
Epoch 48/500 - Train Loss: 0.5169, Train Accuracy: 0.9225, Test Loss: 0.5035, Test Accuracy: 0.9283
Epoch 49/500 - Train Loss: 0.4818, Train Accuracy: 0.9550, Test Loss: 0.4977, Test Accuracy: 0.9292
Epoch 50/500 - Train Loss: 0.5079, Train Accuracy: 0.9375, Test Loss: 0.4991, Test Accuracy: 0.9305
Epoch 51/500 - Train Loss: 0.4924, Train Accuracy: 0.9400, Test Loss: 0.4924, Test Accuracy: 0.9344
Epoch 52/500 - Train Loss: 0.4550, Train Accuracy: 0.9550, Test Loss: 0.4902, Test Accuracy: 0.9358
Epoch 53/500 - Train Loss: 0.4832, Train Accuracy: 0.9375, Test Loss: 0.4937, Test Accuracy: 0.9318
Epoch 54/500 - Train Loss: 0.4668, Train Accuracy: 0.9575, Test Loss: 0.4870, Test Accuracy: 0.9366
Epoch 55/500 - Train Loss: 0.4615, Train Accuracy: 0.9450, Test Loss: 0.4924, Test Accuracy: 0.9336
Epoch 56/500 - Train Loss: 0.4484, Train Accuracy: 0.9650, Test Loss: 0.4982, Test Accuracy: 0.9283
Epoch 57/500 - Train Loss: 0.4648, Train Accuracy: 0.9475, Test Loss: 0.4905, Test Accuracy: 0.9331
Epoch 58/500 - Train Loss: 0.4654, Train Accuracy: 0.9500, Test Loss: 0.4831, Test Accuracy: 0.9384
Epoch 59/500 - Train Loss: 0.4672, Train Accuracy: 0.9575, Test Loss: 0.4817, Test Accuracy: 0.9379
Epoch 60/500 - Train Loss: 0.4620, Train Accuracy: 0.9600, Test Loss: 0.4842, Test Accuracy: 0.9397
Epoch 61/500 - Train Loss: 0.4726, Train Accuracy: 0.9525, Test Loss: 0.4896, Test Accuracy: 0.9327
Epoch 62/500 - Train Loss: 0.4554, Train Accuracy: 0.9500, Test Loss: 0.4891, Test Accuracy: 0.9349
Epoch 63/500 - Train Loss: 0.4278, Train Accuracy: 0.9675, Test Loss: 0.4904, Test Accuracy: 0.9331
Epoch 64/500 - Train Loss: 0.4619, Train Accuracy: 0.9550, Test Loss: 0.4839, Test Accuracy: 0.9349
Epoch 65/500 - Train Loss: 0.4273, Train Accuracy: 0.9700, Test Loss: 0.4919, Test Accuracy: 0.9314
Epoch 66/500 - Train Loss: 0.4582, Train Accuracy: 0.9475, Test Loss: 0.4847, Test Accuracy: 0.9353
Epoch 67/500 - Train Loss: 0.4261, Train Accuracy: 0.9700, Test Loss: 0.4817, Test Accuracy: 0.9375
Epoch 68/500 - Train Loss: 0.4355, Train Accuracy: 0.9600, Test Loss: 0.4861, Test Accuracy: 0.9340
Epoch 69/500 - Train Loss: 0.4489, Train Accuracy: 0.9525, Test Loss: 0.4817, Test Accuracy: 0.9366
Epoch 70/500 - Train Loss: 0.4330, Train Accuracy: 0.9675, Test Loss: 0.4805, Test Accuracy: 0.9392
Epoch 71/500 - Train Loss: 0.4332, Train Accuracy: 0.9575, Test Loss: 0.4764, Test Accuracy: 0.9392
Epoch 72/500 - Train Loss: 0.4378, Train Accuracy: 0.9575, Test Loss: 0.4777, Test Accuracy: 0.9397
Epoch 73/500 - Train Loss: 0.4427, Train Accuracy: 0.9500, Test Loss: 0.4809, Test Accuracy: 0.9358
Epoch 74/500 - Train Loss: 0.4157, Train Accuracy: 0.9750, Test Loss: 0.4830, Test Accuracy: 0.9362
Epoch 75/500 - Train Loss: 0.3933, Train Accuracy: 0.9900, Test Loss: 0.4820, Test Accuracy: 0.9366
Epoch 76/500 - Train Loss: 0.4266, Train Accuracy: 0.9650, Test Loss: 0.4853, Test Accuracy: 0.9336
Epoch 77/500 - Train Loss: 0.4289, Train Accuracy: 0.9550, Test Loss: 0.4835, Test Accuracy: 0.9336
Epoch 78/500 - Train Loss: 0.4186, Train Accuracy: 0.9600, Test Loss: 0.4824, Test Accuracy: 0.9340
Epoch 79/500 - Train Loss: 0.4253, Train Accuracy: 0.9650, Test Loss: 0.4816, Test Accuracy: 0.9392
Epoch 80/500 - Train Loss: 0.4092, Train Accuracy: 0.9750, Test Loss: 0.4824, Test Accuracy: 0.9349
Epoch 81/500 - Train Loss: 0.4240, Train Accuracy: 0.9650, Test Loss: 0.4842, Test Accuracy: 0.9340
Epoch 82/500 - Train Loss: 0.4066, Train Accuracy: 0.9675, Test Loss: 0.4787, Test Accuracy: 0.9375
Epoch 83/500 - Train Loss: 0.4029, Train Accuracy: 0.9725, Test Loss: 0.4785, Test Accuracy: 0.9384
Epoch 84/500 - Train Loss: 0.3809, Train Accuracy: 0.9775, Test Loss: 0.4789, Test Accuracy: 0.9371
Epoch 85/500 - Train Loss: 0.4036, Train Accuracy: 0.9700, Test Loss: 0.4811, Test Accuracy: 0.9362
Epoch 86/500 - Train Loss: 0.3894, Train Accuracy: 0.9775, Test Loss: 0.4795, Test Accuracy: 0.9384

Early stopping triggered at epoch 86
Best test loss: 0.4764
Best test accuracy: 0.9397
Plot saved as trained_models/Sweep_data run/metrics/loss.png
Plot saved as trained_models/Sweep_data run/metrics/metrics.png
