wandb: Starting wandb agent 🕵️
2026-01-10 19:52:25,581 - wandb.wandb_agent - INFO - Running runs: []
2026-01-10 19:52:25,884 - wandb.wandb_agent - INFO - Agent received command: run
2026-01-10 19:52:25,885 - wandb.wandb_agent - INFO - Agent starting run with config:
	affine: 0.3816551989333566
	blur: 0.909771777562981
	brightness: 1.0066789442735788
	contrast: 0.906880416802041
	crop: 0.974626213601849
	crop_scale: 0.3154921208460202
	flip: 0.8193931405485322
	gaussian_blur_kernel: 9
	gaussian_noise_std: 0.409965287906746
	grey: 0.5318254259185844
	hue: -0.05868378198420376
	jiggle: 0.6809589899761151
	rotate: 0.7489789495936809
	rotation: 21
	saturation: 0.6581346313210196
	scale: 1.1740065312439103
	shear: 20
	translate_x: 0.2197313339462068
	translate_y: 0.25963724607300087
2026-01-10 19:52:25,888 - wandb.wandb_agent - INFO - About to run command: /usr/bin/env python train_data.py --affine=0.3816551989333566 --blur=0.909771777562981 --brightness=1.0066789442735788 --contrast=0.906880416802041 --crop=0.974626213601849 --crop_scale=0.3154921208460202 --flip=0.8193931405485322 --gaussian_blur_kernel=9 --gaussian_noise_std=0.409965287906746 --grey=0.5318254259185844 --hue=-0.05868378198420376 --jiggle=0.6809589899761151 --rotate=0.7489789495936809 --rotation=21 --saturation=0.6581346313210196 --scale=1.1740065312439103 --shear=20 --translate_x=0.2197313339462068 --translate_y=0.25963724607300087
wandb: Currently logged in as: arnaumarcosalmansa (mcv-team-6) to https://api.wandb.ai. Use `wandb login --relogin` to force relogin
wandb: WARNING Ignoring project 'C3-Week3' when running a sweep.
wandb: WARNING Ignoring entity 'mcv-team-6' when running a sweep.
2026-01-10 19:52:30,895 - wandb.wandb_agent - INFO - Running runs: ['w44phm3h']
wandb: setting up run w44phm3h
wandb: Tracking run with wandb version 0.23.1
wandb: Run data is saved locally in /export/home/group06/workspace/project-team-6/Week3/wandb/run-20260110_195230-w44phm3h
wandb: Run `wandb offline` to turn off syncing.
wandb: Syncing run Sweep run
wandb: ⭐️ View project at https://wandb.ai/mcv-team-6/C3-Week3
wandb: 🧹 View sweep at https://wandb.ai/mcv-team-6/C3-Week3/sweeps/g5vb4edr
wandb: 🚀 View run at https://wandb.ai/mcv-team-6/C3-Week3/runs/w44phm3h
Traceback (most recent call last):
  File "/export/home/group06/workspace/project-team-6/Week3/train_data.py", line 61, in <module>
    ka.ColorJitter(brightness=cfg.brightness,
  File "/ghome/group06/miniconda3/envs/c3/lib/python3.12/site-packages/kornia/augmentation/_2d/intensity/color_jitter.py", line 105, in __init__
    self._param_generator = rg.ColorJitterGenerator(brightness, contrast, saturation, hue)
                            ^^^^^^^^^^^^^^^^^^^^^^^^^^^^^^^^^^^^^^^^^^^^^^^^^^^^^^^^^^^^^^
  File "/ghome/group06/miniconda3/envs/c3/lib/python3.12/site-packages/kornia/augmentation/random_generator/base.py", line 34, in __call__
    obj.__post_init__()
  File "/ghome/group06/miniconda3/envs/c3/lib/python3.12/site-packages/kornia/augmentation/random_generator/base.py", line 48, in __post_init__
    self.set_rng_device_and_dtype()
  File "/ghome/group06/miniconda3/envs/c3/lib/python3.12/site-packages/kornia/augmentation/random_generator/base.py", line 64, in set_rng_device_and_dtype
    self.make_samplers(device, dtype)
  File "/ghome/group06/miniconda3/envs/c3/lib/python3.12/site-packages/kornia/augmentation/random_generator/_2d/color_jitter.py", line 86, in make_samplers
    hue: Tensor = _range_bound(self.hue, "hue", bounds=(-0.5, 0.5), device=device, dtype=dtype)
                  ^^^^^^^^^^^^^^^^^^^^^^^^^^^^^^^^^^^^^^^^^^^^^^^^^^^^^^^^^^^^^^^^^^^^^^^^^^^^^
  File "/ghome/group06/miniconda3/envs/c3/lib/python3.12/site-packages/kornia/augmentation/utils/param_validation.py", line 53, in _range_bound
    raise ValueError(f"If {name} is a single number, it must be non negative. Got {factor}.")
ValueError: If hue is a single number, it must be non negative. Got -0.05868378281593323.
2026-01-10 19:52:36,040 - wandb.wandb_agent - INFO - Cleaning up finished run: w44phm3h
wandb: Terminating and syncing runs. Press ctrl-c to kill.
