wandb: Starting wandb agent 🕵️
2026-01-10 19:36:55,438 - wandb.wandb_agent - INFO - Running runs: []
2026-01-10 19:36:55,773 - wandb.wandb_agent - INFO - Agent received command: run
2026-01-10 19:36:55,773 - wandb.wandb_agent - INFO - Agent starting run with config:
	affine: 0.5290611148320883
	blur: 0.5768310799121948
	brightness: 0.6322119750048169
	contrast: 0.7851118633316093
	crop: 0.7372372990070395
	crop_scale: 0.6770602339187151
	flip: 0.36150120797360286
	gaussian_blur_kernel: 3
	gaussian_noise_std: 1.7529398673606624
	grey: 0.5238541903740227
	hue: -0.05868644826626484
	jiggle: 0.8717470685325057
	rotate: 0.918017430191678
	rotation: 26
	saturation: 0.699318688332602
	scale: 1.0077340287961256
	shear: 5
	translate_x: 0.33808325198424477
	translate_y: 0.03821615036103015
2026-01-10 19:36:55,777 - wandb.wandb_agent - INFO - About to run command: /usr/bin/env python train_data.py --affine=0.5290611148320883 --blur=0.5768310799121948 --brightness=0.6322119750048169 --contrast=0.7851118633316093 --crop=0.7372372990070395 --crop_scale=0.6770602339187151 --flip=0.36150120797360286 --gaussian_blur_kernel=3 --gaussian_noise_std=1.7529398673606624 --grey=0.5238541903740227 --hue=-0.05868644826626484 --jiggle=0.8717470685325057 --rotate=0.918017430191678 --rotation=26 --saturation=0.699318688332602 --scale=1.0077340287961256 --shear=5 --translate_x=0.33808325198424477 --translate_y=0.03821615036103015
wandb: Currently logged in as: arnaumarcosalmansa (mcv-team-6) to https://api.wandb.ai. Use `wandb login --relogin` to force relogin
wandb: WARNING Ignoring project 'C3-Week3' when running a sweep.
wandb: WARNING Ignoring entity 'mcv-team-6' when running a sweep.
wandb: setting up run wxygtkqr
wandb: Tracking run with wandb version 0.23.1
wandb: Run data is saved locally in /export/home/group06/workspace/project-team-6/Week3/wandb/run-20260110_193659-wxygtkqr
wandb: Run `wandb offline` to turn off syncing.
wandb: Syncing run Sweep run
wandb: ⭐️ View project at https://wandb.ai/mcv-team-6/C3-Week3
wandb: 🧹 View sweep at https://wandb.ai/mcv-team-6/C3-Week3/sweeps/g5vb4edr
wandb: 🚀 View run at https://wandb.ai/mcv-team-6/C3-Week3/runs/wxygtkqr
2026-01-10 19:37:00,780 - wandb.wandb_agent - INFO - Running runs: ['wxygtkqr']
Traceback (most recent call last):
  File "/export/home/group06/workspace/project-team-6/Week3/train_data.py", line 61, in <module>
    ka.ColorJitter(brightness=cfg.brightness,
  File "/ghome/group06/miniconda3/envs/c3/lib/python3.12/site-packages/kornia/augmentation/_2d/intensity/color_jitter.py", line 105, in __init__
    self._param_generator = rg.ColorJitterGenerator(brightness, contrast, saturation, hue)
                            ^^^^^^^^^^^^^^^^^^^^^^^^^^^^^^^^^^^^^^^^^^^^^^^^^^^^^^^^^^^^^^
  File "/ghome/group06/miniconda3/envs/c3/lib/python3.12/site-packages/kornia/augmentation/random_generator/base.py", line 34, in __call__
    obj.__post_init__()
  File "/ghome/group06/miniconda3/envs/c3/lib/python3.12/site-packages/kornia/augmentation/random_generator/base.py", line 48, in __post_init__
    self.set_rng_device_and_dtype()
  File "/ghome/group06/miniconda3/envs/c3/lib/python3.12/site-packages/kornia/augmentation/random_generator/base.py", line 64, in set_rng_device_and_dtype
    self.make_samplers(device, dtype)
  File "/ghome/group06/miniconda3/envs/c3/lib/python3.12/site-packages/kornia/augmentation/random_generator/_2d/color_jitter.py", line 86, in make_samplers
    hue: Tensor = _range_bound(self.hue, "hue", bounds=(-0.5, 0.5), device=device, dtype=dtype)
                  ^^^^^^^^^^^^^^^^^^^^^^^^^^^^^^^^^^^^^^^^^^^^^^^^^^^^^^^^^^^^^^^^^^^^^^^^^^^^^
  File "/ghome/group06/miniconda3/envs/c3/lib/python3.12/site-packages/kornia/augmentation/utils/param_validation.py", line 53, in _range_bound
    raise ValueError(f"If {name} is a single number, it must be non negative. Got {factor}.")
ValueError: If hue is a single number, it must be non negative. Got -0.058686450123786926.
2026-01-10 19:37:05,948 - wandb.wandb_agent - INFO - Cleaning up finished run: wxygtkqr
wandb: Terminating and syncing runs. Press ctrl-c to kill.
