Using GPU 0: NVIDIA GeForce RTX 3090
Epoch 1/500 - Train Loss: 2.1923, Train Accuracy: 0.1550, Test Loss: 2.0938, Test Accuracy: 0.1538
Epoch 2/500 - Train Loss: 1.9531, Train Accuracy: 0.2300, Test Loss: 1.9529, Test Accuracy: 0.2491
Epoch 3/500 - Train Loss: 1.7960, Train Accuracy: 0.3325, Test Loss: 1.7849, Test Accuracy: 0.3885
Epoch 4/500 - Train Loss: 1.6196, Train Accuracy: 0.4925, Test Loss: 1.6177, Test Accuracy: 0.5004
Epoch 5/500 - Train Loss: 1.5140, Train Accuracy: 0.5900, Test Loss: 1.4831, Test Accuracy: 0.5957
Epoch 6/500 - Train Loss: 1.3565, Train Accuracy: 0.6850, Test Loss: 1.3710, Test Accuracy: 0.6731
Epoch 7/500 - Train Loss: 1.2547, Train Accuracy: 0.7150, Test Loss: 1.2522, Test Accuracy: 0.7207
Epoch 8/500 - Train Loss: 1.1219, Train Accuracy: 0.7775, Test Loss: 1.1372, Test Accuracy: 0.7762
Epoch 9/500 - Train Loss: 1.0450, Train Accuracy: 0.7925, Test Loss: 1.0380, Test Accuracy: 0.8151
Epoch 10/500 - Train Loss: 1.0059, Train Accuracy: 0.7625, Test Loss: 0.9530, Test Accuracy: 0.8313
Epoch 11/500 - Train Loss: 0.8878, Train Accuracy: 0.8400, Test Loss: 0.8925, Test Accuracy: 0.8269
Epoch 12/500 - Train Loss: 0.8332, Train Accuracy: 0.8400, Test Loss: 0.8064, Test Accuracy: 0.8553
Epoch 13/500 - Train Loss: 0.8059, Train Accuracy: 0.8225, Test Loss: 0.7462, Test Accuracy: 0.8719
Epoch 14/500 - Train Loss: 0.7290, Train Accuracy: 0.8575, Test Loss: 0.6892, Test Accuracy: 0.8763
Epoch 15/500 - Train Loss: 0.6999, Train Accuracy: 0.8600, Test Loss: 0.6259, Test Accuracy: 0.8859
Epoch 16/500 - Train Loss: 0.6853, Train Accuracy: 0.8475, Test Loss: 0.5881, Test Accuracy: 0.8899
Epoch 17/500 - Train Loss: 0.6608, Train Accuracy: 0.8475, Test Loss: 0.5451, Test Accuracy: 0.9030
Epoch 18/500 - Train Loss: 0.5824, Train Accuracy: 0.9050, Test Loss: 0.5191, Test Accuracy: 0.9065
Epoch 19/500 - Train Loss: 0.5761, Train Accuracy: 0.8675, Test Loss: 0.4882, Test Accuracy: 0.9165
Epoch 20/500 - Train Loss: 0.5229, Train Accuracy: 0.9000, Test Loss: 0.4828, Test Accuracy: 0.9187
Epoch 21/500 - Train Loss: 0.5222, Train Accuracy: 0.8875, Test Loss: 0.4486, Test Accuracy: 0.9266
Epoch 22/500 - Train Loss: 0.4836, Train Accuracy: 0.9150, Test Loss: 0.4322, Test Accuracy: 0.9253
Epoch 23/500 - Train Loss: 0.4710, Train Accuracy: 0.9050, Test Loss: 0.4109, Test Accuracy: 0.9266
Epoch 24/500 - Train Loss: 0.4589, Train Accuracy: 0.8975, Test Loss: 0.3917, Test Accuracy: 0.9314
Epoch 25/500 - Train Loss: 0.4648, Train Accuracy: 0.9050, Test Loss: 0.3904, Test Accuracy: 0.9331
Epoch 26/500 - Train Loss: 0.4236, Train Accuracy: 0.9075, Test Loss: 0.3853, Test Accuracy: 0.9296
Epoch 27/500 - Train Loss: 0.4094, Train Accuracy: 0.9225, Test Loss: 0.3687, Test Accuracy: 0.9340
Epoch 28/500 - Train Loss: 0.3972, Train Accuracy: 0.9300, Test Loss: 0.3633, Test Accuracy: 0.9340
Epoch 29/500 - Train Loss: 0.4080, Train Accuracy: 0.9350, Test Loss: 0.3614, Test Accuracy: 0.9349
Epoch 30/500 - Train Loss: 0.3459, Train Accuracy: 0.9425, Test Loss: 0.3481, Test Accuracy: 0.9375
Epoch 31/500 - Train Loss: 0.3742, Train Accuracy: 0.9325, Test Loss: 0.3446, Test Accuracy: 0.9388
Epoch 32/500 - Train Loss: 0.3297, Train Accuracy: 0.9500, Test Loss: 0.3352, Test Accuracy: 0.9384
Epoch 33/500 - Train Loss: 0.3420, Train Accuracy: 0.9500, Test Loss: 0.3291, Test Accuracy: 0.9401
Epoch 34/500 - Train Loss: 0.3475, Train Accuracy: 0.9550, Test Loss: 0.3267, Test Accuracy: 0.9410
Epoch 35/500 - Train Loss: 0.3378, Train Accuracy: 0.9450, Test Loss: 0.3267, Test Accuracy: 0.9397
Epoch 36/500 - Train Loss: 0.3220, Train Accuracy: 0.9450, Test Loss: 0.3294, Test Accuracy: 0.9392
Epoch 37/500 - Train Loss: 0.2860, Train Accuracy: 0.9625, Test Loss: 0.3170, Test Accuracy: 0.9414
Epoch 38/500 - Train Loss: 0.3296, Train Accuracy: 0.9425, Test Loss: 0.3336, Test Accuracy: 0.9366
Epoch 39/500 - Train Loss: 0.3466, Train Accuracy: 0.9325, Test Loss: 0.3232, Test Accuracy: 0.9388
Epoch 40/500 - Train Loss: 0.2862, Train Accuracy: 0.9650, Test Loss: 0.3181, Test Accuracy: 0.9401
Epoch 41/500 - Train Loss: 0.3174, Train Accuracy: 0.9450, Test Loss: 0.3241, Test Accuracy: 0.9384
Epoch 42/500 - Train Loss: 0.2795, Train Accuracy: 0.9650, Test Loss: 0.3380, Test Accuracy: 0.9362
Epoch 43/500 - Train Loss: 0.2891, Train Accuracy: 0.9550, Test Loss: 0.3136, Test Accuracy: 0.9441
Epoch 44/500 - Train Loss: 0.3255, Train Accuracy: 0.9475, Test Loss: 0.3234, Test Accuracy: 0.9353
Epoch 45/500 - Train Loss: 0.2595, Train Accuracy: 0.9650, Test Loss: 0.3152, Test Accuracy: 0.9379
Epoch 46/500 - Train Loss: 0.2789, Train Accuracy: 0.9700, Test Loss: 0.3049, Test Accuracy: 0.9445
Epoch 47/500 - Train Loss: 0.2730, Train Accuracy: 0.9550, Test Loss: 0.3115, Test Accuracy: 0.9427
Epoch 48/500 - Train Loss: 0.2561, Train Accuracy: 0.9675, Test Loss: 0.3179, Test Accuracy: 0.9366
Epoch 49/500 - Train Loss: 0.2548, Train Accuracy: 0.9725, Test Loss: 0.3146, Test Accuracy: 0.9388
Epoch 50/500 - Train Loss: 0.2894, Train Accuracy: 0.9450, Test Loss: 0.3068, Test Accuracy: 0.9427
Epoch 51/500 - Train Loss: 0.2559, Train Accuracy: 0.9775, Test Loss: 0.3111, Test Accuracy: 0.9401
Epoch 52/500 - Train Loss: 0.2449, Train Accuracy: 0.9750, Test Loss: 0.3070, Test Accuracy: 0.9419
Epoch 53/500 - Train Loss: 0.2443, Train Accuracy: 0.9650, Test Loss: 0.3168, Test Accuracy: 0.9371
Epoch 54/500 - Train Loss: 0.2853, Train Accuracy: 0.9625, Test Loss: 0.3151, Test Accuracy: 0.9388
Epoch 55/500 - Train Loss: 0.2318, Train Accuracy: 0.9750, Test Loss: 0.3167, Test Accuracy: 0.9406
Epoch 56/500 - Train Loss: 0.2409, Train Accuracy: 0.9675, Test Loss: 0.3031, Test Accuracy: 0.9423
Epoch 57/500 - Train Loss: 0.2167, Train Accuracy: 0.9825, Test Loss: 0.2996, Test Accuracy: 0.9462
Epoch 58/500 - Train Loss: 0.1975, Train Accuracy: 0.9900, Test Loss: 0.2956, Test Accuracy: 0.9480
Epoch 59/500 - Train Loss: 0.2523, Train Accuracy: 0.9750, Test Loss: 0.3046, Test Accuracy: 0.9441
Epoch 60/500 - Train Loss: 0.2213, Train Accuracy: 0.9875, Test Loss: 0.3184, Test Accuracy: 0.9358
Epoch 61/500 - Train Loss: 0.2312, Train Accuracy: 0.9775, Test Loss: 0.3283, Test Accuracy: 0.9331
Epoch 62/500 - Train Loss: 0.2285, Train Accuracy: 0.9700, Test Loss: 0.3335, Test Accuracy: 0.9261
Epoch 63/500 - Train Loss: 0.2188, Train Accuracy: 0.9725, Test Loss: 0.3185, Test Accuracy: 0.9353
Epoch 64/500 - Train Loss: 0.2266, Train Accuracy: 0.9750, Test Loss: 0.2993, Test Accuracy: 0.9467
Epoch 65/500 - Train Loss: 0.2060, Train Accuracy: 0.9950, Test Loss: 0.2984, Test Accuracy: 0.9484
Epoch 66/500 - Train Loss: 0.2116, Train Accuracy: 0.9775, Test Loss: 0.2964, Test Accuracy: 0.9480
Epoch 67/500 - Train Loss: 0.2068, Train Accuracy: 0.9825, Test Loss: 0.3005, Test Accuracy: 0.9449
Epoch 68/500 - Train Loss: 0.2171, Train Accuracy: 0.9825, Test Loss: 0.2939, Test Accuracy: 0.9510
Epoch 69/500 - Train Loss: 0.2058, Train Accuracy: 0.9875, Test Loss: 0.2978, Test Accuracy: 0.9449
Epoch 70/500 - Train Loss: 0.2072, Train Accuracy: 0.9725, Test Loss: 0.2907, Test Accuracy: 0.9462
Epoch 71/500 - Train Loss: 0.2079, Train Accuracy: 0.9875, Test Loss: 0.2942, Test Accuracy: 0.9467
Epoch 72/500 - Train Loss: 0.1988, Train Accuracy: 0.9825, Test Loss: 0.2942, Test Accuracy: 0.9471
Epoch 73/500 - Train Loss: 0.2013, Train Accuracy: 0.9850, Test Loss: 0.2865, Test Accuracy: 0.9467
Epoch 74/500 - Train Loss: 0.2092, Train Accuracy: 0.9800, Test Loss: 0.3012, Test Accuracy: 0.9454
Epoch 75/500 - Train Loss: 0.2217, Train Accuracy: 0.9700, Test Loss: 0.2962, Test Accuracy: 0.9484
Epoch 76/500 - Train Loss: 0.2270, Train Accuracy: 0.9725, Test Loss: 0.3121, Test Accuracy: 0.9388
Epoch 77/500 - Train Loss: 0.2108, Train Accuracy: 0.9850, Test Loss: 0.3149, Test Accuracy: 0.9353
Epoch 78/500 - Train Loss: 0.2154, Train Accuracy: 0.9700, Test Loss: 0.3165, Test Accuracy: 0.9371
Epoch 79/500 - Train Loss: 0.2163, Train Accuracy: 0.9800, Test Loss: 0.3214, Test Accuracy: 0.9336
Epoch 80/500 - Train Loss: 0.2014, Train Accuracy: 0.9825, Test Loss: 0.3225, Test Accuracy: 0.9323
Epoch 81/500 - Train Loss: 0.2052, Train Accuracy: 0.9850, Test Loss: 0.3270, Test Accuracy: 0.9318
Epoch 82/500 - Train Loss: 0.2055, Train Accuracy: 0.9750, Test Loss: 0.3001, Test Accuracy: 0.9436
Epoch 83/500 - Train Loss: 0.2250, Train Accuracy: 0.9800, Test Loss: 0.3026, Test Accuracy: 0.9410
Epoch 84/500 - Train Loss: 0.1959, Train Accuracy: 0.9850, Test Loss: 0.3035, Test Accuracy: 0.9410
Epoch 85/500 - Train Loss: 0.1865, Train Accuracy: 0.9900, Test Loss: 0.3120, Test Accuracy: 0.9384
Epoch 86/500 - Train Loss: 0.2086, Train Accuracy: 0.9800, Test Loss: 0.3045, Test Accuracy: 0.9397
Epoch 87/500 - Train Loss: 0.2142, Train Accuracy: 0.9850, Test Loss: 0.3104, Test Accuracy: 0.9392
Epoch 88/500 - Train Loss: 0.1921, Train Accuracy: 0.9925, Test Loss: 0.3008, Test Accuracy: 0.9423

Early stopping triggered at epoch 88
Best test loss: 0.2865
Best test accuracy: 0.9510
Plot saved as trained_models/Sweep_data run/metrics/loss.png
Plot saved as trained_models/Sweep_data run/metrics/metrics.png
