wandb: Starting wandb agent 🕵️
2026-01-10 20:23:13,408 - wandb.wandb_agent - INFO - Running runs: []
2026-01-10 20:23:13,777 - wandb.wandb_agent - INFO - Agent received command: run
2026-01-10 20:23:13,777 - wandb.wandb_agent - INFO - Agent starting run with config:
	affine: 0.20654108000871785
	blur: 0.48988749116195496
	brightness: 0.7906298657245677
	contrast: 0.6153609611765877
	crop: 0.7061902112957704
	crop_scale: 0.2001052440577961
	flip: 0.6055209220406493
	gaussian_blur_kernel: 3
	gaussian_noise_std: 1.1959105905534049
	grey: 0.7098697926128548
	hue: -0.061935345691862966
	jiggle: 0.8794077619491868
	rotate: 0.3865696882452987
	rotation: 36
	saturation: 0.8499483794368095
	scale: 1.0284847329753228
	shear: 0
	translate_x: 0.3777175935586681
	translate_y: 0.32080217743544354
2026-01-10 20:23:13,781 - wandb.wandb_agent - INFO - About to run command: /usr/bin/env python train_data.py --affine=0.20654108000871785 --blur=0.48988749116195496 --brightness=0.7906298657245677 --contrast=0.6153609611765877 --crop=0.7061902112957704 --crop_scale=0.2001052440577961 --flip=0.6055209220406493 --gaussian_blur_kernel=3 --gaussian_noise_std=1.1959105905534049 --grey=0.7098697926128548 --hue=-0.061935345691862966 --jiggle=0.8794077619491868 --rotate=0.3865696882452987 --rotation=36 --saturation=0.8499483794368095 --scale=1.0284847329753228 --shear=0 --translate_x=0.3777175935586681 --translate_y=0.32080217743544354
wandb: Currently logged in as: arnaumarcosalmansa (mcv-team-6) to https://api.wandb.ai. Use `wandb login --relogin` to force relogin
wandb: WARNING Ignoring project 'C3-Week3' when running a sweep.
wandb: WARNING Ignoring entity 'mcv-team-6' when running a sweep.
wandb: setting up run iy7kie3n
2026-01-10 20:23:18,788 - wandb.wandb_agent - INFO - Running runs: ['iy7kie3n']
wandb: Tracking run with wandb version 0.23.1
wandb: Run data is saved locally in /export/home/group06/workspace/project-team-6/Week3/wandb/run-20260110_202318-iy7kie3n
wandb: Run `wandb offline` to turn off syncing.
wandb: Syncing run Sweep run
wandb: ⭐️ View project at https://wandb.ai/mcv-team-6/C3-Week3
wandb: 🧹 View sweep at https://wandb.ai/mcv-team-6/C3-Week3/sweeps/g5vb4edr
wandb: 🚀 View run at https://wandb.ai/mcv-team-6/C3-Week3/runs/iy7kie3n
Traceback (most recent call last):
  File "/export/home/group06/workspace/project-team-6/Week3/train_data.py", line 61, in <module>
    ka.ColorJitter(brightness=cfg.brightness,
  File "/ghome/group06/miniconda3/envs/c3/lib/python3.12/site-packages/kornia/augmentation/_2d/intensity/color_jitter.py", line 105, in __init__
    self._param_generator = rg.ColorJitterGenerator(brightness, contrast, saturation, hue)
                            ^^^^^^^^^^^^^^^^^^^^^^^^^^^^^^^^^^^^^^^^^^^^^^^^^^^^^^^^^^^^^^
  File "/ghome/group06/miniconda3/envs/c3/lib/python3.12/site-packages/kornia/augmentation/random_generator/base.py", line 34, in __call__
    obj.__post_init__()
  File "/ghome/group06/miniconda3/envs/c3/lib/python3.12/site-packages/kornia/augmentation/random_generator/base.py", line 48, in __post_init__
    self.set_rng_device_and_dtype()
  File "/ghome/group06/miniconda3/envs/c3/lib/python3.12/site-packages/kornia/augmentation/random_generator/base.py", line 64, in set_rng_device_and_dtype
    self.make_samplers(device, dtype)
  File "/ghome/group06/miniconda3/envs/c3/lib/python3.12/site-packages/kornia/augmentation/random_generator/_2d/color_jitter.py", line 86, in make_samplers
    hue: Tensor = _range_bound(self.hue, "hue", bounds=(-0.5, 0.5), device=device, dtype=dtype)
                  ^^^^^^^^^^^^^^^^^^^^^^^^^^^^^^^^^^^^^^^^^^^^^^^^^^^^^^^^^^^^^^^^^^^^^^^^^^^^^
  File "/ghome/group06/miniconda3/envs/c3/lib/python3.12/site-packages/kornia/augmentation/utils/param_validation.py", line 53, in _range_bound
    raise ValueError(f"If {name} is a single number, it must be non negative. Got {factor}.")
ValueError: If hue is a single number, it must be non negative. Got -0.06193534657359123.
2026-01-10 20:23:23,932 - wandb.wandb_agent - INFO - Cleaning up finished run: iy7kie3n
wandb: Terminating and syncing runs. Press ctrl-c to kill.
