wandb: Starting wandb agent 🕵️
2026-01-10 19:22:51,917 - wandb.wandb_agent - INFO - Running runs: []
2026-01-10 19:22:52,241 - wandb.wandb_agent - INFO - Agent received command: run
2026-01-10 19:22:52,242 - wandb.wandb_agent - INFO - Agent starting run with config:
	affine: 0.7995530916252649
	blur: 0.8374183968681338
	brightness: 1.39629064641424
	contrast: 1.3041075465330043
	crop: 0.08277740354944296
	crop_scale: 0.23193751164931775
	flip: 0.42129839318337126
	gaussian_blur_kernel: 7
	gaussian_noise_std: 0.44317426217324096
	grey: 0.6487390420727048
	hue: -0.01870324561188738
	jiggle: 0.807590707531965
	rotate: 0.06471165403566537
	rotation: 4
	saturation: 1.2480584478310377
	scale: 0.9238422214206118
	shear: 27
	translate_x: 0.3496363757290232
	translate_y: 0.2804535401466664
2026-01-10 19:22:52,246 - wandb.wandb_agent - INFO - About to run command: /usr/bin/env python train_data.py --affine=0.7995530916252649 --blur=0.8374183968681338 --brightness=1.39629064641424 --contrast=1.3041075465330043 --crop=0.08277740354944296 --crop_scale=0.23193751164931775 --flip=0.42129839318337126 --gaussian_blur_kernel=7 --gaussian_noise_std=0.44317426217324096 --grey=0.6487390420727048 --hue=-0.01870324561188738 --jiggle=0.807590707531965 --rotate=0.06471165403566537 --rotation=4 --saturation=1.2480584478310377 --scale=0.9238422214206118 --shear=27 --translate_x=0.3496363757290232 --translate_y=0.2804535401466664
wandb: Currently logged in as: arnaumarcosalmansa (mcv-team-6) to https://api.wandb.ai. Use `wandb login --relogin` to force relogin
wandb: WARNING Ignoring project 'C3-Week3' when running a sweep.
wandb: WARNING Ignoring entity 'mcv-team-6' when running a sweep.
wandb: setting up run idqfdwim
2026-01-10 19:22:57,252 - wandb.wandb_agent - INFO - Running runs: ['idqfdwim']
wandb: Tracking run with wandb version 0.23.1
wandb: Run data is saved locally in /export/home/group06/workspace/project-team-6/Week3/wandb/run-20260110_192256-idqfdwim
wandb: Run `wandb offline` to turn off syncing.
wandb: Syncing run Sweep run
wandb: ⭐️ View project at https://wandb.ai/mcv-team-6/C3-Week3
wandb: 🧹 View sweep at https://wandb.ai/mcv-team-6/C3-Week3/sweeps/g5vb4edr
wandb: 🚀 View run at https://wandb.ai/mcv-team-6/C3-Week3/runs/idqfdwim
Traceback (most recent call last):
  File "/export/home/group06/workspace/project-team-6/Week3/train_data.py", line 61, in <module>
    ka.ColorJitter(brightness=cfg.brightness,
  File "/ghome/group06/miniconda3/envs/c3/lib/python3.12/site-packages/kornia/augmentation/_2d/intensity/color_jitter.py", line 105, in __init__
    self._param_generator = rg.ColorJitterGenerator(brightness, contrast, saturation, hue)
                            ^^^^^^^^^^^^^^^^^^^^^^^^^^^^^^^^^^^^^^^^^^^^^^^^^^^^^^^^^^^^^^
  File "/ghome/group06/miniconda3/envs/c3/lib/python3.12/site-packages/kornia/augmentation/random_generator/base.py", line 34, in __call__
    obj.__post_init__()
  File "/ghome/group06/miniconda3/envs/c3/lib/python3.12/site-packages/kornia/augmentation/random_generator/base.py", line 48, in __post_init__
    self.set_rng_device_and_dtype()
  File "/ghome/group06/miniconda3/envs/c3/lib/python3.12/site-packages/kornia/augmentation/random_generator/base.py", line 64, in set_rng_device_and_dtype
    self.make_samplers(device, dtype)
  File "/ghome/group06/miniconda3/envs/c3/lib/python3.12/site-packages/kornia/augmentation/random_generator/_2d/color_jitter.py", line 86, in make_samplers
    hue: Tensor = _range_bound(self.hue, "hue", bounds=(-0.5, 0.5), device=device, dtype=dtype)
                  ^^^^^^^^^^^^^^^^^^^^^^^^^^^^^^^^^^^^^^^^^^^^^^^^^^^^^^^^^^^^^^^^^^^^^^^^^^^^^
  File "/ghome/group06/miniconda3/envs/c3/lib/python3.12/site-packages/kornia/augmentation/utils/param_validation.py", line 53, in _range_bound
    raise ValueError(f"If {name} is a single number, it must be non negative. Got {factor}.")
ValueError: If hue is a single number, it must be non negative. Got -0.018703246489167213.
2026-01-10 19:23:02,404 - wandb.wandb_agent - INFO - Cleaning up finished run: idqfdwim
wandb: Terminating and syncing runs. Press ctrl-c to kill.
