Using GPU 0: NVIDIA GeForce RTX 3090
Epoch 1/500 - Train Loss: 2.0095, Train Accuracy: 0.2275, Test Loss: 2.0362, Test Accuracy: 0.1827
Epoch 2/500 - Train Loss: 1.7952, Train Accuracy: 0.3975, Test Loss: 1.7402, Test Accuracy: 0.5297
Epoch 3/500 - Train Loss: 1.6032, Train Accuracy: 0.5750, Test Loss: 1.5076, Test Accuracy: 0.6809
Epoch 4/500 - Train Loss: 1.4552, Train Accuracy: 0.6875, Test Loss: 1.3113, Test Accuracy: 0.7408
Epoch 5/500 - Train Loss: 1.2732, Train Accuracy: 0.7725, Test Loss: 1.1505, Test Accuracy: 0.7990
Epoch 6/500 - Train Loss: 1.1383, Train Accuracy: 0.8050, Test Loss: 1.0086, Test Accuracy: 0.8221
Epoch 7/500 - Train Loss: 0.9983, Train Accuracy: 0.8500, Test Loss: 0.8828, Test Accuracy: 0.8453
Epoch 8/500 - Train Loss: 0.9029, Train Accuracy: 0.8400, Test Loss: 0.7748, Test Accuracy: 0.8623
Epoch 9/500 - Train Loss: 0.8502, Train Accuracy: 0.8700, Test Loss: 0.6954, Test Accuracy: 0.8794
Epoch 10/500 - Train Loss: 0.7748, Train Accuracy: 0.8550, Test Loss: 0.6314, Test Accuracy: 0.8912
Epoch 11/500 - Train Loss: 0.6828, Train Accuracy: 0.8875, Test Loss: 0.5828, Test Accuracy: 0.8986
Epoch 12/500 - Train Loss: 0.6528, Train Accuracy: 0.8900, Test Loss: 0.5321, Test Accuracy: 0.9091
Epoch 13/500 - Train Loss: 0.5851, Train Accuracy: 0.9075, Test Loss: 0.5069, Test Accuracy: 0.9082
Epoch 14/500 - Train Loss: 0.5564, Train Accuracy: 0.8975, Test Loss: 0.4697, Test Accuracy: 0.9143
Epoch 15/500 - Train Loss: 0.5116, Train Accuracy: 0.9225, Test Loss: 0.4467, Test Accuracy: 0.9191
Epoch 16/500 - Train Loss: 0.5303, Train Accuracy: 0.9125, Test Loss: 0.4203, Test Accuracy: 0.9253
Epoch 17/500 - Train Loss: 0.4950, Train Accuracy: 0.9050, Test Loss: 0.4065, Test Accuracy: 0.9226
Epoch 18/500 - Train Loss: 0.4772, Train Accuracy: 0.9125, Test Loss: 0.3965, Test Accuracy: 0.9244
Epoch 19/500 - Train Loss: 0.4266, Train Accuracy: 0.9425, Test Loss: 0.3892, Test Accuracy: 0.9257
Epoch 20/500 - Train Loss: 0.4058, Train Accuracy: 0.9425, Test Loss: 0.3795, Test Accuracy: 0.9257
Epoch 21/500 - Train Loss: 0.3717, Train Accuracy: 0.9675, Test Loss: 0.3693, Test Accuracy: 0.9305
Epoch 22/500 - Train Loss: 0.3938, Train Accuracy: 0.9225, Test Loss: 0.3610, Test Accuracy: 0.9301
Epoch 23/500 - Train Loss: 0.3604, Train Accuracy: 0.9600, Test Loss: 0.3566, Test Accuracy: 0.9296
Epoch 24/500 - Train Loss: 0.3716, Train Accuracy: 0.9350, Test Loss: 0.3499, Test Accuracy: 0.9318
Epoch 25/500 - Train Loss: 0.3612, Train Accuracy: 0.9500, Test Loss: 0.3485, Test Accuracy: 0.9314
Epoch 26/500 - Train Loss: 0.3504, Train Accuracy: 0.9400, Test Loss: 0.3442, Test Accuracy: 0.9340
Epoch 27/500 - Train Loss: 0.3004, Train Accuracy: 0.9650, Test Loss: 0.3454, Test Accuracy: 0.9362
Epoch 28/500 - Train Loss: 0.3593, Train Accuracy: 0.9300, Test Loss: 0.3332, Test Accuracy: 0.9397
Epoch 29/500 - Train Loss: 0.3322, Train Accuracy: 0.9550, Test Loss: 0.3316, Test Accuracy: 0.9340
Epoch 30/500 - Train Loss: 0.2989, Train Accuracy: 0.9650, Test Loss: 0.3297, Test Accuracy: 0.9392
Epoch 31/500 - Train Loss: 0.3133, Train Accuracy: 0.9525, Test Loss: 0.3285, Test Accuracy: 0.9349
Epoch 32/500 - Train Loss: 0.2920, Train Accuracy: 0.9550, Test Loss: 0.3326, Test Accuracy: 0.9353
Epoch 33/500 - Train Loss: 0.2645, Train Accuracy: 0.9725, Test Loss: 0.3250, Test Accuracy: 0.9384
Epoch 34/500 - Train Loss: 0.2778, Train Accuracy: 0.9750, Test Loss: 0.3257, Test Accuracy: 0.9375
Epoch 35/500 - Train Loss: 0.2787, Train Accuracy: 0.9625, Test Loss: 0.3262, Test Accuracy: 0.9362
Epoch 36/500 - Train Loss: 0.2552, Train Accuracy: 0.9725, Test Loss: 0.3225, Test Accuracy: 0.9384
Epoch 37/500 - Train Loss: 0.2424, Train Accuracy: 0.9700, Test Loss: 0.3164, Test Accuracy: 0.9419
Epoch 38/500 - Train Loss: 0.2535, Train Accuracy: 0.9750, Test Loss: 0.3109, Test Accuracy: 0.9432
Epoch 39/500 - Train Loss: 0.2703, Train Accuracy: 0.9700, Test Loss: 0.3249, Test Accuracy: 0.9362
Epoch 40/500 - Train Loss: 0.2287, Train Accuracy: 0.9800, Test Loss: 0.3156, Test Accuracy: 0.9392
Epoch 41/500 - Train Loss: 0.2903, Train Accuracy: 0.9500, Test Loss: 0.3157, Test Accuracy: 0.9384
Epoch 42/500 - Train Loss: 0.2578, Train Accuracy: 0.9600, Test Loss: 0.3200, Test Accuracy: 0.9362
Epoch 43/500 - Train Loss: 0.2374, Train Accuracy: 0.9700, Test Loss: 0.3139, Test Accuracy: 0.9392
Epoch 44/500 - Train Loss: 0.2448, Train Accuracy: 0.9625, Test Loss: 0.3134, Test Accuracy: 0.9406
Epoch 45/500 - Train Loss: 0.2230, Train Accuracy: 0.9725, Test Loss: 0.3138, Test Accuracy: 0.9410
Epoch 46/500 - Train Loss: 0.2350, Train Accuracy: 0.9750, Test Loss: 0.3163, Test Accuracy: 0.9414
Epoch 47/500 - Train Loss: 0.2601, Train Accuracy: 0.9700, Test Loss: 0.3127, Test Accuracy: 0.9414
Epoch 48/500 - Train Loss: 0.2171, Train Accuracy: 0.9725, Test Loss: 0.3094, Test Accuracy: 0.9445
Epoch 49/500 - Train Loss: 0.2173, Train Accuracy: 0.9850, Test Loss: 0.3113, Test Accuracy: 0.9436
Epoch 50/500 - Train Loss: 0.2293, Train Accuracy: 0.9800, Test Loss: 0.3211, Test Accuracy: 0.9384
Epoch 51/500 - Train Loss: 0.2594, Train Accuracy: 0.9675, Test Loss: 0.3168, Test Accuracy: 0.9344
Epoch 52/500 - Train Loss: 0.2329, Train Accuracy: 0.9750, Test Loss: 0.3128, Test Accuracy: 0.9397
Epoch 53/500 - Train Loss: 0.1966, Train Accuracy: 0.9850, Test Loss: 0.3106, Test Accuracy: 0.9414
Epoch 54/500 - Train Loss: 0.2316, Train Accuracy: 0.9775, Test Loss: 0.3121, Test Accuracy: 0.9397
Epoch 55/500 - Train Loss: 0.2158, Train Accuracy: 0.9775, Test Loss: 0.3133, Test Accuracy: 0.9384
Epoch 56/500 - Train Loss: 0.2100, Train Accuracy: 0.9725, Test Loss: 0.3158, Test Accuracy: 0.9371
Epoch 57/500 - Train Loss: 0.2607, Train Accuracy: 0.9550, Test Loss: 0.3130, Test Accuracy: 0.9414
Epoch 58/500 - Train Loss: 0.1916, Train Accuracy: 0.9975, Test Loss: 0.3169, Test Accuracy: 0.9392
Epoch 59/500 - Train Loss: 0.2168, Train Accuracy: 0.9875, Test Loss: 0.3156, Test Accuracy: 0.9432
Epoch 60/500 - Train Loss: 0.2063, Train Accuracy: 0.9775, Test Loss: 0.3175, Test Accuracy: 0.9392
Epoch 61/500 - Train Loss: 0.1965, Train Accuracy: 0.9900, Test Loss: 0.3114, Test Accuracy: 0.9410
Epoch 62/500 - Train Loss: 0.1952, Train Accuracy: 0.9925, Test Loss: 0.3102, Test Accuracy: 0.9436
Epoch 63/500 - Train Loss: 0.1914, Train Accuracy: 0.9900, Test Loss: 0.3116, Test Accuracy: 0.9432

Early stopping triggered at epoch 63
Best test loss: 0.3094
Best test accuracy: 0.9445
Plot saved as trained_models/Sweep_data run/metrics/loss.png
Plot saved as trained_models/Sweep_data run/metrics/metrics.png
