Using GPU 0: NVIDIA GeForce RTX 3090
Epoch 1/500 - Train Loss: 2.1069, Train Accuracy: 0.1600, Test Loss: 2.0550, Test Accuracy: 0.1888
Epoch 2/500 - Train Loss: 1.9296, Train Accuracy: 0.2950, Test Loss: 1.9165, Test Accuracy: 0.3326
Epoch 3/500 - Train Loss: 1.7262, Train Accuracy: 0.4975, Test Loss: 1.7411, Test Accuracy: 0.4873
Epoch 4/500 - Train Loss: 1.5509, Train Accuracy: 0.6000, Test Loss: 1.5460, Test Accuracy: 0.6101
Epoch 5/500 - Train Loss: 1.4035, Train Accuracy: 0.6950, Test Loss: 1.3688, Test Accuracy: 0.6871
Epoch 6/500 - Train Loss: 1.2536, Train Accuracy: 0.7225, Test Loss: 1.2130, Test Accuracy: 0.7509
Epoch 7/500 - Train Loss: 1.1149, Train Accuracy: 0.7975, Test Loss: 1.0720, Test Accuracy: 0.7924
Epoch 8/500 - Train Loss: 1.0011, Train Accuracy: 0.7850, Test Loss: 0.9547, Test Accuracy: 0.8291
Epoch 9/500 - Train Loss: 0.9126, Train Accuracy: 0.8350, Test Loss: 0.8651, Test Accuracy: 0.8601
Epoch 10/500 - Train Loss: 0.8219, Train Accuracy: 0.8700, Test Loss: 0.7856, Test Accuracy: 0.8680
Epoch 11/500 - Train Loss: 0.7504, Train Accuracy: 0.8525, Test Loss: 0.7290, Test Accuracy: 0.8772
Epoch 12/500 - Train Loss: 0.7141, Train Accuracy: 0.8675, Test Loss: 0.6458, Test Accuracy: 0.8916
Epoch 13/500 - Train Loss: 0.6871, Train Accuracy: 0.8650, Test Loss: 0.5919, Test Accuracy: 0.9008
Epoch 14/500 - Train Loss: 0.6205, Train Accuracy: 0.8950, Test Loss: 0.5405, Test Accuracy: 0.9056
Epoch 15/500 - Train Loss: 0.5736, Train Accuracy: 0.9075, Test Loss: 0.5075, Test Accuracy: 0.9161
Epoch 16/500 - Train Loss: 0.5322, Train Accuracy: 0.9150, Test Loss: 0.4800, Test Accuracy: 0.9205
Epoch 17/500 - Train Loss: 0.4935, Train Accuracy: 0.9200, Test Loss: 0.4674, Test Accuracy: 0.9209
Epoch 18/500 - Train Loss: 0.4941, Train Accuracy: 0.9125, Test Loss: 0.4380, Test Accuracy: 0.9213
Epoch 19/500 - Train Loss: 0.4419, Train Accuracy: 0.9400, Test Loss: 0.4182, Test Accuracy: 0.9266
Epoch 20/500 - Train Loss: 0.4359, Train Accuracy: 0.9350, Test Loss: 0.4068, Test Accuracy: 0.9253
Epoch 21/500 - Train Loss: 0.4329, Train Accuracy: 0.9200, Test Loss: 0.4074, Test Accuracy: 0.9209
Epoch 22/500 - Train Loss: 0.3931, Train Accuracy: 0.9450, Test Loss: 0.4068, Test Accuracy: 0.9152
Epoch 23/500 - Train Loss: 0.3760, Train Accuracy: 0.9500, Test Loss: 0.4124, Test Accuracy: 0.9152
Epoch 24/500 - Train Loss: 0.3763, Train Accuracy: 0.9500, Test Loss: 0.4027, Test Accuracy: 0.9170
Epoch 25/500 - Train Loss: 0.3535, Train Accuracy: 0.9400, Test Loss: 0.4004, Test Accuracy: 0.9170
Epoch 26/500 - Train Loss: 0.3569, Train Accuracy: 0.9375, Test Loss: 0.4081, Test Accuracy: 0.9100
Epoch 27/500 - Train Loss: 0.3483, Train Accuracy: 0.9350, Test Loss: 0.3930, Test Accuracy: 0.9165
Epoch 28/500 - Train Loss: 0.3166, Train Accuracy: 0.9525, Test Loss: 0.3766, Test Accuracy: 0.9226
Epoch 29/500 - Train Loss: 0.3209, Train Accuracy: 0.9650, Test Loss: 0.3737, Test Accuracy: 0.9240
Epoch 30/500 - Train Loss: 0.2986, Train Accuracy: 0.9625, Test Loss: 0.3558, Test Accuracy: 0.9301
Epoch 31/500 - Train Loss: 0.2762, Train Accuracy: 0.9700, Test Loss: 0.3669, Test Accuracy: 0.9248
Epoch 32/500 - Train Loss: 0.2803, Train Accuracy: 0.9700, Test Loss: 0.3728, Test Accuracy: 0.9213
Epoch 33/500 - Train Loss: 0.2888, Train Accuracy: 0.9650, Test Loss: 0.3772, Test Accuracy: 0.9209
Epoch 34/500 - Train Loss: 0.3207, Train Accuracy: 0.9375, Test Loss: 0.3567, Test Accuracy: 0.9283
Epoch 35/500 - Train Loss: 0.2967, Train Accuracy: 0.9600, Test Loss: 0.3556, Test Accuracy: 0.9288
Epoch 36/500 - Train Loss: 0.2688, Train Accuracy: 0.9675, Test Loss: 0.3829, Test Accuracy: 0.9156
Epoch 37/500 - Train Loss: 0.2837, Train Accuracy: 0.9625, Test Loss: 0.3735, Test Accuracy: 0.9178
Epoch 38/500 - Train Loss: 0.2518, Train Accuracy: 0.9650, Test Loss: 0.3632, Test Accuracy: 0.9244
Epoch 39/500 - Train Loss: 0.2544, Train Accuracy: 0.9700, Test Loss: 0.3810, Test Accuracy: 0.9091
Epoch 40/500 - Train Loss: 0.2553, Train Accuracy: 0.9750, Test Loss: 0.3667, Test Accuracy: 0.9200
Epoch 41/500 - Train Loss: 0.2394, Train Accuracy: 0.9725, Test Loss: 0.3813, Test Accuracy: 0.9135
Epoch 42/500 - Train Loss: 0.2491, Train Accuracy: 0.9675, Test Loss: 0.3382, Test Accuracy: 0.9331
Epoch 43/500 - Train Loss: 0.2366, Train Accuracy: 0.9750, Test Loss: 0.3423, Test Accuracy: 0.9349
Epoch 44/500 - Train Loss: 0.2401, Train Accuracy: 0.9825, Test Loss: 0.3455, Test Accuracy: 0.9336
Epoch 45/500 - Train Loss: 0.2293, Train Accuracy: 0.9825, Test Loss: 0.3181, Test Accuracy: 0.9441
Epoch 46/500 - Train Loss: 0.2580, Train Accuracy: 0.9625, Test Loss: 0.3339, Test Accuracy: 0.9336
Epoch 47/500 - Train Loss: 0.2228, Train Accuracy: 0.9725, Test Loss: 0.3388, Test Accuracy: 0.9314
Epoch 48/500 - Train Loss: 0.2409, Train Accuracy: 0.9700, Test Loss: 0.3435, Test Accuracy: 0.9283
Epoch 49/500 - Train Loss: 0.2330, Train Accuracy: 0.9775, Test Loss: 0.3440, Test Accuracy: 0.9292
Epoch 50/500 - Train Loss: 0.2099, Train Accuracy: 0.9850, Test Loss: 0.3391, Test Accuracy: 0.9305
Epoch 51/500 - Train Loss: 0.2067, Train Accuracy: 0.9800, Test Loss: 0.3183, Test Accuracy: 0.9397
Epoch 52/500 - Train Loss: 0.2318, Train Accuracy: 0.9775, Test Loss: 0.3261, Test Accuracy: 0.9388
Epoch 53/500 - Train Loss: 0.1893, Train Accuracy: 0.9975, Test Loss: 0.3160, Test Accuracy: 0.9414
Epoch 54/500 - Train Loss: 0.2372, Train Accuracy: 0.9650, Test Loss: 0.3291, Test Accuracy: 0.9366
Epoch 55/500 - Train Loss: 0.2276, Train Accuracy: 0.9800, Test Loss: 0.3414, Test Accuracy: 0.9318
Epoch 56/500 - Train Loss: 0.2059, Train Accuracy: 0.9900, Test Loss: 0.3395, Test Accuracy: 0.9318
Epoch 57/500 - Train Loss: 0.2216, Train Accuracy: 0.9775, Test Loss: 0.3441, Test Accuracy: 0.9279
Epoch 58/500 - Train Loss: 0.2025, Train Accuracy: 0.9825, Test Loss: 0.3547, Test Accuracy: 0.9231
Epoch 59/500 - Train Loss: 0.2202, Train Accuracy: 0.9700, Test Loss: 0.3356, Test Accuracy: 0.9327
Epoch 60/500 - Train Loss: 0.1868, Train Accuracy: 0.9925, Test Loss: 0.3316, Test Accuracy: 0.9327
Epoch 61/500 - Train Loss: 0.1969, Train Accuracy: 0.9875, Test Loss: 0.3234, Test Accuracy: 0.9362
Epoch 62/500 - Train Loss: 0.2169, Train Accuracy: 0.9825, Test Loss: 0.3232, Test Accuracy: 0.9392
Epoch 63/500 - Train Loss: 0.1962, Train Accuracy: 0.9850, Test Loss: 0.3254, Test Accuracy: 0.9362
Epoch 64/500 - Train Loss: 0.1877, Train Accuracy: 0.9900, Test Loss: 0.3320, Test Accuracy: 0.9314
Epoch 65/500 - Train Loss: 0.1979, Train Accuracy: 0.9825, Test Loss: 0.3457, Test Accuracy: 0.9248
Epoch 66/500 - Train Loss: 0.1895, Train Accuracy: 0.9825, Test Loss: 0.3359, Test Accuracy: 0.9309
Epoch 67/500 - Train Loss: 0.2139, Train Accuracy: 0.9825, Test Loss: 0.3416, Test Accuracy: 0.9283
Epoch 68/500 - Train Loss: 0.1973, Train Accuracy: 0.9875, Test Loss: 0.3415, Test Accuracy: 0.9270

Early stopping triggered at epoch 68
Best test loss: 0.3160
Best test accuracy: 0.9441
Plot saved as trained_models/Sweep_data run/metrics/loss.png
Plot saved as trained_models/Sweep_data run/metrics/metrics.png
