Using GPU 0: NVIDIA GeForce RTX 3090
Epoch 1/500 - Train Loss: 2.0173, Train Accuracy: 0.1750, Test Loss: 2.0372, Test Accuracy: 0.1906
Epoch 2/500 - Train Loss: 1.8194, Train Accuracy: 0.3850, Test Loss: 1.7661, Test Accuracy: 0.4148
Epoch 3/500 - Train Loss: 1.5931, Train Accuracy: 0.5800, Test Loss: 1.5533, Test Accuracy: 0.6224
Epoch 4/500 - Train Loss: 1.4159, Train Accuracy: 0.6850, Test Loss: 1.3377, Test Accuracy: 0.7185
Epoch 5/500 - Train Loss: 1.2265, Train Accuracy: 0.7750, Test Loss: 1.1777, Test Accuracy: 0.7823
Epoch 6/500 - Train Loss: 1.0913, Train Accuracy: 0.7900, Test Loss: 1.0314, Test Accuracy: 0.8169
Epoch 7/500 - Train Loss: 0.9712, Train Accuracy: 0.8150, Test Loss: 0.8986, Test Accuracy: 0.8531
Epoch 8/500 - Train Loss: 0.8676, Train Accuracy: 0.8500, Test Loss: 0.7994, Test Accuracy: 0.8680
Epoch 9/500 - Train Loss: 0.7982, Train Accuracy: 0.8825, Test Loss: 0.7153, Test Accuracy: 0.8842
Epoch 10/500 - Train Loss: 0.7340, Train Accuracy: 0.8625, Test Loss: 0.6590, Test Accuracy: 0.8947
Epoch 11/500 - Train Loss: 0.6543, Train Accuracy: 0.8950, Test Loss: 0.5955, Test Accuracy: 0.9047
Epoch 12/500 - Train Loss: 0.6359, Train Accuracy: 0.8775, Test Loss: 0.5598, Test Accuracy: 0.9073
Epoch 13/500 - Train Loss: 0.5896, Train Accuracy: 0.8875, Test Loss: 0.5223, Test Accuracy: 0.9082
Epoch 14/500 - Train Loss: 0.4957, Train Accuracy: 0.9225, Test Loss: 0.4741, Test Accuracy: 0.9253
Epoch 15/500 - Train Loss: 0.4978, Train Accuracy: 0.9175, Test Loss: 0.4467, Test Accuracy: 0.9274
Epoch 16/500 - Train Loss: 0.4916, Train Accuracy: 0.9225, Test Loss: 0.4302, Test Accuracy: 0.9274
Epoch 17/500 - Train Loss: 0.4853, Train Accuracy: 0.9100, Test Loss: 0.4017, Test Accuracy: 0.9371
Epoch 18/500 - Train Loss: 0.4098, Train Accuracy: 0.9450, Test Loss: 0.3913, Test Accuracy: 0.9340
Epoch 19/500 - Train Loss: 0.4209, Train Accuracy: 0.9325, Test Loss: 0.3987, Test Accuracy: 0.9288
Epoch 20/500 - Train Loss: 0.3738, Train Accuracy: 0.9475, Test Loss: 0.3790, Test Accuracy: 0.9340
Epoch 21/500 - Train Loss: 0.3597, Train Accuracy: 0.9525, Test Loss: 0.3638, Test Accuracy: 0.9375
Epoch 22/500 - Train Loss: 0.3663, Train Accuracy: 0.9400, Test Loss: 0.3472, Test Accuracy: 0.9401
Epoch 23/500 - Train Loss: 0.3629, Train Accuracy: 0.9425, Test Loss: 0.3382, Test Accuracy: 0.9423
Epoch 24/500 - Train Loss: 0.3496, Train Accuracy: 0.9475, Test Loss: 0.3311, Test Accuracy: 0.9419
Epoch 25/500 - Train Loss: 0.3271, Train Accuracy: 0.9525, Test Loss: 0.3341, Test Accuracy: 0.9371
Epoch 26/500 - Train Loss: 0.3264, Train Accuracy: 0.9550, Test Loss: 0.3381, Test Accuracy: 0.9366
Epoch 27/500 - Train Loss: 0.2989, Train Accuracy: 0.9675, Test Loss: 0.3197, Test Accuracy: 0.9476
Epoch 28/500 - Train Loss: 0.2895, Train Accuracy: 0.9725, Test Loss: 0.3187, Test Accuracy: 0.9445
Epoch 29/500 - Train Loss: 0.2976, Train Accuracy: 0.9675, Test Loss: 0.3290, Test Accuracy: 0.9384
Epoch 30/500 - Train Loss: 0.3275, Train Accuracy: 0.9350, Test Loss: 0.3264, Test Accuracy: 0.9375
Epoch 31/500 - Train Loss: 0.3151, Train Accuracy: 0.9500, Test Loss: 0.3325, Test Accuracy: 0.9340
Epoch 32/500 - Train Loss: 0.3082, Train Accuracy: 0.9525, Test Loss: 0.3198, Test Accuracy: 0.9392
Epoch 33/500 - Train Loss: 0.2775, Train Accuracy: 0.9700, Test Loss: 0.3193, Test Accuracy: 0.9388
Epoch 34/500 - Train Loss: 0.2819, Train Accuracy: 0.9650, Test Loss: 0.3110, Test Accuracy: 0.9432
Epoch 35/500 - Train Loss: 0.2701, Train Accuracy: 0.9600, Test Loss: 0.3186, Test Accuracy: 0.9388
Epoch 36/500 - Train Loss: 0.2633, Train Accuracy: 0.9775, Test Loss: 0.3140, Test Accuracy: 0.9384
Epoch 37/500 - Train Loss: 0.2477, Train Accuracy: 0.9775, Test Loss: 0.3103, Test Accuracy: 0.9375
Epoch 38/500 - Train Loss: 0.2569, Train Accuracy: 0.9625, Test Loss: 0.3098, Test Accuracy: 0.9388
Epoch 39/500 - Train Loss: 0.2551, Train Accuracy: 0.9650, Test Loss: 0.3016, Test Accuracy: 0.9441
Epoch 40/500 - Train Loss: 0.2191, Train Accuracy: 0.9850, Test Loss: 0.3093, Test Accuracy: 0.9410
Epoch 41/500 - Train Loss: 0.2336, Train Accuracy: 0.9800, Test Loss: 0.3159, Test Accuracy: 0.9388
Epoch 42/500 - Train Loss: 0.2409, Train Accuracy: 0.9800, Test Loss: 0.2946, Test Accuracy: 0.9432
Epoch 43/500 - Train Loss: 0.2194, Train Accuracy: 0.9850, Test Loss: 0.3049, Test Accuracy: 0.9410
Epoch 44/500 - Train Loss: 0.2332, Train Accuracy: 0.9800, Test Loss: 0.3111, Test Accuracy: 0.9371
Epoch 45/500 - Train Loss: 0.2337, Train Accuracy: 0.9725, Test Loss: 0.2980, Test Accuracy: 0.9445
Epoch 46/500 - Train Loss: 0.2521, Train Accuracy: 0.9625, Test Loss: 0.3081, Test Accuracy: 0.9410
Epoch 47/500 - Train Loss: 0.2175, Train Accuracy: 0.9800, Test Loss: 0.2985, Test Accuracy: 0.9414
Epoch 48/500 - Train Loss: 0.2294, Train Accuracy: 0.9825, Test Loss: 0.3061, Test Accuracy: 0.9384
Epoch 49/500 - Train Loss: 0.2096, Train Accuracy: 0.9875, Test Loss: 0.3039, Test Accuracy: 0.9401
Epoch 50/500 - Train Loss: 0.2275, Train Accuracy: 0.9850, Test Loss: 0.3003, Test Accuracy: 0.9423
Epoch 51/500 - Train Loss: 0.2003, Train Accuracy: 0.9875, Test Loss: 0.3007, Test Accuracy: 0.9423
Epoch 52/500 - Train Loss: 0.2424, Train Accuracy: 0.9650, Test Loss: 0.3000, Test Accuracy: 0.9410
Epoch 53/500 - Train Loss: 0.2055, Train Accuracy: 0.9725, Test Loss: 0.3050, Test Accuracy: 0.9384
Epoch 54/500 - Train Loss: 0.2092, Train Accuracy: 0.9800, Test Loss: 0.3005, Test Accuracy: 0.9427
Epoch 55/500 - Train Loss: 0.2074, Train Accuracy: 0.9850, Test Loss: 0.3000, Test Accuracy: 0.9388
Epoch 56/500 - Train Loss: 0.2190, Train Accuracy: 0.9750, Test Loss: 0.3126, Test Accuracy: 0.9314
Epoch 57/500 - Train Loss: 0.2204, Train Accuracy: 0.9800, Test Loss: 0.3199, Test Accuracy: 0.9323

Early stopping triggered at epoch 57
Best test loss: 0.2946
Best test accuracy: 0.9476
Plot saved as trained_models/Sweep_data run/metrics/loss.png
Plot saved as trained_models/Sweep_data run/metrics/metrics.png
