Using GPU 0: NVIDIA GeForce RTX 3090
Epoch 1/500 - Train Loss: 2.0291, Train Accuracy: 0.1875, Test Loss: 2.0171, Test Accuracy: 0.2260
Epoch 2/500 - Train Loss: 1.8304, Train Accuracy: 0.4100, Test Loss: 1.8075, Test Accuracy: 0.4681
Epoch 3/500 - Train Loss: 1.6582, Train Accuracy: 0.5375, Test Loss: 1.5742, Test Accuracy: 0.6171
Epoch 4/500 - Train Loss: 1.5067, Train Accuracy: 0.6375, Test Loss: 1.3907, Test Accuracy: 0.6910
Epoch 5/500 - Train Loss: 1.3300, Train Accuracy: 0.7025, Test Loss: 1.2215, Test Accuracy: 0.7443
Epoch 6/500 - Train Loss: 1.2307, Train Accuracy: 0.7500, Test Loss: 1.0949, Test Accuracy: 0.7749
Epoch 7/500 - Train Loss: 1.1281, Train Accuracy: 0.7600, Test Loss: 0.9621, Test Accuracy: 0.8024
Epoch 8/500 - Train Loss: 1.0007, Train Accuracy: 0.8200, Test Loss: 0.8789, Test Accuracy: 0.8173
Epoch 9/500 - Train Loss: 0.9109, Train Accuracy: 0.8175, Test Loss: 0.7843, Test Accuracy: 0.8623
Epoch 10/500 - Train Loss: 0.8909, Train Accuracy: 0.8100, Test Loss: 0.7106, Test Accuracy: 0.8859
Epoch 11/500 - Train Loss: 0.7943, Train Accuracy: 0.8425, Test Loss: 0.6460, Test Accuracy: 0.8999
Epoch 12/500 - Train Loss: 0.7648, Train Accuracy: 0.8500, Test Loss: 0.5933, Test Accuracy: 0.9108
Epoch 13/500 - Train Loss: 0.6847, Train Accuracy: 0.8500, Test Loss: 0.5580, Test Accuracy: 0.9183
Epoch 14/500 - Train Loss: 0.6804, Train Accuracy: 0.8675, Test Loss: 0.4996, Test Accuracy: 0.9309
Epoch 15/500 - Train Loss: 0.6031, Train Accuracy: 0.8775, Test Loss: 0.4806, Test Accuracy: 0.9305
Epoch 16/500 - Train Loss: 0.5699, Train Accuracy: 0.8875, Test Loss: 0.4602, Test Accuracy: 0.9296
Epoch 17/500 - Train Loss: 0.5786, Train Accuracy: 0.8850, Test Loss: 0.4289, Test Accuracy: 0.9344
Epoch 18/500 - Train Loss: 0.5029, Train Accuracy: 0.9225, Test Loss: 0.4218, Test Accuracy: 0.9314
Epoch 19/500 - Train Loss: 0.5009, Train Accuracy: 0.8925, Test Loss: 0.3943, Test Accuracy: 0.9384
Epoch 20/500 - Train Loss: 0.4856, Train Accuracy: 0.9225, Test Loss: 0.3799, Test Accuracy: 0.9419
Epoch 21/500 - Train Loss: 0.4810, Train Accuracy: 0.8950, Test Loss: 0.3654, Test Accuracy: 0.9432
Epoch 22/500 - Train Loss: 0.4292, Train Accuracy: 0.9275, Test Loss: 0.3612, Test Accuracy: 0.9406
Epoch 23/500 - Train Loss: 0.3951, Train Accuracy: 0.9400, Test Loss: 0.3450, Test Accuracy: 0.9454
Epoch 24/500 - Train Loss: 0.3953, Train Accuracy: 0.9350, Test Loss: 0.3417, Test Accuracy: 0.9414
Epoch 25/500 - Train Loss: 0.3953, Train Accuracy: 0.9200, Test Loss: 0.3396, Test Accuracy: 0.9423
Epoch 26/500 - Train Loss: 0.4149, Train Accuracy: 0.9150, Test Loss: 0.3441, Test Accuracy: 0.9379
Epoch 27/500 - Train Loss: 0.3819, Train Accuracy: 0.9300, Test Loss: 0.3396, Test Accuracy: 0.9358
Epoch 28/500 - Train Loss: 0.3634, Train Accuracy: 0.9300, Test Loss: 0.3274, Test Accuracy: 0.9406
Epoch 29/500 - Train Loss: 0.3839, Train Accuracy: 0.9350, Test Loss: 0.3384, Test Accuracy: 0.9358
Epoch 30/500 - Train Loss: 0.3747, Train Accuracy: 0.9425, Test Loss: 0.3280, Test Accuracy: 0.9397
Epoch 31/500 - Train Loss: 0.3380, Train Accuracy: 0.9450, Test Loss: 0.3142, Test Accuracy: 0.9458
Epoch 32/500 - Train Loss: 0.3348, Train Accuracy: 0.9425, Test Loss: 0.3138, Test Accuracy: 0.9480
Epoch 33/500 - Train Loss: 0.3310, Train Accuracy: 0.9500, Test Loss: 0.3156, Test Accuracy: 0.9419
Epoch 34/500 - Train Loss: 0.3328, Train Accuracy: 0.9475, Test Loss: 0.3094, Test Accuracy: 0.9436
Epoch 35/500 - Train Loss: 0.3145, Train Accuracy: 0.9650, Test Loss: 0.3093, Test Accuracy: 0.9462
Epoch 36/500 - Train Loss: 0.2894, Train Accuracy: 0.9575, Test Loss: 0.3132, Test Accuracy: 0.9427
Epoch 37/500 - Train Loss: 0.3093, Train Accuracy: 0.9625, Test Loss: 0.3032, Test Accuracy: 0.9489
Epoch 38/500 - Train Loss: 0.3119, Train Accuracy: 0.9475, Test Loss: 0.3102, Test Accuracy: 0.9419
Epoch 39/500 - Train Loss: 0.2804, Train Accuracy: 0.9650, Test Loss: 0.3077, Test Accuracy: 0.9462
Epoch 40/500 - Train Loss: 0.2595, Train Accuracy: 0.9700, Test Loss: 0.3041, Test Accuracy: 0.9462
Epoch 41/500 - Train Loss: 0.2958, Train Accuracy: 0.9600, Test Loss: 0.3123, Test Accuracy: 0.9410
Epoch 42/500 - Train Loss: 0.3211, Train Accuracy: 0.9250, Test Loss: 0.3047, Test Accuracy: 0.9427
Epoch 43/500 - Train Loss: 0.3063, Train Accuracy: 0.9650, Test Loss: 0.3108, Test Accuracy: 0.9397
Epoch 44/500 - Train Loss: 0.2582, Train Accuracy: 0.9775, Test Loss: 0.3021, Test Accuracy: 0.9441
Epoch 45/500 - Train Loss: 0.2835, Train Accuracy: 0.9550, Test Loss: 0.3005, Test Accuracy: 0.9462
Epoch 46/500 - Train Loss: 0.2894, Train Accuracy: 0.9550, Test Loss: 0.2947, Test Accuracy: 0.9493
Epoch 47/500 - Train Loss: 0.2592, Train Accuracy: 0.9675, Test Loss: 0.3058, Test Accuracy: 0.9414
Epoch 48/500 - Train Loss: 0.3001, Train Accuracy: 0.9625, Test Loss: 0.3031, Test Accuracy: 0.9427
Epoch 49/500 - Train Loss: 0.2630, Train Accuracy: 0.9750, Test Loss: 0.3056, Test Accuracy: 0.9432
Epoch 50/500 - Train Loss: 0.2664, Train Accuracy: 0.9725, Test Loss: 0.3042, Test Accuracy: 0.9419
Epoch 51/500 - Train Loss: 0.2795, Train Accuracy: 0.9475, Test Loss: 0.3035, Test Accuracy: 0.9441
Epoch 52/500 - Train Loss: 0.2924, Train Accuracy: 0.9450, Test Loss: 0.3026, Test Accuracy: 0.9445
Epoch 53/500 - Train Loss: 0.2604, Train Accuracy: 0.9575, Test Loss: 0.3059, Test Accuracy: 0.9423
Epoch 54/500 - Train Loss: 0.2389, Train Accuracy: 0.9750, Test Loss: 0.3063, Test Accuracy: 0.9414
Epoch 55/500 - Train Loss: 0.2772, Train Accuracy: 0.9550, Test Loss: 0.3070, Test Accuracy: 0.9414
Epoch 56/500 - Train Loss: 0.2467, Train Accuracy: 0.9700, Test Loss: 0.3013, Test Accuracy: 0.9449
Epoch 57/500 - Train Loss: 0.2797, Train Accuracy: 0.9500, Test Loss: 0.2995, Test Accuracy: 0.9427
Epoch 58/500 - Train Loss: 0.2532, Train Accuracy: 0.9675, Test Loss: 0.3043, Test Accuracy: 0.9427
Epoch 59/500 - Train Loss: 0.2488, Train Accuracy: 0.9675, Test Loss: 0.3002, Test Accuracy: 0.9445
Epoch 60/500 - Train Loss: 0.2699, Train Accuracy: 0.9700, Test Loss: 0.3002, Test Accuracy: 0.9449
Epoch 61/500 - Train Loss: 0.2085, Train Accuracy: 0.9825, Test Loss: 0.3028, Test Accuracy: 0.9419

Early stopping triggered at epoch 61
Best test loss: 0.2947
Best test accuracy: 0.9493
Plot saved as trained_models/Sweep_data run/metrics/loss.png
Plot saved as trained_models/Sweep_data run/metrics/metrics.png
