wandb: Starting wandb agent 🕵️
2026-01-10 19:18:49,443 - wandb.wandb_agent - INFO - Running runs: []
2026-01-10 19:18:49,748 - wandb.wandb_agent - INFO - Agent received command: run
2026-01-10 19:18:49,748 - wandb.wandb_agent - INFO - Agent starting run with config:
	affine: 0.971957249722262
	blur: 0.5221419689041056
	brightness: 1.1589592510458528
	contrast: 1.060461474515432
	crop: 0.04456340305360029
	crop_scale: 0.4670156839647492
	flip: 0.04947068428691548
	gaussian_blur_kernel: 5
	gaussian_noise_std: 2.257909357071956
	grey: 0.13618263584270962
	hue: -0.07621519741609012
	jiggle: 0.4422672160890184
	rotate: 0.8093622998950427
	rotation: 35
	saturation: 0.978983570835213
	scale: 0.9718802382289512
	shear: 21
	translate_x: 0.2748424464986117
	translate_y: 0.030770411308550516
2026-01-10 19:18:49,752 - wandb.wandb_agent - INFO - About to run command: /usr/bin/env python train_data.py --affine=0.971957249722262 --blur=0.5221419689041056 --brightness=1.1589592510458528 --contrast=1.060461474515432 --crop=0.04456340305360029 --crop_scale=0.4670156839647492 --flip=0.04947068428691548 --gaussian_blur_kernel=5 --gaussian_noise_std=2.257909357071956 --grey=0.13618263584270962 --hue=-0.07621519741609012 --jiggle=0.4422672160890184 --rotate=0.8093622998950427 --rotation=35 --saturation=0.978983570835213 --scale=0.9718802382289512 --shear=21 --translate_x=0.2748424464986117 --translate_y=0.030770411308550516
wandb: Currently logged in as: arnaumarcosalmansa (mcv-team-6) to https://api.wandb.ai. Use `wandb login --relogin` to force relogin
wandb: WARNING Ignoring project 'C3-Week3' when running a sweep.
wandb: WARNING Ignoring entity 'mcv-team-6' when running a sweep.
2026-01-10 19:18:54,758 - wandb.wandb_agent - INFO - Running runs: ['22yk9ysv']
wandb: setting up run 22yk9ysv
wandb: Tracking run with wandb version 0.23.1
wandb: Run data is saved locally in /export/home/group06/workspace/project-team-6/Week3/wandb/run-20260110_191854-22yk9ysv
wandb: Run `wandb offline` to turn off syncing.
wandb: Syncing run Sweep run
wandb: ⭐️ View project at https://wandb.ai/mcv-team-6/C3-Week3
wandb: 🧹 View sweep at https://wandb.ai/mcv-team-6/C3-Week3/sweeps/g5vb4edr
wandb: 🚀 View run at https://wandb.ai/mcv-team-6/C3-Week3/runs/22yk9ysv
Traceback (most recent call last):
  File "/export/home/group06/workspace/project-team-6/Week3/train_data.py", line 61, in <module>
    ka.ColorJitter(brightness=cfg.brightness,
  File "/ghome/group06/miniconda3/envs/c3/lib/python3.12/site-packages/kornia/augmentation/_2d/intensity/color_jitter.py", line 105, in __init__
    self._param_generator = rg.ColorJitterGenerator(brightness, contrast, saturation, hue)
                            ^^^^^^^^^^^^^^^^^^^^^^^^^^^^^^^^^^^^^^^^^^^^^^^^^^^^^^^^^^^^^^
  File "/ghome/group06/miniconda3/envs/c3/lib/python3.12/site-packages/kornia/augmentation/random_generator/base.py", line 34, in __call__
    obj.__post_init__()
  File "/ghome/group06/miniconda3/envs/c3/lib/python3.12/site-packages/kornia/augmentation/random_generator/base.py", line 48, in __post_init__
    self.set_rng_device_and_dtype()
  File "/ghome/group06/miniconda3/envs/c3/lib/python3.12/site-packages/kornia/augmentation/random_generator/base.py", line 64, in set_rng_device_and_dtype
    self.make_samplers(device, dtype)
  File "/ghome/group06/miniconda3/envs/c3/lib/python3.12/site-packages/kornia/augmentation/random_generator/_2d/color_jitter.py", line 86, in make_samplers
    hue: Tensor = _range_bound(self.hue, "hue", bounds=(-0.5, 0.5), device=device, dtype=dtype)
                  ^^^^^^^^^^^^^^^^^^^^^^^^^^^^^^^^^^^^^^^^^^^^^^^^^^^^^^^^^^^^^^^^^^^^^^^^^^^^^
  File "/ghome/group06/miniconda3/envs/c3/lib/python3.12/site-packages/kornia/augmentation/utils/param_validation.py", line 53, in _range_bound
    raise ValueError(f"If {name} is a single number, it must be non negative. Got {factor}.")
ValueError: If hue is a single number, it must be non negative. Got -0.07621520012617111.
2026-01-10 19:18:59,907 - wandb.wandb_agent - INFO - Cleaning up finished run: 22yk9ysv
wandb: Terminating and syncing runs. Press ctrl-c to kill.
