Using GPU 0: NVIDIA GeForce RTX 3090
Epoch 1/500 - Train Loss: 2.0920, Train Accuracy: 0.1375, Test Loss: 2.0445, Test Accuracy: 0.1757
Epoch 2/500 - Train Loss: 1.8669, Train Accuracy: 0.2925, Test Loss: 1.8375, Test Accuracy: 0.2915
Epoch 3/500 - Train Loss: 1.7005, Train Accuracy: 0.4625, Test Loss: 1.6102, Test Accuracy: 0.5245
Epoch 4/500 - Train Loss: 1.5093, Train Accuracy: 0.6300, Test Loss: 1.4221, Test Accuracy: 0.6543
Epoch 5/500 - Train Loss: 1.3314, Train Accuracy: 0.7350, Test Loss: 1.2596, Test Accuracy: 0.7207
Epoch 6/500 - Train Loss: 1.2215, Train Accuracy: 0.7500, Test Loss: 1.1136, Test Accuracy: 0.7675
Epoch 7/500 - Train Loss: 1.1081, Train Accuracy: 0.8150, Test Loss: 0.9872, Test Accuracy: 0.8134
Epoch 8/500 - Train Loss: 0.9864, Train Accuracy: 0.8375, Test Loss: 0.8846, Test Accuracy: 0.8510
Epoch 9/500 - Train Loss: 0.8686, Train Accuracy: 0.8700, Test Loss: 0.7993, Test Accuracy: 0.8698
Epoch 10/500 - Train Loss: 0.7927, Train Accuracy: 0.8925, Test Loss: 0.7267, Test Accuracy: 0.8846
Epoch 11/500 - Train Loss: 0.7423, Train Accuracy: 0.8650, Test Loss: 0.6609, Test Accuracy: 0.8934
Epoch 12/500 - Train Loss: 0.7105, Train Accuracy: 0.8675, Test Loss: 0.6007, Test Accuracy: 0.9043
Epoch 13/500 - Train Loss: 0.6344, Train Accuracy: 0.8900, Test Loss: 0.5550, Test Accuracy: 0.9052
Epoch 14/500 - Train Loss: 0.6203, Train Accuracy: 0.8850, Test Loss: 0.5172, Test Accuracy: 0.9117
Epoch 15/500 - Train Loss: 0.5525, Train Accuracy: 0.9100, Test Loss: 0.4881, Test Accuracy: 0.9148
Epoch 16/500 - Train Loss: 0.5289, Train Accuracy: 0.9050, Test Loss: 0.4516, Test Accuracy: 0.9205
Epoch 17/500 - Train Loss: 0.4846, Train Accuracy: 0.9175, Test Loss: 0.4293, Test Accuracy: 0.9218
Epoch 18/500 - Train Loss: 0.4439, Train Accuracy: 0.9350, Test Loss: 0.4142, Test Accuracy: 0.9226
Epoch 19/500 - Train Loss: 0.4181, Train Accuracy: 0.9375, Test Loss: 0.3998, Test Accuracy: 0.9222
Epoch 20/500 - Train Loss: 0.4130, Train Accuracy: 0.9250, Test Loss: 0.3819, Test Accuracy: 0.9274
Epoch 21/500 - Train Loss: 0.4139, Train Accuracy: 0.9375, Test Loss: 0.3702, Test Accuracy: 0.9292
Epoch 22/500 - Train Loss: 0.3984, Train Accuracy: 0.9425, Test Loss: 0.3646, Test Accuracy: 0.9305
Epoch 23/500 - Train Loss: 0.3519, Train Accuracy: 0.9575, Test Loss: 0.3533, Test Accuracy: 0.9349
Epoch 24/500 - Train Loss: 0.3729, Train Accuracy: 0.9425, Test Loss: 0.3516, Test Accuracy: 0.9323
Epoch 25/500 - Train Loss: 0.3414, Train Accuracy: 0.9475, Test Loss: 0.3473, Test Accuracy: 0.9344
Epoch 26/500 - Train Loss: 0.3217, Train Accuracy: 0.9575, Test Loss: 0.3417, Test Accuracy: 0.9331
Epoch 27/500 - Train Loss: 0.3275, Train Accuracy: 0.9500, Test Loss: 0.3338, Test Accuracy: 0.9379
Epoch 28/500 - Train Loss: 0.3359, Train Accuracy: 0.9475, Test Loss: 0.3293, Test Accuracy: 0.9406
Epoch 29/500 - Train Loss: 0.2911, Train Accuracy: 0.9625, Test Loss: 0.3251, Test Accuracy: 0.9410
Epoch 30/500 - Train Loss: 0.3009, Train Accuracy: 0.9600, Test Loss: 0.3253, Test Accuracy: 0.9423
Epoch 31/500 - Train Loss: 0.3030, Train Accuracy: 0.9650, Test Loss: 0.3266, Test Accuracy: 0.9406
Epoch 32/500 - Train Loss: 0.3218, Train Accuracy: 0.9500, Test Loss: 0.3185, Test Accuracy: 0.9410
Epoch 33/500 - Train Loss: 0.2963, Train Accuracy: 0.9650, Test Loss: 0.3280, Test Accuracy: 0.9305
Epoch 34/500 - Train Loss: 0.2809, Train Accuracy: 0.9575, Test Loss: 0.3192, Test Accuracy: 0.9336
Epoch 35/500 - Train Loss: 0.2433, Train Accuracy: 0.9775, Test Loss: 0.3117, Test Accuracy: 0.9454
Epoch 36/500 - Train Loss: 0.3025, Train Accuracy: 0.9475, Test Loss: 0.3066, Test Accuracy: 0.9462
Epoch 37/500 - Train Loss: 0.2450, Train Accuracy: 0.9775, Test Loss: 0.3108, Test Accuracy: 0.9414
Epoch 38/500 - Train Loss: 0.2544, Train Accuracy: 0.9675, Test Loss: 0.3083, Test Accuracy: 0.9436
Epoch 39/500 - Train Loss: 0.2550, Train Accuracy: 0.9700, Test Loss: 0.3103, Test Accuracy: 0.9445
Epoch 40/500 - Train Loss: 0.2547, Train Accuracy: 0.9675, Test Loss: 0.3088, Test Accuracy: 0.9406
Epoch 41/500 - Train Loss: 0.2405, Train Accuracy: 0.9750, Test Loss: 0.3135, Test Accuracy: 0.9410
Epoch 42/500 - Train Loss: 0.2519, Train Accuracy: 0.9700, Test Loss: 0.3099, Test Accuracy: 0.9392
Epoch 43/500 - Train Loss: 0.2432, Train Accuracy: 0.9725, Test Loss: 0.3065, Test Accuracy: 0.9392
Epoch 44/500 - Train Loss: 0.2414, Train Accuracy: 0.9725, Test Loss: 0.3156, Test Accuracy: 0.9384
Epoch 45/500 - Train Loss: 0.2552, Train Accuracy: 0.9675, Test Loss: 0.3096, Test Accuracy: 0.9406
Epoch 46/500 - Train Loss: 0.2240, Train Accuracy: 0.9850, Test Loss: 0.3112, Test Accuracy: 0.9388
Epoch 47/500 - Train Loss: 0.2390, Train Accuracy: 0.9725, Test Loss: 0.3141, Test Accuracy: 0.9388
Epoch 48/500 - Train Loss: 0.2216, Train Accuracy: 0.9775, Test Loss: 0.3141, Test Accuracy: 0.9388
Epoch 49/500 - Train Loss: 0.2368, Train Accuracy: 0.9750, Test Loss: 0.3108, Test Accuracy: 0.9388
Epoch 50/500 - Train Loss: 0.2474, Train Accuracy: 0.9625, Test Loss: 0.3131, Test Accuracy: 0.9414
Epoch 51/500 - Train Loss: 0.2164, Train Accuracy: 0.9750, Test Loss: 0.3151, Test Accuracy: 0.9379

Early stopping triggered at epoch 51
Best test loss: 0.3065
Best test accuracy: 0.9462
Plot saved as trained_models/Sweep_data run/metrics/loss.png
Plot saved as trained_models/Sweep_data run/metrics/metrics.png
