Using GPU 0: NVIDIA GeForce RTX 3090
Epoch 1/500 - Train Loss: 2.0973, Train Accuracy: 0.1425, Test Loss: 2.0650, Test Accuracy: 0.1617
Epoch 2/500 - Train Loss: 1.8743, Train Accuracy: 0.3025, Test Loss: 1.8298, Test Accuracy: 0.4087
Epoch 3/500 - Train Loss: 1.6641, Train Accuracy: 0.5075, Test Loss: 1.5926, Test Accuracy: 0.5953
Epoch 4/500 - Train Loss: 1.5167, Train Accuracy: 0.5825, Test Loss: 1.3876, Test Accuracy: 0.7037
Epoch 5/500 - Train Loss: 1.3401, Train Accuracy: 0.7225, Test Loss: 1.2086, Test Accuracy: 0.7609
Epoch 6/500 - Train Loss: 1.2191, Train Accuracy: 0.7600, Test Loss: 1.0529, Test Accuracy: 0.8068
Epoch 7/500 - Train Loss: 1.0925, Train Accuracy: 0.7575, Test Loss: 0.9405, Test Accuracy: 0.8339
Epoch 8/500 - Train Loss: 0.9852, Train Accuracy: 0.8025, Test Loss: 0.8426, Test Accuracy: 0.8545
Epoch 9/500 - Train Loss: 0.9115, Train Accuracy: 0.8350, Test Loss: 0.7649, Test Accuracy: 0.8767
Epoch 10/500 - Train Loss: 0.8127, Train Accuracy: 0.8275, Test Loss: 0.6953, Test Accuracy: 0.8903
Epoch 11/500 - Train Loss: 0.7497, Train Accuracy: 0.8475, Test Loss: 0.6455, Test Accuracy: 0.8925
Epoch 12/500 - Train Loss: 0.7387, Train Accuracy: 0.8650, Test Loss: 0.5834, Test Accuracy: 0.9030
Epoch 13/500 - Train Loss: 0.6800, Train Accuracy: 0.8600, Test Loss: 0.5513, Test Accuracy: 0.9034
Epoch 14/500 - Train Loss: 0.6540, Train Accuracy: 0.8575, Test Loss: 0.5113, Test Accuracy: 0.9130
Epoch 15/500 - Train Loss: 0.5987, Train Accuracy: 0.8800, Test Loss: 0.4955, Test Accuracy: 0.9148
Epoch 16/500 - Train Loss: 0.5489, Train Accuracy: 0.8800, Test Loss: 0.4669, Test Accuracy: 0.9222
Epoch 17/500 - Train Loss: 0.5401, Train Accuracy: 0.8800, Test Loss: 0.4421, Test Accuracy: 0.9270
Epoch 18/500 - Train Loss: 0.4948, Train Accuracy: 0.9125, Test Loss: 0.4342, Test Accuracy: 0.9283
Epoch 19/500 - Train Loss: 0.5458, Train Accuracy: 0.8725, Test Loss: 0.4175, Test Accuracy: 0.9253
Epoch 20/500 - Train Loss: 0.4292, Train Accuracy: 0.9125, Test Loss: 0.3887, Test Accuracy: 0.9309
Epoch 21/500 - Train Loss: 0.4563, Train Accuracy: 0.9150, Test Loss: 0.3693, Test Accuracy: 0.9397
Epoch 22/500 - Train Loss: 0.4759, Train Accuracy: 0.8950, Test Loss: 0.3694, Test Accuracy: 0.9401
Epoch 23/500 - Train Loss: 0.4490, Train Accuracy: 0.9125, Test Loss: 0.3807, Test Accuracy: 0.9331
Epoch 24/500 - Train Loss: 0.3781, Train Accuracy: 0.9400, Test Loss: 0.3814, Test Accuracy: 0.9336
Epoch 25/500 - Train Loss: 0.3806, Train Accuracy: 0.9275, Test Loss: 0.3578, Test Accuracy: 0.9419
Epoch 26/500 - Train Loss: 0.4104, Train Accuracy: 0.9275, Test Loss: 0.3394, Test Accuracy: 0.9471
Epoch 27/500 - Train Loss: 0.3590, Train Accuracy: 0.9400, Test Loss: 0.3423, Test Accuracy: 0.9414
Epoch 28/500 - Train Loss: 0.3593, Train Accuracy: 0.9400, Test Loss: 0.3388, Test Accuracy: 0.9419
Epoch 29/500 - Train Loss: 0.3683, Train Accuracy: 0.9325, Test Loss: 0.3472, Test Accuracy: 0.9401
Epoch 30/500 - Train Loss: 0.3756, Train Accuracy: 0.9300, Test Loss: 0.3266, Test Accuracy: 0.9423
Epoch 31/500 - Train Loss: 0.3654, Train Accuracy: 0.9275, Test Loss: 0.3205, Test Accuracy: 0.9471
Epoch 32/500 - Train Loss: 0.3217, Train Accuracy: 0.9450, Test Loss: 0.3243, Test Accuracy: 0.9432
Epoch 33/500 - Train Loss: 0.3436, Train Accuracy: 0.9425, Test Loss: 0.3319, Test Accuracy: 0.9379
Epoch 34/500 - Train Loss: 0.3334, Train Accuracy: 0.9425, Test Loss: 0.3348, Test Accuracy: 0.9419
Epoch 35/500 - Train Loss: 0.3271, Train Accuracy: 0.9500, Test Loss: 0.3559, Test Accuracy: 0.9292
Epoch 36/500 - Train Loss: 0.3077, Train Accuracy: 0.9450, Test Loss: 0.3795, Test Accuracy: 0.9200
Epoch 37/500 - Train Loss: 0.3325, Train Accuracy: 0.9450, Test Loss: 0.3499, Test Accuracy: 0.9309
Epoch 38/500 - Train Loss: 0.2904, Train Accuracy: 0.9625, Test Loss: 0.3454, Test Accuracy: 0.9353
Epoch 39/500 - Train Loss: 0.2908, Train Accuracy: 0.9675, Test Loss: 0.3456, Test Accuracy: 0.9327
Epoch 40/500 - Train Loss: 0.3012, Train Accuracy: 0.9525, Test Loss: 0.3168, Test Accuracy: 0.9493
Epoch 41/500 - Train Loss: 0.2869, Train Accuracy: 0.9475, Test Loss: 0.3487, Test Accuracy: 0.9327
Epoch 42/500 - Train Loss: 0.2884, Train Accuracy: 0.9575, Test Loss: 0.3245, Test Accuracy: 0.9401
Epoch 43/500 - Train Loss: 0.2501, Train Accuracy: 0.9775, Test Loss: 0.3212, Test Accuracy: 0.9401
Epoch 44/500 - Train Loss: 0.2923, Train Accuracy: 0.9400, Test Loss: 0.3360, Test Accuracy: 0.9349
Epoch 45/500 - Train Loss: 0.2617, Train Accuracy: 0.9600, Test Loss: 0.3325, Test Accuracy: 0.9401
Epoch 46/500 - Train Loss: 0.2709, Train Accuracy: 0.9675, Test Loss: 0.3282, Test Accuracy: 0.9414
Epoch 47/500 - Train Loss: 0.2682, Train Accuracy: 0.9650, Test Loss: 0.3473, Test Accuracy: 0.9305
Epoch 48/500 - Train Loss: 0.2692, Train Accuracy: 0.9625, Test Loss: 0.3232, Test Accuracy: 0.9392
Epoch 49/500 - Train Loss: 0.2553, Train Accuracy: 0.9700, Test Loss: 0.3448, Test Accuracy: 0.9314
Epoch 50/500 - Train Loss: 0.2756, Train Accuracy: 0.9600, Test Loss: 0.3252, Test Accuracy: 0.9388
Epoch 51/500 - Train Loss: 0.2573, Train Accuracy: 0.9675, Test Loss: 0.3263, Test Accuracy: 0.9410
Epoch 52/500 - Train Loss: 0.2462, Train Accuracy: 0.9725, Test Loss: 0.3248, Test Accuracy: 0.9379
Epoch 53/500 - Train Loss: 0.2864, Train Accuracy: 0.9525, Test Loss: 0.3307, Test Accuracy: 0.9344
Epoch 54/500 - Train Loss: 0.2470, Train Accuracy: 0.9700, Test Loss: 0.3337, Test Accuracy: 0.9331
Epoch 55/500 - Train Loss: 0.2625, Train Accuracy: 0.9575, Test Loss: 0.3165, Test Accuracy: 0.9375

Early stopping triggered at epoch 55
Best test loss: 0.3165
Best test accuracy: 0.9493
Plot saved as trained_models/Sweep_data run/metrics/loss.png
Plot saved as trained_models/Sweep_data run/metrics/metrics.png
