Using GPU 0: NVIDIA GeForce RTX 3090
Epoch 1/500 - Train Loss: 2.0797, Train Accuracy: 0.1975, Test Loss: 1.9851, Test Accuracy: 0.2644
Epoch 2/500 - Train Loss: 1.8366, Train Accuracy: 0.3925, Test Loss: 1.8110, Test Accuracy: 0.4572
Epoch 3/500 - Train Loss: 1.6692, Train Accuracy: 0.5275, Test Loss: 1.5927, Test Accuracy: 0.6001
Epoch 4/500 - Train Loss: 1.5044, Train Accuracy: 0.7075, Test Loss: 1.4185, Test Accuracy: 0.7190
Epoch 5/500 - Train Loss: 1.3463, Train Accuracy: 0.7650, Test Loss: 1.2783, Test Accuracy: 0.7972
Epoch 6/500 - Train Loss: 1.2468, Train Accuracy: 0.8075, Test Loss: 1.1502, Test Accuracy: 0.8330
Epoch 7/500 - Train Loss: 1.1418, Train Accuracy: 0.8400, Test Loss: 1.0317, Test Accuracy: 0.8658
Epoch 8/500 - Train Loss: 1.0711, Train Accuracy: 0.8450, Test Loss: 0.9502, Test Accuracy: 0.8846
Epoch 9/500 - Train Loss: 0.9601, Train Accuracy: 0.8625, Test Loss: 0.8642, Test Accuracy: 0.8964
Epoch 10/500 - Train Loss: 0.9360, Train Accuracy: 0.8875, Test Loss: 0.8036, Test Accuracy: 0.9012
Epoch 11/500 - Train Loss: 0.8939, Train Accuracy: 0.8650, Test Loss: 0.7537, Test Accuracy: 0.9174
Epoch 12/500 - Train Loss: 0.8578, Train Accuracy: 0.8625, Test Loss: 0.7115, Test Accuracy: 0.9178
Epoch 13/500 - Train Loss: 0.7749, Train Accuracy: 0.8950, Test Loss: 0.6743, Test Accuracy: 0.9253
Epoch 14/500 - Train Loss: 0.7498, Train Accuracy: 0.9100, Test Loss: 0.6424, Test Accuracy: 0.9301
Epoch 15/500 - Train Loss: 0.7044, Train Accuracy: 0.9175, Test Loss: 0.6126, Test Accuracy: 0.9340
Epoch 16/500 - Train Loss: 0.7095, Train Accuracy: 0.8950, Test Loss: 0.5958, Test Accuracy: 0.9309
Epoch 17/500 - Train Loss: 0.6463, Train Accuracy: 0.9275, Test Loss: 0.5799, Test Accuracy: 0.9358
Epoch 18/500 - Train Loss: 0.6649, Train Accuracy: 0.9050, Test Loss: 0.5603, Test Accuracy: 0.9384
Epoch 19/500 - Train Loss: 0.6176, Train Accuracy: 0.9375, Test Loss: 0.5446, Test Accuracy: 0.9384
Epoch 20/500 - Train Loss: 0.5880, Train Accuracy: 0.9350, Test Loss: 0.5343, Test Accuracy: 0.9397
Epoch 21/500 - Train Loss: 0.5780, Train Accuracy: 0.9400, Test Loss: 0.5287, Test Accuracy: 0.9410
Epoch 22/500 - Train Loss: 0.5880, Train Accuracy: 0.9225, Test Loss: 0.5219, Test Accuracy: 0.9414
Epoch 23/500 - Train Loss: 0.5476, Train Accuracy: 0.9475, Test Loss: 0.5162, Test Accuracy: 0.9414
Epoch 24/500 - Train Loss: 0.5328, Train Accuracy: 0.9475, Test Loss: 0.5112, Test Accuracy: 0.9384
Epoch 25/500 - Train Loss: 0.5408, Train Accuracy: 0.9375, Test Loss: 0.5018, Test Accuracy: 0.9410
Epoch 26/500 - Train Loss: 0.5134, Train Accuracy: 0.9575, Test Loss: 0.4952, Test Accuracy: 0.9445
Epoch 27/500 - Train Loss: 0.5043, Train Accuracy: 0.9525, Test Loss: 0.4907, Test Accuracy: 0.9458
Epoch 28/500 - Train Loss: 0.5109, Train Accuracy: 0.9500, Test Loss: 0.4884, Test Accuracy: 0.9445
Epoch 29/500 - Train Loss: 0.5251, Train Accuracy: 0.9425, Test Loss: 0.4850, Test Accuracy: 0.9454
Epoch 30/500 - Train Loss: 0.4969, Train Accuracy: 0.9475, Test Loss: 0.4802, Test Accuracy: 0.9458
Epoch 31/500 - Train Loss: 0.5100, Train Accuracy: 0.9425, Test Loss: 0.4827, Test Accuracy: 0.9436
Epoch 32/500 - Train Loss: 0.4646, Train Accuracy: 0.9625, Test Loss: 0.4798, Test Accuracy: 0.9458
Epoch 33/500 - Train Loss: 0.4351, Train Accuracy: 0.9625, Test Loss: 0.4757, Test Accuracy: 0.9436
Epoch 34/500 - Train Loss: 0.4460, Train Accuracy: 0.9625, Test Loss: 0.4768, Test Accuracy: 0.9432
Epoch 35/500 - Train Loss: 0.4566, Train Accuracy: 0.9725, Test Loss: 0.4787, Test Accuracy: 0.9445
Epoch 36/500 - Train Loss: 0.4653, Train Accuracy: 0.9525, Test Loss: 0.4762, Test Accuracy: 0.9441
Epoch 37/500 - Train Loss: 0.4336, Train Accuracy: 0.9675, Test Loss: 0.4777, Test Accuracy: 0.9410
Epoch 38/500 - Train Loss: 0.4336, Train Accuracy: 0.9700, Test Loss: 0.4746, Test Accuracy: 0.9427
Epoch 39/500 - Train Loss: 0.4424, Train Accuracy: 0.9675, Test Loss: 0.4804, Test Accuracy: 0.9397
Epoch 40/500 - Train Loss: 0.4478, Train Accuracy: 0.9650, Test Loss: 0.4737, Test Accuracy: 0.9401
Epoch 41/500 - Train Loss: 0.4375, Train Accuracy: 0.9550, Test Loss: 0.4688, Test Accuracy: 0.9419
Epoch 42/500 - Train Loss: 0.4282, Train Accuracy: 0.9700, Test Loss: 0.4667, Test Accuracy: 0.9449
Epoch 43/500 - Train Loss: 0.4182, Train Accuracy: 0.9775, Test Loss: 0.4706, Test Accuracy: 0.9423
Epoch 44/500 - Train Loss: 0.4162, Train Accuracy: 0.9700, Test Loss: 0.4663, Test Accuracy: 0.9423
Epoch 45/500 - Train Loss: 0.4044, Train Accuracy: 0.9825, Test Loss: 0.4677, Test Accuracy: 0.9384
Epoch 46/500 - Train Loss: 0.4254, Train Accuracy: 0.9725, Test Loss: 0.4629, Test Accuracy: 0.9458
Epoch 47/500 - Train Loss: 0.3978, Train Accuracy: 0.9775, Test Loss: 0.4629, Test Accuracy: 0.9449
Epoch 48/500 - Train Loss: 0.4191, Train Accuracy: 0.9725, Test Loss: 0.4612, Test Accuracy: 0.9462
Epoch 49/500 - Train Loss: 0.4205, Train Accuracy: 0.9625, Test Loss: 0.4631, Test Accuracy: 0.9445
Epoch 50/500 - Train Loss: 0.3933, Train Accuracy: 0.9850, Test Loss: 0.4631, Test Accuracy: 0.9414
Epoch 51/500 - Train Loss: 0.3810, Train Accuracy: 0.9875, Test Loss: 0.4642, Test Accuracy: 0.9397
Epoch 52/500 - Train Loss: 0.3797, Train Accuracy: 0.9800, Test Loss: 0.4656, Test Accuracy: 0.9397
Epoch 53/500 - Train Loss: 0.3875, Train Accuracy: 0.9825, Test Loss: 0.4630, Test Accuracy: 0.9401
Epoch 54/500 - Train Loss: 0.3782, Train Accuracy: 0.9900, Test Loss: 0.4591, Test Accuracy: 0.9454
Epoch 55/500 - Train Loss: 0.3906, Train Accuracy: 0.9800, Test Loss: 0.4608, Test Accuracy: 0.9449
Epoch 56/500 - Train Loss: 0.3801, Train Accuracy: 0.9850, Test Loss: 0.4683, Test Accuracy: 0.9392
Epoch 57/500 - Train Loss: 0.3892, Train Accuracy: 0.9850, Test Loss: 0.4623, Test Accuracy: 0.9414
Epoch 58/500 - Train Loss: 0.3769, Train Accuracy: 0.9825, Test Loss: 0.4682, Test Accuracy: 0.9388
Epoch 59/500 - Train Loss: 0.3834, Train Accuracy: 0.9875, Test Loss: 0.4613, Test Accuracy: 0.9419
Epoch 60/500 - Train Loss: 0.3874, Train Accuracy: 0.9800, Test Loss: 0.4649, Test Accuracy: 0.9406
Epoch 61/500 - Train Loss: 0.3878, Train Accuracy: 0.9775, Test Loss: 0.4663, Test Accuracy: 0.9397
Epoch 62/500 - Train Loss: 0.3868, Train Accuracy: 0.9825, Test Loss: 0.4635, Test Accuracy: 0.9414
Epoch 63/500 - Train Loss: 0.3827, Train Accuracy: 0.9800, Test Loss: 0.4666, Test Accuracy: 0.9375
Epoch 64/500 - Train Loss: 0.3877, Train Accuracy: 0.9775, Test Loss: 0.4645, Test Accuracy: 0.9410
Epoch 65/500 - Train Loss: 0.3841, Train Accuracy: 0.9750, Test Loss: 0.4612, Test Accuracy: 0.9427
Epoch 66/500 - Train Loss: 0.3781, Train Accuracy: 0.9875, Test Loss: 0.4626, Test Accuracy: 0.9406
Epoch 67/500 - Train Loss: 0.3822, Train Accuracy: 0.9825, Test Loss: 0.4623, Test Accuracy: 0.9449
Epoch 68/500 - Train Loss: 0.3688, Train Accuracy: 0.9850, Test Loss: 0.4665, Test Accuracy: 0.9379
Epoch 69/500 - Train Loss: 0.3687, Train Accuracy: 0.9875, Test Loss: 0.4694, Test Accuracy: 0.9384

Early stopping triggered at epoch 69
Best test loss: 0.4591
Best test accuracy: 0.9462
Plot saved as trained_models/Sweep_data run/metrics/loss.png
Plot saved as trained_models/Sweep_data run/metrics/metrics.png
