wandb: Starting wandb agent 🕵️
2026-01-10 19:31:26,041 - wandb.wandb_agent - INFO - Running runs: []
2026-01-10 19:31:26,609 - wandb.wandb_agent - INFO - Agent received command: run
2026-01-10 19:31:26,609 - wandb.wandb_agent - INFO - Agent starting run with config:
	affine: 0.4275116684536169
	blur: 0.598501047279801
	brightness: 1.2264579531470452
	contrast: 1.3538382570026035
	crop: 0.903471108216016
	crop_scale: 0.6084579990716679
	flip: 0.32953382419185917
	gaussian_blur_kernel: 5
	gaussian_noise_std: 0.8956773976797402
	grey: 0.6151958494078894
	hue: -0.07849480296839557
	jiggle: 0.12151694554781543
	rotate: 0.22670392149213103
	rotation: 21
	saturation: 0.7666708820147434
	scale: 1.0900438574331788
	shear: 3
	translate_x: 0.352761784896003
	translate_y: 0.23628512597413223
2026-01-10 19:31:26,613 - wandb.wandb_agent - INFO - About to run command: /usr/bin/env python train_data.py --affine=0.4275116684536169 --blur=0.598501047279801 --brightness=1.2264579531470452 --contrast=1.3538382570026035 --crop=0.903471108216016 --crop_scale=0.6084579990716679 --flip=0.32953382419185917 --gaussian_blur_kernel=5 --gaussian_noise_std=0.8956773976797402 --grey=0.6151958494078894 --hue=-0.07849480296839557 --jiggle=0.12151694554781543 --rotate=0.22670392149213103 --rotation=21 --saturation=0.7666708820147434 --scale=1.0900438574331788 --shear=3 --translate_x=0.352761784896003 --translate_y=0.23628512597413223
wandb: Currently logged in as: arnaumarcosalmansa (mcv-team-6) to https://api.wandb.ai. Use `wandb login --relogin` to force relogin
wandb: WARNING Ignoring project 'C3-Week3' when running a sweep.
wandb: WARNING Ignoring entity 'mcv-team-6' when running a sweep.
2026-01-10 19:31:31,620 - wandb.wandb_agent - INFO - Running runs: ['t469yiya']
wandb: setting up run t469yiya
wandb: Tracking run with wandb version 0.23.1
wandb: Run data is saved locally in /export/home/group06/workspace/project-team-6/Week3/wandb/run-20260110_193131-t469yiya
wandb: Run `wandb offline` to turn off syncing.
wandb: Syncing run Sweep run
wandb: ⭐️ View project at https://wandb.ai/mcv-team-6/C3-Week3
wandb: 🧹 View sweep at https://wandb.ai/mcv-team-6/C3-Week3/sweeps/g5vb4edr
wandb: 🚀 View run at https://wandb.ai/mcv-team-6/C3-Week3/runs/t469yiya
Traceback (most recent call last):
  File "/export/home/group06/workspace/project-team-6/Week3/train_data.py", line 61, in <module>
    ka.ColorJitter(brightness=cfg.brightness,
  File "/ghome/group06/miniconda3/envs/c3/lib/python3.12/site-packages/kornia/augmentation/_2d/intensity/color_jitter.py", line 105, in __init__
    self._param_generator = rg.ColorJitterGenerator(brightness, contrast, saturation, hue)
                            ^^^^^^^^^^^^^^^^^^^^^^^^^^^^^^^^^^^^^^^^^^^^^^^^^^^^^^^^^^^^^^
  File "/ghome/group06/miniconda3/envs/c3/lib/python3.12/site-packages/kornia/augmentation/random_generator/base.py", line 34, in __call__
    obj.__post_init__()
  File "/ghome/group06/miniconda3/envs/c3/lib/python3.12/site-packages/kornia/augmentation/random_generator/base.py", line 48, in __post_init__
    self.set_rng_device_and_dtype()
  File "/ghome/group06/miniconda3/envs/c3/lib/python3.12/site-packages/kornia/augmentation/random_generator/base.py", line 64, in set_rng_device_and_dtype
    self.make_samplers(device, dtype)
  File "/ghome/group06/miniconda3/envs/c3/lib/python3.12/site-packages/kornia/augmentation/random_generator/_2d/color_jitter.py", line 86, in make_samplers
    hue: Tensor = _range_bound(self.hue, "hue", bounds=(-0.5, 0.5), device=device, dtype=dtype)
                  ^^^^^^^^^^^^^^^^^^^^^^^^^^^^^^^^^^^^^^^^^^^^^^^^^^^^^^^^^^^^^^^^^^^^^^^^^^^^^
  File "/ghome/group06/miniconda3/envs/c3/lib/python3.12/site-packages/kornia/augmentation/utils/param_validation.py", line 53, in _range_bound
    raise ValueError(f"If {name} is a single number, it must be non negative. Got {factor}.")
ValueError: If hue is a single number, it must be non negative. Got -0.07849480211734772.
2026-01-10 19:31:36,776 - wandb.wandb_agent - INFO - Cleaning up finished run: t469yiya
wandb: Terminating and syncing runs. Press ctrl-c to kill.
