wandb: Starting wandb agent 🕵️
2026-01-10 19:31:26,068 - wandb.wandb_agent - INFO - Running runs: []
2026-01-10 19:31:27,057 - wandb.wandb_agent - INFO - Agent received command: run
2026-01-10 19:31:27,057 - wandb.wandb_agent - INFO - Agent starting run with config:
	affine: 0.6869500356299613
	blur: 0.44105077034118023
	brightness: 1.1763313224983625
	contrast: 1.0519859436089307
	crop: 0.16658760297989494
	crop_scale: 0.8543754947967868
	flip: 0.7839896940020143
	gaussian_blur_kernel: 5
	gaussian_noise_std: 0.09798291979868724
	grey: 0.163257566131092
	hue: -0.03090896173285633
	jiggle: 0.8422067200743169
	rotate: 0.4284699200990093
	rotation: 2
	saturation: 1.388682151958819
	scale: 0.8425681008148969
	shear: 20
	translate_x: 0.2576818058974357
	translate_y: 0.3921254250211752
2026-01-10 19:31:27,061 - wandb.wandb_agent - INFO - About to run command: /usr/bin/env python train_data.py --affine=0.6869500356299613 --blur=0.44105077034118023 --brightness=1.1763313224983625 --contrast=1.0519859436089307 --crop=0.16658760297989494 --crop_scale=0.8543754947967868 --flip=0.7839896940020143 --gaussian_blur_kernel=5 --gaussian_noise_std=0.09798291979868724 --grey=0.163257566131092 --hue=-0.03090896173285633 --jiggle=0.8422067200743169 --rotate=0.4284699200990093 --rotation=2 --saturation=1.388682151958819 --scale=0.8425681008148969 --shear=20 --translate_x=0.2576818058974357 --translate_y=0.3921254250211752
wandb: Currently logged in as: arnaumarcosalmansa (mcv-team-6) to https://api.wandb.ai. Use `wandb login --relogin` to force relogin
wandb: WARNING Ignoring project 'C3-Week3' when running a sweep.
wandb: WARNING Ignoring entity 'mcv-team-6' when running a sweep.
2026-01-10 19:31:32,068 - wandb.wandb_agent - INFO - Running runs: ['u96bn1ti']
wandb: Tracking run with wandb version 0.23.1
wandb: Run data is saved locally in /export/home/group06/workspace/project-team-6/Week3/wandb/run-20260110_193131-u96bn1ti
wandb: Run `wandb offline` to turn off syncing.
wandb: Syncing run Sweep run
wandb: ⭐️ View project at https://wandb.ai/mcv-team-6/C3-Week3
wandb: 🧹 View sweep at https://wandb.ai/mcv-team-6/C3-Week3/sweeps/g5vb4edr
wandb: 🚀 View run at https://wandb.ai/mcv-team-6/C3-Week3/runs/u96bn1ti
Traceback (most recent call last):
  File "/export/home/group06/workspace/project-team-6/Week3/train_data.py", line 61, in <module>
    ka.ColorJitter(brightness=cfg.brightness,
  File "/ghome/group06/miniconda3/envs/c3/lib/python3.12/site-packages/kornia/augmentation/_2d/intensity/color_jitter.py", line 105, in __init__
    self._param_generator = rg.ColorJitterGenerator(brightness, contrast, saturation, hue)
                            ^^^^^^^^^^^^^^^^^^^^^^^^^^^^^^^^^^^^^^^^^^^^^^^^^^^^^^^^^^^^^^
  File "/ghome/group06/miniconda3/envs/c3/lib/python3.12/site-packages/kornia/augmentation/random_generator/base.py", line 34, in __call__
    obj.__post_init__()
  File "/ghome/group06/miniconda3/envs/c3/lib/python3.12/site-packages/kornia/augmentation/random_generator/base.py", line 48, in __post_init__
    self.set_rng_device_and_dtype()
  File "/ghome/group06/miniconda3/envs/c3/lib/python3.12/site-packages/kornia/augmentation/random_generator/base.py", line 64, in set_rng_device_and_dtype
    self.make_samplers(device, dtype)
  File "/ghome/group06/miniconda3/envs/c3/lib/python3.12/site-packages/kornia/augmentation/random_generator/_2d/color_jitter.py", line 86, in make_samplers
    hue: Tensor = _range_bound(self.hue, "hue", bounds=(-0.5, 0.5), device=device, dtype=dtype)
                  ^^^^^^^^^^^^^^^^^^^^^^^^^^^^^^^^^^^^^^^^^^^^^^^^^^^^^^^^^^^^^^^^^^^^^^^^^^^^^
  File "/ghome/group06/miniconda3/envs/c3/lib/python3.12/site-packages/kornia/augmentation/utils/param_validation.py", line 53, in _range_bound
    raise ValueError(f"If {name} is a single number, it must be non negative. Got {factor}.")
ValueError: If hue is a single number, it must be non negative. Got -0.030908960849046707.
2026-01-10 19:31:37,223 - wandb.wandb_agent - INFO - Cleaning up finished run: u96bn1ti
wandb: Terminating and syncing runs. Press ctrl-c to kill.
