Using GPU 0: NVIDIA GeForce RTX 3090
Epoch 1/500 - Train Loss: 1.9423, Train Accuracy: 0.2575, Test Loss: 1.9469, Test Accuracy: 0.3094
Epoch 2/500 - Train Loss: 1.4736, Train Accuracy: 0.6450, Test Loss: 1.4146, Test Accuracy: 0.7334
Epoch 3/500 - Train Loss: 1.0637, Train Accuracy: 0.8575, Test Loss: 0.9883, Test Accuracy: 0.8636
Epoch 4/500 - Train Loss: 0.8135, Train Accuracy: 0.9050, Test Loss: 0.7353, Test Accuracy: 0.9060
Epoch 5/500 - Train Loss: 0.6538, Train Accuracy: 0.9250, Test Loss: 0.5734, Test Accuracy: 0.9235
Epoch 6/500 - Train Loss: 0.4979, Train Accuracy: 0.9525, Test Loss: 0.4841, Test Accuracy: 0.9309
Epoch 7/500 - Train Loss: 0.4371, Train Accuracy: 0.9550, Test Loss: 0.4329, Test Accuracy: 0.9336
Epoch 8/500 - Train Loss: 0.4019, Train Accuracy: 0.9600, Test Loss: 0.4029, Test Accuracy: 0.9340
Epoch 9/500 - Train Loss: 0.3684, Train Accuracy: 0.9700, Test Loss: 0.3758, Test Accuracy: 0.9441
Epoch 10/500 - Train Loss: 0.3281, Train Accuracy: 0.9750, Test Loss: 0.3583, Test Accuracy: 0.9493
Epoch 11/500 - Train Loss: 0.2805, Train Accuracy: 0.9825, Test Loss: 0.3448, Test Accuracy: 0.9519
Epoch 12/500 - Train Loss: 0.2956, Train Accuracy: 0.9825, Test Loss: 0.3473, Test Accuracy: 0.9476
Epoch 13/500 - Train Loss: 0.2626, Train Accuracy: 0.9825, Test Loss: 0.3384, Test Accuracy: 0.9497
Epoch 14/500 - Train Loss: 0.2570, Train Accuracy: 0.9900, Test Loss: 0.3366, Test Accuracy: 0.9524
Epoch 15/500 - Train Loss: 0.2480, Train Accuracy: 0.9875, Test Loss: 0.3302, Test Accuracy: 0.9528
Epoch 16/500 - Train Loss: 0.2318, Train Accuracy: 0.9925, Test Loss: 0.3272, Test Accuracy: 0.9524
Epoch 17/500 - Train Loss: 0.2203, Train Accuracy: 0.9925, Test Loss: 0.3256, Test Accuracy: 0.9497
Epoch 18/500 - Train Loss: 0.2489, Train Accuracy: 0.9750, Test Loss: 0.3278, Test Accuracy: 0.9489
Epoch 19/500 - Train Loss: 0.2331, Train Accuracy: 0.9900, Test Loss: 0.3300, Test Accuracy: 0.9484
Epoch 20/500 - Train Loss: 0.2333, Train Accuracy: 0.9825, Test Loss: 0.3315, Test Accuracy: 0.9449
Epoch 21/500 - Train Loss: 0.2183, Train Accuracy: 0.9875, Test Loss: 0.3375, Test Accuracy: 0.9445
Epoch 22/500 - Train Loss: 0.2185, Train Accuracy: 0.9925, Test Loss: 0.3339, Test Accuracy: 0.9441
Epoch 23/500 - Train Loss: 0.2027, Train Accuracy: 0.9950, Test Loss: 0.3285, Test Accuracy: 0.9458
Epoch 24/500 - Train Loss: 0.2097, Train Accuracy: 0.9975, Test Loss: 0.3416, Test Accuracy: 0.9414
Epoch 25/500 - Train Loss: 0.2154, Train Accuracy: 0.9925, Test Loss: 0.3306, Test Accuracy: 0.9458
Epoch 26/500 - Train Loss: 0.2071, Train Accuracy: 0.9950, Test Loss: 0.3247, Test Accuracy: 0.9480
Epoch 27/500 - Train Loss: 0.2000, Train Accuracy: 0.9950, Test Loss: 0.3234, Test Accuracy: 0.9480
Epoch 28/500 - Train Loss: 0.2002, Train Accuracy: 0.9950, Test Loss: 0.3281, Test Accuracy: 0.9458
Epoch 29/500 - Train Loss: 0.1978, Train Accuracy: 0.9975, Test Loss: 0.3342, Test Accuracy: 0.9449
Epoch 30/500 - Train Loss: 0.1892, Train Accuracy: 1.0000, Test Loss: 0.3291, Test Accuracy: 0.9480
Epoch 31/500 - Train Loss: 0.2005, Train Accuracy: 0.9975, Test Loss: 0.3272, Test Accuracy: 0.9471
Epoch 32/500 - Train Loss: 0.1942, Train Accuracy: 0.9975, Test Loss: 0.3254, Test Accuracy: 0.9489
Epoch 33/500 - Train Loss: 0.1877, Train Accuracy: 1.0000, Test Loss: 0.3337, Test Accuracy: 0.9449
Epoch 34/500 - Train Loss: 0.2027, Train Accuracy: 0.9925, Test Loss: 0.3333, Test Accuracy: 0.9454
Epoch 35/500 - Train Loss: 0.1921, Train Accuracy: 1.0000, Test Loss: 0.3242, Test Accuracy: 0.9484
Epoch 36/500 - Train Loss: 0.1990, Train Accuracy: 0.9900, Test Loss: 0.3252, Test Accuracy: 0.9471
Epoch 37/500 - Train Loss: 0.1872, Train Accuracy: 1.0000, Test Loss: 0.3283, Test Accuracy: 0.9445
Epoch 38/500 - Train Loss: 0.1962, Train Accuracy: 0.9950, Test Loss: 0.3323, Test Accuracy: 0.9449
Epoch 39/500 - Train Loss: 0.1932, Train Accuracy: 0.9950, Test Loss: 0.3335, Test Accuracy: 0.9458
Epoch 40/500 - Train Loss: 0.1839, Train Accuracy: 1.0000, Test Loss: 0.3302, Test Accuracy: 0.9462
Epoch 41/500 - Train Loss: 0.1854, Train Accuracy: 1.0000, Test Loss: 0.3385, Test Accuracy: 0.9432
Epoch 42/500 - Train Loss: 0.1837, Train Accuracy: 0.9975, Test Loss: 0.3338, Test Accuracy: 0.9427

Early stopping triggered at epoch 42
Best test loss: 0.3234
Best test accuracy: 0.9528
Plot saved as trained_models/Sweep run/metrics/loss.png
Plot saved as trained_models/Sweep run/metrics/metrics.png
