Using GPU 0: NVIDIA GeForce RTX 3090
Epoch 1/500 - Train Loss: 2.0527, Train Accuracy: 0.1675, Test Loss: 2.0025, Test Accuracy: 0.2054
Epoch 2/500 - Train Loss: 1.8090, Train Accuracy: 0.4275, Test Loss: 1.7390, Test Accuracy: 0.4725
Epoch 3/500 - Train Loss: 1.5817, Train Accuracy: 0.5950, Test Loss: 1.5261, Test Accuracy: 0.6119
Epoch 4/500 - Train Loss: 1.3918, Train Accuracy: 0.7250, Test Loss: 1.3458, Test Accuracy: 0.7050
Epoch 5/500 - Train Loss: 1.2625, Train Accuracy: 0.7700, Test Loss: 1.1766, Test Accuracy: 0.7745
Epoch 6/500 - Train Loss: 1.1283, Train Accuracy: 0.8025, Test Loss: 1.0483, Test Accuracy: 0.8182
Epoch 7/500 - Train Loss: 0.9754, Train Accuracy: 0.8625, Test Loss: 0.9537, Test Accuracy: 0.8453
Epoch 8/500 - Train Loss: 0.8615, Train Accuracy: 0.8800, Test Loss: 0.8101, Test Accuracy: 0.8737
Epoch 9/500 - Train Loss: 0.7922, Train Accuracy: 0.8875, Test Loss: 0.7523, Test Accuracy: 0.8807
Epoch 10/500 - Train Loss: 0.6959, Train Accuracy: 0.8975, Test Loss: 0.6604, Test Accuracy: 0.8973
Epoch 11/500 - Train Loss: 0.6560, Train Accuracy: 0.9125, Test Loss: 0.6126, Test Accuracy: 0.8977
Epoch 12/500 - Train Loss: 0.5984, Train Accuracy: 0.9275, Test Loss: 0.5559, Test Accuracy: 0.9025
Epoch 13/500 - Train Loss: 0.5337, Train Accuracy: 0.9350, Test Loss: 0.5146, Test Accuracy: 0.9078
Epoch 14/500 - Train Loss: 0.5258, Train Accuracy: 0.9175, Test Loss: 0.4836, Test Accuracy: 0.9073
Epoch 15/500 - Train Loss: 0.4748, Train Accuracy: 0.9300, Test Loss: 0.4494, Test Accuracy: 0.9235
Epoch 16/500 - Train Loss: 0.4559, Train Accuracy: 0.9425, Test Loss: 0.4241, Test Accuracy: 0.9274
Epoch 17/500 - Train Loss: 0.4135, Train Accuracy: 0.9450, Test Loss: 0.4086, Test Accuracy: 0.9226
Epoch 18/500 - Train Loss: 0.4034, Train Accuracy: 0.9475, Test Loss: 0.3890, Test Accuracy: 0.9283
Epoch 19/500 - Train Loss: 0.4135, Train Accuracy: 0.9400, Test Loss: 0.3932, Test Accuracy: 0.9213
Epoch 20/500 - Train Loss: 0.3608, Train Accuracy: 0.9525, Test Loss: 0.3672, Test Accuracy: 0.9305
Epoch 21/500 - Train Loss: 0.3308, Train Accuracy: 0.9675, Test Loss: 0.3651, Test Accuracy: 0.9314
Epoch 22/500 - Train Loss: 0.3231, Train Accuracy: 0.9550, Test Loss: 0.3613, Test Accuracy: 0.9323
Epoch 23/500 - Train Loss: 0.3105, Train Accuracy: 0.9700, Test Loss: 0.3559, Test Accuracy: 0.9327
Epoch 24/500 - Train Loss: 0.2930, Train Accuracy: 0.9750, Test Loss: 0.3390, Test Accuracy: 0.9397
Epoch 25/500 - Train Loss: 0.2780, Train Accuracy: 0.9775, Test Loss: 0.3429, Test Accuracy: 0.9371
Epoch 26/500 - Train Loss: 0.2742, Train Accuracy: 0.9725, Test Loss: 0.3285, Test Accuracy: 0.9410
Epoch 27/500 - Train Loss: 0.2913, Train Accuracy: 0.9600, Test Loss: 0.3313, Test Accuracy: 0.9366
Epoch 28/500 - Train Loss: 0.2688, Train Accuracy: 0.9675, Test Loss: 0.3189, Test Accuracy: 0.9432
Epoch 29/500 - Train Loss: 0.3017, Train Accuracy: 0.9675, Test Loss: 0.3269, Test Accuracy: 0.9371
Epoch 30/500 - Train Loss: 0.2361, Train Accuracy: 0.9825, Test Loss: 0.3210, Test Accuracy: 0.9397
Epoch 31/500 - Train Loss: 0.2616, Train Accuracy: 0.9725, Test Loss: 0.3254, Test Accuracy: 0.9388
Epoch 32/500 - Train Loss: 0.2352, Train Accuracy: 0.9800, Test Loss: 0.3162, Test Accuracy: 0.9406
Epoch 33/500 - Train Loss: 0.2450, Train Accuracy: 0.9775, Test Loss: 0.3150, Test Accuracy: 0.9414
Epoch 34/500 - Train Loss: 0.2904, Train Accuracy: 0.9500, Test Loss: 0.3233, Test Accuracy: 0.9344
Epoch 35/500 - Train Loss: 0.2327, Train Accuracy: 0.9800, Test Loss: 0.3181, Test Accuracy: 0.9401
Epoch 36/500 - Train Loss: 0.2329, Train Accuracy: 0.9800, Test Loss: 0.3334, Test Accuracy: 0.9305
Epoch 37/500 - Train Loss: 0.2381, Train Accuracy: 0.9725, Test Loss: 0.3184, Test Accuracy: 0.9379
Epoch 38/500 - Train Loss: 0.2446, Train Accuracy: 0.9775, Test Loss: 0.3222, Test Accuracy: 0.9340
Epoch 39/500 - Train Loss: 0.2382, Train Accuracy: 0.9800, Test Loss: 0.3320, Test Accuracy: 0.9305
Epoch 40/500 - Train Loss: 0.2155, Train Accuracy: 0.9800, Test Loss: 0.3387, Test Accuracy: 0.9292
Epoch 41/500 - Train Loss: 0.2197, Train Accuracy: 0.9925, Test Loss: 0.3256, Test Accuracy: 0.9318
Epoch 42/500 - Train Loss: 0.2295, Train Accuracy: 0.9775, Test Loss: 0.3369, Test Accuracy: 0.9266
Epoch 43/500 - Train Loss: 0.2006, Train Accuracy: 0.9900, Test Loss: 0.3225, Test Accuracy: 0.9340
Epoch 44/500 - Train Loss: 0.2141, Train Accuracy: 0.9825, Test Loss: 0.3156, Test Accuracy: 0.9406
Epoch 45/500 - Train Loss: 0.2259, Train Accuracy: 0.9700, Test Loss: 0.3094, Test Accuracy: 0.9388
Epoch 46/500 - Train Loss: 0.2134, Train Accuracy: 0.9825, Test Loss: 0.2944, Test Accuracy: 0.9484
Epoch 47/500 - Train Loss: 0.1989, Train Accuracy: 0.9850, Test Loss: 0.3031, Test Accuracy: 0.9445
Epoch 48/500 - Train Loss: 0.1977, Train Accuracy: 0.9875, Test Loss: 0.3111, Test Accuracy: 0.9419
Epoch 49/500 - Train Loss: 0.1983, Train Accuracy: 0.9875, Test Loss: 0.3169, Test Accuracy: 0.9388
Epoch 50/500 - Train Loss: 0.2104, Train Accuracy: 0.9825, Test Loss: 0.3078, Test Accuracy: 0.9441
Epoch 51/500 - Train Loss: 0.1993, Train Accuracy: 0.9850, Test Loss: 0.2965, Test Accuracy: 0.9493
Epoch 52/500 - Train Loss: 0.2138, Train Accuracy: 0.9825, Test Loss: 0.2978, Test Accuracy: 0.9449
Epoch 53/500 - Train Loss: 0.1776, Train Accuracy: 0.9950, Test Loss: 0.3114, Test Accuracy: 0.9392
Epoch 54/500 - Train Loss: 0.2000, Train Accuracy: 0.9850, Test Loss: 0.3142, Test Accuracy: 0.9375
Epoch 55/500 - Train Loss: 0.1872, Train Accuracy: 0.9925, Test Loss: 0.3133, Test Accuracy: 0.9397
Epoch 56/500 - Train Loss: 0.2086, Train Accuracy: 0.9800, Test Loss: 0.3170, Test Accuracy: 0.9401
Epoch 57/500 - Train Loss: 0.1916, Train Accuracy: 0.9900, Test Loss: 0.3033, Test Accuracy: 0.9445
Epoch 58/500 - Train Loss: 0.1671, Train Accuracy: 0.9975, Test Loss: 0.3094, Test Accuracy: 0.9427
Epoch 59/500 - Train Loss: 0.2050, Train Accuracy: 0.9850, Test Loss: 0.3084, Test Accuracy: 0.9423
Epoch 60/500 - Train Loss: 0.1676, Train Accuracy: 0.9950, Test Loss: 0.3022, Test Accuracy: 0.9471
Epoch 61/500 - Train Loss: 0.1781, Train Accuracy: 0.9850, Test Loss: 0.3057, Test Accuracy: 0.9445

Early stopping triggered at epoch 61
Best test loss: 0.2944
Best test accuracy: 0.9493
Plot saved as trained_models/Sweep_data run/metrics/loss.png
Plot saved as trained_models/Sweep_data run/metrics/metrics.png
