Using GPU 0: NVIDIA GeForce RTX 3090
Epoch 1/500 - Train Loss: 2.0547, Train Accuracy: 0.1850, Test Loss: 2.0831, Test Accuracy: 0.1582
Epoch 2/500 - Train Loss: 1.8926, Train Accuracy: 0.3050, Test Loss: 1.8716, Test Accuracy: 0.3256
Epoch 3/500 - Train Loss: 1.7789, Train Accuracy: 0.3750, Test Loss: 1.7325, Test Accuracy: 0.4301
Epoch 4/500 - Train Loss: 1.6992, Train Accuracy: 0.4550, Test Loss: 1.6095, Test Accuracy: 0.5149
Epoch 5/500 - Train Loss: 1.5860, Train Accuracy: 0.5600, Test Loss: 1.5074, Test Accuracy: 0.5791
Epoch 6/500 - Train Loss: 1.5011, Train Accuracy: 0.5825, Test Loss: 1.4090, Test Accuracy: 0.6482
Epoch 7/500 - Train Loss: 1.4118, Train Accuracy: 0.6650, Test Loss: 1.3358, Test Accuracy: 0.6844
Epoch 8/500 - Train Loss: 1.3308, Train Accuracy: 0.7050, Test Loss: 1.2489, Test Accuracy: 0.7378
Epoch 9/500 - Train Loss: 1.2898, Train Accuracy: 0.7200, Test Loss: 1.1773, Test Accuracy: 0.7657
Epoch 10/500 - Train Loss: 1.2427, Train Accuracy: 0.7275, Test Loss: 1.1038, Test Accuracy: 0.8038
Epoch 11/500 - Train Loss: 1.1601, Train Accuracy: 0.7500, Test Loss: 1.0519, Test Accuracy: 0.8182
Epoch 12/500 - Train Loss: 1.1187, Train Accuracy: 0.7825, Test Loss: 1.0118, Test Accuracy: 0.8300
Epoch 13/500 - Train Loss: 1.0610, Train Accuracy: 0.8175, Test Loss: 0.9577, Test Accuracy: 0.8505
Epoch 14/500 - Train Loss: 1.0364, Train Accuracy: 0.7975, Test Loss: 0.9048, Test Accuracy: 0.8610
Epoch 15/500 - Train Loss: 0.9720, Train Accuracy: 0.8400, Test Loss: 0.8737, Test Accuracy: 0.8676
Epoch 16/500 - Train Loss: 0.9542, Train Accuracy: 0.8100, Test Loss: 0.8514, Test Accuracy: 0.8676
Epoch 17/500 - Train Loss: 0.9057, Train Accuracy: 0.8475, Test Loss: 0.8044, Test Accuracy: 0.8842
Epoch 18/500 - Train Loss: 0.9076, Train Accuracy: 0.8325, Test Loss: 0.7662, Test Accuracy: 0.8907
Epoch 19/500 - Train Loss: 0.8897, Train Accuracy: 0.8425, Test Loss: 0.7353, Test Accuracy: 0.8938
Epoch 20/500 - Train Loss: 0.8710, Train Accuracy: 0.8525, Test Loss: 0.7112, Test Accuracy: 0.8990
Epoch 21/500 - Train Loss: 0.8320, Train Accuracy: 0.8425, Test Loss: 0.6912, Test Accuracy: 0.9012
Epoch 22/500 - Train Loss: 0.8102, Train Accuracy: 0.8375, Test Loss: 0.6762, Test Accuracy: 0.9038
Epoch 23/500 - Train Loss: 0.7608, Train Accuracy: 0.8800, Test Loss: 0.6490, Test Accuracy: 0.9078
Epoch 24/500 - Train Loss: 0.7437, Train Accuracy: 0.8675, Test Loss: 0.6358, Test Accuracy: 0.9091
Epoch 25/500 - Train Loss: 0.7368, Train Accuracy: 0.8700, Test Loss: 0.6298, Test Accuracy: 0.9060
Epoch 26/500 - Train Loss: 0.7121, Train Accuracy: 0.8975, Test Loss: 0.6209, Test Accuracy: 0.9073
Epoch 27/500 - Train Loss: 0.7102, Train Accuracy: 0.8700, Test Loss: 0.6188, Test Accuracy: 0.9073
Epoch 28/500 - Train Loss: 0.7009, Train Accuracy: 0.8700, Test Loss: 0.5999, Test Accuracy: 0.9130
Epoch 29/500 - Train Loss: 0.6865, Train Accuracy: 0.9025, Test Loss: 0.5886, Test Accuracy: 0.9143
Epoch 30/500 - Train Loss: 0.6698, Train Accuracy: 0.8825, Test Loss: 0.5874, Test Accuracy: 0.9143
Epoch 31/500 - Train Loss: 0.7092, Train Accuracy: 0.8775, Test Loss: 0.5673, Test Accuracy: 0.9178
Epoch 32/500 - Train Loss: 0.6127, Train Accuracy: 0.9175, Test Loss: 0.5645, Test Accuracy: 0.9200
Epoch 33/500 - Train Loss: 0.6453, Train Accuracy: 0.9025, Test Loss: 0.5655, Test Accuracy: 0.9178
Epoch 34/500 - Train Loss: 0.6083, Train Accuracy: 0.9050, Test Loss: 0.5611, Test Accuracy: 0.9183
Epoch 35/500 - Train Loss: 0.5808, Train Accuracy: 0.9150, Test Loss: 0.5508, Test Accuracy: 0.9191
Epoch 36/500 - Train Loss: 0.5894, Train Accuracy: 0.9050, Test Loss: 0.5475, Test Accuracy: 0.9213
Epoch 37/500 - Train Loss: 0.6355, Train Accuracy: 0.8950, Test Loss: 0.5429, Test Accuracy: 0.9196
Epoch 38/500 - Train Loss: 0.5826, Train Accuracy: 0.9075, Test Loss: 0.5363, Test Accuracy: 0.9213
Epoch 39/500 - Train Loss: 0.6248, Train Accuracy: 0.8950, Test Loss: 0.5304, Test Accuracy: 0.9270
Epoch 40/500 - Train Loss: 0.5974, Train Accuracy: 0.9000, Test Loss: 0.5297, Test Accuracy: 0.9196
Epoch 41/500 - Train Loss: 0.5798, Train Accuracy: 0.9150, Test Loss: 0.5291, Test Accuracy: 0.9248
Epoch 42/500 - Train Loss: 0.5450, Train Accuracy: 0.9325, Test Loss: 0.5217, Test Accuracy: 0.9279
Epoch 43/500 - Train Loss: 0.5508, Train Accuracy: 0.9050, Test Loss: 0.5194, Test Accuracy: 0.9244
Epoch 44/500 - Train Loss: 0.5396, Train Accuracy: 0.9200, Test Loss: 0.5154, Test Accuracy: 0.9274
Epoch 45/500 - Train Loss: 0.5419, Train Accuracy: 0.9275, Test Loss: 0.5104, Test Accuracy: 0.9296
Epoch 46/500 - Train Loss: 0.5313, Train Accuracy: 0.9275, Test Loss: 0.5094, Test Accuracy: 0.9327
Epoch 47/500 - Train Loss: 0.5531, Train Accuracy: 0.9125, Test Loss: 0.5147, Test Accuracy: 0.9283
Epoch 48/500 - Train Loss: 0.5258, Train Accuracy: 0.9275, Test Loss: 0.5095, Test Accuracy: 0.9288
Epoch 49/500 - Train Loss: 0.5135, Train Accuracy: 0.9275, Test Loss: 0.5085, Test Accuracy: 0.9309
Epoch 50/500 - Train Loss: 0.5461, Train Accuracy: 0.9225, Test Loss: 0.5066, Test Accuracy: 0.9296
Epoch 51/500 - Train Loss: 0.5304, Train Accuracy: 0.9225, Test Loss: 0.5018, Test Accuracy: 0.9296
Epoch 52/500 - Train Loss: 0.5451, Train Accuracy: 0.9225, Test Loss: 0.5096, Test Accuracy: 0.9274
Epoch 53/500 - Train Loss: 0.5235, Train Accuracy: 0.9275, Test Loss: 0.5022, Test Accuracy: 0.9283
Epoch 54/500 - Train Loss: 0.5134, Train Accuracy: 0.9375, Test Loss: 0.5053, Test Accuracy: 0.9283
Epoch 55/500 - Train Loss: 0.4961, Train Accuracy: 0.9375, Test Loss: 0.5022, Test Accuracy: 0.9301
Epoch 56/500 - Train Loss: 0.5003, Train Accuracy: 0.9300, Test Loss: 0.5033, Test Accuracy: 0.9270
Epoch 57/500 - Train Loss: 0.4937, Train Accuracy: 0.9375, Test Loss: 0.5006, Test Accuracy: 0.9292
Epoch 58/500 - Train Loss: 0.4846, Train Accuracy: 0.9525, Test Loss: 0.5003, Test Accuracy: 0.9318
Epoch 59/500 - Train Loss: 0.5040, Train Accuracy: 0.9425, Test Loss: 0.5005, Test Accuracy: 0.9292
Epoch 60/500 - Train Loss: 0.5030, Train Accuracy: 0.9325, Test Loss: 0.5000, Test Accuracy: 0.9323
Epoch 61/500 - Train Loss: 0.4634, Train Accuracy: 0.9600, Test Loss: 0.5014, Test Accuracy: 0.9314
Epoch 62/500 - Train Loss: 0.4857, Train Accuracy: 0.9425, Test Loss: 0.4957, Test Accuracy: 0.9327
Epoch 63/500 - Train Loss: 0.4942, Train Accuracy: 0.9350, Test Loss: 0.4985, Test Accuracy: 0.9288
Epoch 64/500 - Train Loss: 0.4755, Train Accuracy: 0.9525, Test Loss: 0.4967, Test Accuracy: 0.9314
Epoch 65/500 - Train Loss: 0.5132, Train Accuracy: 0.9250, Test Loss: 0.4999, Test Accuracy: 0.9340
Epoch 66/500 - Train Loss: 0.5031, Train Accuracy: 0.9225, Test Loss: 0.5003, Test Accuracy: 0.9318
Epoch 67/500 - Train Loss: 0.4866, Train Accuracy: 0.9450, Test Loss: 0.4981, Test Accuracy: 0.9305
Epoch 68/500 - Train Loss: 0.4711, Train Accuracy: 0.9450, Test Loss: 0.4952, Test Accuracy: 0.9301
Epoch 69/500 - Train Loss: 0.4598, Train Accuracy: 0.9600, Test Loss: 0.4933, Test Accuracy: 0.9331
Epoch 70/500 - Train Loss: 0.4583, Train Accuracy: 0.9550, Test Loss: 0.4886, Test Accuracy: 0.9336
Epoch 71/500 - Train Loss: 0.4641, Train Accuracy: 0.9475, Test Loss: 0.4942, Test Accuracy: 0.9314
Epoch 72/500 - Train Loss: 0.4422, Train Accuracy: 0.9625, Test Loss: 0.4991, Test Accuracy: 0.9309
Epoch 73/500 - Train Loss: 0.4489, Train Accuracy: 0.9600, Test Loss: 0.4957, Test Accuracy: 0.9340
Epoch 74/500 - Train Loss: 0.4879, Train Accuracy: 0.9350, Test Loss: 0.4910, Test Accuracy: 0.9349
Epoch 75/500 - Train Loss: 0.4516, Train Accuracy: 0.9575, Test Loss: 0.4962, Test Accuracy: 0.9288
Epoch 76/500 - Train Loss: 0.4474, Train Accuracy: 0.9525, Test Loss: 0.5053, Test Accuracy: 0.9248
Epoch 77/500 - Train Loss: 0.4672, Train Accuracy: 0.9450, Test Loss: 0.5068, Test Accuracy: 0.9222
Epoch 78/500 - Train Loss: 0.4464, Train Accuracy: 0.9550, Test Loss: 0.4991, Test Accuracy: 0.9279
Epoch 79/500 - Train Loss: 0.4166, Train Accuracy: 0.9750, Test Loss: 0.4957, Test Accuracy: 0.9301
Epoch 80/500 - Train Loss: 0.4582, Train Accuracy: 0.9475, Test Loss: 0.4940, Test Accuracy: 0.9323
Epoch 81/500 - Train Loss: 0.4286, Train Accuracy: 0.9725, Test Loss: 0.5045, Test Accuracy: 0.9240
Epoch 82/500 - Train Loss: 0.4232, Train Accuracy: 0.9675, Test Loss: 0.5048, Test Accuracy: 0.9244
Epoch 83/500 - Train Loss: 0.4370, Train Accuracy: 0.9725, Test Loss: 0.5015, Test Accuracy: 0.9253
Epoch 84/500 - Train Loss: 0.4466, Train Accuracy: 0.9525, Test Loss: 0.4975, Test Accuracy: 0.9270
Epoch 85/500 - Train Loss: 0.4577, Train Accuracy: 0.9500, Test Loss: 0.5007, Test Accuracy: 0.9257

Early stopping triggered at epoch 85
Best test loss: 0.4886
Best test accuracy: 0.9349
Plot saved as trained_models/Sweep_data run/metrics/loss.png
Plot saved as trained_models/Sweep_data run/metrics/metrics.png
