Using GPU 0: NVIDIA GeForce RTX 3090
Epoch 1/500 - Train Loss: 2.1677, Train Accuracy: 0.1400, Test Loss: 2.0845, Test Accuracy: 0.1442
Epoch 2/500 - Train Loss: 1.9337, Train Accuracy: 0.2750, Test Loss: 1.9408, Test Accuracy: 0.2456
Epoch 3/500 - Train Loss: 1.7052, Train Accuracy: 0.4275, Test Loss: 1.7500, Test Accuracy: 0.4021
Epoch 4/500 - Train Loss: 1.4986, Train Accuracy: 0.6050, Test Loss: 1.5530, Test Accuracy: 0.5559
Epoch 5/500 - Train Loss: 1.3349, Train Accuracy: 0.6800, Test Loss: 1.3755, Test Accuracy: 0.6639
Epoch 6/500 - Train Loss: 1.1898, Train Accuracy: 0.7675, Test Loss: 1.2171, Test Accuracy: 0.7592
Epoch 7/500 - Train Loss: 1.0549, Train Accuracy: 0.7950, Test Loss: 1.0705, Test Accuracy: 0.8064
Epoch 8/500 - Train Loss: 0.9273, Train Accuracy: 0.8300, Test Loss: 0.9518, Test Accuracy: 0.8348
Epoch 9/500 - Train Loss: 0.8627, Train Accuracy: 0.8400, Test Loss: 0.8419, Test Accuracy: 0.8536
Epoch 10/500 - Train Loss: 0.7913, Train Accuracy: 0.8425, Test Loss: 0.7530, Test Accuracy: 0.8763
Epoch 11/500 - Train Loss: 0.7377, Train Accuracy: 0.8600, Test Loss: 0.6917, Test Accuracy: 0.8920
Epoch 12/500 - Train Loss: 0.6579, Train Accuracy: 0.8725, Test Loss: 0.6473, Test Accuracy: 0.8990
Epoch 13/500 - Train Loss: 0.6577, Train Accuracy: 0.8675, Test Loss: 0.6002, Test Accuracy: 0.9003
Epoch 14/500 - Train Loss: 0.5923, Train Accuracy: 0.9050, Test Loss: 0.5543, Test Accuracy: 0.9152
Epoch 15/500 - Train Loss: 0.5117, Train Accuracy: 0.9225, Test Loss: 0.5286, Test Accuracy: 0.9165
Epoch 16/500 - Train Loss: 0.4968, Train Accuracy: 0.9175, Test Loss: 0.5031, Test Accuracy: 0.9170
Epoch 17/500 - Train Loss: 0.5335, Train Accuracy: 0.8775, Test Loss: 0.4815, Test Accuracy: 0.9240
Epoch 18/500 - Train Loss: 0.4799, Train Accuracy: 0.9075, Test Loss: 0.4584, Test Accuracy: 0.9257
Epoch 19/500 - Train Loss: 0.4314, Train Accuracy: 0.9275, Test Loss: 0.4397, Test Accuracy: 0.9292
Epoch 20/500 - Train Loss: 0.4626, Train Accuracy: 0.9275, Test Loss: 0.4244, Test Accuracy: 0.9331
Epoch 21/500 - Train Loss: 0.4048, Train Accuracy: 0.9325, Test Loss: 0.4138, Test Accuracy: 0.9331
Epoch 22/500 - Train Loss: 0.3834, Train Accuracy: 0.9475, Test Loss: 0.4097, Test Accuracy: 0.9305
Epoch 23/500 - Train Loss: 0.3940, Train Accuracy: 0.9375, Test Loss: 0.4055, Test Accuracy: 0.9305
Epoch 24/500 - Train Loss: 0.3854, Train Accuracy: 0.9450, Test Loss: 0.3933, Test Accuracy: 0.9274
Epoch 25/500 - Train Loss: 0.3484, Train Accuracy: 0.9450, Test Loss: 0.3822, Test Accuracy: 0.9314
Epoch 26/500 - Train Loss: 0.3389, Train Accuracy: 0.9425, Test Loss: 0.3894, Test Accuracy: 0.9240
Epoch 27/500 - Train Loss: 0.3351, Train Accuracy: 0.9500, Test Loss: 0.3853, Test Accuracy: 0.9253
Epoch 28/500 - Train Loss: 0.3397, Train Accuracy: 0.9425, Test Loss: 0.3675, Test Accuracy: 0.9331
Epoch 29/500 - Train Loss: 0.2922, Train Accuracy: 0.9600, Test Loss: 0.3712, Test Accuracy: 0.9279
Epoch 30/500 - Train Loss: 0.2992, Train Accuracy: 0.9625, Test Loss: 0.3935, Test Accuracy: 0.9174
Epoch 31/500 - Train Loss: 0.3105, Train Accuracy: 0.9550, Test Loss: 0.3636, Test Accuracy: 0.9288
Epoch 32/500 - Train Loss: 0.2903, Train Accuracy: 0.9750, Test Loss: 0.3861, Test Accuracy: 0.9231
Epoch 33/500 - Train Loss: 0.2917, Train Accuracy: 0.9675, Test Loss: 0.3639, Test Accuracy: 0.9292
Epoch 34/500 - Train Loss: 0.2615, Train Accuracy: 0.9800, Test Loss: 0.3566, Test Accuracy: 0.9309
Epoch 35/500 - Train Loss: 0.2824, Train Accuracy: 0.9650, Test Loss: 0.3754, Test Accuracy: 0.9257
Epoch 36/500 - Train Loss: 0.2740, Train Accuracy: 0.9675, Test Loss: 0.3472, Test Accuracy: 0.9309
Epoch 37/500 - Train Loss: 0.2683, Train Accuracy: 0.9725, Test Loss: 0.3627, Test Accuracy: 0.9283
Epoch 38/500 - Train Loss: 0.2893, Train Accuracy: 0.9525, Test Loss: 0.3914, Test Accuracy: 0.9205
Epoch 39/500 - Train Loss: 0.2506, Train Accuracy: 0.9775, Test Loss: 0.3923, Test Accuracy: 0.9156
Epoch 40/500 - Train Loss: 0.2697, Train Accuracy: 0.9675, Test Loss: 0.3746, Test Accuracy: 0.9218
Epoch 41/500 - Train Loss: 0.3075, Train Accuracy: 0.9350, Test Loss: 0.3973, Test Accuracy: 0.9100
Epoch 42/500 - Train Loss: 0.2568, Train Accuracy: 0.9700, Test Loss: 0.3410, Test Accuracy: 0.9331
Epoch 43/500 - Train Loss: 0.2269, Train Accuracy: 0.9800, Test Loss: 0.3409, Test Accuracy: 0.9358
Epoch 44/500 - Train Loss: 0.2477, Train Accuracy: 0.9825, Test Loss: 0.3269, Test Accuracy: 0.9406
Epoch 45/500 - Train Loss: 0.2435, Train Accuracy: 0.9700, Test Loss: 0.3415, Test Accuracy: 0.9362
Epoch 46/500 - Train Loss: 0.2574, Train Accuracy: 0.9675, Test Loss: 0.3223, Test Accuracy: 0.9392
Epoch 47/500 - Train Loss: 0.2596, Train Accuracy: 0.9675, Test Loss: 0.3231, Test Accuracy: 0.9406
Epoch 48/500 - Train Loss: 0.2502, Train Accuracy: 0.9625, Test Loss: 0.3514, Test Accuracy: 0.9301
Epoch 49/500 - Train Loss: 0.2565, Train Accuracy: 0.9650, Test Loss: 0.3223, Test Accuracy: 0.9371
Epoch 50/500 - Train Loss: 0.2181, Train Accuracy: 0.9800, Test Loss: 0.3413, Test Accuracy: 0.9323
Epoch 51/500 - Train Loss: 0.2450, Train Accuracy: 0.9725, Test Loss: 0.3473, Test Accuracy: 0.9323
Epoch 52/500 - Train Loss: 0.2250, Train Accuracy: 0.9750, Test Loss: 0.3225, Test Accuracy: 0.9362
Epoch 53/500 - Train Loss: 0.2101, Train Accuracy: 0.9900, Test Loss: 0.3242, Test Accuracy: 0.9358
Epoch 54/500 - Train Loss: 0.2261, Train Accuracy: 0.9725, Test Loss: 0.3286, Test Accuracy: 0.9349
Epoch 55/500 - Train Loss: 0.2334, Train Accuracy: 0.9700, Test Loss: 0.3370, Test Accuracy: 0.9366
Epoch 56/500 - Train Loss: 0.2171, Train Accuracy: 0.9850, Test Loss: 0.3426, Test Accuracy: 0.9340
Epoch 57/500 - Train Loss: 0.2338, Train Accuracy: 0.9775, Test Loss: 0.3333, Test Accuracy: 0.9349
Epoch 58/500 - Train Loss: 0.2114, Train Accuracy: 0.9825, Test Loss: 0.3488, Test Accuracy: 0.9318
Epoch 59/500 - Train Loss: 0.2334, Train Accuracy: 0.9700, Test Loss: 0.3240, Test Accuracy: 0.9375
Epoch 60/500 - Train Loss: 0.1995, Train Accuracy: 0.9900, Test Loss: 0.3281, Test Accuracy: 0.9349
Epoch 61/500 - Train Loss: 0.2524, Train Accuracy: 0.9650, Test Loss: 0.3262, Test Accuracy: 0.9392

Early stopping triggered at epoch 61
Best test loss: 0.3223
Best test accuracy: 0.9406
Plot saved as trained_models/Sweep_data run/metrics/loss.png
Plot saved as trained_models/Sweep_data run/metrics/metrics.png
