Using GPU 0: NVIDIA GeForce RTX 3090
Epoch 1/500 - Train Loss: 2.0377, Train Accuracy: 0.1900, Test Loss: 2.0394, Test Accuracy: 0.2041
Epoch 2/500 - Train Loss: 1.8377, Train Accuracy: 0.3250, Test Loss: 1.7667, Test Accuracy: 0.4375
Epoch 3/500 - Train Loss: 1.6326, Train Accuracy: 0.5425, Test Loss: 1.5410, Test Accuracy: 0.5660
Epoch 4/500 - Train Loss: 1.4764, Train Accuracy: 0.6475, Test Loss: 1.3406, Test Accuracy: 0.7120
Epoch 5/500 - Train Loss: 1.2869, Train Accuracy: 0.7325, Test Loss: 1.1659, Test Accuracy: 0.7959
Epoch 6/500 - Train Loss: 1.1369, Train Accuracy: 0.7800, Test Loss: 1.0252, Test Accuracy: 0.8199
Epoch 7/500 - Train Loss: 1.0304, Train Accuracy: 0.8125, Test Loss: 0.8913, Test Accuracy: 0.8641
Epoch 8/500 - Train Loss: 0.9480, Train Accuracy: 0.7975, Test Loss: 0.7922, Test Accuracy: 0.8824
Epoch 9/500 - Train Loss: 0.8263, Train Accuracy: 0.8625, Test Loss: 0.7153, Test Accuracy: 0.8951
Epoch 10/500 - Train Loss: 0.7602, Train Accuracy: 0.8625, Test Loss: 0.6282, Test Accuracy: 0.9082
Epoch 11/500 - Train Loss: 0.7259, Train Accuracy: 0.8700, Test Loss: 0.5764, Test Accuracy: 0.9135
Epoch 12/500 - Train Loss: 0.6808, Train Accuracy: 0.8500, Test Loss: 0.5233, Test Accuracy: 0.9235
Epoch 13/500 - Train Loss: 0.6329, Train Accuracy: 0.8925, Test Loss: 0.4881, Test Accuracy: 0.9270
Epoch 14/500 - Train Loss: 0.5782, Train Accuracy: 0.9050, Test Loss: 0.4561, Test Accuracy: 0.9292
Epoch 15/500 - Train Loss: 0.5377, Train Accuracy: 0.8950, Test Loss: 0.4276, Test Accuracy: 0.9301
Epoch 16/500 - Train Loss: 0.5179, Train Accuracy: 0.8975, Test Loss: 0.4052, Test Accuracy: 0.9349
Epoch 17/500 - Train Loss: 0.5055, Train Accuracy: 0.9150, Test Loss: 0.3922, Test Accuracy: 0.9379
Epoch 18/500 - Train Loss: 0.4699, Train Accuracy: 0.9025, Test Loss: 0.3788, Test Accuracy: 0.9410
Epoch 19/500 - Train Loss: 0.4550, Train Accuracy: 0.9200, Test Loss: 0.3722, Test Accuracy: 0.9366
Epoch 20/500 - Train Loss: 0.4641, Train Accuracy: 0.9075, Test Loss: 0.3650, Test Accuracy: 0.9366
Epoch 21/500 - Train Loss: 0.4318, Train Accuracy: 0.9125, Test Loss: 0.3511, Test Accuracy: 0.9392
Epoch 22/500 - Train Loss: 0.4109, Train Accuracy: 0.9300, Test Loss: 0.3422, Test Accuracy: 0.9441
Epoch 23/500 - Train Loss: 0.4085, Train Accuracy: 0.9150, Test Loss: 0.3399, Test Accuracy: 0.9406
Epoch 24/500 - Train Loss: 0.3487, Train Accuracy: 0.9600, Test Loss: 0.3341, Test Accuracy: 0.9397
Epoch 25/500 - Train Loss: 0.3716, Train Accuracy: 0.9300, Test Loss: 0.3284, Test Accuracy: 0.9454
Epoch 26/500 - Train Loss: 0.3391, Train Accuracy: 0.9475, Test Loss: 0.3259, Test Accuracy: 0.9462
Epoch 27/500 - Train Loss: 0.3771, Train Accuracy: 0.9300, Test Loss: 0.3299, Test Accuracy: 0.9423
Epoch 28/500 - Train Loss: 0.3317, Train Accuracy: 0.9425, Test Loss: 0.3213, Test Accuracy: 0.9471
Epoch 29/500 - Train Loss: 0.3140, Train Accuracy: 0.9725, Test Loss: 0.3192, Test Accuracy: 0.9462
Epoch 30/500 - Train Loss: 0.3488, Train Accuracy: 0.9350, Test Loss: 0.3171, Test Accuracy: 0.9419
Epoch 31/500 - Train Loss: 0.3208, Train Accuracy: 0.9500, Test Loss: 0.3054, Test Accuracy: 0.9484
Epoch 32/500 - Train Loss: 0.3425, Train Accuracy: 0.9450, Test Loss: 0.3117, Test Accuracy: 0.9445
Epoch 33/500 - Train Loss: 0.3057, Train Accuracy: 0.9650, Test Loss: 0.3215, Test Accuracy: 0.9410
Epoch 34/500 - Train Loss: 0.2803, Train Accuracy: 0.9625, Test Loss: 0.3235, Test Accuracy: 0.9410
Epoch 35/500 - Train Loss: 0.2824, Train Accuracy: 0.9625, Test Loss: 0.3136, Test Accuracy: 0.9410
Epoch 36/500 - Train Loss: 0.2891, Train Accuracy: 0.9525, Test Loss: 0.3097, Test Accuracy: 0.9423
Epoch 37/500 - Train Loss: 0.2636, Train Accuracy: 0.9625, Test Loss: 0.3042, Test Accuracy: 0.9484
Epoch 38/500 - Train Loss: 0.3031, Train Accuracy: 0.9450, Test Loss: 0.3038, Test Accuracy: 0.9484
Epoch 39/500 - Train Loss: 0.2637, Train Accuracy: 0.9675, Test Loss: 0.3097, Test Accuracy: 0.9449
Epoch 40/500 - Train Loss: 0.2441, Train Accuracy: 0.9775, Test Loss: 0.3146, Test Accuracy: 0.9392
Epoch 41/500 - Train Loss: 0.2870, Train Accuracy: 0.9575, Test Loss: 0.3131, Test Accuracy: 0.9427
Epoch 42/500 - Train Loss: 0.2965, Train Accuracy: 0.9450, Test Loss: 0.3138, Test Accuracy: 0.9427
Epoch 43/500 - Train Loss: 0.3030, Train Accuracy: 0.9350, Test Loss: 0.3179, Test Accuracy: 0.9401
Epoch 44/500 - Train Loss: 0.2624, Train Accuracy: 0.9750, Test Loss: 0.3099, Test Accuracy: 0.9436
Epoch 45/500 - Train Loss: 0.2399, Train Accuracy: 0.9800, Test Loss: 0.3049, Test Accuracy: 0.9484
Epoch 46/500 - Train Loss: 0.2429, Train Accuracy: 0.9700, Test Loss: 0.3051, Test Accuracy: 0.9467
Epoch 47/500 - Train Loss: 0.2595, Train Accuracy: 0.9575, Test Loss: 0.3000, Test Accuracy: 0.9458
Epoch 48/500 - Train Loss: 0.2340, Train Accuracy: 0.9750, Test Loss: 0.3056, Test Accuracy: 0.9432
Epoch 49/500 - Train Loss: 0.2508, Train Accuracy: 0.9675, Test Loss: 0.3037, Test Accuracy: 0.9471
Epoch 50/500 - Train Loss: 0.2277, Train Accuracy: 0.9800, Test Loss: 0.3035, Test Accuracy: 0.9449
Epoch 51/500 - Train Loss: 0.2667, Train Accuracy: 0.9575, Test Loss: 0.3046, Test Accuracy: 0.9462
Epoch 52/500 - Train Loss: 0.2415, Train Accuracy: 0.9750, Test Loss: 0.3088, Test Accuracy: 0.9441
Epoch 53/500 - Train Loss: 0.2232, Train Accuracy: 0.9775, Test Loss: 0.3107, Test Accuracy: 0.9423
Epoch 54/500 - Train Loss: 0.2543, Train Accuracy: 0.9600, Test Loss: 0.3103, Test Accuracy: 0.9432
Epoch 55/500 - Train Loss: 0.2687, Train Accuracy: 0.9525, Test Loss: 0.3053, Test Accuracy: 0.9467
Epoch 56/500 - Train Loss: 0.2448, Train Accuracy: 0.9725, Test Loss: 0.3102, Test Accuracy: 0.9406
Epoch 57/500 - Train Loss: 0.2109, Train Accuracy: 0.9875, Test Loss: 0.3002, Test Accuracy: 0.9467
Epoch 58/500 - Train Loss: 0.2241, Train Accuracy: 0.9750, Test Loss: 0.2992, Test Accuracy: 0.9493
Epoch 59/500 - Train Loss: 0.2351, Train Accuracy: 0.9775, Test Loss: 0.3081, Test Accuracy: 0.9436
Epoch 60/500 - Train Loss: 0.2078, Train Accuracy: 0.9850, Test Loss: 0.3066, Test Accuracy: 0.9449
Epoch 61/500 - Train Loss: 0.2298, Train Accuracy: 0.9675, Test Loss: 0.3065, Test Accuracy: 0.9441
Epoch 62/500 - Train Loss: 0.2223, Train Accuracy: 0.9775, Test Loss: 0.3108, Test Accuracy: 0.9414

Early stopping triggered at epoch 62
Best test loss: 0.2992
Best test accuracy: 0.9493
Plot saved as trained_models/Sweep_data run/metrics/loss.png
Plot saved as trained_models/Sweep_data run/metrics/metrics.png
