wandb: Starting wandb agent 🕵️
2026-01-10 19:20:23,086 - wandb.wandb_agent - INFO - Running runs: []
2026-01-10 19:20:23,391 - wandb.wandb_agent - INFO - Agent received command: run
2026-01-10 19:20:23,391 - wandb.wandb_agent - INFO - Agent starting run with config:
	affine: 0.7287660053160594
	blur: 0.9615100928664886
	brightness: 0.7298740280935013
	contrast: 0.9219961370212788
	crop: 0.5488870542849532
	crop_scale: 0.2673039888754695
	flip: 0.0939079601559617
	gaussian_blur_kernel: 9
	gaussian_noise_std: 0.7573076549472003
	grey: 0.7047454548021431
	hue: -0.03603740178907404
	jiggle: 0.004269818730151642
	rotate: 0.4387022402430139
	rotation: 35
	saturation: 0.6674965769901137
	scale: 1.1165483599710706
	shear: 16
	translate_x: 0.2963793396884206
	translate_y: 0.36080968633152705
2026-01-10 19:20:23,395 - wandb.wandb_agent - INFO - About to run command: /usr/bin/env python train_data.py --affine=0.7287660053160594 --blur=0.9615100928664886 --brightness=0.7298740280935013 --contrast=0.9219961370212788 --crop=0.5488870542849532 --crop_scale=0.2673039888754695 --flip=0.0939079601559617 --gaussian_blur_kernel=9 --gaussian_noise_std=0.7573076549472003 --grey=0.7047454548021431 --hue=-0.03603740178907404 --jiggle=0.004269818730151642 --rotate=0.4387022402430139 --rotation=35 --saturation=0.6674965769901137 --scale=1.1165483599710706 --shear=16 --translate_x=0.2963793396884206 --translate_y=0.36080968633152705
wandb: Currently logged in as: arnaumarcosalmansa (mcv-team-6) to https://api.wandb.ai. Use `wandb login --relogin` to force relogin
wandb: WARNING Ignoring project 'C3-Week3' when running a sweep.
wandb: WARNING Ignoring entity 'mcv-team-6' when running a sweep.
wandb: Tracking run with wandb version 0.23.1
wandb: Run data is saved locally in /export/home/group06/workspace/project-team-6/Week3/wandb/run-20260110_192027-7krkgo44
wandb: Run `wandb offline` to turn off syncing.
wandb: Syncing run Sweep run
wandb: ⭐️ View project at https://wandb.ai/mcv-team-6/C3-Week3
wandb: 🧹 View sweep at https://wandb.ai/mcv-team-6/C3-Week3/sweeps/g5vb4edr
wandb: 🚀 View run at https://wandb.ai/mcv-team-6/C3-Week3/runs/7krkgo44
2026-01-10 19:20:28,400 - wandb.wandb_agent - INFO - Running runs: ['7krkgo44']
Traceback (most recent call last):
  File "/export/home/group06/workspace/project-team-6/Week3/train_data.py", line 61, in <module>
    ka.ColorJitter(brightness=cfg.brightness,
  File "/ghome/group06/miniconda3/envs/c3/lib/python3.12/site-packages/kornia/augmentation/_2d/intensity/color_jitter.py", line 105, in __init__
    self._param_generator = rg.ColorJitterGenerator(brightness, contrast, saturation, hue)
                            ^^^^^^^^^^^^^^^^^^^^^^^^^^^^^^^^^^^^^^^^^^^^^^^^^^^^^^^^^^^^^^
  File "/ghome/group06/miniconda3/envs/c3/lib/python3.12/site-packages/kornia/augmentation/random_generator/base.py", line 34, in __call__
    obj.__post_init__()
  File "/ghome/group06/miniconda3/envs/c3/lib/python3.12/site-packages/kornia/augmentation/random_generator/base.py", line 48, in __post_init__
    self.set_rng_device_and_dtype()
  File "/ghome/group06/miniconda3/envs/c3/lib/python3.12/site-packages/kornia/augmentation/random_generator/base.py", line 64, in set_rng_device_and_dtype
    self.make_samplers(device, dtype)
  File "/ghome/group06/miniconda3/envs/c3/lib/python3.12/site-packages/kornia/augmentation/random_generator/_2d/color_jitter.py", line 86, in make_samplers
    hue: Tensor = _range_bound(self.hue, "hue", bounds=(-0.5, 0.5), device=device, dtype=dtype)
                  ^^^^^^^^^^^^^^^^^^^^^^^^^^^^^^^^^^^^^^^^^^^^^^^^^^^^^^^^^^^^^^^^^^^^^^^^^^^^^
  File "/ghome/group06/miniconda3/envs/c3/lib/python3.12/site-packages/kornia/augmentation/utils/param_validation.py", line 53, in _range_bound
    raise ValueError(f"If {name} is a single number, it must be non negative. Got {factor}.")
ValueError: If hue is a single number, it must be non negative. Got -0.03603740036487579.
2026-01-10 19:20:33,542 - wandb.wandb_agent - INFO - Cleaning up finished run: 7krkgo44
wandb: Terminating and syncing runs. Press ctrl-c to kill.
