Using GPU 0: NVIDIA GeForce RTX 3090
Epoch 1/500 - Train Loss: 1.4831, Train Accuracy: 0.5825, Test Loss: 1.8879, Test Accuracy: 0.3711
Epoch 2/500 - Train Loss: 0.6437, Train Accuracy: 0.8825, Test Loss: 1.1056, Test Accuracy: 0.7941
Epoch 3/500 - Train Loss: 0.3702, Train Accuracy: 0.9550, Test Loss: 0.5690, Test Accuracy: 0.8990
Epoch 4/500 - Train Loss: 0.3026, Train Accuracy: 0.9500, Test Loss: 0.3963, Test Accuracy: 0.9209
Epoch 5/500 - Train Loss: 0.2443, Train Accuracy: 0.9675, Test Loss: 0.3213, Test Accuracy: 0.9375
Epoch 6/500 - Train Loss: 0.1943, Train Accuracy: 0.9850, Test Loss: 0.2903, Test Accuracy: 0.9449
Epoch 7/500 - Train Loss: 0.1894, Train Accuracy: 0.9775, Test Loss: 0.2717, Test Accuracy: 0.9497
Epoch 8/500 - Train Loss: 0.1771, Train Accuracy: 0.9900, Test Loss: 0.2644, Test Accuracy: 0.9532
Epoch 9/500 - Train Loss: 0.1569, Train Accuracy: 0.9950, Test Loss: 0.2614, Test Accuracy: 0.9537
Epoch 10/500 - Train Loss: 0.1541, Train Accuracy: 0.9925, Test Loss: 0.2671, Test Accuracy: 0.9493
Epoch 11/500 - Train Loss: 0.1354, Train Accuracy: 0.9950, Test Loss: 0.2630, Test Accuracy: 0.9510
Epoch 12/500 - Train Loss: 0.1524, Train Accuracy: 0.9875, Test Loss: 0.2581, Test Accuracy: 0.9532
Epoch 13/500 - Train Loss: 0.1302, Train Accuracy: 0.9950, Test Loss: 0.2595, Test Accuracy: 0.9510
Epoch 14/500 - Train Loss: 0.1296, Train Accuracy: 1.0000, Test Loss: 0.2545, Test Accuracy: 0.9519
Epoch 15/500 - Train Loss: 0.1451, Train Accuracy: 0.9900, Test Loss: 0.2639, Test Accuracy: 0.9484
Epoch 16/500 - Train Loss: 0.1382, Train Accuracy: 0.9975, Test Loss: 0.2616, Test Accuracy: 0.9471
Epoch 17/500 - Train Loss: 0.1315, Train Accuracy: 0.9975, Test Loss: 0.2552, Test Accuracy: 0.9502
Epoch 18/500 - Train Loss: 0.1416, Train Accuracy: 0.9925, Test Loss: 0.2636, Test Accuracy: 0.9497
Epoch 19/500 - Train Loss: 0.1313, Train Accuracy: 0.9975, Test Loss: 0.2576, Test Accuracy: 0.9497
Epoch 20/500 - Train Loss: 0.1269, Train Accuracy: 0.9975, Test Loss: 0.2551, Test Accuracy: 0.9502
Epoch 21/500 - Train Loss: 0.1244, Train Accuracy: 0.9950, Test Loss: 0.2620, Test Accuracy: 0.9462
Epoch 22/500 - Train Loss: 0.1261, Train Accuracy: 0.9975, Test Loss: 0.2645, Test Accuracy: 0.9454
Epoch 23/500 - Train Loss: 0.1319, Train Accuracy: 0.9925, Test Loss: 0.2559, Test Accuracy: 0.9476
Epoch 24/500 - Train Loss: 0.1184, Train Accuracy: 1.0000, Test Loss: 0.2585, Test Accuracy: 0.9471
Epoch 25/500 - Train Loss: 0.1334, Train Accuracy: 0.9950, Test Loss: 0.2584, Test Accuracy: 0.9484
Epoch 26/500 - Train Loss: 0.1169, Train Accuracy: 1.0000, Test Loss: 0.2618, Test Accuracy: 0.9471
Epoch 27/500 - Train Loss: 0.1249, Train Accuracy: 0.9975, Test Loss: 0.2572, Test Accuracy: 0.9489
Epoch 28/500 - Train Loss: 0.1212, Train Accuracy: 0.9975, Test Loss: 0.2646, Test Accuracy: 0.9471
Epoch 29/500 - Train Loss: 0.1292, Train Accuracy: 0.9950, Test Loss: 0.2826, Test Accuracy: 0.9410

Early stopping triggered at epoch 29
Best test loss: 0.2545
Best test accuracy: 0.9532
Plot saved as trained_models/Sweep run/metrics/loss.png
Plot saved as trained_models/Sweep run/metrics/metrics.png
