Using GPU 0: NVIDIA GeForce RTX 3090
Epoch 1/500 - Train Loss: 2.1520, Train Accuracy: 0.1525, Test Loss: 2.0852, Test Accuracy: 0.1726
Epoch 2/500 - Train Loss: 1.9292, Train Accuracy: 0.2950, Test Loss: 1.9335, Test Accuracy: 0.2863
Epoch 3/500 - Train Loss: 1.7411, Train Accuracy: 0.4300, Test Loss: 1.7652, Test Accuracy: 0.3964
Epoch 4/500 - Train Loss: 1.5603, Train Accuracy: 0.5700, Test Loss: 1.5915, Test Accuracy: 0.5114
Epoch 5/500 - Train Loss: 1.4205, Train Accuracy: 0.6650, Test Loss: 1.4296, Test Accuracy: 0.6447
Epoch 6/500 - Train Loss: 1.2720, Train Accuracy: 0.7125, Test Loss: 1.2770, Test Accuracy: 0.7142
Epoch 7/500 - Train Loss: 1.1730, Train Accuracy: 0.7575, Test Loss: 1.1407, Test Accuracy: 0.7679
Epoch 8/500 - Train Loss: 1.0379, Train Accuracy: 0.8100, Test Loss: 1.0360, Test Accuracy: 0.7845
Epoch 9/500 - Train Loss: 0.9212, Train Accuracy: 0.8250, Test Loss: 0.9325, Test Accuracy: 0.8108
Epoch 10/500 - Train Loss: 0.8784, Train Accuracy: 0.8175, Test Loss: 0.8369, Test Accuracy: 0.8291
Epoch 11/500 - Train Loss: 0.7833, Train Accuracy: 0.8475, Test Loss: 0.7586, Test Accuracy: 0.8418
Epoch 12/500 - Train Loss: 0.6984, Train Accuracy: 0.8600, Test Loss: 0.6983, Test Accuracy: 0.8536
Epoch 13/500 - Train Loss: 0.6788, Train Accuracy: 0.8625, Test Loss: 0.6421, Test Accuracy: 0.8623
Epoch 14/500 - Train Loss: 0.6428, Train Accuracy: 0.8900, Test Loss: 0.6110, Test Accuracy: 0.8654
Epoch 15/500 - Train Loss: 0.6313, Train Accuracy: 0.8825, Test Loss: 0.5757, Test Accuracy: 0.8724
Epoch 16/500 - Train Loss: 0.5914, Train Accuracy: 0.8750, Test Loss: 0.5489, Test Accuracy: 0.8741
Epoch 17/500 - Train Loss: 0.5483, Train Accuracy: 0.8850, Test Loss: 0.5200, Test Accuracy: 0.8877
Epoch 18/500 - Train Loss: 0.5370, Train Accuracy: 0.8925, Test Loss: 0.4875, Test Accuracy: 0.9003
Epoch 19/500 - Train Loss: 0.5186, Train Accuracy: 0.8950, Test Loss: 0.4734, Test Accuracy: 0.9008
Epoch 20/500 - Train Loss: 0.4728, Train Accuracy: 0.9175, Test Loss: 0.4574, Test Accuracy: 0.9095
Epoch 21/500 - Train Loss: 0.4427, Train Accuracy: 0.9300, Test Loss: 0.4444, Test Accuracy: 0.9078
Epoch 22/500 - Train Loss: 0.4386, Train Accuracy: 0.9300, Test Loss: 0.4332, Test Accuracy: 0.9091
Epoch 23/500 - Train Loss: 0.4289, Train Accuracy: 0.9225, Test Loss: 0.4306, Test Accuracy: 0.9078
Epoch 24/500 - Train Loss: 0.4300, Train Accuracy: 0.9200, Test Loss: 0.4101, Test Accuracy: 0.9156
Epoch 25/500 - Train Loss: 0.4074, Train Accuracy: 0.9300, Test Loss: 0.4023, Test Accuracy: 0.9135
Epoch 26/500 - Train Loss: 0.3592, Train Accuracy: 0.9475, Test Loss: 0.3960, Test Accuracy: 0.9156
Epoch 27/500 - Train Loss: 0.3528, Train Accuracy: 0.9425, Test Loss: 0.3864, Test Accuracy: 0.9165
Epoch 28/500 - Train Loss: 0.3765, Train Accuracy: 0.9275, Test Loss: 0.3809, Test Accuracy: 0.9196
Epoch 29/500 - Train Loss: 0.3501, Train Accuracy: 0.9625, Test Loss: 0.3763, Test Accuracy: 0.9209
Epoch 30/500 - Train Loss: 0.3090, Train Accuracy: 0.9750, Test Loss: 0.3680, Test Accuracy: 0.9231
Epoch 31/500 - Train Loss: 0.3328, Train Accuracy: 0.9525, Test Loss: 0.3661, Test Accuracy: 0.9205
Epoch 32/500 - Train Loss: 0.3529, Train Accuracy: 0.9500, Test Loss: 0.3605, Test Accuracy: 0.9231
Epoch 33/500 - Train Loss: 0.3453, Train Accuracy: 0.9425, Test Loss: 0.3580, Test Accuracy: 0.9240
Epoch 34/500 - Train Loss: 0.3124, Train Accuracy: 0.9475, Test Loss: 0.3595, Test Accuracy: 0.9213
Epoch 35/500 - Train Loss: 0.3049, Train Accuracy: 0.9550, Test Loss: 0.3574, Test Accuracy: 0.9218
Epoch 36/500 - Train Loss: 0.2947, Train Accuracy: 0.9575, Test Loss: 0.3582, Test Accuracy: 0.9231
Epoch 37/500 - Train Loss: 0.2748, Train Accuracy: 0.9725, Test Loss: 0.3538, Test Accuracy: 0.9218
Epoch 38/500 - Train Loss: 0.2661, Train Accuracy: 0.9700, Test Loss: 0.3475, Test Accuracy: 0.9270
Epoch 39/500 - Train Loss: 0.2669, Train Accuracy: 0.9725, Test Loss: 0.3431, Test Accuracy: 0.9279
Epoch 40/500 - Train Loss: 0.2818, Train Accuracy: 0.9550, Test Loss: 0.3415, Test Accuracy: 0.9257
Epoch 41/500 - Train Loss: 0.2784, Train Accuracy: 0.9675, Test Loss: 0.3466, Test Accuracy: 0.9261
Epoch 42/500 - Train Loss: 0.2505, Train Accuracy: 0.9700, Test Loss: 0.3403, Test Accuracy: 0.9257
Epoch 43/500 - Train Loss: 0.2351, Train Accuracy: 0.9800, Test Loss: 0.3444, Test Accuracy: 0.9257
Epoch 44/500 - Train Loss: 0.2379, Train Accuracy: 0.9850, Test Loss: 0.3502, Test Accuracy: 0.9222
Epoch 45/500 - Train Loss: 0.2244, Train Accuracy: 0.9925, Test Loss: 0.3431, Test Accuracy: 0.9240
Epoch 46/500 - Train Loss: 0.2618, Train Accuracy: 0.9575, Test Loss: 0.3344, Test Accuracy: 0.9274
Epoch 47/500 - Train Loss: 0.2352, Train Accuracy: 0.9825, Test Loss: 0.3353, Test Accuracy: 0.9283
Epoch 48/500 - Train Loss: 0.2397, Train Accuracy: 0.9725, Test Loss: 0.3342, Test Accuracy: 0.9296
Epoch 49/500 - Train Loss: 0.2268, Train Accuracy: 0.9825, Test Loss: 0.3372, Test Accuracy: 0.9270
Epoch 50/500 - Train Loss: 0.2295, Train Accuracy: 0.9700, Test Loss: 0.3317, Test Accuracy: 0.9279
Epoch 51/500 - Train Loss: 0.2218, Train Accuracy: 0.9800, Test Loss: 0.3457, Test Accuracy: 0.9248
Epoch 52/500 - Train Loss: 0.2210, Train Accuracy: 0.9850, Test Loss: 0.3448, Test Accuracy: 0.9244
Epoch 53/500 - Train Loss: 0.2141, Train Accuracy: 0.9825, Test Loss: 0.3336, Test Accuracy: 0.9257
Epoch 54/500 - Train Loss: 0.2074, Train Accuracy: 0.9875, Test Loss: 0.3260, Test Accuracy: 0.9314
Epoch 55/500 - Train Loss: 0.2150, Train Accuracy: 0.9775, Test Loss: 0.3367, Test Accuracy: 0.9301
Epoch 56/500 - Train Loss: 0.2178, Train Accuracy: 0.9775, Test Loss: 0.3333, Test Accuracy: 0.9323
Epoch 57/500 - Train Loss: 0.2263, Train Accuracy: 0.9725, Test Loss: 0.3343, Test Accuracy: 0.9305
Epoch 58/500 - Train Loss: 0.2243, Train Accuracy: 0.9775, Test Loss: 0.3351, Test Accuracy: 0.9340
Epoch 59/500 - Train Loss: 0.2176, Train Accuracy: 0.9800, Test Loss: 0.3406, Test Accuracy: 0.9292
Epoch 60/500 - Train Loss: 0.2054, Train Accuracy: 0.9950, Test Loss: 0.3442, Test Accuracy: 0.9235
Epoch 61/500 - Train Loss: 0.2097, Train Accuracy: 0.9800, Test Loss: 0.3507, Test Accuracy: 0.9218
Epoch 62/500 - Train Loss: 0.1863, Train Accuracy: 0.9900, Test Loss: 0.3544, Test Accuracy: 0.9213
Epoch 63/500 - Train Loss: 0.2079, Train Accuracy: 0.9825, Test Loss: 0.3575, Test Accuracy: 0.9187
Epoch 64/500 - Train Loss: 0.2122, Train Accuracy: 0.9775, Test Loss: 0.3409, Test Accuracy: 0.9261
Epoch 65/500 - Train Loss: 0.1816, Train Accuracy: 0.9950, Test Loss: 0.3386, Test Accuracy: 0.9253
Epoch 66/500 - Train Loss: 0.1984, Train Accuracy: 0.9775, Test Loss: 0.3271, Test Accuracy: 0.9301
Epoch 67/500 - Train Loss: 0.2024, Train Accuracy: 0.9850, Test Loss: 0.3367, Test Accuracy: 0.9309
Epoch 68/500 - Train Loss: 0.2022, Train Accuracy: 0.9850, Test Loss: 0.3414, Test Accuracy: 0.9279
Epoch 69/500 - Train Loss: 0.2149, Train Accuracy: 0.9825, Test Loss: 0.3242, Test Accuracy: 0.9349
Epoch 70/500 - Train Loss: 0.1998, Train Accuracy: 0.9875, Test Loss: 0.3268, Test Accuracy: 0.9323
Epoch 71/500 - Train Loss: 0.1969, Train Accuracy: 0.9850, Test Loss: 0.3293, Test Accuracy: 0.9296
Epoch 72/500 - Train Loss: 0.1958, Train Accuracy: 0.9875, Test Loss: 0.3352, Test Accuracy: 0.9274
Epoch 73/500 - Train Loss: 0.2002, Train Accuracy: 0.9750, Test Loss: 0.3484, Test Accuracy: 0.9240
Epoch 74/500 - Train Loss: 0.1885, Train Accuracy: 0.9900, Test Loss: 0.3387, Test Accuracy: 0.9261
Epoch 75/500 - Train Loss: 0.2046, Train Accuracy: 0.9825, Test Loss: 0.3357, Test Accuracy: 0.9292
Epoch 76/500 - Train Loss: 0.2024, Train Accuracy: 0.9825, Test Loss: 0.3339, Test Accuracy: 0.9279
Epoch 77/500 - Train Loss: 0.1660, Train Accuracy: 1.0000, Test Loss: 0.3330, Test Accuracy: 0.9253
Epoch 78/500 - Train Loss: 0.1940, Train Accuracy: 0.9875, Test Loss: 0.3274, Test Accuracy: 0.9301
Epoch 79/500 - Train Loss: 0.1970, Train Accuracy: 0.9850, Test Loss: 0.3258, Test Accuracy: 0.9323
Epoch 80/500 - Train Loss: 0.1828, Train Accuracy: 0.9925, Test Loss: 0.3263, Test Accuracy: 0.9279
Epoch 81/500 - Train Loss: 0.1831, Train Accuracy: 0.9925, Test Loss: 0.3352, Test Accuracy: 0.9296
Epoch 82/500 - Train Loss: 0.1824, Train Accuracy: 0.9850, Test Loss: 0.3326, Test Accuracy: 0.9318
Epoch 83/500 - Train Loss: 0.1832, Train Accuracy: 0.9900, Test Loss: 0.3325, Test Accuracy: 0.9301
Epoch 84/500 - Train Loss: 0.1689, Train Accuracy: 0.9975, Test Loss: 0.3348, Test Accuracy: 0.9279

Early stopping triggered at epoch 84
Best test loss: 0.3242
Best test accuracy: 0.9349
Plot saved as trained_models/Sweep_data run/metrics/loss.png
Plot saved as trained_models/Sweep_data run/metrics/metrics.png
