wandb: Starting wandb agent 🕵️
2026-01-10 20:32:47,630 - wandb.wandb_agent - INFO - Running runs: []
2026-01-10 20:32:47,975 - wandb.wandb_agent - INFO - Agent received command: run
2026-01-10 20:32:47,975 - wandb.wandb_agent - INFO - Agent starting run with config:
	affine: 0.3699509579915563
	blur: 0.6861423848474747
	brightness: 1.0964812019383816
	contrast: 0.6601781561223439
	crop: 0.08817676089814375
	crop_scale: 0.648844306922391
	flip: 0.1061980871285748
	gaussian_blur_kernel: 5
	gaussian_noise_std: 2.234666612941007
	grey: 0.8825883934829463
	hue: -0.03937988494186027
	jiggle: 0.15321859793427528
	rotate: 0.4584862048449734
	rotation: 28
	saturation: 0.6646913883320806
	scale: 0.8938926549295866
	shear: 27
	translate_x: 0.33238709641759506
	translate_y: 0.1851042225342047
2026-01-10 20:32:47,979 - wandb.wandb_agent - INFO - About to run command: /usr/bin/env python train_data.py --affine=0.3699509579915563 --blur=0.6861423848474747 --brightness=1.0964812019383816 --contrast=0.6601781561223439 --crop=0.08817676089814375 --crop_scale=0.648844306922391 --flip=0.1061980871285748 --gaussian_blur_kernel=5 --gaussian_noise_std=2.234666612941007 --grey=0.8825883934829463 --hue=-0.03937988494186027 --jiggle=0.15321859793427528 --rotate=0.4584862048449734 --rotation=28 --saturation=0.6646913883320806 --scale=0.8938926549295866 --shear=27 --translate_x=0.33238709641759506 --translate_y=0.1851042225342047
wandb: Currently logged in as: arnaumarcosalmansa (mcv-team-6) to https://api.wandb.ai. Use `wandb login --relogin` to force relogin
wandb: WARNING Ignoring project 'C3-Week3' when running a sweep.
wandb: WARNING Ignoring entity 'mcv-team-6' when running a sweep.
2026-01-10 20:32:52,985 - wandb.wandb_agent - INFO - Running runs: ['bc9r1ur7']
wandb: Tracking run with wandb version 0.23.1
wandb: Run data is saved locally in /export/home/group06/workspace/project-team-6/Week3/wandb/run-20260110_203252-bc9r1ur7
wandb: Run `wandb offline` to turn off syncing.
wandb: Syncing run Sweep run
wandb: ⭐️ View project at https://wandb.ai/mcv-team-6/C3-Week3
wandb: 🧹 View sweep at https://wandb.ai/mcv-team-6/C3-Week3/sweeps/g5vb4edr
wandb: 🚀 View run at https://wandb.ai/mcv-team-6/C3-Week3/runs/bc9r1ur7
Traceback (most recent call last):
  File "/export/home/group06/workspace/project-team-6/Week3/train_data.py", line 61, in <module>
    ka.ColorJitter(brightness=cfg.brightness,
  File "/ghome/group06/miniconda3/envs/c3/lib/python3.12/site-packages/kornia/augmentation/_2d/intensity/color_jitter.py", line 105, in __init__
    self._param_generator = rg.ColorJitterGenerator(brightness, contrast, saturation, hue)
                            ^^^^^^^^^^^^^^^^^^^^^^^^^^^^^^^^^^^^^^^^^^^^^^^^^^^^^^^^^^^^^^
  File "/ghome/group06/miniconda3/envs/c3/lib/python3.12/site-packages/kornia/augmentation/random_generator/base.py", line 34, in __call__
    obj.__post_init__()
  File "/ghome/group06/miniconda3/envs/c3/lib/python3.12/site-packages/kornia/augmentation/random_generator/base.py", line 48, in __post_init__
    self.set_rng_device_and_dtype()
  File "/ghome/group06/miniconda3/envs/c3/lib/python3.12/site-packages/kornia/augmentation/random_generator/base.py", line 64, in set_rng_device_and_dtype
    self.make_samplers(device, dtype)
  File "/ghome/group06/miniconda3/envs/c3/lib/python3.12/site-packages/kornia/augmentation/random_generator/_2d/color_jitter.py", line 86, in make_samplers
    hue: Tensor = _range_bound(self.hue, "hue", bounds=(-0.5, 0.5), device=device, dtype=dtype)
                  ^^^^^^^^^^^^^^^^^^^^^^^^^^^^^^^^^^^^^^^^^^^^^^^^^^^^^^^^^^^^^^^^^^^^^^^^^^^^^
  File "/ghome/group06/miniconda3/envs/c3/lib/python3.12/site-packages/kornia/augmentation/utils/param_validation.py", line 53, in _range_bound
    raise ValueError(f"If {name} is a single number, it must be non negative. Got {factor}.")
ValueError: If hue is a single number, it must be non negative. Got -0.03937988355755806.
2026-01-10 20:32:58,132 - wandb.wandb_agent - INFO - Cleaning up finished run: bc9r1ur7
wandb: Terminating and syncing runs. Press ctrl-c to kill.
