wandb: Starting wandb agent 🕵️
2026-01-10 19:40:48,041 - wandb.wandb_agent - INFO - Running runs: []
2026-01-10 19:40:48,398 - wandb.wandb_agent - INFO - Agent received command: run
2026-01-10 19:40:48,398 - wandb.wandb_agent - INFO - Agent starting run with config:
	affine: 0.476059557858412
	blur: 0.9016080656968728
	brightness: 1.3119997051805568
	contrast: 0.8855601428613369
	crop: 0.25270733267571843
	crop_scale: 0.6465091720710756
	flip: 0.715534646558
	gaussian_blur_kernel: 9
	gaussian_noise_std: 0.8265705603664889
	grey: 0.09692633519278526
	hue: -0.09373948720619728
	jiggle: 0.3158547824137977
	rotate: 0.5627368048063012
	rotation: 37
	saturation: 1.2349163587028515
	scale: 1.106307023492111
	shear: 25
	translate_x: 0.3639378603971342
	translate_y: 0.37309503351417167
2026-01-10 19:40:48,402 - wandb.wandb_agent - INFO - About to run command: /usr/bin/env python train_data.py --affine=0.476059557858412 --blur=0.9016080656968728 --brightness=1.3119997051805568 --contrast=0.8855601428613369 --crop=0.25270733267571843 --crop_scale=0.6465091720710756 --flip=0.715534646558 --gaussian_blur_kernel=9 --gaussian_noise_std=0.8265705603664889 --grey=0.09692633519278526 --hue=-0.09373948720619728 --jiggle=0.3158547824137977 --rotate=0.5627368048063012 --rotation=37 --saturation=1.2349163587028515 --scale=1.106307023492111 --shear=25 --translate_x=0.3639378603971342 --translate_y=0.37309503351417167
wandb: Currently logged in as: arnaumarcosalmansa (mcv-team-6) to https://api.wandb.ai. Use `wandb login --relogin` to force relogin
wandb: WARNING Ignoring project 'C3-Week3' when running a sweep.
wandb: WARNING Ignoring entity 'mcv-team-6' when running a sweep.
2026-01-10 19:40:53,409 - wandb.wandb_agent - INFO - Running runs: ['utlm4byr']
wandb: Tracking run with wandb version 0.23.1
wandb: Run data is saved locally in /export/home/group06/workspace/project-team-6/Week3/wandb/run-20260110_194052-utlm4byr
wandb: Run `wandb offline` to turn off syncing.
wandb: Syncing run Sweep run
wandb: ⭐️ View project at https://wandb.ai/mcv-team-6/C3-Week3
wandb: 🧹 View sweep at https://wandb.ai/mcv-team-6/C3-Week3/sweeps/g5vb4edr
wandb: 🚀 View run at https://wandb.ai/mcv-team-6/C3-Week3/runs/utlm4byr
Traceback (most recent call last):
  File "/export/home/group06/workspace/project-team-6/Week3/train_data.py", line 61, in <module>
    ka.ColorJitter(brightness=cfg.brightness,
  File "/ghome/group06/miniconda3/envs/c3/lib/python3.12/site-packages/kornia/augmentation/_2d/intensity/color_jitter.py", line 105, in __init__
    self._param_generator = rg.ColorJitterGenerator(brightness, contrast, saturation, hue)
                            ^^^^^^^^^^^^^^^^^^^^^^^^^^^^^^^^^^^^^^^^^^^^^^^^^^^^^^^^^^^^^^
  File "/ghome/group06/miniconda3/envs/c3/lib/python3.12/site-packages/kornia/augmentation/random_generator/base.py", line 34, in __call__
    obj.__post_init__()
  File "/ghome/group06/miniconda3/envs/c3/lib/python3.12/site-packages/kornia/augmentation/random_generator/base.py", line 48, in __post_init__
    self.set_rng_device_and_dtype()
  File "/ghome/group06/miniconda3/envs/c3/lib/python3.12/site-packages/kornia/augmentation/random_generator/base.py", line 64, in set_rng_device_and_dtype
    self.make_samplers(device, dtype)
  File "/ghome/group06/miniconda3/envs/c3/lib/python3.12/site-packages/kornia/augmentation/random_generator/_2d/color_jitter.py", line 86, in make_samplers
    hue: Tensor = _range_bound(self.hue, "hue", bounds=(-0.5, 0.5), device=device, dtype=dtype)
                  ^^^^^^^^^^^^^^^^^^^^^^^^^^^^^^^^^^^^^^^^^^^^^^^^^^^^^^^^^^^^^^^^^^^^^^^^^^^^^
  File "/ghome/group06/miniconda3/envs/c3/lib/python3.12/site-packages/kornia/augmentation/utils/param_validation.py", line 53, in _range_bound
    raise ValueError(f"If {name} is a single number, it must be non negative. Got {factor}.")
ValueError: If hue is a single number, it must be non negative. Got -0.09373948723077774.
2026-01-10 19:40:58,564 - wandb.wandb_agent - INFO - Cleaning up finished run: utlm4byr
wandb: Terminating and syncing runs. Press ctrl-c to kill.
