Using GPU 0: NVIDIA GeForce RTX 3090
Epoch 1/500 - Train Loss: 2.2024, Train Accuracy: 0.1325, Test Loss: 2.0746, Test Accuracy: 0.1101
Epoch 2/500 - Train Loss: 1.9320, Train Accuracy: 0.1800, Test Loss: 1.9053, Test Accuracy: 0.1866
Epoch 3/500 - Train Loss: 1.7759, Train Accuracy: 0.2725, Test Loss: 1.7145, Test Accuracy: 0.3282
Epoch 4/500 - Train Loss: 1.5783, Train Accuracy: 0.5075, Test Loss: 1.5221, Test Accuracy: 0.5232
Epoch 5/500 - Train Loss: 1.4231, Train Accuracy: 0.6425, Test Loss: 1.3444, Test Accuracy: 0.6652
Epoch 6/500 - Train Loss: 1.2676, Train Accuracy: 0.7475, Test Loss: 1.2000, Test Accuracy: 0.7579
Epoch 7/500 - Train Loss: 1.1291, Train Accuracy: 0.7850, Test Loss: 1.0629, Test Accuracy: 0.8108
Epoch 8/500 - Train Loss: 1.0516, Train Accuracy: 0.8050, Test Loss: 0.9413, Test Accuracy: 0.8422
Epoch 9/500 - Train Loss: 0.9401, Train Accuracy: 0.8150, Test Loss: 0.8370, Test Accuracy: 0.8566
Epoch 10/500 - Train Loss: 0.8596, Train Accuracy: 0.8275, Test Loss: 0.7566, Test Accuracy: 0.8698
Epoch 11/500 - Train Loss: 0.8047, Train Accuracy: 0.8250, Test Loss: 0.6940, Test Accuracy: 0.8842
Epoch 12/500 - Train Loss: 0.7285, Train Accuracy: 0.8550, Test Loss: 0.6307, Test Accuracy: 0.8916
Epoch 13/500 - Train Loss: 0.6860, Train Accuracy: 0.8625, Test Loss: 0.5816, Test Accuracy: 0.9003
Epoch 14/500 - Train Loss: 0.6304, Train Accuracy: 0.8725, Test Loss: 0.5477, Test Accuracy: 0.9034
Epoch 15/500 - Train Loss: 0.6051, Train Accuracy: 0.8850, Test Loss: 0.5124, Test Accuracy: 0.9087
Epoch 16/500 - Train Loss: 0.5979, Train Accuracy: 0.8800, Test Loss: 0.4891, Test Accuracy: 0.9100
Epoch 17/500 - Train Loss: 0.5475, Train Accuracy: 0.8900, Test Loss: 0.4580, Test Accuracy: 0.9174
Epoch 18/500 - Train Loss: 0.5530, Train Accuracy: 0.8875, Test Loss: 0.4495, Test Accuracy: 0.9156
Epoch 19/500 - Train Loss: 0.4980, Train Accuracy: 0.9250, Test Loss: 0.4493, Test Accuracy: 0.9108
Epoch 20/500 - Train Loss: 0.4920, Train Accuracy: 0.9100, Test Loss: 0.4466, Test Accuracy: 0.9104
Epoch 21/500 - Train Loss: 0.4569, Train Accuracy: 0.9200, Test Loss: 0.4473, Test Accuracy: 0.9161
Epoch 22/500 - Train Loss: 0.4410, Train Accuracy: 0.9200, Test Loss: 0.4135, Test Accuracy: 0.9235
Epoch 23/500 - Train Loss: 0.4630, Train Accuracy: 0.9150, Test Loss: 0.4052, Test Accuracy: 0.9248
Epoch 24/500 - Train Loss: 0.4398, Train Accuracy: 0.8950, Test Loss: 0.4049, Test Accuracy: 0.9235
Epoch 25/500 - Train Loss: 0.4322, Train Accuracy: 0.9050, Test Loss: 0.4038, Test Accuracy: 0.9218
Epoch 26/500 - Train Loss: 0.4081, Train Accuracy: 0.9050, Test Loss: 0.3827, Test Accuracy: 0.9274
Epoch 27/500 - Train Loss: 0.3794, Train Accuracy: 0.9475, Test Loss: 0.3874, Test Accuracy: 0.9209
Epoch 28/500 - Train Loss: 0.3784, Train Accuracy: 0.9550, Test Loss: 0.3870, Test Accuracy: 0.9205
Epoch 29/500 - Train Loss: 0.3623, Train Accuracy: 0.9450, Test Loss: 0.3869, Test Accuracy: 0.9200
Epoch 30/500 - Train Loss: 0.3693, Train Accuracy: 0.9475, Test Loss: 0.3815, Test Accuracy: 0.9248
Epoch 31/500 - Train Loss: 0.3677, Train Accuracy: 0.9300, Test Loss: 0.3774, Test Accuracy: 0.9261
Epoch 32/500 - Train Loss: 0.3567, Train Accuracy: 0.9500, Test Loss: 0.3707, Test Accuracy: 0.9270
Epoch 33/500 - Train Loss: 0.3634, Train Accuracy: 0.9225, Test Loss: 0.3735, Test Accuracy: 0.9231
Epoch 34/500 - Train Loss: 0.3238, Train Accuracy: 0.9550, Test Loss: 0.3724, Test Accuracy: 0.9253
Epoch 35/500 - Train Loss: 0.3178, Train Accuracy: 0.9650, Test Loss: 0.3613, Test Accuracy: 0.9283
Epoch 36/500 - Train Loss: 0.3202, Train Accuracy: 0.9525, Test Loss: 0.3643, Test Accuracy: 0.9274
Epoch 37/500 - Train Loss: 0.3016, Train Accuracy: 0.9675, Test Loss: 0.3530, Test Accuracy: 0.9301
Epoch 38/500 - Train Loss: 0.3129, Train Accuracy: 0.9575, Test Loss: 0.3535, Test Accuracy: 0.9336
Epoch 39/500 - Train Loss: 0.3205, Train Accuracy: 0.9500, Test Loss: 0.3544, Test Accuracy: 0.9301
Epoch 40/500 - Train Loss: 0.3230, Train Accuracy: 0.9450, Test Loss: 0.3530, Test Accuracy: 0.9340
Epoch 41/500 - Train Loss: 0.3233, Train Accuracy: 0.9550, Test Loss: 0.3478, Test Accuracy: 0.9305
Epoch 42/500 - Train Loss: 0.2817, Train Accuracy: 0.9575, Test Loss: 0.3569, Test Accuracy: 0.9288
Epoch 43/500 - Train Loss: 0.2883, Train Accuracy: 0.9525, Test Loss: 0.3699, Test Accuracy: 0.9226
Epoch 44/500 - Train Loss: 0.2835, Train Accuracy: 0.9575, Test Loss: 0.3453, Test Accuracy: 0.9314
Epoch 45/500 - Train Loss: 0.2637, Train Accuracy: 0.9575, Test Loss: 0.3475, Test Accuracy: 0.9323
Epoch 46/500 - Train Loss: 0.2835, Train Accuracy: 0.9675, Test Loss: 0.3455, Test Accuracy: 0.9309
Epoch 47/500 - Train Loss: 0.3149, Train Accuracy: 0.9475, Test Loss: 0.3546, Test Accuracy: 0.9292
Epoch 48/500 - Train Loss: 0.2927, Train Accuracy: 0.9600, Test Loss: 0.3629, Test Accuracy: 0.9240
Epoch 49/500 - Train Loss: 0.2600, Train Accuracy: 0.9675, Test Loss: 0.3701, Test Accuracy: 0.9248
Epoch 50/500 - Train Loss: 0.2529, Train Accuracy: 0.9675, Test Loss: 0.3640, Test Accuracy: 0.9183
Epoch 51/500 - Train Loss: 0.2558, Train Accuracy: 0.9650, Test Loss: 0.3784, Test Accuracy: 0.9139
Epoch 52/500 - Train Loss: 0.2743, Train Accuracy: 0.9525, Test Loss: 0.3593, Test Accuracy: 0.9213
Epoch 53/500 - Train Loss: 0.2415, Train Accuracy: 0.9675, Test Loss: 0.3808, Test Accuracy: 0.9135
Epoch 54/500 - Train Loss: 0.2796, Train Accuracy: 0.9525, Test Loss: 0.3662, Test Accuracy: 0.9200
Epoch 55/500 - Train Loss: 0.2408, Train Accuracy: 0.9750, Test Loss: 0.3536, Test Accuracy: 0.9257
Epoch 56/500 - Train Loss: 0.2636, Train Accuracy: 0.9575, Test Loss: 0.3638, Test Accuracy: 0.9191
Epoch 57/500 - Train Loss: 0.2522, Train Accuracy: 0.9650, Test Loss: 0.3765, Test Accuracy: 0.9130
Epoch 58/500 - Train Loss: 0.2660, Train Accuracy: 0.9600, Test Loss: 0.3620, Test Accuracy: 0.9222
Epoch 59/500 - Train Loss: 0.2450, Train Accuracy: 0.9725, Test Loss: 0.3609, Test Accuracy: 0.9209

Early stopping triggered at epoch 59
Best test loss: 0.3453
Best test accuracy: 0.9340
Plot saved as trained_models/Sweep_data run/metrics/loss.png
Plot saved as trained_models/Sweep_data run/metrics/metrics.png
