Using GPU 0: NVIDIA GeForce RTX 3090
Epoch 1/500 - Train Loss: 2.1112, Train Accuracy: 0.1300, Test Loss: 2.0733, Test Accuracy: 0.1184
Epoch 2/500 - Train Loss: 1.9267, Train Accuracy: 0.2575, Test Loss: 1.8640, Test Accuracy: 0.3431
Epoch 3/500 - Train Loss: 1.7731, Train Accuracy: 0.4325, Test Loss: 1.6711, Test Accuracy: 0.5192
Epoch 4/500 - Train Loss: 1.6308, Train Accuracy: 0.4875, Test Loss: 1.5083, Test Accuracy: 0.6289
Epoch 5/500 - Train Loss: 1.4792, Train Accuracy: 0.6100, Test Loss: 1.3659, Test Accuracy: 0.6993
Epoch 6/500 - Train Loss: 1.3873, Train Accuracy: 0.6225, Test Loss: 1.2290, Test Accuracy: 0.7439
Epoch 7/500 - Train Loss: 1.2600, Train Accuracy: 0.6825, Test Loss: 1.1234, Test Accuracy: 0.7548
Epoch 8/500 - Train Loss: 1.1735, Train Accuracy: 0.7550, Test Loss: 1.0148, Test Accuracy: 0.7898
Epoch 9/500 - Train Loss: 1.0753, Train Accuracy: 0.7375, Test Loss: 0.9218, Test Accuracy: 0.8134
Epoch 10/500 - Train Loss: 1.0324, Train Accuracy: 0.7725, Test Loss: 0.8566, Test Accuracy: 0.8370
Epoch 11/500 - Train Loss: 0.9272, Train Accuracy: 0.7950, Test Loss: 0.7872, Test Accuracy: 0.8523
Epoch 12/500 - Train Loss: 0.8854, Train Accuracy: 0.7950, Test Loss: 0.7230, Test Accuracy: 0.8715
Epoch 13/500 - Train Loss: 0.7947, Train Accuracy: 0.8400, Test Loss: 0.6637, Test Accuracy: 0.8772
Epoch 14/500 - Train Loss: 0.7713, Train Accuracy: 0.8525, Test Loss: 0.6113, Test Accuracy: 0.8802
Epoch 15/500 - Train Loss: 0.6975, Train Accuracy: 0.8600, Test Loss: 0.5731, Test Accuracy: 0.8942
Epoch 16/500 - Train Loss: 0.6775, Train Accuracy: 0.8550, Test Loss: 0.5453, Test Accuracy: 0.9047
Epoch 17/500 - Train Loss: 0.6235, Train Accuracy: 0.8875, Test Loss: 0.5198, Test Accuracy: 0.9030
Epoch 18/500 - Train Loss: 0.6144, Train Accuracy: 0.8675, Test Loss: 0.4918, Test Accuracy: 0.9073
Epoch 19/500 - Train Loss: 0.6274, Train Accuracy: 0.8750, Test Loss: 0.4689, Test Accuracy: 0.9165
Epoch 20/500 - Train Loss: 0.5740, Train Accuracy: 0.8775, Test Loss: 0.4636, Test Accuracy: 0.9200
Epoch 21/500 - Train Loss: 0.5487, Train Accuracy: 0.8750, Test Loss: 0.4454, Test Accuracy: 0.9231
Epoch 22/500 - Train Loss: 0.5129, Train Accuracy: 0.9050, Test Loss: 0.4267, Test Accuracy: 0.9222
Epoch 23/500 - Train Loss: 0.5269, Train Accuracy: 0.8900, Test Loss: 0.4097, Test Accuracy: 0.9279
Epoch 24/500 - Train Loss: 0.4929, Train Accuracy: 0.9075, Test Loss: 0.4065, Test Accuracy: 0.9231
Epoch 25/500 - Train Loss: 0.4957, Train Accuracy: 0.9000, Test Loss: 0.3957, Test Accuracy: 0.9270
Epoch 26/500 - Train Loss: 0.4749, Train Accuracy: 0.8900, Test Loss: 0.3856, Test Accuracy: 0.9301
Epoch 27/500 - Train Loss: 0.4609, Train Accuracy: 0.9000, Test Loss: 0.3746, Test Accuracy: 0.9331
Epoch 28/500 - Train Loss: 0.4650, Train Accuracy: 0.9075, Test Loss: 0.3768, Test Accuracy: 0.9248
Epoch 29/500 - Train Loss: 0.4406, Train Accuracy: 0.9125, Test Loss: 0.3724, Test Accuracy: 0.9292
Epoch 30/500 - Train Loss: 0.3873, Train Accuracy: 0.9275, Test Loss: 0.3636, Test Accuracy: 0.9331
Epoch 31/500 - Train Loss: 0.4343, Train Accuracy: 0.9025, Test Loss: 0.3614, Test Accuracy: 0.9344
Epoch 32/500 - Train Loss: 0.4135, Train Accuracy: 0.9275, Test Loss: 0.3644, Test Accuracy: 0.9314
Epoch 33/500 - Train Loss: 0.3949, Train Accuracy: 0.9150, Test Loss: 0.3524, Test Accuracy: 0.9344
Epoch 34/500 - Train Loss: 0.3611, Train Accuracy: 0.9400, Test Loss: 0.3493, Test Accuracy: 0.9314
Epoch 35/500 - Train Loss: 0.4012, Train Accuracy: 0.9250, Test Loss: 0.3665, Test Accuracy: 0.9231
Epoch 36/500 - Train Loss: 0.3422, Train Accuracy: 0.9400, Test Loss: 0.3563, Test Accuracy: 0.9296
Epoch 37/500 - Train Loss: 0.3315, Train Accuracy: 0.9550, Test Loss: 0.3486, Test Accuracy: 0.9340
Epoch 38/500 - Train Loss: 0.3325, Train Accuracy: 0.9475, Test Loss: 0.3395, Test Accuracy: 0.9366
Epoch 39/500 - Train Loss: 0.3104, Train Accuracy: 0.9600, Test Loss: 0.3530, Test Accuracy: 0.9314
Epoch 40/500 - Train Loss: 0.3340, Train Accuracy: 0.9425, Test Loss: 0.3670, Test Accuracy: 0.9231
Epoch 41/500 - Train Loss: 0.3484, Train Accuracy: 0.9275, Test Loss: 0.3572, Test Accuracy: 0.9266
Epoch 42/500 - Train Loss: 0.3122, Train Accuracy: 0.9400, Test Loss: 0.3458, Test Accuracy: 0.9344
Epoch 43/500 - Train Loss: 0.3184, Train Accuracy: 0.9425, Test Loss: 0.3379, Test Accuracy: 0.9349
Epoch 44/500 - Train Loss: 0.3249, Train Accuracy: 0.9375, Test Loss: 0.3431, Test Accuracy: 0.9314
Epoch 45/500 - Train Loss: 0.3071, Train Accuracy: 0.9575, Test Loss: 0.3459, Test Accuracy: 0.9318
Epoch 46/500 - Train Loss: 0.2945, Train Accuracy: 0.9550, Test Loss: 0.3522, Test Accuracy: 0.9240
Epoch 47/500 - Train Loss: 0.2777, Train Accuracy: 0.9675, Test Loss: 0.3521, Test Accuracy: 0.9274
Epoch 48/500 - Train Loss: 0.2813, Train Accuracy: 0.9550, Test Loss: 0.3361, Test Accuracy: 0.9366
Epoch 49/500 - Train Loss: 0.3208, Train Accuracy: 0.9425, Test Loss: 0.3356, Test Accuracy: 0.9349
Epoch 50/500 - Train Loss: 0.2550, Train Accuracy: 0.9700, Test Loss: 0.3469, Test Accuracy: 0.9270
Epoch 51/500 - Train Loss: 0.3115, Train Accuracy: 0.9525, Test Loss: 0.3462, Test Accuracy: 0.9292
Epoch 52/500 - Train Loss: 0.2994, Train Accuracy: 0.9450, Test Loss: 0.3328, Test Accuracy: 0.9318
Epoch 53/500 - Train Loss: 0.2933, Train Accuracy: 0.9600, Test Loss: 0.3309, Test Accuracy: 0.9353
Epoch 54/500 - Train Loss: 0.2522, Train Accuracy: 0.9775, Test Loss: 0.3305, Test Accuracy: 0.9344
Epoch 55/500 - Train Loss: 0.2756, Train Accuracy: 0.9675, Test Loss: 0.3372, Test Accuracy: 0.9327
Epoch 56/500 - Train Loss: 0.2452, Train Accuracy: 0.9750, Test Loss: 0.3374, Test Accuracy: 0.9366
Epoch 57/500 - Train Loss: 0.2898, Train Accuracy: 0.9525, Test Loss: 0.3256, Test Accuracy: 0.9362
Epoch 58/500 - Train Loss: 0.2774, Train Accuracy: 0.9575, Test Loss: 0.3293, Test Accuracy: 0.9375
Epoch 59/500 - Train Loss: 0.2913, Train Accuracy: 0.9525, Test Loss: 0.3421, Test Accuracy: 0.9314
Epoch 60/500 - Train Loss: 0.2490, Train Accuracy: 0.9675, Test Loss: 0.3515, Test Accuracy: 0.9235
Epoch 61/500 - Train Loss: 0.2654, Train Accuracy: 0.9600, Test Loss: 0.3481, Test Accuracy: 0.9235
Epoch 62/500 - Train Loss: 0.2608, Train Accuracy: 0.9650, Test Loss: 0.3531, Test Accuracy: 0.9226
Epoch 63/500 - Train Loss: 0.2896, Train Accuracy: 0.9425, Test Loss: 0.3351, Test Accuracy: 0.9314
Epoch 64/500 - Train Loss: 0.2165, Train Accuracy: 0.9825, Test Loss: 0.3233, Test Accuracy: 0.9379
Epoch 65/500 - Train Loss: 0.2330, Train Accuracy: 0.9800, Test Loss: 0.3200, Test Accuracy: 0.9388
Epoch 66/500 - Train Loss: 0.2593, Train Accuracy: 0.9500, Test Loss: 0.3185, Test Accuracy: 0.9358
Epoch 67/500 - Train Loss: 0.2420, Train Accuracy: 0.9700, Test Loss: 0.3192, Test Accuracy: 0.9371
Epoch 68/500 - Train Loss: 0.2525, Train Accuracy: 0.9775, Test Loss: 0.3180, Test Accuracy: 0.9358
Epoch 69/500 - Train Loss: 0.2365, Train Accuracy: 0.9825, Test Loss: 0.3247, Test Accuracy: 0.9318
Epoch 70/500 - Train Loss: 0.2452, Train Accuracy: 0.9700, Test Loss: 0.3294, Test Accuracy: 0.9323
Epoch 71/500 - Train Loss: 0.2501, Train Accuracy: 0.9625, Test Loss: 0.3406, Test Accuracy: 0.9266
Epoch 72/500 - Train Loss: 0.2160, Train Accuracy: 0.9750, Test Loss: 0.3245, Test Accuracy: 0.9340
Epoch 73/500 - Train Loss: 0.2544, Train Accuracy: 0.9575, Test Loss: 0.3396, Test Accuracy: 0.9288
Epoch 74/500 - Train Loss: 0.2310, Train Accuracy: 0.9750, Test Loss: 0.3223, Test Accuracy: 0.9336
Epoch 75/500 - Train Loss: 0.2111, Train Accuracy: 0.9850, Test Loss: 0.3215, Test Accuracy: 0.9327
Epoch 76/500 - Train Loss: 0.2497, Train Accuracy: 0.9675, Test Loss: 0.3313, Test Accuracy: 0.9274
Epoch 77/500 - Train Loss: 0.2295, Train Accuracy: 0.9675, Test Loss: 0.3385, Test Accuracy: 0.9253
Epoch 78/500 - Train Loss: 0.2556, Train Accuracy: 0.9600, Test Loss: 0.3407, Test Accuracy: 0.9279
Epoch 79/500 - Train Loss: 0.2160, Train Accuracy: 0.9800, Test Loss: 0.3414, Test Accuracy: 0.9261
Epoch 80/500 - Train Loss: 0.2010, Train Accuracy: 0.9900, Test Loss: 0.3289, Test Accuracy: 0.9309
Epoch 81/500 - Train Loss: 0.2269, Train Accuracy: 0.9675, Test Loss: 0.3322, Test Accuracy: 0.9314

Early stopping triggered at epoch 81
Best test loss: 0.3180
Best test accuracy: 0.9388
Plot saved as trained_models/Sweep_data run/metrics/loss.png
Plot saved as trained_models/Sweep_data run/metrics/metrics.png
