Using GPU 0: NVIDIA GeForce RTX 3090
Epoch 1/500 - Train Loss: 2.1131, Train Accuracy: 0.1500, Test Loss: 2.0314, Test Accuracy: 0.2386
Epoch 2/500 - Train Loss: 1.8918, Train Accuracy: 0.3275, Test Loss: 1.8533, Test Accuracy: 0.4021
Epoch 3/500 - Train Loss: 1.7657, Train Accuracy: 0.4275, Test Loss: 1.6718, Test Accuracy: 0.5372
Epoch 4/500 - Train Loss: 1.6382, Train Accuracy: 0.5425, Test Loss: 1.5294, Test Accuracy: 0.6136
Epoch 5/500 - Train Loss: 1.4936, Train Accuracy: 0.6475, Test Loss: 1.3979, Test Accuracy: 0.6761
Epoch 6/500 - Train Loss: 1.3837, Train Accuracy: 0.6525, Test Loss: 1.2689, Test Accuracy: 0.7360
Epoch 7/500 - Train Loss: 1.2383, Train Accuracy: 0.7200, Test Loss: 1.1716, Test Accuracy: 0.7732
Epoch 8/500 - Train Loss: 1.1964, Train Accuracy: 0.7300, Test Loss: 1.0563, Test Accuracy: 0.8099
Epoch 9/500 - Train Loss: 1.1140, Train Accuracy: 0.7325, Test Loss: 0.9745, Test Accuracy: 0.8357
Epoch 10/500 - Train Loss: 1.0462, Train Accuracy: 0.7475, Test Loss: 0.8791, Test Accuracy: 0.8501
Epoch 11/500 - Train Loss: 0.9563, Train Accuracy: 0.7800, Test Loss: 0.8128, Test Accuracy: 0.8632
Epoch 12/500 - Train Loss: 0.9088, Train Accuracy: 0.7850, Test Loss: 0.7970, Test Accuracy: 0.8448
Epoch 13/500 - Train Loss: 0.8701, Train Accuracy: 0.7975, Test Loss: 0.7077, Test Accuracy: 0.8728
Epoch 14/500 - Train Loss: 0.8310, Train Accuracy: 0.7850, Test Loss: 0.6756, Test Accuracy: 0.8733
Epoch 15/500 - Train Loss: 0.7432, Train Accuracy: 0.8300, Test Loss: 0.6634, Test Accuracy: 0.8684
Epoch 16/500 - Train Loss: 0.7617, Train Accuracy: 0.8350, Test Loss: 0.6024, Test Accuracy: 0.8746
Epoch 17/500 - Train Loss: 0.7301, Train Accuracy: 0.8225, Test Loss: 0.6024, Test Accuracy: 0.8693
Epoch 18/500 - Train Loss: 0.6570, Train Accuracy: 0.8625, Test Loss: 0.5671, Test Accuracy: 0.8789
Epoch 19/500 - Train Loss: 0.6595, Train Accuracy: 0.8550, Test Loss: 0.5329, Test Accuracy: 0.8816
Epoch 20/500 - Train Loss: 0.6380, Train Accuracy: 0.8650, Test Loss: 0.5387, Test Accuracy: 0.8689
Epoch 21/500 - Train Loss: 0.6414, Train Accuracy: 0.8450, Test Loss: 0.5236, Test Accuracy: 0.8676
Epoch 22/500 - Train Loss: 0.6303, Train Accuracy: 0.8600, Test Loss: 0.5245, Test Accuracy: 0.8641
Epoch 23/500 - Train Loss: 0.5977, Train Accuracy: 0.8625, Test Loss: 0.4973, Test Accuracy: 0.8719
Epoch 24/500 - Train Loss: 0.6149, Train Accuracy: 0.8450, Test Loss: 0.4582, Test Accuracy: 0.8916
Epoch 25/500 - Train Loss: 0.5638, Train Accuracy: 0.8750, Test Loss: 0.4562, Test Accuracy: 0.8899
Epoch 26/500 - Train Loss: 0.5244, Train Accuracy: 0.8800, Test Loss: 0.4556, Test Accuracy: 0.8899
Epoch 27/500 - Train Loss: 0.5465, Train Accuracy: 0.8850, Test Loss: 0.4588, Test Accuracy: 0.8842
Epoch 28/500 - Train Loss: 0.4725, Train Accuracy: 0.8800, Test Loss: 0.4367, Test Accuracy: 0.8951
Epoch 29/500 - Train Loss: 0.5010, Train Accuracy: 0.8800, Test Loss: 0.4304, Test Accuracy: 0.8960
Epoch 30/500 - Train Loss: 0.4906, Train Accuracy: 0.8850, Test Loss: 0.4478, Test Accuracy: 0.8890
Epoch 31/500 - Train Loss: 0.4705, Train Accuracy: 0.9150, Test Loss: 0.4494, Test Accuracy: 0.8872
Epoch 32/500 - Train Loss: 0.4374, Train Accuracy: 0.9225, Test Loss: 0.4127, Test Accuracy: 0.9003
Epoch 33/500 - Train Loss: 0.4481, Train Accuracy: 0.8900, Test Loss: 0.3984, Test Accuracy: 0.9113
Epoch 34/500 - Train Loss: 0.4336, Train Accuracy: 0.9175, Test Loss: 0.3935, Test Accuracy: 0.9082
Epoch 35/500 - Train Loss: 0.4294, Train Accuracy: 0.9275, Test Loss: 0.3972, Test Accuracy: 0.9091
Epoch 36/500 - Train Loss: 0.3480, Train Accuracy: 0.9425, Test Loss: 0.3859, Test Accuracy: 0.9095
Epoch 37/500 - Train Loss: 0.4253, Train Accuracy: 0.9200, Test Loss: 0.3863, Test Accuracy: 0.9060
Epoch 38/500 - Train Loss: 0.4133, Train Accuracy: 0.9250, Test Loss: 0.3807, Test Accuracy: 0.9161
Epoch 39/500 - Train Loss: 0.4194, Train Accuracy: 0.9100, Test Loss: 0.4139, Test Accuracy: 0.8977
Epoch 40/500 - Train Loss: 0.3711, Train Accuracy: 0.9350, Test Loss: 0.3914, Test Accuracy: 0.9113
Epoch 41/500 - Train Loss: 0.3810, Train Accuracy: 0.9275, Test Loss: 0.4013, Test Accuracy: 0.9056
Epoch 42/500 - Train Loss: 0.3741, Train Accuracy: 0.9375, Test Loss: 0.4114, Test Accuracy: 0.9034
Epoch 43/500 - Train Loss: 0.3996, Train Accuracy: 0.9200, Test Loss: 0.4064, Test Accuracy: 0.8977
Epoch 44/500 - Train Loss: 0.4340, Train Accuracy: 0.8975, Test Loss: 0.4003, Test Accuracy: 0.9082
Epoch 45/500 - Train Loss: 0.3827, Train Accuracy: 0.9125, Test Loss: 0.3775, Test Accuracy: 0.9161
Epoch 46/500 - Train Loss: 0.4034, Train Accuracy: 0.9175, Test Loss: 0.3850, Test Accuracy: 0.9113
Epoch 47/500 - Train Loss: 0.3643, Train Accuracy: 0.9350, Test Loss: 0.3760, Test Accuracy: 0.9152
Epoch 48/500 - Train Loss: 0.3628, Train Accuracy: 0.9300, Test Loss: 0.3475, Test Accuracy: 0.9248
Epoch 49/500 - Train Loss: 0.3751, Train Accuracy: 0.9200, Test Loss: 0.3521, Test Accuracy: 0.9231
Epoch 50/500 - Train Loss: 0.3640, Train Accuracy: 0.9225, Test Loss: 0.3841, Test Accuracy: 0.9156
Epoch 51/500 - Train Loss: 0.3393, Train Accuracy: 0.9400, Test Loss: 0.3832, Test Accuracy: 0.9113
Epoch 52/500 - Train Loss: 0.3395, Train Accuracy: 0.9400, Test Loss: 0.3365, Test Accuracy: 0.9296
Epoch 53/500 - Train Loss: 0.3200, Train Accuracy: 0.9425, Test Loss: 0.3475, Test Accuracy: 0.9248
Epoch 54/500 - Train Loss: 0.3460, Train Accuracy: 0.9300, Test Loss: 0.3757, Test Accuracy: 0.9135
Epoch 55/500 - Train Loss: 0.3629, Train Accuracy: 0.9100, Test Loss: 0.3641, Test Accuracy: 0.9183
Epoch 56/500 - Train Loss: 0.3567, Train Accuracy: 0.9400, Test Loss: 0.3644, Test Accuracy: 0.9156
Epoch 57/500 - Train Loss: 0.3382, Train Accuracy: 0.9425, Test Loss: 0.3784, Test Accuracy: 0.9091
Epoch 58/500 - Train Loss: 0.3091, Train Accuracy: 0.9525, Test Loss: 0.3600, Test Accuracy: 0.9205
Epoch 59/500 - Train Loss: 0.3281, Train Accuracy: 0.9425, Test Loss: 0.3366, Test Accuracy: 0.9288
Epoch 60/500 - Train Loss: 0.3316, Train Accuracy: 0.9375, Test Loss: 0.3431, Test Accuracy: 0.9274
Epoch 61/500 - Train Loss: 0.3185, Train Accuracy: 0.9450, Test Loss: 0.3527, Test Accuracy: 0.9222
Epoch 62/500 - Train Loss: 0.3134, Train Accuracy: 0.9475, Test Loss: 0.3444, Test Accuracy: 0.9257
Epoch 63/500 - Train Loss: 0.3183, Train Accuracy: 0.9475, Test Loss: 0.3414, Test Accuracy: 0.9235
Epoch 64/500 - Train Loss: 0.2818, Train Accuracy: 0.9625, Test Loss: 0.3384, Test Accuracy: 0.9244
Epoch 65/500 - Train Loss: 0.3185, Train Accuracy: 0.9475, Test Loss: 0.3403, Test Accuracy: 0.9270
Epoch 66/500 - Train Loss: 0.3129, Train Accuracy: 0.9500, Test Loss: 0.3511, Test Accuracy: 0.9183
Epoch 67/500 - Train Loss: 0.3115, Train Accuracy: 0.9425, Test Loss: 0.3359, Test Accuracy: 0.9309

Early stopping triggered at epoch 67
Best test loss: 0.3359
Best test accuracy: 0.9309
Plot saved as trained_models/Sweep_data run/metrics/loss.png
Plot saved as trained_models/Sweep_data run/metrics/metrics.png
