wandb: Starting wandb agent 🕵️
2026-01-10 20:08:10,124 - wandb.wandb_agent - INFO - Running runs: []
2026-01-10 20:08:10,480 - wandb.wandb_agent - INFO - Agent received command: run
2026-01-10 20:08:10,480 - wandb.wandb_agent - INFO - Agent starting run with config:
	affine: 0.03195959984741359
	blur: 0.03429434261129782
	brightness: 1.3096496798839907
	contrast: 0.8269147537112784
	crop: 0.5935091204689222
	crop_scale: 0.3684386279969936
	flip: 0.3616906261357352
	gaussian_blur_kernel: 3
	gaussian_noise_std: 2.3760086826265736
	grey: 0.108620536252371
	hue: -0.05151475050923873
	jiggle: 0.581517209778006
	rotate: 0.5493995442433035
	rotation: 27
	saturation: 0.7502124982853382
	scale: 1.1144387060435084
	shear: 37
	translate_x: 0.320886769704129
	translate_y: 0.08610168587745398
2026-01-10 20:08:10,484 - wandb.wandb_agent - INFO - About to run command: /usr/bin/env python train_data.py --affine=0.03195959984741359 --blur=0.03429434261129782 --brightness=1.3096496798839907 --contrast=0.8269147537112784 --crop=0.5935091204689222 --crop_scale=0.3684386279969936 --flip=0.3616906261357352 --gaussian_blur_kernel=3 --gaussian_noise_std=2.3760086826265736 --grey=0.108620536252371 --hue=-0.05151475050923873 --jiggle=0.581517209778006 --rotate=0.5493995442433035 --rotation=27 --saturation=0.7502124982853382 --scale=1.1144387060435084 --shear=37 --translate_x=0.320886769704129 --translate_y=0.08610168587745398
wandb: Currently logged in as: arnaumarcosalmansa (mcv-team-6) to https://api.wandb.ai. Use `wandb login --relogin` to force relogin
wandb: WARNING Ignoring project 'C3-Week3' when running a sweep.
wandb: WARNING Ignoring entity 'mcv-team-6' when running a sweep.
wandb: setting up run 3pypix2u
wandb: Tracking run with wandb version 0.23.1
wandb: Run data is saved locally in /export/home/group06/workspace/project-team-6/Week3/wandb/run-20260110_200814-3pypix2u
wandb: Run `wandb offline` to turn off syncing.
wandb: Syncing run Sweep run
wandb: ⭐️ View project at https://wandb.ai/mcv-team-6/C3-Week3
wandb: 🧹 View sweep at https://wandb.ai/mcv-team-6/C3-Week3/sweeps/g5vb4edr
wandb: 🚀 View run at https://wandb.ai/mcv-team-6/C3-Week3/runs/3pypix2u
2026-01-10 20:08:15,488 - wandb.wandb_agent - INFO - Running runs: ['3pypix2u']
Traceback (most recent call last):
  File "/export/home/group06/workspace/project-team-6/Week3/train_data.py", line 61, in <module>
    ka.ColorJitter(brightness=cfg.brightness,
  File "/ghome/group06/miniconda3/envs/c3/lib/python3.12/site-packages/kornia/augmentation/_2d/intensity/color_jitter.py", line 105, in __init__
    self._param_generator = rg.ColorJitterGenerator(brightness, contrast, saturation, hue)
                            ^^^^^^^^^^^^^^^^^^^^^^^^^^^^^^^^^^^^^^^^^^^^^^^^^^^^^^^^^^^^^^
  File "/ghome/group06/miniconda3/envs/c3/lib/python3.12/site-packages/kornia/augmentation/random_generator/base.py", line 34, in __call__
    obj.__post_init__()
  File "/ghome/group06/miniconda3/envs/c3/lib/python3.12/site-packages/kornia/augmentation/random_generator/base.py", line 48, in __post_init__
    self.set_rng_device_and_dtype()
  File "/ghome/group06/miniconda3/envs/c3/lib/python3.12/site-packages/kornia/augmentation/random_generator/base.py", line 64, in set_rng_device_and_dtype
    self.make_samplers(device, dtype)
  File "/ghome/group06/miniconda3/envs/c3/lib/python3.12/site-packages/kornia/augmentation/random_generator/_2d/color_jitter.py", line 86, in make_samplers
    hue: Tensor = _range_bound(self.hue, "hue", bounds=(-0.5, 0.5), device=device, dtype=dtype)
                  ^^^^^^^^^^^^^^^^^^^^^^^^^^^^^^^^^^^^^^^^^^^^^^^^^^^^^^^^^^^^^^^^^^^^^^^^^^^^^
  File "/ghome/group06/miniconda3/envs/c3/lib/python3.12/site-packages/kornia/augmentation/utils/param_validation.py", line 53, in _range_bound
    raise ValueError(f"If {name} is a single number, it must be non negative. Got {factor}.")
ValueError: If hue is a single number, it must be non negative. Got -0.051514752209186554.
2026-01-10 20:08:20,632 - wandb.wandb_agent - INFO - Cleaning up finished run: 3pypix2u
wandb: Terminating and syncing runs. Press ctrl-c to kill.
