Using GPU 0: NVIDIA GeForce RTX 3090
Epoch 1/500 - Train Loss: 2.0732, Train Accuracy: 0.2325, Test Loss: 1.9885, Test Accuracy: 0.2238
Epoch 2/500 - Train Loss: 1.8493, Train Accuracy: 0.3600, Test Loss: 1.7314, Test Accuracy: 0.5258
Epoch 3/500 - Train Loss: 1.6100, Train Accuracy: 0.5550, Test Loss: 1.4716, Test Accuracy: 0.7002
Epoch 4/500 - Train Loss: 1.4543, Train Accuracy: 0.6550, Test Loss: 1.2533, Test Accuracy: 0.7885
Epoch 5/500 - Train Loss: 1.2402, Train Accuracy: 0.7750, Test Loss: 1.0855, Test Accuracy: 0.8335
Epoch 6/500 - Train Loss: 1.1136, Train Accuracy: 0.7950, Test Loss: 0.9231, Test Accuracy: 0.8693
Epoch 7/500 - Train Loss: 0.9929, Train Accuracy: 0.8425, Test Loss: 0.7895, Test Accuracy: 0.9021
Epoch 8/500 - Train Loss: 0.8705, Train Accuracy: 0.8500, Test Loss: 0.6856, Test Accuracy: 0.9152
Epoch 9/500 - Train Loss: 0.7754, Train Accuracy: 0.8825, Test Loss: 0.5996, Test Accuracy: 0.9257
Epoch 10/500 - Train Loss: 0.7182, Train Accuracy: 0.8875, Test Loss: 0.5370, Test Accuracy: 0.9323
Epoch 11/500 - Train Loss: 0.6589, Train Accuracy: 0.9050, Test Loss: 0.4874, Test Accuracy: 0.9318
Epoch 12/500 - Train Loss: 0.5812, Train Accuracy: 0.9275, Test Loss: 0.4478, Test Accuracy: 0.9401
Epoch 13/500 - Train Loss: 0.5504, Train Accuracy: 0.9150, Test Loss: 0.4202, Test Accuracy: 0.9432
Epoch 14/500 - Train Loss: 0.4920, Train Accuracy: 0.9275, Test Loss: 0.3926, Test Accuracy: 0.9449
Epoch 15/500 - Train Loss: 0.4777, Train Accuracy: 0.9375, Test Loss: 0.3806, Test Accuracy: 0.9445
Epoch 16/500 - Train Loss: 0.4600, Train Accuracy: 0.9300, Test Loss: 0.3634, Test Accuracy: 0.9454
Epoch 17/500 - Train Loss: 0.3959, Train Accuracy: 0.9650, Test Loss: 0.3466, Test Accuracy: 0.9480
Epoch 18/500 - Train Loss: 0.4038, Train Accuracy: 0.9375, Test Loss: 0.3351, Test Accuracy: 0.9493
Epoch 19/500 - Train Loss: 0.3958, Train Accuracy: 0.9425, Test Loss: 0.3279, Test Accuracy: 0.9484
Epoch 20/500 - Train Loss: 0.3556, Train Accuracy: 0.9575, Test Loss: 0.3195, Test Accuracy: 0.9476
Epoch 21/500 - Train Loss: 0.3480, Train Accuracy: 0.9675, Test Loss: 0.3141, Test Accuracy: 0.9489
Epoch 22/500 - Train Loss: 0.3652, Train Accuracy: 0.9300, Test Loss: 0.3093, Test Accuracy: 0.9489
Epoch 23/500 - Train Loss: 0.3237, Train Accuracy: 0.9625, Test Loss: 0.3122, Test Accuracy: 0.9493
Epoch 24/500 - Train Loss: 0.3093, Train Accuracy: 0.9725, Test Loss: 0.3019, Test Accuracy: 0.9524
Epoch 25/500 - Train Loss: 0.2843, Train Accuracy: 0.9725, Test Loss: 0.3013, Test Accuracy: 0.9524
Epoch 26/500 - Train Loss: 0.2818, Train Accuracy: 0.9675, Test Loss: 0.3002, Test Accuracy: 0.9528
Epoch 27/500 - Train Loss: 0.2572, Train Accuracy: 0.9825, Test Loss: 0.2985, Test Accuracy: 0.9493
Epoch 28/500 - Train Loss: 0.2680, Train Accuracy: 0.9750, Test Loss: 0.2989, Test Accuracy: 0.9506
Epoch 29/500 - Train Loss: 0.2595, Train Accuracy: 0.9675, Test Loss: 0.3023, Test Accuracy: 0.9480
Epoch 30/500 - Train Loss: 0.2599, Train Accuracy: 0.9750, Test Loss: 0.2984, Test Accuracy: 0.9515
Epoch 31/500 - Train Loss: 0.2550, Train Accuracy: 0.9775, Test Loss: 0.3004, Test Accuracy: 0.9502
Epoch 32/500 - Train Loss: 0.2684, Train Accuracy: 0.9725, Test Loss: 0.3004, Test Accuracy: 0.9493
Epoch 33/500 - Train Loss: 0.2377, Train Accuracy: 0.9750, Test Loss: 0.3046, Test Accuracy: 0.9462
Epoch 34/500 - Train Loss: 0.2404, Train Accuracy: 0.9800, Test Loss: 0.2952, Test Accuracy: 0.9484
Epoch 35/500 - Train Loss: 0.2578, Train Accuracy: 0.9650, Test Loss: 0.2934, Test Accuracy: 0.9497
Epoch 36/500 - Train Loss: 0.2458, Train Accuracy: 0.9725, Test Loss: 0.2923, Test Accuracy: 0.9493
Epoch 37/500 - Train Loss: 0.2276, Train Accuracy: 0.9850, Test Loss: 0.2935, Test Accuracy: 0.9462
Epoch 38/500 - Train Loss: 0.2276, Train Accuracy: 0.9725, Test Loss: 0.2941, Test Accuracy: 0.9515
Epoch 39/500 - Train Loss: 0.2280, Train Accuracy: 0.9825, Test Loss: 0.2955, Test Accuracy: 0.9489
Epoch 40/500 - Train Loss: 0.1989, Train Accuracy: 0.9925, Test Loss: 0.2919, Test Accuracy: 0.9497
Epoch 41/500 - Train Loss: 0.2166, Train Accuracy: 0.9900, Test Loss: 0.2906, Test Accuracy: 0.9510
Epoch 42/500 - Train Loss: 0.2021, Train Accuracy: 0.9900, Test Loss: 0.2898, Test Accuracy: 0.9484
Epoch 43/500 - Train Loss: 0.2019, Train Accuracy: 0.9850, Test Loss: 0.2883, Test Accuracy: 0.9515
Epoch 44/500 - Train Loss: 0.2000, Train Accuracy: 0.9850, Test Loss: 0.2918, Test Accuracy: 0.9489
Epoch 45/500 - Train Loss: 0.1993, Train Accuracy: 0.9825, Test Loss: 0.2930, Test Accuracy: 0.9467
Epoch 46/500 - Train Loss: 0.2013, Train Accuracy: 0.9850, Test Loss: 0.2926, Test Accuracy: 0.9462
Epoch 47/500 - Train Loss: 0.1991, Train Accuracy: 0.9850, Test Loss: 0.3035, Test Accuracy: 0.9436
Epoch 48/500 - Train Loss: 0.1884, Train Accuracy: 0.9925, Test Loss: 0.2959, Test Accuracy: 0.9489
Epoch 49/500 - Train Loss: 0.1962, Train Accuracy: 0.9800, Test Loss: 0.2977, Test Accuracy: 0.9462
Epoch 50/500 - Train Loss: 0.1754, Train Accuracy: 0.9975, Test Loss: 0.2959, Test Accuracy: 0.9449
Epoch 51/500 - Train Loss: 0.1943, Train Accuracy: 0.9900, Test Loss: 0.2948, Test Accuracy: 0.9458
Epoch 52/500 - Train Loss: 0.1882, Train Accuracy: 0.9950, Test Loss: 0.2930, Test Accuracy: 0.9480
Epoch 53/500 - Train Loss: 0.2066, Train Accuracy: 0.9825, Test Loss: 0.2949, Test Accuracy: 0.9432
Epoch 54/500 - Train Loss: 0.2061, Train Accuracy: 0.9900, Test Loss: 0.2915, Test Accuracy: 0.9484
Epoch 55/500 - Train Loss: 0.1971, Train Accuracy: 0.9825, Test Loss: 0.2992, Test Accuracy: 0.9449
Epoch 56/500 - Train Loss: 0.1774, Train Accuracy: 0.9975, Test Loss: 0.2929, Test Accuracy: 0.9489
Epoch 57/500 - Train Loss: 0.1865, Train Accuracy: 0.9900, Test Loss: 0.3017, Test Accuracy: 0.9436
Epoch 58/500 - Train Loss: 0.1875, Train Accuracy: 0.9875, Test Loss: 0.2899, Test Accuracy: 0.9458

Early stopping triggered at epoch 58
Best test loss: 0.2883
Best test accuracy: 0.9528
Plot saved as trained_models/Sweep_data run/metrics/loss.png
Plot saved as trained_models/Sweep_data run/metrics/metrics.png
