Using GPU 0: NVIDIA GeForce RTX 3090
Epoch 1/500 - Train Loss: 2.0985, Train Accuracy: 0.1650, Test Loss: 2.0583, Test Accuracy: 0.1145
Epoch 2/500 - Train Loss: 1.8835, Train Accuracy: 0.2850, Test Loss: 1.8990, Test Accuracy: 0.2566
Epoch 3/500 - Train Loss: 1.7149, Train Accuracy: 0.4675, Test Loss: 1.7216, Test Accuracy: 0.3855
Epoch 4/500 - Train Loss: 1.5451, Train Accuracy: 0.6125, Test Loss: 1.5443, Test Accuracy: 0.5337
Epoch 5/500 - Train Loss: 1.3635, Train Accuracy: 0.6775, Test Loss: 1.3760, Test Accuracy: 0.6665
Epoch 6/500 - Train Loss: 1.2470, Train Accuracy: 0.7525, Test Loss: 1.2267, Test Accuracy: 0.7513
Epoch 7/500 - Train Loss: 1.1259, Train Accuracy: 0.7550, Test Loss: 1.0975, Test Accuracy: 0.8024
Epoch 8/500 - Train Loss: 1.0441, Train Accuracy: 0.7825, Test Loss: 0.9874, Test Accuracy: 0.8300
Epoch 9/500 - Train Loss: 0.9788, Train Accuracy: 0.7900, Test Loss: 0.8818, Test Accuracy: 0.8505
Epoch 10/500 - Train Loss: 0.8909, Train Accuracy: 0.8200, Test Loss: 0.7935, Test Accuracy: 0.8698
Epoch 11/500 - Train Loss: 0.8023, Train Accuracy: 0.8425, Test Loss: 0.7255, Test Accuracy: 0.8885
Epoch 12/500 - Train Loss: 0.7633, Train Accuracy: 0.8550, Test Loss: 0.6554, Test Accuracy: 0.9034
Epoch 13/500 - Train Loss: 0.7451, Train Accuracy: 0.8350, Test Loss: 0.5993, Test Accuracy: 0.9095
Epoch 14/500 - Train Loss: 0.6998, Train Accuracy: 0.8575, Test Loss: 0.5745, Test Accuracy: 0.9126
Epoch 15/500 - Train Loss: 0.6375, Train Accuracy: 0.9000, Test Loss: 0.5318, Test Accuracy: 0.9117
Epoch 16/500 - Train Loss: 0.6184, Train Accuracy: 0.8750, Test Loss: 0.4901, Test Accuracy: 0.9196
Epoch 17/500 - Train Loss: 0.5864, Train Accuracy: 0.8775, Test Loss: 0.4717, Test Accuracy: 0.9248
Epoch 18/500 - Train Loss: 0.5505, Train Accuracy: 0.9050, Test Loss: 0.4457, Test Accuracy: 0.9240
Epoch 19/500 - Train Loss: 0.4998, Train Accuracy: 0.9200, Test Loss: 0.4353, Test Accuracy: 0.9213
Epoch 20/500 - Train Loss: 0.5214, Train Accuracy: 0.8975, Test Loss: 0.4121, Test Accuracy: 0.9327
Epoch 21/500 - Train Loss: 0.4702, Train Accuracy: 0.9150, Test Loss: 0.4051, Test Accuracy: 0.9274
Epoch 22/500 - Train Loss: 0.4272, Train Accuracy: 0.9300, Test Loss: 0.3898, Test Accuracy: 0.9327
Epoch 23/500 - Train Loss: 0.4367, Train Accuracy: 0.9200, Test Loss: 0.3818, Test Accuracy: 0.9366
Epoch 24/500 - Train Loss: 0.4347, Train Accuracy: 0.9150, Test Loss: 0.3737, Test Accuracy: 0.9358
Epoch 25/500 - Train Loss: 0.4174, Train Accuracy: 0.9275, Test Loss: 0.3727, Test Accuracy: 0.9340
Epoch 26/500 - Train Loss: 0.3679, Train Accuracy: 0.9525, Test Loss: 0.3653, Test Accuracy: 0.9353
Epoch 27/500 - Train Loss: 0.4256, Train Accuracy: 0.9275, Test Loss: 0.3636, Test Accuracy: 0.9362
Epoch 28/500 - Train Loss: 0.4172, Train Accuracy: 0.9275, Test Loss: 0.3550, Test Accuracy: 0.9358
Epoch 29/500 - Train Loss: 0.3682, Train Accuracy: 0.9475, Test Loss: 0.3609, Test Accuracy: 0.9292
Epoch 30/500 - Train Loss: 0.3464, Train Accuracy: 0.9450, Test Loss: 0.3542, Test Accuracy: 0.9323
Epoch 31/500 - Train Loss: 0.3650, Train Accuracy: 0.9375, Test Loss: 0.3476, Test Accuracy: 0.9371
Epoch 32/500 - Train Loss: 0.3139, Train Accuracy: 0.9600, Test Loss: 0.3464, Test Accuracy: 0.9384
Epoch 33/500 - Train Loss: 0.3505, Train Accuracy: 0.9400, Test Loss: 0.3350, Test Accuracy: 0.9410
Epoch 34/500 - Train Loss: 0.3264, Train Accuracy: 0.9375, Test Loss: 0.3376, Test Accuracy: 0.9366
Epoch 35/500 - Train Loss: 0.3343, Train Accuracy: 0.9475, Test Loss: 0.3360, Test Accuracy: 0.9375
Epoch 36/500 - Train Loss: 0.3096, Train Accuracy: 0.9500, Test Loss: 0.3390, Test Accuracy: 0.9358
Epoch 37/500 - Train Loss: 0.3237, Train Accuracy: 0.9500, Test Loss: 0.3337, Test Accuracy: 0.9344
Epoch 38/500 - Train Loss: 0.3078, Train Accuracy: 0.9650, Test Loss: 0.3399, Test Accuracy: 0.9366
Epoch 39/500 - Train Loss: 0.3152, Train Accuracy: 0.9350, Test Loss: 0.3356, Test Accuracy: 0.9349
Epoch 40/500 - Train Loss: 0.2829, Train Accuracy: 0.9625, Test Loss: 0.3279, Test Accuracy: 0.9406
Epoch 41/500 - Train Loss: 0.2872, Train Accuracy: 0.9550, Test Loss: 0.3344, Test Accuracy: 0.9366
Epoch 42/500 - Train Loss: 0.2930, Train Accuracy: 0.9650, Test Loss: 0.3337, Test Accuracy: 0.9336
Epoch 43/500 - Train Loss: 0.2889, Train Accuracy: 0.9650, Test Loss: 0.3296, Test Accuracy: 0.9379
Epoch 44/500 - Train Loss: 0.2866, Train Accuracy: 0.9625, Test Loss: 0.3199, Test Accuracy: 0.9401
Epoch 45/500 - Train Loss: 0.2642, Train Accuracy: 0.9625, Test Loss: 0.3236, Test Accuracy: 0.9379
Epoch 46/500 - Train Loss: 0.3048, Train Accuracy: 0.9600, Test Loss: 0.3180, Test Accuracy: 0.9388
Epoch 47/500 - Train Loss: 0.2815, Train Accuracy: 0.9575, Test Loss: 0.3163, Test Accuracy: 0.9375
Epoch 48/500 - Train Loss: 0.2699, Train Accuracy: 0.9625, Test Loss: 0.3172, Test Accuracy: 0.9392
Epoch 49/500 - Train Loss: 0.2657, Train Accuracy: 0.9675, Test Loss: 0.3170, Test Accuracy: 0.9406
Epoch 50/500 - Train Loss: 0.2521, Train Accuracy: 0.9725, Test Loss: 0.3198, Test Accuracy: 0.9392
Epoch 51/500 - Train Loss: 0.2483, Train Accuracy: 0.9675, Test Loss: 0.3159, Test Accuracy: 0.9419
Epoch 52/500 - Train Loss: 0.2549, Train Accuracy: 0.9650, Test Loss: 0.3155, Test Accuracy: 0.9423
Epoch 53/500 - Train Loss: 0.2351, Train Accuracy: 0.9750, Test Loss: 0.3132, Test Accuracy: 0.9419
Epoch 54/500 - Train Loss: 0.2381, Train Accuracy: 0.9775, Test Loss: 0.3104, Test Accuracy: 0.9419
Epoch 55/500 - Train Loss: 0.2495, Train Accuracy: 0.9700, Test Loss: 0.3103, Test Accuracy: 0.9379
Epoch 56/500 - Train Loss: 0.2477, Train Accuracy: 0.9675, Test Loss: 0.3125, Test Accuracy: 0.9392
Epoch 57/500 - Train Loss: 0.2606, Train Accuracy: 0.9650, Test Loss: 0.3151, Test Accuracy: 0.9406
Epoch 58/500 - Train Loss: 0.2369, Train Accuracy: 0.9725, Test Loss: 0.3194, Test Accuracy: 0.9392
Epoch 59/500 - Train Loss: 0.2577, Train Accuracy: 0.9650, Test Loss: 0.3211, Test Accuracy: 0.9379
Epoch 60/500 - Train Loss: 0.2249, Train Accuracy: 0.9750, Test Loss: 0.3153, Test Accuracy: 0.9388
Epoch 61/500 - Train Loss: 0.2183, Train Accuracy: 0.9825, Test Loss: 0.3097, Test Accuracy: 0.9419
Epoch 62/500 - Train Loss: 0.2568, Train Accuracy: 0.9650, Test Loss: 0.3098, Test Accuracy: 0.9392
Epoch 63/500 - Train Loss: 0.2061, Train Accuracy: 0.9850, Test Loss: 0.3101, Test Accuracy: 0.9401
Epoch 64/500 - Train Loss: 0.2015, Train Accuracy: 0.9875, Test Loss: 0.3175, Test Accuracy: 0.9401
Epoch 65/500 - Train Loss: 0.2411, Train Accuracy: 0.9750, Test Loss: 0.3097, Test Accuracy: 0.9432
Epoch 66/500 - Train Loss: 0.2642, Train Accuracy: 0.9600, Test Loss: 0.3110, Test Accuracy: 0.9410
Epoch 67/500 - Train Loss: 0.1969, Train Accuracy: 0.9850, Test Loss: 0.3120, Test Accuracy: 0.9410
Epoch 68/500 - Train Loss: 0.2288, Train Accuracy: 0.9700, Test Loss: 0.3150, Test Accuracy: 0.9406
Epoch 69/500 - Train Loss: 0.2324, Train Accuracy: 0.9625, Test Loss: 0.3144, Test Accuracy: 0.9410

Early stopping triggered at epoch 69
Best test loss: 0.3097
Best test accuracy: 0.9432
Plot saved as trained_models/Sweep_data run/metrics/loss.png
Plot saved as trained_models/Sweep_data run/metrics/metrics.png
