wandb: Starting wandb agent 🕵️
2026-01-10 19:42:43,330 - wandb.wandb_agent - INFO - Running runs: []
2026-01-10 19:42:43,750 - wandb.wandb_agent - INFO - Agent received command: run
2026-01-10 19:42:43,750 - wandb.wandb_agent - INFO - Agent starting run with config:
	affine: 0.025059576506940684
	blur: 0.2670136635486947
	brightness: 1.3678549412893997
	contrast: 1.2984579081174528
	crop: 0.6851697141568169
	crop_scale: 0.3416898034142484
	flip: 0.7993155841216131
	gaussian_blur_kernel: 5
	gaussian_noise_std: 1.6936081279449824
	grey: 0.0867900961362944
	hue: -0.07856392179650801
	jiggle: 0.20088501491573071
	rotate: 0.5485733046395695
	rotation: 34
	saturation: 0.7153374853576469
	scale: 0.8897612101608365
	shear: 25
	translate_x: 0.12965156182966858
	translate_y: 0.34342691591848823
2026-01-10 19:42:43,754 - wandb.wandb_agent - INFO - About to run command: /usr/bin/env python train_data.py --affine=0.025059576506940684 --blur=0.2670136635486947 --brightness=1.3678549412893997 --contrast=1.2984579081174528 --crop=0.6851697141568169 --crop_scale=0.3416898034142484 --flip=0.7993155841216131 --gaussian_blur_kernel=5 --gaussian_noise_std=1.6936081279449824 --grey=0.0867900961362944 --hue=-0.07856392179650801 --jiggle=0.20088501491573071 --rotate=0.5485733046395695 --rotation=34 --saturation=0.7153374853576469 --scale=0.8897612101608365 --shear=25 --translate_x=0.12965156182966858 --translate_y=0.34342691591848823
wandb: Currently logged in as: arnaumarcosalmansa (mcv-team-6) to https://api.wandb.ai. Use `wandb login --relogin` to force relogin
wandb: WARNING Ignoring project 'C3-Week3' when running a sweep.
wandb: WARNING Ignoring entity 'mcv-team-6' when running a sweep.
wandb: setting up run epebmyr5
2026-01-10 19:42:48,761 - wandb.wandb_agent - INFO - Running runs: ['epebmyr5']
wandb: Tracking run with wandb version 0.23.1
wandb: Run data is saved locally in /export/home/group06/workspace/project-team-6/Week3/wandb/run-20260110_194247-epebmyr5
wandb: Run `wandb offline` to turn off syncing.
wandb: Syncing run Sweep run
wandb: ⭐️ View project at https://wandb.ai/mcv-team-6/C3-Week3
wandb: 🧹 View sweep at https://wandb.ai/mcv-team-6/C3-Week3/sweeps/g5vb4edr
wandb: 🚀 View run at https://wandb.ai/mcv-team-6/C3-Week3/runs/epebmyr5
Traceback (most recent call last):
  File "/export/home/group06/workspace/project-team-6/Week3/train_data.py", line 61, in <module>
    ka.ColorJitter(brightness=cfg.brightness,
  File "/ghome/group06/miniconda3/envs/c3/lib/python3.12/site-packages/kornia/augmentation/_2d/intensity/color_jitter.py", line 105, in __init__
    self._param_generator = rg.ColorJitterGenerator(brightness, contrast, saturation, hue)
                            ^^^^^^^^^^^^^^^^^^^^^^^^^^^^^^^^^^^^^^^^^^^^^^^^^^^^^^^^^^^^^^
  File "/ghome/group06/miniconda3/envs/c3/lib/python3.12/site-packages/kornia/augmentation/random_generator/base.py", line 34, in __call__
    obj.__post_init__()
  File "/ghome/group06/miniconda3/envs/c3/lib/python3.12/site-packages/kornia/augmentation/random_generator/base.py", line 48, in __post_init__
    self.set_rng_device_and_dtype()
  File "/ghome/group06/miniconda3/envs/c3/lib/python3.12/site-packages/kornia/augmentation/random_generator/base.py", line 64, in set_rng_device_and_dtype
    self.make_samplers(device, dtype)
  File "/ghome/group06/miniconda3/envs/c3/lib/python3.12/site-packages/kornia/augmentation/random_generator/_2d/color_jitter.py", line 86, in make_samplers
    hue: Tensor = _range_bound(self.hue, "hue", bounds=(-0.5, 0.5), device=device, dtype=dtype)
                  ^^^^^^^^^^^^^^^^^^^^^^^^^^^^^^^^^^^^^^^^^^^^^^^^^^^^^^^^^^^^^^^^^^^^^^^^^^^^^
  File "/ghome/group06/miniconda3/envs/c3/lib/python3.12/site-packages/kornia/augmentation/utils/param_validation.py", line 53, in _range_bound
    raise ValueError(f"If {name} is a single number, it must be non negative. Got {factor}.")
ValueError: If hue is a single number, it must be non negative. Got -0.07856392115354538.
2026-01-10 19:42:53,925 - wandb.wandb_agent - INFO - Cleaning up finished run: epebmyr5
wandb: Terminating and syncing runs. Press ctrl-c to kill.
