wandb: Starting wandb agent 🕵️
2026-01-10 20:09:34,264 - wandb.wandb_agent - INFO - Running runs: []
2026-01-10 20:09:34,798 - wandb.wandb_agent - INFO - Agent received command: run
2026-01-10 20:09:34,798 - wandb.wandb_agent - INFO - Agent starting run with config:
	affine: 0.016608612709765547
	blur: 0.027900973936188733
	brightness: 0.6178614492935772
	contrast: 1.298743857325256
	crop: 0.3087126224435164
	crop_scale: 0.9716704096556924
	flip: 0.21932681763726505
	gaussian_blur_kernel: 3
	gaussian_noise_std: 0.4286304478657671
	grey: 0.11916941708003316
	hue: -0.0800238999063008
	jiggle: 0.8600601880977029
	rotate: 0.6907247329510351
	rotation: 10
	saturation: 0.9994059437541352
	scale: 1.0255498114103063
	shear: 6
	translate_x: 0.25251702724210195
	translate_y: 0.13008217136688058
2026-01-10 20:09:34,803 - wandb.wandb_agent - INFO - About to run command: /usr/bin/env python train_data.py --affine=0.016608612709765547 --blur=0.027900973936188733 --brightness=0.6178614492935772 --contrast=1.298743857325256 --crop=0.3087126224435164 --crop_scale=0.9716704096556924 --flip=0.21932681763726505 --gaussian_blur_kernel=3 --gaussian_noise_std=0.4286304478657671 --grey=0.11916941708003316 --hue=-0.0800238999063008 --jiggle=0.8600601880977029 --rotate=0.6907247329510351 --rotation=10 --saturation=0.9994059437541352 --scale=1.0255498114103063 --shear=6 --translate_x=0.25251702724210195 --translate_y=0.13008217136688058
wandb: Currently logged in as: arnaumarcosalmansa (mcv-team-6) to https://api.wandb.ai. Use `wandb login --relogin` to force relogin
wandb: WARNING Ignoring project 'C3-Week3' when running a sweep.
wandb: WARNING Ignoring entity 'mcv-team-6' when running a sweep.
wandb: setting up run 7xflbvxz
wandb: Tracking run with wandb version 0.23.1
wandb: Run data is saved locally in /export/home/group06/workspace/project-team-6/Week3/wandb/run-20260110_200938-7xflbvxz
wandb: Run `wandb offline` to turn off syncing.
wandb: Syncing run Sweep run
wandb: ⭐️ View project at https://wandb.ai/mcv-team-6/C3-Week3
wandb: 🧹 View sweep at https://wandb.ai/mcv-team-6/C3-Week3/sweeps/g5vb4edr
wandb: 🚀 View run at https://wandb.ai/mcv-team-6/C3-Week3/runs/7xflbvxz
2026-01-10 20:09:39,809 - wandb.wandb_agent - INFO - Running runs: ['7xflbvxz']
Traceback (most recent call last):
  File "/export/home/group06/workspace/project-team-6/Week3/train_data.py", line 61, in <module>
    ka.ColorJitter(brightness=cfg.brightness,
  File "/ghome/group06/miniconda3/envs/c3/lib/python3.12/site-packages/kornia/augmentation/_2d/intensity/color_jitter.py", line 105, in __init__
    self._param_generator = rg.ColorJitterGenerator(brightness, contrast, saturation, hue)
                            ^^^^^^^^^^^^^^^^^^^^^^^^^^^^^^^^^^^^^^^^^^^^^^^^^^^^^^^^^^^^^^
  File "/ghome/group06/miniconda3/envs/c3/lib/python3.12/site-packages/kornia/augmentation/random_generator/base.py", line 34, in __call__
    obj.__post_init__()
  File "/ghome/group06/miniconda3/envs/c3/lib/python3.12/site-packages/kornia/augmentation/random_generator/base.py", line 48, in __post_init__
    self.set_rng_device_and_dtype()
  File "/ghome/group06/miniconda3/envs/c3/lib/python3.12/site-packages/kornia/augmentation/random_generator/base.py", line 64, in set_rng_device_and_dtype
    self.make_samplers(device, dtype)
  File "/ghome/group06/miniconda3/envs/c3/lib/python3.12/site-packages/kornia/augmentation/random_generator/_2d/color_jitter.py", line 86, in make_samplers
    hue: Tensor = _range_bound(self.hue, "hue", bounds=(-0.5, 0.5), device=device, dtype=dtype)
                  ^^^^^^^^^^^^^^^^^^^^^^^^^^^^^^^^^^^^^^^^^^^^^^^^^^^^^^^^^^^^^^^^^^^^^^^^^^^^^
  File "/ghome/group06/miniconda3/envs/c3/lib/python3.12/site-packages/kornia/augmentation/utils/param_validation.py", line 53, in _range_bound
    raise ValueError(f"If {name} is a single number, it must be non negative. Got {factor}.")
ValueError: If hue is a single number, it must be non negative. Got -0.08002389967441559.
2026-01-10 20:09:44,973 - wandb.wandb_agent - INFO - Cleaning up finished run: 7xflbvxz
wandb: Terminating and syncing runs. Press ctrl-c to kill.
