Using GPU 0: NVIDIA GeForce RTX 3090
Epoch 1/500 - Train Loss: 2.0232, Train Accuracy: 0.2275, Test Loss: 2.0237, Test Accuracy: 0.2609
Epoch 2/500 - Train Loss: 1.8291, Train Accuracy: 0.4075, Test Loss: 1.7638, Test Accuracy: 0.4379
Epoch 3/500 - Train Loss: 1.6665, Train Accuracy: 0.5200, Test Loss: 1.5474, Test Accuracy: 0.6512
Epoch 4/500 - Train Loss: 1.5315, Train Accuracy: 0.6650, Test Loss: 1.3846, Test Accuracy: 0.7483
Epoch 5/500 - Train Loss: 1.4064, Train Accuracy: 0.6750, Test Loss: 1.2471, Test Accuracy: 0.8007
Epoch 6/500 - Train Loss: 1.2925, Train Accuracy: 0.7725, Test Loss: 1.1403, Test Accuracy: 0.8304
Epoch 7/500 - Train Loss: 1.1942, Train Accuracy: 0.7950, Test Loss: 1.0445, Test Accuracy: 0.8558
Epoch 8/500 - Train Loss: 1.1184, Train Accuracy: 0.8325, Test Loss: 0.9545, Test Accuracy: 0.8785
Epoch 9/500 - Train Loss: 1.0252, Train Accuracy: 0.8400, Test Loss: 0.8893, Test Accuracy: 0.8855
Epoch 10/500 - Train Loss: 0.9988, Train Accuracy: 0.8575, Test Loss: 0.8325, Test Accuracy: 0.8929
Epoch 11/500 - Train Loss: 0.9003, Train Accuracy: 0.8800, Test Loss: 0.7807, Test Accuracy: 0.9069
Epoch 12/500 - Train Loss: 0.8748, Train Accuracy: 0.8950, Test Loss: 0.7344, Test Accuracy: 0.9174
Epoch 13/500 - Train Loss: 0.8072, Train Accuracy: 0.8975, Test Loss: 0.6951, Test Accuracy: 0.9218
Epoch 14/500 - Train Loss: 0.7881, Train Accuracy: 0.8800, Test Loss: 0.6628, Test Accuracy: 0.9266
Epoch 15/500 - Train Loss: 0.7700, Train Accuracy: 0.8850, Test Loss: 0.6346, Test Accuracy: 0.9292
Epoch 16/500 - Train Loss: 0.7052, Train Accuracy: 0.9150, Test Loss: 0.6112, Test Accuracy: 0.9323
Epoch 17/500 - Train Loss: 0.6704, Train Accuracy: 0.9200, Test Loss: 0.5939, Test Accuracy: 0.9358
Epoch 18/500 - Train Loss: 0.6587, Train Accuracy: 0.9225, Test Loss: 0.5766, Test Accuracy: 0.9397
Epoch 19/500 - Train Loss: 0.6516, Train Accuracy: 0.9175, Test Loss: 0.5619, Test Accuracy: 0.9379
Epoch 20/500 - Train Loss: 0.6394, Train Accuracy: 0.9175, Test Loss: 0.5514, Test Accuracy: 0.9406
Epoch 21/500 - Train Loss: 0.5910, Train Accuracy: 0.9350, Test Loss: 0.5397, Test Accuracy: 0.9406
Epoch 22/500 - Train Loss: 0.5708, Train Accuracy: 0.9375, Test Loss: 0.5251, Test Accuracy: 0.9445
Epoch 23/500 - Train Loss: 0.6130, Train Accuracy: 0.9225, Test Loss: 0.5084, Test Accuracy: 0.9458
Epoch 24/500 - Train Loss: 0.5446, Train Accuracy: 0.9475, Test Loss: 0.5053, Test Accuracy: 0.9449
Epoch 25/500 - Train Loss: 0.5236, Train Accuracy: 0.9500, Test Loss: 0.4998, Test Accuracy: 0.9436
Epoch 26/500 - Train Loss: 0.5349, Train Accuracy: 0.9425, Test Loss: 0.4942, Test Accuracy: 0.9445
Epoch 27/500 - Train Loss: 0.5323, Train Accuracy: 0.9375, Test Loss: 0.4912, Test Accuracy: 0.9449
Epoch 28/500 - Train Loss: 0.5187, Train Accuracy: 0.9375, Test Loss: 0.4866, Test Accuracy: 0.9476
Epoch 29/500 - Train Loss: 0.5069, Train Accuracy: 0.9500, Test Loss: 0.4800, Test Accuracy: 0.9484
Epoch 30/500 - Train Loss: 0.5163, Train Accuracy: 0.9500, Test Loss: 0.4789, Test Accuracy: 0.9467
Epoch 31/500 - Train Loss: 0.5026, Train Accuracy: 0.9475, Test Loss: 0.4733, Test Accuracy: 0.9454
Epoch 32/500 - Train Loss: 0.5252, Train Accuracy: 0.9325, Test Loss: 0.4695, Test Accuracy: 0.9471
Epoch 33/500 - Train Loss: 0.4546, Train Accuracy: 0.9600, Test Loss: 0.4672, Test Accuracy: 0.9493
Epoch 34/500 - Train Loss: 0.4725, Train Accuracy: 0.9650, Test Loss: 0.4637, Test Accuracy: 0.9484
Epoch 35/500 - Train Loss: 0.4898, Train Accuracy: 0.9450, Test Loss: 0.4596, Test Accuracy: 0.9524
Epoch 36/500 - Train Loss: 0.4539, Train Accuracy: 0.9600, Test Loss: 0.4615, Test Accuracy: 0.9497
Epoch 37/500 - Train Loss: 0.4673, Train Accuracy: 0.9600, Test Loss: 0.4612, Test Accuracy: 0.9502
Epoch 38/500 - Train Loss: 0.4620, Train Accuracy: 0.9525, Test Loss: 0.4593, Test Accuracy: 0.9515
Epoch 39/500 - Train Loss: 0.4435, Train Accuracy: 0.9675, Test Loss: 0.4580, Test Accuracy: 0.9515
Epoch 40/500 - Train Loss: 0.4477, Train Accuracy: 0.9600, Test Loss: 0.4545, Test Accuracy: 0.9541
Epoch 41/500 - Train Loss: 0.4412, Train Accuracy: 0.9575, Test Loss: 0.4536, Test Accuracy: 0.9550
Epoch 42/500 - Train Loss: 0.4255, Train Accuracy: 0.9725, Test Loss: 0.4519, Test Accuracy: 0.9528
Epoch 43/500 - Train Loss: 0.4511, Train Accuracy: 0.9575, Test Loss: 0.4510, Test Accuracy: 0.9528
Epoch 44/500 - Train Loss: 0.4470, Train Accuracy: 0.9650, Test Loss: 0.4521, Test Accuracy: 0.9515
Epoch 45/500 - Train Loss: 0.4528, Train Accuracy: 0.9550, Test Loss: 0.4519, Test Accuracy: 0.9510
Epoch 46/500 - Train Loss: 0.4132, Train Accuracy: 0.9825, Test Loss: 0.4504, Test Accuracy: 0.9502
Epoch 47/500 - Train Loss: 0.4246, Train Accuracy: 0.9725, Test Loss: 0.4508, Test Accuracy: 0.9502
Epoch 48/500 - Train Loss: 0.4499, Train Accuracy: 0.9500, Test Loss: 0.4516, Test Accuracy: 0.9528
Epoch 49/500 - Train Loss: 0.4374, Train Accuracy: 0.9625, Test Loss: 0.4514, Test Accuracy: 0.9493
Epoch 50/500 - Train Loss: 0.4222, Train Accuracy: 0.9725, Test Loss: 0.4475, Test Accuracy: 0.9528
Epoch 51/500 - Train Loss: 0.4070, Train Accuracy: 0.9750, Test Loss: 0.4466, Test Accuracy: 0.9493
Epoch 52/500 - Train Loss: 0.4211, Train Accuracy: 0.9800, Test Loss: 0.4431, Test Accuracy: 0.9532
Epoch 53/500 - Train Loss: 0.4021, Train Accuracy: 0.9850, Test Loss: 0.4459, Test Accuracy: 0.9493
Epoch 54/500 - Train Loss: 0.4246, Train Accuracy: 0.9725, Test Loss: 0.4481, Test Accuracy: 0.9506
Epoch 55/500 - Train Loss: 0.4146, Train Accuracy: 0.9775, Test Loss: 0.4443, Test Accuracy: 0.9489
Epoch 56/500 - Train Loss: 0.4145, Train Accuracy: 0.9700, Test Loss: 0.4416, Test Accuracy: 0.9510
Epoch 57/500 - Train Loss: 0.4101, Train Accuracy: 0.9725, Test Loss: 0.4387, Test Accuracy: 0.9532
Epoch 58/500 - Train Loss: 0.4000, Train Accuracy: 0.9675, Test Loss: 0.4422, Test Accuracy: 0.9510
Epoch 59/500 - Train Loss: 0.3899, Train Accuracy: 0.9825, Test Loss: 0.4415, Test Accuracy: 0.9506
Epoch 60/500 - Train Loss: 0.3946, Train Accuracy: 0.9825, Test Loss: 0.4430, Test Accuracy: 0.9484
Epoch 61/500 - Train Loss: 0.3972, Train Accuracy: 0.9850, Test Loss: 0.4407, Test Accuracy: 0.9502
Epoch 62/500 - Train Loss: 0.3798, Train Accuracy: 0.9875, Test Loss: 0.4423, Test Accuracy: 0.9510
Epoch 63/500 - Train Loss: 0.4061, Train Accuracy: 0.9700, Test Loss: 0.4444, Test Accuracy: 0.9476
Epoch 64/500 - Train Loss: 0.3875, Train Accuracy: 0.9775, Test Loss: 0.4406, Test Accuracy: 0.9480
Epoch 65/500 - Train Loss: 0.3985, Train Accuracy: 0.9725, Test Loss: 0.4402, Test Accuracy: 0.9510
Epoch 66/500 - Train Loss: 0.4069, Train Accuracy: 0.9700, Test Loss: 0.4396, Test Accuracy: 0.9497
Epoch 67/500 - Train Loss: 0.4081, Train Accuracy: 0.9750, Test Loss: 0.4401, Test Accuracy: 0.9489
Epoch 68/500 - Train Loss: 0.3955, Train Accuracy: 0.9800, Test Loss: 0.4405, Test Accuracy: 0.9524
Epoch 69/500 - Train Loss: 0.3970, Train Accuracy: 0.9725, Test Loss: 0.4392, Test Accuracy: 0.9524
Epoch 70/500 - Train Loss: 0.4006, Train Accuracy: 0.9775, Test Loss: 0.4453, Test Accuracy: 0.9454
Epoch 71/500 - Train Loss: 0.3867, Train Accuracy: 0.9800, Test Loss: 0.4418, Test Accuracy: 0.9493
Epoch 72/500 - Train Loss: 0.3788, Train Accuracy: 0.9900, Test Loss: 0.4414, Test Accuracy: 0.9497

Early stopping triggered at epoch 72
Best test loss: 0.4387
Best test accuracy: 0.9550
Plot saved as trained_models/Sweep_data run/metrics/loss.png
Plot saved as trained_models/Sweep_data run/metrics/metrics.png
