Using GPU 0: NVIDIA GeForce RTX 3090
Epoch 1/500 - Train Loss: 2.0696, Train Accuracy: 0.1975, Test Loss: 1.9929, Test Accuracy: 0.2238
Epoch 2/500 - Train Loss: 1.8741, Train Accuracy: 0.3725, Test Loss: 1.8262, Test Accuracy: 0.4349
Epoch 3/500 - Train Loss: 1.7039, Train Accuracy: 0.5025, Test Loss: 1.6557, Test Accuracy: 0.5621
Epoch 4/500 - Train Loss: 1.5836, Train Accuracy: 0.5925, Test Loss: 1.5067, Test Accuracy: 0.6818
Epoch 5/500 - Train Loss: 1.4457, Train Accuracy: 0.6950, Test Loss: 1.3660, Test Accuracy: 0.7885
Epoch 6/500 - Train Loss: 1.3710, Train Accuracy: 0.6975, Test Loss: 1.2688, Test Accuracy: 0.8256
Epoch 7/500 - Train Loss: 1.2814, Train Accuracy: 0.7375, Test Loss: 1.1657, Test Accuracy: 0.8575
Epoch 8/500 - Train Loss: 1.2018, Train Accuracy: 0.7475, Test Loss: 1.0682, Test Accuracy: 0.8785
Epoch 9/500 - Train Loss: 1.1056, Train Accuracy: 0.7875, Test Loss: 1.0067, Test Accuracy: 0.8885
Epoch 10/500 - Train Loss: 1.0342, Train Accuracy: 0.8275, Test Loss: 0.9302, Test Accuracy: 0.9034
Epoch 11/500 - Train Loss: 0.9835, Train Accuracy: 0.8500, Test Loss: 0.8675, Test Accuracy: 0.9148
Epoch 12/500 - Train Loss: 0.9612, Train Accuracy: 0.8275, Test Loss: 0.8196, Test Accuracy: 0.9174
Epoch 13/500 - Train Loss: 0.8923, Train Accuracy: 0.8575, Test Loss: 0.7637, Test Accuracy: 0.9235
Epoch 14/500 - Train Loss: 0.8432, Train Accuracy: 0.8800, Test Loss: 0.7239, Test Accuracy: 0.9283
Epoch 15/500 - Train Loss: 0.8242, Train Accuracy: 0.8900, Test Loss: 0.6836, Test Accuracy: 0.9323
Epoch 16/500 - Train Loss: 0.8237, Train Accuracy: 0.8475, Test Loss: 0.6528, Test Accuracy: 0.9379
Epoch 17/500 - Train Loss: 0.7664, Train Accuracy: 0.8675, Test Loss: 0.6295, Test Accuracy: 0.9362
Epoch 18/500 - Train Loss: 0.7470, Train Accuracy: 0.9000, Test Loss: 0.6104, Test Accuracy: 0.9397
Epoch 19/500 - Train Loss: 0.6797, Train Accuracy: 0.9200, Test Loss: 0.5901, Test Accuracy: 0.9401
Epoch 20/500 - Train Loss: 0.7095, Train Accuracy: 0.8825, Test Loss: 0.5773, Test Accuracy: 0.9384
Epoch 21/500 - Train Loss: 0.6241, Train Accuracy: 0.9300, Test Loss: 0.5645, Test Accuracy: 0.9384
Epoch 22/500 - Train Loss: 0.6278, Train Accuracy: 0.9175, Test Loss: 0.5516, Test Accuracy: 0.9397
Epoch 23/500 - Train Loss: 0.6323, Train Accuracy: 0.9000, Test Loss: 0.5393, Test Accuracy: 0.9432
Epoch 24/500 - Train Loss: 0.6152, Train Accuracy: 0.9075, Test Loss: 0.5323, Test Accuracy: 0.9427
Epoch 25/500 - Train Loss: 0.5854, Train Accuracy: 0.9275, Test Loss: 0.5197, Test Accuracy: 0.9445
Epoch 26/500 - Train Loss: 0.5969, Train Accuracy: 0.9175, Test Loss: 0.5103, Test Accuracy: 0.9449
Epoch 27/500 - Train Loss: 0.5925, Train Accuracy: 0.9275, Test Loss: 0.5059, Test Accuracy: 0.9449
Epoch 28/500 - Train Loss: 0.5691, Train Accuracy: 0.9100, Test Loss: 0.4981, Test Accuracy: 0.9436
Epoch 29/500 - Train Loss: 0.5650, Train Accuracy: 0.9325, Test Loss: 0.4928, Test Accuracy: 0.9432
Epoch 30/500 - Train Loss: 0.5470, Train Accuracy: 0.9375, Test Loss: 0.4899, Test Accuracy: 0.9432
Epoch 31/500 - Train Loss: 0.5129, Train Accuracy: 0.9425, Test Loss: 0.4885, Test Accuracy: 0.9445
Epoch 32/500 - Train Loss: 0.5286, Train Accuracy: 0.9450, Test Loss: 0.4879, Test Accuracy: 0.9432
Epoch 33/500 - Train Loss: 0.5398, Train Accuracy: 0.9275, Test Loss: 0.4875, Test Accuracy: 0.9436
Epoch 34/500 - Train Loss: 0.5563, Train Accuracy: 0.9200, Test Loss: 0.4816, Test Accuracy: 0.9476
Epoch 35/500 - Train Loss: 0.5032, Train Accuracy: 0.9275, Test Loss: 0.4830, Test Accuracy: 0.9445
Epoch 36/500 - Train Loss: 0.4743, Train Accuracy: 0.9650, Test Loss: 0.4704, Test Accuracy: 0.9484
Epoch 37/500 - Train Loss: 0.5066, Train Accuracy: 0.9475, Test Loss: 0.4692, Test Accuracy: 0.9489
Epoch 38/500 - Train Loss: 0.4853, Train Accuracy: 0.9575, Test Loss: 0.4626, Test Accuracy: 0.9510
Epoch 39/500 - Train Loss: 0.5263, Train Accuracy: 0.9300, Test Loss: 0.4604, Test Accuracy: 0.9528
Epoch 40/500 - Train Loss: 0.4838, Train Accuracy: 0.9575, Test Loss: 0.4569, Test Accuracy: 0.9541
Epoch 41/500 - Train Loss: 0.5021, Train Accuracy: 0.9350, Test Loss: 0.4593, Test Accuracy: 0.9541
Epoch 42/500 - Train Loss: 0.4977, Train Accuracy: 0.9275, Test Loss: 0.4661, Test Accuracy: 0.9493
Epoch 43/500 - Train Loss: 0.4527, Train Accuracy: 0.9650, Test Loss: 0.4710, Test Accuracy: 0.9454
Epoch 44/500 - Train Loss: 0.5056, Train Accuracy: 0.9300, Test Loss: 0.4634, Test Accuracy: 0.9510
Epoch 45/500 - Train Loss: 0.4319, Train Accuracy: 0.9750, Test Loss: 0.4613, Test Accuracy: 0.9497
Epoch 46/500 - Train Loss: 0.4520, Train Accuracy: 0.9500, Test Loss: 0.4647, Test Accuracy: 0.9497
Epoch 47/500 - Train Loss: 0.4640, Train Accuracy: 0.9600, Test Loss: 0.4592, Test Accuracy: 0.9454
Epoch 48/500 - Train Loss: 0.4564, Train Accuracy: 0.9650, Test Loss: 0.4592, Test Accuracy: 0.9489
Epoch 49/500 - Train Loss: 0.4712, Train Accuracy: 0.9400, Test Loss: 0.4577, Test Accuracy: 0.9480
Epoch 50/500 - Train Loss: 0.4395, Train Accuracy: 0.9600, Test Loss: 0.4525, Test Accuracy: 0.9528
Epoch 51/500 - Train Loss: 0.4193, Train Accuracy: 0.9725, Test Loss: 0.4549, Test Accuracy: 0.9489
Epoch 52/500 - Train Loss: 0.4549, Train Accuracy: 0.9425, Test Loss: 0.4510, Test Accuracy: 0.9550
Epoch 53/500 - Train Loss: 0.4357, Train Accuracy: 0.9600, Test Loss: 0.4605, Test Accuracy: 0.9454
Epoch 54/500 - Train Loss: 0.4385, Train Accuracy: 0.9675, Test Loss: 0.4584, Test Accuracy: 0.9454
Epoch 55/500 - Train Loss: 0.4654, Train Accuracy: 0.9550, Test Loss: 0.4605, Test Accuracy: 0.9423
Epoch 56/500 - Train Loss: 0.4490, Train Accuracy: 0.9550, Test Loss: 0.4606, Test Accuracy: 0.9445
Epoch 57/500 - Train Loss: 0.4166, Train Accuracy: 0.9700, Test Loss: 0.4568, Test Accuracy: 0.9476
Epoch 58/500 - Train Loss: 0.4211, Train Accuracy: 0.9725, Test Loss: 0.4606, Test Accuracy: 0.9484
Epoch 59/500 - Train Loss: 0.4258, Train Accuracy: 0.9750, Test Loss: 0.4600, Test Accuracy: 0.9462
Epoch 60/500 - Train Loss: 0.4074, Train Accuracy: 0.9700, Test Loss: 0.4536, Test Accuracy: 0.9480
Epoch 61/500 - Train Loss: 0.3940, Train Accuracy: 0.9800, Test Loss: 0.4554, Test Accuracy: 0.9458
Epoch 62/500 - Train Loss: 0.4251, Train Accuracy: 0.9650, Test Loss: 0.4503, Test Accuracy: 0.9519
Epoch 63/500 - Train Loss: 0.4025, Train Accuracy: 0.9725, Test Loss: 0.4469, Test Accuracy: 0.9480
Epoch 64/500 - Train Loss: 0.3972, Train Accuracy: 0.9850, Test Loss: 0.4504, Test Accuracy: 0.9467
Epoch 65/500 - Train Loss: 0.4071, Train Accuracy: 0.9775, Test Loss: 0.4488, Test Accuracy: 0.9497
Epoch 66/500 - Train Loss: 0.3835, Train Accuracy: 0.9800, Test Loss: 0.4519, Test Accuracy: 0.9480
Epoch 67/500 - Train Loss: 0.4315, Train Accuracy: 0.9575, Test Loss: 0.4533, Test Accuracy: 0.9467
Epoch 68/500 - Train Loss: 0.4173, Train Accuracy: 0.9650, Test Loss: 0.4482, Test Accuracy: 0.9489
Epoch 69/500 - Train Loss: 0.3949, Train Accuracy: 0.9775, Test Loss: 0.4428, Test Accuracy: 0.9537
Epoch 70/500 - Train Loss: 0.4428, Train Accuracy: 0.9500, Test Loss: 0.4486, Test Accuracy: 0.9480
Epoch 71/500 - Train Loss: 0.4173, Train Accuracy: 0.9625, Test Loss: 0.4491, Test Accuracy: 0.9515
Epoch 72/500 - Train Loss: 0.4162, Train Accuracy: 0.9675, Test Loss: 0.4550, Test Accuracy: 0.9480
Epoch 73/500 - Train Loss: 0.3905, Train Accuracy: 0.9700, Test Loss: 0.4517, Test Accuracy: 0.9476
Epoch 74/500 - Train Loss: 0.3869, Train Accuracy: 0.9750, Test Loss: 0.4529, Test Accuracy: 0.9458
Epoch 75/500 - Train Loss: 0.4152, Train Accuracy: 0.9600, Test Loss: 0.4517, Test Accuracy: 0.9449
Epoch 76/500 - Train Loss: 0.3854, Train Accuracy: 0.9800, Test Loss: 0.4564, Test Accuracy: 0.9432
Epoch 77/500 - Train Loss: 0.4276, Train Accuracy: 0.9575, Test Loss: 0.4559, Test Accuracy: 0.9462
Epoch 78/500 - Train Loss: 0.3990, Train Accuracy: 0.9725, Test Loss: 0.4585, Test Accuracy: 0.9441
Epoch 79/500 - Train Loss: 0.3783, Train Accuracy: 0.9875, Test Loss: 0.4698, Test Accuracy: 0.9397
Epoch 80/500 - Train Loss: 0.3939, Train Accuracy: 0.9800, Test Loss: 0.4612, Test Accuracy: 0.9427
Epoch 81/500 - Train Loss: 0.3889, Train Accuracy: 0.9750, Test Loss: 0.4532, Test Accuracy: 0.9436
Epoch 82/500 - Train Loss: 0.3746, Train Accuracy: 0.9800, Test Loss: 0.4550, Test Accuracy: 0.9441
Epoch 83/500 - Train Loss: 0.3870, Train Accuracy: 0.9825, Test Loss: 0.4583, Test Accuracy: 0.9423
Epoch 84/500 - Train Loss: 0.3903, Train Accuracy: 0.9725, Test Loss: 0.4598, Test Accuracy: 0.9410

Early stopping triggered at epoch 84
Best test loss: 0.4428
Best test accuracy: 0.9550
Plot saved as trained_models/Sweep_data run/metrics/loss.png
Plot saved as trained_models/Sweep_data run/metrics/metrics.png
