wandb: Starting wandb agent 🕵️
2026-01-10 20:40:11,411 - wandb.wandb_agent - INFO - Running runs: []
2026-01-10 20:40:11,692 - wandb.wandb_agent - INFO - Agent received command: run
2026-01-10 20:40:11,693 - wandb.wandb_agent - INFO - Agent starting run with config:
	affine: 0.7932491683943815
	blur: 0.8325284848792774
	brightness: 0.8498347445321379
	contrast: 1.2411265874279
	crop: 0.9155990889156104
	crop_scale: 0.970864994409302
	flip: 0.9202529954486834
	gaussian_blur_kernel: 3
	gaussian_noise_std: 0.3247089491032823
	grey: 0.8733261269296686
	hue: -0.020267904407457543
	jiggle: 0.09307723660855204
	rotate: 0.1684906478712762
	rotation: 5
	saturation: 0.6144833572438905
	scale: 1.000835722017812
	shear: 27
	translate_x: 0.045600388640878634
	translate_y: 0.01005722857862792
2026-01-10 20:40:11,696 - wandb.wandb_agent - INFO - About to run command: /usr/bin/env python train_data.py --affine=0.7932491683943815 --blur=0.8325284848792774 --brightness=0.8498347445321379 --contrast=1.2411265874279 --crop=0.9155990889156104 --crop_scale=0.970864994409302 --flip=0.9202529954486834 --gaussian_blur_kernel=3 --gaussian_noise_std=0.3247089491032823 --grey=0.8733261269296686 --hue=-0.020267904407457543 --jiggle=0.09307723660855204 --rotate=0.1684906478712762 --rotation=5 --saturation=0.6144833572438905 --scale=1.000835722017812 --shear=27 --translate_x=0.045600388640878634 --translate_y=0.01005722857862792
wandb: Currently logged in as: arnaumarcosalmansa (mcv-team-6) to https://api.wandb.ai. Use `wandb login --relogin` to force relogin
wandb: WARNING Ignoring project 'C3-Week3' when running a sweep.
wandb: WARNING Ignoring entity 'mcv-team-6' when running a sweep.
wandb: setting up run ctymlec8
2026-01-10 20:40:16,703 - wandb.wandb_agent - INFO - Running runs: ['ctymlec8']
wandb: Tracking run with wandb version 0.23.1
wandb: Run data is saved locally in /export/home/group06/workspace/project-team-6/Week3/wandb/run-20260110_204015-ctymlec8
wandb: Run `wandb offline` to turn off syncing.
wandb: Syncing run Sweep run
wandb: ⭐️ View project at https://wandb.ai/mcv-team-6/C3-Week3
wandb: 🧹 View sweep at https://wandb.ai/mcv-team-6/C3-Week3/sweeps/8yeenlu8
wandb: 🚀 View run at https://wandb.ai/mcv-team-6/C3-Week3/runs/ctymlec8
Traceback (most recent call last):
  File "/export/home/group06/workspace/project-team-6/Week3/train_data.py", line 61, in <module>
    ka.ColorJitter(brightness=cfg.brightness,
  File "/ghome/group06/miniconda3/envs/c3/lib/python3.12/site-packages/kornia/augmentation/_2d/intensity/color_jitter.py", line 105, in __init__
    self._param_generator = rg.ColorJitterGenerator(brightness, contrast, saturation, hue)
                            ^^^^^^^^^^^^^^^^^^^^^^^^^^^^^^^^^^^^^^^^^^^^^^^^^^^^^^^^^^^^^^
  File "/ghome/group06/miniconda3/envs/c3/lib/python3.12/site-packages/kornia/augmentation/random_generator/base.py", line 34, in __call__
    obj.__post_init__()
  File "/ghome/group06/miniconda3/envs/c3/lib/python3.12/site-packages/kornia/augmentation/random_generator/base.py", line 48, in __post_init__
    self.set_rng_device_and_dtype()
  File "/ghome/group06/miniconda3/envs/c3/lib/python3.12/site-packages/kornia/augmentation/random_generator/base.py", line 64, in set_rng_device_and_dtype
    self.make_samplers(device, dtype)
  File "/ghome/group06/miniconda3/envs/c3/lib/python3.12/site-packages/kornia/augmentation/random_generator/_2d/color_jitter.py", line 86, in make_samplers
    hue: Tensor = _range_bound(self.hue, "hue", bounds=(-0.5, 0.5), device=device, dtype=dtype)
                  ^^^^^^^^^^^^^^^^^^^^^^^^^^^^^^^^^^^^^^^^^^^^^^^^^^^^^^^^^^^^^^^^^^^^^^^^^^^^^
  File "/ghome/group06/miniconda3/envs/c3/lib/python3.12/site-packages/kornia/augmentation/utils/param_validation.py", line 53, in _range_bound
    raise ValueError(f"If {name} is a single number, it must be non negative. Got {factor}.")
ValueError: If hue is a single number, it must be non negative. Got -0.020267903804779053.
2026-01-10 20:40:21,841 - wandb.wandb_agent - INFO - Cleaning up finished run: ctymlec8
2026-01-10 20:40:22,131 - wandb.wandb_agent - INFO - Agent received command: run
2026-01-10 20:40:22,131 - wandb.wandb_agent - INFO - Agent starting run with config:
	affine: 0.9052233096785732
	blur: 0.11322221283324574
	brightness: 0.963426841516325
	contrast: 1.394774508279936
	crop: 0.4313968157546313
	crop_scale: 0.9049844799579608
	flip: 0.7214874964692889
	gaussian_blur_kernel: 3
	gaussian_noise_std: 0.4404182414634076
	grey: 0.8261465866304326
	hue: -0.007789999051331223
	jiggle: 0.1134421142608103
	rotate: 0.021423278393636225
	rotation: 50
	saturation: 1.0293086887766212
	scale: 0.8039538019744595
	shear: 9
	translate_x: 0.32223831569434425
	translate_y: 0.13199918045267167
2026-01-10 20:40:22,134 - wandb.wandb_agent - INFO - About to run command: /usr/bin/env python train_data.py --affine=0.9052233096785732 --blur=0.11322221283324574 --brightness=0.963426841516325 --contrast=1.394774508279936 --crop=0.4313968157546313 --crop_scale=0.9049844799579608 --flip=0.7214874964692889 --gaussian_blur_kernel=3 --gaussian_noise_std=0.4404182414634076 --grey=0.8261465866304326 --hue=-0.007789999051331223 --jiggle=0.1134421142608103 --rotate=0.021423278393636225 --rotation=50 --saturation=1.0293086887766212 --scale=0.8039538019744595 --shear=9 --translate_x=0.32223831569434425 --translate_y=0.13199918045267167
wandb: Currently logged in as: arnaumarcosalmansa (mcv-team-6) to https://api.wandb.ai. Use `wandb login --relogin` to force relogin
wandb: WARNING Ignoring project 'C3-Week3' when running a sweep.
wandb: WARNING Ignoring entity 'mcv-team-6' when running a sweep.
2026-01-10 20:40:27,141 - wandb.wandb_agent - INFO - Running runs: ['nhb4zqsp']
wandb: setting up run nhb4zqsp
wandb: Tracking run with wandb version 0.23.1
wandb: Run data is saved locally in /export/home/group06/workspace/project-team-6/Week3/wandb/run-20260110_204026-nhb4zqsp
wandb: Run `wandb offline` to turn off syncing.
wandb: Syncing run Sweep run
wandb: ⭐️ View project at https://wandb.ai/mcv-team-6/C3-Week3
wandb: 🧹 View sweep at https://wandb.ai/mcv-team-6/C3-Week3/sweeps/8yeenlu8
wandb: 🚀 View run at https://wandb.ai/mcv-team-6/C3-Week3/runs/nhb4zqsp
Traceback (most recent call last):
  File "/export/home/group06/workspace/project-team-6/Week3/train_data.py", line 61, in <module>
    ka.ColorJitter(brightness=cfg.brightness,
  File "/ghome/group06/miniconda3/envs/c3/lib/python3.12/site-packages/kornia/augmentation/_2d/intensity/color_jitter.py", line 105, in __init__
    self._param_generator = rg.ColorJitterGenerator(brightness, contrast, saturation, hue)
                            ^^^^^^^^^^^^^^^^^^^^^^^^^^^^^^^^^^^^^^^^^^^^^^^^^^^^^^^^^^^^^^
  File "/ghome/group06/miniconda3/envs/c3/lib/python3.12/site-packages/kornia/augmentation/random_generator/base.py", line 34, in __call__
    obj.__post_init__()
  File "/ghome/group06/miniconda3/envs/c3/lib/python3.12/site-packages/kornia/augmentation/random_generator/base.py", line 48, in __post_init__
    self.set_rng_device_and_dtype()
  File "/ghome/group06/miniconda3/envs/c3/lib/python3.12/site-packages/kornia/augmentation/random_generator/base.py", line 64, in set_rng_device_and_dtype
    self.make_samplers(device, dtype)
  File "/ghome/group06/miniconda3/envs/c3/lib/python3.12/site-packages/kornia/augmentation/random_generator/_2d/color_jitter.py", line 86, in make_samplers
    hue: Tensor = _range_bound(self.hue, "hue", bounds=(-0.5, 0.5), device=device, dtype=dtype)
                  ^^^^^^^^^^^^^^^^^^^^^^^^^^^^^^^^^^^^^^^^^^^^^^^^^^^^^^^^^^^^^^^^^^^^^^^^^^^^^
  File "/ghome/group06/miniconda3/envs/c3/lib/python3.12/site-packages/kornia/augmentation/utils/param_validation.py", line 53, in _range_bound
    raise ValueError(f"If {name} is a single number, it must be non negative. Got {factor}.")
ValueError: If hue is a single number, it must be non negative. Got -0.00778999924659729.
2026-01-10 20:40:32,284 - wandb.wandb_agent - INFO - Cleaning up finished run: nhb4zqsp
2026-01-10 20:40:32,620 - wandb.wandb_agent - INFO - Agent received command: run
2026-01-10 20:40:32,620 - wandb.wandb_agent - INFO - Agent starting run with config:
	affine: 0.023260238353093987
	blur: 0.9488276600559492
	brightness: 0.7019896264148915
	contrast: 0.9271800579524054
	crop: 0.9786326211931152
	crop_scale: 0.6593145045163378
	flip: 0.884319820598593
	gaussian_blur_kernel: 9
	gaussian_noise_std: 1.8396739998869691
	grey: 0.7729822014033203
	hue: -0.02622407462578223
	jiggle: 0.24045547259034816
	rotate: 0.19046344415038385
	rotation: 28
	saturation: 0.9767506298487638
	scale: 1.0863296285097566
	shear: 30
	translate_x: 0.26880281260629213
	translate_y: 0.017203081978227532
2026-01-10 20:40:32,623 - wandb.wandb_agent - INFO - About to run command: /usr/bin/env python train_data.py --affine=0.023260238353093987 --blur=0.9488276600559492 --brightness=0.7019896264148915 --contrast=0.9271800579524054 --crop=0.9786326211931152 --crop_scale=0.6593145045163378 --flip=0.884319820598593 --gaussian_blur_kernel=9 --gaussian_noise_std=1.8396739998869691 --grey=0.7729822014033203 --hue=-0.02622407462578223 --jiggle=0.24045547259034816 --rotate=0.19046344415038385 --rotation=28 --saturation=0.9767506298487638 --scale=1.0863296285097566 --shear=30 --translate_x=0.26880281260629213 --translate_y=0.017203081978227532
wandb: Currently logged in as: arnaumarcosalmansa (mcv-team-6) to https://api.wandb.ai. Use `wandb login --relogin` to force relogin
wandb: WARNING Ignoring project 'C3-Week3' when running a sweep.
wandb: WARNING Ignoring entity 'mcv-team-6' when running a sweep.
wandb: Tracking run with wandb version 0.23.1
wandb: Run data is saved locally in /export/home/group06/workspace/project-team-6/Week3/wandb/run-20260110_204036-tmbwb6dy
wandb: Run `wandb offline` to turn off syncing.
wandb: Syncing run Sweep run
wandb: ⭐️ View project at https://wandb.ai/mcv-team-6/C3-Week3
wandb: 🧹 View sweep at https://wandb.ai/mcv-team-6/C3-Week3/sweeps/8yeenlu8
wandb: 🚀 View run at https://wandb.ai/mcv-team-6/C3-Week3/runs/tmbwb6dy
2026-01-10 20:40:37,630 - wandb.wandb_agent - INFO - Running runs: ['tmbwb6dy']
Traceback (most recent call last):
  File "/export/home/group06/workspace/project-team-6/Week3/train_data.py", line 61, in <module>
    ka.ColorJitter(brightness=cfg.brightness,
  File "/ghome/group06/miniconda3/envs/c3/lib/python3.12/site-packages/kornia/augmentation/_2d/intensity/color_jitter.py", line 105, in __init__
    self._param_generator = rg.ColorJitterGenerator(brightness, contrast, saturation, hue)
                            ^^^^^^^^^^^^^^^^^^^^^^^^^^^^^^^^^^^^^^^^^^^^^^^^^^^^^^^^^^^^^^
  File "/ghome/group06/miniconda3/envs/c3/lib/python3.12/site-packages/kornia/augmentation/random_generator/base.py", line 34, in __call__
    obj.__post_init__()
  File "/ghome/group06/miniconda3/envs/c3/lib/python3.12/site-packages/kornia/augmentation/random_generator/base.py", line 48, in __post_init__
    self.set_rng_device_and_dtype()
  File "/ghome/group06/miniconda3/envs/c3/lib/python3.12/site-packages/kornia/augmentation/random_generator/base.py", line 64, in set_rng_device_and_dtype
    self.make_samplers(device, dtype)
  File "/ghome/group06/miniconda3/envs/c3/lib/python3.12/site-packages/kornia/augmentation/random_generator/_2d/color_jitter.py", line 86, in make_samplers
    hue: Tensor = _range_bound(self.hue, "hue", bounds=(-0.5, 0.5), device=device, dtype=dtype)
                  ^^^^^^^^^^^^^^^^^^^^^^^^^^^^^^^^^^^^^^^^^^^^^^^^^^^^^^^^^^^^^^^^^^^^^^^^^^^^^
  File "/ghome/group06/miniconda3/envs/c3/lib/python3.12/site-packages/kornia/augmentation/utils/param_validation.py", line 53, in _range_bound
    raise ValueError(f"If {name} is a single number, it must be non negative. Got {factor}.")
ValueError: If hue is a single number, it must be non negative. Got -0.026224074885249138.
2026-01-10 20:40:42,791 - wandb.wandb_agent - ERROR - Detected 3 failed runs in the first 60 seconds, shutting down.
2026-01-10 20:40:42,791 - wandb.wandb_agent - INFO - To disable this check set WANDB_AGENT_DISABLE_FLAPPING=true
wandb: Terminating and syncing runs. Press ctrl-c to kill.
