wandb: Starting wandb agent 🕵️
2026-01-10 19:59:00,046 - wandb.wandb_agent - INFO - Running runs: []
2026-01-10 19:59:00,520 - wandb.wandb_agent - INFO - Agent received command: run
2026-01-10 19:59:00,520 - wandb.wandb_agent - INFO - Agent starting run with config:
	affine: 0.3889740156920509
	blur: 0.1647272057145327
	brightness: 0.907850060130462
	contrast: 1.271089009148609
	crop: 0.609918772202655
	crop_scale: 0.3313725430445456
	flip: 0.8639337616277319
	gaussian_blur_kernel: 7
	gaussian_noise_std: 1.713580546117898
	grey: 0.7678727675124506
	hue: -0.0002058262753312362
	jiggle: 0.13688114258098294
	rotate: 0.4872701854298042
	rotation: 12
	saturation: 1.334694346327514
	scale: 0.9061655305498914
	shear: 16
	translate_x: 0.08284142157248948
	translate_y: 0.2758864060039874
2026-01-10 19:59:00,524 - wandb.wandb_agent - INFO - About to run command: /usr/bin/env python train_data.py --affine=0.3889740156920509 --blur=0.1647272057145327 --brightness=0.907850060130462 --contrast=1.271089009148609 --crop=0.609918772202655 --crop_scale=0.3313725430445456 --flip=0.8639337616277319 --gaussian_blur_kernel=7 --gaussian_noise_std=1.713580546117898 --grey=0.7678727675124506 --hue=-0.0002058262753312362 --jiggle=0.13688114258098294 --rotate=0.4872701854298042 --rotation=12 --saturation=1.334694346327514 --scale=0.9061655305498914 --shear=16 --translate_x=0.08284142157248948 --translate_y=0.2758864060039874
wandb: Currently logged in as: arnaumarcosalmansa (mcv-team-6) to https://api.wandb.ai. Use `wandb login --relogin` to force relogin
wandb: WARNING Ignoring project 'C3-Week3' when running a sweep.
wandb: WARNING Ignoring entity 'mcv-team-6' when running a sweep.
wandb: setting up run vnmoc15b
wandb: Tracking run with wandb version 0.23.1
wandb: Run data is saved locally in /export/home/group06/workspace/project-team-6/Week3/wandb/run-20260110_195904-vnmoc15b
wandb: Run `wandb offline` to turn off syncing.
wandb: Syncing run Sweep run
wandb: ⭐️ View project at https://wandb.ai/mcv-team-6/C3-Week3
wandb: 🧹 View sweep at https://wandb.ai/mcv-team-6/C3-Week3/sweeps/g5vb4edr
wandb: 🚀 View run at https://wandb.ai/mcv-team-6/C3-Week3/runs/vnmoc15b
2026-01-10 19:59:05,530 - wandb.wandb_agent - INFO - Running runs: ['vnmoc15b']
Traceback (most recent call last):
  File "/export/home/group06/workspace/project-team-6/Week3/train_data.py", line 61, in <module>
    ka.ColorJitter(brightness=cfg.brightness,
  File "/ghome/group06/miniconda3/envs/c3/lib/python3.12/site-packages/kornia/augmentation/_2d/intensity/color_jitter.py", line 105, in __init__
    self._param_generator = rg.ColorJitterGenerator(brightness, contrast, saturation, hue)
                            ^^^^^^^^^^^^^^^^^^^^^^^^^^^^^^^^^^^^^^^^^^^^^^^^^^^^^^^^^^^^^^
  File "/ghome/group06/miniconda3/envs/c3/lib/python3.12/site-packages/kornia/augmentation/random_generator/base.py", line 34, in __call__
    obj.__post_init__()
  File "/ghome/group06/miniconda3/envs/c3/lib/python3.12/site-packages/kornia/augmentation/random_generator/base.py", line 48, in __post_init__
    self.set_rng_device_and_dtype()
  File "/ghome/group06/miniconda3/envs/c3/lib/python3.12/site-packages/kornia/augmentation/random_generator/base.py", line 64, in set_rng_device_and_dtype
    self.make_samplers(device, dtype)
  File "/ghome/group06/miniconda3/envs/c3/lib/python3.12/site-packages/kornia/augmentation/random_generator/_2d/color_jitter.py", line 86, in make_samplers
    hue: Tensor = _range_bound(self.hue, "hue", bounds=(-0.5, 0.5), device=device, dtype=dtype)
                  ^^^^^^^^^^^^^^^^^^^^^^^^^^^^^^^^^^^^^^^^^^^^^^^^^^^^^^^^^^^^^^^^^^^^^^^^^^^^^
  File "/ghome/group06/miniconda3/envs/c3/lib/python3.12/site-packages/kornia/augmentation/utils/param_validation.py", line 53, in _range_bound
    raise ValueError(f"If {name} is a single number, it must be non negative. Got {factor}.")
ValueError: If hue is a single number, it must be non negative. Got -0.00020582627621479332.
2026-01-10 19:59:10,689 - wandb.wandb_agent - INFO - Cleaning up finished run: vnmoc15b
wandb: Terminating and syncing runs. Press ctrl-c to kill.
