Using GPU 0: NVIDIA GeForce RTX 3090
Epoch 1/500 - Train Loss: 2.1315, Train Accuracy: 0.1475, Test Loss: 2.0556, Test Accuracy: 0.2120
Epoch 2/500 - Train Loss: 1.9171, Train Accuracy: 0.2825, Test Loss: 1.9407, Test Accuracy: 0.2810
Epoch 3/500 - Train Loss: 1.7530, Train Accuracy: 0.3950, Test Loss: 1.8319, Test Accuracy: 0.3658
Epoch 4/500 - Train Loss: 1.6162, Train Accuracy: 0.5675, Test Loss: 1.7294, Test Accuracy: 0.4484
Epoch 5/500 - Train Loss: 1.5015, Train Accuracy: 0.6700, Test Loss: 1.6186, Test Accuracy: 0.5253
Epoch 6/500 - Train Loss: 1.3893, Train Accuracy: 0.7200, Test Loss: 1.5184, Test Accuracy: 0.6045
Epoch 7/500 - Train Loss: 1.3085, Train Accuracy: 0.7700, Test Loss: 1.4090, Test Accuracy: 0.6831
Epoch 8/500 - Train Loss: 1.2159, Train Accuracy: 0.7775, Test Loss: 1.3456, Test Accuracy: 0.6993
Epoch 9/500 - Train Loss: 1.1167, Train Accuracy: 0.8100, Test Loss: 1.2637, Test Accuracy: 0.7395
Epoch 10/500 - Train Loss: 1.0907, Train Accuracy: 0.7925, Test Loss: 1.1857, Test Accuracy: 0.7653
Epoch 11/500 - Train Loss: 1.0631, Train Accuracy: 0.8075, Test Loss: 1.1201, Test Accuracy: 0.7858
Epoch 12/500 - Train Loss: 0.9752, Train Accuracy: 0.8150, Test Loss: 1.0791, Test Accuracy: 0.7950
Epoch 13/500 - Train Loss: 0.9620, Train Accuracy: 0.8250, Test Loss: 1.0235, Test Accuracy: 0.8090
Epoch 14/500 - Train Loss: 0.9082, Train Accuracy: 0.8175, Test Loss: 1.0062, Test Accuracy: 0.8055
Epoch 15/500 - Train Loss: 0.8924, Train Accuracy: 0.8275, Test Loss: 0.9262, Test Accuracy: 0.8330
Epoch 16/500 - Train Loss: 0.8254, Train Accuracy: 0.8600, Test Loss: 0.8883, Test Accuracy: 0.8396
Epoch 17/500 - Train Loss: 0.8124, Train Accuracy: 0.8525, Test Loss: 0.8714, Test Accuracy: 0.8479
Epoch 18/500 - Train Loss: 0.7837, Train Accuracy: 0.8675, Test Loss: 0.8472, Test Accuracy: 0.8518
Epoch 19/500 - Train Loss: 0.7680, Train Accuracy: 0.8800, Test Loss: 0.8293, Test Accuracy: 0.8531
Epoch 20/500 - Train Loss: 0.7509, Train Accuracy: 0.8500, Test Loss: 0.7990, Test Accuracy: 0.8606
Epoch 21/500 - Train Loss: 0.7116, Train Accuracy: 0.8950, Test Loss: 0.7885, Test Accuracy: 0.8628
Epoch 22/500 - Train Loss: 0.6922, Train Accuracy: 0.8800, Test Loss: 0.7683, Test Accuracy: 0.8689
Epoch 23/500 - Train Loss: 0.6953, Train Accuracy: 0.8775, Test Loss: 0.7580, Test Accuracy: 0.8693
Epoch 24/500 - Train Loss: 0.6565, Train Accuracy: 0.8850, Test Loss: 0.7297, Test Accuracy: 0.8789
Epoch 25/500 - Train Loss: 0.6630, Train Accuracy: 0.8950, Test Loss: 0.7053, Test Accuracy: 0.8833
Epoch 26/500 - Train Loss: 0.6633, Train Accuracy: 0.8975, Test Loss: 0.7027, Test Accuracy: 0.8811
Epoch 27/500 - Train Loss: 0.6410, Train Accuracy: 0.8925, Test Loss: 0.6844, Test Accuracy: 0.8894
Epoch 28/500 - Train Loss: 0.6379, Train Accuracy: 0.8950, Test Loss: 0.6820, Test Accuracy: 0.8881
Epoch 29/500 - Train Loss: 0.6039, Train Accuracy: 0.9000, Test Loss: 0.6520, Test Accuracy: 0.8951
Epoch 30/500 - Train Loss: 0.5836, Train Accuracy: 0.9200, Test Loss: 0.6502, Test Accuracy: 0.8925
Epoch 31/500 - Train Loss: 0.6177, Train Accuracy: 0.8975, Test Loss: 0.6337, Test Accuracy: 0.8973
Epoch 32/500 - Train Loss: 0.6068, Train Accuracy: 0.9000, Test Loss: 0.6300, Test Accuracy: 0.9003
Epoch 33/500 - Train Loss: 0.5668, Train Accuracy: 0.9300, Test Loss: 0.6375, Test Accuracy: 0.8920
Epoch 34/500 - Train Loss: 0.5427, Train Accuracy: 0.9375, Test Loss: 0.6250, Test Accuracy: 0.8929
Epoch 35/500 - Train Loss: 0.5378, Train Accuracy: 0.9375, Test Loss: 0.6287, Test Accuracy: 0.8964
Epoch 36/500 - Train Loss: 0.5698, Train Accuracy: 0.9050, Test Loss: 0.6264, Test Accuracy: 0.8960
Epoch 37/500 - Train Loss: 0.5485, Train Accuracy: 0.9225, Test Loss: 0.6111, Test Accuracy: 0.8990
Epoch 38/500 - Train Loss: 0.5360, Train Accuracy: 0.9325, Test Loss: 0.5919, Test Accuracy: 0.9060
Epoch 39/500 - Train Loss: 0.5025, Train Accuracy: 0.9300, Test Loss: 0.5852, Test Accuracy: 0.9069
Epoch 40/500 - Train Loss: 0.5373, Train Accuracy: 0.9300, Test Loss: 0.5849, Test Accuracy: 0.9091
Epoch 41/500 - Train Loss: 0.5147, Train Accuracy: 0.9325, Test Loss: 0.5724, Test Accuracy: 0.9091
Epoch 42/500 - Train Loss: 0.5378, Train Accuracy: 0.9275, Test Loss: 0.5775, Test Accuracy: 0.9104
Epoch 43/500 - Train Loss: 0.5309, Train Accuracy: 0.9250, Test Loss: 0.5657, Test Accuracy: 0.9122
Epoch 44/500 - Train Loss: 0.4762, Train Accuracy: 0.9600, Test Loss: 0.5768, Test Accuracy: 0.9104
Epoch 45/500 - Train Loss: 0.5420, Train Accuracy: 0.9150, Test Loss: 0.5797, Test Accuracy: 0.9078
Epoch 46/500 - Train Loss: 0.5362, Train Accuracy: 0.9150, Test Loss: 0.5812, Test Accuracy: 0.9095
Epoch 47/500 - Train Loss: 0.4903, Train Accuracy: 0.9525, Test Loss: 0.5867, Test Accuracy: 0.9082
Epoch 48/500 - Train Loss: 0.5029, Train Accuracy: 0.9450, Test Loss: 0.5709, Test Accuracy: 0.9104
Epoch 49/500 - Train Loss: 0.4825, Train Accuracy: 0.9450, Test Loss: 0.5828, Test Accuracy: 0.9056
Epoch 50/500 - Train Loss: 0.4512, Train Accuracy: 0.9650, Test Loss: 0.5671, Test Accuracy: 0.9126
Epoch 51/500 - Train Loss: 0.4548, Train Accuracy: 0.9625, Test Loss: 0.5693, Test Accuracy: 0.9091
Epoch 52/500 - Train Loss: 0.4389, Train Accuracy: 0.9700, Test Loss: 0.5710, Test Accuracy: 0.9117
Epoch 53/500 - Train Loss: 0.4735, Train Accuracy: 0.9500, Test Loss: 0.5589, Test Accuracy: 0.9113
Epoch 54/500 - Train Loss: 0.4402, Train Accuracy: 0.9625, Test Loss: 0.5779, Test Accuracy: 0.9047
Epoch 55/500 - Train Loss: 0.4382, Train Accuracy: 0.9700, Test Loss: 0.5734, Test Accuracy: 0.9043
Epoch 56/500 - Train Loss: 0.4658, Train Accuracy: 0.9500, Test Loss: 0.5641, Test Accuracy: 0.9038
Epoch 57/500 - Train Loss: 0.4632, Train Accuracy: 0.9425, Test Loss: 0.5587, Test Accuracy: 0.9087
Epoch 58/500 - Train Loss: 0.4302, Train Accuracy: 0.9625, Test Loss: 0.5693, Test Accuracy: 0.9021
Epoch 59/500 - Train Loss: 0.4536, Train Accuracy: 0.9650, Test Loss: 0.5675, Test Accuracy: 0.8999
Epoch 60/500 - Train Loss: 0.4111, Train Accuracy: 0.9775, Test Loss: 0.5721, Test Accuracy: 0.9030
Epoch 61/500 - Train Loss: 0.4612, Train Accuracy: 0.9525, Test Loss: 0.5652, Test Accuracy: 0.9065
Epoch 62/500 - Train Loss: 0.4550, Train Accuracy: 0.9575, Test Loss: 0.5631, Test Accuracy: 0.9113
Epoch 63/500 - Train Loss: 0.4619, Train Accuracy: 0.9575, Test Loss: 0.5640, Test Accuracy: 0.9104
Epoch 64/500 - Train Loss: 0.4378, Train Accuracy: 0.9600, Test Loss: 0.5641, Test Accuracy: 0.9100
Epoch 65/500 - Train Loss: 0.4378, Train Accuracy: 0.9650, Test Loss: 0.5519, Test Accuracy: 0.9130
Epoch 66/500 - Train Loss: 0.4395, Train Accuracy: 0.9625, Test Loss: 0.5475, Test Accuracy: 0.9156
Epoch 67/500 - Train Loss: 0.4188, Train Accuracy: 0.9575, Test Loss: 0.5421, Test Accuracy: 0.9205
Epoch 68/500 - Train Loss: 0.4332, Train Accuracy: 0.9575, Test Loss: 0.5438, Test Accuracy: 0.9200
Epoch 69/500 - Train Loss: 0.4363, Train Accuracy: 0.9650, Test Loss: 0.5400, Test Accuracy: 0.9183
Epoch 70/500 - Train Loss: 0.4302, Train Accuracy: 0.9675, Test Loss: 0.5374, Test Accuracy: 0.9205
Epoch 71/500 - Train Loss: 0.4243, Train Accuracy: 0.9525, Test Loss: 0.5389, Test Accuracy: 0.9196
Epoch 72/500 - Train Loss: 0.4412, Train Accuracy: 0.9675, Test Loss: 0.5355, Test Accuracy: 0.9196
Epoch 73/500 - Train Loss: 0.4409, Train Accuracy: 0.9650, Test Loss: 0.5399, Test Accuracy: 0.9170
Epoch 74/500 - Train Loss: 0.4132, Train Accuracy: 0.9775, Test Loss: 0.5366, Test Accuracy: 0.9191
Epoch 75/500 - Train Loss: 0.3837, Train Accuracy: 0.9825, Test Loss: 0.5345, Test Accuracy: 0.9196
Epoch 76/500 - Train Loss: 0.4232, Train Accuracy: 0.9675, Test Loss: 0.5482, Test Accuracy: 0.9148
Epoch 77/500 - Train Loss: 0.4249, Train Accuracy: 0.9600, Test Loss: 0.5597, Test Accuracy: 0.9087
Epoch 78/500 - Train Loss: 0.4205, Train Accuracy: 0.9675, Test Loss: 0.5581, Test Accuracy: 0.9087
Epoch 79/500 - Train Loss: 0.4067, Train Accuracy: 0.9725, Test Loss: 0.5567, Test Accuracy: 0.9082
Epoch 80/500 - Train Loss: 0.3896, Train Accuracy: 0.9850, Test Loss: 0.5650, Test Accuracy: 0.9052
Epoch 81/500 - Train Loss: 0.4081, Train Accuracy: 0.9700, Test Loss: 0.5601, Test Accuracy: 0.9056
Epoch 82/500 - Train Loss: 0.3827, Train Accuracy: 0.9800, Test Loss: 0.5606, Test Accuracy: 0.9069
Epoch 83/500 - Train Loss: 0.3927, Train Accuracy: 0.9750, Test Loss: 0.5513, Test Accuracy: 0.9100
Epoch 84/500 - Train Loss: 0.4356, Train Accuracy: 0.9600, Test Loss: 0.5453, Test Accuracy: 0.9139
Epoch 85/500 - Train Loss: 0.4099, Train Accuracy: 0.9700, Test Loss: 0.5482, Test Accuracy: 0.9122
Epoch 86/500 - Train Loss: 0.4042, Train Accuracy: 0.9825, Test Loss: 0.5576, Test Accuracy: 0.9095
Epoch 87/500 - Train Loss: 0.3896, Train Accuracy: 0.9775, Test Loss: 0.5633, Test Accuracy: 0.9082
Epoch 88/500 - Train Loss: 0.4316, Train Accuracy: 0.9600, Test Loss: 0.5396, Test Accuracy: 0.9148
Epoch 89/500 - Train Loss: 0.4086, Train Accuracy: 0.9675, Test Loss: 0.5354, Test Accuracy: 0.9191
Epoch 90/500 - Train Loss: 0.3940, Train Accuracy: 0.9725, Test Loss: 0.5387, Test Accuracy: 0.9139

Early stopping triggered at epoch 90
Best test loss: 0.5345
Best test accuracy: 0.9205
Plot saved as trained_models/Sweep_data run/metrics/loss.png
Plot saved as trained_models/Sweep_data run/metrics/metrics.png
