Using GPU 0: NVIDIA GeForce RTX 3090
Epoch 1/500 - Train Loss: 2.0373, Train Accuracy: 0.1675, Test Loss: 2.0197, Test Accuracy: 0.1643
Epoch 2/500 - Train Loss: 1.8116, Train Accuracy: 0.3825, Test Loss: 1.7588, Test Accuracy: 0.4720
Epoch 3/500 - Train Loss: 1.6265, Train Accuracy: 0.5950, Test Loss: 1.5251, Test Accuracy: 0.6425
Epoch 4/500 - Train Loss: 1.4154, Train Accuracy: 0.7150, Test Loss: 1.3065, Test Accuracy: 0.7561
Epoch 5/500 - Train Loss: 1.2808, Train Accuracy: 0.7350, Test Loss: 1.1308, Test Accuracy: 0.7950
Epoch 6/500 - Train Loss: 1.1347, Train Accuracy: 0.7975, Test Loss: 0.9900, Test Accuracy: 0.8239
Epoch 7/500 - Train Loss: 1.0205, Train Accuracy: 0.8125, Test Loss: 0.8742, Test Accuracy: 0.8597
Epoch 8/500 - Train Loss: 0.9205, Train Accuracy: 0.8350, Test Loss: 0.7814, Test Accuracy: 0.8759
Epoch 9/500 - Train Loss: 0.8589, Train Accuracy: 0.8325, Test Loss: 0.6971, Test Accuracy: 0.8868
Epoch 10/500 - Train Loss: 0.7780, Train Accuracy: 0.8300, Test Loss: 0.6301, Test Accuracy: 0.8916
Epoch 11/500 - Train Loss: 0.7114, Train Accuracy: 0.8625, Test Loss: 0.5943, Test Accuracy: 0.9025
Epoch 12/500 - Train Loss: 0.6491, Train Accuracy: 0.9000, Test Loss: 0.5363, Test Accuracy: 0.9148
Epoch 13/500 - Train Loss: 0.6104, Train Accuracy: 0.8900, Test Loss: 0.4991, Test Accuracy: 0.9231
Epoch 14/500 - Train Loss: 0.5817, Train Accuracy: 0.8825, Test Loss: 0.4636, Test Accuracy: 0.9283
Epoch 15/500 - Train Loss: 0.5897, Train Accuracy: 0.8750, Test Loss: 0.4585, Test Accuracy: 0.9235
Epoch 16/500 - Train Loss: 0.5208, Train Accuracy: 0.8975, Test Loss: 0.4152, Test Accuracy: 0.9344
Epoch 17/500 - Train Loss: 0.4724, Train Accuracy: 0.9250, Test Loss: 0.4130, Test Accuracy: 0.9274
Epoch 18/500 - Train Loss: 0.4904, Train Accuracy: 0.9125, Test Loss: 0.4126, Test Accuracy: 0.9288
Epoch 19/500 - Train Loss: 0.3904, Train Accuracy: 0.9525, Test Loss: 0.3954, Test Accuracy: 0.9323
Epoch 20/500 - Train Loss: 0.4253, Train Accuracy: 0.9350, Test Loss: 0.3714, Test Accuracy: 0.9392
Epoch 21/500 - Train Loss: 0.4077, Train Accuracy: 0.9425, Test Loss: 0.3629, Test Accuracy: 0.9379
Epoch 22/500 - Train Loss: 0.4211, Train Accuracy: 0.9175, Test Loss: 0.3775, Test Accuracy: 0.9331
Epoch 23/500 - Train Loss: 0.3806, Train Accuracy: 0.9350, Test Loss: 0.3642, Test Accuracy: 0.9371
Epoch 24/500 - Train Loss: 0.3544, Train Accuracy: 0.9500, Test Loss: 0.3489, Test Accuracy: 0.9371
Epoch 25/500 - Train Loss: 0.3572, Train Accuracy: 0.9500, Test Loss: 0.3619, Test Accuracy: 0.9327
Epoch 26/500 - Train Loss: 0.3725, Train Accuracy: 0.9325, Test Loss: 0.3595, Test Accuracy: 0.9327
Epoch 27/500 - Train Loss: 0.3514, Train Accuracy: 0.9600, Test Loss: 0.3475, Test Accuracy: 0.9371
Epoch 28/500 - Train Loss: 0.3431, Train Accuracy: 0.9425, Test Loss: 0.3391, Test Accuracy: 0.9410
Epoch 29/500 - Train Loss: 0.3725, Train Accuracy: 0.9425, Test Loss: 0.3418, Test Accuracy: 0.9397
Epoch 30/500 - Train Loss: 0.3157, Train Accuracy: 0.9525, Test Loss: 0.3501, Test Accuracy: 0.9327
Epoch 31/500 - Train Loss: 0.3355, Train Accuracy: 0.9425, Test Loss: 0.3264, Test Accuracy: 0.9414
Epoch 32/500 - Train Loss: 0.3150, Train Accuracy: 0.9525, Test Loss: 0.3483, Test Accuracy: 0.9327
Epoch 33/500 - Train Loss: 0.3211, Train Accuracy: 0.9400, Test Loss: 0.3420, Test Accuracy: 0.9336
Epoch 34/500 - Train Loss: 0.3071, Train Accuracy: 0.9600, Test Loss: 0.3241, Test Accuracy: 0.9419
Epoch 35/500 - Train Loss: 0.3035, Train Accuracy: 0.9500, Test Loss: 0.3266, Test Accuracy: 0.9362
Epoch 36/500 - Train Loss: 0.2857, Train Accuracy: 0.9525, Test Loss: 0.3297, Test Accuracy: 0.9362
Epoch 37/500 - Train Loss: 0.3135, Train Accuracy: 0.9550, Test Loss: 0.3230, Test Accuracy: 0.9384
Epoch 38/500 - Train Loss: 0.3232, Train Accuracy: 0.9475, Test Loss: 0.3114, Test Accuracy: 0.9454
Epoch 39/500 - Train Loss: 0.2703, Train Accuracy: 0.9625, Test Loss: 0.3110, Test Accuracy: 0.9458
Epoch 40/500 - Train Loss: 0.2759, Train Accuracy: 0.9625, Test Loss: 0.3165, Test Accuracy: 0.9441
Epoch 41/500 - Train Loss: 0.2764, Train Accuracy: 0.9575, Test Loss: 0.3283, Test Accuracy: 0.9384
Epoch 42/500 - Train Loss: 0.3054, Train Accuracy: 0.9550, Test Loss: 0.3349, Test Accuracy: 0.9344
Epoch 43/500 - Train Loss: 0.2273, Train Accuracy: 0.9775, Test Loss: 0.3246, Test Accuracy: 0.9358
Epoch 44/500 - Train Loss: 0.2642, Train Accuracy: 0.9700, Test Loss: 0.3188, Test Accuracy: 0.9401
Epoch 45/500 - Train Loss: 0.2636, Train Accuracy: 0.9625, Test Loss: 0.3388, Test Accuracy: 0.9327
Epoch 46/500 - Train Loss: 0.3068, Train Accuracy: 0.9525, Test Loss: 0.3289, Test Accuracy: 0.9366
Epoch 47/500 - Train Loss: 0.2563, Train Accuracy: 0.9700, Test Loss: 0.3428, Test Accuracy: 0.9318
Epoch 48/500 - Train Loss: 0.2799, Train Accuracy: 0.9650, Test Loss: 0.3272, Test Accuracy: 0.9388
Epoch 49/500 - Train Loss: 0.2444, Train Accuracy: 0.9700, Test Loss: 0.3224, Test Accuracy: 0.9401
Epoch 50/500 - Train Loss: 0.2386, Train Accuracy: 0.9800, Test Loss: 0.3205, Test Accuracy: 0.9419
Epoch 51/500 - Train Loss: 0.2526, Train Accuracy: 0.9600, Test Loss: 0.3212, Test Accuracy: 0.9392
Epoch 52/500 - Train Loss: 0.2464, Train Accuracy: 0.9725, Test Loss: 0.3287, Test Accuracy: 0.9392
Epoch 53/500 - Train Loss: 0.2395, Train Accuracy: 0.9750, Test Loss: 0.3110, Test Accuracy: 0.9441

Early stopping triggered at epoch 53
Best test loss: 0.3110
Best test accuracy: 0.9458
Plot saved as trained_models/Sweep_data run/metrics/loss.png
Plot saved as trained_models/Sweep_data run/metrics/metrics.png
