Using GPU 0: NVIDIA GeForce RTX 3090
Epoch 1/500 - Train Loss: 2.0875, Train Accuracy: 0.1575, Test Loss: 2.0122, Test Accuracy: 0.2461
Epoch 2/500 - Train Loss: 1.8625, Train Accuracy: 0.3475, Test Loss: 1.8308, Test Accuracy: 0.3973
Epoch 3/500 - Train Loss: 1.6975, Train Accuracy: 0.4950, Test Loss: 1.6302, Test Accuracy: 0.5476
Epoch 4/500 - Train Loss: 1.5668, Train Accuracy: 0.6000, Test Loss: 1.4498, Test Accuracy: 0.6447
Epoch 5/500 - Train Loss: 1.4039, Train Accuracy: 0.6700, Test Loss: 1.2976, Test Accuracy: 0.7146
Epoch 6/500 - Train Loss: 1.2507, Train Accuracy: 0.7475, Test Loss: 1.1488, Test Accuracy: 0.7902
Epoch 7/500 - Train Loss: 1.0957, Train Accuracy: 0.8100, Test Loss: 1.0351, Test Accuracy: 0.8247
Epoch 8/500 - Train Loss: 1.0327, Train Accuracy: 0.7975, Test Loss: 0.9290, Test Accuracy: 0.8409
Epoch 9/500 - Train Loss: 0.9404, Train Accuracy: 0.8100, Test Loss: 0.8552, Test Accuracy: 0.8566
Epoch 10/500 - Train Loss: 0.8817, Train Accuracy: 0.8050, Test Loss: 0.7592, Test Accuracy: 0.8706
Epoch 11/500 - Train Loss: 0.8063, Train Accuracy: 0.8425, Test Loss: 0.6924, Test Accuracy: 0.8885
Epoch 12/500 - Train Loss: 0.7348, Train Accuracy: 0.8575, Test Loss: 0.6282, Test Accuracy: 0.8969
Epoch 13/500 - Train Loss: 0.6454, Train Accuracy: 0.9125, Test Loss: 0.5801, Test Accuracy: 0.9038
Epoch 14/500 - Train Loss: 0.6259, Train Accuracy: 0.8925, Test Loss: 0.5404, Test Accuracy: 0.9104
Epoch 15/500 - Train Loss: 0.5952, Train Accuracy: 0.8850, Test Loss: 0.5154, Test Accuracy: 0.9130
Epoch 16/500 - Train Loss: 0.5923, Train Accuracy: 0.8800, Test Loss: 0.4749, Test Accuracy: 0.9187
Epoch 17/500 - Train Loss: 0.5511, Train Accuracy: 0.9125, Test Loss: 0.4460, Test Accuracy: 0.9244
Epoch 18/500 - Train Loss: 0.5014, Train Accuracy: 0.9100, Test Loss: 0.4315, Test Accuracy: 0.9248
Epoch 19/500 - Train Loss: 0.4922, Train Accuracy: 0.9225, Test Loss: 0.4073, Test Accuracy: 0.9353
Epoch 20/500 - Train Loss: 0.5226, Train Accuracy: 0.8800, Test Loss: 0.4071, Test Accuracy: 0.9270
Epoch 21/500 - Train Loss: 0.4647, Train Accuracy: 0.9150, Test Loss: 0.3982, Test Accuracy: 0.9248
Epoch 22/500 - Train Loss: 0.4143, Train Accuracy: 0.9300, Test Loss: 0.3747, Test Accuracy: 0.9323
Epoch 23/500 - Train Loss: 0.4041, Train Accuracy: 0.9375, Test Loss: 0.3700, Test Accuracy: 0.9353
Epoch 24/500 - Train Loss: 0.4156, Train Accuracy: 0.9225, Test Loss: 0.3597, Test Accuracy: 0.9392
Epoch 25/500 - Train Loss: 0.4091, Train Accuracy: 0.9275, Test Loss: 0.3585, Test Accuracy: 0.9349
Epoch 26/500 - Train Loss: 0.3819, Train Accuracy: 0.9225, Test Loss: 0.3517, Test Accuracy: 0.9379
Epoch 27/500 - Train Loss: 0.3867, Train Accuracy: 0.9350, Test Loss: 0.3659, Test Accuracy: 0.9327
Epoch 28/500 - Train Loss: 0.3764, Train Accuracy: 0.9375, Test Loss: 0.3455, Test Accuracy: 0.9366
Epoch 29/500 - Train Loss: 0.3680, Train Accuracy: 0.9375, Test Loss: 0.3467, Test Accuracy: 0.9362
Epoch 30/500 - Train Loss: 0.3644, Train Accuracy: 0.9425, Test Loss: 0.3630, Test Accuracy: 0.9344
Epoch 31/500 - Train Loss: 0.3282, Train Accuracy: 0.9525, Test Loss: 0.3503, Test Accuracy: 0.9401
Epoch 32/500 - Train Loss: 0.3393, Train Accuracy: 0.9500, Test Loss: 0.3479, Test Accuracy: 0.9371
Epoch 33/500 - Train Loss: 0.3409, Train Accuracy: 0.9475, Test Loss: 0.3546, Test Accuracy: 0.9305
Epoch 34/500 - Train Loss: 0.3087, Train Accuracy: 0.9575, Test Loss: 0.3297, Test Accuracy: 0.9392
Epoch 35/500 - Train Loss: 0.3028, Train Accuracy: 0.9500, Test Loss: 0.3445, Test Accuracy: 0.9340
Epoch 36/500 - Train Loss: 0.2956, Train Accuracy: 0.9600, Test Loss: 0.3293, Test Accuracy: 0.9397
Epoch 37/500 - Train Loss: 0.2990, Train Accuracy: 0.9575, Test Loss: 0.3239, Test Accuracy: 0.9392
Epoch 38/500 - Train Loss: 0.3448, Train Accuracy: 0.9375, Test Loss: 0.3391, Test Accuracy: 0.9353
Epoch 39/500 - Train Loss: 0.3040, Train Accuracy: 0.9500, Test Loss: 0.3196, Test Accuracy: 0.9476
Epoch 40/500 - Train Loss: 0.2563, Train Accuracy: 0.9675, Test Loss: 0.3176, Test Accuracy: 0.9414
Epoch 41/500 - Train Loss: 0.2937, Train Accuracy: 0.9600, Test Loss: 0.3190, Test Accuracy: 0.9445
Epoch 42/500 - Train Loss: 0.2830, Train Accuracy: 0.9600, Test Loss: 0.3252, Test Accuracy: 0.9406
Epoch 43/500 - Train Loss: 0.2546, Train Accuracy: 0.9650, Test Loss: 0.3268, Test Accuracy: 0.9392
Epoch 44/500 - Train Loss: 0.2728, Train Accuracy: 0.9525, Test Loss: 0.3159, Test Accuracy: 0.9432
Epoch 45/500 - Train Loss: 0.2680, Train Accuracy: 0.9650, Test Loss: 0.3178, Test Accuracy: 0.9423
Epoch 46/500 - Train Loss: 0.2693, Train Accuracy: 0.9575, Test Loss: 0.3142, Test Accuracy: 0.9462
Epoch 47/500 - Train Loss: 0.2961, Train Accuracy: 0.9575, Test Loss: 0.3120, Test Accuracy: 0.9467
Epoch 48/500 - Train Loss: 0.2543, Train Accuracy: 0.9600, Test Loss: 0.3126, Test Accuracy: 0.9497
Epoch 49/500 - Train Loss: 0.2779, Train Accuracy: 0.9575, Test Loss: 0.3168, Test Accuracy: 0.9489
Epoch 50/500 - Train Loss: 0.2436, Train Accuracy: 0.9725, Test Loss: 0.3164, Test Accuracy: 0.9458
Epoch 51/500 - Train Loss: 0.2707, Train Accuracy: 0.9650, Test Loss: 0.3162, Test Accuracy: 0.9476
Epoch 52/500 - Train Loss: 0.2520, Train Accuracy: 0.9675, Test Loss: 0.3133, Test Accuracy: 0.9458
Epoch 53/500 - Train Loss: 0.2537, Train Accuracy: 0.9575, Test Loss: 0.3206, Test Accuracy: 0.9436
Epoch 54/500 - Train Loss: 0.2638, Train Accuracy: 0.9650, Test Loss: 0.3151, Test Accuracy: 0.9432
Epoch 55/500 - Train Loss: 0.2606, Train Accuracy: 0.9600, Test Loss: 0.3122, Test Accuracy: 0.9419
Epoch 56/500 - Train Loss: 0.2532, Train Accuracy: 0.9725, Test Loss: 0.3076, Test Accuracy: 0.9454
Epoch 57/500 - Train Loss: 0.2181, Train Accuracy: 0.9850, Test Loss: 0.3083, Test Accuracy: 0.9467
Epoch 58/500 - Train Loss: 0.2320, Train Accuracy: 0.9725, Test Loss: 0.3196, Test Accuracy: 0.9441
Epoch 59/500 - Train Loss: 0.2559, Train Accuracy: 0.9700, Test Loss: 0.3252, Test Accuracy: 0.9419
Epoch 60/500 - Train Loss: 0.2300, Train Accuracy: 0.9700, Test Loss: 0.3232, Test Accuracy: 0.9419
Epoch 61/500 - Train Loss: 0.2281, Train Accuracy: 0.9750, Test Loss: 0.3201, Test Accuracy: 0.9397
Epoch 62/500 - Train Loss: 0.1952, Train Accuracy: 0.9850, Test Loss: 0.3227, Test Accuracy: 0.9397
Epoch 63/500 - Train Loss: 0.2282, Train Accuracy: 0.9725, Test Loss: 0.3238, Test Accuracy: 0.9406
Epoch 64/500 - Train Loss: 0.1965, Train Accuracy: 0.9850, Test Loss: 0.3145, Test Accuracy: 0.9449
Epoch 65/500 - Train Loss: 0.2080, Train Accuracy: 0.9875, Test Loss: 0.3171, Test Accuracy: 0.9432
Epoch 66/500 - Train Loss: 0.2203, Train Accuracy: 0.9775, Test Loss: 0.3165, Test Accuracy: 0.9401
Epoch 67/500 - Train Loss: 0.2415, Train Accuracy: 0.9725, Test Loss: 0.3115, Test Accuracy: 0.9423
Epoch 68/500 - Train Loss: 0.1989, Train Accuracy: 0.9850, Test Loss: 0.3103, Test Accuracy: 0.9458
Epoch 69/500 - Train Loss: 0.2125, Train Accuracy: 0.9850, Test Loss: 0.3111, Test Accuracy: 0.9427
Epoch 70/500 - Train Loss: 0.2010, Train Accuracy: 0.9875, Test Loss: 0.3143, Test Accuracy: 0.9427
Epoch 71/500 - Train Loss: 0.2156, Train Accuracy: 0.9800, Test Loss: 0.3112, Test Accuracy: 0.9401

Early stopping triggered at epoch 71
Best test loss: 0.3076
Best test accuracy: 0.9497
Plot saved as trained_models/Sweep_data run/metrics/loss.png
Plot saved as trained_models/Sweep_data run/metrics/metrics.png
