Using GPU 0: NVIDIA GeForce RTX 3090
Epoch 1/500 - Train Loss: 1.7706, Train Accuracy: 0.4050, Test Loss: 1.9992, Test Accuracy: 0.2474
Epoch 2/500 - Train Loss: 1.0083, Train Accuracy: 0.8125, Test Loss: 1.4308, Test Accuracy: 0.7391
Epoch 3/500 - Train Loss: 0.5592, Train Accuracy: 0.9425, Test Loss: 0.8415, Test Accuracy: 0.8868
Epoch 4/500 - Train Loss: 0.3970, Train Accuracy: 0.9500, Test Loss: 0.5172, Test Accuracy: 0.9253
Epoch 5/500 - Train Loss: 0.2927, Train Accuracy: 0.9650, Test Loss: 0.3779, Test Accuracy: 0.9336
Epoch 6/500 - Train Loss: 0.2204, Train Accuracy: 0.9750, Test Loss: 0.3196, Test Accuracy: 0.9366
Epoch 7/500 - Train Loss: 0.1937, Train Accuracy: 0.9825, Test Loss: 0.2907, Test Accuracy: 0.9471
Epoch 8/500 - Train Loss: 0.1901, Train Accuracy: 0.9800, Test Loss: 0.2910, Test Accuracy: 0.9423
Epoch 9/500 - Train Loss: 0.1552, Train Accuracy: 0.9925, Test Loss: 0.2964, Test Accuracy: 0.9362
Epoch 10/500 - Train Loss: 0.1548, Train Accuracy: 0.9900, Test Loss: 0.2745, Test Accuracy: 0.9427
Epoch 11/500 - Train Loss: 0.1308, Train Accuracy: 0.9950, Test Loss: 0.2848, Test Accuracy: 0.9366
Epoch 12/500 - Train Loss: 0.1607, Train Accuracy: 0.9750, Test Loss: 0.2862, Test Accuracy: 0.9371
Epoch 13/500 - Train Loss: 0.1275, Train Accuracy: 0.9950, Test Loss: 0.2759, Test Accuracy: 0.9410
Epoch 14/500 - Train Loss: 0.1295, Train Accuracy: 0.9950, Test Loss: 0.2759, Test Accuracy: 0.9371
Epoch 15/500 - Train Loss: 0.1522, Train Accuracy: 0.9875, Test Loss: 0.2978, Test Accuracy: 0.9331
Epoch 16/500 - Train Loss: 0.1559, Train Accuracy: 0.9875, Test Loss: 0.2854, Test Accuracy: 0.9366
Epoch 17/500 - Train Loss: 0.1311, Train Accuracy: 0.9975, Test Loss: 0.2885, Test Accuracy: 0.9371
Epoch 18/500 - Train Loss: 0.1397, Train Accuracy: 0.9950, Test Loss: 0.2807, Test Accuracy: 0.9358
Epoch 19/500 - Train Loss: 0.1249, Train Accuracy: 0.9925, Test Loss: 0.2777, Test Accuracy: 0.9419
Epoch 20/500 - Train Loss: 0.1234, Train Accuracy: 0.9950, Test Loss: 0.2641, Test Accuracy: 0.9449
Epoch 21/500 - Train Loss: 0.1246, Train Accuracy: 0.9950, Test Loss: 0.3052, Test Accuracy: 0.9323
Epoch 22/500 - Train Loss: 0.1228, Train Accuracy: 1.0000, Test Loss: 0.2832, Test Accuracy: 0.9366
Epoch 23/500 - Train Loss: 0.1341, Train Accuracy: 0.9900, Test Loss: 0.2762, Test Accuracy: 0.9384
Epoch 24/500 - Train Loss: 0.1177, Train Accuracy: 1.0000, Test Loss: 0.2835, Test Accuracy: 0.9349
Epoch 25/500 - Train Loss: 0.1353, Train Accuracy: 0.9925, Test Loss: 0.2835, Test Accuracy: 0.9362
Epoch 26/500 - Train Loss: 0.1142, Train Accuracy: 0.9975, Test Loss: 0.2740, Test Accuracy: 0.9401
Epoch 27/500 - Train Loss: 0.1345, Train Accuracy: 0.9900, Test Loss: 0.2713, Test Accuracy: 0.9445
Epoch 28/500 - Train Loss: 0.1175, Train Accuracy: 0.9975, Test Loss: 0.2764, Test Accuracy: 0.9436
Epoch 29/500 - Train Loss: 0.1218, Train Accuracy: 0.9925, Test Loss: 0.3280, Test Accuracy: 0.9218
Epoch 30/500 - Train Loss: 0.1618, Train Accuracy: 0.9825, Test Loss: 0.2723, Test Accuracy: 0.9436
Epoch 31/500 - Train Loss: 0.1159, Train Accuracy: 1.0000, Test Loss: 0.2809, Test Accuracy: 0.9392
Epoch 32/500 - Train Loss: 0.1178, Train Accuracy: 1.0000, Test Loss: 0.2713, Test Accuracy: 0.9414
Epoch 33/500 - Train Loss: 0.1175, Train Accuracy: 0.9950, Test Loss: 0.2901, Test Accuracy: 0.9340
Epoch 34/500 - Train Loss: 0.1264, Train Accuracy: 0.9950, Test Loss: 0.2998, Test Accuracy: 0.9323
Epoch 35/500 - Train Loss: 0.1252, Train Accuracy: 0.9950, Test Loss: 0.2907, Test Accuracy: 0.9318

Early stopping triggered at epoch 35
Best test loss: 0.2641
Best test accuracy: 0.9449
Plot saved as trained_models/Sweep run/metrics/loss.png
Plot saved as trained_models/Sweep run/metrics/metrics.png
