Using GPU 0: NVIDIA GeForce RTX 3090
Epoch 1/500 - Train Loss: 2.1003, Train Accuracy: 0.1425, Test Loss: 2.0647, Test Accuracy: 0.1949
Epoch 2/500 - Train Loss: 1.8759, Train Accuracy: 0.3050, Test Loss: 1.8803, Test Accuracy: 0.3160
Epoch 3/500 - Train Loss: 1.6898, Train Accuracy: 0.4800, Test Loss: 1.6504, Test Accuracy: 0.5070
Epoch 4/500 - Train Loss: 1.5687, Train Accuracy: 0.5975, Test Loss: 1.4391, Test Accuracy: 0.6578
Epoch 5/500 - Train Loss: 1.4134, Train Accuracy: 0.6525, Test Loss: 1.2529, Test Accuracy: 0.7404
Epoch 6/500 - Train Loss: 1.2847, Train Accuracy: 0.7200, Test Loss: 1.1193, Test Accuracy: 0.7933
Epoch 7/500 - Train Loss: 1.1990, Train Accuracy: 0.7425, Test Loss: 0.9903, Test Accuracy: 0.8278
Epoch 8/500 - Train Loss: 1.1006, Train Accuracy: 0.7775, Test Loss: 0.8974, Test Accuracy: 0.8444
Epoch 9/500 - Train Loss: 0.9544, Train Accuracy: 0.8125, Test Loss: 0.8106, Test Accuracy: 0.8667
Epoch 10/500 - Train Loss: 0.9288, Train Accuracy: 0.8050, Test Loss: 0.7287, Test Accuracy: 0.8781
Epoch 11/500 - Train Loss: 0.8890, Train Accuracy: 0.8050, Test Loss: 0.6612, Test Accuracy: 0.8982
Epoch 12/500 - Train Loss: 0.8327, Train Accuracy: 0.8350, Test Loss: 0.6011, Test Accuracy: 0.9073
Epoch 13/500 - Train Loss: 0.7488, Train Accuracy: 0.8500, Test Loss: 0.5539, Test Accuracy: 0.9187
Epoch 14/500 - Train Loss: 0.7462, Train Accuracy: 0.8350, Test Loss: 0.5197, Test Accuracy: 0.9152
Epoch 15/500 - Train Loss: 0.6564, Train Accuracy: 0.8600, Test Loss: 0.4842, Test Accuracy: 0.9226
Epoch 16/500 - Train Loss: 0.6393, Train Accuracy: 0.8650, Test Loss: 0.4582, Test Accuracy: 0.9257
Epoch 17/500 - Train Loss: 0.6091, Train Accuracy: 0.8800, Test Loss: 0.4332, Test Accuracy: 0.9279
Epoch 18/500 - Train Loss: 0.5591, Train Accuracy: 0.9050, Test Loss: 0.4136, Test Accuracy: 0.9327
Epoch 19/500 - Train Loss: 0.5564, Train Accuracy: 0.8875, Test Loss: 0.4005, Test Accuracy: 0.9349
Epoch 20/500 - Train Loss: 0.5212, Train Accuracy: 0.9125, Test Loss: 0.3913, Test Accuracy: 0.9353
Epoch 21/500 - Train Loss: 0.4916, Train Accuracy: 0.9075, Test Loss: 0.3785, Test Accuracy: 0.9366
Epoch 22/500 - Train Loss: 0.5167, Train Accuracy: 0.8750, Test Loss: 0.3749, Test Accuracy: 0.9327
Epoch 23/500 - Train Loss: 0.4564, Train Accuracy: 0.9125, Test Loss: 0.3629, Test Accuracy: 0.9323
Epoch 24/500 - Train Loss: 0.4777, Train Accuracy: 0.9025, Test Loss: 0.3575, Test Accuracy: 0.9353
Epoch 25/500 - Train Loss: 0.4573, Train Accuracy: 0.9075, Test Loss: 0.3549, Test Accuracy: 0.9331
Epoch 26/500 - Train Loss: 0.4680, Train Accuracy: 0.8850, Test Loss: 0.3471, Test Accuracy: 0.9358
Epoch 27/500 - Train Loss: 0.4509, Train Accuracy: 0.9225, Test Loss: 0.3540, Test Accuracy: 0.9305
Epoch 28/500 - Train Loss: 0.3719, Train Accuracy: 0.9350, Test Loss: 0.3461, Test Accuracy: 0.9327
Epoch 29/500 - Train Loss: 0.4309, Train Accuracy: 0.9150, Test Loss: 0.3367, Test Accuracy: 0.9353
Epoch 30/500 - Train Loss: 0.4014, Train Accuracy: 0.9325, Test Loss: 0.3292, Test Accuracy: 0.9362
Epoch 31/500 - Train Loss: 0.3889, Train Accuracy: 0.9275, Test Loss: 0.3350, Test Accuracy: 0.9309
Epoch 32/500 - Train Loss: 0.3996, Train Accuracy: 0.9200, Test Loss: 0.3317, Test Accuracy: 0.9314
Epoch 33/500 - Train Loss: 0.3945, Train Accuracy: 0.9075, Test Loss: 0.3138, Test Accuracy: 0.9432
Epoch 34/500 - Train Loss: 0.3544, Train Accuracy: 0.9450, Test Loss: 0.3170, Test Accuracy: 0.9397
Epoch 35/500 - Train Loss: 0.3474, Train Accuracy: 0.9575, Test Loss: 0.3286, Test Accuracy: 0.9323
Epoch 36/500 - Train Loss: 0.3784, Train Accuracy: 0.9125, Test Loss: 0.3244, Test Accuracy: 0.9349
Epoch 37/500 - Train Loss: 0.3196, Train Accuracy: 0.9525, Test Loss: 0.3205, Test Accuracy: 0.9371
Epoch 38/500 - Train Loss: 0.3314, Train Accuracy: 0.9450, Test Loss: 0.3259, Test Accuracy: 0.9327
Epoch 39/500 - Train Loss: 0.3339, Train Accuracy: 0.9500, Test Loss: 0.3222, Test Accuracy: 0.9349
Epoch 40/500 - Train Loss: 0.3150, Train Accuracy: 0.9625, Test Loss: 0.3153, Test Accuracy: 0.9397
Epoch 41/500 - Train Loss: 0.2910, Train Accuracy: 0.9650, Test Loss: 0.3235, Test Accuracy: 0.9301
Epoch 42/500 - Train Loss: 0.3501, Train Accuracy: 0.9400, Test Loss: 0.3134, Test Accuracy: 0.9371
Epoch 43/500 - Train Loss: 0.3082, Train Accuracy: 0.9575, Test Loss: 0.3117, Test Accuracy: 0.9384
Epoch 44/500 - Train Loss: 0.2660, Train Accuracy: 0.9725, Test Loss: 0.3123, Test Accuracy: 0.9410
Epoch 45/500 - Train Loss: 0.2950, Train Accuracy: 0.9625, Test Loss: 0.3187, Test Accuracy: 0.9349
Epoch 46/500 - Train Loss: 0.3442, Train Accuracy: 0.9325, Test Loss: 0.3101, Test Accuracy: 0.9397
Epoch 47/500 - Train Loss: 0.2949, Train Accuracy: 0.9600, Test Loss: 0.3104, Test Accuracy: 0.9401
Epoch 48/500 - Train Loss: 0.2840, Train Accuracy: 0.9575, Test Loss: 0.3049, Test Accuracy: 0.9436
Epoch 49/500 - Train Loss: 0.2806, Train Accuracy: 0.9525, Test Loss: 0.3018, Test Accuracy: 0.9419
Epoch 50/500 - Train Loss: 0.2800, Train Accuracy: 0.9700, Test Loss: 0.3011, Test Accuracy: 0.9454
Epoch 51/500 - Train Loss: 0.2694, Train Accuracy: 0.9525, Test Loss: 0.3052, Test Accuracy: 0.9406
Epoch 52/500 - Train Loss: 0.3180, Train Accuracy: 0.9400, Test Loss: 0.3028, Test Accuracy: 0.9436
Epoch 53/500 - Train Loss: 0.2996, Train Accuracy: 0.9500, Test Loss: 0.3063, Test Accuracy: 0.9414
Epoch 54/500 - Train Loss: 0.2761, Train Accuracy: 0.9600, Test Loss: 0.3122, Test Accuracy: 0.9427
Epoch 55/500 - Train Loss: 0.2597, Train Accuracy: 0.9725, Test Loss: 0.3137, Test Accuracy: 0.9423
Epoch 56/500 - Train Loss: 0.2745, Train Accuracy: 0.9600, Test Loss: 0.3137, Test Accuracy: 0.9384
Epoch 57/500 - Train Loss: 0.2601, Train Accuracy: 0.9625, Test Loss: 0.3214, Test Accuracy: 0.9375
Epoch 58/500 - Train Loss: 0.2687, Train Accuracy: 0.9650, Test Loss: 0.3044, Test Accuracy: 0.9458
Epoch 59/500 - Train Loss: 0.2801, Train Accuracy: 0.9500, Test Loss: 0.3174, Test Accuracy: 0.9414
Epoch 60/500 - Train Loss: 0.2525, Train Accuracy: 0.9725, Test Loss: 0.3139, Test Accuracy: 0.9423
Epoch 61/500 - Train Loss: 0.2710, Train Accuracy: 0.9600, Test Loss: 0.3210, Test Accuracy: 0.9366
Epoch 62/500 - Train Loss: 0.2510, Train Accuracy: 0.9675, Test Loss: 0.3176, Test Accuracy: 0.9401
Epoch 63/500 - Train Loss: 0.2330, Train Accuracy: 0.9800, Test Loss: 0.3138, Test Accuracy: 0.9414
Epoch 64/500 - Train Loss: 0.2725, Train Accuracy: 0.9550, Test Loss: 0.3260, Test Accuracy: 0.9392

Early stopping triggered at epoch 64
Best test loss: 0.3011
Best test accuracy: 0.9458
Plot saved as trained_models/Sweep_data run/metrics/loss.png
Plot saved as trained_models/Sweep_data run/metrics/metrics.png
