wandb: Starting wandb agent 🕵️
2026-01-10 20:24:25,697 - wandb.wandb_agent - INFO - Running runs: []
2026-01-10 20:24:26,019 - wandb.wandb_agent - INFO - Agent received command: run
2026-01-10 20:24:26,019 - wandb.wandb_agent - INFO - Agent starting run with config:
	affine: 0.15895581617948673
	blur: 0.36566791726737535
	brightness: 0.9120039627195816
	contrast: 0.9514911410340076
	crop: 0.06496748941651709
	crop_scale: 0.21260773245964373
	flip: 0.26415822771384745
	gaussian_blur_kernel: 5
	gaussian_noise_std: 2.2270352975672685
	grey: 0.3757262578452144
	hue: -0.02582762981551641
	jiggle: 0.7216852513112814
	rotate: 0.26676442846619497
	rotation: 28
	saturation: 0.6429412148986415
	scale: 0.9126564612932576
	shear: 14
	translate_x: 0.02825780805691962
	translate_y: 0.31832118114206115
2026-01-10 20:24:26,023 - wandb.wandb_agent - INFO - About to run command: /usr/bin/env python train_data.py --affine=0.15895581617948673 --blur=0.36566791726737535 --brightness=0.9120039627195816 --contrast=0.9514911410340076 --crop=0.06496748941651709 --crop_scale=0.21260773245964373 --flip=0.26415822771384745 --gaussian_blur_kernel=5 --gaussian_noise_std=2.2270352975672685 --grey=0.3757262578452144 --hue=-0.02582762981551641 --jiggle=0.7216852513112814 --rotate=0.26676442846619497 --rotation=28 --saturation=0.6429412148986415 --scale=0.9126564612932576 --shear=14 --translate_x=0.02825780805691962 --translate_y=0.31832118114206115
wandb: Currently logged in as: arnaumarcosalmansa (mcv-team-6) to https://api.wandb.ai. Use `wandb login --relogin` to force relogin
wandb: WARNING Ignoring project 'C3-Week3' when running a sweep.
wandb: WARNING Ignoring entity 'mcv-team-6' when running a sweep.
wandb: Tracking run with wandb version 0.23.1
wandb: Run data is saved locally in /export/home/group06/workspace/project-team-6/Week3/wandb/run-20260110_202430-tty72j1b
wandb: Run `wandb offline` to turn off syncing.
wandb: Syncing run Sweep run
wandb: ⭐️ View project at https://wandb.ai/mcv-team-6/C3-Week3
wandb: 🧹 View sweep at https://wandb.ai/mcv-team-6/C3-Week3/sweeps/g5vb4edr
wandb: 🚀 View run at https://wandb.ai/mcv-team-6/C3-Week3/runs/tty72j1b
2026-01-10 20:24:31,030 - wandb.wandb_agent - INFO - Running runs: ['tty72j1b']
Traceback (most recent call last):
  File "/export/home/group06/workspace/project-team-6/Week3/train_data.py", line 61, in <module>
    ka.ColorJitter(brightness=cfg.brightness,
  File "/ghome/group06/miniconda3/envs/c3/lib/python3.12/site-packages/kornia/augmentation/_2d/intensity/color_jitter.py", line 105, in __init__
    self._param_generator = rg.ColorJitterGenerator(brightness, contrast, saturation, hue)
                            ^^^^^^^^^^^^^^^^^^^^^^^^^^^^^^^^^^^^^^^^^^^^^^^^^^^^^^^^^^^^^^
  File "/ghome/group06/miniconda3/envs/c3/lib/python3.12/site-packages/kornia/augmentation/random_generator/base.py", line 34, in __call__
    obj.__post_init__()
  File "/ghome/group06/miniconda3/envs/c3/lib/python3.12/site-packages/kornia/augmentation/random_generator/base.py", line 48, in __post_init__
    self.set_rng_device_and_dtype()
  File "/ghome/group06/miniconda3/envs/c3/lib/python3.12/site-packages/kornia/augmentation/random_generator/base.py", line 64, in set_rng_device_and_dtype
    self.make_samplers(device, dtype)
  File "/ghome/group06/miniconda3/envs/c3/lib/python3.12/site-packages/kornia/augmentation/random_generator/_2d/color_jitter.py", line 86, in make_samplers
    hue: Tensor = _range_bound(self.hue, "hue", bounds=(-0.5, 0.5), device=device, dtype=dtype)
                  ^^^^^^^^^^^^^^^^^^^^^^^^^^^^^^^^^^^^^^^^^^^^^^^^^^^^^^^^^^^^^^^^^^^^^^^^^^^^^
  File "/ghome/group06/miniconda3/envs/c3/lib/python3.12/site-packages/kornia/augmentation/utils/param_validation.py", line 53, in _range_bound
    raise ValueError(f"If {name} is a single number, it must be non negative. Got {factor}.")
ValueError: If hue is a single number, it must be non negative. Got -0.02582762949168682.
2026-01-10 20:24:36,169 - wandb.wandb_agent - INFO - Cleaning up finished run: tty72j1b
wandb: Terminating and syncing runs. Press ctrl-c to kill.
