wandb: Starting wandb agent 🕵️
2026-01-10 19:37:12,395 - wandb.wandb_agent - INFO - Running runs: []
2026-01-10 19:37:12,908 - wandb.wandb_agent - INFO - Agent received command: run
2026-01-10 19:37:12,908 - wandb.wandb_agent - INFO - Agent starting run with config:
	affine: 0.5512854438113072
	blur: 0.6827757573270304
	brightness: 0.6860267975133559
	contrast: 1.2459928149973447
	crop: 0.12015770749453691
	crop_scale: 0.6561503441745413
	flip: 0.33888976315608943
	gaussian_blur_kernel: 3
	gaussian_noise_std: 0.46814683790895406
	grey: 0.25527472645677773
	hue: -0.01946283860600795
	jiggle: 0.8195862227749899
	rotate: 0.5864233587023429
	rotation: 43
	saturation: 0.9179991614369324
	scale: 1.1315311545859523
	shear: 32
	translate_x: 0.2772824240045729
	translate_y: 0.01373723903637294
2026-01-10 19:37:12,911 - wandb.wandb_agent - INFO - About to run command: /usr/bin/env python train_data.py --affine=0.5512854438113072 --blur=0.6827757573270304 --brightness=0.6860267975133559 --contrast=1.2459928149973447 --crop=0.12015770749453691 --crop_scale=0.6561503441745413 --flip=0.33888976315608943 --gaussian_blur_kernel=3 --gaussian_noise_std=0.46814683790895406 --grey=0.25527472645677773 --hue=-0.01946283860600795 --jiggle=0.8195862227749899 --rotate=0.5864233587023429 --rotation=43 --saturation=0.9179991614369324 --scale=1.1315311545859523 --shear=32 --translate_x=0.2772824240045729 --translate_y=0.01373723903637294
wandb: Currently logged in as: arnaumarcosalmansa (mcv-team-6) to https://api.wandb.ai. Use `wandb login --relogin` to force relogin
wandb: WARNING Ignoring project 'C3-Week3' when running a sweep.
wandb: WARNING Ignoring entity 'mcv-team-6' when running a sweep.
2026-01-10 19:37:17,918 - wandb.wandb_agent - INFO - Running runs: ['pm1zylax']
wandb: setting up run pm1zylax
wandb: Tracking run with wandb version 0.23.1
wandb: Run data is saved locally in /export/home/group06/workspace/project-team-6/Week3/wandb/run-20260110_193717-pm1zylax
wandb: Run `wandb offline` to turn off syncing.
wandb: Syncing run Sweep run
wandb: ⭐️ View project at https://wandb.ai/mcv-team-6/C3-Week3
wandb: 🧹 View sweep at https://wandb.ai/mcv-team-6/C3-Week3/sweeps/g5vb4edr
wandb: 🚀 View run at https://wandb.ai/mcv-team-6/C3-Week3/runs/pm1zylax
Traceback (most recent call last):
  File "/export/home/group06/workspace/project-team-6/Week3/train_data.py", line 61, in <module>
    ka.ColorJitter(brightness=cfg.brightness,
  File "/ghome/group06/miniconda3/envs/c3/lib/python3.12/site-packages/kornia/augmentation/_2d/intensity/color_jitter.py", line 105, in __init__
    self._param_generator = rg.ColorJitterGenerator(brightness, contrast, saturation, hue)
                            ^^^^^^^^^^^^^^^^^^^^^^^^^^^^^^^^^^^^^^^^^^^^^^^^^^^^^^^^^^^^^^
  File "/ghome/group06/miniconda3/envs/c3/lib/python3.12/site-packages/kornia/augmentation/random_generator/base.py", line 34, in __call__
    obj.__post_init__()
  File "/ghome/group06/miniconda3/envs/c3/lib/python3.12/site-packages/kornia/augmentation/random_generator/base.py", line 48, in __post_init__
    self.set_rng_device_and_dtype()
  File "/ghome/group06/miniconda3/envs/c3/lib/python3.12/site-packages/kornia/augmentation/random_generator/base.py", line 64, in set_rng_device_and_dtype
    self.make_samplers(device, dtype)
  File "/ghome/group06/miniconda3/envs/c3/lib/python3.12/site-packages/kornia/augmentation/random_generator/_2d/color_jitter.py", line 86, in make_samplers
    hue: Tensor = _range_bound(self.hue, "hue", bounds=(-0.5, 0.5), device=device, dtype=dtype)
                  ^^^^^^^^^^^^^^^^^^^^^^^^^^^^^^^^^^^^^^^^^^^^^^^^^^^^^^^^^^^^^^^^^^^^^^^^^^^^^
  File "/ghome/group06/miniconda3/envs/c3/lib/python3.12/site-packages/kornia/augmentation/utils/param_validation.py", line 53, in _range_bound
    raise ValueError(f"If {name} is a single number, it must be non negative. Got {factor}.")
ValueError: If hue is a single number, it must be non negative. Got -0.019462838768959045.
2026-01-10 19:37:33,367 - wandb.wandb_agent - INFO - Cleaning up finished run: pm1zylax
wandb: Terminating and syncing runs. Press ctrl-c to kill.
