wandb: Starting wandb agent 🕵️
2026-01-10 19:40:31,184 - wandb.wandb_agent - INFO - Running runs: []
2026-01-10 19:40:31,463 - wandb.wandb_agent - INFO - Agent received command: run
2026-01-10 19:40:31,463 - wandb.wandb_agent - INFO - Agent starting run with config:
	affine: 0.8604399532356456
	blur: 0.8943710312324558
	brightness: 1.3946843720365072
	contrast: 1.0364743862397832
	crop: 0.21338483507238948
	crop_scale: 0.9601019807108416
	flip: 0.7057363061538084
	gaussian_blur_kernel: 7
	gaussian_noise_std: 0.9003678574546228
	grey: 0.3976897894531618
	hue: -0.08135177446754989
	jiggle: 0.9974846635092534
	rotate: 0.8755092085340941
	rotation: 42
	saturation: 0.9941779189422246
	scale: 1.1879718787601083
	shear: 31
	translate_x: 0.31404189303156477
	translate_y: 0.34379419455282617
2026-01-10 19:40:31,466 - wandb.wandb_agent - INFO - About to run command: /usr/bin/env python train_data.py --affine=0.8604399532356456 --blur=0.8943710312324558 --brightness=1.3946843720365072 --contrast=1.0364743862397832 --crop=0.21338483507238948 --crop_scale=0.9601019807108416 --flip=0.7057363061538084 --gaussian_blur_kernel=7 --gaussian_noise_std=0.9003678574546228 --grey=0.3976897894531618 --hue=-0.08135177446754989 --jiggle=0.9974846635092534 --rotate=0.8755092085340941 --rotation=42 --saturation=0.9941779189422246 --scale=1.1879718787601083 --shear=31 --translate_x=0.31404189303156477 --translate_y=0.34379419455282617
wandb: Currently logged in as: arnaumarcosalmansa (mcv-team-6) to https://api.wandb.ai. Use `wandb login --relogin` to force relogin
wandb: WARNING Ignoring project 'C3-Week3' when running a sweep.
wandb: WARNING Ignoring entity 'mcv-team-6' when running a sweep.
2026-01-10 19:40:36,473 - wandb.wandb_agent - INFO - Running runs: ['weossgif']
wandb: setting up run weossgif
wandb: Tracking run with wandb version 0.23.1
wandb: Run data is saved locally in /export/home/group06/workspace/project-team-6/Week3/wandb/run-20260110_194035-weossgif
wandb: Run `wandb offline` to turn off syncing.
wandb: Syncing run Sweep run
wandb: ⭐️ View project at https://wandb.ai/mcv-team-6/C3-Week3
wandb: 🧹 View sweep at https://wandb.ai/mcv-team-6/C3-Week3/sweeps/g5vb4edr
wandb: 🚀 View run at https://wandb.ai/mcv-team-6/C3-Week3/runs/weossgif
Traceback (most recent call last):
  File "/export/home/group06/workspace/project-team-6/Week3/train_data.py", line 61, in <module>
    ka.ColorJitter(brightness=cfg.brightness,
  File "/ghome/group06/miniconda3/envs/c3/lib/python3.12/site-packages/kornia/augmentation/_2d/intensity/color_jitter.py", line 105, in __init__
    self._param_generator = rg.ColorJitterGenerator(brightness, contrast, saturation, hue)
                            ^^^^^^^^^^^^^^^^^^^^^^^^^^^^^^^^^^^^^^^^^^^^^^^^^^^^^^^^^^^^^^
  File "/ghome/group06/miniconda3/envs/c3/lib/python3.12/site-packages/kornia/augmentation/random_generator/base.py", line 34, in __call__
    obj.__post_init__()
  File "/ghome/group06/miniconda3/envs/c3/lib/python3.12/site-packages/kornia/augmentation/random_generator/base.py", line 48, in __post_init__
    self.set_rng_device_and_dtype()
  File "/ghome/group06/miniconda3/envs/c3/lib/python3.12/site-packages/kornia/augmentation/random_generator/base.py", line 64, in set_rng_device_and_dtype
    self.make_samplers(device, dtype)
  File "/ghome/group06/miniconda3/envs/c3/lib/python3.12/site-packages/kornia/augmentation/random_generator/_2d/color_jitter.py", line 86, in make_samplers
    hue: Tensor = _range_bound(self.hue, "hue", bounds=(-0.5, 0.5), device=device, dtype=dtype)
                  ^^^^^^^^^^^^^^^^^^^^^^^^^^^^^^^^^^^^^^^^^^^^^^^^^^^^^^^^^^^^^^^^^^^^^^^^^^^^^
  File "/ghome/group06/miniconda3/envs/c3/lib/python3.12/site-packages/kornia/augmentation/utils/param_validation.py", line 53, in _range_bound
    raise ValueError(f"If {name} is a single number, it must be non negative. Got {factor}.")
ValueError: If hue is a single number, it must be non negative. Got -0.08135177195072174.
2026-01-10 19:40:41,628 - wandb.wandb_agent - INFO - Cleaning up finished run: weossgif
wandb: Terminating and syncing runs. Press ctrl-c to kill.
