Using GPU 0: NVIDIA GeForce RTX 3090
Epoch 1/500 - Train Loss: 2.0600, Train Accuracy: 0.2025, Test Loss: 2.0487, Test Accuracy: 0.1936
Epoch 2/500 - Train Loss: 1.8650, Train Accuracy: 0.3400, Test Loss: 1.8200, Test Accuracy: 0.4003
Epoch 3/500 - Train Loss: 1.7093, Train Accuracy: 0.4775, Test Loss: 1.5916, Test Accuracy: 0.5345
Epoch 4/500 - Train Loss: 1.5229, Train Accuracy: 0.6075, Test Loss: 1.3871, Test Accuracy: 0.6560
Epoch 5/500 - Train Loss: 1.4393, Train Accuracy: 0.6500, Test Loss: 1.2144, Test Accuracy: 0.7242
Epoch 6/500 - Train Loss: 1.2679, Train Accuracy: 0.7500, Test Loss: 1.0617, Test Accuracy: 0.7968
Epoch 7/500 - Train Loss: 1.1536, Train Accuracy: 0.7825, Test Loss: 0.9368, Test Accuracy: 0.8483
Epoch 8/500 - Train Loss: 1.0322, Train Accuracy: 0.8075, Test Loss: 0.8390, Test Accuracy: 0.8676
Epoch 9/500 - Train Loss: 0.9640, Train Accuracy: 0.8100, Test Loss: 0.7513, Test Accuracy: 0.8798
Epoch 10/500 - Train Loss: 0.8666, Train Accuracy: 0.8525, Test Loss: 0.6689, Test Accuracy: 0.8977
Epoch 11/500 - Train Loss: 0.7963, Train Accuracy: 0.8550, Test Loss: 0.6224, Test Accuracy: 0.9017
Epoch 12/500 - Train Loss: 0.7285, Train Accuracy: 0.8725, Test Loss: 0.5647, Test Accuracy: 0.9126
Epoch 13/500 - Train Loss: 0.7176, Train Accuracy: 0.8675, Test Loss: 0.5223, Test Accuracy: 0.9209
Epoch 14/500 - Train Loss: 0.6549, Train Accuracy: 0.8925, Test Loss: 0.5019, Test Accuracy: 0.9226
Epoch 15/500 - Train Loss: 0.6005, Train Accuracy: 0.8925, Test Loss: 0.4637, Test Accuracy: 0.9261
Epoch 16/500 - Train Loss: 0.5866, Train Accuracy: 0.8925, Test Loss: 0.4474, Test Accuracy: 0.9309
Epoch 17/500 - Train Loss: 0.6029, Train Accuracy: 0.8900, Test Loss: 0.4266, Test Accuracy: 0.9331
Epoch 18/500 - Train Loss: 0.5624, Train Accuracy: 0.8875, Test Loss: 0.4155, Test Accuracy: 0.9318
Epoch 19/500 - Train Loss: 0.4999, Train Accuracy: 0.9350, Test Loss: 0.3928, Test Accuracy: 0.9362
Epoch 20/500 - Train Loss: 0.4646, Train Accuracy: 0.9100, Test Loss: 0.3817, Test Accuracy: 0.9392
Epoch 21/500 - Train Loss: 0.4624, Train Accuracy: 0.9175, Test Loss: 0.3740, Test Accuracy: 0.9362
Epoch 22/500 - Train Loss: 0.5002, Train Accuracy: 0.9150, Test Loss: 0.3678, Test Accuracy: 0.9379
Epoch 23/500 - Train Loss: 0.4554, Train Accuracy: 0.9125, Test Loss: 0.3563, Test Accuracy: 0.9445
Epoch 24/500 - Train Loss: 0.4559, Train Accuracy: 0.9050, Test Loss: 0.3550, Test Accuracy: 0.9379
Epoch 25/500 - Train Loss: 0.4307, Train Accuracy: 0.9300, Test Loss: 0.3534, Test Accuracy: 0.9384
Epoch 26/500 - Train Loss: 0.3963, Train Accuracy: 0.9325, Test Loss: 0.3438, Test Accuracy: 0.9388
Epoch 27/500 - Train Loss: 0.4185, Train Accuracy: 0.9250, Test Loss: 0.3375, Test Accuracy: 0.9401
Epoch 28/500 - Train Loss: 0.3601, Train Accuracy: 0.9450, Test Loss: 0.3302, Test Accuracy: 0.9419
Epoch 29/500 - Train Loss: 0.4275, Train Accuracy: 0.9025, Test Loss: 0.3377, Test Accuracy: 0.9371
Epoch 30/500 - Train Loss: 0.4077, Train Accuracy: 0.9075, Test Loss: 0.3255, Test Accuracy: 0.9458
Epoch 31/500 - Train Loss: 0.3688, Train Accuracy: 0.9275, Test Loss: 0.3214, Test Accuracy: 0.9489
Epoch 32/500 - Train Loss: 0.3767, Train Accuracy: 0.9225, Test Loss: 0.3269, Test Accuracy: 0.9445
Epoch 33/500 - Train Loss: 0.3259, Train Accuracy: 0.9525, Test Loss: 0.3186, Test Accuracy: 0.9419
Epoch 34/500 - Train Loss: 0.3411, Train Accuracy: 0.9525, Test Loss: 0.3221, Test Accuracy: 0.9392
Epoch 35/500 - Train Loss: 0.3401, Train Accuracy: 0.9325, Test Loss: 0.3221, Test Accuracy: 0.9441
Epoch 36/500 - Train Loss: 0.2861, Train Accuracy: 0.9575, Test Loss: 0.3142, Test Accuracy: 0.9484
Epoch 37/500 - Train Loss: 0.3028, Train Accuracy: 0.9550, Test Loss: 0.3168, Test Accuracy: 0.9449
Epoch 38/500 - Train Loss: 0.2950, Train Accuracy: 0.9500, Test Loss: 0.3125, Test Accuracy: 0.9471
Epoch 39/500 - Train Loss: 0.3004, Train Accuracy: 0.9500, Test Loss: 0.3085, Test Accuracy: 0.9471
Epoch 40/500 - Train Loss: 0.3172, Train Accuracy: 0.9550, Test Loss: 0.3156, Test Accuracy: 0.9467
Epoch 41/500 - Train Loss: 0.2673, Train Accuracy: 0.9725, Test Loss: 0.3158, Test Accuracy: 0.9454
Epoch 42/500 - Train Loss: 0.2988, Train Accuracy: 0.9475, Test Loss: 0.3109, Test Accuracy: 0.9462
Epoch 43/500 - Train Loss: 0.3107, Train Accuracy: 0.9400, Test Loss: 0.3049, Test Accuracy: 0.9489
Epoch 44/500 - Train Loss: 0.2724, Train Accuracy: 0.9625, Test Loss: 0.3082, Test Accuracy: 0.9484
Epoch 45/500 - Train Loss: 0.3033, Train Accuracy: 0.9550, Test Loss: 0.3127, Test Accuracy: 0.9427
Epoch 46/500 - Train Loss: 0.2853, Train Accuracy: 0.9525, Test Loss: 0.3081, Test Accuracy: 0.9454
Epoch 47/500 - Train Loss: 0.2667, Train Accuracy: 0.9575, Test Loss: 0.2997, Test Accuracy: 0.9497
Epoch 48/500 - Train Loss: 0.2576, Train Accuracy: 0.9700, Test Loss: 0.3000, Test Accuracy: 0.9480
Epoch 49/500 - Train Loss: 0.2550, Train Accuracy: 0.9675, Test Loss: 0.3017, Test Accuracy: 0.9458
Epoch 50/500 - Train Loss: 0.2604, Train Accuracy: 0.9700, Test Loss: 0.3189, Test Accuracy: 0.9379
Epoch 51/500 - Train Loss: 0.3315, Train Accuracy: 0.9400, Test Loss: 0.3157, Test Accuracy: 0.9388
Epoch 52/500 - Train Loss: 0.2827, Train Accuracy: 0.9525, Test Loss: 0.3007, Test Accuracy: 0.9502
Epoch 53/500 - Train Loss: 0.2958, Train Accuracy: 0.9425, Test Loss: 0.3019, Test Accuracy: 0.9458
Epoch 54/500 - Train Loss: 0.2909, Train Accuracy: 0.9600, Test Loss: 0.2990, Test Accuracy: 0.9454
Epoch 55/500 - Train Loss: 0.3000, Train Accuracy: 0.9525, Test Loss: 0.3053, Test Accuracy: 0.9471
Epoch 56/500 - Train Loss: 0.2302, Train Accuracy: 0.9825, Test Loss: 0.3107, Test Accuracy: 0.9423
Epoch 57/500 - Train Loss: 0.2472, Train Accuracy: 0.9675, Test Loss: 0.3029, Test Accuracy: 0.9497
Epoch 58/500 - Train Loss: 0.2414, Train Accuracy: 0.9775, Test Loss: 0.3026, Test Accuracy: 0.9480
Epoch 59/500 - Train Loss: 0.2331, Train Accuracy: 0.9750, Test Loss: 0.3043, Test Accuracy: 0.9476
Epoch 60/500 - Train Loss: 0.2595, Train Accuracy: 0.9600, Test Loss: 0.3068, Test Accuracy: 0.9432
Epoch 61/500 - Train Loss: 0.2563, Train Accuracy: 0.9675, Test Loss: 0.3061, Test Accuracy: 0.9458
Epoch 62/500 - Train Loss: 0.2431, Train Accuracy: 0.9625, Test Loss: 0.3068, Test Accuracy: 0.9484

Early stopping triggered at epoch 62
Best test loss: 0.2990
Best test accuracy: 0.9502
Plot saved as trained_models/Sweep_data run/metrics/loss.png
Plot saved as trained_models/Sweep_data run/metrics/metrics.png
