wandb: Starting wandb agent 🕵️
2026-01-10 20:24:42,687 - wandb.wandb_agent - INFO - Running runs: []
2026-01-10 20:24:42,979 - wandb.wandb_agent - INFO - Agent received command: run
2026-01-10 20:24:42,979 - wandb.wandb_agent - INFO - Agent starting run with config:
	affine: 0.4024243388429998
	blur: 0.7216425145833774
	brightness: 1.3351771102069536
	contrast: 0.9883463111619204
	crop: 0.09423221626954104
	crop_scale: 0.6541452830956702
	flip: 0.26878380602250707
	gaussian_blur_kernel: 5
	gaussian_noise_std: 2.3564744034295986
	grey: 0.32576858496118366
	hue: -0.08876352996464701
	jiggle: 0.21044493004191067
	rotate: 0.8999506161417788
	rotation: 44
	saturation: 1.3424316472901576
	scale: 1.1029132151937862
	shear: 20
	translate_x: 0.1632508837128379
	translate_y: 0.1614866942025521
2026-01-10 20:24:42,983 - wandb.wandb_agent - INFO - About to run command: /usr/bin/env python train_data.py --affine=0.4024243388429998 --blur=0.7216425145833774 --brightness=1.3351771102069536 --contrast=0.9883463111619204 --crop=0.09423221626954104 --crop_scale=0.6541452830956702 --flip=0.26878380602250707 --gaussian_blur_kernel=5 --gaussian_noise_std=2.3564744034295986 --grey=0.32576858496118366 --hue=-0.08876352996464701 --jiggle=0.21044493004191067 --rotate=0.8999506161417788 --rotation=44 --saturation=1.3424316472901576 --scale=1.1029132151937862 --shear=20 --translate_x=0.1632508837128379 --translate_y=0.1614866942025521
wandb: Currently logged in as: arnaumarcosalmansa (mcv-team-6) to https://api.wandb.ai. Use `wandb login --relogin` to force relogin
wandb: WARNING Ignoring project 'C3-Week3' when running a sweep.
wandb: WARNING Ignoring entity 'mcv-team-6' when running a sweep.
2026-01-10 20:24:47,989 - wandb.wandb_agent - INFO - Running runs: ['q0hlt5gd']
wandb: setting up run q0hlt5gd
wandb: Tracking run with wandb version 0.23.1
wandb: Run data is saved locally in /export/home/group06/workspace/project-team-6/Week3/wandb/run-20260110_202447-q0hlt5gd
wandb: Run `wandb offline` to turn off syncing.
wandb: Syncing run Sweep run
wandb: ⭐️ View project at https://wandb.ai/mcv-team-6/C3-Week3
wandb: 🧹 View sweep at https://wandb.ai/mcv-team-6/C3-Week3/sweeps/g5vb4edr
wandb: 🚀 View run at https://wandb.ai/mcv-team-6/C3-Week3/runs/q0hlt5gd
Traceback (most recent call last):
  File "/export/home/group06/workspace/project-team-6/Week3/train_data.py", line 61, in <module>
    ka.ColorJitter(brightness=cfg.brightness,
  File "/ghome/group06/miniconda3/envs/c3/lib/python3.12/site-packages/kornia/augmentation/_2d/intensity/color_jitter.py", line 105, in __init__
    self._param_generator = rg.ColorJitterGenerator(brightness, contrast, saturation, hue)
                            ^^^^^^^^^^^^^^^^^^^^^^^^^^^^^^^^^^^^^^^^^^^^^^^^^^^^^^^^^^^^^^
  File "/ghome/group06/miniconda3/envs/c3/lib/python3.12/site-packages/kornia/augmentation/random_generator/base.py", line 34, in __call__
    obj.__post_init__()
  File "/ghome/group06/miniconda3/envs/c3/lib/python3.12/site-packages/kornia/augmentation/random_generator/base.py", line 48, in __post_init__
    self.set_rng_device_and_dtype()
  File "/ghome/group06/miniconda3/envs/c3/lib/python3.12/site-packages/kornia/augmentation/random_generator/base.py", line 64, in set_rng_device_and_dtype
    self.make_samplers(device, dtype)
  File "/ghome/group06/miniconda3/envs/c3/lib/python3.12/site-packages/kornia/augmentation/random_generator/_2d/color_jitter.py", line 86, in make_samplers
    hue: Tensor = _range_bound(self.hue, "hue", bounds=(-0.5, 0.5), device=device, dtype=dtype)
                  ^^^^^^^^^^^^^^^^^^^^^^^^^^^^^^^^^^^^^^^^^^^^^^^^^^^^^^^^^^^^^^^^^^^^^^^^^^^^^
  File "/ghome/group06/miniconda3/envs/c3/lib/python3.12/site-packages/kornia/augmentation/utils/param_validation.py", line 53, in _range_bound
    raise ValueError(f"If {name} is a single number, it must be non negative. Got {factor}.")
ValueError: If hue is a single number, it must be non negative. Got -0.088763527572155.
2026-01-10 20:24:53,132 - wandb.wandb_agent - INFO - Cleaning up finished run: q0hlt5gd
wandb: Terminating and syncing runs. Press ctrl-c to kill.
