wandb: Starting wandb agent 🕵️
2026-01-10 20:35:26,030 - wandb.wandb_agent - INFO - Running runs: []
2026-01-10 20:35:26,395 - wandb.wandb_agent - INFO - Agent received command: run
2026-01-10 20:35:26,396 - wandb.wandb_agent - INFO - Agent starting run with config:
	affine: 0.2295209554710388
	blur: 0.3167499669739582
	brightness: 0.9838284001055356
	contrast: 1.1031700519740784
	crop: 0.15251493494938095
	crop_scale: 0.8365122076642981
	flip: 0.36326473584882
	gaussian_blur_kernel: 5
	gaussian_noise_std: 0.31364916780886476
	grey: 0.3803837722491258
	hue: -0.022584856668903752
	jiggle: 0.28787599394486707
	rotate: 0.8526814994131253
	rotation: 29
	saturation: 0.9262172865824624
	scale: 1.0150581577187725
	shear: 2
	translate_x: 0.0800203733893202
	translate_y: 0.14748017068587155
2026-01-10 20:35:26,399 - wandb.wandb_agent - INFO - About to run command: /usr/bin/env python train_data.py --affine=0.2295209554710388 --blur=0.3167499669739582 --brightness=0.9838284001055356 --contrast=1.1031700519740784 --crop=0.15251493494938095 --crop_scale=0.8365122076642981 --flip=0.36326473584882 --gaussian_blur_kernel=5 --gaussian_noise_std=0.31364916780886476 --grey=0.3803837722491258 --hue=-0.022584856668903752 --jiggle=0.28787599394486707 --rotate=0.8526814994131253 --rotation=29 --saturation=0.9262172865824624 --scale=1.0150581577187725 --shear=2 --translate_x=0.0800203733893202 --translate_y=0.14748017068587155
wandb: Currently logged in as: arnaumarcosalmansa (mcv-team-6) to https://api.wandb.ai. Use `wandb login --relogin` to force relogin
wandb: WARNING Ignoring project 'C3-Week3' when running a sweep.
wandb: WARNING Ignoring entity 'mcv-team-6' when running a sweep.
wandb: setting up run okkchu7s
2026-01-10 20:35:31,404 - wandb.wandb_agent - INFO - Running runs: ['okkchu7s']
wandb: Tracking run with wandb version 0.23.1
wandb: Run data is saved locally in /export/home/group06/workspace/project-team-6/Week3/wandb/run-20260110_203530-okkchu7s
wandb: Run `wandb offline` to turn off syncing.
wandb: Syncing run Sweep run
wandb: ⭐️ View project at https://wandb.ai/mcv-team-6/C3-Week3
wandb: 🧹 View sweep at https://wandb.ai/mcv-team-6/C3-Week3/sweeps/g5vb4edr
wandb: 🚀 View run at https://wandb.ai/mcv-team-6/C3-Week3/runs/okkchu7s
Traceback (most recent call last):
  File "/export/home/group06/workspace/project-team-6/Week3/train_data.py", line 61, in <module>
    ka.ColorJitter(brightness=cfg.brightness,
  File "/ghome/group06/miniconda3/envs/c3/lib/python3.12/site-packages/kornia/augmentation/_2d/intensity/color_jitter.py", line 105, in __init__
    self._param_generator = rg.ColorJitterGenerator(brightness, contrast, saturation, hue)
                            ^^^^^^^^^^^^^^^^^^^^^^^^^^^^^^^^^^^^^^^^^^^^^^^^^^^^^^^^^^^^^^
  File "/ghome/group06/miniconda3/envs/c3/lib/python3.12/site-packages/kornia/augmentation/random_generator/base.py", line 34, in __call__
    obj.__post_init__()
  File "/ghome/group06/miniconda3/envs/c3/lib/python3.12/site-packages/kornia/augmentation/random_generator/base.py", line 48, in __post_init__
    self.set_rng_device_and_dtype()
  File "/ghome/group06/miniconda3/envs/c3/lib/python3.12/site-packages/kornia/augmentation/random_generator/base.py", line 64, in set_rng_device_and_dtype
    self.make_samplers(device, dtype)
  File "/ghome/group06/miniconda3/envs/c3/lib/python3.12/site-packages/kornia/augmentation/random_generator/_2d/color_jitter.py", line 86, in make_samplers
    hue: Tensor = _range_bound(self.hue, "hue", bounds=(-0.5, 0.5), device=device, dtype=dtype)
                  ^^^^^^^^^^^^^^^^^^^^^^^^^^^^^^^^^^^^^^^^^^^^^^^^^^^^^^^^^^^^^^^^^^^^^^^^^^^^^
  File "/ghome/group06/miniconda3/envs/c3/lib/python3.12/site-packages/kornia/augmentation/utils/param_validation.py", line 53, in _range_bound
    raise ValueError(f"If {name} is a single number, it must be non negative. Got {factor}.")
ValueError: If hue is a single number, it must be non negative. Got -0.022584857419133186.
2026-01-10 20:35:36,538 - wandb.wandb_agent - INFO - Cleaning up finished run: okkchu7s
wandb: Terminating and syncing runs. Press ctrl-c to kill.
