wandb: Starting wandb agent 🕵️
2026-01-10 19:37:39,789 - wandb.wandb_agent - INFO - Running runs: []
2026-01-10 19:37:40,235 - wandb.wandb_agent - INFO - Agent received command: run
2026-01-10 19:37:40,236 - wandb.wandb_agent - INFO - Agent starting run with config:
	affine: 0.9040495058138512
	blur: 0.21603506653084403
	brightness: 0.6935094644363953
	contrast: 1.376476541917089
	crop: 0.7352268884038323
	crop_scale: 0.8110334129871808
	flip: 0.6396947537417927
	gaussian_blur_kernel: 3
	gaussian_noise_std: 1.9246286248343467
	grey: 0.2000855881699759
	hue: -0.039594245679230027
	jiggle: 0.20364594334300912
	rotate: 0.1738889418448084
	rotation: 36
	saturation: 0.9162504074489152
	scale: 1.1185018547070282
	shear: 22
	translate_x: 0.1478528484072561
	translate_y: 0.2919577457594459
2026-01-10 19:37:40,239 - wandb.wandb_agent - INFO - About to run command: /usr/bin/env python train_data.py --affine=0.9040495058138512 --blur=0.21603506653084403 --brightness=0.6935094644363953 --contrast=1.376476541917089 --crop=0.7352268884038323 --crop_scale=0.8110334129871808 --flip=0.6396947537417927 --gaussian_blur_kernel=3 --gaussian_noise_std=1.9246286248343467 --grey=0.2000855881699759 --hue=-0.039594245679230027 --jiggle=0.20364594334300912 --rotate=0.1738889418448084 --rotation=36 --saturation=0.9162504074489152 --scale=1.1185018547070282 --shear=22 --translate_x=0.1478528484072561 --translate_y=0.2919577457594459
wandb: Currently logged in as: arnaumarcosalmansa (mcv-team-6) to https://api.wandb.ai. Use `wandb login --relogin` to force relogin
wandb: WARNING Ignoring project 'C3-Week3' when running a sweep.
wandb: WARNING Ignoring entity 'mcv-team-6' when running a sweep.
wandb: setting up run uq8pwhji
2026-01-10 19:37:45,246 - wandb.wandb_agent - INFO - Running runs: ['uq8pwhji']
wandb: Tracking run with wandb version 0.23.1
wandb: Run data is saved locally in /export/home/group06/workspace/project-team-6/Week3/wandb/run-20260110_193744-uq8pwhji
wandb: Run `wandb offline` to turn off syncing.
wandb: Syncing run Sweep run
wandb: ⭐️ View project at https://wandb.ai/mcv-team-6/C3-Week3
wandb: 🧹 View sweep at https://wandb.ai/mcv-team-6/C3-Week3/sweeps/g5vb4edr
wandb: 🚀 View run at https://wandb.ai/mcv-team-6/C3-Week3/runs/uq8pwhji
Traceback (most recent call last):
  File "/export/home/group06/workspace/project-team-6/Week3/train_data.py", line 61, in <module>
    ka.ColorJitter(brightness=cfg.brightness,
  File "/ghome/group06/miniconda3/envs/c3/lib/python3.12/site-packages/kornia/augmentation/_2d/intensity/color_jitter.py", line 105, in __init__
    self._param_generator = rg.ColorJitterGenerator(brightness, contrast, saturation, hue)
                            ^^^^^^^^^^^^^^^^^^^^^^^^^^^^^^^^^^^^^^^^^^^^^^^^^^^^^^^^^^^^^^
  File "/ghome/group06/miniconda3/envs/c3/lib/python3.12/site-packages/kornia/augmentation/random_generator/base.py", line 34, in __call__
    obj.__post_init__()
  File "/ghome/group06/miniconda3/envs/c3/lib/python3.12/site-packages/kornia/augmentation/random_generator/base.py", line 48, in __post_init__
    self.set_rng_device_and_dtype()
  File "/ghome/group06/miniconda3/envs/c3/lib/python3.12/site-packages/kornia/augmentation/random_generator/base.py", line 64, in set_rng_device_and_dtype
    self.make_samplers(device, dtype)
  File "/ghome/group06/miniconda3/envs/c3/lib/python3.12/site-packages/kornia/augmentation/random_generator/_2d/color_jitter.py", line 86, in make_samplers
    hue: Tensor = _range_bound(self.hue, "hue", bounds=(-0.5, 0.5), device=device, dtype=dtype)
                  ^^^^^^^^^^^^^^^^^^^^^^^^^^^^^^^^^^^^^^^^^^^^^^^^^^^^^^^^^^^^^^^^^^^^^^^^^^^^^
  File "/ghome/group06/miniconda3/envs/c3/lib/python3.12/site-packages/kornia/augmentation/utils/param_validation.py", line 53, in _range_bound
    raise ValueError(f"If {name} is a single number, it must be non negative. Got {factor}.")
ValueError: If hue is a single number, it must be non negative. Got -0.039594244211912155.
2026-01-10 19:37:50,392 - wandb.wandb_agent - INFO - Cleaning up finished run: uq8pwhji
wandb: Terminating and syncing runs. Press ctrl-c to kill.
