Using GPU 0: NVIDIA GeForce RTX 3090
Epoch 1/500 - Train Loss: 2.2073, Train Accuracy: 0.1375, Test Loss: 2.0981, Test Accuracy: 0.1670
Epoch 2/500 - Train Loss: 1.9483, Train Accuracy: 0.2325, Test Loss: 1.8995, Test Accuracy: 0.3239
Epoch 3/500 - Train Loss: 1.7367, Train Accuracy: 0.4125, Test Loss: 1.6671, Test Accuracy: 0.4628
Epoch 4/500 - Train Loss: 1.5630, Train Accuracy: 0.5250, Test Loss: 1.4713, Test Accuracy: 0.5656
Epoch 5/500 - Train Loss: 1.3906, Train Accuracy: 0.6850, Test Loss: 1.3198, Test Accuracy: 0.6259
Epoch 6/500 - Train Loss: 1.2172, Train Accuracy: 0.7550, Test Loss: 1.1711, Test Accuracy: 0.7050
Epoch 7/500 - Train Loss: 1.1112, Train Accuracy: 0.7975, Test Loss: 1.0558, Test Accuracy: 0.7631
Epoch 8/500 - Train Loss: 0.9941, Train Accuracy: 0.8175, Test Loss: 0.9623, Test Accuracy: 0.8051
Epoch 9/500 - Train Loss: 0.8995, Train Accuracy: 0.8525, Test Loss: 0.8756, Test Accuracy: 0.8370
Epoch 10/500 - Train Loss: 0.8473, Train Accuracy: 0.8325, Test Loss: 0.7929, Test Accuracy: 0.8667
Epoch 11/500 - Train Loss: 0.7688, Train Accuracy: 0.8475, Test Loss: 0.7224, Test Accuracy: 0.8916
Epoch 12/500 - Train Loss: 0.6726, Train Accuracy: 0.9075, Test Loss: 0.6602, Test Accuracy: 0.8942
Epoch 13/500 - Train Loss: 0.6536, Train Accuracy: 0.8825, Test Loss: 0.6070, Test Accuracy: 0.9021
Epoch 14/500 - Train Loss: 0.5789, Train Accuracy: 0.9175, Test Loss: 0.5667, Test Accuracy: 0.9100
Epoch 15/500 - Train Loss: 0.5553, Train Accuracy: 0.9100, Test Loss: 0.5384, Test Accuracy: 0.9122
Epoch 16/500 - Train Loss: 0.5369, Train Accuracy: 0.9225, Test Loss: 0.5144, Test Accuracy: 0.9156
Epoch 17/500 - Train Loss: 0.4802, Train Accuracy: 0.9325, Test Loss: 0.4741, Test Accuracy: 0.9191
Epoch 18/500 - Train Loss: 0.4876, Train Accuracy: 0.9125, Test Loss: 0.4520, Test Accuracy: 0.9235
Epoch 19/500 - Train Loss: 0.4483, Train Accuracy: 0.9250, Test Loss: 0.4213, Test Accuracy: 0.9283
Epoch 20/500 - Train Loss: 0.4421, Train Accuracy: 0.9250, Test Loss: 0.4132, Test Accuracy: 0.9296
Epoch 21/500 - Train Loss: 0.4038, Train Accuracy: 0.9425, Test Loss: 0.4039, Test Accuracy: 0.9288
Epoch 22/500 - Train Loss: 0.4008, Train Accuracy: 0.9350, Test Loss: 0.3865, Test Accuracy: 0.9301
Epoch 23/500 - Train Loss: 0.4012, Train Accuracy: 0.9325, Test Loss: 0.3802, Test Accuracy: 0.9336
Epoch 24/500 - Train Loss: 0.3667, Train Accuracy: 0.9525, Test Loss: 0.3769, Test Accuracy: 0.9292
Epoch 25/500 - Train Loss: 0.3469, Train Accuracy: 0.9475, Test Loss: 0.3667, Test Accuracy: 0.9340
Epoch 26/500 - Train Loss: 0.3455, Train Accuracy: 0.9525, Test Loss: 0.3566, Test Accuracy: 0.9375
Epoch 27/500 - Train Loss: 0.3221, Train Accuracy: 0.9575, Test Loss: 0.3541, Test Accuracy: 0.9375
Epoch 28/500 - Train Loss: 0.3334, Train Accuracy: 0.9450, Test Loss: 0.3419, Test Accuracy: 0.9331
Epoch 29/500 - Train Loss: 0.3121, Train Accuracy: 0.9625, Test Loss: 0.3444, Test Accuracy: 0.9309
Epoch 30/500 - Train Loss: 0.2976, Train Accuracy: 0.9700, Test Loss: 0.3424, Test Accuracy: 0.9327
Epoch 31/500 - Train Loss: 0.2833, Train Accuracy: 0.9675, Test Loss: 0.3442, Test Accuracy: 0.9314
Epoch 32/500 - Train Loss: 0.2933, Train Accuracy: 0.9725, Test Loss: 0.3396, Test Accuracy: 0.9384
Epoch 33/500 - Train Loss: 0.2939, Train Accuracy: 0.9625, Test Loss: 0.3308, Test Accuracy: 0.9384
Epoch 34/500 - Train Loss: 0.2736, Train Accuracy: 0.9675, Test Loss: 0.3356, Test Accuracy: 0.9362
Epoch 35/500 - Train Loss: 0.2722, Train Accuracy: 0.9725, Test Loss: 0.3440, Test Accuracy: 0.9305
Epoch 36/500 - Train Loss: 0.2581, Train Accuracy: 0.9775, Test Loss: 0.3765, Test Accuracy: 0.9117
Epoch 37/500 - Train Loss: 0.2421, Train Accuracy: 0.9700, Test Loss: 0.3428, Test Accuracy: 0.9296
Epoch 38/500 - Train Loss: 0.2518, Train Accuracy: 0.9675, Test Loss: 0.3332, Test Accuracy: 0.9358
Epoch 39/500 - Train Loss: 0.2649, Train Accuracy: 0.9675, Test Loss: 0.3206, Test Accuracy: 0.9371
Epoch 40/500 - Train Loss: 0.2277, Train Accuracy: 0.9800, Test Loss: 0.3174, Test Accuracy: 0.9375
Epoch 41/500 - Train Loss: 0.2190, Train Accuracy: 0.9850, Test Loss: 0.3118, Test Accuracy: 0.9410
Epoch 42/500 - Train Loss: 0.2318, Train Accuracy: 0.9750, Test Loss: 0.3124, Test Accuracy: 0.9388
Epoch 43/500 - Train Loss: 0.2269, Train Accuracy: 0.9800, Test Loss: 0.3180, Test Accuracy: 0.9388
Epoch 44/500 - Train Loss: 0.2357, Train Accuracy: 0.9725, Test Loss: 0.3077, Test Accuracy: 0.9423
Epoch 45/500 - Train Loss: 0.2336, Train Accuracy: 0.9725, Test Loss: 0.3170, Test Accuracy: 0.9388
Epoch 46/500 - Train Loss: 0.2494, Train Accuracy: 0.9725, Test Loss: 0.3145, Test Accuracy: 0.9401
Epoch 47/500 - Train Loss: 0.2198, Train Accuracy: 0.9775, Test Loss: 0.3169, Test Accuracy: 0.9388
Epoch 48/500 - Train Loss: 0.2229, Train Accuracy: 0.9775, Test Loss: 0.3213, Test Accuracy: 0.9349
Epoch 49/500 - Train Loss: 0.2244, Train Accuracy: 0.9800, Test Loss: 0.3193, Test Accuracy: 0.9362
Epoch 50/500 - Train Loss: 0.2472, Train Accuracy: 0.9725, Test Loss: 0.3117, Test Accuracy: 0.9392
Epoch 51/500 - Train Loss: 0.2414, Train Accuracy: 0.9700, Test Loss: 0.3261, Test Accuracy: 0.9327
Epoch 52/500 - Train Loss: 0.2167, Train Accuracy: 0.9750, Test Loss: 0.3225, Test Accuracy: 0.9344
Epoch 53/500 - Train Loss: 0.2274, Train Accuracy: 0.9775, Test Loss: 0.3303, Test Accuracy: 0.9296
Epoch 54/500 - Train Loss: 0.2156, Train Accuracy: 0.9850, Test Loss: 0.3163, Test Accuracy: 0.9371
Epoch 55/500 - Train Loss: 0.1925, Train Accuracy: 0.9850, Test Loss: 0.3113, Test Accuracy: 0.9379
Epoch 56/500 - Train Loss: 0.2024, Train Accuracy: 0.9825, Test Loss: 0.3123, Test Accuracy: 0.9362
Epoch 57/500 - Train Loss: 0.2124, Train Accuracy: 0.9875, Test Loss: 0.3141, Test Accuracy: 0.9353
Epoch 58/500 - Train Loss: 0.2057, Train Accuracy: 0.9825, Test Loss: 0.3172, Test Accuracy: 0.9362
Epoch 59/500 - Train Loss: 0.2081, Train Accuracy: 0.9825, Test Loss: 0.3267, Test Accuracy: 0.9296

Early stopping triggered at epoch 59
Best test loss: 0.3077
Best test accuracy: 0.9423
Plot saved as trained_models/Sweep_data run/metrics/loss.png
Plot saved as trained_models/Sweep_data run/metrics/metrics.png
