wandb: Starting wandb agent 🕵️
2026-01-10 19:35:35,429 - wandb.wandb_agent - INFO - Running runs: []
2026-01-10 19:35:35,823 - wandb.wandb_agent - INFO - Agent received command: run
2026-01-10 19:35:35,824 - wandb.wandb_agent - INFO - Agent starting run with config:
	affine: 0.7229401498745354
	blur: 0.71988111093415
	brightness: 1.342645621462946
	contrast: 0.6882595339447026
	crop: 0.533717830339595
	crop_scale: 0.49346377509083567
	flip: 0.1446459815700608
	gaussian_blur_kernel: 3
	gaussian_noise_std: 1.8056787187402263
	grey: 0.31341629703207885
	hue: -0.002189225345034851
	jiggle: 0.10512182326368258
	rotate: 0.2448421633678376
	rotation: 28
	saturation: 0.7183304537693354
	scale: 1.163936111915682
	shear: 36
	translate_x: 0.1456654330112764
	translate_y: 0.3895330830451708
2026-01-10 19:35:35,827 - wandb.wandb_agent - INFO - About to run command: /usr/bin/env python train_data.py --affine=0.7229401498745354 --blur=0.71988111093415 --brightness=1.342645621462946 --contrast=0.6882595339447026 --crop=0.533717830339595 --crop_scale=0.49346377509083567 --flip=0.1446459815700608 --gaussian_blur_kernel=3 --gaussian_noise_std=1.8056787187402263 --grey=0.31341629703207885 --hue=-0.002189225345034851 --jiggle=0.10512182326368258 --rotate=0.2448421633678376 --rotation=28 --saturation=0.7183304537693354 --scale=1.163936111915682 --shear=36 --translate_x=0.1456654330112764 --translate_y=0.3895330830451708
wandb: Currently logged in as: arnaumarcosalmansa (mcv-team-6) to https://api.wandb.ai. Use `wandb login --relogin` to force relogin
wandb: WARNING Ignoring project 'C3-Week3' when running a sweep.
wandb: WARNING Ignoring entity 'mcv-team-6' when running a sweep.
2026-01-10 19:35:40,834 - wandb.wandb_agent - INFO - Running runs: ['zstu6fb9']
wandb: setting up run zstu6fb9
wandb: Tracking run with wandb version 0.23.1
wandb: Run data is saved locally in /export/home/group06/workspace/project-team-6/Week3/wandb/run-20260110_193540-zstu6fb9
wandb: Run `wandb offline` to turn off syncing.
wandb: Syncing run Sweep run
wandb: ⭐️ View project at https://wandb.ai/mcv-team-6/C3-Week3
wandb: 🧹 View sweep at https://wandb.ai/mcv-team-6/C3-Week3/sweeps/g5vb4edr
wandb: 🚀 View run at https://wandb.ai/mcv-team-6/C3-Week3/runs/zstu6fb9
Traceback (most recent call last):
  File "/export/home/group06/workspace/project-team-6/Week3/train_data.py", line 61, in <module>
    ka.ColorJitter(brightness=cfg.brightness,
  File "/ghome/group06/miniconda3/envs/c3/lib/python3.12/site-packages/kornia/augmentation/_2d/intensity/color_jitter.py", line 105, in __init__
    self._param_generator = rg.ColorJitterGenerator(brightness, contrast, saturation, hue)
                            ^^^^^^^^^^^^^^^^^^^^^^^^^^^^^^^^^^^^^^^^^^^^^^^^^^^^^^^^^^^^^^
  File "/ghome/group06/miniconda3/envs/c3/lib/python3.12/site-packages/kornia/augmentation/random_generator/base.py", line 34, in __call__
    obj.__post_init__()
  File "/ghome/group06/miniconda3/envs/c3/lib/python3.12/site-packages/kornia/augmentation/random_generator/base.py", line 48, in __post_init__
    self.set_rng_device_and_dtype()
  File "/ghome/group06/miniconda3/envs/c3/lib/python3.12/site-packages/kornia/augmentation/random_generator/base.py", line 64, in set_rng_device_and_dtype
    self.make_samplers(device, dtype)
  File "/ghome/group06/miniconda3/envs/c3/lib/python3.12/site-packages/kornia/augmentation/random_generator/_2d/color_jitter.py", line 86, in make_samplers
    hue: Tensor = _range_bound(self.hue, "hue", bounds=(-0.5, 0.5), device=device, dtype=dtype)
                  ^^^^^^^^^^^^^^^^^^^^^^^^^^^^^^^^^^^^^^^^^^^^^^^^^^^^^^^^^^^^^^^^^^^^^^^^^^^^^
  File "/ghome/group06/miniconda3/envs/c3/lib/python3.12/site-packages/kornia/augmentation/utils/param_validation.py", line 53, in _range_bound
    raise ValueError(f"If {name} is a single number, it must be non negative. Got {factor}.")
ValueError: If hue is a single number, it must be non negative. Got -0.002189225284382701.
2026-01-10 19:35:45,995 - wandb.wandb_agent - INFO - Cleaning up finished run: zstu6fb9
wandb: Terminating and syncing runs. Press ctrl-c to kill.
