Using GPU 0: NVIDIA GeForce RTX 3090
Epoch 1/500 - Train Loss: 2.1483, Train Accuracy: 0.1300, Test Loss: 2.0636, Test Accuracy: 0.1582
Epoch 2/500 - Train Loss: 1.8845, Train Accuracy: 0.2900, Test Loss: 1.8224, Test Accuracy: 0.3920
Epoch 3/500 - Train Loss: 1.6553, Train Accuracy: 0.4925, Test Loss: 1.5585, Test Accuracy: 0.5922
Epoch 4/500 - Train Loss: 1.4969, Train Accuracy: 0.6100, Test Loss: 1.3248, Test Accuracy: 0.7111
Epoch 5/500 - Train Loss: 1.2947, Train Accuracy: 0.7300, Test Loss: 1.1419, Test Accuracy: 0.7723
Epoch 6/500 - Train Loss: 1.1641, Train Accuracy: 0.7775, Test Loss: 0.9874, Test Accuracy: 0.8182
Epoch 7/500 - Train Loss: 1.0173, Train Accuracy: 0.8175, Test Loss: 0.8583, Test Accuracy: 0.8483
Epoch 8/500 - Train Loss: 0.8983, Train Accuracy: 0.8475, Test Loss: 0.7429, Test Accuracy: 0.8820
Epoch 9/500 - Train Loss: 0.8488, Train Accuracy: 0.8600, Test Loss: 0.6465, Test Accuracy: 0.8951
Epoch 10/500 - Train Loss: 0.7556, Train Accuracy: 0.8575, Test Loss: 0.5796, Test Accuracy: 0.9117
Epoch 11/500 - Train Loss: 0.6835, Train Accuracy: 0.8900, Test Loss: 0.5377, Test Accuracy: 0.9122
Epoch 12/500 - Train Loss: 0.6467, Train Accuracy: 0.8875, Test Loss: 0.4917, Test Accuracy: 0.9244
Epoch 13/500 - Train Loss: 0.5683, Train Accuracy: 0.9050, Test Loss: 0.4632, Test Accuracy: 0.9296
Epoch 14/500 - Train Loss: 0.5581, Train Accuracy: 0.9000, Test Loss: 0.4334, Test Accuracy: 0.9327
Epoch 15/500 - Train Loss: 0.4892, Train Accuracy: 0.9500, Test Loss: 0.4113, Test Accuracy: 0.9384
Epoch 16/500 - Train Loss: 0.4667, Train Accuracy: 0.9250, Test Loss: 0.3959, Test Accuracy: 0.9397
Epoch 17/500 - Train Loss: 0.4690, Train Accuracy: 0.9300, Test Loss: 0.3755, Test Accuracy: 0.9419
Epoch 18/500 - Train Loss: 0.4470, Train Accuracy: 0.9275, Test Loss: 0.3610, Test Accuracy: 0.9449
Epoch 19/500 - Train Loss: 0.4059, Train Accuracy: 0.9400, Test Loss: 0.3578, Test Accuracy: 0.9449
Epoch 20/500 - Train Loss: 0.4194, Train Accuracy: 0.9400, Test Loss: 0.3479, Test Accuracy: 0.9458
Epoch 21/500 - Train Loss: 0.3790, Train Accuracy: 0.9450, Test Loss: 0.3376, Test Accuracy: 0.9467
Epoch 22/500 - Train Loss: 0.3632, Train Accuracy: 0.9450, Test Loss: 0.3323, Test Accuracy: 0.9493
Epoch 23/500 - Train Loss: 0.3595, Train Accuracy: 0.9425, Test Loss: 0.3284, Test Accuracy: 0.9480
Epoch 24/500 - Train Loss: 0.3402, Train Accuracy: 0.9450, Test Loss: 0.3225, Test Accuracy: 0.9489
Epoch 25/500 - Train Loss: 0.3717, Train Accuracy: 0.9250, Test Loss: 0.3220, Test Accuracy: 0.9484
Epoch 26/500 - Train Loss: 0.3338, Train Accuracy: 0.9525, Test Loss: 0.3184, Test Accuracy: 0.9484
Epoch 27/500 - Train Loss: 0.3187, Train Accuracy: 0.9575, Test Loss: 0.3160, Test Accuracy: 0.9510
Epoch 28/500 - Train Loss: 0.2932, Train Accuracy: 0.9700, Test Loss: 0.3130, Test Accuracy: 0.9497
Epoch 29/500 - Train Loss: 0.3300, Train Accuracy: 0.9425, Test Loss: 0.3079, Test Accuracy: 0.9515
Epoch 30/500 - Train Loss: 0.2943, Train Accuracy: 0.9725, Test Loss: 0.3058, Test Accuracy: 0.9524
Epoch 31/500 - Train Loss: 0.2856, Train Accuracy: 0.9625, Test Loss: 0.3088, Test Accuracy: 0.9489
Epoch 32/500 - Train Loss: 0.2626, Train Accuracy: 0.9775, Test Loss: 0.3061, Test Accuracy: 0.9541
Epoch 33/500 - Train Loss: 0.3025, Train Accuracy: 0.9525, Test Loss: 0.3009, Test Accuracy: 0.9541
Epoch 34/500 - Train Loss: 0.2675, Train Accuracy: 0.9575, Test Loss: 0.3042, Test Accuracy: 0.9493
Epoch 35/500 - Train Loss: 0.2578, Train Accuracy: 0.9750, Test Loss: 0.3016, Test Accuracy: 0.9497
Epoch 36/500 - Train Loss: 0.2658, Train Accuracy: 0.9625, Test Loss: 0.3005, Test Accuracy: 0.9510
Epoch 37/500 - Train Loss: 0.2640, Train Accuracy: 0.9750, Test Loss: 0.3017, Test Accuracy: 0.9502
Epoch 38/500 - Train Loss: 0.2538, Train Accuracy: 0.9700, Test Loss: 0.2982, Test Accuracy: 0.9502
Epoch 39/500 - Train Loss: 0.2743, Train Accuracy: 0.9550, Test Loss: 0.3064, Test Accuracy: 0.9497
Epoch 40/500 - Train Loss: 0.2460, Train Accuracy: 0.9825, Test Loss: 0.2993, Test Accuracy: 0.9506
Epoch 41/500 - Train Loss: 0.2398, Train Accuracy: 0.9725, Test Loss: 0.2990, Test Accuracy: 0.9502
Epoch 42/500 - Train Loss: 0.2451, Train Accuracy: 0.9700, Test Loss: 0.3030, Test Accuracy: 0.9480
Epoch 43/500 - Train Loss: 0.2410, Train Accuracy: 0.9725, Test Loss: 0.2988, Test Accuracy: 0.9493
Epoch 44/500 - Train Loss: 0.2265, Train Accuracy: 0.9875, Test Loss: 0.2956, Test Accuracy: 0.9506
Epoch 45/500 - Train Loss: 0.2503, Train Accuracy: 0.9600, Test Loss: 0.2972, Test Accuracy: 0.9489
Epoch 46/500 - Train Loss: 0.2482, Train Accuracy: 0.9700, Test Loss: 0.2952, Test Accuracy: 0.9480
Epoch 47/500 - Train Loss: 0.2381, Train Accuracy: 0.9775, Test Loss: 0.2945, Test Accuracy: 0.9489
Epoch 48/500 - Train Loss: 0.2440, Train Accuracy: 0.9675, Test Loss: 0.2931, Test Accuracy: 0.9502
Epoch 49/500 - Train Loss: 0.2240, Train Accuracy: 0.9750, Test Loss: 0.2958, Test Accuracy: 0.9493
Epoch 50/500 - Train Loss: 0.2156, Train Accuracy: 0.9875, Test Loss: 0.2919, Test Accuracy: 0.9497
Epoch 51/500 - Train Loss: 0.2042, Train Accuracy: 0.9825, Test Loss: 0.2929, Test Accuracy: 0.9484
Epoch 52/500 - Train Loss: 0.2317, Train Accuracy: 0.9725, Test Loss: 0.2951, Test Accuracy: 0.9467
Epoch 53/500 - Train Loss: 0.2299, Train Accuracy: 0.9750, Test Loss: 0.2924, Test Accuracy: 0.9480
Epoch 54/500 - Train Loss: 0.2275, Train Accuracy: 0.9800, Test Loss: 0.2937, Test Accuracy: 0.9471
Epoch 55/500 - Train Loss: 0.1953, Train Accuracy: 0.9900, Test Loss: 0.3005, Test Accuracy: 0.9458
Epoch 56/500 - Train Loss: 0.2337, Train Accuracy: 0.9675, Test Loss: 0.3030, Test Accuracy: 0.9462
Epoch 57/500 - Train Loss: 0.1955, Train Accuracy: 0.9925, Test Loss: 0.2971, Test Accuracy: 0.9480
Epoch 58/500 - Train Loss: 0.2484, Train Accuracy: 0.9650, Test Loss: 0.3022, Test Accuracy: 0.9471
Epoch 59/500 - Train Loss: 0.2277, Train Accuracy: 0.9725, Test Loss: 0.3024, Test Accuracy: 0.9441
Epoch 60/500 - Train Loss: 0.2266, Train Accuracy: 0.9800, Test Loss: 0.3030, Test Accuracy: 0.9462
Epoch 61/500 - Train Loss: 0.1959, Train Accuracy: 0.9850, Test Loss: 0.2999, Test Accuracy: 0.9432
Epoch 62/500 - Train Loss: 0.2159, Train Accuracy: 0.9775, Test Loss: 0.3031, Test Accuracy: 0.9423
Epoch 63/500 - Train Loss: 0.2154, Train Accuracy: 0.9875, Test Loss: 0.2996, Test Accuracy: 0.9449
Epoch 64/500 - Train Loss: 0.2232, Train Accuracy: 0.9825, Test Loss: 0.3003, Test Accuracy: 0.9454
Epoch 65/500 - Train Loss: 0.2157, Train Accuracy: 0.9725, Test Loss: 0.3005, Test Accuracy: 0.9449

Early stopping triggered at epoch 65
Best test loss: 0.2919
Best test accuracy: 0.9541
Plot saved as trained_models/Sweep_data run/metrics/loss.png
Plot saved as trained_models/Sweep_data run/metrics/metrics.png
