Using GPU 0: NVIDIA GeForce RTX 3090
Epoch 1/500 - Train Loss: 2.0742, Train Accuracy: 0.1875, Test Loss: 2.0151, Test Accuracy: 0.1381
Epoch 2/500 - Train Loss: 1.7819, Train Accuracy: 0.4225, Test Loss: 1.7787, Test Accuracy: 0.3654
Epoch 3/500 - Train Loss: 1.5628, Train Accuracy: 0.5975, Test Loss: 1.5562, Test Accuracy: 0.5913
Epoch 4/500 - Train Loss: 1.4131, Train Accuracy: 0.6850, Test Loss: 1.3868, Test Accuracy: 0.7102
Epoch 5/500 - Train Loss: 1.2829, Train Accuracy: 0.7425, Test Loss: 1.2512, Test Accuracy: 0.7810
Epoch 6/500 - Train Loss: 1.1889, Train Accuracy: 0.7875, Test Loss: 1.1466, Test Accuracy: 0.8156
Epoch 7/500 - Train Loss: 1.0550, Train Accuracy: 0.8450, Test Loss: 1.0688, Test Accuracy: 0.8435
Epoch 8/500 - Train Loss: 1.0005, Train Accuracy: 0.8700, Test Loss: 0.9899, Test Accuracy: 0.8658
Epoch 9/500 - Train Loss: 0.9390, Train Accuracy: 0.8675, Test Loss: 0.9218, Test Accuracy: 0.8807
Epoch 10/500 - Train Loss: 0.8581, Train Accuracy: 0.8900, Test Loss: 0.8605, Test Accuracy: 0.8899
Epoch 11/500 - Train Loss: 0.7910, Train Accuracy: 0.9175, Test Loss: 0.8050, Test Accuracy: 0.9008
Epoch 12/500 - Train Loss: 0.7784, Train Accuracy: 0.9275, Test Loss: 0.7595, Test Accuracy: 0.9156
Epoch 13/500 - Train Loss: 0.7356, Train Accuracy: 0.9200, Test Loss: 0.7214, Test Accuracy: 0.9165
Epoch 14/500 - Train Loss: 0.6857, Train Accuracy: 0.9300, Test Loss: 0.6823, Test Accuracy: 0.9253
Epoch 15/500 - Train Loss: 0.6417, Train Accuracy: 0.9450, Test Loss: 0.6557, Test Accuracy: 0.9248
Epoch 16/500 - Train Loss: 0.6219, Train Accuracy: 0.9350, Test Loss: 0.6242, Test Accuracy: 0.9292
Epoch 17/500 - Train Loss: 0.5853, Train Accuracy: 0.9500, Test Loss: 0.6047, Test Accuracy: 0.9318
Epoch 18/500 - Train Loss: 0.6031, Train Accuracy: 0.9250, Test Loss: 0.5837, Test Accuracy: 0.9331
Epoch 19/500 - Train Loss: 0.5714, Train Accuracy: 0.9475, Test Loss: 0.5713, Test Accuracy: 0.9358
Epoch 20/500 - Train Loss: 0.5535, Train Accuracy: 0.9300, Test Loss: 0.5624, Test Accuracy: 0.9366
Epoch 21/500 - Train Loss: 0.5564, Train Accuracy: 0.9325, Test Loss: 0.5480, Test Accuracy: 0.9388
Epoch 22/500 - Train Loss: 0.5258, Train Accuracy: 0.9575, Test Loss: 0.5366, Test Accuracy: 0.9436
Epoch 23/500 - Train Loss: 0.5335, Train Accuracy: 0.9450, Test Loss: 0.5322, Test Accuracy: 0.9406
Epoch 24/500 - Train Loss: 0.5162, Train Accuracy: 0.9525, Test Loss: 0.5204, Test Accuracy: 0.9476
Epoch 25/500 - Train Loss: 0.5016, Train Accuracy: 0.9700, Test Loss: 0.5166, Test Accuracy: 0.9414
Epoch 26/500 - Train Loss: 0.5068, Train Accuracy: 0.9475, Test Loss: 0.5201, Test Accuracy: 0.9392
Epoch 27/500 - Train Loss: 0.4795, Train Accuracy: 0.9675, Test Loss: 0.5061, Test Accuracy: 0.9432
Epoch 28/500 - Train Loss: 0.4781, Train Accuracy: 0.9550, Test Loss: 0.4969, Test Accuracy: 0.9449
Epoch 29/500 - Train Loss: 0.4568, Train Accuracy: 0.9700, Test Loss: 0.4945, Test Accuracy: 0.9471
Epoch 30/500 - Train Loss: 0.4468, Train Accuracy: 0.9600, Test Loss: 0.4889, Test Accuracy: 0.9489
Epoch 31/500 - Train Loss: 0.4461, Train Accuracy: 0.9725, Test Loss: 0.4918, Test Accuracy: 0.9423
Epoch 32/500 - Train Loss: 0.4588, Train Accuracy: 0.9625, Test Loss: 0.4841, Test Accuracy: 0.9467
Epoch 33/500 - Train Loss: 0.4577, Train Accuracy: 0.9650, Test Loss: 0.4809, Test Accuracy: 0.9471
Epoch 34/500 - Train Loss: 0.4225, Train Accuracy: 0.9875, Test Loss: 0.4791, Test Accuracy: 0.9441
Epoch 35/500 - Train Loss: 0.4568, Train Accuracy: 0.9575, Test Loss: 0.4815, Test Accuracy: 0.9454
Epoch 36/500 - Train Loss: 0.4327, Train Accuracy: 0.9750, Test Loss: 0.4792, Test Accuracy: 0.9471
Epoch 37/500 - Train Loss: 0.4176, Train Accuracy: 0.9850, Test Loss: 0.4762, Test Accuracy: 0.9497
Epoch 38/500 - Train Loss: 0.4300, Train Accuracy: 0.9625, Test Loss: 0.4787, Test Accuracy: 0.9454
Epoch 39/500 - Train Loss: 0.3897, Train Accuracy: 0.9900, Test Loss: 0.4670, Test Accuracy: 0.9519
Epoch 40/500 - Train Loss: 0.4314, Train Accuracy: 0.9650, Test Loss: 0.4654, Test Accuracy: 0.9524
Epoch 41/500 - Train Loss: 0.4044, Train Accuracy: 0.9700, Test Loss: 0.4693, Test Accuracy: 0.9497
Epoch 42/500 - Train Loss: 0.4162, Train Accuracy: 0.9775, Test Loss: 0.4687, Test Accuracy: 0.9506
Epoch 43/500 - Train Loss: 0.3837, Train Accuracy: 0.9825, Test Loss: 0.4647, Test Accuracy: 0.9497
Epoch 44/500 - Train Loss: 0.4033, Train Accuracy: 0.9900, Test Loss: 0.4691, Test Accuracy: 0.9493
Epoch 45/500 - Train Loss: 0.3874, Train Accuracy: 0.9900, Test Loss: 0.4696, Test Accuracy: 0.9445
Epoch 46/500 - Train Loss: 0.4019, Train Accuracy: 0.9700, Test Loss: 0.4585, Test Accuracy: 0.9476
Epoch 47/500 - Train Loss: 0.3905, Train Accuracy: 0.9800, Test Loss: 0.4681, Test Accuracy: 0.9467
Epoch 48/500 - Train Loss: 0.3925, Train Accuracy: 0.9775, Test Loss: 0.4724, Test Accuracy: 0.9436
Epoch 49/500 - Train Loss: 0.4200, Train Accuracy: 0.9700, Test Loss: 0.4721, Test Accuracy: 0.9432
Epoch 50/500 - Train Loss: 0.3860, Train Accuracy: 0.9850, Test Loss: 0.4724, Test Accuracy: 0.9410
Epoch 51/500 - Train Loss: 0.3692, Train Accuracy: 0.9900, Test Loss: 0.4718, Test Accuracy: 0.9419
Epoch 52/500 - Train Loss: 0.3754, Train Accuracy: 0.9850, Test Loss: 0.4642, Test Accuracy: 0.9458
Epoch 53/500 - Train Loss: 0.3809, Train Accuracy: 0.9875, Test Loss: 0.4589, Test Accuracy: 0.9519
Epoch 54/500 - Train Loss: 0.3873, Train Accuracy: 0.9825, Test Loss: 0.4587, Test Accuracy: 0.9506
Epoch 55/500 - Train Loss: 0.3960, Train Accuracy: 0.9800, Test Loss: 0.4603, Test Accuracy: 0.9502
Epoch 56/500 - Train Loss: 0.3701, Train Accuracy: 0.9900, Test Loss: 0.4644, Test Accuracy: 0.9462
Epoch 57/500 - Train Loss: 0.3721, Train Accuracy: 0.9875, Test Loss: 0.4712, Test Accuracy: 0.9419
Epoch 58/500 - Train Loss: 0.3726, Train Accuracy: 0.9850, Test Loss: 0.4657, Test Accuracy: 0.9449
Epoch 59/500 - Train Loss: 0.3721, Train Accuracy: 0.9825, Test Loss: 0.4706, Test Accuracy: 0.9441
Epoch 60/500 - Train Loss: 0.3689, Train Accuracy: 0.9875, Test Loss: 0.4638, Test Accuracy: 0.9467
Epoch 61/500 - Train Loss: 0.3633, Train Accuracy: 0.9900, Test Loss: 0.4600, Test Accuracy: 0.9484

Early stopping triggered at epoch 61
Best test loss: 0.4585
Best test accuracy: 0.9524
Plot saved as trained_models/Sweep_data run/metrics/loss.png
Plot saved as trained_models/Sweep_data run/metrics/metrics.png
