Using GPU 0: NVIDIA GeForce RTX 3090
Epoch 1/500 - Train Loss: 2.0677, Train Accuracy: 0.1150, Test Loss: 2.0232, Test Accuracy: 0.1656
Epoch 2/500 - Train Loss: 1.7960, Train Accuracy: 0.3950, Test Loss: 1.7387, Test Accuracy: 0.5079
Epoch 3/500 - Train Loss: 1.5604, Train Accuracy: 0.6075, Test Loss: 1.5483, Test Accuracy: 0.6115
Epoch 4/500 - Train Loss: 1.3775, Train Accuracy: 0.7375, Test Loss: 1.3948, Test Accuracy: 0.6936
Epoch 5/500 - Train Loss: 1.2062, Train Accuracy: 0.7825, Test Loss: 1.2418, Test Accuracy: 0.7548
Epoch 6/500 - Train Loss: 1.0784, Train Accuracy: 0.8100, Test Loss: 1.1110, Test Accuracy: 0.7915
Epoch 7/500 - Train Loss: 0.9267, Train Accuracy: 0.8375, Test Loss: 1.0191, Test Accuracy: 0.8068
Epoch 8/500 - Train Loss: 0.8567, Train Accuracy: 0.8625, Test Loss: 0.9241, Test Accuracy: 0.8295
Epoch 9/500 - Train Loss: 0.7439, Train Accuracy: 0.8725, Test Loss: 0.8314, Test Accuracy: 0.8457
Epoch 10/500 - Train Loss: 0.6994, Train Accuracy: 0.9025, Test Loss: 0.7557, Test Accuracy: 0.8628
Epoch 11/500 - Train Loss: 0.6305, Train Accuracy: 0.9100, Test Loss: 0.6902, Test Accuracy: 0.8684
Epoch 12/500 - Train Loss: 0.5871, Train Accuracy: 0.8925, Test Loss: 0.6492, Test Accuracy: 0.8698
Epoch 13/500 - Train Loss: 0.5630, Train Accuracy: 0.9300, Test Loss: 0.5981, Test Accuracy: 0.8859
Epoch 14/500 - Train Loss: 0.5201, Train Accuracy: 0.9275, Test Loss: 0.5614, Test Accuracy: 0.8951
Epoch 15/500 - Train Loss: 0.4926, Train Accuracy: 0.9325, Test Loss: 0.5304, Test Accuracy: 0.8990
Epoch 16/500 - Train Loss: 0.4761, Train Accuracy: 0.9150, Test Loss: 0.4984, Test Accuracy: 0.9069
Epoch 17/500 - Train Loss: 0.4299, Train Accuracy: 0.9400, Test Loss: 0.4776, Test Accuracy: 0.9139
Epoch 18/500 - Train Loss: 0.4056, Train Accuracy: 0.9250, Test Loss: 0.4467, Test Accuracy: 0.9235
Epoch 19/500 - Train Loss: 0.3824, Train Accuracy: 0.9550, Test Loss: 0.4380, Test Accuracy: 0.9161
Epoch 20/500 - Train Loss: 0.3678, Train Accuracy: 0.9550, Test Loss: 0.4329, Test Accuracy: 0.9143
Epoch 21/500 - Train Loss: 0.3830, Train Accuracy: 0.9350, Test Loss: 0.4235, Test Accuracy: 0.9156
Epoch 22/500 - Train Loss: 0.3675, Train Accuracy: 0.9575, Test Loss: 0.4108, Test Accuracy: 0.9240
Epoch 23/500 - Train Loss: 0.3380, Train Accuracy: 0.9475, Test Loss: 0.4025, Test Accuracy: 0.9244
Epoch 24/500 - Train Loss: 0.3053, Train Accuracy: 0.9575, Test Loss: 0.3943, Test Accuracy: 0.9266
Epoch 25/500 - Train Loss: 0.2787, Train Accuracy: 0.9775, Test Loss: 0.3818, Test Accuracy: 0.9261
Epoch 26/500 - Train Loss: 0.2930, Train Accuracy: 0.9675, Test Loss: 0.3815, Test Accuracy: 0.9309
Epoch 27/500 - Train Loss: 0.2824, Train Accuracy: 0.9750, Test Loss: 0.3702, Test Accuracy: 0.9309
Epoch 28/500 - Train Loss: 0.2852, Train Accuracy: 0.9675, Test Loss: 0.3693, Test Accuracy: 0.9309
Epoch 29/500 - Train Loss: 0.2705, Train Accuracy: 0.9725, Test Loss: 0.3684, Test Accuracy: 0.9296
Epoch 30/500 - Train Loss: 0.2641, Train Accuracy: 0.9700, Test Loss: 0.3601, Test Accuracy: 0.9288
Epoch 31/500 - Train Loss: 0.2534, Train Accuracy: 0.9800, Test Loss: 0.3710, Test Accuracy: 0.9235
Epoch 32/500 - Train Loss: 0.2445, Train Accuracy: 0.9800, Test Loss: 0.3660, Test Accuracy: 0.9288
Epoch 33/500 - Train Loss: 0.2625, Train Accuracy: 0.9675, Test Loss: 0.3549, Test Accuracy: 0.9323
Epoch 34/500 - Train Loss: 0.2434, Train Accuracy: 0.9775, Test Loss: 0.3534, Test Accuracy: 0.9292
Epoch 35/500 - Train Loss: 0.2412, Train Accuracy: 0.9750, Test Loss: 0.3509, Test Accuracy: 0.9274
Epoch 36/500 - Train Loss: 0.2292, Train Accuracy: 0.9825, Test Loss: 0.3627, Test Accuracy: 0.9218
Epoch 37/500 - Train Loss: 0.2259, Train Accuracy: 0.9800, Test Loss: 0.3628, Test Accuracy: 0.9191
Epoch 38/500 - Train Loss: 0.2109, Train Accuracy: 0.9925, Test Loss: 0.3419, Test Accuracy: 0.9292
Epoch 39/500 - Train Loss: 0.2340, Train Accuracy: 0.9825, Test Loss: 0.3384, Test Accuracy: 0.9323
Epoch 40/500 - Train Loss: 0.2163, Train Accuracy: 0.9875, Test Loss: 0.3407, Test Accuracy: 0.9288
Epoch 41/500 - Train Loss: 0.2332, Train Accuracy: 0.9825, Test Loss: 0.3368, Test Accuracy: 0.9309
Epoch 42/500 - Train Loss: 0.2197, Train Accuracy: 0.9825, Test Loss: 0.3390, Test Accuracy: 0.9309
Epoch 43/500 - Train Loss: 0.2146, Train Accuracy: 0.9850, Test Loss: 0.3209, Test Accuracy: 0.9358
Epoch 44/500 - Train Loss: 0.2124, Train Accuracy: 0.9875, Test Loss: 0.3352, Test Accuracy: 0.9323
Epoch 45/500 - Train Loss: 0.1932, Train Accuracy: 0.9925, Test Loss: 0.3283, Test Accuracy: 0.9349
Epoch 46/500 - Train Loss: 0.1955, Train Accuracy: 0.9950, Test Loss: 0.3351, Test Accuracy: 0.9318
Epoch 47/500 - Train Loss: 0.2038, Train Accuracy: 0.9900, Test Loss: 0.3267, Test Accuracy: 0.9371
Epoch 48/500 - Train Loss: 0.2007, Train Accuracy: 0.9875, Test Loss: 0.3316, Test Accuracy: 0.9340
Epoch 49/500 - Train Loss: 0.1928, Train Accuracy: 0.9900, Test Loss: 0.3313, Test Accuracy: 0.9349
Epoch 50/500 - Train Loss: 0.2030, Train Accuracy: 0.9850, Test Loss: 0.3278, Test Accuracy: 0.9375
Epoch 51/500 - Train Loss: 0.1954, Train Accuracy: 0.9875, Test Loss: 0.3402, Test Accuracy: 0.9305
Epoch 52/500 - Train Loss: 0.1817, Train Accuracy: 0.9925, Test Loss: 0.3424, Test Accuracy: 0.9279
Epoch 53/500 - Train Loss: 0.1939, Train Accuracy: 0.9850, Test Loss: 0.3426, Test Accuracy: 0.9261
Epoch 54/500 - Train Loss: 0.2124, Train Accuracy: 0.9875, Test Loss: 0.3354, Test Accuracy: 0.9296
Epoch 55/500 - Train Loss: 0.1919, Train Accuracy: 0.9950, Test Loss: 0.3433, Test Accuracy: 0.9261
Epoch 56/500 - Train Loss: 0.1925, Train Accuracy: 0.9875, Test Loss: 0.3430, Test Accuracy: 0.9253
Epoch 57/500 - Train Loss: 0.2107, Train Accuracy: 0.9850, Test Loss: 0.3625, Test Accuracy: 0.9231
Epoch 58/500 - Train Loss: 0.1769, Train Accuracy: 0.9950, Test Loss: 0.3528, Test Accuracy: 0.9261

Early stopping triggered at epoch 58
Best test loss: 0.3209
Best test accuracy: 0.9375
Plot saved as trained_models/Sweep_data run/metrics/loss.png
Plot saved as trained_models/Sweep_data run/metrics/metrics.png
