Using GPU 0: NVIDIA GeForce RTX 3090
Epoch 1/500 - Train Loss: 1.8218, Train Accuracy: 0.4075, Test Loss: 13.6822, Test Accuracy: 0.1355
Epoch 2/500 - Train Loss: 1.7378, Train Accuracy: 0.4400, Test Loss: 5.2197, Test Accuracy: 0.2177
Epoch 3/500 - Train Loss: 0.9224, Train Accuracy: 0.6950, Test Loss: 6.7548, Test Accuracy: 0.2185
Epoch 4/500 - Train Loss: 1.0603, Train Accuracy: 0.6550, Test Loss: 1.6976, Test Accuracy: 0.5612
Epoch 5/500 - Train Loss: 0.8519, Train Accuracy: 0.7100, Test Loss: 2.9725, Test Accuracy: 0.5074
Epoch 6/500 - Train Loss: 0.5921, Train Accuracy: 0.8175, Test Loss: 9.9416, Test Accuracy: 0.2277
Epoch 7/500 - Train Loss: 0.6967, Train Accuracy: 0.8025, Test Loss: 10.7461, Test Accuracy: 0.2819
Epoch 8/500 - Train Loss: 0.8593, Train Accuracy: 0.7075, Test Loss: 1.3249, Test Accuracy: 0.6184
Epoch 9/500 - Train Loss: 0.5791, Train Accuracy: 0.7950, Test Loss: 1.7525, Test Accuracy: 0.5437
Epoch 10/500 - Train Loss: 0.6691, Train Accuracy: 0.7700, Test Loss: 1.0032, Test Accuracy: 0.6923
Epoch 11/500 - Train Loss: 0.5258, Train Accuracy: 0.8325, Test Loss: 1.3228, Test Accuracy: 0.6202
Epoch 12/500 - Train Loss: 0.5062, Train Accuracy: 0.8475, Test Loss: 1.1936, Test Accuracy: 0.6477
Epoch 13/500 - Train Loss: 0.4754, Train Accuracy: 0.8500, Test Loss: 4.2693, Test Accuracy: 0.3059
Epoch 14/500 - Train Loss: 0.8662, Train Accuracy: 0.7500, Test Loss: 1.5472, Test Accuracy: 0.7089
Epoch 15/500 - Train Loss: 0.3505, Train Accuracy: 0.8925, Test Loss: 0.4966, Test Accuracy: 0.8562
Epoch 16/500 - Train Loss: 0.3691, Train Accuracy: 0.8950, Test Loss: 1.4808, Test Accuracy: 0.6731
Epoch 17/500 - Train Loss: 0.3314, Train Accuracy: 0.9000, Test Loss: 1.9271, Test Accuracy: 0.7356
Epoch 18/500 - Train Loss: 0.5034, Train Accuracy: 0.8425, Test Loss: 5.0989, Test Accuracy: 0.2906
Epoch 19/500 - Train Loss: 0.5650, Train Accuracy: 0.8175, Test Loss: 0.8755, Test Accuracy: 0.7491
Epoch 20/500 - Train Loss: 0.3026, Train Accuracy: 0.9325, Test Loss: 3.9731, Test Accuracy: 0.3737
Epoch 21/500 - Train Loss: 0.3759, Train Accuracy: 0.9000, Test Loss: 1.9563, Test Accuracy: 0.5922
Epoch 22/500 - Train Loss: 0.4121, Train Accuracy: 0.8725, Test Loss: 0.6845, Test Accuracy: 0.8142
Epoch 23/500 - Train Loss: 0.3134, Train Accuracy: 0.9100, Test Loss: 1.5163, Test Accuracy: 0.6066
Epoch 24/500 - Train Loss: 0.4174, Train Accuracy: 0.8825, Test Loss: 0.8299, Test Accuracy: 0.7972
Epoch 25/500 - Train Loss: 0.2530, Train Accuracy: 0.9400, Test Loss: 3.3055, Test Accuracy: 0.4952
Epoch 26/500 - Train Loss: 0.2760, Train Accuracy: 0.9325, Test Loss: 1.5290, Test Accuracy: 0.6608
Epoch 27/500 - Train Loss: 0.3352, Train Accuracy: 0.9100, Test Loss: 1.0329, Test Accuracy: 0.7111
Epoch 28/500 - Train Loss: 0.2989, Train Accuracy: 0.9175, Test Loss: 0.9365, Test Accuracy: 0.7522
Epoch 29/500 - Train Loss: 0.2653, Train Accuracy: 0.9375, Test Loss: 1.9250, Test Accuracy: 0.6167
Epoch 30/500 - Train Loss: 0.4346, Train Accuracy: 0.8800, Test Loss: 1.0658, Test Accuracy: 0.7094

Early stopping triggered at epoch 30
Best test loss: 0.4966
Best test accuracy: 0.8562
Plot saved as trained_models/Sweep run/metrics/loss.png
Plot saved as trained_models/Sweep run/metrics/metrics.png
