wandb: Starting wandb agent 🕵️
2026-01-10 19:51:51,751 - wandb.wandb_agent - INFO - Running runs: []
2026-01-10 19:51:52,067 - wandb.wandb_agent - INFO - Agent received command: run
2026-01-10 19:51:52,068 - wandb.wandb_agent - INFO - Agent starting run with config:
	affine: 0.35575841602912717
	blur: 0.5015773883792676
	brightness: 1.0527202630524657
	contrast: 0.6439631946063742
	crop: 0.028455390097480104
	crop_scale: 0.2591583861988956
	flip: 0.8660302946900842
	gaussian_blur_kernel: 5
	gaussian_noise_std: 2.9034544004272855
	grey: 0.07307330896715847
	hue: -0.09410614853631556
	jiggle: 0.15745737598996368
	rotate: 0.4834840744776372
	rotation: 7
	saturation: 1.333016024414844
	scale: 1.1566567564130557
	shear: 27
	translate_x: 0.00522435731185631
	translate_y: 0.08761680271420876
2026-01-10 19:51:52,071 - wandb.wandb_agent - INFO - About to run command: /usr/bin/env python train_data.py --affine=0.35575841602912717 --blur=0.5015773883792676 --brightness=1.0527202630524657 --contrast=0.6439631946063742 --crop=0.028455390097480104 --crop_scale=0.2591583861988956 --flip=0.8660302946900842 --gaussian_blur_kernel=5 --gaussian_noise_std=2.9034544004272855 --grey=0.07307330896715847 --hue=-0.09410614853631556 --jiggle=0.15745737598996368 --rotate=0.4834840744776372 --rotation=7 --saturation=1.333016024414844 --scale=1.1566567564130557 --shear=27 --translate_x=0.00522435731185631 --translate_y=0.08761680271420876
wandb: Currently logged in as: arnaumarcosalmansa (mcv-team-6) to https://api.wandb.ai. Use `wandb login --relogin` to force relogin
wandb: WARNING Ignoring project 'C3-Week3' when running a sweep.
wandb: WARNING Ignoring entity 'mcv-team-6' when running a sweep.
wandb: setting up run v55mu8an
2026-01-10 19:51:57,078 - wandb.wandb_agent - INFO - Running runs: ['v55mu8an']
wandb: Tracking run with wandb version 0.23.1
wandb: Run data is saved locally in /export/home/group06/workspace/project-team-6/Week3/wandb/run-20260110_195156-v55mu8an
wandb: Run `wandb offline` to turn off syncing.
wandb: Syncing run Sweep run
wandb: ⭐️ View project at https://wandb.ai/mcv-team-6/C3-Week3
wandb: 🧹 View sweep at https://wandb.ai/mcv-team-6/C3-Week3/sweeps/g5vb4edr
wandb: 🚀 View run at https://wandb.ai/mcv-team-6/C3-Week3/runs/v55mu8an
Traceback (most recent call last):
  File "/export/home/group06/workspace/project-team-6/Week3/train_data.py", line 61, in <module>
    ka.ColorJitter(brightness=cfg.brightness,
  File "/ghome/group06/miniconda3/envs/c3/lib/python3.12/site-packages/kornia/augmentation/_2d/intensity/color_jitter.py", line 105, in __init__
    self._param_generator = rg.ColorJitterGenerator(brightness, contrast, saturation, hue)
                            ^^^^^^^^^^^^^^^^^^^^^^^^^^^^^^^^^^^^^^^^^^^^^^^^^^^^^^^^^^^^^^
  File "/ghome/group06/miniconda3/envs/c3/lib/python3.12/site-packages/kornia/augmentation/random_generator/base.py", line 34, in __call__
    obj.__post_init__()
  File "/ghome/group06/miniconda3/envs/c3/lib/python3.12/site-packages/kornia/augmentation/random_generator/base.py", line 48, in __post_init__
    self.set_rng_device_and_dtype()
  File "/ghome/group06/miniconda3/envs/c3/lib/python3.12/site-packages/kornia/augmentation/random_generator/base.py", line 64, in set_rng_device_and_dtype
    self.make_samplers(device, dtype)
  File "/ghome/group06/miniconda3/envs/c3/lib/python3.12/site-packages/kornia/augmentation/random_generator/_2d/color_jitter.py", line 86, in make_samplers
    hue: Tensor = _range_bound(self.hue, "hue", bounds=(-0.5, 0.5), device=device, dtype=dtype)
                  ^^^^^^^^^^^^^^^^^^^^^^^^^^^^^^^^^^^^^^^^^^^^^^^^^^^^^^^^^^^^^^^^^^^^^^^^^^^^^
  File "/ghome/group06/miniconda3/envs/c3/lib/python3.12/site-packages/kornia/augmentation/utils/param_validation.py", line 53, in _range_bound
    raise ValueError(f"If {name} is a single number, it must be non negative. Got {factor}.")
ValueError: If hue is a single number, it must be non negative. Got -0.09410614520311356.
2026-01-10 19:52:02,213 - wandb.wandb_agent - INFO - Cleaning up finished run: v55mu8an
wandb: Terminating and syncing runs. Press ctrl-c to kill.
