Using GPU 0: NVIDIA GeForce RTX 3090
Epoch 1/500 - Train Loss: 2.1562, Train Accuracy: 0.1450, Test Loss: 2.1198, Test Accuracy: 0.1149
Epoch 2/500 - Train Loss: 1.9373, Train Accuracy: 0.2625, Test Loss: 1.9553, Test Accuracy: 0.2635
Epoch 3/500 - Train Loss: 1.7424, Train Accuracy: 0.4450, Test Loss: 1.7800, Test Accuracy: 0.3767
Epoch 4/500 - Train Loss: 1.5965, Train Accuracy: 0.5150, Test Loss: 1.6046, Test Accuracy: 0.5236
Epoch 5/500 - Train Loss: 1.4692, Train Accuracy: 0.6325, Test Loss: 1.4299, Test Accuracy: 0.6333
Epoch 6/500 - Train Loss: 1.2948, Train Accuracy: 0.7325, Test Loss: 1.2991, Test Accuracy: 0.7142
Epoch 7/500 - Train Loss: 1.2199, Train Accuracy: 0.7300, Test Loss: 1.1736, Test Accuracy: 0.7679
Epoch 8/500 - Train Loss: 1.0878, Train Accuracy: 0.8075, Test Loss: 1.0259, Test Accuracy: 0.8147
Epoch 9/500 - Train Loss: 0.9965, Train Accuracy: 0.7500, Test Loss: 0.9108, Test Accuracy: 0.8409
Epoch 10/500 - Train Loss: 0.9276, Train Accuracy: 0.8175, Test Loss: 0.8374, Test Accuracy: 0.8545
Epoch 11/500 - Train Loss: 0.8439, Train Accuracy: 0.8375, Test Loss: 0.7600, Test Accuracy: 0.8676
Epoch 12/500 - Train Loss: 0.7706, Train Accuracy: 0.8475, Test Loss: 0.7149, Test Accuracy: 0.8658
Epoch 13/500 - Train Loss: 0.7371, Train Accuracy: 0.8550, Test Loss: 0.6677, Test Accuracy: 0.8728
Epoch 14/500 - Train Loss: 0.6863, Train Accuracy: 0.8475, Test Loss: 0.6120, Test Accuracy: 0.8894
Epoch 15/500 - Train Loss: 0.6836, Train Accuracy: 0.8475, Test Loss: 0.5908, Test Accuracy: 0.8864
Epoch 16/500 - Train Loss: 0.6149, Train Accuracy: 0.8550, Test Loss: 0.5536, Test Accuracy: 0.8938
Epoch 17/500 - Train Loss: 0.6478, Train Accuracy: 0.8525, Test Loss: 0.5335, Test Accuracy: 0.8977
Epoch 18/500 - Train Loss: 0.6062, Train Accuracy: 0.8700, Test Loss: 0.4995, Test Accuracy: 0.9073
Epoch 19/500 - Train Loss: 0.5337, Train Accuracy: 0.8825, Test Loss: 0.4782, Test Accuracy: 0.9078
Epoch 20/500 - Train Loss: 0.5550, Train Accuracy: 0.8750, Test Loss: 0.4558, Test Accuracy: 0.9156
Epoch 21/500 - Train Loss: 0.5103, Train Accuracy: 0.8850, Test Loss: 0.4601, Test Accuracy: 0.9113
Epoch 22/500 - Train Loss: 0.4957, Train Accuracy: 0.9025, Test Loss: 0.4331, Test Accuracy: 0.9191
Epoch 23/500 - Train Loss: 0.5026, Train Accuracy: 0.9000, Test Loss: 0.4326, Test Accuracy: 0.9165
Epoch 24/500 - Train Loss: 0.4742, Train Accuracy: 0.9150, Test Loss: 0.4137, Test Accuracy: 0.9213
Epoch 25/500 - Train Loss: 0.4770, Train Accuracy: 0.9000, Test Loss: 0.4187, Test Accuracy: 0.9117
Epoch 26/500 - Train Loss: 0.4770, Train Accuracy: 0.9050, Test Loss: 0.4118, Test Accuracy: 0.9108
Epoch 27/500 - Train Loss: 0.4408, Train Accuracy: 0.9150, Test Loss: 0.4035, Test Accuracy: 0.9161
Epoch 28/500 - Train Loss: 0.4148, Train Accuracy: 0.9225, Test Loss: 0.3790, Test Accuracy: 0.9240
Epoch 29/500 - Train Loss: 0.4205, Train Accuracy: 0.9125, Test Loss: 0.3970, Test Accuracy: 0.9161
Epoch 30/500 - Train Loss: 0.3789, Train Accuracy: 0.9425, Test Loss: 0.3995, Test Accuracy: 0.9130
Epoch 31/500 - Train Loss: 0.3545, Train Accuracy: 0.9450, Test Loss: 0.3742, Test Accuracy: 0.9274
Epoch 32/500 - Train Loss: 0.3787, Train Accuracy: 0.9375, Test Loss: 0.3661, Test Accuracy: 0.9331
Epoch 33/500 - Train Loss: 0.3930, Train Accuracy: 0.9325, Test Loss: 0.3682, Test Accuracy: 0.9296
Epoch 34/500 - Train Loss: 0.3598, Train Accuracy: 0.9500, Test Loss: 0.3680, Test Accuracy: 0.9270
Epoch 35/500 - Train Loss: 0.3633, Train Accuracy: 0.9350, Test Loss: 0.3602, Test Accuracy: 0.9340
Epoch 36/500 - Train Loss: 0.3215, Train Accuracy: 0.9525, Test Loss: 0.3582, Test Accuracy: 0.9336
Epoch 37/500 - Train Loss: 0.3282, Train Accuracy: 0.9500, Test Loss: 0.3440, Test Accuracy: 0.9362
Epoch 38/500 - Train Loss: 0.3421, Train Accuracy: 0.9400, Test Loss: 0.3474, Test Accuracy: 0.9327
Epoch 39/500 - Train Loss: 0.3311, Train Accuracy: 0.9450, Test Loss: 0.3589, Test Accuracy: 0.9270
Epoch 40/500 - Train Loss: 0.3576, Train Accuracy: 0.9450, Test Loss: 0.3672, Test Accuracy: 0.9257
Epoch 41/500 - Train Loss: 0.2978, Train Accuracy: 0.9500, Test Loss: 0.3618, Test Accuracy: 0.9279
Epoch 42/500 - Train Loss: 0.2867, Train Accuracy: 0.9550, Test Loss: 0.3984, Test Accuracy: 0.9100
Epoch 43/500 - Train Loss: 0.3150, Train Accuracy: 0.9375, Test Loss: 0.3752, Test Accuracy: 0.9253
Epoch 44/500 - Train Loss: 0.3100, Train Accuracy: 0.9350, Test Loss: 0.3822, Test Accuracy: 0.9161
Epoch 45/500 - Train Loss: 0.2906, Train Accuracy: 0.9625, Test Loss: 0.3746, Test Accuracy: 0.9205
Epoch 46/500 - Train Loss: 0.2671, Train Accuracy: 0.9675, Test Loss: 0.3631, Test Accuracy: 0.9222
Epoch 47/500 - Train Loss: 0.2804, Train Accuracy: 0.9525, Test Loss: 0.3491, Test Accuracy: 0.9253
Epoch 48/500 - Train Loss: 0.3037, Train Accuracy: 0.9475, Test Loss: 0.3434, Test Accuracy: 0.9323
Epoch 49/500 - Train Loss: 0.2693, Train Accuracy: 0.9700, Test Loss: 0.3359, Test Accuracy: 0.9349
Epoch 50/500 - Train Loss: 0.3076, Train Accuracy: 0.9500, Test Loss: 0.3617, Test Accuracy: 0.9200
Epoch 51/500 - Train Loss: 0.2672, Train Accuracy: 0.9650, Test Loss: 0.3765, Test Accuracy: 0.9148
Epoch 52/500 - Train Loss: 0.2706, Train Accuracy: 0.9625, Test Loss: 0.3383, Test Accuracy: 0.9358
Epoch 53/500 - Train Loss: 0.3077, Train Accuracy: 0.9450, Test Loss: 0.3343, Test Accuracy: 0.9309
Epoch 54/500 - Train Loss: 0.2792, Train Accuracy: 0.9625, Test Loss: 0.3606, Test Accuracy: 0.9213
Epoch 55/500 - Train Loss: 0.2462, Train Accuracy: 0.9600, Test Loss: 0.3472, Test Accuracy: 0.9240
Epoch 56/500 - Train Loss: 0.2666, Train Accuracy: 0.9575, Test Loss: 0.3346, Test Accuracy: 0.9314
Epoch 57/500 - Train Loss: 0.3086, Train Accuracy: 0.9425, Test Loss: 0.3373, Test Accuracy: 0.9296
Epoch 58/500 - Train Loss: 0.2471, Train Accuracy: 0.9725, Test Loss: 0.3415, Test Accuracy: 0.9283
Epoch 59/500 - Train Loss: 0.2758, Train Accuracy: 0.9600, Test Loss: 0.3540, Test Accuracy: 0.9222
Epoch 60/500 - Train Loss: 0.2726, Train Accuracy: 0.9675, Test Loss: 0.3463, Test Accuracy: 0.9183
Epoch 61/500 - Train Loss: 0.2664, Train Accuracy: 0.9700, Test Loss: 0.3493, Test Accuracy: 0.9213
Epoch 62/500 - Train Loss: 0.2587, Train Accuracy: 0.9650, Test Loss: 0.3343, Test Accuracy: 0.9309
Epoch 63/500 - Train Loss: 0.2210, Train Accuracy: 0.9875, Test Loss: 0.3325, Test Accuracy: 0.9358
Epoch 64/500 - Train Loss: 0.2596, Train Accuracy: 0.9650, Test Loss: 0.3399, Test Accuracy: 0.9292
Epoch 65/500 - Train Loss: 0.2558, Train Accuracy: 0.9725, Test Loss: 0.3434, Test Accuracy: 0.9248
Epoch 66/500 - Train Loss: 0.2184, Train Accuracy: 0.9750, Test Loss: 0.3276, Test Accuracy: 0.9314
Epoch 67/500 - Train Loss: 0.2034, Train Accuracy: 0.9800, Test Loss: 0.3263, Test Accuracy: 0.9375
Epoch 68/500 - Train Loss: 0.2602, Train Accuracy: 0.9775, Test Loss: 0.3310, Test Accuracy: 0.9323
Epoch 69/500 - Train Loss: 0.2452, Train Accuracy: 0.9700, Test Loss: 0.3405, Test Accuracy: 0.9314
Epoch 70/500 - Train Loss: 0.2451, Train Accuracy: 0.9775, Test Loss: 0.3291, Test Accuracy: 0.9358
Epoch 71/500 - Train Loss: 0.2129, Train Accuracy: 0.9875, Test Loss: 0.3279, Test Accuracy: 0.9371
Epoch 72/500 - Train Loss: 0.2421, Train Accuracy: 0.9675, Test Loss: 0.3433, Test Accuracy: 0.9309
Epoch 73/500 - Train Loss: 0.2289, Train Accuracy: 0.9750, Test Loss: 0.3634, Test Accuracy: 0.9191
Epoch 74/500 - Train Loss: 0.2324, Train Accuracy: 0.9725, Test Loss: 0.3505, Test Accuracy: 0.9226
Epoch 75/500 - Train Loss: 0.2484, Train Accuracy: 0.9700, Test Loss: 0.3312, Test Accuracy: 0.9305
Epoch 76/500 - Train Loss: 0.2473, Train Accuracy: 0.9650, Test Loss: 0.3229, Test Accuracy: 0.9353
Epoch 77/500 - Train Loss: 0.2313, Train Accuracy: 0.9750, Test Loss: 0.3324, Test Accuracy: 0.9274
Epoch 78/500 - Train Loss: 0.1999, Train Accuracy: 0.9825, Test Loss: 0.3332, Test Accuracy: 0.9288
Epoch 79/500 - Train Loss: 0.2227, Train Accuracy: 0.9725, Test Loss: 0.3481, Test Accuracy: 0.9231
Epoch 80/500 - Train Loss: 0.2530, Train Accuracy: 0.9625, Test Loss: 0.3381, Test Accuracy: 0.9288
Epoch 81/500 - Train Loss: 0.2077, Train Accuracy: 0.9850, Test Loss: 0.3401, Test Accuracy: 0.9296
Epoch 82/500 - Train Loss: 0.2545, Train Accuracy: 0.9650, Test Loss: 0.3379, Test Accuracy: 0.9305
Epoch 83/500 - Train Loss: 0.2169, Train Accuracy: 0.9725, Test Loss: 0.3384, Test Accuracy: 0.9270
Epoch 84/500 - Train Loss: 0.2090, Train Accuracy: 0.9850, Test Loss: 0.3334, Test Accuracy: 0.9314
Epoch 85/500 - Train Loss: 0.2353, Train Accuracy: 0.9725, Test Loss: 0.3432, Test Accuracy: 0.9244
Epoch 86/500 - Train Loss: 0.2320, Train Accuracy: 0.9650, Test Loss: 0.3482, Test Accuracy: 0.9196
Epoch 87/500 - Train Loss: 0.2131, Train Accuracy: 0.9800, Test Loss: 0.3516, Test Accuracy: 0.9200
Epoch 88/500 - Train Loss: 0.2295, Train Accuracy: 0.9775, Test Loss: 0.3422, Test Accuracy: 0.9274
Epoch 89/500 - Train Loss: 0.2112, Train Accuracy: 0.9750, Test Loss: 0.3313, Test Accuracy: 0.9323
Epoch 90/500 - Train Loss: 0.2460, Train Accuracy: 0.9650, Test Loss: 0.3471, Test Accuracy: 0.9187
Epoch 91/500 - Train Loss: 0.2085, Train Accuracy: 0.9850, Test Loss: 0.3406, Test Accuracy: 0.9196

Early stopping triggered at epoch 91
Best test loss: 0.3229
Best test accuracy: 0.9375
Plot saved as trained_models/Sweep_data run/metrics/loss.png
Plot saved as trained_models/Sweep_data run/metrics/metrics.png
