Using GPU 0: NVIDIA GeForce RTX 3090
Epoch 1/500 - Train Loss: 2.0707, Train Accuracy: 0.1725, Test Loss: 1.9824, Test Accuracy: 0.2863
Epoch 2/500 - Train Loss: 1.8426, Train Accuracy: 0.3300, Test Loss: 1.7535, Test Accuracy: 0.4559
Epoch 3/500 - Train Loss: 1.6956, Train Accuracy: 0.4475, Test Loss: 1.5644, Test Accuracy: 0.5870
Epoch 4/500 - Train Loss: 1.5321, Train Accuracy: 0.6350, Test Loss: 1.4056, Test Accuracy: 0.6971
Epoch 5/500 - Train Loss: 1.4211, Train Accuracy: 0.7025, Test Loss: 1.2835, Test Accuracy: 0.7788
Epoch 6/500 - Train Loss: 1.3433, Train Accuracy: 0.7325, Test Loss: 1.1719, Test Accuracy: 0.8230
Epoch 7/500 - Train Loss: 1.2256, Train Accuracy: 0.8000, Test Loss: 1.0867, Test Accuracy: 0.8575
Epoch 8/500 - Train Loss: 1.1724, Train Accuracy: 0.8075, Test Loss: 1.0098, Test Accuracy: 0.8824
Epoch 9/500 - Train Loss: 1.1022, Train Accuracy: 0.8225, Test Loss: 0.9448, Test Accuracy: 0.8894
Epoch 10/500 - Train Loss: 1.0683, Train Accuracy: 0.8050, Test Loss: 0.8858, Test Accuracy: 0.8977
Epoch 11/500 - Train Loss: 1.0013, Train Accuracy: 0.8475, Test Loss: 0.8345, Test Accuracy: 0.9078
Epoch 12/500 - Train Loss: 0.9397, Train Accuracy: 0.8525, Test Loss: 0.7933, Test Accuracy: 0.9113
Epoch 13/500 - Train Loss: 0.9043, Train Accuracy: 0.8725, Test Loss: 0.7561, Test Accuracy: 0.9135
Epoch 14/500 - Train Loss: 0.8458, Train Accuracy: 0.8950, Test Loss: 0.7235, Test Accuracy: 0.9161
Epoch 15/500 - Train Loss: 0.8359, Train Accuracy: 0.8600, Test Loss: 0.6914, Test Accuracy: 0.9222
Epoch 16/500 - Train Loss: 0.8111, Train Accuracy: 0.8675, Test Loss: 0.6654, Test Accuracy: 0.9205
Epoch 17/500 - Train Loss: 0.7234, Train Accuracy: 0.9175, Test Loss: 0.6421, Test Accuracy: 0.9226
Epoch 18/500 - Train Loss: 0.7025, Train Accuracy: 0.9025, Test Loss: 0.6163, Test Accuracy: 0.9244
Epoch 19/500 - Train Loss: 0.7284, Train Accuracy: 0.9050, Test Loss: 0.5965, Test Accuracy: 0.9314
Epoch 20/500 - Train Loss: 0.6838, Train Accuracy: 0.9025, Test Loss: 0.5846, Test Accuracy: 0.9292
Epoch 21/500 - Train Loss: 0.6708, Train Accuracy: 0.9025, Test Loss: 0.5726, Test Accuracy: 0.9305
Epoch 22/500 - Train Loss: 0.6777, Train Accuracy: 0.8975, Test Loss: 0.5569, Test Accuracy: 0.9314
Epoch 23/500 - Train Loss: 0.6331, Train Accuracy: 0.9025, Test Loss: 0.5503, Test Accuracy: 0.9331
Epoch 24/500 - Train Loss: 0.6167, Train Accuracy: 0.9325, Test Loss: 0.5408, Test Accuracy: 0.9344
Epoch 25/500 - Train Loss: 0.5759, Train Accuracy: 0.9475, Test Loss: 0.5350, Test Accuracy: 0.9331
Epoch 26/500 - Train Loss: 0.6000, Train Accuracy: 0.9175, Test Loss: 0.5275, Test Accuracy: 0.9353
Epoch 27/500 - Train Loss: 0.5692, Train Accuracy: 0.9150, Test Loss: 0.5256, Test Accuracy: 0.9349
Epoch 28/500 - Train Loss: 0.5668, Train Accuracy: 0.9225, Test Loss: 0.5218, Test Accuracy: 0.9327
Epoch 29/500 - Train Loss: 0.5899, Train Accuracy: 0.9175, Test Loss: 0.5166, Test Accuracy: 0.9318
Epoch 30/500 - Train Loss: 0.5616, Train Accuracy: 0.9225, Test Loss: 0.5138, Test Accuracy: 0.9344
Epoch 31/500 - Train Loss: 0.5549, Train Accuracy: 0.9325, Test Loss: 0.5122, Test Accuracy: 0.9344
Epoch 32/500 - Train Loss: 0.5214, Train Accuracy: 0.9475, Test Loss: 0.5112, Test Accuracy: 0.9371
Epoch 33/500 - Train Loss: 0.5237, Train Accuracy: 0.9475, Test Loss: 0.5046, Test Accuracy: 0.9353
Epoch 34/500 - Train Loss: 0.5277, Train Accuracy: 0.9200, Test Loss: 0.4957, Test Accuracy: 0.9371
Epoch 35/500 - Train Loss: 0.5287, Train Accuracy: 0.9425, Test Loss: 0.4948, Test Accuracy: 0.9379
Epoch 36/500 - Train Loss: 0.4836, Train Accuracy: 0.9600, Test Loss: 0.4922, Test Accuracy: 0.9379
Epoch 37/500 - Train Loss: 0.5056, Train Accuracy: 0.9400, Test Loss: 0.4890, Test Accuracy: 0.9375
Epoch 38/500 - Train Loss: 0.4958, Train Accuracy: 0.9600, Test Loss: 0.4872, Test Accuracy: 0.9406
Epoch 39/500 - Train Loss: 0.5429, Train Accuracy: 0.9250, Test Loss: 0.4878, Test Accuracy: 0.9379
Epoch 40/500 - Train Loss: 0.5053, Train Accuracy: 0.9450, Test Loss: 0.4860, Test Accuracy: 0.9414
Epoch 41/500 - Train Loss: 0.4885, Train Accuracy: 0.9600, Test Loss: 0.4854, Test Accuracy: 0.9419
Epoch 42/500 - Train Loss: 0.4770, Train Accuracy: 0.9600, Test Loss: 0.4869, Test Accuracy: 0.9410
Epoch 43/500 - Train Loss: 0.4876, Train Accuracy: 0.9425, Test Loss: 0.4814, Test Accuracy: 0.9410
Epoch 44/500 - Train Loss: 0.4717, Train Accuracy: 0.9575, Test Loss: 0.4837, Test Accuracy: 0.9388
Epoch 45/500 - Train Loss: 0.4484, Train Accuracy: 0.9575, Test Loss: 0.4841, Test Accuracy: 0.9384
Epoch 46/500 - Train Loss: 0.4737, Train Accuracy: 0.9600, Test Loss: 0.4796, Test Accuracy: 0.9375
Epoch 47/500 - Train Loss: 0.4597, Train Accuracy: 0.9675, Test Loss: 0.4752, Test Accuracy: 0.9423
Epoch 48/500 - Train Loss: 0.4426, Train Accuracy: 0.9650, Test Loss: 0.4737, Test Accuracy: 0.9419
Epoch 49/500 - Train Loss: 0.4865, Train Accuracy: 0.9275, Test Loss: 0.4782, Test Accuracy: 0.9401
Epoch 50/500 - Train Loss: 0.4519, Train Accuracy: 0.9475, Test Loss: 0.4760, Test Accuracy: 0.9410
Epoch 51/500 - Train Loss: 0.4749, Train Accuracy: 0.9525, Test Loss: 0.4752, Test Accuracy: 0.9419
Epoch 52/500 - Train Loss: 0.4717, Train Accuracy: 0.9575, Test Loss: 0.4756, Test Accuracy: 0.9427
Epoch 53/500 - Train Loss: 0.4430, Train Accuracy: 0.9625, Test Loss: 0.4722, Test Accuracy: 0.9445
Epoch 54/500 - Train Loss: 0.4465, Train Accuracy: 0.9675, Test Loss: 0.4808, Test Accuracy: 0.9401
Epoch 55/500 - Train Loss: 0.4392, Train Accuracy: 0.9650, Test Loss: 0.4723, Test Accuracy: 0.9406
Epoch 56/500 - Train Loss: 0.4206, Train Accuracy: 0.9700, Test Loss: 0.4713, Test Accuracy: 0.9445
Epoch 57/500 - Train Loss: 0.4174, Train Accuracy: 0.9725, Test Loss: 0.4721, Test Accuracy: 0.9432
Epoch 58/500 - Train Loss: 0.4548, Train Accuracy: 0.9500, Test Loss: 0.4742, Test Accuracy: 0.9401
Epoch 59/500 - Train Loss: 0.4174, Train Accuracy: 0.9675, Test Loss: 0.4714, Test Accuracy: 0.9427
Epoch 60/500 - Train Loss: 0.4331, Train Accuracy: 0.9650, Test Loss: 0.4697, Test Accuracy: 0.9410
Epoch 61/500 - Train Loss: 0.4134, Train Accuracy: 0.9800, Test Loss: 0.4669, Test Accuracy: 0.9436
Epoch 62/500 - Train Loss: 0.4165, Train Accuracy: 0.9650, Test Loss: 0.4703, Test Accuracy: 0.9427
Epoch 63/500 - Train Loss: 0.4070, Train Accuracy: 0.9775, Test Loss: 0.4693, Test Accuracy: 0.9423
Epoch 64/500 - Train Loss: 0.4311, Train Accuracy: 0.9550, Test Loss: 0.4677, Test Accuracy: 0.9401
Epoch 65/500 - Train Loss: 0.4247, Train Accuracy: 0.9550, Test Loss: 0.4701, Test Accuracy: 0.9419
Epoch 66/500 - Train Loss: 0.3975, Train Accuracy: 0.9750, Test Loss: 0.4704, Test Accuracy: 0.9414
Epoch 67/500 - Train Loss: 0.4021, Train Accuracy: 0.9675, Test Loss: 0.4686, Test Accuracy: 0.9441
Epoch 68/500 - Train Loss: 0.4137, Train Accuracy: 0.9650, Test Loss: 0.4701, Test Accuracy: 0.9397
Epoch 69/500 - Train Loss: 0.4259, Train Accuracy: 0.9550, Test Loss: 0.4731, Test Accuracy: 0.9406
Epoch 70/500 - Train Loss: 0.4172, Train Accuracy: 0.9575, Test Loss: 0.4647, Test Accuracy: 0.9419
Epoch 71/500 - Train Loss: 0.4153, Train Accuracy: 0.9700, Test Loss: 0.4655, Test Accuracy: 0.9458
Epoch 72/500 - Train Loss: 0.3993, Train Accuracy: 0.9800, Test Loss: 0.4682, Test Accuracy: 0.9414
Epoch 73/500 - Train Loss: 0.4092, Train Accuracy: 0.9775, Test Loss: 0.4653, Test Accuracy: 0.9432
Epoch 74/500 - Train Loss: 0.4074, Train Accuracy: 0.9575, Test Loss: 0.4673, Test Accuracy: 0.9410
Epoch 75/500 - Train Loss: 0.3979, Train Accuracy: 0.9850, Test Loss: 0.4722, Test Accuracy: 0.9392
Epoch 76/500 - Train Loss: 0.3921, Train Accuracy: 0.9825, Test Loss: 0.4652, Test Accuracy: 0.9419
Epoch 77/500 - Train Loss: 0.4036, Train Accuracy: 0.9625, Test Loss: 0.4645, Test Accuracy: 0.9423
Epoch 78/500 - Train Loss: 0.3819, Train Accuracy: 0.9850, Test Loss: 0.4706, Test Accuracy: 0.9388
Epoch 79/500 - Train Loss: 0.4130, Train Accuracy: 0.9650, Test Loss: 0.4719, Test Accuracy: 0.9410
Epoch 80/500 - Train Loss: 0.3938, Train Accuracy: 0.9650, Test Loss: 0.4687, Test Accuracy: 0.9410
Epoch 81/500 - Train Loss: 0.4294, Train Accuracy: 0.9575, Test Loss: 0.4697, Test Accuracy: 0.9410
Epoch 82/500 - Train Loss: 0.3972, Train Accuracy: 0.9725, Test Loss: 0.4671, Test Accuracy: 0.9401
Epoch 83/500 - Train Loss: 0.3992, Train Accuracy: 0.9750, Test Loss: 0.4687, Test Accuracy: 0.9397
Epoch 84/500 - Train Loss: 0.4002, Train Accuracy: 0.9650, Test Loss: 0.4668, Test Accuracy: 0.9414
Epoch 85/500 - Train Loss: 0.3746, Train Accuracy: 0.9875, Test Loss: 0.4647, Test Accuracy: 0.9436

Early stopping triggered at epoch 85
Best test loss: 0.4645
Best test accuracy: 0.9458
Plot saved as trained_models/Sweep_data run/metrics/loss.png
Plot saved as trained_models/Sweep_data run/metrics/metrics.png
