Using GPU 0: NVIDIA GeForce RTX 3090
Epoch 1/500 - Train Loss: 2.0705, Train Accuracy: 0.1575, Test Loss: 2.0304, Test Accuracy: 0.2142
Epoch 2/500 - Train Loss: 1.8657, Train Accuracy: 0.3025, Test Loss: 1.7740, Test Accuracy: 0.4349
Epoch 3/500 - Train Loss: 1.6996, Train Accuracy: 0.4850, Test Loss: 1.5091, Test Accuracy: 0.6490
Epoch 4/500 - Train Loss: 1.5093, Train Accuracy: 0.6200, Test Loss: 1.3018, Test Accuracy: 0.7592
Epoch 5/500 - Train Loss: 1.3875, Train Accuracy: 0.6925, Test Loss: 1.1260, Test Accuracy: 0.8090
Epoch 6/500 - Train Loss: 1.2656, Train Accuracy: 0.7250, Test Loss: 0.9849, Test Accuracy: 0.8444
Epoch 7/500 - Train Loss: 1.1214, Train Accuracy: 0.7975, Test Loss: 0.8601, Test Accuracy: 0.8715
Epoch 8/500 - Train Loss: 0.9678, Train Accuracy: 0.8350, Test Loss: 0.7605, Test Accuracy: 0.8798
Epoch 9/500 - Train Loss: 0.8734, Train Accuracy: 0.8600, Test Loss: 0.6797, Test Accuracy: 0.8916
Epoch 10/500 - Train Loss: 0.8028, Train Accuracy: 0.8450, Test Loss: 0.6100, Test Accuracy: 0.9073
Epoch 11/500 - Train Loss: 0.7712, Train Accuracy: 0.8550, Test Loss: 0.5503, Test Accuracy: 0.9161
Epoch 12/500 - Train Loss: 0.6832, Train Accuracy: 0.8875, Test Loss: 0.5081, Test Accuracy: 0.9231
Epoch 13/500 - Train Loss: 0.6392, Train Accuracy: 0.8925, Test Loss: 0.4774, Test Accuracy: 0.9261
Epoch 14/500 - Train Loss: 0.6123, Train Accuracy: 0.8950, Test Loss: 0.4521, Test Accuracy: 0.9296
Epoch 15/500 - Train Loss: 0.5839, Train Accuracy: 0.8950, Test Loss: 0.4329, Test Accuracy: 0.9314
Epoch 16/500 - Train Loss: 0.5362, Train Accuracy: 0.9150, Test Loss: 0.4154, Test Accuracy: 0.9318
Epoch 17/500 - Train Loss: 0.5003, Train Accuracy: 0.9200, Test Loss: 0.3954, Test Accuracy: 0.9375
Epoch 18/500 - Train Loss: 0.4989, Train Accuracy: 0.9050, Test Loss: 0.3812, Test Accuracy: 0.9384
Epoch 19/500 - Train Loss: 0.4917, Train Accuracy: 0.9100, Test Loss: 0.3655, Test Accuracy: 0.9454
Epoch 20/500 - Train Loss: 0.4156, Train Accuracy: 0.9200, Test Loss: 0.3554, Test Accuracy: 0.9467
Epoch 21/500 - Train Loss: 0.4591, Train Accuracy: 0.9200, Test Loss: 0.3500, Test Accuracy: 0.9419
Epoch 22/500 - Train Loss: 0.4851, Train Accuracy: 0.9000, Test Loss: 0.3500, Test Accuracy: 0.9410
Epoch 23/500 - Train Loss: 0.4206, Train Accuracy: 0.9300, Test Loss: 0.3447, Test Accuracy: 0.9419
Epoch 24/500 - Train Loss: 0.3964, Train Accuracy: 0.9400, Test Loss: 0.3348, Test Accuracy: 0.9427
Epoch 25/500 - Train Loss: 0.3625, Train Accuracy: 0.9475, Test Loss: 0.3239, Test Accuracy: 0.9445
Epoch 26/500 - Train Loss: 0.3705, Train Accuracy: 0.9300, Test Loss: 0.3196, Test Accuracy: 0.9467
Epoch 27/500 - Train Loss: 0.3924, Train Accuracy: 0.9175, Test Loss: 0.3161, Test Accuracy: 0.9467
Epoch 28/500 - Train Loss: 0.3545, Train Accuracy: 0.9300, Test Loss: 0.3231, Test Accuracy: 0.9432
Epoch 29/500 - Train Loss: 0.3554, Train Accuracy: 0.9325, Test Loss: 0.3182, Test Accuracy: 0.9445
Epoch 30/500 - Train Loss: 0.3459, Train Accuracy: 0.9425, Test Loss: 0.3185, Test Accuracy: 0.9414
Epoch 31/500 - Train Loss: 0.3005, Train Accuracy: 0.9625, Test Loss: 0.3141, Test Accuracy: 0.9458
Epoch 32/500 - Train Loss: 0.3534, Train Accuracy: 0.9350, Test Loss: 0.3088, Test Accuracy: 0.9441
Epoch 33/500 - Train Loss: 0.2965, Train Accuracy: 0.9675, Test Loss: 0.3076, Test Accuracy: 0.9445
Epoch 34/500 - Train Loss: 0.2954, Train Accuracy: 0.9575, Test Loss: 0.3070, Test Accuracy: 0.9480
Epoch 35/500 - Train Loss: 0.2833, Train Accuracy: 0.9675, Test Loss: 0.3136, Test Accuracy: 0.9445
Epoch 36/500 - Train Loss: 0.2726, Train Accuracy: 0.9700, Test Loss: 0.3070, Test Accuracy: 0.9454
Epoch 37/500 - Train Loss: 0.2780, Train Accuracy: 0.9625, Test Loss: 0.3071, Test Accuracy: 0.9432
Epoch 38/500 - Train Loss: 0.2616, Train Accuracy: 0.9700, Test Loss: 0.3156, Test Accuracy: 0.9388
Epoch 39/500 - Train Loss: 0.2976, Train Accuracy: 0.9625, Test Loss: 0.3144, Test Accuracy: 0.9414
Epoch 40/500 - Train Loss: 0.2796, Train Accuracy: 0.9650, Test Loss: 0.3099, Test Accuracy: 0.9432
Epoch 41/500 - Train Loss: 0.2746, Train Accuracy: 0.9675, Test Loss: 0.3108, Test Accuracy: 0.9441
Epoch 42/500 - Train Loss: 0.2489, Train Accuracy: 0.9800, Test Loss: 0.3036, Test Accuracy: 0.9476
Epoch 43/500 - Train Loss: 0.2289, Train Accuracy: 0.9800, Test Loss: 0.3034, Test Accuracy: 0.9471
Epoch 44/500 - Train Loss: 0.2894, Train Accuracy: 0.9550, Test Loss: 0.3041, Test Accuracy: 0.9449
Epoch 45/500 - Train Loss: 0.2595, Train Accuracy: 0.9750, Test Loss: 0.3018, Test Accuracy: 0.9476
Epoch 46/500 - Train Loss: 0.2448, Train Accuracy: 0.9725, Test Loss: 0.3018, Test Accuracy: 0.9467
Epoch 47/500 - Train Loss: 0.2404, Train Accuracy: 0.9650, Test Loss: 0.3024, Test Accuracy: 0.9480
Epoch 48/500 - Train Loss: 0.2358, Train Accuracy: 0.9650, Test Loss: 0.3042, Test Accuracy: 0.9467
Epoch 49/500 - Train Loss: 0.2357, Train Accuracy: 0.9775, Test Loss: 0.3024, Test Accuracy: 0.9493
Epoch 50/500 - Train Loss: 0.2528, Train Accuracy: 0.9600, Test Loss: 0.3084, Test Accuracy: 0.9449
Epoch 51/500 - Train Loss: 0.2394, Train Accuracy: 0.9725, Test Loss: 0.3145, Test Accuracy: 0.9414
Epoch 52/500 - Train Loss: 0.2431, Train Accuracy: 0.9700, Test Loss: 0.3071, Test Accuracy: 0.9432
Epoch 53/500 - Train Loss: 0.2493, Train Accuracy: 0.9625, Test Loss: 0.3187, Test Accuracy: 0.9358
Epoch 54/500 - Train Loss: 0.2148, Train Accuracy: 0.9875, Test Loss: 0.3165, Test Accuracy: 0.9397
Epoch 55/500 - Train Loss: 0.2169, Train Accuracy: 0.9775, Test Loss: 0.3047, Test Accuracy: 0.9454
Epoch 56/500 - Train Loss: 0.2135, Train Accuracy: 0.9825, Test Loss: 0.3010, Test Accuracy: 0.9471
Epoch 57/500 - Train Loss: 0.2308, Train Accuracy: 0.9700, Test Loss: 0.2990, Test Accuracy: 0.9493
Epoch 58/500 - Train Loss: 0.2397, Train Accuracy: 0.9775, Test Loss: 0.3074, Test Accuracy: 0.9467
Epoch 59/500 - Train Loss: 0.2419, Train Accuracy: 0.9625, Test Loss: 0.3148, Test Accuracy: 0.9366
Epoch 60/500 - Train Loss: 0.2486, Train Accuracy: 0.9725, Test Loss: 0.3040, Test Accuracy: 0.9423
Epoch 61/500 - Train Loss: 0.2204, Train Accuracy: 0.9800, Test Loss: 0.3092, Test Accuracy: 0.9375
Epoch 62/500 - Train Loss: 0.2351, Train Accuracy: 0.9675, Test Loss: 0.3134, Test Accuracy: 0.9397
Epoch 63/500 - Train Loss: 0.2369, Train Accuracy: 0.9625, Test Loss: 0.3060, Test Accuracy: 0.9454
Epoch 64/500 - Train Loss: 0.2365, Train Accuracy: 0.9750, Test Loss: 0.3027, Test Accuracy: 0.9489
Epoch 65/500 - Train Loss: 0.2172, Train Accuracy: 0.9825, Test Loss: 0.3060, Test Accuracy: 0.9436
Epoch 66/500 - Train Loss: 0.2146, Train Accuracy: 0.9800, Test Loss: 0.2975, Test Accuracy: 0.9476
Epoch 67/500 - Train Loss: 0.2175, Train Accuracy: 0.9850, Test Loss: 0.2945, Test Accuracy: 0.9515
Epoch 68/500 - Train Loss: 0.2052, Train Accuracy: 0.9825, Test Loss: 0.2978, Test Accuracy: 0.9467
Epoch 69/500 - Train Loss: 0.2277, Train Accuracy: 0.9775, Test Loss: 0.3058, Test Accuracy: 0.9454
Epoch 70/500 - Train Loss: 0.2147, Train Accuracy: 0.9900, Test Loss: 0.3029, Test Accuracy: 0.9462
Epoch 71/500 - Train Loss: 0.2113, Train Accuracy: 0.9750, Test Loss: 0.3089, Test Accuracy: 0.9414
Epoch 72/500 - Train Loss: 0.2299, Train Accuracy: 0.9650, Test Loss: 0.3001, Test Accuracy: 0.9471
Epoch 73/500 - Train Loss: 0.1940, Train Accuracy: 0.9800, Test Loss: 0.2995, Test Accuracy: 0.9467
Epoch 74/500 - Train Loss: 0.2067, Train Accuracy: 0.9825, Test Loss: 0.2994, Test Accuracy: 0.9436
Epoch 75/500 - Train Loss: 0.1932, Train Accuracy: 0.9875, Test Loss: 0.2999, Test Accuracy: 0.9467
Epoch 76/500 - Train Loss: 0.2063, Train Accuracy: 0.9800, Test Loss: 0.3040, Test Accuracy: 0.9441
Epoch 77/500 - Train Loss: 0.1973, Train Accuracy: 0.9850, Test Loss: 0.3069, Test Accuracy: 0.9406
Epoch 78/500 - Train Loss: 0.1931, Train Accuracy: 0.9825, Test Loss: 0.2987, Test Accuracy: 0.9454
Epoch 79/500 - Train Loss: 0.2180, Train Accuracy: 0.9825, Test Loss: 0.3012, Test Accuracy: 0.9484
Epoch 80/500 - Train Loss: 0.1921, Train Accuracy: 0.9850, Test Loss: 0.2977, Test Accuracy: 0.9467
Epoch 81/500 - Train Loss: 0.2239, Train Accuracy: 0.9800, Test Loss: 0.2979, Test Accuracy: 0.9458
Epoch 82/500 - Train Loss: 0.2400, Train Accuracy: 0.9675, Test Loss: 0.2972, Test Accuracy: 0.9480

Early stopping triggered at epoch 82
Best test loss: 0.2945
Best test accuracy: 0.9515
Plot saved as trained_models/Sweep_data run/metrics/loss.png
Plot saved as trained_models/Sweep_data run/metrics/metrics.png
