wandb: Starting wandb agent 🕵️
2026-01-10 20:40:16,369 - wandb.wandb_agent - INFO - Running runs: []
2026-01-10 20:40:17,087 - wandb.wandb_agent - INFO - Agent received command: run
2026-01-10 20:40:17,087 - wandb.wandb_agent - INFO - Agent starting run with config:
	affine: 0.7729091145885113
	blur: 0.5333194301582388
	brightness: 1.1238172995317712
	contrast: 1.2142759784031805
	crop: 0.9145548779565094
	crop_scale: 0.20695551137263984
	flip: 0.840705808948261
	gaussian_blur_kernel: 9
	gaussian_noise_std: 2.654592029823419
	grey: 0.05867604732235465
	hue: -0.010448297711472668
	jiggle: 0.5225315251631397
	rotate: 0.06043714276344769
	rotation: 17
	saturation: 1.3278017545608392
	scale: 0.938081940259156
	shear: 2
	translate_x: 0.010870125640099593
	translate_y: 0.05276876951817591
2026-01-10 20:40:17,090 - wandb.wandb_agent - INFO - About to run command: /usr/bin/env python train_data.py --affine=0.7729091145885113 --blur=0.5333194301582388 --brightness=1.1238172995317712 --contrast=1.2142759784031805 --crop=0.9145548779565094 --crop_scale=0.20695551137263984 --flip=0.840705808948261 --gaussian_blur_kernel=9 --gaussian_noise_std=2.654592029823419 --grey=0.05867604732235465 --hue=-0.010448297711472668 --jiggle=0.5225315251631397 --rotate=0.06043714276344769 --rotation=17 --saturation=1.3278017545608392 --scale=0.938081940259156 --shear=2 --translate_x=0.010870125640099593 --translate_y=0.05276876951817591
wandb: Currently logged in as: arnaumarcosalmansa (mcv-team-6) to https://api.wandb.ai. Use `wandb login --relogin` to force relogin
wandb: WARNING Ignoring project 'C3-Week3' when running a sweep.
wandb: WARNING Ignoring entity 'mcv-team-6' when running a sweep.
wandb: Tracking run with wandb version 0.23.1
wandb: Run data is saved locally in /export/home/group06/workspace/project-team-6/Week3/wandb/run-20260110_204021-yyv14pc1
wandb: Run `wandb offline` to turn off syncing.
wandb: Syncing run Sweep run
wandb: ⭐️ View project at https://wandb.ai/mcv-team-6/C3-Week3
wandb: 🧹 View sweep at https://wandb.ai/mcv-team-6/C3-Week3/sweeps/8yeenlu8
wandb: 🚀 View run at https://wandb.ai/mcv-team-6/C3-Week3/runs/yyv14pc1
2026-01-10 20:40:22,096 - wandb.wandb_agent - INFO - Running runs: ['yyv14pc1']
Traceback (most recent call last):
  File "/export/home/group06/workspace/project-team-6/Week3/train_data.py", line 61, in <module>
    ka.ColorJitter(brightness=cfg.brightness,
  File "/ghome/group06/miniconda3/envs/c3/lib/python3.12/site-packages/kornia/augmentation/_2d/intensity/color_jitter.py", line 105, in __init__
    self._param_generator = rg.ColorJitterGenerator(brightness, contrast, saturation, hue)
                            ^^^^^^^^^^^^^^^^^^^^^^^^^^^^^^^^^^^^^^^^^^^^^^^^^^^^^^^^^^^^^^
  File "/ghome/group06/miniconda3/envs/c3/lib/python3.12/site-packages/kornia/augmentation/random_generator/base.py", line 34, in __call__
    obj.__post_init__()
  File "/ghome/group06/miniconda3/envs/c3/lib/python3.12/site-packages/kornia/augmentation/random_generator/base.py", line 48, in __post_init__
    self.set_rng_device_and_dtype()
  File "/ghome/group06/miniconda3/envs/c3/lib/python3.12/site-packages/kornia/augmentation/random_generator/base.py", line 64, in set_rng_device_and_dtype
    self.make_samplers(device, dtype)
  File "/ghome/group06/miniconda3/envs/c3/lib/python3.12/site-packages/kornia/augmentation/random_generator/_2d/color_jitter.py", line 86, in make_samplers
    hue: Tensor = _range_bound(self.hue, "hue", bounds=(-0.5, 0.5), device=device, dtype=dtype)
                  ^^^^^^^^^^^^^^^^^^^^^^^^^^^^^^^^^^^^^^^^^^^^^^^^^^^^^^^^^^^^^^^^^^^^^^^^^^^^^
  File "/ghome/group06/miniconda3/envs/c3/lib/python3.12/site-packages/kornia/augmentation/utils/param_validation.py", line 53, in _range_bound
    raise ValueError(f"If {name} is a single number, it must be non negative. Got {factor}.")
ValueError: If hue is a single number, it must be non negative. Got -0.01044829748570919.
2026-01-10 20:40:27,245 - wandb.wandb_agent - INFO - Cleaning up finished run: yyv14pc1
wandb: Terminating and syncing runs. Press ctrl-c to kill.
