Using GPU 0: NVIDIA GeForce RTX 3090
Epoch 1/500 - Train Loss: 2.1220, Train Accuracy: 0.1650, Test Loss: 2.0442, Test Accuracy: 0.1941
Epoch 2/500 - Train Loss: 1.8953, Train Accuracy: 0.2850, Test Loss: 1.8228, Test Accuracy: 0.3562
Epoch 3/500 - Train Loss: 1.7164, Train Accuracy: 0.4400, Test Loss: 1.5871, Test Accuracy: 0.5673
Epoch 4/500 - Train Loss: 1.5375, Train Accuracy: 0.6100, Test Loss: 1.3803, Test Accuracy: 0.7146
Epoch 5/500 - Train Loss: 1.4165, Train Accuracy: 0.6675, Test Loss: 1.2111, Test Accuracy: 0.7815
Epoch 6/500 - Train Loss: 1.2705, Train Accuracy: 0.7350, Test Loss: 1.0484, Test Accuracy: 0.8335
Epoch 7/500 - Train Loss: 1.1669, Train Accuracy: 0.7400, Test Loss: 0.9260, Test Accuracy: 0.8663
Epoch 8/500 - Train Loss: 1.0641, Train Accuracy: 0.7825, Test Loss: 0.8056, Test Accuracy: 0.8868
Epoch 9/500 - Train Loss: 0.9728, Train Accuracy: 0.8000, Test Loss: 0.7214, Test Accuracy: 0.9012
Epoch 10/500 - Train Loss: 0.8887, Train Accuracy: 0.8100, Test Loss: 0.6595, Test Accuracy: 0.9073
Epoch 11/500 - Train Loss: 0.8071, Train Accuracy: 0.8375, Test Loss: 0.6041, Test Accuracy: 0.9091
Epoch 12/500 - Train Loss: 0.7803, Train Accuracy: 0.8375, Test Loss: 0.5522, Test Accuracy: 0.9161
Epoch 13/500 - Train Loss: 0.7222, Train Accuracy: 0.8600, Test Loss: 0.5140, Test Accuracy: 0.9174
Epoch 14/500 - Train Loss: 0.7095, Train Accuracy: 0.8575, Test Loss: 0.4764, Test Accuracy: 0.9187
Epoch 15/500 - Train Loss: 0.6579, Train Accuracy: 0.8450, Test Loss: 0.4546, Test Accuracy: 0.9274
Epoch 16/500 - Train Loss: 0.6152, Train Accuracy: 0.8650, Test Loss: 0.4275, Test Accuracy: 0.9344
Epoch 17/500 - Train Loss: 0.5980, Train Accuracy: 0.8750, Test Loss: 0.4105, Test Accuracy: 0.9318
Epoch 18/500 - Train Loss: 0.5676, Train Accuracy: 0.8850, Test Loss: 0.4021, Test Accuracy: 0.9358
Epoch 19/500 - Train Loss: 0.5631, Train Accuracy: 0.8700, Test Loss: 0.3872, Test Accuracy: 0.9375
Epoch 20/500 - Train Loss: 0.5285, Train Accuracy: 0.9075, Test Loss: 0.3765, Test Accuracy: 0.9336
Epoch 21/500 - Train Loss: 0.5022, Train Accuracy: 0.8950, Test Loss: 0.3655, Test Accuracy: 0.9401
Epoch 22/500 - Train Loss: 0.5092, Train Accuracy: 0.8800, Test Loss: 0.3651, Test Accuracy: 0.9349
Epoch 23/500 - Train Loss: 0.4686, Train Accuracy: 0.9175, Test Loss: 0.3559, Test Accuracy: 0.9379
Epoch 24/500 - Train Loss: 0.4282, Train Accuracy: 0.9300, Test Loss: 0.3451, Test Accuracy: 0.9419
Epoch 25/500 - Train Loss: 0.4248, Train Accuracy: 0.9300, Test Loss: 0.3463, Test Accuracy: 0.9366
Epoch 26/500 - Train Loss: 0.4110, Train Accuracy: 0.9350, Test Loss: 0.3510, Test Accuracy: 0.9318
Epoch 27/500 - Train Loss: 0.4126, Train Accuracy: 0.9375, Test Loss: 0.3354, Test Accuracy: 0.9414
Epoch 28/500 - Train Loss: 0.3973, Train Accuracy: 0.9300, Test Loss: 0.3212, Test Accuracy: 0.9476
Epoch 29/500 - Train Loss: 0.4181, Train Accuracy: 0.9150, Test Loss: 0.3259, Test Accuracy: 0.9432
Epoch 30/500 - Train Loss: 0.3867, Train Accuracy: 0.9375, Test Loss: 0.3355, Test Accuracy: 0.9340
Epoch 31/500 - Train Loss: 0.3639, Train Accuracy: 0.9500, Test Loss: 0.3214, Test Accuracy: 0.9432
Epoch 32/500 - Train Loss: 0.4007, Train Accuracy: 0.9100, Test Loss: 0.3211, Test Accuracy: 0.9401
Epoch 33/500 - Train Loss: 0.3801, Train Accuracy: 0.9325, Test Loss: 0.3137, Test Accuracy: 0.9432
Epoch 34/500 - Train Loss: 0.4045, Train Accuracy: 0.9075, Test Loss: 0.3133, Test Accuracy: 0.9410
Epoch 35/500 - Train Loss: 0.3747, Train Accuracy: 0.9250, Test Loss: 0.3069, Test Accuracy: 0.9436
Epoch 36/500 - Train Loss: 0.3315, Train Accuracy: 0.9550, Test Loss: 0.3127, Test Accuracy: 0.9423
Epoch 37/500 - Train Loss: 0.3585, Train Accuracy: 0.9350, Test Loss: 0.3075, Test Accuracy: 0.9480
Epoch 38/500 - Train Loss: 0.3576, Train Accuracy: 0.9325, Test Loss: 0.3068, Test Accuracy: 0.9462
Epoch 39/500 - Train Loss: 0.3347, Train Accuracy: 0.9425, Test Loss: 0.3003, Test Accuracy: 0.9484
Epoch 40/500 - Train Loss: 0.3046, Train Accuracy: 0.9500, Test Loss: 0.3011, Test Accuracy: 0.9471
Epoch 41/500 - Train Loss: 0.3219, Train Accuracy: 0.9425, Test Loss: 0.3083, Test Accuracy: 0.9454
Epoch 42/500 - Train Loss: 0.2756, Train Accuracy: 0.9625, Test Loss: 0.3028, Test Accuracy: 0.9462
Epoch 43/500 - Train Loss: 0.3360, Train Accuracy: 0.9400, Test Loss: 0.3023, Test Accuracy: 0.9476
Epoch 44/500 - Train Loss: 0.3124, Train Accuracy: 0.9550, Test Loss: 0.3001, Test Accuracy: 0.9467
Epoch 45/500 - Train Loss: 0.3400, Train Accuracy: 0.9225, Test Loss: 0.2967, Test Accuracy: 0.9476
Epoch 46/500 - Train Loss: 0.2840, Train Accuracy: 0.9650, Test Loss: 0.2952, Test Accuracy: 0.9502
Epoch 47/500 - Train Loss: 0.2764, Train Accuracy: 0.9550, Test Loss: 0.3085, Test Accuracy: 0.9432
Epoch 48/500 - Train Loss: 0.3209, Train Accuracy: 0.9375, Test Loss: 0.3031, Test Accuracy: 0.9449
Epoch 49/500 - Train Loss: 0.2888, Train Accuracy: 0.9525, Test Loss: 0.3000, Test Accuracy: 0.9454
Epoch 50/500 - Train Loss: 0.2853, Train Accuracy: 0.9650, Test Loss: 0.3070, Test Accuracy: 0.9419
Epoch 51/500 - Train Loss: 0.2689, Train Accuracy: 0.9600, Test Loss: 0.2980, Test Accuracy: 0.9471
Epoch 52/500 - Train Loss: 0.2900, Train Accuracy: 0.9425, Test Loss: 0.2984, Test Accuracy: 0.9441
Epoch 53/500 - Train Loss: 0.3591, Train Accuracy: 0.9225, Test Loss: 0.2995, Test Accuracy: 0.9458
Epoch 54/500 - Train Loss: 0.2770, Train Accuracy: 0.9625, Test Loss: 0.3057, Test Accuracy: 0.9419
Epoch 55/500 - Train Loss: 0.2730, Train Accuracy: 0.9550, Test Loss: 0.3085, Test Accuracy: 0.9410
Epoch 56/500 - Train Loss: 0.2830, Train Accuracy: 0.9600, Test Loss: 0.3174, Test Accuracy: 0.9371
Epoch 57/500 - Train Loss: 0.2511, Train Accuracy: 0.9650, Test Loss: 0.3164, Test Accuracy: 0.9397
Epoch 58/500 - Train Loss: 0.2795, Train Accuracy: 0.9625, Test Loss: 0.3005, Test Accuracy: 0.9445
Epoch 59/500 - Train Loss: 0.2361, Train Accuracy: 0.9750, Test Loss: 0.2966, Test Accuracy: 0.9467
Epoch 60/500 - Train Loss: 0.2434, Train Accuracy: 0.9725, Test Loss: 0.3055, Test Accuracy: 0.9410
Epoch 61/500 - Train Loss: 0.2898, Train Accuracy: 0.9350, Test Loss: 0.3508, Test Accuracy: 0.9213

Early stopping triggered at epoch 61
Best test loss: 0.2952
Best test accuracy: 0.9502
Plot saved as trained_models/Sweep_data run/metrics/loss.png
Plot saved as trained_models/Sweep_data run/metrics/metrics.png
