Using GPU 0: NVIDIA GeForce RTX 3090
Epoch 1/500 - Train Loss: 2.0960, Train Accuracy: 0.1450, Test Loss: 2.0094, Test Accuracy: 0.1941
Epoch 2/500 - Train Loss: 1.8722, Train Accuracy: 0.3125, Test Loss: 1.7563, Test Accuracy: 0.4340
Epoch 3/500 - Train Loss: 1.6348, Train Accuracy: 0.5150, Test Loss: 1.5132, Test Accuracy: 0.6062
Epoch 4/500 - Train Loss: 1.4362, Train Accuracy: 0.6850, Test Loss: 1.3153, Test Accuracy: 0.7063
Epoch 5/500 - Train Loss: 1.2773, Train Accuracy: 0.7800, Test Loss: 1.1320, Test Accuracy: 0.7837
Epoch 6/500 - Train Loss: 1.1490, Train Accuracy: 0.8175, Test Loss: 0.9676, Test Accuracy: 0.8462
Epoch 7/500 - Train Loss: 0.9985, Train Accuracy: 0.8525, Test Loss: 0.8508, Test Accuracy: 0.8759
Epoch 8/500 - Train Loss: 0.9145, Train Accuracy: 0.8475, Test Loss: 0.7678, Test Accuracy: 0.8842
Epoch 9/500 - Train Loss: 0.8195, Train Accuracy: 0.8525, Test Loss: 0.6836, Test Accuracy: 0.8982
Epoch 10/500 - Train Loss: 0.7521, Train Accuracy: 0.8650, Test Loss: 0.6178, Test Accuracy: 0.9104
Epoch 11/500 - Train Loss: 0.6848, Train Accuracy: 0.8775, Test Loss: 0.5673, Test Accuracy: 0.9100
Epoch 12/500 - Train Loss: 0.6304, Train Accuracy: 0.8975, Test Loss: 0.5180, Test Accuracy: 0.9200
Epoch 13/500 - Train Loss: 0.5746, Train Accuracy: 0.9050, Test Loss: 0.4814, Test Accuracy: 0.9266
Epoch 14/500 - Train Loss: 0.5455, Train Accuracy: 0.9150, Test Loss: 0.4494, Test Accuracy: 0.9340
Epoch 15/500 - Train Loss: 0.5214, Train Accuracy: 0.9275, Test Loss: 0.4258, Test Accuracy: 0.9340
Epoch 16/500 - Train Loss: 0.5152, Train Accuracy: 0.8950, Test Loss: 0.4057, Test Accuracy: 0.9410
Epoch 17/500 - Train Loss: 0.4825, Train Accuracy: 0.9125, Test Loss: 0.3944, Test Accuracy: 0.9384
Epoch 18/500 - Train Loss: 0.4610, Train Accuracy: 0.9275, Test Loss: 0.3786, Test Accuracy: 0.9397
Epoch 19/500 - Train Loss: 0.4218, Train Accuracy: 0.9400, Test Loss: 0.3661, Test Accuracy: 0.9454
Epoch 20/500 - Train Loss: 0.4471, Train Accuracy: 0.9300, Test Loss: 0.3519, Test Accuracy: 0.9471
Epoch 21/500 - Train Loss: 0.3778, Train Accuracy: 0.9525, Test Loss: 0.3438, Test Accuracy: 0.9445
Epoch 22/500 - Train Loss: 0.4160, Train Accuracy: 0.9200, Test Loss: 0.3442, Test Accuracy: 0.9401
Epoch 23/500 - Train Loss: 0.3723, Train Accuracy: 0.9300, Test Loss: 0.3386, Test Accuracy: 0.9410
Epoch 24/500 - Train Loss: 0.3587, Train Accuracy: 0.9425, Test Loss: 0.3315, Test Accuracy: 0.9419
Epoch 25/500 - Train Loss: 0.3400, Train Accuracy: 0.9550, Test Loss: 0.3234, Test Accuracy: 0.9471
Epoch 26/500 - Train Loss: 0.3232, Train Accuracy: 0.9575, Test Loss: 0.3155, Test Accuracy: 0.9476
Epoch 27/500 - Train Loss: 0.3335, Train Accuracy: 0.9600, Test Loss: 0.3143, Test Accuracy: 0.9467
Epoch 28/500 - Train Loss: 0.3142, Train Accuracy: 0.9550, Test Loss: 0.3183, Test Accuracy: 0.9397
Epoch 29/500 - Train Loss: 0.3432, Train Accuracy: 0.9475, Test Loss: 0.3119, Test Accuracy: 0.9497
Epoch 30/500 - Train Loss: 0.2972, Train Accuracy: 0.9575, Test Loss: 0.3069, Test Accuracy: 0.9480
Epoch 31/500 - Train Loss: 0.3036, Train Accuracy: 0.9650, Test Loss: 0.3086, Test Accuracy: 0.9497
Epoch 32/500 - Train Loss: 0.3107, Train Accuracy: 0.9525, Test Loss: 0.3112, Test Accuracy: 0.9484
Epoch 33/500 - Train Loss: 0.2852, Train Accuracy: 0.9675, Test Loss: 0.3052, Test Accuracy: 0.9493
Epoch 34/500 - Train Loss: 0.2777, Train Accuracy: 0.9750, Test Loss: 0.3064, Test Accuracy: 0.9480
Epoch 35/500 - Train Loss: 0.2673, Train Accuracy: 0.9750, Test Loss: 0.3001, Test Accuracy: 0.9541
Epoch 36/500 - Train Loss: 0.2730, Train Accuracy: 0.9725, Test Loss: 0.3032, Test Accuracy: 0.9510
Epoch 37/500 - Train Loss: 0.2845, Train Accuracy: 0.9525, Test Loss: 0.3018, Test Accuracy: 0.9519
Epoch 38/500 - Train Loss: 0.2629, Train Accuracy: 0.9675, Test Loss: 0.2999, Test Accuracy: 0.9502
Epoch 39/500 - Train Loss: 0.2551, Train Accuracy: 0.9700, Test Loss: 0.3053, Test Accuracy: 0.9467
Epoch 40/500 - Train Loss: 0.2324, Train Accuracy: 0.9725, Test Loss: 0.3042, Test Accuracy: 0.9458
Epoch 41/500 - Train Loss: 0.2415, Train Accuracy: 0.9850, Test Loss: 0.2987, Test Accuracy: 0.9471
Epoch 42/500 - Train Loss: 0.2388, Train Accuracy: 0.9750, Test Loss: 0.2988, Test Accuracy: 0.9510
Epoch 43/500 - Train Loss: 0.2458, Train Accuracy: 0.9650, Test Loss: 0.2980, Test Accuracy: 0.9489
Epoch 44/500 - Train Loss: 0.2410, Train Accuracy: 0.9800, Test Loss: 0.3012, Test Accuracy: 0.9458
Epoch 45/500 - Train Loss: 0.2459, Train Accuracy: 0.9725, Test Loss: 0.3001, Test Accuracy: 0.9458
Epoch 46/500 - Train Loss: 0.2411, Train Accuracy: 0.9775, Test Loss: 0.2948, Test Accuracy: 0.9506
Epoch 47/500 - Train Loss: 0.2448, Train Accuracy: 0.9700, Test Loss: 0.2997, Test Accuracy: 0.9462
Epoch 48/500 - Train Loss: 0.2473, Train Accuracy: 0.9675, Test Loss: 0.3092, Test Accuracy: 0.9410
Epoch 49/500 - Train Loss: 0.2171, Train Accuracy: 0.9850, Test Loss: 0.2941, Test Accuracy: 0.9497
Epoch 50/500 - Train Loss: 0.2233, Train Accuracy: 0.9800, Test Loss: 0.3001, Test Accuracy: 0.9476
Epoch 51/500 - Train Loss: 0.2254, Train Accuracy: 0.9800, Test Loss: 0.3015, Test Accuracy: 0.9454
Epoch 52/500 - Train Loss: 0.2108, Train Accuracy: 0.9800, Test Loss: 0.3045, Test Accuracy: 0.9471
Epoch 53/500 - Train Loss: 0.2395, Train Accuracy: 0.9750, Test Loss: 0.2984, Test Accuracy: 0.9497
Epoch 54/500 - Train Loss: 0.2419, Train Accuracy: 0.9650, Test Loss: 0.3032, Test Accuracy: 0.9462
Epoch 55/500 - Train Loss: 0.2226, Train Accuracy: 0.9750, Test Loss: 0.3023, Test Accuracy: 0.9449
Epoch 56/500 - Train Loss: 0.2087, Train Accuracy: 0.9875, Test Loss: 0.3048, Test Accuracy: 0.9410
Epoch 57/500 - Train Loss: 0.2259, Train Accuracy: 0.9750, Test Loss: 0.3019, Test Accuracy: 0.9419
Epoch 58/500 - Train Loss: 0.1906, Train Accuracy: 0.9950, Test Loss: 0.3027, Test Accuracy: 0.9410
Epoch 59/500 - Train Loss: 0.2088, Train Accuracy: 0.9825, Test Loss: 0.3059, Test Accuracy: 0.9410
Epoch 60/500 - Train Loss: 0.2100, Train Accuracy: 0.9900, Test Loss: 0.3058, Test Accuracy: 0.9414
Epoch 61/500 - Train Loss: 0.2078, Train Accuracy: 0.9775, Test Loss: 0.3055, Test Accuracy: 0.9379

Early stopping triggered at epoch 61
Best test loss: 0.2941
Best test accuracy: 0.9541
Plot saved as trained_models/Sweep_data run/metrics/loss.png
Plot saved as trained_models/Sweep_data run/metrics/metrics.png
