Using GPU 0: NVIDIA GeForce RTX 3090
Epoch 1/500 - Train Loss: 2.1185, Train Accuracy: 0.2075, Test Loss: 2.0495, Test Accuracy: 0.1696
Epoch 2/500 - Train Loss: 1.9048, Train Accuracy: 0.3450, Test Loss: 1.8546, Test Accuracy: 0.3684
Epoch 3/500 - Train Loss: 1.7148, Train Accuracy: 0.4700, Test Loss: 1.6597, Test Accuracy: 0.5267
Epoch 4/500 - Train Loss: 1.5796, Train Accuracy: 0.6100, Test Loss: 1.5024, Test Accuracy: 0.6394
Epoch 5/500 - Train Loss: 1.4537, Train Accuracy: 0.6875, Test Loss: 1.3787, Test Accuracy: 0.6941
Epoch 6/500 - Train Loss: 1.3400, Train Accuracy: 0.7350, Test Loss: 1.2721, Test Accuracy: 0.7496
Epoch 7/500 - Train Loss: 1.2428, Train Accuracy: 0.7700, Test Loss: 1.1746, Test Accuracy: 0.7906
Epoch 8/500 - Train Loss: 1.1655, Train Accuracy: 0.7700, Test Loss: 1.0876, Test Accuracy: 0.8239
Epoch 9/500 - Train Loss: 1.1092, Train Accuracy: 0.7775, Test Loss: 1.0113, Test Accuracy: 0.8505
Epoch 10/500 - Train Loss: 1.0327, Train Accuracy: 0.8150, Test Loss: 0.9485, Test Accuracy: 0.8680
Epoch 11/500 - Train Loss: 0.9819, Train Accuracy: 0.8200, Test Loss: 0.8864, Test Accuracy: 0.8785
Epoch 12/500 - Train Loss: 0.9235, Train Accuracy: 0.8425, Test Loss: 0.8424, Test Accuracy: 0.8938
Epoch 13/500 - Train Loss: 0.8616, Train Accuracy: 0.8750, Test Loss: 0.8023, Test Accuracy: 0.8982
Epoch 14/500 - Train Loss: 0.8264, Train Accuracy: 0.8750, Test Loss: 0.7614, Test Accuracy: 0.9052
Epoch 15/500 - Train Loss: 0.7951, Train Accuracy: 0.9025, Test Loss: 0.7269, Test Accuracy: 0.9082
Epoch 16/500 - Train Loss: 0.7527, Train Accuracy: 0.8900, Test Loss: 0.6858, Test Accuracy: 0.9095
Epoch 17/500 - Train Loss: 0.7656, Train Accuracy: 0.8900, Test Loss: 0.6571, Test Accuracy: 0.9143
Epoch 18/500 - Train Loss: 0.7623, Train Accuracy: 0.8650, Test Loss: 0.6298, Test Accuracy: 0.9170
Epoch 19/500 - Train Loss: 0.6847, Train Accuracy: 0.9100, Test Loss: 0.6112, Test Accuracy: 0.9218
Epoch 20/500 - Train Loss: 0.6793, Train Accuracy: 0.8900, Test Loss: 0.5984, Test Accuracy: 0.9274
Epoch 21/500 - Train Loss: 0.6765, Train Accuracy: 0.8900, Test Loss: 0.5855, Test Accuracy: 0.9283
Epoch 22/500 - Train Loss: 0.6242, Train Accuracy: 0.9200, Test Loss: 0.5721, Test Accuracy: 0.9318
Epoch 23/500 - Train Loss: 0.6156, Train Accuracy: 0.9125, Test Loss: 0.5653, Test Accuracy: 0.9323
Epoch 24/500 - Train Loss: 0.6066, Train Accuracy: 0.9125, Test Loss: 0.5475, Test Accuracy: 0.9349
Epoch 25/500 - Train Loss: 0.5721, Train Accuracy: 0.9275, Test Loss: 0.5411, Test Accuracy: 0.9331
Epoch 26/500 - Train Loss: 0.5646, Train Accuracy: 0.9350, Test Loss: 0.5316, Test Accuracy: 0.9379
Epoch 27/500 - Train Loss: 0.5337, Train Accuracy: 0.9550, Test Loss: 0.5245, Test Accuracy: 0.9379
Epoch 28/500 - Train Loss: 0.5985, Train Accuracy: 0.9125, Test Loss: 0.5156, Test Accuracy: 0.9388
Epoch 29/500 - Train Loss: 0.5336, Train Accuracy: 0.9425, Test Loss: 0.5145, Test Accuracy: 0.9358
Epoch 30/500 - Train Loss: 0.5272, Train Accuracy: 0.9375, Test Loss: 0.5094, Test Accuracy: 0.9340
Epoch 31/500 - Train Loss: 0.4856, Train Accuracy: 0.9725, Test Loss: 0.5058, Test Accuracy: 0.9366
Epoch 32/500 - Train Loss: 0.5033, Train Accuracy: 0.9500, Test Loss: 0.5017, Test Accuracy: 0.9362
Epoch 33/500 - Train Loss: 0.5051, Train Accuracy: 0.9425, Test Loss: 0.4934, Test Accuracy: 0.9414
Epoch 34/500 - Train Loss: 0.4845, Train Accuracy: 0.9675, Test Loss: 0.4941, Test Accuracy: 0.9392
Epoch 35/500 - Train Loss: 0.4770, Train Accuracy: 0.9625, Test Loss: 0.4866, Test Accuracy: 0.9427
Epoch 36/500 - Train Loss: 0.4943, Train Accuracy: 0.9500, Test Loss: 0.4885, Test Accuracy: 0.9388
Epoch 37/500 - Train Loss: 0.4687, Train Accuracy: 0.9725, Test Loss: 0.4832, Test Accuracy: 0.9414
Epoch 38/500 - Train Loss: 0.4626, Train Accuracy: 0.9650, Test Loss: 0.4795, Test Accuracy: 0.9406
Epoch 39/500 - Train Loss: 0.4785, Train Accuracy: 0.9375, Test Loss: 0.4809, Test Accuracy: 0.9414
Epoch 40/500 - Train Loss: 0.4541, Train Accuracy: 0.9550, Test Loss: 0.4786, Test Accuracy: 0.9397
Epoch 41/500 - Train Loss: 0.4684, Train Accuracy: 0.9450, Test Loss: 0.4771, Test Accuracy: 0.9392
Epoch 42/500 - Train Loss: 0.4790, Train Accuracy: 0.9600, Test Loss: 0.4814, Test Accuracy: 0.9336
Epoch 43/500 - Train Loss: 0.4462, Train Accuracy: 0.9700, Test Loss: 0.4831, Test Accuracy: 0.9349
Epoch 44/500 - Train Loss: 0.4442, Train Accuracy: 0.9575, Test Loss: 0.4812, Test Accuracy: 0.9366
Epoch 45/500 - Train Loss: 0.4670, Train Accuracy: 0.9425, Test Loss: 0.4824, Test Accuracy: 0.9336
Epoch 46/500 - Train Loss: 0.4113, Train Accuracy: 0.9775, Test Loss: 0.4762, Test Accuracy: 0.9379
Epoch 47/500 - Train Loss: 0.4243, Train Accuracy: 0.9775, Test Loss: 0.4732, Test Accuracy: 0.9410
Epoch 48/500 - Train Loss: 0.4534, Train Accuracy: 0.9525, Test Loss: 0.4725, Test Accuracy: 0.9401
Epoch 49/500 - Train Loss: 0.4388, Train Accuracy: 0.9625, Test Loss: 0.4650, Test Accuracy: 0.9462
Epoch 50/500 - Train Loss: 0.4196, Train Accuracy: 0.9725, Test Loss: 0.4673, Test Accuracy: 0.9414
Epoch 51/500 - Train Loss: 0.3990, Train Accuracy: 0.9775, Test Loss: 0.4647, Test Accuracy: 0.9454
Epoch 52/500 - Train Loss: 0.4273, Train Accuracy: 0.9600, Test Loss: 0.4672, Test Accuracy: 0.9432
Epoch 53/500 - Train Loss: 0.4141, Train Accuracy: 0.9650, Test Loss: 0.4644, Test Accuracy: 0.9432
Epoch 54/500 - Train Loss: 0.4212, Train Accuracy: 0.9725, Test Loss: 0.4578, Test Accuracy: 0.9454
Epoch 55/500 - Train Loss: 0.4058, Train Accuracy: 0.9700, Test Loss: 0.4586, Test Accuracy: 0.9480
Epoch 56/500 - Train Loss: 0.4029, Train Accuracy: 0.9725, Test Loss: 0.4618, Test Accuracy: 0.9445
Epoch 57/500 - Train Loss: 0.4164, Train Accuracy: 0.9600, Test Loss: 0.4660, Test Accuracy: 0.9414
Epoch 58/500 - Train Loss: 0.3974, Train Accuracy: 0.9775, Test Loss: 0.4657, Test Accuracy: 0.9410
Epoch 59/500 - Train Loss: 0.4062, Train Accuracy: 0.9750, Test Loss: 0.4627, Test Accuracy: 0.9392
Epoch 60/500 - Train Loss: 0.4024, Train Accuracy: 0.9800, Test Loss: 0.4620, Test Accuracy: 0.9414
Epoch 61/500 - Train Loss: 0.4002, Train Accuracy: 0.9825, Test Loss: 0.4617, Test Accuracy: 0.9401
Epoch 62/500 - Train Loss: 0.3919, Train Accuracy: 0.9750, Test Loss: 0.4635, Test Accuracy: 0.9406
Epoch 63/500 - Train Loss: 0.3781, Train Accuracy: 0.9825, Test Loss: 0.4633, Test Accuracy: 0.9410
Epoch 64/500 - Train Loss: 0.3986, Train Accuracy: 0.9750, Test Loss: 0.4697, Test Accuracy: 0.9397
Epoch 65/500 - Train Loss: 0.3875, Train Accuracy: 0.9825, Test Loss: 0.4710, Test Accuracy: 0.9388
Epoch 66/500 - Train Loss: 0.3937, Train Accuracy: 0.9700, Test Loss: 0.4632, Test Accuracy: 0.9419
Epoch 67/500 - Train Loss: 0.4065, Train Accuracy: 0.9675, Test Loss: 0.4621, Test Accuracy: 0.9419
Epoch 68/500 - Train Loss: 0.3787, Train Accuracy: 0.9850, Test Loss: 0.4673, Test Accuracy: 0.9410
Epoch 69/500 - Train Loss: 0.3708, Train Accuracy: 0.9925, Test Loss: 0.4614, Test Accuracy: 0.9436

Early stopping triggered at epoch 69
Best test loss: 0.4578
Best test accuracy: 0.9480
Plot saved as trained_models/Sweep_data run/metrics/loss.png
Plot saved as trained_models/Sweep_data run/metrics/metrics.png
