Using GPU 0: NVIDIA GeForce RTX 3090
Epoch 1/500 - Train Loss: 2.1069, Train Accuracy: 0.1300, Test Loss: 2.0498, Test Accuracy: 0.1844
Epoch 2/500 - Train Loss: 1.9172, Train Accuracy: 0.2650, Test Loss: 1.8814, Test Accuracy: 0.3405
Epoch 3/500 - Train Loss: 1.7539, Train Accuracy: 0.4925, Test Loss: 1.7077, Test Accuracy: 0.5162
Epoch 4/500 - Train Loss: 1.6251, Train Accuracy: 0.5675, Test Loss: 1.5540, Test Accuracy: 0.6233
Epoch 5/500 - Train Loss: 1.5263, Train Accuracy: 0.6250, Test Loss: 1.4248, Test Accuracy: 0.6862
Epoch 6/500 - Train Loss: 1.3856, Train Accuracy: 0.7000, Test Loss: 1.2809, Test Accuracy: 0.7487
Epoch 7/500 - Train Loss: 1.2421, Train Accuracy: 0.7125, Test Loss: 1.1656, Test Accuracy: 0.7906
Epoch 8/500 - Train Loss: 1.1387, Train Accuracy: 0.7650, Test Loss: 1.0849, Test Accuracy: 0.7994
Epoch 9/500 - Train Loss: 1.0678, Train Accuracy: 0.7775, Test Loss: 0.9440, Test Accuracy: 0.8282
Epoch 10/500 - Train Loss: 0.9562, Train Accuracy: 0.8050, Test Loss: 0.8669, Test Accuracy: 0.8348
Epoch 11/500 - Train Loss: 0.8769, Train Accuracy: 0.8425, Test Loss: 0.7952, Test Accuracy: 0.8575
Epoch 12/500 - Train Loss: 0.8496, Train Accuracy: 0.8350, Test Loss: 0.7367, Test Accuracy: 0.8684
Epoch 13/500 - Train Loss: 0.7646, Train Accuracy: 0.8525, Test Loss: 0.6872, Test Accuracy: 0.8811
Epoch 14/500 - Train Loss: 0.7597, Train Accuracy: 0.8375, Test Loss: 0.6373, Test Accuracy: 0.8912
Epoch 15/500 - Train Loss: 0.6843, Train Accuracy: 0.8650, Test Loss: 0.6250, Test Accuracy: 0.8899
Epoch 16/500 - Train Loss: 0.6740, Train Accuracy: 0.8525, Test Loss: 0.5888, Test Accuracy: 0.8947
Epoch 17/500 - Train Loss: 0.5945, Train Accuracy: 0.8950, Test Loss: 0.5519, Test Accuracy: 0.8990
Epoch 18/500 - Train Loss: 0.6011, Train Accuracy: 0.8675, Test Loss: 0.5688, Test Accuracy: 0.8811
Epoch 19/500 - Train Loss: 0.5726, Train Accuracy: 0.8925, Test Loss: 0.5298, Test Accuracy: 0.8942
Epoch 20/500 - Train Loss: 0.5452, Train Accuracy: 0.8825, Test Loss: 0.4719, Test Accuracy: 0.9087
Epoch 21/500 - Train Loss: 0.5401, Train Accuracy: 0.9025, Test Loss: 0.4513, Test Accuracy: 0.9205
Epoch 22/500 - Train Loss: 0.5042, Train Accuracy: 0.9100, Test Loss: 0.4558, Test Accuracy: 0.9170
Epoch 23/500 - Train Loss: 0.4642, Train Accuracy: 0.9275, Test Loss: 0.4545, Test Accuracy: 0.9113
Epoch 24/500 - Train Loss: 0.4922, Train Accuracy: 0.8900, Test Loss: 0.4434, Test Accuracy: 0.9156
Epoch 25/500 - Train Loss: 0.4532, Train Accuracy: 0.9075, Test Loss: 0.4367, Test Accuracy: 0.9143
Epoch 26/500 - Train Loss: 0.4511, Train Accuracy: 0.9100, Test Loss: 0.4350, Test Accuracy: 0.9126
Epoch 27/500 - Train Loss: 0.4210, Train Accuracy: 0.9300, Test Loss: 0.4098, Test Accuracy: 0.9226
Epoch 28/500 - Train Loss: 0.3919, Train Accuracy: 0.9375, Test Loss: 0.4049, Test Accuracy: 0.9213
Epoch 29/500 - Train Loss: 0.4153, Train Accuracy: 0.9200, Test Loss: 0.4052, Test Accuracy: 0.9200
Epoch 30/500 - Train Loss: 0.4076, Train Accuracy: 0.9200, Test Loss: 0.4123, Test Accuracy: 0.9148
Epoch 31/500 - Train Loss: 0.3706, Train Accuracy: 0.9300, Test Loss: 0.3934, Test Accuracy: 0.9178
Epoch 32/500 - Train Loss: 0.3995, Train Accuracy: 0.9200, Test Loss: 0.3841, Test Accuracy: 0.9165
Epoch 33/500 - Train Loss: 0.3609, Train Accuracy: 0.9400, Test Loss: 0.3859, Test Accuracy: 0.9218
Epoch 34/500 - Train Loss: 0.3594, Train Accuracy: 0.9275, Test Loss: 0.3950, Test Accuracy: 0.9156
Epoch 35/500 - Train Loss: 0.3238, Train Accuracy: 0.9500, Test Loss: 0.3904, Test Accuracy: 0.9170
Epoch 36/500 - Train Loss: 0.3376, Train Accuracy: 0.9500, Test Loss: 0.3978, Test Accuracy: 0.9117
Epoch 37/500 - Train Loss: 0.3432, Train Accuracy: 0.9375, Test Loss: 0.3780, Test Accuracy: 0.9218
Epoch 38/500 - Train Loss: 0.3508, Train Accuracy: 0.9400, Test Loss: 0.3750, Test Accuracy: 0.9213
Epoch 39/500 - Train Loss: 0.3370, Train Accuracy: 0.9425, Test Loss: 0.3871, Test Accuracy: 0.9200
Epoch 40/500 - Train Loss: 0.3490, Train Accuracy: 0.9300, Test Loss: 0.3816, Test Accuracy: 0.9196
Epoch 41/500 - Train Loss: 0.3272, Train Accuracy: 0.9400, Test Loss: 0.3864, Test Accuracy: 0.9152
Epoch 42/500 - Train Loss: 0.2872, Train Accuracy: 0.9750, Test Loss: 0.4105, Test Accuracy: 0.9052
Epoch 43/500 - Train Loss: 0.2859, Train Accuracy: 0.9625, Test Loss: 0.4094, Test Accuracy: 0.9038
Epoch 44/500 - Train Loss: 0.2880, Train Accuracy: 0.9750, Test Loss: 0.3776, Test Accuracy: 0.9205
Epoch 45/500 - Train Loss: 0.3270, Train Accuracy: 0.9400, Test Loss: 0.3628, Test Accuracy: 0.9253
Epoch 46/500 - Train Loss: 0.3021, Train Accuracy: 0.9550, Test Loss: 0.3608, Test Accuracy: 0.9266
Epoch 47/500 - Train Loss: 0.2758, Train Accuracy: 0.9525, Test Loss: 0.3630, Test Accuracy: 0.9266
Epoch 48/500 - Train Loss: 0.2849, Train Accuracy: 0.9575, Test Loss: 0.3646, Test Accuracy: 0.9266
Epoch 49/500 - Train Loss: 0.3009, Train Accuracy: 0.9475, Test Loss: 0.3668, Test Accuracy: 0.9240
Epoch 50/500 - Train Loss: 0.2996, Train Accuracy: 0.9575, Test Loss: 0.3724, Test Accuracy: 0.9165
Epoch 51/500 - Train Loss: 0.2525, Train Accuracy: 0.9750, Test Loss: 0.3705, Test Accuracy: 0.9235
Epoch 52/500 - Train Loss: 0.2563, Train Accuracy: 0.9775, Test Loss: 0.3836, Test Accuracy: 0.9187
Epoch 53/500 - Train Loss: 0.2655, Train Accuracy: 0.9625, Test Loss: 0.3855, Test Accuracy: 0.9165
Epoch 54/500 - Train Loss: 0.2643, Train Accuracy: 0.9550, Test Loss: 0.3622, Test Accuracy: 0.9235
Epoch 55/500 - Train Loss: 0.2573, Train Accuracy: 0.9700, Test Loss: 0.3530, Test Accuracy: 0.9248
Epoch 56/500 - Train Loss: 0.2397, Train Accuracy: 0.9800, Test Loss: 0.3546, Test Accuracy: 0.9274
Epoch 57/500 - Train Loss: 0.2414, Train Accuracy: 0.9750, Test Loss: 0.3610, Test Accuracy: 0.9205
Epoch 58/500 - Train Loss: 0.2706, Train Accuracy: 0.9600, Test Loss: 0.3536, Test Accuracy: 0.9240
Epoch 59/500 - Train Loss: 0.2602, Train Accuracy: 0.9675, Test Loss: 0.3508, Test Accuracy: 0.9266
Epoch 60/500 - Train Loss: 0.2838, Train Accuracy: 0.9550, Test Loss: 0.3394, Test Accuracy: 0.9279
Epoch 61/500 - Train Loss: 0.2471, Train Accuracy: 0.9700, Test Loss: 0.3476, Test Accuracy: 0.9318
Epoch 62/500 - Train Loss: 0.2099, Train Accuracy: 0.9900, Test Loss: 0.3564, Test Accuracy: 0.9270
Epoch 63/500 - Train Loss: 0.2525, Train Accuracy: 0.9725, Test Loss: 0.3607, Test Accuracy: 0.9240
Epoch 64/500 - Train Loss: 0.2240, Train Accuracy: 0.9800, Test Loss: 0.3612, Test Accuracy: 0.9235
Epoch 65/500 - Train Loss: 0.2422, Train Accuracy: 0.9700, Test Loss: 0.3537, Test Accuracy: 0.9279
Epoch 66/500 - Train Loss: 0.2556, Train Accuracy: 0.9625, Test Loss: 0.3518, Test Accuracy: 0.9270
Epoch 67/500 - Train Loss: 0.2320, Train Accuracy: 0.9775, Test Loss: 0.3455, Test Accuracy: 0.9344
Epoch 68/500 - Train Loss: 0.2367, Train Accuracy: 0.9725, Test Loss: 0.3353, Test Accuracy: 0.9358
Epoch 69/500 - Train Loss: 0.2159, Train Accuracy: 0.9775, Test Loss: 0.3431, Test Accuracy: 0.9314
Epoch 70/500 - Train Loss: 0.2719, Train Accuracy: 0.9675, Test Loss: 0.3449, Test Accuracy: 0.9266
Epoch 71/500 - Train Loss: 0.2254, Train Accuracy: 0.9775, Test Loss: 0.3599, Test Accuracy: 0.9240
Epoch 72/500 - Train Loss: 0.2250, Train Accuracy: 0.9825, Test Loss: 0.3562, Test Accuracy: 0.9244
Epoch 73/500 - Train Loss: 0.2355, Train Accuracy: 0.9750, Test Loss: 0.3424, Test Accuracy: 0.9327
Epoch 74/500 - Train Loss: 0.2144, Train Accuracy: 0.9850, Test Loss: 0.3328, Test Accuracy: 0.9353
Epoch 75/500 - Train Loss: 0.2069, Train Accuracy: 0.9875, Test Loss: 0.3238, Test Accuracy: 0.9366
Epoch 76/500 - Train Loss: 0.2303, Train Accuracy: 0.9750, Test Loss: 0.3350, Test Accuracy: 0.9327
Epoch 77/500 - Train Loss: 0.2151, Train Accuracy: 0.9750, Test Loss: 0.3458, Test Accuracy: 0.9270
Epoch 78/500 - Train Loss: 0.2334, Train Accuracy: 0.9775, Test Loss: 0.3658, Test Accuracy: 0.9196
Epoch 79/500 - Train Loss: 0.2032, Train Accuracy: 0.9850, Test Loss: 0.3470, Test Accuracy: 0.9248
Epoch 80/500 - Train Loss: 0.2346, Train Accuracy: 0.9700, Test Loss: 0.3547, Test Accuracy: 0.9218
Epoch 81/500 - Train Loss: 0.2314, Train Accuracy: 0.9650, Test Loss: 0.3610, Test Accuracy: 0.9174
Epoch 82/500 - Train Loss: 0.2268, Train Accuracy: 0.9725, Test Loss: 0.3595, Test Accuracy: 0.9231
Epoch 83/500 - Train Loss: 0.2175, Train Accuracy: 0.9775, Test Loss: 0.3770, Test Accuracy: 0.9196
Epoch 84/500 - Train Loss: 0.2377, Train Accuracy: 0.9700, Test Loss: 0.3675, Test Accuracy: 0.9187
Epoch 85/500 - Train Loss: 0.2018, Train Accuracy: 0.9800, Test Loss: 0.3505, Test Accuracy: 0.9261
Epoch 86/500 - Train Loss: 0.2078, Train Accuracy: 0.9800, Test Loss: 0.3432, Test Accuracy: 0.9283
Epoch 87/500 - Train Loss: 0.1957, Train Accuracy: 0.9875, Test Loss: 0.3445, Test Accuracy: 0.9270
Epoch 88/500 - Train Loss: 0.2167, Train Accuracy: 0.9750, Test Loss: 0.3473, Test Accuracy: 0.9309
Epoch 89/500 - Train Loss: 0.2286, Train Accuracy: 0.9725, Test Loss: 0.3481, Test Accuracy: 0.9288
Epoch 90/500 - Train Loss: 0.1968, Train Accuracy: 0.9875, Test Loss: 0.3477, Test Accuracy: 0.9292

Early stopping triggered at epoch 90
Best test loss: 0.3238
Best test accuracy: 0.9366
Plot saved as trained_models/Sweep_data run/metrics/loss.png
Plot saved as trained_models/Sweep_data run/metrics/metrics.png
