wandb: Starting wandb agent 🕵️
2026-01-10 19:14:53,140 - wandb.wandb_agent - INFO - Running runs: []
2026-01-10 19:14:53,588 - wandb.wandb_agent - INFO - Agent received command: run
2026-01-10 19:14:53,588 - wandb.wandb_agent - INFO - Agent starting run with config:
	affine: 0.5000109924575287
	blur: 0.04977320353618675
	brightness: 1.121033880787619
	contrast: 1.3852625473341798
	crop: 0.43743183101898586
	crop_scale: 0.9963629940578428
	flip: 0.23927406296607737
	gaussian_blur_kernel: 3
	gaussian_noise_std: 1.2782214907903575
	grey: 0.3466211173571756
	hue: -0.09195973425951824
	jiggle: 0.16968157985026588
	rotate: 0.6960654827593475
	rotation: 18
	saturation: 1.069732446415116
	scale: 1.0771928158268018
	shear: 15
	translate_x: 0.2752260353262528
	translate_y: 0.00409053000531161
2026-01-10 19:14:53,592 - wandb.wandb_agent - INFO - About to run command: /usr/bin/env python train_data.py --affine=0.5000109924575287 --blur=0.04977320353618675 --brightness=1.121033880787619 --contrast=1.3852625473341798 --crop=0.43743183101898586 --crop_scale=0.9963629940578428 --flip=0.23927406296607737 --gaussian_blur_kernel=3 --gaussian_noise_std=1.2782214907903575 --grey=0.3466211173571756 --hue=-0.09195973425951824 --jiggle=0.16968157985026588 --rotate=0.6960654827593475 --rotation=18 --saturation=1.069732446415116 --scale=1.0771928158268018 --shear=15 --translate_x=0.2752260353262528 --translate_y=0.00409053000531161
wandb: Currently logged in as: arnaumarcosalmansa (mcv-team-6) to https://api.wandb.ai. Use `wandb login --relogin` to force relogin
wandb: WARNING Ignoring project 'C3-Week3' when running a sweep.
wandb: WARNING Ignoring entity 'mcv-team-6' when running a sweep.
2026-01-10 19:14:58,599 - wandb.wandb_agent - INFO - Running runs: ['i978b69r']
wandb: setting up run i978b69r
wandb: Tracking run with wandb version 0.23.1
wandb: Run data is saved locally in /export/home/group06/workspace/project-team-6/Week3/wandb/run-20260110_191458-i978b69r
wandb: Run `wandb offline` to turn off syncing.
wandb: Syncing run Sweep run
wandb: ⭐️ View project at https://wandb.ai/mcv-team-6/C3-Week3
wandb: 🧹 View sweep at https://wandb.ai/mcv-team-6/C3-Week3/sweeps/g5vb4edr
wandb: 🚀 View run at https://wandb.ai/mcv-team-6/C3-Week3/runs/i978b69r
Traceback (most recent call last):
  File "/export/home/group06/workspace/project-team-6/Week3/train_data.py", line 61, in <module>
    ka.ColorJitter(brightness=cfg.brightness,
  File "/ghome/group06/miniconda3/envs/c3/lib/python3.12/site-packages/kornia/augmentation/_2d/intensity/color_jitter.py", line 105, in __init__
    self._param_generator = rg.ColorJitterGenerator(brightness, contrast, saturation, hue)
                            ^^^^^^^^^^^^^^^^^^^^^^^^^^^^^^^^^^^^^^^^^^^^^^^^^^^^^^^^^^^^^^
  File "/ghome/group06/miniconda3/envs/c3/lib/python3.12/site-packages/kornia/augmentation/random_generator/base.py", line 34, in __call__
    obj.__post_init__()
  File "/ghome/group06/miniconda3/envs/c3/lib/python3.12/site-packages/kornia/augmentation/random_generator/base.py", line 48, in __post_init__
    self.set_rng_device_and_dtype()
  File "/ghome/group06/miniconda3/envs/c3/lib/python3.12/site-packages/kornia/augmentation/random_generator/base.py", line 64, in set_rng_device_and_dtype
    self.make_samplers(device, dtype)
  File "/ghome/group06/miniconda3/envs/c3/lib/python3.12/site-packages/kornia/augmentation/random_generator/_2d/color_jitter.py", line 86, in make_samplers
    hue: Tensor = _range_bound(self.hue, "hue", bounds=(-0.5, 0.5), device=device, dtype=dtype)
                  ^^^^^^^^^^^^^^^^^^^^^^^^^^^^^^^^^^^^^^^^^^^^^^^^^^^^^^^^^^^^^^^^^^^^^^^^^^^^^
  File "/ghome/group06/miniconda3/envs/c3/lib/python3.12/site-packages/kornia/augmentation/utils/param_validation.py", line 53, in _range_bound
    raise ValueError(f"If {name} is a single number, it must be non negative. Got {factor}.")
ValueError: If hue is a single number, it must be non negative. Got -0.09195973724126816.
2026-01-10 19:15:03,745 - wandb.wandb_agent - INFO - Cleaning up finished run: i978b69r
wandb: Terminating and syncing runs. Press ctrl-c to kill.
