Using GPU 0: NVIDIA GeForce RTX 3090
Epoch 1/500 - Train Loss: 2.0566, Train Accuracy: 0.1950, Test Loss: 2.0644, Test Accuracy: 0.2146
Epoch 2/500 - Train Loss: 1.7922, Train Accuracy: 0.4075, Test Loss: 1.7703, Test Accuracy: 0.4388
Epoch 3/500 - Train Loss: 1.6010, Train Accuracy: 0.5475, Test Loss: 1.5098, Test Accuracy: 0.6385
Epoch 4/500 - Train Loss: 1.4076, Train Accuracy: 0.6700, Test Loss: 1.2914, Test Accuracy: 0.7631
Epoch 5/500 - Train Loss: 1.2634, Train Accuracy: 0.7550, Test Loss: 1.0996, Test Accuracy: 0.8392
Epoch 6/500 - Train Loss: 1.1096, Train Accuracy: 0.8075, Test Loss: 0.9489, Test Accuracy: 0.8676
Epoch 7/500 - Train Loss: 0.9762, Train Accuracy: 0.8225, Test Loss: 0.8262, Test Accuracy: 0.8947
Epoch 8/500 - Train Loss: 0.8927, Train Accuracy: 0.8400, Test Loss: 0.7190, Test Accuracy: 0.9034
Epoch 9/500 - Train Loss: 0.7966, Train Accuracy: 0.8450, Test Loss: 0.6310, Test Accuracy: 0.9235
Epoch 10/500 - Train Loss: 0.7320, Train Accuracy: 0.8700, Test Loss: 0.5706, Test Accuracy: 0.9314
Epoch 11/500 - Train Loss: 0.6557, Train Accuracy: 0.8975, Test Loss: 0.5200, Test Accuracy: 0.9353
Epoch 12/500 - Train Loss: 0.5897, Train Accuracy: 0.9150, Test Loss: 0.4774, Test Accuracy: 0.9384
Epoch 13/500 - Train Loss: 0.5417, Train Accuracy: 0.9225, Test Loss: 0.4459, Test Accuracy: 0.9366
Epoch 14/500 - Train Loss: 0.5465, Train Accuracy: 0.9125, Test Loss: 0.4320, Test Accuracy: 0.9375
Epoch 15/500 - Train Loss: 0.5148, Train Accuracy: 0.8975, Test Loss: 0.4047, Test Accuracy: 0.9401
Epoch 16/500 - Train Loss: 0.5110, Train Accuracy: 0.9200, Test Loss: 0.3825, Test Accuracy: 0.9423
Epoch 17/500 - Train Loss: 0.4827, Train Accuracy: 0.9200, Test Loss: 0.3689, Test Accuracy: 0.9445
Epoch 18/500 - Train Loss: 0.4324, Train Accuracy: 0.9400, Test Loss: 0.3628, Test Accuracy: 0.9432
Epoch 19/500 - Train Loss: 0.4244, Train Accuracy: 0.9400, Test Loss: 0.3585, Test Accuracy: 0.9419
Epoch 20/500 - Train Loss: 0.4072, Train Accuracy: 0.9175, Test Loss: 0.3456, Test Accuracy: 0.9432
Epoch 21/500 - Train Loss: 0.3746, Train Accuracy: 0.9550, Test Loss: 0.3487, Test Accuracy: 0.9392
Epoch 22/500 - Train Loss: 0.3861, Train Accuracy: 0.9425, Test Loss: 0.3456, Test Accuracy: 0.9375
Epoch 23/500 - Train Loss: 0.3368, Train Accuracy: 0.9600, Test Loss: 0.3325, Test Accuracy: 0.9432
Epoch 24/500 - Train Loss: 0.3367, Train Accuracy: 0.9650, Test Loss: 0.3241, Test Accuracy: 0.9441
Epoch 25/500 - Train Loss: 0.3604, Train Accuracy: 0.9375, Test Loss: 0.3384, Test Accuracy: 0.9344
Epoch 26/500 - Train Loss: 0.3172, Train Accuracy: 0.9575, Test Loss: 0.3215, Test Accuracy: 0.9423
Epoch 27/500 - Train Loss: 0.3379, Train Accuracy: 0.9500, Test Loss: 0.3097, Test Accuracy: 0.9471
Epoch 28/500 - Train Loss: 0.3186, Train Accuracy: 0.9550, Test Loss: 0.3039, Test Accuracy: 0.9545
Epoch 29/500 - Train Loss: 0.3054, Train Accuracy: 0.9475, Test Loss: 0.3038, Test Accuracy: 0.9532
Epoch 30/500 - Train Loss: 0.2919, Train Accuracy: 0.9650, Test Loss: 0.3043, Test Accuracy: 0.9502
Epoch 31/500 - Train Loss: 0.3033, Train Accuracy: 0.9600, Test Loss: 0.3020, Test Accuracy: 0.9497
Epoch 32/500 - Train Loss: 0.2945, Train Accuracy: 0.9650, Test Loss: 0.2986, Test Accuracy: 0.9489
Epoch 33/500 - Train Loss: 0.2915, Train Accuracy: 0.9625, Test Loss: 0.3109, Test Accuracy: 0.9401
Epoch 34/500 - Train Loss: 0.2724, Train Accuracy: 0.9650, Test Loss: 0.3108, Test Accuracy: 0.9454
Epoch 35/500 - Train Loss: 0.2760, Train Accuracy: 0.9700, Test Loss: 0.2991, Test Accuracy: 0.9489
Epoch 36/500 - Train Loss: 0.2952, Train Accuracy: 0.9600, Test Loss: 0.3054, Test Accuracy: 0.9441
Epoch 37/500 - Train Loss: 0.2380, Train Accuracy: 0.9850, Test Loss: 0.3025, Test Accuracy: 0.9471
Epoch 38/500 - Train Loss: 0.2696, Train Accuracy: 0.9600, Test Loss: 0.3019, Test Accuracy: 0.9471
Epoch 39/500 - Train Loss: 0.2415, Train Accuracy: 0.9650, Test Loss: 0.3025, Test Accuracy: 0.9471
Epoch 40/500 - Train Loss: 0.2662, Train Accuracy: 0.9675, Test Loss: 0.2953, Test Accuracy: 0.9502
Epoch 41/500 - Train Loss: 0.2456, Train Accuracy: 0.9775, Test Loss: 0.3023, Test Accuracy: 0.9436
Epoch 42/500 - Train Loss: 0.2400, Train Accuracy: 0.9675, Test Loss: 0.3077, Test Accuracy: 0.9388
Epoch 43/500 - Train Loss: 0.2267, Train Accuracy: 0.9825, Test Loss: 0.3053, Test Accuracy: 0.9427
Epoch 44/500 - Train Loss: 0.2353, Train Accuracy: 0.9750, Test Loss: 0.3024, Test Accuracy: 0.9449
Epoch 45/500 - Train Loss: 0.2349, Train Accuracy: 0.9650, Test Loss: 0.2991, Test Accuracy: 0.9476
Epoch 46/500 - Train Loss: 0.2269, Train Accuracy: 0.9800, Test Loss: 0.3023, Test Accuracy: 0.9419
Epoch 47/500 - Train Loss: 0.2254, Train Accuracy: 0.9750, Test Loss: 0.3012, Test Accuracy: 0.9423
Epoch 48/500 - Train Loss: 0.2254, Train Accuracy: 0.9800, Test Loss: 0.2972, Test Accuracy: 0.9489
Epoch 49/500 - Train Loss: 0.2302, Train Accuracy: 0.9725, Test Loss: 0.3209, Test Accuracy: 0.9340
Epoch 50/500 - Train Loss: 0.2439, Train Accuracy: 0.9775, Test Loss: 0.3216, Test Accuracy: 0.9392
Epoch 51/500 - Train Loss: 0.2395, Train Accuracy: 0.9725, Test Loss: 0.3009, Test Accuracy: 0.9427
Epoch 52/500 - Train Loss: 0.2218, Train Accuracy: 0.9775, Test Loss: 0.2983, Test Accuracy: 0.9462
Epoch 53/500 - Train Loss: 0.2466, Train Accuracy: 0.9675, Test Loss: 0.2921, Test Accuracy: 0.9519
Epoch 54/500 - Train Loss: 0.2346, Train Accuracy: 0.9650, Test Loss: 0.2977, Test Accuracy: 0.9471
Epoch 55/500 - Train Loss: 0.1985, Train Accuracy: 0.9900, Test Loss: 0.3032, Test Accuracy: 0.9427
Epoch 56/500 - Train Loss: 0.2211, Train Accuracy: 0.9800, Test Loss: 0.2972, Test Accuracy: 0.9462
Epoch 57/500 - Train Loss: 0.2493, Train Accuracy: 0.9775, Test Loss: 0.3012, Test Accuracy: 0.9476
Epoch 58/500 - Train Loss: 0.1987, Train Accuracy: 0.9850, Test Loss: 0.3111, Test Accuracy: 0.9410
Epoch 59/500 - Train Loss: 0.2170, Train Accuracy: 0.9775, Test Loss: 0.3209, Test Accuracy: 0.9379
Epoch 60/500 - Train Loss: 0.2047, Train Accuracy: 0.9875, Test Loss: 0.3108, Test Accuracy: 0.9397
Epoch 61/500 - Train Loss: 0.2042, Train Accuracy: 0.9800, Test Loss: 0.3035, Test Accuracy: 0.9401
Epoch 62/500 - Train Loss: 0.2230, Train Accuracy: 0.9725, Test Loss: 0.3056, Test Accuracy: 0.9410
Epoch 63/500 - Train Loss: 0.2108, Train Accuracy: 0.9825, Test Loss: 0.3013, Test Accuracy: 0.9449
Epoch 64/500 - Train Loss: 0.2260, Train Accuracy: 0.9775, Test Loss: 0.3053, Test Accuracy: 0.9445
Epoch 65/500 - Train Loss: 0.2069, Train Accuracy: 0.9800, Test Loss: 0.2978, Test Accuracy: 0.9462
Epoch 66/500 - Train Loss: 0.2021, Train Accuracy: 0.9850, Test Loss: 0.2982, Test Accuracy: 0.9449
Epoch 67/500 - Train Loss: 0.2182, Train Accuracy: 0.9800, Test Loss: 0.3133, Test Accuracy: 0.9353
Epoch 68/500 - Train Loss: 0.2351, Train Accuracy: 0.9700, Test Loss: 0.3142, Test Accuracy: 0.9375

Early stopping triggered at epoch 68
Best test loss: 0.2921
Best test accuracy: 0.9545
Plot saved as trained_models/Sweep_data run/metrics/loss.png
Plot saved as trained_models/Sweep_data run/metrics/metrics.png
