Using GPU 0: NVIDIA GeForce RTX 3090
Epoch 1/500 - Train Loss: 1.9207, Train Accuracy: 0.2875, Test Loss: 2.0270, Test Accuracy: 0.1888
Epoch 2/500 - Train Loss: 1.3407, Train Accuracy: 0.7175, Test Loss: 1.6519, Test Accuracy: 0.6132
Epoch 3/500 - Train Loss: 0.9159, Train Accuracy: 0.8950, Test Loss: 1.1687, Test Accuracy: 0.8186
Epoch 4/500 - Train Loss: 0.6972, Train Accuracy: 0.9100, Test Loss: 0.8303, Test Accuracy: 0.8872
Epoch 5/500 - Train Loss: 0.5432, Train Accuracy: 0.9400, Test Loss: 0.6212, Test Accuracy: 0.9196
Epoch 6/500 - Train Loss: 0.4212, Train Accuracy: 0.9550, Test Loss: 0.4998, Test Accuracy: 0.9296
Epoch 7/500 - Train Loss: 0.3643, Train Accuracy: 0.9550, Test Loss: 0.4202, Test Accuracy: 0.9340
Epoch 8/500 - Train Loss: 0.3247, Train Accuracy: 0.9800, Test Loss: 0.3655, Test Accuracy: 0.9436
Epoch 9/500 - Train Loss: 0.2728, Train Accuracy: 0.9850, Test Loss: 0.3407, Test Accuracy: 0.9445
Epoch 10/500 - Train Loss: 0.2638, Train Accuracy: 0.9875, Test Loss: 0.3348, Test Accuracy: 0.9445
Epoch 11/500 - Train Loss: 0.2271, Train Accuracy: 0.9900, Test Loss: 0.3244, Test Accuracy: 0.9484
Epoch 12/500 - Train Loss: 0.2361, Train Accuracy: 0.9800, Test Loss: 0.3187, Test Accuracy: 0.9493
Epoch 13/500 - Train Loss: 0.2075, Train Accuracy: 0.9925, Test Loss: 0.3165, Test Accuracy: 0.9493
Epoch 14/500 - Train Loss: 0.2124, Train Accuracy: 0.9925, Test Loss: 0.3147, Test Accuracy: 0.9515
Epoch 15/500 - Train Loss: 0.2127, Train Accuracy: 0.9825, Test Loss: 0.3157, Test Accuracy: 0.9480
Epoch 16/500 - Train Loss: 0.2071, Train Accuracy: 0.9900, Test Loss: 0.3063, Test Accuracy: 0.9524
Epoch 17/500 - Train Loss: 0.1925, Train Accuracy: 0.9925, Test Loss: 0.2987, Test Accuracy: 0.9524
Epoch 18/500 - Train Loss: 0.2104, Train Accuracy: 0.9850, Test Loss: 0.3166, Test Accuracy: 0.9458
Epoch 19/500 - Train Loss: 0.1936, Train Accuracy: 0.9950, Test Loss: 0.3109, Test Accuracy: 0.9489
Epoch 20/500 - Train Loss: 0.1848, Train Accuracy: 0.9925, Test Loss: 0.3033, Test Accuracy: 0.9489
Epoch 21/500 - Train Loss: 0.1790, Train Accuracy: 0.9925, Test Loss: 0.3146, Test Accuracy: 0.9436
Epoch 22/500 - Train Loss: 0.1808, Train Accuracy: 0.9975, Test Loss: 0.3165, Test Accuracy: 0.9410
Epoch 23/500 - Train Loss: 0.1850, Train Accuracy: 0.9900, Test Loss: 0.3100, Test Accuracy: 0.9427
Epoch 24/500 - Train Loss: 0.1724, Train Accuracy: 1.0000, Test Loss: 0.3153, Test Accuracy: 0.9414
Epoch 25/500 - Train Loss: 0.1858, Train Accuracy: 0.9925, Test Loss: 0.3100, Test Accuracy: 0.9436
Epoch 26/500 - Train Loss: 0.1696, Train Accuracy: 0.9975, Test Loss: 0.3117, Test Accuracy: 0.9471
Epoch 27/500 - Train Loss: 0.1744, Train Accuracy: 0.9950, Test Loss: 0.3104, Test Accuracy: 0.9445
Epoch 28/500 - Train Loss: 0.1726, Train Accuracy: 0.9975, Test Loss: 0.3371, Test Accuracy: 0.9323
Epoch 29/500 - Train Loss: 0.1799, Train Accuracy: 0.9925, Test Loss: 0.3594, Test Accuracy: 0.9270
Epoch 30/500 - Train Loss: 0.1888, Train Accuracy: 0.9875, Test Loss: 0.3357, Test Accuracy: 0.9371
Epoch 31/500 - Train Loss: 0.1712, Train Accuracy: 1.0000, Test Loss: 0.3188, Test Accuracy: 0.9423
Epoch 32/500 - Train Loss: 0.1746, Train Accuracy: 0.9975, Test Loss: 0.3120, Test Accuracy: 0.9458

Early stopping triggered at epoch 32
Best test loss: 0.2987
Best test accuracy: 0.9524
Plot saved as trained_models/Sweep run/metrics/loss.png
Plot saved as trained_models/Sweep run/metrics/metrics.png
