Using GPU 0: NVIDIA GeForce RTX 3090
Epoch 1/500 - Train Loss: 1.1045, Train Accuracy: 0.6525, Test Loss: 1.7684, Test Accuracy: 0.4716
Epoch 2/500 - Train Loss: 0.4000, Train Accuracy: 0.9100, Test Loss: 0.8130, Test Accuracy: 0.7622
Epoch 3/500 - Train Loss: 0.3275, Train Accuracy: 0.9150, Test Loss: 0.8585, Test Accuracy: 0.7434
Epoch 4/500 - Train Loss: 0.4352, Train Accuracy: 0.8875, Test Loss: 0.4651, Test Accuracy: 0.8676
Epoch 5/500 - Train Loss: 0.2827, Train Accuracy: 0.9225, Test Loss: 0.6897, Test Accuracy: 0.8300
Epoch 6/500 - Train Loss: 0.2263, Train Accuracy: 0.9650, Test Loss: 0.3834, Test Accuracy: 0.8990
Epoch 7/500 - Train Loss: 0.2134, Train Accuracy: 0.9675, Test Loss: 1.4673, Test Accuracy: 0.6149
Epoch 8/500 - Train Loss: 0.3184, Train Accuracy: 0.9425, Test Loss: 0.7362, Test Accuracy: 0.7762
Epoch 9/500 - Train Loss: 0.2026, Train Accuracy: 0.9725, Test Loss: 0.3558, Test Accuracy: 0.9135
Epoch 10/500 - Train Loss: 0.1307, Train Accuracy: 0.9975, Test Loss: 0.3922, Test Accuracy: 0.9021
Epoch 11/500 - Train Loss: 0.1498, Train Accuracy: 0.9875, Test Loss: 0.7390, Test Accuracy: 0.7898
Epoch 12/500 - Train Loss: 0.2326, Train Accuracy: 0.9450, Test Loss: 0.9077, Test Accuracy: 0.7775
Epoch 13/500 - Train Loss: 0.1785, Train Accuracy: 0.9725, Test Loss: 0.7449, Test Accuracy: 0.8011
Epoch 14/500 - Train Loss: 0.2645, Train Accuracy: 0.9475, Test Loss: 0.5289, Test Accuracy: 0.8580
Epoch 15/500 - Train Loss: 0.1910, Train Accuracy: 0.9725, Test Loss: 0.5447, Test Accuracy: 0.8422
Epoch 16/500 - Train Loss: 0.1969, Train Accuracy: 0.9700, Test Loss: 0.6266, Test Accuracy: 0.8370
Epoch 17/500 - Train Loss: 0.1757, Train Accuracy: 0.9750, Test Loss: 1.5064, Test Accuracy: 0.7338
Epoch 18/500 - Train Loss: 0.2528, Train Accuracy: 0.9450, Test Loss: 1.2712, Test Accuracy: 0.6696
Epoch 19/500 - Train Loss: 0.2487, Train Accuracy: 0.9475, Test Loss: 0.5190, Test Accuracy: 0.8794
Epoch 20/500 - Train Loss: 0.1705, Train Accuracy: 0.9800, Test Loss: 0.4151, Test Accuracy: 0.9056
Epoch 21/500 - Train Loss: 0.1724, Train Accuracy: 0.9775, Test Loss: 1.4101, Test Accuracy: 0.6923
Epoch 22/500 - Train Loss: 0.3071, Train Accuracy: 0.9375, Test Loss: 1.7563, Test Accuracy: 0.6447
Epoch 23/500 - Train Loss: 0.2299, Train Accuracy: 0.9650, Test Loss: 0.8555, Test Accuracy: 0.8011
Epoch 24/500 - Train Loss: 0.1885, Train Accuracy: 0.9700, Test Loss: 0.4630, Test Accuracy: 0.8864

Early stopping triggered at epoch 24
Best test loss: 0.4151
Best test accuracy: 0.9056
Plot saved as trained_models/Sweep run/metrics/loss.png
Plot saved as trained_models/Sweep run/metrics/metrics.png
