Using GPU 0: NVIDIA GeForce RTX 3090
Epoch 1/500 - Train Loss: 2.0160, Train Accuracy: 0.1950, Test Loss: 1.9713, Test Accuracy: 0.2430
Epoch 2/500 - Train Loss: 1.8645, Train Accuracy: 0.3425, Test Loss: 1.8515, Test Accuracy: 0.3335
Epoch 3/500 - Train Loss: 1.7804, Train Accuracy: 0.4300, Test Loss: 1.7091, Test Accuracy: 0.4545
Epoch 4/500 - Train Loss: 1.6377, Train Accuracy: 0.5425, Test Loss: 1.5674, Test Accuracy: 0.5752
Epoch 5/500 - Train Loss: 1.5465, Train Accuracy: 0.5925, Test Loss: 1.4520, Test Accuracy: 0.6429
Epoch 6/500 - Train Loss: 1.4854, Train Accuracy: 0.6050, Test Loss: 1.3412, Test Accuracy: 0.7111
Epoch 7/500 - Train Loss: 1.3954, Train Accuracy: 0.6625, Test Loss: 1.2482, Test Accuracy: 0.7491
Epoch 8/500 - Train Loss: 1.3208, Train Accuracy: 0.6800, Test Loss: 1.1677, Test Accuracy: 0.7749
Epoch 9/500 - Train Loss: 1.2317, Train Accuracy: 0.7275, Test Loss: 1.1025, Test Accuracy: 0.8059
Epoch 10/500 - Train Loss: 1.2015, Train Accuracy: 0.7425, Test Loss: 1.0382, Test Accuracy: 0.8260
Epoch 11/500 - Train Loss: 1.1657, Train Accuracy: 0.6900, Test Loss: 0.9628, Test Accuracy: 0.8497
Epoch 12/500 - Train Loss: 1.0864, Train Accuracy: 0.7750, Test Loss: 0.9161, Test Accuracy: 0.8680
Epoch 13/500 - Train Loss: 1.0483, Train Accuracy: 0.7825, Test Loss: 0.8768, Test Accuracy: 0.8772
Epoch 14/500 - Train Loss: 1.0145, Train Accuracy: 0.7800, Test Loss: 0.8281, Test Accuracy: 0.8872
Epoch 15/500 - Train Loss: 0.9758, Train Accuracy: 0.8050, Test Loss: 0.7839, Test Accuracy: 0.9038
Epoch 16/500 - Train Loss: 0.9525, Train Accuracy: 0.7925, Test Loss: 0.7508, Test Accuracy: 0.9156
Epoch 17/500 - Train Loss: 0.8916, Train Accuracy: 0.8375, Test Loss: 0.7092, Test Accuracy: 0.9226
Epoch 18/500 - Train Loss: 0.8602, Train Accuracy: 0.8375, Test Loss: 0.6886, Test Accuracy: 0.9213
Epoch 19/500 - Train Loss: 0.8820, Train Accuracy: 0.8075, Test Loss: 0.6651, Test Accuracy: 0.9257
Epoch 20/500 - Train Loss: 0.8365, Train Accuracy: 0.8175, Test Loss: 0.6531, Test Accuracy: 0.9226
Epoch 21/500 - Train Loss: 0.8158, Train Accuracy: 0.8150, Test Loss: 0.6387, Test Accuracy: 0.9248
Epoch 22/500 - Train Loss: 0.7889, Train Accuracy: 0.8375, Test Loss: 0.6294, Test Accuracy: 0.9178
Epoch 23/500 - Train Loss: 0.7944, Train Accuracy: 0.8350, Test Loss: 0.6094, Test Accuracy: 0.9235
Epoch 24/500 - Train Loss: 0.7505, Train Accuracy: 0.8575, Test Loss: 0.5889, Test Accuracy: 0.9288
Epoch 25/500 - Train Loss: 0.7759, Train Accuracy: 0.8450, Test Loss: 0.5797, Test Accuracy: 0.9279
Epoch 26/500 - Train Loss: 0.6948, Train Accuracy: 0.8775, Test Loss: 0.5787, Test Accuracy: 0.9257
Epoch 27/500 - Train Loss: 0.7057, Train Accuracy: 0.8725, Test Loss: 0.5535, Test Accuracy: 0.9327
Epoch 28/500 - Train Loss: 0.6916, Train Accuracy: 0.8750, Test Loss: 0.5491, Test Accuracy: 0.9331
Epoch 29/500 - Train Loss: 0.6526, Train Accuracy: 0.9000, Test Loss: 0.5481, Test Accuracy: 0.9309
Epoch 30/500 - Train Loss: 0.6709, Train Accuracy: 0.8975, Test Loss: 0.5357, Test Accuracy: 0.9331
Epoch 31/500 - Train Loss: 0.6807, Train Accuracy: 0.8700, Test Loss: 0.5362, Test Accuracy: 0.9318
Epoch 32/500 - Train Loss: 0.7036, Train Accuracy: 0.8450, Test Loss: 0.5201, Test Accuracy: 0.9349
Epoch 33/500 - Train Loss: 0.6597, Train Accuracy: 0.8675, Test Loss: 0.5159, Test Accuracy: 0.9344
Epoch 34/500 - Train Loss: 0.6103, Train Accuracy: 0.9075, Test Loss: 0.5015, Test Accuracy: 0.9375
Epoch 35/500 - Train Loss: 0.6532, Train Accuracy: 0.8925, Test Loss: 0.5033, Test Accuracy: 0.9375
Epoch 36/500 - Train Loss: 0.6172, Train Accuracy: 0.9050, Test Loss: 0.5056, Test Accuracy: 0.9358
Epoch 37/500 - Train Loss: 0.6467, Train Accuracy: 0.8700, Test Loss: 0.5037, Test Accuracy: 0.9366
Epoch 38/500 - Train Loss: 0.5704, Train Accuracy: 0.9250, Test Loss: 0.4929, Test Accuracy: 0.9441
Epoch 39/500 - Train Loss: 0.6079, Train Accuracy: 0.9000, Test Loss: 0.4975, Test Accuracy: 0.9379
Epoch 40/500 - Train Loss: 0.6351, Train Accuracy: 0.8775, Test Loss: 0.4938, Test Accuracy: 0.9366
Epoch 41/500 - Train Loss: 0.6238, Train Accuracy: 0.9000, Test Loss: 0.4975, Test Accuracy: 0.9358
Epoch 42/500 - Train Loss: 0.6506, Train Accuracy: 0.8700, Test Loss: 0.4877, Test Accuracy: 0.9379
Epoch 43/500 - Train Loss: 0.6255, Train Accuracy: 0.8825, Test Loss: 0.4918, Test Accuracy: 0.9371
Epoch 44/500 - Train Loss: 0.5874, Train Accuracy: 0.8900, Test Loss: 0.4827, Test Accuracy: 0.9406
Epoch 45/500 - Train Loss: 0.5670, Train Accuracy: 0.9100, Test Loss: 0.4829, Test Accuracy: 0.9388
Epoch 46/500 - Train Loss: 0.5562, Train Accuracy: 0.9225, Test Loss: 0.4875, Test Accuracy: 0.9358
Epoch 47/500 - Train Loss: 0.5853, Train Accuracy: 0.8825, Test Loss: 0.4836, Test Accuracy: 0.9397
Epoch 48/500 - Train Loss: 0.5934, Train Accuracy: 0.8900, Test Loss: 0.4737, Test Accuracy: 0.9493
Epoch 49/500 - Train Loss: 0.5297, Train Accuracy: 0.9375, Test Loss: 0.4742, Test Accuracy: 0.9432
Epoch 50/500 - Train Loss: 0.5424, Train Accuracy: 0.9200, Test Loss: 0.4784, Test Accuracy: 0.9397
Epoch 51/500 - Train Loss: 0.5909, Train Accuracy: 0.9100, Test Loss: 0.4840, Test Accuracy: 0.9358
Epoch 52/500 - Train Loss: 0.5677, Train Accuracy: 0.9075, Test Loss: 0.4709, Test Accuracy: 0.9471
Epoch 53/500 - Train Loss: 0.5520, Train Accuracy: 0.9025, Test Loss: 0.4760, Test Accuracy: 0.9419
Epoch 54/500 - Train Loss: 0.5670, Train Accuracy: 0.9050, Test Loss: 0.4688, Test Accuracy: 0.9436
Epoch 55/500 - Train Loss: 0.5319, Train Accuracy: 0.9000, Test Loss: 0.4652, Test Accuracy: 0.9449
Epoch 56/500 - Train Loss: 0.5386, Train Accuracy: 0.9100, Test Loss: 0.4690, Test Accuracy: 0.9427
Epoch 57/500 - Train Loss: 0.5389, Train Accuracy: 0.9200, Test Loss: 0.4744, Test Accuracy: 0.9379
Epoch 58/500 - Train Loss: 0.5808, Train Accuracy: 0.9050, Test Loss: 0.4712, Test Accuracy: 0.9392
Epoch 59/500 - Train Loss: 0.5244, Train Accuracy: 0.9400, Test Loss: 0.4670, Test Accuracy: 0.9432
Epoch 60/500 - Train Loss: 0.5068, Train Accuracy: 0.9350, Test Loss: 0.4702, Test Accuracy: 0.9392
Epoch 61/500 - Train Loss: 0.5788, Train Accuracy: 0.8875, Test Loss: 0.4816, Test Accuracy: 0.9340
Epoch 62/500 - Train Loss: 0.5487, Train Accuracy: 0.9050, Test Loss: 0.4810, Test Accuracy: 0.9323
Epoch 63/500 - Train Loss: 0.5415, Train Accuracy: 0.9075, Test Loss: 0.4770, Test Accuracy: 0.9362
Epoch 64/500 - Train Loss: 0.5605, Train Accuracy: 0.9175, Test Loss: 0.4712, Test Accuracy: 0.9388
Epoch 65/500 - Train Loss: 0.4887, Train Accuracy: 0.9350, Test Loss: 0.4703, Test Accuracy: 0.9401
Epoch 66/500 - Train Loss: 0.4640, Train Accuracy: 0.9550, Test Loss: 0.4665, Test Accuracy: 0.9401
Epoch 67/500 - Train Loss: 0.5059, Train Accuracy: 0.9300, Test Loss: 0.4762, Test Accuracy: 0.9379
Epoch 68/500 - Train Loss: 0.4769, Train Accuracy: 0.9450, Test Loss: 0.4744, Test Accuracy: 0.9379
Epoch 69/500 - Train Loss: 0.5073, Train Accuracy: 0.9250, Test Loss: 0.4595, Test Accuracy: 0.9445
Epoch 70/500 - Train Loss: 0.5080, Train Accuracy: 0.9275, Test Loss: 0.4706, Test Accuracy: 0.9401
Epoch 71/500 - Train Loss: 0.4753, Train Accuracy: 0.9375, Test Loss: 0.4618, Test Accuracy: 0.9410
Epoch 72/500 - Train Loss: 0.4854, Train Accuracy: 0.9325, Test Loss: 0.4585, Test Accuracy: 0.9432
Epoch 73/500 - Train Loss: 0.5194, Train Accuracy: 0.9350, Test Loss: 0.4702, Test Accuracy: 0.9358
Epoch 74/500 - Train Loss: 0.4910, Train Accuracy: 0.9425, Test Loss: 0.4627, Test Accuracy: 0.9414
Epoch 75/500 - Train Loss: 0.4776, Train Accuracy: 0.9425, Test Loss: 0.4641, Test Accuracy: 0.9397
Epoch 76/500 - Train Loss: 0.5148, Train Accuracy: 0.9275, Test Loss: 0.4622, Test Accuracy: 0.9423
Epoch 77/500 - Train Loss: 0.4966, Train Accuracy: 0.9200, Test Loss: 0.4550, Test Accuracy: 0.9449
Epoch 78/500 - Train Loss: 0.4993, Train Accuracy: 0.9275, Test Loss: 0.4533, Test Accuracy: 0.9497
Epoch 79/500 - Train Loss: 0.4894, Train Accuracy: 0.9450, Test Loss: 0.4563, Test Accuracy: 0.9432
Epoch 80/500 - Train Loss: 0.4802, Train Accuracy: 0.9350, Test Loss: 0.4608, Test Accuracy: 0.9410
Epoch 81/500 - Train Loss: 0.5424, Train Accuracy: 0.9200, Test Loss: 0.4617, Test Accuracy: 0.9414
Epoch 82/500 - Train Loss: 0.4837, Train Accuracy: 0.9350, Test Loss: 0.4686, Test Accuracy: 0.9371
Epoch 83/500 - Train Loss: 0.4722, Train Accuracy: 0.9425, Test Loss: 0.4558, Test Accuracy: 0.9436
Epoch 84/500 - Train Loss: 0.4778, Train Accuracy: 0.9500, Test Loss: 0.4615, Test Accuracy: 0.9458
Epoch 85/500 - Train Loss: 0.4460, Train Accuracy: 0.9550, Test Loss: 0.4607, Test Accuracy: 0.9449
Epoch 86/500 - Train Loss: 0.4701, Train Accuracy: 0.9375, Test Loss: 0.4566, Test Accuracy: 0.9441
Epoch 87/500 - Train Loss: 0.5029, Train Accuracy: 0.9275, Test Loss: 0.4631, Test Accuracy: 0.9410
Epoch 88/500 - Train Loss: 0.4724, Train Accuracy: 0.9375, Test Loss: 0.4624, Test Accuracy: 0.9401
Epoch 89/500 - Train Loss: 0.4924, Train Accuracy: 0.9275, Test Loss: 0.4600, Test Accuracy: 0.9432
Epoch 90/500 - Train Loss: 0.4790, Train Accuracy: 0.9375, Test Loss: 0.4629, Test Accuracy: 0.9401
Epoch 91/500 - Train Loss: 0.4805, Train Accuracy: 0.9375, Test Loss: 0.4673, Test Accuracy: 0.9362
Epoch 92/500 - Train Loss: 0.5081, Train Accuracy: 0.9150, Test Loss: 0.4636, Test Accuracy: 0.9392
Epoch 93/500 - Train Loss: 0.4335, Train Accuracy: 0.9675, Test Loss: 0.4565, Test Accuracy: 0.9432

Early stopping triggered at epoch 93
Best test loss: 0.4533
Best test accuracy: 0.9497
Plot saved as trained_models/Sweep_data run/metrics/loss.png
Plot saved as trained_models/Sweep_data run/metrics/metrics.png
