Using GPU 0: NVIDIA GeForce RTX 3090
Epoch 1/500 - Train Loss: 2.0167, Train Accuracy: 0.1925, Test Loss: 2.0018, Test Accuracy: 0.2369
Epoch 2/500 - Train Loss: 1.7972, Train Accuracy: 0.3500, Test Loss: 1.7416, Test Accuracy: 0.5179
Epoch 3/500 - Train Loss: 1.6169, Train Accuracy: 0.5550, Test Loss: 1.4756, Test Accuracy: 0.6967
Epoch 4/500 - Train Loss: 1.4123, Train Accuracy: 0.7175, Test Loss: 1.2510, Test Accuracy: 0.7946
Epoch 5/500 - Train Loss: 1.2544, Train Accuracy: 0.7800, Test Loss: 1.0522, Test Accuracy: 0.8470
Epoch 6/500 - Train Loss: 1.0837, Train Accuracy: 0.8275, Test Loss: 0.8930, Test Accuracy: 0.8785
Epoch 7/500 - Train Loss: 0.9468, Train Accuracy: 0.8450, Test Loss: 0.7821, Test Accuracy: 0.8894
Epoch 8/500 - Train Loss: 0.8681, Train Accuracy: 0.8525, Test Loss: 0.6775, Test Accuracy: 0.9008
Epoch 9/500 - Train Loss: 0.7791, Train Accuracy: 0.8825, Test Loss: 0.6008, Test Accuracy: 0.9095
Epoch 10/500 - Train Loss: 0.7023, Train Accuracy: 0.8875, Test Loss: 0.5482, Test Accuracy: 0.9156
Epoch 11/500 - Train Loss: 0.6738, Train Accuracy: 0.8875, Test Loss: 0.5062, Test Accuracy: 0.9187
Epoch 12/500 - Train Loss: 0.6357, Train Accuracy: 0.8975, Test Loss: 0.4633, Test Accuracy: 0.9274
Epoch 13/500 - Train Loss: 0.5659, Train Accuracy: 0.9125, Test Loss: 0.4394, Test Accuracy: 0.9305
Epoch 14/500 - Train Loss: 0.5529, Train Accuracy: 0.9050, Test Loss: 0.4246, Test Accuracy: 0.9279
Epoch 15/500 - Train Loss: 0.5169, Train Accuracy: 0.9100, Test Loss: 0.3999, Test Accuracy: 0.9323
Epoch 16/500 - Train Loss: 0.4866, Train Accuracy: 0.9250, Test Loss: 0.3939, Test Accuracy: 0.9309
Epoch 17/500 - Train Loss: 0.4687, Train Accuracy: 0.9075, Test Loss: 0.3827, Test Accuracy: 0.9344
Epoch 18/500 - Train Loss: 0.4594, Train Accuracy: 0.9125, Test Loss: 0.3697, Test Accuracy: 0.9358
Epoch 19/500 - Train Loss: 0.4122, Train Accuracy: 0.9300, Test Loss: 0.3618, Test Accuracy: 0.9366
Epoch 20/500 - Train Loss: 0.4423, Train Accuracy: 0.9100, Test Loss: 0.3568, Test Accuracy: 0.9384
Epoch 21/500 - Train Loss: 0.3731, Train Accuracy: 0.9475, Test Loss: 0.3533, Test Accuracy: 0.9384
Epoch 22/500 - Train Loss: 0.4155, Train Accuracy: 0.9100, Test Loss: 0.3514, Test Accuracy: 0.9366
Epoch 23/500 - Train Loss: 0.3984, Train Accuracy: 0.9300, Test Loss: 0.3472, Test Accuracy: 0.9375
Epoch 24/500 - Train Loss: 0.3297, Train Accuracy: 0.9525, Test Loss: 0.3388, Test Accuracy: 0.9406
Epoch 25/500 - Train Loss: 0.3917, Train Accuracy: 0.9325, Test Loss: 0.3365, Test Accuracy: 0.9388
Epoch 26/500 - Train Loss: 0.3632, Train Accuracy: 0.9350, Test Loss: 0.3318, Test Accuracy: 0.9436
Epoch 27/500 - Train Loss: 0.3458, Train Accuracy: 0.9525, Test Loss: 0.3304, Test Accuracy: 0.9427
Epoch 28/500 - Train Loss: 0.3192, Train Accuracy: 0.9575, Test Loss: 0.3382, Test Accuracy: 0.9401
Epoch 29/500 - Train Loss: 0.3138, Train Accuracy: 0.9575, Test Loss: 0.3355, Test Accuracy: 0.9406
Epoch 30/500 - Train Loss: 0.3142, Train Accuracy: 0.9525, Test Loss: 0.3366, Test Accuracy: 0.9392
Epoch 31/500 - Train Loss: 0.3216, Train Accuracy: 0.9525, Test Loss: 0.3409, Test Accuracy: 0.9375
Epoch 32/500 - Train Loss: 0.3129, Train Accuracy: 0.9500, Test Loss: 0.3283, Test Accuracy: 0.9414
Epoch 33/500 - Train Loss: 0.2872, Train Accuracy: 0.9675, Test Loss: 0.3272, Test Accuracy: 0.9401
Epoch 34/500 - Train Loss: 0.3169, Train Accuracy: 0.9450, Test Loss: 0.3307, Test Accuracy: 0.9392
Epoch 35/500 - Train Loss: 0.2962, Train Accuracy: 0.9625, Test Loss: 0.3334, Test Accuracy: 0.9366
Epoch 36/500 - Train Loss: 0.2748, Train Accuracy: 0.9725, Test Loss: 0.3425, Test Accuracy: 0.9331
Epoch 37/500 - Train Loss: 0.2821, Train Accuracy: 0.9625, Test Loss: 0.3322, Test Accuracy: 0.9392
Epoch 38/500 - Train Loss: 0.2522, Train Accuracy: 0.9725, Test Loss: 0.3296, Test Accuracy: 0.9392
Epoch 39/500 - Train Loss: 0.3187, Train Accuracy: 0.9350, Test Loss: 0.3329, Test Accuracy: 0.9358
Epoch 40/500 - Train Loss: 0.2594, Train Accuracy: 0.9625, Test Loss: 0.3380, Test Accuracy: 0.9336
Epoch 41/500 - Train Loss: 0.2833, Train Accuracy: 0.9600, Test Loss: 0.3240, Test Accuracy: 0.9388
Epoch 42/500 - Train Loss: 0.2661, Train Accuracy: 0.9675, Test Loss: 0.3307, Test Accuracy: 0.9371
Epoch 43/500 - Train Loss: 0.2813, Train Accuracy: 0.9575, Test Loss: 0.3233, Test Accuracy: 0.9410
Epoch 44/500 - Train Loss: 0.2472, Train Accuracy: 0.9750, Test Loss: 0.3159, Test Accuracy: 0.9436
Epoch 45/500 - Train Loss: 0.2329, Train Accuracy: 0.9850, Test Loss: 0.3191, Test Accuracy: 0.9392
Epoch 46/500 - Train Loss: 0.2283, Train Accuracy: 0.9775, Test Loss: 0.3167, Test Accuracy: 0.9414
Epoch 47/500 - Train Loss: 0.2604, Train Accuracy: 0.9725, Test Loss: 0.3218, Test Accuracy: 0.9379
Epoch 48/500 - Train Loss: 0.2420, Train Accuracy: 0.9725, Test Loss: 0.3289, Test Accuracy: 0.9336
Epoch 49/500 - Train Loss: 0.2502, Train Accuracy: 0.9675, Test Loss: 0.3328, Test Accuracy: 0.9323
Epoch 50/500 - Train Loss: 0.2462, Train Accuracy: 0.9675, Test Loss: 0.3223, Test Accuracy: 0.9375
Epoch 51/500 - Train Loss: 0.2550, Train Accuracy: 0.9675, Test Loss: 0.3322, Test Accuracy: 0.9309
Epoch 52/500 - Train Loss: 0.2133, Train Accuracy: 0.9850, Test Loss: 0.3377, Test Accuracy: 0.9327
Epoch 53/500 - Train Loss: 0.2216, Train Accuracy: 0.9825, Test Loss: 0.3280, Test Accuracy: 0.9392
Epoch 54/500 - Train Loss: 0.2182, Train Accuracy: 0.9825, Test Loss: 0.3195, Test Accuracy: 0.9419
Epoch 55/500 - Train Loss: 0.2377, Train Accuracy: 0.9725, Test Loss: 0.3264, Test Accuracy: 0.9375
Epoch 56/500 - Train Loss: 0.2230, Train Accuracy: 0.9750, Test Loss: 0.3258, Test Accuracy: 0.9379
Epoch 57/500 - Train Loss: 0.2584, Train Accuracy: 0.9650, Test Loss: 0.3273, Test Accuracy: 0.9362
Epoch 58/500 - Train Loss: 0.1935, Train Accuracy: 0.9850, Test Loss: 0.3260, Test Accuracy: 0.9362
Epoch 59/500 - Train Loss: 0.2294, Train Accuracy: 0.9725, Test Loss: 0.3220, Test Accuracy: 0.9375

Early stopping triggered at epoch 59
Best test loss: 0.3159
Best test accuracy: 0.9436
Plot saved as trained_models/Sweep_data run/metrics/loss.png
Plot saved as trained_models/Sweep_data run/metrics/metrics.png
