wandb: Starting wandb agent 🕵️
2026-01-10 20:44:47,689 - wandb.wandb_agent - INFO - Running runs: []
2026-01-10 20:44:48,153 - wandb.wandb_agent - INFO - Agent received command: run
2026-01-10 20:44:48,153 - wandb.wandb_agent - INFO - Agent starting run with config:
	affine: 0.8253178926831475
	blur: 0.5762537404068934
	brightness: 0.953654766914402
	contrast: 0.8899811911614074
	crop: 0.4230152852466767
	crop_scale: 0.433164275021626
	flip: 0.0685273163716612
	gaussian_blur_kernel: 3
	gaussian_noise_std: 0.7401419966338479
	grey: 0.26651610761756517
	hue: -0.093158528555439
	jiggle: 0.6950836346337331
	rotate: 0.7830604982391288
	rotation: 27
	saturation: 1.1520856768202148
	scale: 1.0417209722703658
	shear: 9
	translate_x: 0.05609760344177466
	translate_y: 0.19401626548254583
2026-01-10 20:44:48,157 - wandb.wandb_agent - INFO - About to run command: /usr/bin/env python train_data.py --affine=0.8253178926831475 --blur=0.5762537404068934 --brightness=0.953654766914402 --contrast=0.8899811911614074 --crop=0.4230152852466767 --crop_scale=0.433164275021626 --flip=0.0685273163716612 --gaussian_blur_kernel=3 --gaussian_noise_std=0.7401419966338479 --grey=0.26651610761756517 --hue=-0.093158528555439 --jiggle=0.6950836346337331 --rotate=0.7830604982391288 --rotation=27 --saturation=1.1520856768202148 --scale=1.0417209722703658 --shear=9 --translate_x=0.05609760344177466 --translate_y=0.19401626548254583
wandb: Currently logged in as: arnaumarcosalmansa (mcv-team-6) to https://api.wandb.ai. Use `wandb login --relogin` to force relogin
wandb: WARNING Ignoring project 'C3-Week3' when running a sweep.
wandb: WARNING Ignoring entity 'mcv-team-6' when running a sweep.
wandb: setting up run m8598yzk
wandb: Tracking run with wandb version 0.23.1
wandb: Run data is saved locally in /export/home/group06/workspace/project-team-6/Week3/wandb/run-20260110_204452-m8598yzk
wandb: Run `wandb offline` to turn off syncing.
wandb: Syncing run Sweep run
wandb: ⭐️ View project at https://wandb.ai/mcv-team-6/C3-Week3
wandb: 🧹 View sweep at https://wandb.ai/mcv-team-6/C3-Week3/sweeps/8yeenlu8
wandb: 🚀 View run at https://wandb.ai/mcv-team-6/C3-Week3/runs/m8598yzk
2026-01-10 20:44:53,164 - wandb.wandb_agent - INFO - Running runs: ['m8598yzk']
Traceback (most recent call last):
  File "/export/home/group06/workspace/project-team-6/Week3/train_data.py", line 61, in <module>
    ka.ColorJitter(brightness=cfg.brightness,
  File "/ghome/group06/miniconda3/envs/c3/lib/python3.12/site-packages/kornia/augmentation/_2d/intensity/color_jitter.py", line 105, in __init__
    self._param_generator = rg.ColorJitterGenerator(brightness, contrast, saturation, hue)
                            ^^^^^^^^^^^^^^^^^^^^^^^^^^^^^^^^^^^^^^^^^^^^^^^^^^^^^^^^^^^^^^
  File "/ghome/group06/miniconda3/envs/c3/lib/python3.12/site-packages/kornia/augmentation/random_generator/base.py", line 34, in __call__
    obj.__post_init__()
  File "/ghome/group06/miniconda3/envs/c3/lib/python3.12/site-packages/kornia/augmentation/random_generator/base.py", line 48, in __post_init__
    self.set_rng_device_and_dtype()
  File "/ghome/group06/miniconda3/envs/c3/lib/python3.12/site-packages/kornia/augmentation/random_generator/base.py", line 64, in set_rng_device_and_dtype
    self.make_samplers(device, dtype)
  File "/ghome/group06/miniconda3/envs/c3/lib/python3.12/site-packages/kornia/augmentation/random_generator/_2d/color_jitter.py", line 86, in make_samplers
    hue: Tensor = _range_bound(self.hue, "hue", bounds=(-0.5, 0.5), device=device, dtype=dtype)
                  ^^^^^^^^^^^^^^^^^^^^^^^^^^^^^^^^^^^^^^^^^^^^^^^^^^^^^^^^^^^^^^^^^^^^^^^^^^^^^
  File "/ghome/group06/miniconda3/envs/c3/lib/python3.12/site-packages/kornia/augmentation/utils/param_validation.py", line 53, in _range_bound
    raise ValueError(f"If {name} is a single number, it must be non negative. Got {factor}.")
ValueError: If hue is a single number, it must be non negative. Got -0.0931585282087326.
2026-01-10 20:44:58,306 - wandb.wandb_agent - INFO - Cleaning up finished run: m8598yzk
wandb: Terminating and syncing runs. Press ctrl-c to kill.
