Using GPU 0: NVIDIA GeForce RTX 3090
Epoch 1/500 - Train Loss: 2.0101, Train Accuracy: 0.2075, Test Loss: 1.9810, Test Accuracy: 0.2242
Epoch 2/500 - Train Loss: 1.7381, Train Accuracy: 0.4225, Test Loss: 1.6893, Test Accuracy: 0.5258
Epoch 3/500 - Train Loss: 1.5068, Train Accuracy: 0.6725, Test Loss: 1.4291, Test Accuracy: 0.7098
Epoch 4/500 - Train Loss: 1.3099, Train Accuracy: 0.7600, Test Loss: 1.2027, Test Accuracy: 0.8103
Epoch 5/500 - Train Loss: 1.1511, Train Accuracy: 0.8375, Test Loss: 1.0192, Test Accuracy: 0.8628
Epoch 6/500 - Train Loss: 0.9941, Train Accuracy: 0.8550, Test Loss: 0.8500, Test Accuracy: 0.8999
Epoch 7/500 - Train Loss: 0.8668, Train Accuracy: 0.8750, Test Loss: 0.7362, Test Accuracy: 0.9161
Epoch 8/500 - Train Loss: 0.7772, Train Accuracy: 0.8975, Test Loss: 0.6438, Test Accuracy: 0.9309
Epoch 9/500 - Train Loss: 0.6806, Train Accuracy: 0.9125, Test Loss: 0.5746, Test Accuracy: 0.9336
Epoch 10/500 - Train Loss: 0.6165, Train Accuracy: 0.9175, Test Loss: 0.5153, Test Accuracy: 0.9371
Epoch 11/500 - Train Loss: 0.5760, Train Accuracy: 0.9050, Test Loss: 0.4692, Test Accuracy: 0.9449
Epoch 12/500 - Train Loss: 0.5288, Train Accuracy: 0.9200, Test Loss: 0.4348, Test Accuracy: 0.9458
Epoch 13/500 - Train Loss: 0.4978, Train Accuracy: 0.9200, Test Loss: 0.4065, Test Accuracy: 0.9467
Epoch 14/500 - Train Loss: 0.4302, Train Accuracy: 0.9550, Test Loss: 0.3872, Test Accuracy: 0.9462
Epoch 15/500 - Train Loss: 0.4201, Train Accuracy: 0.9550, Test Loss: 0.3744, Test Accuracy: 0.9436
Epoch 16/500 - Train Loss: 0.4261, Train Accuracy: 0.9350, Test Loss: 0.3601, Test Accuracy: 0.9441
Epoch 17/500 - Train Loss: 0.3999, Train Accuracy: 0.9400, Test Loss: 0.3428, Test Accuracy: 0.9458
Epoch 18/500 - Train Loss: 0.3718, Train Accuracy: 0.9375, Test Loss: 0.3409, Test Accuracy: 0.9449
Epoch 19/500 - Train Loss: 0.3400, Train Accuracy: 0.9675, Test Loss: 0.3362, Test Accuracy: 0.9467
Epoch 20/500 - Train Loss: 0.3213, Train Accuracy: 0.9650, Test Loss: 0.3298, Test Accuracy: 0.9489
Epoch 21/500 - Train Loss: 0.3226, Train Accuracy: 0.9650, Test Loss: 0.3184, Test Accuracy: 0.9510
Epoch 22/500 - Train Loss: 0.2913, Train Accuracy: 0.9750, Test Loss: 0.3115, Test Accuracy: 0.9537
Epoch 23/500 - Train Loss: 0.2991, Train Accuracy: 0.9700, Test Loss: 0.3052, Test Accuracy: 0.9537
Epoch 24/500 - Train Loss: 0.2747, Train Accuracy: 0.9725, Test Loss: 0.3047, Test Accuracy: 0.9510
Epoch 25/500 - Train Loss: 0.2655, Train Accuracy: 0.9775, Test Loss: 0.3017, Test Accuracy: 0.9537
Epoch 26/500 - Train Loss: 0.2703, Train Accuracy: 0.9675, Test Loss: 0.3012, Test Accuracy: 0.9510
Epoch 27/500 - Train Loss: 0.2413, Train Accuracy: 0.9800, Test Loss: 0.2991, Test Accuracy: 0.9532
Epoch 28/500 - Train Loss: 0.2495, Train Accuracy: 0.9750, Test Loss: 0.2965, Test Accuracy: 0.9532
Epoch 29/500 - Train Loss: 0.2552, Train Accuracy: 0.9750, Test Loss: 0.2926, Test Accuracy: 0.9532
Epoch 30/500 - Train Loss: 0.2171, Train Accuracy: 0.9875, Test Loss: 0.2911, Test Accuracy: 0.9532
Epoch 31/500 - Train Loss: 0.2241, Train Accuracy: 0.9925, Test Loss: 0.2892, Test Accuracy: 0.9515
Epoch 32/500 - Train Loss: 0.2364, Train Accuracy: 0.9775, Test Loss: 0.2851, Test Accuracy: 0.9545
Epoch 33/500 - Train Loss: 0.2332, Train Accuracy: 0.9700, Test Loss: 0.2879, Test Accuracy: 0.9532
Epoch 34/500 - Train Loss: 0.2280, Train Accuracy: 0.9800, Test Loss: 0.2905, Test Accuracy: 0.9519
Epoch 35/500 - Train Loss: 0.2245, Train Accuracy: 0.9775, Test Loss: 0.2861, Test Accuracy: 0.9515
Epoch 36/500 - Train Loss: 0.2439, Train Accuracy: 0.9775, Test Loss: 0.2925, Test Accuracy: 0.9471
Epoch 37/500 - Train Loss: 0.2288, Train Accuracy: 0.9825, Test Loss: 0.2920, Test Accuracy: 0.9484
Epoch 38/500 - Train Loss: 0.1948, Train Accuracy: 0.9950, Test Loss: 0.2887, Test Accuracy: 0.9515
Epoch 39/500 - Train Loss: 0.2117, Train Accuracy: 0.9800, Test Loss: 0.2870, Test Accuracy: 0.9524
Epoch 40/500 - Train Loss: 0.1936, Train Accuracy: 0.9875, Test Loss: 0.2808, Test Accuracy: 0.9563
Epoch 41/500 - Train Loss: 0.2096, Train Accuracy: 0.9850, Test Loss: 0.2829, Test Accuracy: 0.9524
Epoch 42/500 - Train Loss: 0.2098, Train Accuracy: 0.9825, Test Loss: 0.2798, Test Accuracy: 0.9537
Epoch 43/500 - Train Loss: 0.1904, Train Accuracy: 0.9950, Test Loss: 0.2842, Test Accuracy: 0.9506
Epoch 44/500 - Train Loss: 0.2152, Train Accuracy: 0.9825, Test Loss: 0.2838, Test Accuracy: 0.9515
Epoch 45/500 - Train Loss: 0.1844, Train Accuracy: 0.9950, Test Loss: 0.2813, Test Accuracy: 0.9541
Epoch 46/500 - Train Loss: 0.1886, Train Accuracy: 0.9925, Test Loss: 0.2824, Test Accuracy: 0.9545
Epoch 47/500 - Train Loss: 0.1885, Train Accuracy: 0.9950, Test Loss: 0.2856, Test Accuracy: 0.9502
Epoch 48/500 - Train Loss: 0.1808, Train Accuracy: 0.9950, Test Loss: 0.2827, Test Accuracy: 0.9506
Epoch 49/500 - Train Loss: 0.1822, Train Accuracy: 0.9900, Test Loss: 0.2857, Test Accuracy: 0.9493
Epoch 50/500 - Train Loss: 0.1821, Train Accuracy: 0.9925, Test Loss: 0.2890, Test Accuracy: 0.9493
Epoch 51/500 - Train Loss: 0.1943, Train Accuracy: 0.9850, Test Loss: 0.2912, Test Accuracy: 0.9476
Epoch 52/500 - Train Loss: 0.1788, Train Accuracy: 0.9925, Test Loss: 0.2874, Test Accuracy: 0.9515
Epoch 53/500 - Train Loss: 0.1952, Train Accuracy: 0.9800, Test Loss: 0.2862, Test Accuracy: 0.9524
Epoch 54/500 - Train Loss: 0.1888, Train Accuracy: 0.9875, Test Loss: 0.2833, Test Accuracy: 0.9541
Epoch 55/500 - Train Loss: 0.1844, Train Accuracy: 0.9925, Test Loss: 0.2823, Test Accuracy: 0.9537
Epoch 56/500 - Train Loss: 0.1717, Train Accuracy: 0.9950, Test Loss: 0.2830, Test Accuracy: 0.9541
Epoch 57/500 - Train Loss: 0.1623, Train Accuracy: 0.9975, Test Loss: 0.2809, Test Accuracy: 0.9532

Early stopping triggered at epoch 57
Best test loss: 0.2798
Best test accuracy: 0.9563
Plot saved as trained_models/Sweep_data run/metrics/loss.png
Plot saved as trained_models/Sweep_data run/metrics/metrics.png
