Using GPU 0: NVIDIA GeForce RTX 3090
Epoch 1/500 - Train Loss: 0.9759, Train Accuracy: 0.6650, Test Loss: 1.0163, Test Accuracy: 0.7045
Epoch 2/500 - Train Loss: 0.3150, Train Accuracy: 0.9150, Test Loss: 0.3288, Test Accuracy: 0.9100
Epoch 3/500 - Train Loss: 0.1941, Train Accuracy: 0.9500, Test Loss: 0.3217, Test Accuracy: 0.9073
Epoch 4/500 - Train Loss: 0.1479, Train Accuracy: 0.9675, Test Loss: 0.2456, Test Accuracy: 0.9336
Epoch 5/500 - Train Loss: 0.1527, Train Accuracy: 0.9550, Test Loss: 0.2715, Test Accuracy: 0.9240
Epoch 6/500 - Train Loss: 0.1404, Train Accuracy: 0.9600, Test Loss: 0.2827, Test Accuracy: 0.9191
Epoch 7/500 - Train Loss: 0.1220, Train Accuracy: 0.9600, Test Loss: 0.2387, Test Accuracy: 0.9296
Epoch 8/500 - Train Loss: 0.0954, Train Accuracy: 0.9825, Test Loss: 0.2588, Test Accuracy: 0.9257
Epoch 9/500 - Train Loss: 0.0836, Train Accuracy: 0.9900, Test Loss: 0.2323, Test Accuracy: 0.9305
Epoch 10/500 - Train Loss: 0.0818, Train Accuracy: 0.9875, Test Loss: 0.2261, Test Accuracy: 0.9397
Epoch 11/500 - Train Loss: 0.0532, Train Accuracy: 0.9925, Test Loss: 0.2573, Test Accuracy: 0.9261
Epoch 12/500 - Train Loss: 0.0806, Train Accuracy: 0.9850, Test Loss: 0.2234, Test Accuracy: 0.9358
Epoch 13/500 - Train Loss: 0.0868, Train Accuracy: 0.9800, Test Loss: 0.2574, Test Accuracy: 0.9218
Epoch 14/500 - Train Loss: 0.0803, Train Accuracy: 0.9825, Test Loss: 0.4300, Test Accuracy: 0.8750
Epoch 15/500 - Train Loss: 0.0594, Train Accuracy: 0.9975, Test Loss: 0.3152, Test Accuracy: 0.9073
Epoch 16/500 - Train Loss: 0.0457, Train Accuracy: 0.9975, Test Loss: 0.2436, Test Accuracy: 0.9270
Epoch 17/500 - Train Loss: 0.0501, Train Accuracy: 0.9925, Test Loss: 0.2280, Test Accuracy: 0.9358
Epoch 18/500 - Train Loss: 0.0556, Train Accuracy: 0.9900, Test Loss: 0.2340, Test Accuracy: 0.9309
Epoch 19/500 - Train Loss: 0.0493, Train Accuracy: 0.9950, Test Loss: 0.2383, Test Accuracy: 0.9292
Epoch 20/500 - Train Loss: 0.0480, Train Accuracy: 0.9975, Test Loss: 0.2764, Test Accuracy: 0.9209
Epoch 21/500 - Train Loss: 0.0484, Train Accuracy: 0.9925, Test Loss: 0.2738, Test Accuracy: 0.9156
Epoch 22/500 - Train Loss: 0.0689, Train Accuracy: 0.9925, Test Loss: 0.2631, Test Accuracy: 0.9213
Epoch 23/500 - Train Loss: 0.0408, Train Accuracy: 1.0000, Test Loss: 0.2366, Test Accuracy: 0.9279
Epoch 24/500 - Train Loss: 0.0476, Train Accuracy: 0.9925, Test Loss: 0.2301, Test Accuracy: 0.9336
Epoch 25/500 - Train Loss: 0.0601, Train Accuracy: 0.9875, Test Loss: 0.2807, Test Accuracy: 0.9213
Epoch 26/500 - Train Loss: 0.0475, Train Accuracy: 0.9925, Test Loss: 0.2409, Test Accuracy: 0.9323
Epoch 27/500 - Train Loss: 0.0518, Train Accuracy: 0.9900, Test Loss: 0.2433, Test Accuracy: 0.9358

Early stopping triggered at epoch 27
Best test loss: 0.2234
Best test accuracy: 0.9358
Plot saved as trained_models/Sweep run/metrics/loss.png
Plot saved as trained_models/Sweep run/metrics/metrics.png
