wandb: Starting wandb agent 🕵️
2026-01-10 19:48:37,028 - wandb.wandb_agent - INFO - Running runs: []
2026-01-10 19:48:37,342 - wandb.wandb_agent - INFO - Agent received command: run
2026-01-10 19:48:37,342 - wandb.wandb_agent - INFO - Agent starting run with config:
	affine: 0.15088202254163763
	blur: 0.837102042774806
	brightness: 1.3863733555708526
	contrast: 1.0467654804508069
	crop: 0.3967728579933313
	crop_scale: 0.3737313155499205
	flip: 0.5904240251308716
	gaussian_blur_kernel: 9
	gaussian_noise_std: 2.7998998397852715
	grey: 0.137408759951116
	hue: -0.0876475427533035
	jiggle: 0.8478958314248044
	rotate: 0.454478912808424
	rotation: 5
	saturation: 1.2114487662093971
	scale: 1.0322955012811224
	shear: 19
	translate_x: 0.09382951266796656
	translate_y: 0.29389116386110875
2026-01-10 19:48:37,346 - wandb.wandb_agent - INFO - About to run command: /usr/bin/env python train_data.py --affine=0.15088202254163763 --blur=0.837102042774806 --brightness=1.3863733555708526 --contrast=1.0467654804508069 --crop=0.3967728579933313 --crop_scale=0.3737313155499205 --flip=0.5904240251308716 --gaussian_blur_kernel=9 --gaussian_noise_std=2.7998998397852715 --grey=0.137408759951116 --hue=-0.0876475427533035 --jiggle=0.8478958314248044 --rotate=0.454478912808424 --rotation=5 --saturation=1.2114487662093971 --scale=1.0322955012811224 --shear=19 --translate_x=0.09382951266796656 --translate_y=0.29389116386110875
wandb: Currently logged in as: arnaumarcosalmansa (mcv-team-6) to https://api.wandb.ai. Use `wandb login --relogin` to force relogin
wandb: WARNING Ignoring project 'C3-Week3' when running a sweep.
wandb: WARNING Ignoring entity 'mcv-team-6' when running a sweep.
2026-01-10 19:48:42,352 - wandb.wandb_agent - INFO - Running runs: ['3h7rr3xq']
wandb: setting up run 3h7rr3xq
wandb: Tracking run with wandb version 0.23.1
wandb: Run data is saved locally in /export/home/group06/workspace/project-team-6/Week3/wandb/run-20260110_194841-3h7rr3xq
wandb: Run `wandb offline` to turn off syncing.
wandb: Syncing run Sweep run
wandb: ⭐️ View project at https://wandb.ai/mcv-team-6/C3-Week3
wandb: 🧹 View sweep at https://wandb.ai/mcv-team-6/C3-Week3/sweeps/g5vb4edr
wandb: 🚀 View run at https://wandb.ai/mcv-team-6/C3-Week3/runs/3h7rr3xq
Traceback (most recent call last):
  File "/export/home/group06/workspace/project-team-6/Week3/train_data.py", line 61, in <module>
    ka.ColorJitter(brightness=cfg.brightness,
  File "/ghome/group06/miniconda3/envs/c3/lib/python3.12/site-packages/kornia/augmentation/_2d/intensity/color_jitter.py", line 105, in __init__
    self._param_generator = rg.ColorJitterGenerator(brightness, contrast, saturation, hue)
                            ^^^^^^^^^^^^^^^^^^^^^^^^^^^^^^^^^^^^^^^^^^^^^^^^^^^^^^^^^^^^^^
  File "/ghome/group06/miniconda3/envs/c3/lib/python3.12/site-packages/kornia/augmentation/random_generator/base.py", line 34, in __call__
    obj.__post_init__()
  File "/ghome/group06/miniconda3/envs/c3/lib/python3.12/site-packages/kornia/augmentation/random_generator/base.py", line 48, in __post_init__
    self.set_rng_device_and_dtype()
  File "/ghome/group06/miniconda3/envs/c3/lib/python3.12/site-packages/kornia/augmentation/random_generator/base.py", line 64, in set_rng_device_and_dtype
    self.make_samplers(device, dtype)
  File "/ghome/group06/miniconda3/envs/c3/lib/python3.12/site-packages/kornia/augmentation/random_generator/_2d/color_jitter.py", line 86, in make_samplers
    hue: Tensor = _range_bound(self.hue, "hue", bounds=(-0.5, 0.5), device=device, dtype=dtype)
                  ^^^^^^^^^^^^^^^^^^^^^^^^^^^^^^^^^^^^^^^^^^^^^^^^^^^^^^^^^^^^^^^^^^^^^^^^^^^^^
  File "/ghome/group06/miniconda3/envs/c3/lib/python3.12/site-packages/kornia/augmentation/utils/param_validation.py", line 53, in _range_bound
    raise ValueError(f"If {name} is a single number, it must be non negative. Got {factor}.")
ValueError: If hue is a single number, it must be non negative. Got -0.08764754235744476.
2026-01-10 19:48:47,499 - wandb.wandb_agent - INFO - Cleaning up finished run: 3h7rr3xq
wandb: Terminating and syncing runs. Press ctrl-c to kill.
