wandb: Starting wandb agent 🕵️
2026-01-10 19:59:34,065 - wandb.wandb_agent - INFO - Running runs: []
2026-01-10 19:59:34,374 - wandb.wandb_agent - INFO - Agent received command: run
2026-01-10 19:59:34,374 - wandb.wandb_agent - INFO - Agent starting run with config:
	affine: 0.16750082720292836
	blur: 0.7510008672132646
	brightness: 0.7737911155701904
	contrast: 1.105394687542427
	crop: 0.02425585765398119
	crop_scale: 0.5904595240408091
	flip: 0.4415673812734609
	gaussian_blur_kernel: 9
	gaussian_noise_std: 1.5920960064424508
	grey: 0.21614837835822345
	hue: -0.060506174811492945
	jiggle: 0.19282171649225588
	rotate: 0.6938035915262495
	rotation: 23
	saturation: 1.375711341451992
	scale: 1.184346711410337
	shear: 15
	translate_x: 0.02175107287576843
	translate_y: 0.1219378174150262
2026-01-10 19:59:34,378 - wandb.wandb_agent - INFO - About to run command: /usr/bin/env python train_data.py --affine=0.16750082720292836 --blur=0.7510008672132646 --brightness=0.7737911155701904 --contrast=1.105394687542427 --crop=0.02425585765398119 --crop_scale=0.5904595240408091 --flip=0.4415673812734609 --gaussian_blur_kernel=9 --gaussian_noise_std=1.5920960064424508 --grey=0.21614837835822345 --hue=-0.060506174811492945 --jiggle=0.19282171649225588 --rotate=0.6938035915262495 --rotation=23 --saturation=1.375711341451992 --scale=1.184346711410337 --shear=15 --translate_x=0.02175107287576843 --translate_y=0.1219378174150262
wandb: Currently logged in as: arnaumarcosalmansa (mcv-team-6) to https://api.wandb.ai. Use `wandb login --relogin` to force relogin
wandb: WARNING Ignoring project 'C3-Week3' when running a sweep.
wandb: WARNING Ignoring entity 'mcv-team-6' when running a sweep.
wandb: setting up run 5iyy4nvi
2026-01-10 19:59:39,384 - wandb.wandb_agent - INFO - Running runs: ['5iyy4nvi']
wandb: Tracking run with wandb version 0.23.1
wandb: Run data is saved locally in /export/home/group06/workspace/project-team-6/Week3/wandb/run-20260110_195938-5iyy4nvi
wandb: Run `wandb offline` to turn off syncing.
wandb: Syncing run Sweep run
wandb: ⭐️ View project at https://wandb.ai/mcv-team-6/C3-Week3
wandb: 🧹 View sweep at https://wandb.ai/mcv-team-6/C3-Week3/sweeps/g5vb4edr
wandb: 🚀 View run at https://wandb.ai/mcv-team-6/C3-Week3/runs/5iyy4nvi
Traceback (most recent call last):
  File "/export/home/group06/workspace/project-team-6/Week3/train_data.py", line 61, in <module>
    ka.ColorJitter(brightness=cfg.brightness,
  File "/ghome/group06/miniconda3/envs/c3/lib/python3.12/site-packages/kornia/augmentation/_2d/intensity/color_jitter.py", line 105, in __init__
    self._param_generator = rg.ColorJitterGenerator(brightness, contrast, saturation, hue)
                            ^^^^^^^^^^^^^^^^^^^^^^^^^^^^^^^^^^^^^^^^^^^^^^^^^^^^^^^^^^^^^^
  File "/ghome/group06/miniconda3/envs/c3/lib/python3.12/site-packages/kornia/augmentation/random_generator/base.py", line 34, in __call__
    obj.__post_init__()
  File "/ghome/group06/miniconda3/envs/c3/lib/python3.12/site-packages/kornia/augmentation/random_generator/base.py", line 48, in __post_init__
    self.set_rng_device_and_dtype()
  File "/ghome/group06/miniconda3/envs/c3/lib/python3.12/site-packages/kornia/augmentation/random_generator/base.py", line 64, in set_rng_device_and_dtype
    self.make_samplers(device, dtype)
  File "/ghome/group06/miniconda3/envs/c3/lib/python3.12/site-packages/kornia/augmentation/random_generator/_2d/color_jitter.py", line 86, in make_samplers
    hue: Tensor = _range_bound(self.hue, "hue", bounds=(-0.5, 0.5), device=device, dtype=dtype)
                  ^^^^^^^^^^^^^^^^^^^^^^^^^^^^^^^^^^^^^^^^^^^^^^^^^^^^^^^^^^^^^^^^^^^^^^^^^^^^^
  File "/ghome/group06/miniconda3/envs/c3/lib/python3.12/site-packages/kornia/augmentation/utils/param_validation.py", line 53, in _range_bound
    raise ValueError(f"If {name} is a single number, it must be non negative. Got {factor}.")
ValueError: If hue is a single number, it must be non negative. Got -0.060506176203489304.
2026-01-10 19:59:44,533 - wandb.wandb_agent - INFO - Cleaning up finished run: 5iyy4nvi
wandb: Terminating and syncing runs. Press ctrl-c to kill.
