wandb: Starting wandb agent 🕵️
2026-01-10 20:07:02,144 - wandb.wandb_agent - INFO - Running runs: []
2026-01-10 20:07:02,469 - wandb.wandb_agent - INFO - Agent received command: run
2026-01-10 20:07:02,469 - wandb.wandb_agent - INFO - Agent starting run with config:
	affine: 0.3712099366743003
	blur: 0.9093762282578484
	brightness: 0.7671215829071967
	contrast: 0.7098497460363014
	crop: 0.9509150324546276
	crop_scale: 0.45772233153342223
	flip: 0.4685191738418256
	gaussian_blur_kernel: 5
	gaussian_noise_std: 1.3111117252917546
	grey: 0.3919668678740358
	hue: -0.008299886835292286
	jiggle: 0.7360627647838457
	rotate: 0.2513764250149647
	rotation: 11
	saturation: 0.671324419633718
	scale: 0.8284593341175697
	shear: 20
	translate_x: 0.205239651048438
	translate_y: 0.13476847589285504
2026-01-10 20:07:02,473 - wandb.wandb_agent - INFO - About to run command: /usr/bin/env python train_data.py --affine=0.3712099366743003 --blur=0.9093762282578484 --brightness=0.7671215829071967 --contrast=0.7098497460363014 --crop=0.9509150324546276 --crop_scale=0.45772233153342223 --flip=0.4685191738418256 --gaussian_blur_kernel=5 --gaussian_noise_std=1.3111117252917546 --grey=0.3919668678740358 --hue=-0.008299886835292286 --jiggle=0.7360627647838457 --rotate=0.2513764250149647 --rotation=11 --saturation=0.671324419633718 --scale=0.8284593341175697 --shear=20 --translate_x=0.205239651048438 --translate_y=0.13476847589285504
wandb: Currently logged in as: arnaumarcosalmansa (mcv-team-6) to https://api.wandb.ai. Use `wandb login --relogin` to force relogin
wandb: WARNING Ignoring project 'C3-Week3' when running a sweep.
wandb: WARNING Ignoring entity 'mcv-team-6' when running a sweep.
wandb: setting up run 8xwx2dps
wandb: Tracking run with wandb version 0.23.1
wandb: Run data is saved locally in /export/home/group06/workspace/project-team-6/Week3/wandb/run-20260110_200706-8xwx2dps
wandb: Run `wandb offline` to turn off syncing.
wandb: Syncing run Sweep run
wandb: ⭐️ View project at https://wandb.ai/mcv-team-6/C3-Week3
wandb: 🧹 View sweep at https://wandb.ai/mcv-team-6/C3-Week3/sweeps/g5vb4edr
wandb: 🚀 View run at https://wandb.ai/mcv-team-6/C3-Week3/runs/8xwx2dps
2026-01-10 20:07:07,479 - wandb.wandb_agent - INFO - Running runs: ['8xwx2dps']
Traceback (most recent call last):
  File "/export/home/group06/workspace/project-team-6/Week3/train_data.py", line 61, in <module>
    ka.ColorJitter(brightness=cfg.brightness,
  File "/ghome/group06/miniconda3/envs/c3/lib/python3.12/site-packages/kornia/augmentation/_2d/intensity/color_jitter.py", line 105, in __init__
    self._param_generator = rg.ColorJitterGenerator(brightness, contrast, saturation, hue)
                            ^^^^^^^^^^^^^^^^^^^^^^^^^^^^^^^^^^^^^^^^^^^^^^^^^^^^^^^^^^^^^^
  File "/ghome/group06/miniconda3/envs/c3/lib/python3.12/site-packages/kornia/augmentation/random_generator/base.py", line 34, in __call__
    obj.__post_init__()
  File "/ghome/group06/miniconda3/envs/c3/lib/python3.12/site-packages/kornia/augmentation/random_generator/base.py", line 48, in __post_init__
    self.set_rng_device_and_dtype()
  File "/ghome/group06/miniconda3/envs/c3/lib/python3.12/site-packages/kornia/augmentation/random_generator/base.py", line 64, in set_rng_device_and_dtype
    self.make_samplers(device, dtype)
  File "/ghome/group06/miniconda3/envs/c3/lib/python3.12/site-packages/kornia/augmentation/random_generator/_2d/color_jitter.py", line 86, in make_samplers
    hue: Tensor = _range_bound(self.hue, "hue", bounds=(-0.5, 0.5), device=device, dtype=dtype)
                  ^^^^^^^^^^^^^^^^^^^^^^^^^^^^^^^^^^^^^^^^^^^^^^^^^^^^^^^^^^^^^^^^^^^^^^^^^^^^^
  File "/ghome/group06/miniconda3/envs/c3/lib/python3.12/site-packages/kornia/augmentation/utils/param_validation.py", line 53, in _range_bound
    raise ValueError(f"If {name} is a single number, it must be non negative. Got {factor}.")
ValueError: If hue is a single number, it must be non negative. Got -0.00829988718032837.
2026-01-10 20:07:12,618 - wandb.wandb_agent - INFO - Cleaning up finished run: 8xwx2dps
wandb: Terminating and syncing runs. Press ctrl-c to kill.
