Using GPU 0: NVIDIA GeForce RTX 3090
Epoch 1/500 - Train Loss: 2.0814, Train Accuracy: 0.2225, Test Loss: 2.0029, Test Accuracy: 0.2911
Epoch 2/500 - Train Loss: 1.8715, Train Accuracy: 0.3700, Test Loss: 1.7868, Test Accuracy: 0.4480
Epoch 3/500 - Train Loss: 1.7393, Train Accuracy: 0.4525, Test Loss: 1.6198, Test Accuracy: 0.5463
Epoch 4/500 - Train Loss: 1.6022, Train Accuracy: 0.5600, Test Loss: 1.4888, Test Accuracy: 0.6141
Epoch 5/500 - Train Loss: 1.4997, Train Accuracy: 0.5950, Test Loss: 1.3647, Test Accuracy: 0.6648
Epoch 6/500 - Train Loss: 1.4091, Train Accuracy: 0.6275, Test Loss: 1.2680, Test Accuracy: 0.7233
Epoch 7/500 - Train Loss: 1.3263, Train Accuracy: 0.7175, Test Loss: 1.1642, Test Accuracy: 0.7845
Epoch 8/500 - Train Loss: 1.2325, Train Accuracy: 0.7325, Test Loss: 1.0901, Test Accuracy: 0.8208
Epoch 9/500 - Train Loss: 1.1659, Train Accuracy: 0.7825, Test Loss: 1.0100, Test Accuracy: 0.8365
Epoch 10/500 - Train Loss: 1.1028, Train Accuracy: 0.8000, Test Loss: 0.9371, Test Accuracy: 0.8510
Epoch 11/500 - Train Loss: 1.0403, Train Accuracy: 0.8125, Test Loss: 0.8838, Test Accuracy: 0.8750
Epoch 12/500 - Train Loss: 0.9926, Train Accuracy: 0.8450, Test Loss: 0.8353, Test Accuracy: 0.8807
Epoch 13/500 - Train Loss: 0.9370, Train Accuracy: 0.8400, Test Loss: 0.7950, Test Accuracy: 0.8881
Epoch 14/500 - Train Loss: 0.9160, Train Accuracy: 0.8425, Test Loss: 0.7495, Test Accuracy: 0.8912
Epoch 15/500 - Train Loss: 0.8488, Train Accuracy: 0.8700, Test Loss: 0.7210, Test Accuracy: 0.8969
Epoch 16/500 - Train Loss: 0.8498, Train Accuracy: 0.8575, Test Loss: 0.6825, Test Accuracy: 0.9060
Epoch 17/500 - Train Loss: 0.8003, Train Accuracy: 0.8625, Test Loss: 0.6659, Test Accuracy: 0.9065
Epoch 18/500 - Train Loss: 0.7847, Train Accuracy: 0.8625, Test Loss: 0.6441, Test Accuracy: 0.9091
Epoch 19/500 - Train Loss: 0.7437, Train Accuracy: 0.8800, Test Loss: 0.6172, Test Accuracy: 0.9095
Epoch 20/500 - Train Loss: 0.7168, Train Accuracy: 0.8825, Test Loss: 0.6066, Test Accuracy: 0.9187
Epoch 21/500 - Train Loss: 0.7146, Train Accuracy: 0.8850, Test Loss: 0.5888, Test Accuracy: 0.9235
Epoch 22/500 - Train Loss: 0.6810, Train Accuracy: 0.8925, Test Loss: 0.5756, Test Accuracy: 0.9235
Epoch 23/500 - Train Loss: 0.6874, Train Accuracy: 0.8775, Test Loss: 0.5651, Test Accuracy: 0.9244
Epoch 24/500 - Train Loss: 0.6486, Train Accuracy: 0.9175, Test Loss: 0.5554, Test Accuracy: 0.9248
Epoch 25/500 - Train Loss: 0.6195, Train Accuracy: 0.9200, Test Loss: 0.5503, Test Accuracy: 0.9292
Epoch 26/500 - Train Loss: 0.6519, Train Accuracy: 0.8900, Test Loss: 0.5385, Test Accuracy: 0.9288
Epoch 27/500 - Train Loss: 0.6293, Train Accuracy: 0.9075, Test Loss: 0.5270, Test Accuracy: 0.9331
Epoch 28/500 - Train Loss: 0.5784, Train Accuracy: 0.9150, Test Loss: 0.5236, Test Accuracy: 0.9318
Epoch 29/500 - Train Loss: 0.5887, Train Accuracy: 0.9075, Test Loss: 0.5201, Test Accuracy: 0.9344
Epoch 30/500 - Train Loss: 0.5571, Train Accuracy: 0.9425, Test Loss: 0.5138, Test Accuracy: 0.9362
Epoch 31/500 - Train Loss: 0.6178, Train Accuracy: 0.8825, Test Loss: 0.5101, Test Accuracy: 0.9318
Epoch 32/500 - Train Loss: 0.5687, Train Accuracy: 0.9250, Test Loss: 0.5071, Test Accuracy: 0.9375
Epoch 33/500 - Train Loss: 0.5679, Train Accuracy: 0.9125, Test Loss: 0.5001, Test Accuracy: 0.9362
Epoch 34/500 - Train Loss: 0.5480, Train Accuracy: 0.9375, Test Loss: 0.4988, Test Accuracy: 0.9392
Epoch 35/500 - Train Loss: 0.5351, Train Accuracy: 0.9300, Test Loss: 0.4961, Test Accuracy: 0.9384
Epoch 36/500 - Train Loss: 0.5059, Train Accuracy: 0.9425, Test Loss: 0.4929, Test Accuracy: 0.9392
Epoch 37/500 - Train Loss: 0.5144, Train Accuracy: 0.9450, Test Loss: 0.4888, Test Accuracy: 0.9406
Epoch 38/500 - Train Loss: 0.5428, Train Accuracy: 0.9375, Test Loss: 0.4955, Test Accuracy: 0.9375
Epoch 39/500 - Train Loss: 0.4882, Train Accuracy: 0.9425, Test Loss: 0.4939, Test Accuracy: 0.9397
Epoch 40/500 - Train Loss: 0.5520, Train Accuracy: 0.9225, Test Loss: 0.4897, Test Accuracy: 0.9414
Epoch 41/500 - Train Loss: 0.4977, Train Accuracy: 0.9525, Test Loss: 0.4844, Test Accuracy: 0.9427
Epoch 42/500 - Train Loss: 0.4881, Train Accuracy: 0.9525, Test Loss: 0.4839, Test Accuracy: 0.9432
Epoch 43/500 - Train Loss: 0.4916, Train Accuracy: 0.9425, Test Loss: 0.4796, Test Accuracy: 0.9436
Epoch 44/500 - Train Loss: 0.4885, Train Accuracy: 0.9475, Test Loss: 0.4779, Test Accuracy: 0.9427
Epoch 45/500 - Train Loss: 0.4958, Train Accuracy: 0.9225, Test Loss: 0.4776, Test Accuracy: 0.9436
Epoch 46/500 - Train Loss: 0.4867, Train Accuracy: 0.9400, Test Loss: 0.4769, Test Accuracy: 0.9462
Epoch 47/500 - Train Loss: 0.4645, Train Accuracy: 0.9400, Test Loss: 0.4767, Test Accuracy: 0.9432
Epoch 48/500 - Train Loss: 0.4708, Train Accuracy: 0.9525, Test Loss: 0.4786, Test Accuracy: 0.9414
Epoch 49/500 - Train Loss: 0.4729, Train Accuracy: 0.9525, Test Loss: 0.4759, Test Accuracy: 0.9432
Epoch 50/500 - Train Loss: 0.4534, Train Accuracy: 0.9550, Test Loss: 0.4700, Test Accuracy: 0.9449
Epoch 51/500 - Train Loss: 0.4415, Train Accuracy: 0.9575, Test Loss: 0.4716, Test Accuracy: 0.9432
Epoch 52/500 - Train Loss: 0.4503, Train Accuracy: 0.9525, Test Loss: 0.4687, Test Accuracy: 0.9436
Epoch 53/500 - Train Loss: 0.4584, Train Accuracy: 0.9525, Test Loss: 0.4678, Test Accuracy: 0.9423
Epoch 54/500 - Train Loss: 0.4348, Train Accuracy: 0.9675, Test Loss: 0.4719, Test Accuracy: 0.9419
Epoch 55/500 - Train Loss: 0.4501, Train Accuracy: 0.9450, Test Loss: 0.4664, Test Accuracy: 0.9454
Epoch 56/500 - Train Loss: 0.4458, Train Accuracy: 0.9500, Test Loss: 0.4637, Test Accuracy: 0.9458
Epoch 57/500 - Train Loss: 0.4151, Train Accuracy: 0.9650, Test Loss: 0.4601, Test Accuracy: 0.9484
Epoch 58/500 - Train Loss: 0.4790, Train Accuracy: 0.9375, Test Loss: 0.4622, Test Accuracy: 0.9462
Epoch 59/500 - Train Loss: 0.4475, Train Accuracy: 0.9625, Test Loss: 0.4641, Test Accuracy: 0.9445
Epoch 60/500 - Train Loss: 0.4223, Train Accuracy: 0.9575, Test Loss: 0.4625, Test Accuracy: 0.9445
Epoch 61/500 - Train Loss: 0.4564, Train Accuracy: 0.9475, Test Loss: 0.4636, Test Accuracy: 0.9449
Epoch 62/500 - Train Loss: 0.4439, Train Accuracy: 0.9575, Test Loss: 0.4587, Test Accuracy: 0.9467
Epoch 63/500 - Train Loss: 0.4286, Train Accuracy: 0.9550, Test Loss: 0.4595, Test Accuracy: 0.9445
Epoch 64/500 - Train Loss: 0.4354, Train Accuracy: 0.9700, Test Loss: 0.4620, Test Accuracy: 0.9445
Epoch 65/500 - Train Loss: 0.4160, Train Accuracy: 0.9675, Test Loss: 0.4586, Test Accuracy: 0.9462
Epoch 66/500 - Train Loss: 0.4391, Train Accuracy: 0.9575, Test Loss: 0.4575, Test Accuracy: 0.9476
Epoch 67/500 - Train Loss: 0.4708, Train Accuracy: 0.9350, Test Loss: 0.4605, Test Accuracy: 0.9462
Epoch 68/500 - Train Loss: 0.4301, Train Accuracy: 0.9575, Test Loss: 0.4606, Test Accuracy: 0.9449
Epoch 69/500 - Train Loss: 0.4096, Train Accuracy: 0.9775, Test Loss: 0.4664, Test Accuracy: 0.9427
Epoch 70/500 - Train Loss: 0.4177, Train Accuracy: 0.9625, Test Loss: 0.4612, Test Accuracy: 0.9462
Epoch 71/500 - Train Loss: 0.4069, Train Accuracy: 0.9700, Test Loss: 0.4563, Test Accuracy: 0.9476
Epoch 72/500 - Train Loss: 0.4123, Train Accuracy: 0.9750, Test Loss: 0.4580, Test Accuracy: 0.9489
Epoch 73/500 - Train Loss: 0.4183, Train Accuracy: 0.9750, Test Loss: 0.4591, Test Accuracy: 0.9454
Epoch 74/500 - Train Loss: 0.4175, Train Accuracy: 0.9650, Test Loss: 0.4577, Test Accuracy: 0.9454
Epoch 75/500 - Train Loss: 0.4009, Train Accuracy: 0.9725, Test Loss: 0.4551, Test Accuracy: 0.9462
Epoch 76/500 - Train Loss: 0.4017, Train Accuracy: 0.9725, Test Loss: 0.4585, Test Accuracy: 0.9462
Epoch 77/500 - Train Loss: 0.4287, Train Accuracy: 0.9600, Test Loss: 0.4567, Test Accuracy: 0.9493
Epoch 78/500 - Train Loss: 0.4245, Train Accuracy: 0.9625, Test Loss: 0.4558, Test Accuracy: 0.9462
Epoch 79/500 - Train Loss: 0.4131, Train Accuracy: 0.9525, Test Loss: 0.4609, Test Accuracy: 0.9445
Epoch 80/500 - Train Loss: 0.3885, Train Accuracy: 0.9825, Test Loss: 0.4588, Test Accuracy: 0.9471
Epoch 81/500 - Train Loss: 0.3857, Train Accuracy: 0.9800, Test Loss: 0.4591, Test Accuracy: 0.9462
Epoch 82/500 - Train Loss: 0.4165, Train Accuracy: 0.9725, Test Loss: 0.4605, Test Accuracy: 0.9445
Epoch 83/500 - Train Loss: 0.3921, Train Accuracy: 0.9700, Test Loss: 0.4575, Test Accuracy: 0.9476
Epoch 84/500 - Train Loss: 0.4221, Train Accuracy: 0.9500, Test Loss: 0.4567, Test Accuracy: 0.9454
Epoch 85/500 - Train Loss: 0.3903, Train Accuracy: 0.9700, Test Loss: 0.4592, Test Accuracy: 0.9462
Epoch 86/500 - Train Loss: 0.4075, Train Accuracy: 0.9725, Test Loss: 0.4605, Test Accuracy: 0.9445
Epoch 87/500 - Train Loss: 0.3890, Train Accuracy: 0.9800, Test Loss: 0.4576, Test Accuracy: 0.9480
Epoch 88/500 - Train Loss: 0.4034, Train Accuracy: 0.9825, Test Loss: 0.4549, Test Accuracy: 0.9489
Epoch 89/500 - Train Loss: 0.3780, Train Accuracy: 0.9850, Test Loss: 0.4561, Test Accuracy: 0.9462
Epoch 90/500 - Train Loss: 0.3948, Train Accuracy: 0.9750, Test Loss: 0.4546, Test Accuracy: 0.9445

Early stopping triggered at epoch 90
Best test loss: 0.4546
Best test accuracy: 0.9493
Plot saved as trained_models/Sweep_data run/metrics/loss.png
Plot saved as trained_models/Sweep_data run/metrics/metrics.png
