Using GPU 0: NVIDIA GeForce RTX 3090
Epoch 1/500 - Train Loss: 2.0496, Train Accuracy: 0.1775, Test Loss: 2.0417, Test Accuracy: 0.2080
Epoch 2/500 - Train Loss: 1.8180, Train Accuracy: 0.4275, Test Loss: 1.8067, Test Accuracy: 0.4261
Epoch 3/500 - Train Loss: 1.6270, Train Accuracy: 0.5600, Test Loss: 1.5750, Test Accuracy: 0.5721
Epoch 4/500 - Train Loss: 1.4386, Train Accuracy: 0.6975, Test Loss: 1.3693, Test Accuracy: 0.7264
Epoch 5/500 - Train Loss: 1.3079, Train Accuracy: 0.7700, Test Loss: 1.1905, Test Accuracy: 0.8042
Epoch 6/500 - Train Loss: 1.1335, Train Accuracy: 0.8025, Test Loss: 1.0440, Test Accuracy: 0.8462
Epoch 7/500 - Train Loss: 1.0239, Train Accuracy: 0.7975, Test Loss: 0.9319, Test Accuracy: 0.8733
Epoch 8/500 - Train Loss: 0.9245, Train Accuracy: 0.8400, Test Loss: 0.8303, Test Accuracy: 0.8881
Epoch 9/500 - Train Loss: 0.8263, Train Accuracy: 0.8475, Test Loss: 0.7399, Test Accuracy: 0.8951
Epoch 10/500 - Train Loss: 0.7409, Train Accuracy: 0.9025, Test Loss: 0.6748, Test Accuracy: 0.9087
Epoch 11/500 - Train Loss: 0.6945, Train Accuracy: 0.8900, Test Loss: 0.6131, Test Accuracy: 0.9095
Epoch 12/500 - Train Loss: 0.6419, Train Accuracy: 0.8900, Test Loss: 0.5714, Test Accuracy: 0.9060
Epoch 13/500 - Train Loss: 0.5677, Train Accuracy: 0.9075, Test Loss: 0.5194, Test Accuracy: 0.9183
Epoch 14/500 - Train Loss: 0.5588, Train Accuracy: 0.9000, Test Loss: 0.4918, Test Accuracy: 0.9161
Epoch 15/500 - Train Loss: 0.4869, Train Accuracy: 0.9250, Test Loss: 0.4618, Test Accuracy: 0.9253
Epoch 16/500 - Train Loss: 0.4949, Train Accuracy: 0.9200, Test Loss: 0.4419, Test Accuracy: 0.9305
Epoch 17/500 - Train Loss: 0.4545, Train Accuracy: 0.9350, Test Loss: 0.4173, Test Accuracy: 0.9340
Epoch 18/500 - Train Loss: 0.4188, Train Accuracy: 0.9525, Test Loss: 0.4059, Test Accuracy: 0.9323
Epoch 19/500 - Train Loss: 0.3978, Train Accuracy: 0.9575, Test Loss: 0.3944, Test Accuracy: 0.9309
Epoch 20/500 - Train Loss: 0.4020, Train Accuracy: 0.9375, Test Loss: 0.3786, Test Accuracy: 0.9349
Epoch 21/500 - Train Loss: 0.3725, Train Accuracy: 0.9475, Test Loss: 0.3617, Test Accuracy: 0.9375
Epoch 22/500 - Train Loss: 0.3576, Train Accuracy: 0.9600, Test Loss: 0.3567, Test Accuracy: 0.9384
Epoch 23/500 - Train Loss: 0.3648, Train Accuracy: 0.9450, Test Loss: 0.3486, Test Accuracy: 0.9388
Epoch 24/500 - Train Loss: 0.3384, Train Accuracy: 0.9550, Test Loss: 0.3571, Test Accuracy: 0.9349
Epoch 25/500 - Train Loss: 0.3020, Train Accuracy: 0.9675, Test Loss: 0.3588, Test Accuracy: 0.9327
Epoch 26/500 - Train Loss: 0.3448, Train Accuracy: 0.9575, Test Loss: 0.3510, Test Accuracy: 0.9349
Epoch 27/500 - Train Loss: 0.2880, Train Accuracy: 0.9675, Test Loss: 0.3338, Test Accuracy: 0.9366
Epoch 28/500 - Train Loss: 0.3019, Train Accuracy: 0.9675, Test Loss: 0.3304, Test Accuracy: 0.9397
Epoch 29/500 - Train Loss: 0.2816, Train Accuracy: 0.9650, Test Loss: 0.3291, Test Accuracy: 0.9401
Epoch 30/500 - Train Loss: 0.2652, Train Accuracy: 0.9650, Test Loss: 0.3208, Test Accuracy: 0.9401
Epoch 31/500 - Train Loss: 0.2673, Train Accuracy: 0.9650, Test Loss: 0.3138, Test Accuracy: 0.9436
Epoch 32/500 - Train Loss: 0.2634, Train Accuracy: 0.9700, Test Loss: 0.3160, Test Accuracy: 0.9458
Epoch 33/500 - Train Loss: 0.2578, Train Accuracy: 0.9875, Test Loss: 0.3090, Test Accuracy: 0.9449
Epoch 34/500 - Train Loss: 0.2520, Train Accuracy: 0.9775, Test Loss: 0.3109, Test Accuracy: 0.9436
Epoch 35/500 - Train Loss: 0.2327, Train Accuracy: 0.9775, Test Loss: 0.3041, Test Accuracy: 0.9436
Epoch 36/500 - Train Loss: 0.2238, Train Accuracy: 0.9900, Test Loss: 0.2988, Test Accuracy: 0.9458
Epoch 37/500 - Train Loss: 0.2256, Train Accuracy: 0.9825, Test Loss: 0.2996, Test Accuracy: 0.9441
Epoch 38/500 - Train Loss: 0.2457, Train Accuracy: 0.9725, Test Loss: 0.3014, Test Accuracy: 0.9441
Epoch 39/500 - Train Loss: 0.2251, Train Accuracy: 0.9825, Test Loss: 0.2990, Test Accuracy: 0.9458
Epoch 40/500 - Train Loss: 0.2320, Train Accuracy: 0.9750, Test Loss: 0.3068, Test Accuracy: 0.9427
Epoch 41/500 - Train Loss: 0.2155, Train Accuracy: 0.9875, Test Loss: 0.2998, Test Accuracy: 0.9441
Epoch 42/500 - Train Loss: 0.2062, Train Accuracy: 0.9925, Test Loss: 0.2958, Test Accuracy: 0.9480
Epoch 43/500 - Train Loss: 0.2149, Train Accuracy: 0.9850, Test Loss: 0.2977, Test Accuracy: 0.9432
Epoch 44/500 - Train Loss: 0.2169, Train Accuracy: 0.9850, Test Loss: 0.2950, Test Accuracy: 0.9454
Epoch 45/500 - Train Loss: 0.2226, Train Accuracy: 0.9775, Test Loss: 0.2908, Test Accuracy: 0.9449
Epoch 46/500 - Train Loss: 0.2130, Train Accuracy: 0.9900, Test Loss: 0.3012, Test Accuracy: 0.9414
Epoch 47/500 - Train Loss: 0.2285, Train Accuracy: 0.9750, Test Loss: 0.3177, Test Accuracy: 0.9358
Epoch 48/500 - Train Loss: 0.1959, Train Accuracy: 0.9900, Test Loss: 0.3055, Test Accuracy: 0.9392
Epoch 49/500 - Train Loss: 0.2048, Train Accuracy: 0.9775, Test Loss: 0.3005, Test Accuracy: 0.9458
Epoch 50/500 - Train Loss: 0.2062, Train Accuracy: 0.9900, Test Loss: 0.2985, Test Accuracy: 0.9410
Epoch 51/500 - Train Loss: 0.2130, Train Accuracy: 0.9825, Test Loss: 0.2946, Test Accuracy: 0.9436
Epoch 52/500 - Train Loss: 0.1806, Train Accuracy: 0.9950, Test Loss: 0.2917, Test Accuracy: 0.9427
Epoch 53/500 - Train Loss: 0.1905, Train Accuracy: 0.9925, Test Loss: 0.2933, Test Accuracy: 0.9423
Epoch 54/500 - Train Loss: 0.2141, Train Accuracy: 0.9750, Test Loss: 0.2914, Test Accuracy: 0.9449
Epoch 55/500 - Train Loss: 0.1931, Train Accuracy: 0.9875, Test Loss: 0.3038, Test Accuracy: 0.9410
Epoch 56/500 - Train Loss: 0.1972, Train Accuracy: 0.9850, Test Loss: 0.3005, Test Accuracy: 0.9423
Epoch 57/500 - Train Loss: 0.1696, Train Accuracy: 1.0000, Test Loss: 0.3042, Test Accuracy: 0.9401
Epoch 58/500 - Train Loss: 0.1887, Train Accuracy: 0.9850, Test Loss: 0.2973, Test Accuracy: 0.9432
Epoch 59/500 - Train Loss: 0.1788, Train Accuracy: 0.9975, Test Loss: 0.3013, Test Accuracy: 0.9410
Epoch 60/500 - Train Loss: 0.1846, Train Accuracy: 0.9875, Test Loss: 0.2971, Test Accuracy: 0.9419

Early stopping triggered at epoch 60
Best test loss: 0.2908
Best test accuracy: 0.9480
Plot saved as trained_models/Sweep_data run/metrics/loss.png
Plot saved as trained_models/Sweep_data run/metrics/metrics.png
