Using GPU 0: NVIDIA GeForce RTX 3090
Epoch 1/500 - Train Loss: 1.7272, Train Accuracy: 0.4475, Test Loss: 1.9856, Test Accuracy: 0.2902
Epoch 2/500 - Train Loss: 0.9220, Train Accuracy: 0.8650, Test Loss: 1.3703, Test Accuracy: 0.7810
Epoch 3/500 - Train Loss: 0.4966, Train Accuracy: 0.9500, Test Loss: 0.7811, Test Accuracy: 0.8925
Epoch 4/500 - Train Loss: 0.3635, Train Accuracy: 0.9475, Test Loss: 0.4948, Test Accuracy: 0.9301
Epoch 5/500 - Train Loss: 0.2734, Train Accuracy: 0.9650, Test Loss: 0.3663, Test Accuracy: 0.9323
Epoch 6/500 - Train Loss: 0.2104, Train Accuracy: 0.9800, Test Loss: 0.3131, Test Accuracy: 0.9458
Epoch 7/500 - Train Loss: 0.1871, Train Accuracy: 0.9850, Test Loss: 0.3277, Test Accuracy: 0.9323
Epoch 8/500 - Train Loss: 0.1999, Train Accuracy: 0.9800, Test Loss: 0.3165, Test Accuracy: 0.9309
Epoch 9/500 - Train Loss: 0.1594, Train Accuracy: 0.9900, Test Loss: 0.2999, Test Accuracy: 0.9401
Epoch 10/500 - Train Loss: 0.1580, Train Accuracy: 0.9950, Test Loss: 0.2851, Test Accuracy: 0.9449
Epoch 11/500 - Train Loss: 0.1377, Train Accuracy: 0.9975, Test Loss: 0.2889, Test Accuracy: 0.9388
Epoch 12/500 - Train Loss: 0.1643, Train Accuracy: 0.9850, Test Loss: 0.3115, Test Accuracy: 0.9283
Epoch 13/500 - Train Loss: 0.1385, Train Accuracy: 0.9975, Test Loss: 0.2807, Test Accuracy: 0.9414
Epoch 14/500 - Train Loss: 0.1442, Train Accuracy: 0.9900, Test Loss: 0.2998, Test Accuracy: 0.9318
Epoch 15/500 - Train Loss: 0.1641, Train Accuracy: 0.9875, Test Loss: 0.3672, Test Accuracy: 0.9017
Epoch 16/500 - Train Loss: 0.1810, Train Accuracy: 0.9800, Test Loss: 0.3220, Test Accuracy: 0.9270
Epoch 17/500 - Train Loss: 0.1499, Train Accuracy: 0.9950, Test Loss: 0.3770, Test Accuracy: 0.9135
Epoch 18/500 - Train Loss: 0.1586, Train Accuracy: 0.9875, Test Loss: 0.3100, Test Accuracy: 0.9336
Epoch 19/500 - Train Loss: 0.1417, Train Accuracy: 0.9925, Test Loss: 0.3430, Test Accuracy: 0.9183
Epoch 20/500 - Train Loss: 0.1648, Train Accuracy: 0.9875, Test Loss: 0.3254, Test Accuracy: 0.9244
Epoch 21/500 - Train Loss: 0.1459, Train Accuracy: 0.9900, Test Loss: 0.3667, Test Accuracy: 0.9191
Epoch 22/500 - Train Loss: 0.1496, Train Accuracy: 0.9950, Test Loss: 0.3174, Test Accuracy: 0.9331
Epoch 23/500 - Train Loss: 0.1592, Train Accuracy: 0.9900, Test Loss: 0.2920, Test Accuracy: 0.9366
Epoch 24/500 - Train Loss: 0.1366, Train Accuracy: 0.9950, Test Loss: 0.3211, Test Accuracy: 0.9270
Epoch 25/500 - Train Loss: 0.1459, Train Accuracy: 0.9950, Test Loss: 0.3198, Test Accuracy: 0.9301
Epoch 26/500 - Train Loss: 0.1283, Train Accuracy: 1.0000, Test Loss: 0.3150, Test Accuracy: 0.9283
Epoch 27/500 - Train Loss: 0.1476, Train Accuracy: 0.9900, Test Loss: 0.2969, Test Accuracy: 0.9366
Epoch 28/500 - Train Loss: 0.1350, Train Accuracy: 0.9975, Test Loss: 0.3411, Test Accuracy: 0.9178

Early stopping triggered at epoch 28
Best test loss: 0.2807
Best test accuracy: 0.9414
Plot saved as trained_models/Sweep run/metrics/loss.png
Plot saved as trained_models/Sweep run/metrics/metrics.png
