wandb: Starting wandb agent 🕵️
2026-01-10 17:40:56,415 - wandb.wandb_agent - INFO - Running runs: []
2026-01-10 17:40:57,127 - wandb.wandb_agent - INFO - Agent received command: run
2026-01-10 17:40:57,127 - wandb.wandb_agent - INFO - Agent starting run with config:
	batch_size: 64
	label_smoothing: 0.12743877106482374
	lr: 6.490989642179722e-05
	optimizer: Adadelta
	weight_decay: 1.1067759841699252e-05
2026-01-10 17:40:57,129 - wandb.wandb_agent - INFO - About to run command: /usr/bin/env python train.py --batch_size=64 --label_smoothing=0.12743877106482374 --lr=6.490989642179722e-05 --optimizer=Adadelta --weight_decay=1.1067759841699252e-05
wandb: Currently logged in as: arnaumarcosalmansa (mcv-team-6) to https://api.wandb.ai. Use `wandb login --relogin` to force relogin
wandb: WARNING Ignoring project 'C3-Week3' when running a sweep.
wandb: WARNING Ignoring entity 'mcv-team-6' when running a sweep.
2026-01-10 17:41:02,136 - wandb.wandb_agent - INFO - Running runs: ['7vaxv04g']
wandb: Tracking run with wandb version 0.23.1
wandb: Run data is saved locally in /export/home/group06/workspace/project-team-6/Week3/wandb/run-20260110_174101-7vaxv04g
wandb: Run `wandb offline` to turn off syncing.
wandb: Syncing run Sweep run
wandb: ⭐️ View project at https://wandb.ai/mcv-team-6/C3-Week3
wandb: 🧹 View sweep at https://wandb.ai/mcv-team-6/C3-Week3/sweeps/k5ns8jzl
wandb: 🚀 View run at https://wandb.ai/mcv-team-6/C3-Week3/runs/7vaxv04g
TRAINING THE MODEL:   0%|          | 0/500 [00:00<?, ?it/s]TRAINING THE MODEL:   0%|          | 1/500 [00:04<36:31,  4.39s/it]TRAINING THE MODEL:   0%|          | 2/500 [00:07<29:52,  3.60s/it]TRAINING THE MODEL:   1%|          | 3/500 [00:10<27:41,  3.34s/it]TRAINING THE MODEL:   1%|          | 4/500 [00:13<26:50,  3.25s/it]TRAINING THE MODEL:   1%|          | 5/500 [00:16<26:27,  3.21s/it]TRAINING THE MODEL:   1%|          | 6/500 [00:19<26:19,  3.20s/it]TRAINING THE MODEL:   1%|▏         | 7/500 [00:23<26:09,  3.18s/it]TRAINING THE MODEL:   2%|▏         | 8/500 [00:26<26:10,  3.19s/it]TRAINING THE MODEL:   2%|▏         | 9/500 [00:29<26:03,  3.18s/it]TRAINING THE MODEL:   2%|▏         | 10/500 [00:32<26:00,  3.18s/it]TRAINING THE MODEL:   2%|▏         | 11/500 [00:35<25:58,  3.19s/it]TRAINING THE MODEL:   2%|▏         | 12/500 [00:39<26:02,  3.20s/it]TRAINING THE MODEL:   3%|▎         | 13/500 [00:42<26:01,  3.21s/it]TRAINING THE MODEL:   3%|▎         | 14/500 [00:45<26:10,  3.23s/it]TRAINING THE MODEL:   3%|▎         | 15/500 [00:48<26:07,  3.23s/it]TRAINING THE MODEL:   3%|▎         | 15/500 [00:51<28:01,  3.47s/it]
wandb: updating run metadata
wandb: uploading output.log; uploading wandb-summary.json; uploading config.yaml
wandb: uploading history steps 13-15, summary, console lines 0-0
wandb: 
wandb: Run history:
wandb:          epoch ▁▁▂▂▃▃▄▄▅▅▆▆▇▇██
wandb:  test_accuracy █▃▁▄▇████▇▆▇▆▇▇▇
wandb:      test_loss ▁▅▅▅▆▇▇▇▇███▇▇▇█
wandb: train_accuracy ▅▄█▁▁▅▆▅▅▂▃▅▅▂▆▇
wandb:     train_loss ▇█▄▆▅▆▄▆▆▇▄▁▆▅▃▄
wandb: 
wandb: Run summary:
wandb:          epoch 15
wandb:  test_accuracy 0.16259
wandb:      test_loss 2.1328
wandb: train_accuracy 0.15
wandb:     train_loss 2.143
wandb: 
wandb: 🚀 View run Sweep run at: https://wandb.ai/mcv-team-6/C3-Week3/runs/7vaxv04g
wandb: ⭐️ View project at: https://wandb.ai/mcv-team-6/C3-Week3
wandb: Synced 5 W&B file(s), 0 media file(s), 0 artifact file(s) and 0 other file(s)
wandb: Find logs at: ./wandb/run-20260110_174101-7vaxv04g/logs
2026-01-10 17:42:03,898 - wandb.wandb_agent - INFO - Cleaning up finished run: 7vaxv04g
wandb: Terminating and syncing runs. Press ctrl-c to kill.
