wandb: Starting wandb agent 🕵️
2026-01-10 20:54:25,032 - wandb.wandb_agent - INFO - Running runs: []
2026-01-10 20:54:25,323 - wandb.wandb_agent - INFO - Agent received command: run
2026-01-10 20:54:25,324 - wandb.wandb_agent - INFO - Agent starting run with config:
	affine: 0.07063375035678798
	blur: 0.2724845303749136
	brightness: 0.6291254908048961
	contrast: 0.6449550950128283
	crop: 0.1353558993921481
	crop_scale: 0.22505983732182855
	flip: 0.9911441170010982
	gaussian_blur_kernel: 9
	gaussian_noise_std: 2.882167601727791
	grey: 0.7334208148382568
	hue: 0.040588510105224185
	jiggle: 0.8363928083221575
	rotate: 0.7246595858962269
	rotation: 18
	saturation: 1.3062687847996068
	scale: 0.8515583767319092
	shear: 31
	translate_x: 0.25181095115169855
	translate_y: 0.13104027096387486
2026-01-10 20:54:25,326 - wandb.wandb_agent - INFO - About to run command: /usr/bin/env python train_data.py --affine=0.07063375035678798 --blur=0.2724845303749136 --brightness=0.6291254908048961 --contrast=0.6449550950128283 --crop=0.1353558993921481 --crop_scale=0.22505983732182855 --flip=0.9911441170010982 --gaussian_blur_kernel=9 --gaussian_noise_std=2.882167601727791 --grey=0.7334208148382568 --hue=0.040588510105224185 --jiggle=0.8363928083221575 --rotate=0.7246595858962269 --rotation=18 --saturation=1.3062687847996068 --scale=0.8515583767319092 --shear=31 --translate_x=0.25181095115169855 --translate_y=0.13104027096387486
wandb: Currently logged in as: arnaumarcosalmansa (mcv-team-6) to https://api.wandb.ai. Use `wandb login --relogin` to force relogin
wandb: WARNING Ignoring project 'C3-Week3' when running a sweep.
wandb: WARNING Ignoring entity 'mcv-team-6' when running a sweep.
2026-01-10 20:54:30,332 - wandb.wandb_agent - INFO - Running runs: ['38e5qbpn']
wandb: setting up run 38e5qbpn
wandb: Tracking run with wandb version 0.23.1
wandb: Run data is saved locally in /export/home/group06/workspace/project-team-6/Week3/wandb/run-20260110_205429-38e5qbpn
wandb: Run `wandb offline` to turn off syncing.
wandb: Syncing run Sweep run
wandb: ⭐️ View project at https://wandb.ai/mcv-team-6/C3-Week3
wandb: 🧹 View sweep at https://wandb.ai/mcv-team-6/C3-Week3/sweeps/8yeenlu8
wandb: 🚀 View run at https://wandb.ai/mcv-team-6/C3-Week3/runs/38e5qbpn
TRAINING THE MODEL:   0%|          | 0/500 [00:00<?, ?it/s]TRAINING THE MODEL:   0%|          | 1/500 [00:04<36:55,  4.44s/it]TRAINING THE MODEL:   0%|          | 2/500 [00:07<30:44,  3.70s/it]TRAINING THE MODEL:   1%|          | 3/500 [00:10<28:36,  3.45s/it]TRAINING THE MODEL:   1%|          | 4/500 [00:13<27:44,  3.36s/it]TRAINING THE MODEL:   1%|          | 5/500 [00:17<27:06,  3.28s/it]TRAINING THE MODEL:   1%|          | 6/500 [00:20<26:42,  3.24s/it]slurmstepd: error: *** JOB 99661 ON dcc3090 CANCELLED AT 2026-01-10T20:54:55 ***
