Using GPU 0: NVIDIA GeForce RTX 3090
Epoch 1/500 - Train Loss: 2.0645, Train Accuracy: 0.2025, Test Loss: 2.0260, Test Accuracy: 0.2203
Epoch 2/500 - Train Loss: 1.8838, Train Accuracy: 0.3175, Test Loss: 1.8665, Test Accuracy: 0.2972
Epoch 3/500 - Train Loss: 1.7380, Train Accuracy: 0.4400, Test Loss: 1.6766, Test Accuracy: 0.4576
Epoch 4/500 - Train Loss: 1.5752, Train Accuracy: 0.5850, Test Loss: 1.5110, Test Accuracy: 0.5918
Epoch 5/500 - Train Loss: 1.4269, Train Accuracy: 0.6775, Test Loss: 1.3689, Test Accuracy: 0.6827
Epoch 6/500 - Train Loss: 1.2845, Train Accuracy: 0.7075, Test Loss: 1.2199, Test Accuracy: 0.7609
Epoch 7/500 - Train Loss: 1.1610, Train Accuracy: 0.7800, Test Loss: 1.0844, Test Accuracy: 0.8042
Epoch 8/500 - Train Loss: 1.0884, Train Accuracy: 0.7750, Test Loss: 0.9661, Test Accuracy: 0.8418
Epoch 9/500 - Train Loss: 0.9980, Train Accuracy: 0.7850, Test Loss: 0.8833, Test Accuracy: 0.8606
Epoch 10/500 - Train Loss: 0.9062, Train Accuracy: 0.8175, Test Loss: 0.8060, Test Accuracy: 0.8728
Epoch 11/500 - Train Loss: 0.8078, Train Accuracy: 0.8450, Test Loss: 0.7230, Test Accuracy: 0.8833
Epoch 12/500 - Train Loss: 0.7942, Train Accuracy: 0.8400, Test Loss: 0.6585, Test Accuracy: 0.8938
Epoch 13/500 - Train Loss: 0.7253, Train Accuracy: 0.8475, Test Loss: 0.6088, Test Accuracy: 0.8920
Epoch 14/500 - Train Loss: 0.6800, Train Accuracy: 0.8625, Test Loss: 0.5499, Test Accuracy: 0.9030
Epoch 15/500 - Train Loss: 0.6392, Train Accuracy: 0.8675, Test Loss: 0.5169, Test Accuracy: 0.9012
Epoch 16/500 - Train Loss: 0.6253, Train Accuracy: 0.8700, Test Loss: 0.4818, Test Accuracy: 0.9104
Epoch 17/500 - Train Loss: 0.5582, Train Accuracy: 0.9150, Test Loss: 0.4708, Test Accuracy: 0.9082
Epoch 18/500 - Train Loss: 0.5393, Train Accuracy: 0.8875, Test Loss: 0.4395, Test Accuracy: 0.9117
Epoch 19/500 - Train Loss: 0.5145, Train Accuracy: 0.9025, Test Loss: 0.4346, Test Accuracy: 0.9108
Epoch 20/500 - Train Loss: 0.5273, Train Accuracy: 0.9050, Test Loss: 0.4237, Test Accuracy: 0.9095
Epoch 21/500 - Train Loss: 0.5070, Train Accuracy: 0.8850, Test Loss: 0.4035, Test Accuracy: 0.9148
Epoch 22/500 - Train Loss: 0.4847, Train Accuracy: 0.9000, Test Loss: 0.4019, Test Accuracy: 0.9152
Epoch 23/500 - Train Loss: 0.4477, Train Accuracy: 0.9125, Test Loss: 0.3809, Test Accuracy: 0.9196
Epoch 24/500 - Train Loss: 0.4405, Train Accuracy: 0.9200, Test Loss: 0.3669, Test Accuracy: 0.9231
Epoch 25/500 - Train Loss: 0.4418, Train Accuracy: 0.8975, Test Loss: 0.3641, Test Accuracy: 0.9244
Epoch 26/500 - Train Loss: 0.4276, Train Accuracy: 0.9150, Test Loss: 0.3598, Test Accuracy: 0.9288
Epoch 27/500 - Train Loss: 0.4196, Train Accuracy: 0.9175, Test Loss: 0.3575, Test Accuracy: 0.9253
Epoch 28/500 - Train Loss: 0.3672, Train Accuracy: 0.9450, Test Loss: 0.3463, Test Accuracy: 0.9331
Epoch 29/500 - Train Loss: 0.3357, Train Accuracy: 0.9625, Test Loss: 0.3456, Test Accuracy: 0.9314
Epoch 30/500 - Train Loss: 0.3818, Train Accuracy: 0.9325, Test Loss: 0.3400, Test Accuracy: 0.9323
Epoch 31/500 - Train Loss: 0.3763, Train Accuracy: 0.9225, Test Loss: 0.3349, Test Accuracy: 0.9427
Epoch 32/500 - Train Loss: 0.3408, Train Accuracy: 0.9425, Test Loss: 0.3313, Test Accuracy: 0.9406
Epoch 33/500 - Train Loss: 0.3743, Train Accuracy: 0.9300, Test Loss: 0.3406, Test Accuracy: 0.9261
Epoch 34/500 - Train Loss: 0.3669, Train Accuracy: 0.9400, Test Loss: 0.3373, Test Accuracy: 0.9279
Epoch 35/500 - Train Loss: 0.3142, Train Accuracy: 0.9500, Test Loss: 0.3441, Test Accuracy: 0.9213
Epoch 36/500 - Train Loss: 0.3201, Train Accuracy: 0.9475, Test Loss: 0.3281, Test Accuracy: 0.9327
Epoch 37/500 - Train Loss: 0.3213, Train Accuracy: 0.9450, Test Loss: 0.3352, Test Accuracy: 0.9288
Epoch 38/500 - Train Loss: 0.3113, Train Accuracy: 0.9500, Test Loss: 0.3776, Test Accuracy: 0.9108
Epoch 39/500 - Train Loss: 0.3149, Train Accuracy: 0.9525, Test Loss: 0.3603, Test Accuracy: 0.9191
Epoch 40/500 - Train Loss: 0.3004, Train Accuracy: 0.9475, Test Loss: 0.3482, Test Accuracy: 0.9244
Epoch 41/500 - Train Loss: 0.2840, Train Accuracy: 0.9525, Test Loss: 0.3408, Test Accuracy: 0.9292
Epoch 42/500 - Train Loss: 0.2887, Train Accuracy: 0.9500, Test Loss: 0.3311, Test Accuracy: 0.9323
Epoch 43/500 - Train Loss: 0.3011, Train Accuracy: 0.9525, Test Loss: 0.3463, Test Accuracy: 0.9261
Epoch 44/500 - Train Loss: 0.3105, Train Accuracy: 0.9450, Test Loss: 0.3400, Test Accuracy: 0.9288
Epoch 45/500 - Train Loss: 0.3076, Train Accuracy: 0.9475, Test Loss: 0.3444, Test Accuracy: 0.9279
Epoch 46/500 - Train Loss: 0.3182, Train Accuracy: 0.9500, Test Loss: 0.3455, Test Accuracy: 0.9231
Epoch 47/500 - Train Loss: 0.2621, Train Accuracy: 0.9725, Test Loss: 0.3452, Test Accuracy: 0.9244
Epoch 48/500 - Train Loss: 0.3062, Train Accuracy: 0.9400, Test Loss: 0.3291, Test Accuracy: 0.9318
Epoch 49/500 - Train Loss: 0.2672, Train Accuracy: 0.9650, Test Loss: 0.3277, Test Accuracy: 0.9318
Epoch 50/500 - Train Loss: 0.2368, Train Accuracy: 0.9675, Test Loss: 0.3217, Test Accuracy: 0.9349
Epoch 51/500 - Train Loss: 0.2865, Train Accuracy: 0.9425, Test Loss: 0.3376, Test Accuracy: 0.9257
Epoch 52/500 - Train Loss: 0.2720, Train Accuracy: 0.9650, Test Loss: 0.3878, Test Accuracy: 0.9082
Epoch 53/500 - Train Loss: 0.2648, Train Accuracy: 0.9625, Test Loss: 0.3597, Test Accuracy: 0.9196
Epoch 54/500 - Train Loss: 0.2463, Train Accuracy: 0.9700, Test Loss: 0.3337, Test Accuracy: 0.9257
Epoch 55/500 - Train Loss: 0.2621, Train Accuracy: 0.9625, Test Loss: 0.3356, Test Accuracy: 0.9296
Epoch 56/500 - Train Loss: 0.2528, Train Accuracy: 0.9700, Test Loss: 0.3633, Test Accuracy: 0.9165
Epoch 57/500 - Train Loss: 0.2596, Train Accuracy: 0.9700, Test Loss: 0.3472, Test Accuracy: 0.9261
Epoch 58/500 - Train Loss: 0.2377, Train Accuracy: 0.9750, Test Loss: 0.3609, Test Accuracy: 0.9191
Epoch 59/500 - Train Loss: 0.2491, Train Accuracy: 0.9700, Test Loss: 0.3222, Test Accuracy: 0.9327
Epoch 60/500 - Train Loss: 0.2483, Train Accuracy: 0.9675, Test Loss: 0.3283, Test Accuracy: 0.9309
Epoch 61/500 - Train Loss: 0.2381, Train Accuracy: 0.9800, Test Loss: 0.3253, Test Accuracy: 0.9331
Epoch 62/500 - Train Loss: 0.2241, Train Accuracy: 0.9825, Test Loss: 0.3263, Test Accuracy: 0.9336
Epoch 63/500 - Train Loss: 0.2431, Train Accuracy: 0.9725, Test Loss: 0.3316, Test Accuracy: 0.9279
Epoch 64/500 - Train Loss: 0.2531, Train Accuracy: 0.9650, Test Loss: 0.3314, Test Accuracy: 0.9283
Epoch 65/500 - Train Loss: 0.2461, Train Accuracy: 0.9650, Test Loss: 0.3201, Test Accuracy: 0.9366
Epoch 66/500 - Train Loss: 0.2325, Train Accuracy: 0.9725, Test Loss: 0.3136, Test Accuracy: 0.9375
Epoch 67/500 - Train Loss: 0.2150, Train Accuracy: 0.9800, Test Loss: 0.3096, Test Accuracy: 0.9441
Epoch 68/500 - Train Loss: 0.2404, Train Accuracy: 0.9625, Test Loss: 0.3096, Test Accuracy: 0.9410
Epoch 69/500 - Train Loss: 0.2383, Train Accuracy: 0.9650, Test Loss: 0.3366, Test Accuracy: 0.9266
Epoch 70/500 - Train Loss: 0.2576, Train Accuracy: 0.9675, Test Loss: 0.3208, Test Accuracy: 0.9323
Epoch 71/500 - Train Loss: 0.2222, Train Accuracy: 0.9725, Test Loss: 0.3064, Test Accuracy: 0.9423
Epoch 72/500 - Train Loss: 0.2130, Train Accuracy: 0.9800, Test Loss: 0.3099, Test Accuracy: 0.9427
Epoch 73/500 - Train Loss: 0.2349, Train Accuracy: 0.9625, Test Loss: 0.3193, Test Accuracy: 0.9366
Epoch 74/500 - Train Loss: 0.2212, Train Accuracy: 0.9700, Test Loss: 0.3087, Test Accuracy: 0.9449
Epoch 75/500 - Train Loss: 0.2173, Train Accuracy: 0.9850, Test Loss: 0.3243, Test Accuracy: 0.9331
Epoch 76/500 - Train Loss: 0.2322, Train Accuracy: 0.9650, Test Loss: 0.3358, Test Accuracy: 0.9283
Epoch 77/500 - Train Loss: 0.2231, Train Accuracy: 0.9775, Test Loss: 0.3239, Test Accuracy: 0.9371
Epoch 78/500 - Train Loss: 0.2380, Train Accuracy: 0.9725, Test Loss: 0.3362, Test Accuracy: 0.9283
Epoch 79/500 - Train Loss: 0.2037, Train Accuracy: 0.9850, Test Loss: 0.3295, Test Accuracy: 0.9305
Epoch 80/500 - Train Loss: 0.2064, Train Accuracy: 0.9775, Test Loss: 0.3162, Test Accuracy: 0.9384
Epoch 81/500 - Train Loss: 0.2445, Train Accuracy: 0.9625, Test Loss: 0.3260, Test Accuracy: 0.9331
Epoch 82/500 - Train Loss: 0.2213, Train Accuracy: 0.9750, Test Loss: 0.3551, Test Accuracy: 0.9191
Epoch 83/500 - Train Loss: 0.2180, Train Accuracy: 0.9700, Test Loss: 0.3692, Test Accuracy: 0.9152
Epoch 84/500 - Train Loss: 0.2214, Train Accuracy: 0.9750, Test Loss: 0.3495, Test Accuracy: 0.9231
Epoch 85/500 - Train Loss: 0.2143, Train Accuracy: 0.9775, Test Loss: 0.3273, Test Accuracy: 0.9305
Epoch 86/500 - Train Loss: 0.2088, Train Accuracy: 0.9900, Test Loss: 0.3218, Test Accuracy: 0.9336

Early stopping triggered at epoch 86
Best test loss: 0.3064
Best test accuracy: 0.9449
Plot saved as trained_models/Sweep_data run/metrics/loss.png
Plot saved as trained_models/Sweep_data run/metrics/metrics.png
