Using GPU 0: NVIDIA GeForce RTX 3090
Epoch 1/500 - Train Loss: 2.1230, Train Accuracy: 0.1600, Test Loss: 1.9942, Test Accuracy: 0.2710
Epoch 2/500 - Train Loss: 1.9070, Train Accuracy: 0.2725, Test Loss: 1.8180, Test Accuracy: 0.3684
Epoch 3/500 - Train Loss: 1.7214, Train Accuracy: 0.4325, Test Loss: 1.6062, Test Accuracy: 0.4865
Epoch 4/500 - Train Loss: 1.5720, Train Accuracy: 0.5575, Test Loss: 1.4156, Test Accuracy: 0.6088
Epoch 5/500 - Train Loss: 1.3996, Train Accuracy: 0.6775, Test Loss: 1.2562, Test Accuracy: 0.6879
Epoch 6/500 - Train Loss: 1.2609, Train Accuracy: 0.7175, Test Loss: 1.1110, Test Accuracy: 0.7378
Epoch 7/500 - Train Loss: 1.1491, Train Accuracy: 0.7750, Test Loss: 0.9833, Test Accuracy: 0.7845
Epoch 8/500 - Train Loss: 1.0126, Train Accuracy: 0.8150, Test Loss: 0.8649, Test Accuracy: 0.8252
Epoch 9/500 - Train Loss: 0.9262, Train Accuracy: 0.8175, Test Loss: 0.7758, Test Accuracy: 0.8601
Epoch 10/500 - Train Loss: 0.8785, Train Accuracy: 0.8375, Test Loss: 0.7073, Test Accuracy: 0.8811
Epoch 11/500 - Train Loss: 0.7882, Train Accuracy: 0.8625, Test Loss: 0.6317, Test Accuracy: 0.8955
Epoch 12/500 - Train Loss: 0.7008, Train Accuracy: 0.8750, Test Loss: 0.5690, Test Accuracy: 0.9025
Epoch 13/500 - Train Loss: 0.6305, Train Accuracy: 0.8875, Test Loss: 0.5231, Test Accuracy: 0.9108
Epoch 14/500 - Train Loss: 0.5890, Train Accuracy: 0.8925, Test Loss: 0.4905, Test Accuracy: 0.9231
Epoch 15/500 - Train Loss: 0.5650, Train Accuracy: 0.9025, Test Loss: 0.4633, Test Accuracy: 0.9248
Epoch 16/500 - Train Loss: 0.5281, Train Accuracy: 0.9275, Test Loss: 0.4341, Test Accuracy: 0.9323
Epoch 17/500 - Train Loss: 0.5211, Train Accuracy: 0.9100, Test Loss: 0.4084, Test Accuracy: 0.9323
Epoch 18/500 - Train Loss: 0.4752, Train Accuracy: 0.9275, Test Loss: 0.3887, Test Accuracy: 0.9318
Epoch 19/500 - Train Loss: 0.4634, Train Accuracy: 0.9325, Test Loss: 0.3758, Test Accuracy: 0.9371
Epoch 20/500 - Train Loss: 0.4732, Train Accuracy: 0.9175, Test Loss: 0.3623, Test Accuracy: 0.9406
Epoch 21/500 - Train Loss: 0.4235, Train Accuracy: 0.9050, Test Loss: 0.3654, Test Accuracy: 0.9362
Epoch 22/500 - Train Loss: 0.3842, Train Accuracy: 0.9425, Test Loss: 0.3469, Test Accuracy: 0.9414
Epoch 23/500 - Train Loss: 0.3876, Train Accuracy: 0.9300, Test Loss: 0.3366, Test Accuracy: 0.9432
Epoch 24/500 - Train Loss: 0.3428, Train Accuracy: 0.9575, Test Loss: 0.3311, Test Accuracy: 0.9462
Epoch 25/500 - Train Loss: 0.3564, Train Accuracy: 0.9500, Test Loss: 0.3252, Test Accuracy: 0.9441
Epoch 26/500 - Train Loss: 0.3627, Train Accuracy: 0.9425, Test Loss: 0.3245, Test Accuracy: 0.9432
Epoch 27/500 - Train Loss: 0.3699, Train Accuracy: 0.9325, Test Loss: 0.3254, Test Accuracy: 0.9423
Epoch 28/500 - Train Loss: 0.3158, Train Accuracy: 0.9550, Test Loss: 0.3159, Test Accuracy: 0.9423
Epoch 29/500 - Train Loss: 0.3296, Train Accuracy: 0.9450, Test Loss: 0.3096, Test Accuracy: 0.9458
Epoch 30/500 - Train Loss: 0.3290, Train Accuracy: 0.9350, Test Loss: 0.3132, Test Accuracy: 0.9432
Epoch 31/500 - Train Loss: 0.3317, Train Accuracy: 0.9425, Test Loss: 0.3098, Test Accuracy: 0.9449
Epoch 32/500 - Train Loss: 0.3069, Train Accuracy: 0.9550, Test Loss: 0.3025, Test Accuracy: 0.9454
Epoch 33/500 - Train Loss: 0.2764, Train Accuracy: 0.9675, Test Loss: 0.3138, Test Accuracy: 0.9414
Epoch 34/500 - Train Loss: 0.2948, Train Accuracy: 0.9600, Test Loss: 0.2998, Test Accuracy: 0.9467
Epoch 35/500 - Train Loss: 0.2777, Train Accuracy: 0.9800, Test Loss: 0.2992, Test Accuracy: 0.9458
Epoch 36/500 - Train Loss: 0.2711, Train Accuracy: 0.9675, Test Loss: 0.3017, Test Accuracy: 0.9449
Epoch 37/500 - Train Loss: 0.2693, Train Accuracy: 0.9600, Test Loss: 0.3046, Test Accuracy: 0.9471
Epoch 38/500 - Train Loss: 0.2945, Train Accuracy: 0.9525, Test Loss: 0.3007, Test Accuracy: 0.9454
Epoch 39/500 - Train Loss: 0.2599, Train Accuracy: 0.9700, Test Loss: 0.2997, Test Accuracy: 0.9436
Epoch 40/500 - Train Loss: 0.2401, Train Accuracy: 0.9775, Test Loss: 0.2975, Test Accuracy: 0.9454
Epoch 41/500 - Train Loss: 0.2444, Train Accuracy: 0.9675, Test Loss: 0.2945, Test Accuracy: 0.9467
Epoch 42/500 - Train Loss: 0.2508, Train Accuracy: 0.9775, Test Loss: 0.3021, Test Accuracy: 0.9436
Epoch 43/500 - Train Loss: 0.2371, Train Accuracy: 0.9775, Test Loss: 0.3040, Test Accuracy: 0.9419
Epoch 44/500 - Train Loss: 0.2507, Train Accuracy: 0.9700, Test Loss: 0.2945, Test Accuracy: 0.9445
Epoch 45/500 - Train Loss: 0.2357, Train Accuracy: 0.9700, Test Loss: 0.2863, Test Accuracy: 0.9480
Epoch 46/500 - Train Loss: 0.2409, Train Accuracy: 0.9800, Test Loss: 0.2858, Test Accuracy: 0.9493
Epoch 47/500 - Train Loss: 0.2398, Train Accuracy: 0.9700, Test Loss: 0.2801, Test Accuracy: 0.9524
Epoch 48/500 - Train Loss: 0.2240, Train Accuracy: 0.9800, Test Loss: 0.2907, Test Accuracy: 0.9454
Epoch 49/500 - Train Loss: 0.2577, Train Accuracy: 0.9675, Test Loss: 0.2871, Test Accuracy: 0.9484
Epoch 50/500 - Train Loss: 0.2047, Train Accuracy: 0.9825, Test Loss: 0.2864, Test Accuracy: 0.9480
Epoch 51/500 - Train Loss: 0.2134, Train Accuracy: 0.9825, Test Loss: 0.2820, Test Accuracy: 0.9537
Epoch 52/500 - Train Loss: 0.2033, Train Accuracy: 0.9850, Test Loss: 0.2819, Test Accuracy: 0.9554
Epoch 53/500 - Train Loss: 0.2235, Train Accuracy: 0.9725, Test Loss: 0.2826, Test Accuracy: 0.9524
Epoch 54/500 - Train Loss: 0.2030, Train Accuracy: 0.9875, Test Loss: 0.2963, Test Accuracy: 0.9467
Epoch 55/500 - Train Loss: 0.2454, Train Accuracy: 0.9675, Test Loss: 0.2966, Test Accuracy: 0.9454
Epoch 56/500 - Train Loss: 0.2303, Train Accuracy: 0.9750, Test Loss: 0.2992, Test Accuracy: 0.9441
Epoch 57/500 - Train Loss: 0.2089, Train Accuracy: 0.9800, Test Loss: 0.2936, Test Accuracy: 0.9436
Epoch 58/500 - Train Loss: 0.2123, Train Accuracy: 0.9775, Test Loss: 0.2868, Test Accuracy: 0.9476
Epoch 59/500 - Train Loss: 0.2468, Train Accuracy: 0.9650, Test Loss: 0.3006, Test Accuracy: 0.9410
Epoch 60/500 - Train Loss: 0.1987, Train Accuracy: 0.9850, Test Loss: 0.3028, Test Accuracy: 0.9423
Epoch 61/500 - Train Loss: 0.1990, Train Accuracy: 0.9825, Test Loss: 0.2934, Test Accuracy: 0.9423
Epoch 62/500 - Train Loss: 0.1930, Train Accuracy: 0.9925, Test Loss: 0.2823, Test Accuracy: 0.9506

Early stopping triggered at epoch 62
Best test loss: 0.2801
Best test accuracy: 0.9554
Plot saved as trained_models/Sweep_data run/metrics/loss.png
Plot saved as trained_models/Sweep_data run/metrics/metrics.png
