Using GPU 0: NVIDIA GeForce RTX 3090
Epoch 1/500 - Train Loss: 2.0747, Train Accuracy: 0.1825, Test Loss: 2.0735, Test Accuracy: 0.1858
Epoch 2/500 - Train Loss: 1.9073, Train Accuracy: 0.3050, Test Loss: 1.8235, Test Accuracy: 0.4366
Epoch 3/500 - Train Loss: 1.7780, Train Accuracy: 0.4400, Test Loss: 1.5863, Test Accuracy: 0.6040
Epoch 4/500 - Train Loss: 1.6104, Train Accuracy: 0.5975, Test Loss: 1.3831, Test Accuracy: 0.7059
Epoch 5/500 - Train Loss: 1.4695, Train Accuracy: 0.6950, Test Loss: 1.2075, Test Accuracy: 0.7793
Epoch 6/500 - Train Loss: 1.3058, Train Accuracy: 0.7375, Test Loss: 1.0524, Test Accuracy: 0.8029
Epoch 7/500 - Train Loss: 1.2055, Train Accuracy: 0.7325, Test Loss: 0.9157, Test Accuracy: 0.8330
Epoch 8/500 - Train Loss: 1.1110, Train Accuracy: 0.7900, Test Loss: 0.8141, Test Accuracy: 0.8619
Epoch 9/500 - Train Loss: 1.0220, Train Accuracy: 0.7700, Test Loss: 0.7246, Test Accuracy: 0.8837
Epoch 10/500 - Train Loss: 0.9000, Train Accuracy: 0.8400, Test Loss: 0.6459, Test Accuracy: 0.9087
Epoch 11/500 - Train Loss: 0.8874, Train Accuracy: 0.7800, Test Loss: 0.5879, Test Accuracy: 0.9235
Epoch 12/500 - Train Loss: 0.8106, Train Accuracy: 0.8425, Test Loss: 0.5448, Test Accuracy: 0.9248
Epoch 13/500 - Train Loss: 0.7624, Train Accuracy: 0.8450, Test Loss: 0.5040, Test Accuracy: 0.9288
Epoch 14/500 - Train Loss: 0.7527, Train Accuracy: 0.8275, Test Loss: 0.4669, Test Accuracy: 0.9344
Epoch 15/500 - Train Loss: 0.6720, Train Accuracy: 0.8675, Test Loss: 0.4459, Test Accuracy: 0.9375
Epoch 16/500 - Train Loss: 0.6010, Train Accuracy: 0.8975, Test Loss: 0.4223, Test Accuracy: 0.9423
Epoch 17/500 - Train Loss: 0.6015, Train Accuracy: 0.8875, Test Loss: 0.4051, Test Accuracy: 0.9366
Epoch 18/500 - Train Loss: 0.5685, Train Accuracy: 0.8775, Test Loss: 0.3917, Test Accuracy: 0.9358
Epoch 19/500 - Train Loss: 0.5652, Train Accuracy: 0.8850, Test Loss: 0.3796, Test Accuracy: 0.9414
Epoch 20/500 - Train Loss: 0.5197, Train Accuracy: 0.8950, Test Loss: 0.3768, Test Accuracy: 0.9388
Epoch 21/500 - Train Loss: 0.4993, Train Accuracy: 0.8950, Test Loss: 0.3584, Test Accuracy: 0.9414
Epoch 22/500 - Train Loss: 0.4996, Train Accuracy: 0.9050, Test Loss: 0.3387, Test Accuracy: 0.9519
Epoch 23/500 - Train Loss: 0.4975, Train Accuracy: 0.8975, Test Loss: 0.3311, Test Accuracy: 0.9532
Epoch 24/500 - Train Loss: 0.4676, Train Accuracy: 0.9050, Test Loss: 0.3302, Test Accuracy: 0.9462
Epoch 25/500 - Train Loss: 0.4415, Train Accuracy: 0.8975, Test Loss: 0.3248, Test Accuracy: 0.9471
Epoch 26/500 - Train Loss: 0.4488, Train Accuracy: 0.9100, Test Loss: 0.3485, Test Accuracy: 0.9371
Epoch 27/500 - Train Loss: 0.4220, Train Accuracy: 0.9050, Test Loss: 0.3264, Test Accuracy: 0.9449
Epoch 28/500 - Train Loss: 0.3945, Train Accuracy: 0.9175, Test Loss: 0.3216, Test Accuracy: 0.9480
Epoch 29/500 - Train Loss: 0.3740, Train Accuracy: 0.9375, Test Loss: 0.3101, Test Accuracy: 0.9559
Epoch 30/500 - Train Loss: 0.4329, Train Accuracy: 0.9000, Test Loss: 0.3091, Test Accuracy: 0.9510
Epoch 31/500 - Train Loss: 0.4309, Train Accuracy: 0.9075, Test Loss: 0.3064, Test Accuracy: 0.9510
Epoch 32/500 - Train Loss: 0.4034, Train Accuracy: 0.9125, Test Loss: 0.3115, Test Accuracy: 0.9467
Epoch 33/500 - Train Loss: 0.3837, Train Accuracy: 0.9225, Test Loss: 0.3078, Test Accuracy: 0.9502
Epoch 34/500 - Train Loss: 0.3309, Train Accuracy: 0.9475, Test Loss: 0.3051, Test Accuracy: 0.9502
Epoch 35/500 - Train Loss: 0.3250, Train Accuracy: 0.9525, Test Loss: 0.3034, Test Accuracy: 0.9489
Epoch 36/500 - Train Loss: 0.3761, Train Accuracy: 0.9125, Test Loss: 0.3016, Test Accuracy: 0.9480
Epoch 37/500 - Train Loss: 0.3651, Train Accuracy: 0.9400, Test Loss: 0.3016, Test Accuracy: 0.9454
Epoch 38/500 - Train Loss: 0.3266, Train Accuracy: 0.9425, Test Loss: 0.3087, Test Accuracy: 0.9471
Epoch 39/500 - Train Loss: 0.3307, Train Accuracy: 0.9375, Test Loss: 0.2947, Test Accuracy: 0.9493
Epoch 40/500 - Train Loss: 0.3115, Train Accuracy: 0.9600, Test Loss: 0.2964, Test Accuracy: 0.9489
Epoch 41/500 - Train Loss: 0.3367, Train Accuracy: 0.9375, Test Loss: 0.2980, Test Accuracy: 0.9502
Epoch 42/500 - Train Loss: 0.3349, Train Accuracy: 0.9400, Test Loss: 0.2998, Test Accuracy: 0.9510
Epoch 43/500 - Train Loss: 0.2814, Train Accuracy: 0.9600, Test Loss: 0.2999, Test Accuracy: 0.9471
Epoch 44/500 - Train Loss: 0.3194, Train Accuracy: 0.9425, Test Loss: 0.2892, Test Accuracy: 0.9506
Epoch 45/500 - Train Loss: 0.2697, Train Accuracy: 0.9650, Test Loss: 0.2921, Test Accuracy: 0.9515
Epoch 46/500 - Train Loss: 0.3605, Train Accuracy: 0.9250, Test Loss: 0.2963, Test Accuracy: 0.9458
Epoch 47/500 - Train Loss: 0.2669, Train Accuracy: 0.9675, Test Loss: 0.3087, Test Accuracy: 0.9419
Epoch 48/500 - Train Loss: 0.2958, Train Accuracy: 0.9600, Test Loss: 0.3160, Test Accuracy: 0.9371
Epoch 49/500 - Train Loss: 0.2957, Train Accuracy: 0.9575, Test Loss: 0.2966, Test Accuracy: 0.9458
Epoch 50/500 - Train Loss: 0.2770, Train Accuracy: 0.9550, Test Loss: 0.2988, Test Accuracy: 0.9445
Epoch 51/500 - Train Loss: 0.2987, Train Accuracy: 0.9575, Test Loss: 0.2899, Test Accuracy: 0.9493
Epoch 52/500 - Train Loss: 0.2979, Train Accuracy: 0.9500, Test Loss: 0.2853, Test Accuracy: 0.9497
Epoch 53/500 - Train Loss: 0.3006, Train Accuracy: 0.9475, Test Loss: 0.2838, Test Accuracy: 0.9506
Epoch 54/500 - Train Loss: 0.2859, Train Accuracy: 0.9650, Test Loss: 0.2960, Test Accuracy: 0.9445
Epoch 55/500 - Train Loss: 0.2843, Train Accuracy: 0.9475, Test Loss: 0.2945, Test Accuracy: 0.9449
Epoch 56/500 - Train Loss: 0.2718, Train Accuracy: 0.9625, Test Loss: 0.2975, Test Accuracy: 0.9471
Epoch 57/500 - Train Loss: 0.2529, Train Accuracy: 0.9725, Test Loss: 0.2911, Test Accuracy: 0.9493
Epoch 58/500 - Train Loss: 0.2766, Train Accuracy: 0.9425, Test Loss: 0.3090, Test Accuracy: 0.9388
Epoch 59/500 - Train Loss: 0.2675, Train Accuracy: 0.9650, Test Loss: 0.3167, Test Accuracy: 0.9379
Epoch 60/500 - Train Loss: 0.2727, Train Accuracy: 0.9600, Test Loss: 0.3071, Test Accuracy: 0.9432
Epoch 61/500 - Train Loss: 0.2234, Train Accuracy: 0.9750, Test Loss: 0.2892, Test Accuracy: 0.9489
Epoch 62/500 - Train Loss: 0.2801, Train Accuracy: 0.9475, Test Loss: 0.3101, Test Accuracy: 0.9397
Epoch 63/500 - Train Loss: 0.2711, Train Accuracy: 0.9550, Test Loss: 0.2988, Test Accuracy: 0.9419
Epoch 64/500 - Train Loss: 0.2658, Train Accuracy: 0.9600, Test Loss: 0.2874, Test Accuracy: 0.9489
Epoch 65/500 - Train Loss: 0.2469, Train Accuracy: 0.9650, Test Loss: 0.2888, Test Accuracy: 0.9467
Epoch 66/500 - Train Loss: 0.2442, Train Accuracy: 0.9700, Test Loss: 0.2915, Test Accuracy: 0.9462
Epoch 67/500 - Train Loss: 0.2404, Train Accuracy: 0.9750, Test Loss: 0.2886, Test Accuracy: 0.9484
Epoch 68/500 - Train Loss: 0.2309, Train Accuracy: 0.9700, Test Loss: 0.2844, Test Accuracy: 0.9502

Early stopping triggered at epoch 68
Best test loss: 0.2838
Best test accuracy: 0.9559
Plot saved as trained_models/Sweep_data run/metrics/loss.png
Plot saved as trained_models/Sweep_data run/metrics/metrics.png
