Using GPU 0: NVIDIA GeForce RTX 3090
Epoch 1/500 - Train Loss: 2.0133, Train Accuracy: 0.1900, Test Loss: 2.0210, Test Accuracy: 0.2378
Epoch 2/500 - Train Loss: 1.7786, Train Accuracy: 0.4150, Test Loss: 1.8149, Test Accuracy: 0.3553
Epoch 3/500 - Train Loss: 1.6124, Train Accuracy: 0.5575, Test Loss: 1.5940, Test Accuracy: 0.5302
Epoch 4/500 - Train Loss: 1.4610, Train Accuracy: 0.6775, Test Loss: 1.4020, Test Accuracy: 0.6958
Epoch 5/500 - Train Loss: 1.3247, Train Accuracy: 0.7300, Test Loss: 1.2205, Test Accuracy: 0.7920
Epoch 6/500 - Train Loss: 1.1665, Train Accuracy: 0.7975, Test Loss: 1.0724, Test Accuracy: 0.8361
Epoch 7/500 - Train Loss: 1.0537, Train Accuracy: 0.7975, Test Loss: 0.9446, Test Accuracy: 0.8658
Epoch 8/500 - Train Loss: 0.9593, Train Accuracy: 0.8275, Test Loss: 0.8422, Test Accuracy: 0.8785
Epoch 9/500 - Train Loss: 0.8832, Train Accuracy: 0.8325, Test Loss: 0.7553, Test Accuracy: 0.8798
Epoch 10/500 - Train Loss: 0.7854, Train Accuracy: 0.8750, Test Loss: 0.6777, Test Accuracy: 0.8999
Epoch 11/500 - Train Loss: 0.7277, Train Accuracy: 0.8725, Test Loss: 0.6205, Test Accuracy: 0.9069
Epoch 12/500 - Train Loss: 0.6732, Train Accuracy: 0.8875, Test Loss: 0.5757, Test Accuracy: 0.9139
Epoch 13/500 - Train Loss: 0.6173, Train Accuracy: 0.9100, Test Loss: 0.5254, Test Accuracy: 0.9231
Epoch 14/500 - Train Loss: 0.6125, Train Accuracy: 0.8925, Test Loss: 0.5002, Test Accuracy: 0.9283
Epoch 15/500 - Train Loss: 0.5352, Train Accuracy: 0.9050, Test Loss: 0.4648, Test Accuracy: 0.9379
Epoch 16/500 - Train Loss: 0.5512, Train Accuracy: 0.9050, Test Loss: 0.4414, Test Accuracy: 0.9344
Epoch 17/500 - Train Loss: 0.4560, Train Accuracy: 0.9325, Test Loss: 0.4193, Test Accuracy: 0.9366
Epoch 18/500 - Train Loss: 0.4586, Train Accuracy: 0.9275, Test Loss: 0.4074, Test Accuracy: 0.9419
Epoch 19/500 - Train Loss: 0.4176, Train Accuracy: 0.9300, Test Loss: 0.3850, Test Accuracy: 0.9458
Epoch 20/500 - Train Loss: 0.4380, Train Accuracy: 0.9250, Test Loss: 0.3688, Test Accuracy: 0.9449
Epoch 21/500 - Train Loss: 0.3765, Train Accuracy: 0.9450, Test Loss: 0.3595, Test Accuracy: 0.9458
Epoch 22/500 - Train Loss: 0.4003, Train Accuracy: 0.9275, Test Loss: 0.3490, Test Accuracy: 0.9480
Epoch 23/500 - Train Loss: 0.4077, Train Accuracy: 0.9325, Test Loss: 0.3445, Test Accuracy: 0.9484
Epoch 24/500 - Train Loss: 0.3725, Train Accuracy: 0.9550, Test Loss: 0.3385, Test Accuracy: 0.9489
Epoch 25/500 - Train Loss: 0.3501, Train Accuracy: 0.9500, Test Loss: 0.3387, Test Accuracy: 0.9497
Epoch 26/500 - Train Loss: 0.3373, Train Accuracy: 0.9525, Test Loss: 0.3328, Test Accuracy: 0.9484
Epoch 27/500 - Train Loss: 0.3127, Train Accuracy: 0.9550, Test Loss: 0.3239, Test Accuracy: 0.9493
Epoch 28/500 - Train Loss: 0.3175, Train Accuracy: 0.9600, Test Loss: 0.3173, Test Accuracy: 0.9510
Epoch 29/500 - Train Loss: 0.3097, Train Accuracy: 0.9575, Test Loss: 0.3136, Test Accuracy: 0.9489
Epoch 30/500 - Train Loss: 0.2783, Train Accuracy: 0.9750, Test Loss: 0.3121, Test Accuracy: 0.9502
Epoch 31/500 - Train Loss: 0.2675, Train Accuracy: 0.9600, Test Loss: 0.3046, Test Accuracy: 0.9528
Epoch 32/500 - Train Loss: 0.3022, Train Accuracy: 0.9700, Test Loss: 0.3034, Test Accuracy: 0.9484
Epoch 33/500 - Train Loss: 0.2867, Train Accuracy: 0.9600, Test Loss: 0.3005, Test Accuracy: 0.9497
Epoch 34/500 - Train Loss: 0.2657, Train Accuracy: 0.9700, Test Loss: 0.3008, Test Accuracy: 0.9484
Epoch 35/500 - Train Loss: 0.2726, Train Accuracy: 0.9650, Test Loss: 0.3011, Test Accuracy: 0.9489
Epoch 36/500 - Train Loss: 0.2484, Train Accuracy: 0.9750, Test Loss: 0.2988, Test Accuracy: 0.9489
Epoch 37/500 - Train Loss: 0.2968, Train Accuracy: 0.9550, Test Loss: 0.3032, Test Accuracy: 0.9489
Epoch 38/500 - Train Loss: 0.2425, Train Accuracy: 0.9750, Test Loss: 0.2978, Test Accuracy: 0.9497
Epoch 39/500 - Train Loss: 0.2325, Train Accuracy: 0.9775, Test Loss: 0.3086, Test Accuracy: 0.9445
Epoch 40/500 - Train Loss: 0.2364, Train Accuracy: 0.9700, Test Loss: 0.3065, Test Accuracy: 0.9449
Epoch 41/500 - Train Loss: 0.2344, Train Accuracy: 0.9800, Test Loss: 0.3030, Test Accuracy: 0.9471
Epoch 42/500 - Train Loss: 0.2409, Train Accuracy: 0.9750, Test Loss: 0.3029, Test Accuracy: 0.9414
Epoch 43/500 - Train Loss: 0.2300, Train Accuracy: 0.9775, Test Loss: 0.3026, Test Accuracy: 0.9445
Epoch 44/500 - Train Loss: 0.2229, Train Accuracy: 0.9825, Test Loss: 0.3029, Test Accuracy: 0.9410
Epoch 45/500 - Train Loss: 0.2300, Train Accuracy: 0.9725, Test Loss: 0.2997, Test Accuracy: 0.9432
Epoch 46/500 - Train Loss: 0.1970, Train Accuracy: 0.9925, Test Loss: 0.2968, Test Accuracy: 0.9462
Epoch 47/500 - Train Loss: 0.2085, Train Accuracy: 0.9825, Test Loss: 0.2990, Test Accuracy: 0.9467
Epoch 48/500 - Train Loss: 0.2386, Train Accuracy: 0.9700, Test Loss: 0.2967, Test Accuracy: 0.9454
Epoch 49/500 - Train Loss: 0.2039, Train Accuracy: 0.9925, Test Loss: 0.2963, Test Accuracy: 0.9458
Epoch 50/500 - Train Loss: 0.2124, Train Accuracy: 0.9850, Test Loss: 0.2940, Test Accuracy: 0.9484
Epoch 51/500 - Train Loss: 0.2069, Train Accuracy: 0.9850, Test Loss: 0.2911, Test Accuracy: 0.9462
Epoch 52/500 - Train Loss: 0.2147, Train Accuracy: 0.9825, Test Loss: 0.3003, Test Accuracy: 0.9441
Epoch 53/500 - Train Loss: 0.2117, Train Accuracy: 0.9800, Test Loss: 0.2984, Test Accuracy: 0.9449
Epoch 54/500 - Train Loss: 0.1976, Train Accuracy: 0.9875, Test Loss: 0.2923, Test Accuracy: 0.9480
Epoch 55/500 - Train Loss: 0.2042, Train Accuracy: 0.9850, Test Loss: 0.2898, Test Accuracy: 0.9497
Epoch 56/500 - Train Loss: 0.1843, Train Accuracy: 0.9975, Test Loss: 0.2912, Test Accuracy: 0.9506
Epoch 57/500 - Train Loss: 0.1903, Train Accuracy: 0.9825, Test Loss: 0.2902, Test Accuracy: 0.9480
Epoch 58/500 - Train Loss: 0.1753, Train Accuracy: 0.9950, Test Loss: 0.2944, Test Accuracy: 0.9467
Epoch 59/500 - Train Loss: 0.1904, Train Accuracy: 0.9900, Test Loss: 0.2900, Test Accuracy: 0.9454
Epoch 60/500 - Train Loss: 0.1917, Train Accuracy: 0.9875, Test Loss: 0.2927, Test Accuracy: 0.9419
Epoch 61/500 - Train Loss: 0.1759, Train Accuracy: 0.9950, Test Loss: 0.2930, Test Accuracy: 0.9458
Epoch 62/500 - Train Loss: 0.1857, Train Accuracy: 0.9900, Test Loss: 0.2947, Test Accuracy: 0.9445
Epoch 63/500 - Train Loss: 0.1984, Train Accuracy: 0.9850, Test Loss: 0.2978, Test Accuracy: 0.9423
Epoch 64/500 - Train Loss: 0.1953, Train Accuracy: 0.9850, Test Loss: 0.2959, Test Accuracy: 0.9427
Epoch 65/500 - Train Loss: 0.1820, Train Accuracy: 0.9925, Test Loss: 0.2934, Test Accuracy: 0.9419
Epoch 66/500 - Train Loss: 0.1842, Train Accuracy: 0.9925, Test Loss: 0.2944, Test Accuracy: 0.9441
Epoch 67/500 - Train Loss: 0.1830, Train Accuracy: 0.9925, Test Loss: 0.2912, Test Accuracy: 0.9467
Epoch 68/500 - Train Loss: 0.1942, Train Accuracy: 0.9900, Test Loss: 0.2910, Test Accuracy: 0.9458
Epoch 69/500 - Train Loss: 0.1797, Train Accuracy: 0.9875, Test Loss: 0.2912, Test Accuracy: 0.9454
Epoch 70/500 - Train Loss: 0.1903, Train Accuracy: 0.9850, Test Loss: 0.2921, Test Accuracy: 0.9454

Early stopping triggered at epoch 70
Best test loss: 0.2898
Best test accuracy: 0.9528
Plot saved as trained_models/Sweep_data run/metrics/loss.png
Plot saved as trained_models/Sweep_data run/metrics/metrics.png
