Using GPU 0: NVIDIA GeForce RTX 3090
Epoch 1/500 - Train Loss: 2.0502, Train Accuracy: 0.1925, Test Loss: 2.0376, Test Accuracy: 0.2242
Epoch 2/500 - Train Loss: 1.8831, Train Accuracy: 0.3175, Test Loss: 1.8348, Test Accuracy: 0.3842
Epoch 3/500 - Train Loss: 1.7176, Train Accuracy: 0.4850, Test Loss: 1.6439, Test Accuracy: 0.5092
Epoch 4/500 - Train Loss: 1.5518, Train Accuracy: 0.6150, Test Loss: 1.4640, Test Accuracy: 0.6233
Epoch 5/500 - Train Loss: 1.4481, Train Accuracy: 0.6375, Test Loss: 1.3210, Test Accuracy: 0.6923
Epoch 6/500 - Train Loss: 1.2836, Train Accuracy: 0.7350, Test Loss: 1.1562, Test Accuracy: 0.7517
Epoch 7/500 - Train Loss: 1.1702, Train Accuracy: 0.7700, Test Loss: 1.0329, Test Accuracy: 0.7959
Epoch 8/500 - Train Loss: 1.0431, Train Accuracy: 0.8050, Test Loss: 0.9046, Test Accuracy: 0.8361
Epoch 9/500 - Train Loss: 0.9604, Train Accuracy: 0.8000, Test Loss: 0.8132, Test Accuracy: 0.8632
Epoch 10/500 - Train Loss: 0.8907, Train Accuracy: 0.8225, Test Loss: 0.7361, Test Accuracy: 0.8715
Epoch 11/500 - Train Loss: 0.7714, Train Accuracy: 0.8775, Test Loss: 0.6719, Test Accuracy: 0.8881
Epoch 12/500 - Train Loss: 0.7890, Train Accuracy: 0.8325, Test Loss: 0.6261, Test Accuracy: 0.8947
Epoch 13/500 - Train Loss: 0.7248, Train Accuracy: 0.8550, Test Loss: 0.5499, Test Accuracy: 0.9078
Epoch 14/500 - Train Loss: 0.6477, Train Accuracy: 0.8750, Test Loss: 0.5096, Test Accuracy: 0.9104
Epoch 15/500 - Train Loss: 0.6111, Train Accuracy: 0.8975, Test Loss: 0.4970, Test Accuracy: 0.9095
Epoch 16/500 - Train Loss: 0.6133, Train Accuracy: 0.8550, Test Loss: 0.4555, Test Accuracy: 0.9183
Epoch 17/500 - Train Loss: 0.5424, Train Accuracy: 0.9075, Test Loss: 0.4325, Test Accuracy: 0.9253
Epoch 18/500 - Train Loss: 0.5175, Train Accuracy: 0.9100, Test Loss: 0.4167, Test Accuracy: 0.9296
Epoch 19/500 - Train Loss: 0.5249, Train Accuracy: 0.8975, Test Loss: 0.4063, Test Accuracy: 0.9296
Epoch 20/500 - Train Loss: 0.4964, Train Accuracy: 0.9050, Test Loss: 0.3927, Test Accuracy: 0.9305
Epoch 21/500 - Train Loss: 0.4951, Train Accuracy: 0.8950, Test Loss: 0.3930, Test Accuracy: 0.9279
Epoch 22/500 - Train Loss: 0.4282, Train Accuracy: 0.9275, Test Loss: 0.3764, Test Accuracy: 0.9323
Epoch 23/500 - Train Loss: 0.4107, Train Accuracy: 0.9275, Test Loss: 0.3704, Test Accuracy: 0.9323
Epoch 24/500 - Train Loss: 0.4062, Train Accuracy: 0.9350, Test Loss: 0.3653, Test Accuracy: 0.9349
Epoch 25/500 - Train Loss: 0.4048, Train Accuracy: 0.9200, Test Loss: 0.3606, Test Accuracy: 0.9296
Epoch 26/500 - Train Loss: 0.4039, Train Accuracy: 0.9250, Test Loss: 0.3531, Test Accuracy: 0.9362
Epoch 27/500 - Train Loss: 0.4182, Train Accuracy: 0.9175, Test Loss: 0.3519, Test Accuracy: 0.9318
Epoch 28/500 - Train Loss: 0.3863, Train Accuracy: 0.9225, Test Loss: 0.3448, Test Accuracy: 0.9331
Epoch 29/500 - Train Loss: 0.4207, Train Accuracy: 0.9200, Test Loss: 0.3438, Test Accuracy: 0.9309
Epoch 30/500 - Train Loss: 0.3507, Train Accuracy: 0.9400, Test Loss: 0.3411, Test Accuracy: 0.9349
Epoch 31/500 - Train Loss: 0.3520, Train Accuracy: 0.9450, Test Loss: 0.3392, Test Accuracy: 0.9379
Epoch 32/500 - Train Loss: 0.3457, Train Accuracy: 0.9400, Test Loss: 0.3371, Test Accuracy: 0.9371
Epoch 33/500 - Train Loss: 0.3575, Train Accuracy: 0.9225, Test Loss: 0.3323, Test Accuracy: 0.9397
Epoch 34/500 - Train Loss: 0.3350, Train Accuracy: 0.9475, Test Loss: 0.3315, Test Accuracy: 0.9384
Epoch 35/500 - Train Loss: 0.3000, Train Accuracy: 0.9625, Test Loss: 0.3268, Test Accuracy: 0.9379
Epoch 36/500 - Train Loss: 0.3479, Train Accuracy: 0.9350, Test Loss: 0.3221, Test Accuracy: 0.9371
Epoch 37/500 - Train Loss: 0.3244, Train Accuracy: 0.9500, Test Loss: 0.3267, Test Accuracy: 0.9375
Epoch 38/500 - Train Loss: 0.3323, Train Accuracy: 0.9500, Test Loss: 0.3190, Test Accuracy: 0.9366
Epoch 39/500 - Train Loss: 0.2712, Train Accuracy: 0.9650, Test Loss: 0.3195, Test Accuracy: 0.9349
Epoch 40/500 - Train Loss: 0.2968, Train Accuracy: 0.9550, Test Loss: 0.3177, Test Accuracy: 0.9353
Epoch 41/500 - Train Loss: 0.3084, Train Accuracy: 0.9450, Test Loss: 0.3208, Test Accuracy: 0.9349
Epoch 42/500 - Train Loss: 0.2783, Train Accuracy: 0.9550, Test Loss: 0.3171, Test Accuracy: 0.9362
Epoch 43/500 - Train Loss: 0.2999, Train Accuracy: 0.9475, Test Loss: 0.3141, Test Accuracy: 0.9353
Epoch 44/500 - Train Loss: 0.2604, Train Accuracy: 0.9775, Test Loss: 0.3247, Test Accuracy: 0.9366
Epoch 45/500 - Train Loss: 0.3071, Train Accuracy: 0.9550, Test Loss: 0.3249, Test Accuracy: 0.9349
Epoch 46/500 - Train Loss: 0.2548, Train Accuracy: 0.9700, Test Loss: 0.3347, Test Accuracy: 0.9305
Epoch 47/500 - Train Loss: 0.2675, Train Accuracy: 0.9575, Test Loss: 0.3282, Test Accuracy: 0.9314
Epoch 48/500 - Train Loss: 0.2701, Train Accuracy: 0.9550, Test Loss: 0.3189, Test Accuracy: 0.9362
Epoch 49/500 - Train Loss: 0.2673, Train Accuracy: 0.9600, Test Loss: 0.3233, Test Accuracy: 0.9336
Epoch 50/500 - Train Loss: 0.2653, Train Accuracy: 0.9600, Test Loss: 0.3147, Test Accuracy: 0.9384
Epoch 51/500 - Train Loss: 0.2562, Train Accuracy: 0.9650, Test Loss: 0.3141, Test Accuracy: 0.9362
Epoch 52/500 - Train Loss: 0.2861, Train Accuracy: 0.9600, Test Loss: 0.3214, Test Accuracy: 0.9353
Epoch 53/500 - Train Loss: 0.2524, Train Accuracy: 0.9575, Test Loss: 0.3147, Test Accuracy: 0.9340
Epoch 54/500 - Train Loss: 0.2579, Train Accuracy: 0.9600, Test Loss: 0.3240, Test Accuracy: 0.9336
Epoch 55/500 - Train Loss: 0.2370, Train Accuracy: 0.9700, Test Loss: 0.3216, Test Accuracy: 0.9358
Epoch 56/500 - Train Loss: 0.2273, Train Accuracy: 0.9775, Test Loss: 0.3155, Test Accuracy: 0.9349
Epoch 57/500 - Train Loss: 0.2752, Train Accuracy: 0.9575, Test Loss: 0.3091, Test Accuracy: 0.9349
Epoch 58/500 - Train Loss: 0.2629, Train Accuracy: 0.9700, Test Loss: 0.3141, Test Accuracy: 0.9349
Epoch 59/500 - Train Loss: 0.2069, Train Accuracy: 0.9875, Test Loss: 0.3220, Test Accuracy: 0.9349
Epoch 60/500 - Train Loss: 0.2703, Train Accuracy: 0.9575, Test Loss: 0.3341, Test Accuracy: 0.9283
Epoch 61/500 - Train Loss: 0.2031, Train Accuracy: 0.9850, Test Loss: 0.3207, Test Accuracy: 0.9358
Epoch 62/500 - Train Loss: 0.2756, Train Accuracy: 0.9500, Test Loss: 0.3129, Test Accuracy: 0.9375
Epoch 63/500 - Train Loss: 0.2155, Train Accuracy: 0.9825, Test Loss: 0.3292, Test Accuracy: 0.9305
Epoch 64/500 - Train Loss: 0.2160, Train Accuracy: 0.9750, Test Loss: 0.3192, Test Accuracy: 0.9340
Epoch 65/500 - Train Loss: 0.2117, Train Accuracy: 0.9800, Test Loss: 0.3252, Test Accuracy: 0.9323
Epoch 66/500 - Train Loss: 0.2714, Train Accuracy: 0.9600, Test Loss: 0.3163, Test Accuracy: 0.9366
Epoch 67/500 - Train Loss: 0.2138, Train Accuracy: 0.9825, Test Loss: 0.3175, Test Accuracy: 0.9384
Epoch 68/500 - Train Loss: 0.1984, Train Accuracy: 0.9850, Test Loss: 0.3178, Test Accuracy: 0.9379
Epoch 69/500 - Train Loss: 0.2231, Train Accuracy: 0.9650, Test Loss: 0.3157, Test Accuracy: 0.9362
Epoch 70/500 - Train Loss: 0.2061, Train Accuracy: 0.9825, Test Loss: 0.3208, Test Accuracy: 0.9314
Epoch 71/500 - Train Loss: 0.2440, Train Accuracy: 0.9650, Test Loss: 0.3198, Test Accuracy: 0.9362
Epoch 72/500 - Train Loss: 0.2563, Train Accuracy: 0.9600, Test Loss: 0.3228, Test Accuracy: 0.9331

Early stopping triggered at epoch 72
Best test loss: 0.3091
Best test accuracy: 0.9397
Plot saved as trained_models/Sweep_data run/metrics/loss.png
Plot saved as trained_models/Sweep_data run/metrics/metrics.png
