Using GPU 0: NVIDIA GeForce RTX 3090
Epoch 1/500 - Train Loss: 6.3676, Train Accuracy: 0.1275, Test Loss: 2157773.5026, Test Accuracy: 0.1215
Epoch 2/500 - Train Loss: 2.5588, Train Accuracy: 0.1125, Test Loss: 2.2049, Test Accuracy: 0.1613
Epoch 3/500 - Train Loss: 2.2846, Train Accuracy: 0.1550, Test Loss: 2.1050, Test Accuracy: 0.0918
Epoch 4/500 - Train Loss: 2.5627, Train Accuracy: 0.1400, Test Loss: 125.6351, Test Accuracy: 0.1434
Epoch 5/500 - Train Loss: 2.2172, Train Accuracy: 0.1775, Test Loss: 2.3451, Test Accuracy: 0.1368
Epoch 6/500 - Train Loss: 2.0261, Train Accuracy: 0.2450, Test Loss: 2.0303, Test Accuracy: 0.2155
Epoch 7/500 - Train Loss: 2.0009, Train Accuracy: 0.2300, Test Loss: 2.0077, Test Accuracy: 0.2998
Epoch 8/500 - Train Loss: 1.9431, Train Accuracy: 0.2575, Test Loss: 2.5781, Test Accuracy: 0.2229
Epoch 9/500 - Train Loss: 1.9733, Train Accuracy: 0.2750, Test Loss: 2.2679, Test Accuracy: 0.2474
Epoch 10/500 - Train Loss: 1.8077, Train Accuracy: 0.3675, Test Loss: 63.0260, Test Accuracy: 0.2303
Epoch 11/500 - Train Loss: 1.8464, Train Accuracy: 0.3325, Test Loss: 1.9494, Test Accuracy: 0.2885
Epoch 12/500 - Train Loss: 1.7706, Train Accuracy: 0.3650, Test Loss: 9.2927, Test Accuracy: 0.1932
Epoch 13/500 - Train Loss: 1.8015, Train Accuracy: 0.3300, Test Loss: 5.6450, Test Accuracy: 0.2194
Epoch 14/500 - Train Loss: 1.7670, Train Accuracy: 0.3525, Test Loss: 1.8912, Test Accuracy: 0.3641
Epoch 15/500 - Train Loss: 1.6649, Train Accuracy: 0.4200, Test Loss: 3.3310, Test Accuracy: 0.2032
Epoch 16/500 - Train Loss: 1.6813, Train Accuracy: 0.3950, Test Loss: 29.9376, Test Accuracy: 0.3405
Epoch 17/500 - Train Loss: 1.5970, Train Accuracy: 0.4750, Test Loss: 2.4384, Test Accuracy: 0.3807
Epoch 18/500 - Train Loss: 1.6164, Train Accuracy: 0.4400, Test Loss: 1.6593, Test Accuracy: 0.4943
Epoch 19/500 - Train Loss: 1.6164, Train Accuracy: 0.4750, Test Loss: 3.7834, Test Accuracy: 0.1945
Epoch 20/500 - Train Loss: 1.5595, Train Accuracy: 0.4600, Test Loss: 4.2857, Test Accuracy: 0.3671
Epoch 21/500 - Train Loss: 1.5183, Train Accuracy: 0.4975, Test Loss: 2.0803, Test Accuracy: 0.3497
Epoch 22/500 - Train Loss: 1.4498, Train Accuracy: 0.5125, Test Loss: 1.3581, Test Accuracy: 0.5730
Epoch 23/500 - Train Loss: 1.4185, Train Accuracy: 0.5575, Test Loss: 1.6591, Test Accuracy: 0.5503
Epoch 24/500 - Train Loss: 1.4280, Train Accuracy: 0.5375, Test Loss: 1.9930, Test Accuracy: 0.3680
Epoch 25/500 - Train Loss: 1.4007, Train Accuracy: 0.5825, Test Loss: 6.8682, Test Accuracy: 0.3881
Epoch 26/500 - Train Loss: 1.3147, Train Accuracy: 0.5950, Test Loss: 2.6179, Test Accuracy: 0.5232
Epoch 27/500 - Train Loss: 1.2636, Train Accuracy: 0.6450, Test Loss: 2.5750, Test Accuracy: 0.2330
Epoch 28/500 - Train Loss: 1.3422, Train Accuracy: 0.6150, Test Loss: 2.0500, Test Accuracy: 0.4427
Epoch 29/500 - Train Loss: 1.2438, Train Accuracy: 0.6575, Test Loss: 1.3867, Test Accuracy: 0.5857
Epoch 30/500 - Train Loss: 1.1981, Train Accuracy: 0.6800, Test Loss: 400.5769, Test Accuracy: 0.1709
Epoch 31/500 - Train Loss: 1.1664, Train Accuracy: 0.6800, Test Loss: 3.0334, Test Accuracy: 0.2745
Epoch 32/500 - Train Loss: 1.2781, Train Accuracy: 0.6375, Test Loss: 1.6777, Test Accuracy: 0.5297
Epoch 33/500 - Train Loss: 1.1057, Train Accuracy: 0.7250, Test Loss: 1.2007, Test Accuracy: 0.6600
Epoch 34/500 - Train Loss: 1.0742, Train Accuracy: 0.7475, Test Loss: 1.2883, Test Accuracy: 0.6517
Epoch 35/500 - Train Loss: 1.0975, Train Accuracy: 0.7275, Test Loss: 1.1256, Test Accuracy: 0.7312
Epoch 36/500 - Train Loss: 1.0446, Train Accuracy: 0.7525, Test Loss: 3.5330, Test Accuracy: 0.3457
Epoch 37/500 - Train Loss: 1.0409, Train Accuracy: 0.7575, Test Loss: 1.9691, Test Accuracy: 0.5219
Epoch 38/500 - Train Loss: 1.0805, Train Accuracy: 0.7500, Test Loss: 1.5267, Test Accuracy: 0.5905
Epoch 39/500 - Train Loss: 1.0463, Train Accuracy: 0.7425, Test Loss: 1.2891, Test Accuracy: 0.6285
Epoch 40/500 - Train Loss: 0.9694, Train Accuracy: 0.7625, Test Loss: 1.1851, Test Accuracy: 0.6919
Epoch 41/500 - Train Loss: 1.0830, Train Accuracy: 0.7425, Test Loss: 2.2643, Test Accuracy: 0.5074
Epoch 42/500 - Train Loss: 1.0282, Train Accuracy: 0.7475, Test Loss: 1.4439, Test Accuracy: 0.5446
Epoch 43/500 - Train Loss: 1.0246, Train Accuracy: 0.7850, Test Loss: 3.6238, Test Accuracy: 0.5271
Epoch 44/500 - Train Loss: 0.9698, Train Accuracy: 0.7850, Test Loss: 2.5736, Test Accuracy: 0.3894
Epoch 45/500 - Train Loss: 0.9922, Train Accuracy: 0.7700, Test Loss: 1.1555, Test Accuracy: 0.7338
Epoch 46/500 - Train Loss: 0.9516, Train Accuracy: 0.7900, Test Loss: 2.4222, Test Accuracy: 0.3719
Epoch 47/500 - Train Loss: 0.9635, Train Accuracy: 0.8000, Test Loss: 1.0015, Test Accuracy: 0.7684
Epoch 48/500 - Train Loss: 0.8800, Train Accuracy: 0.8350, Test Loss: 1.0790, Test Accuracy: 0.7299
Epoch 49/500 - Train Loss: 0.9723, Train Accuracy: 0.8125, Test Loss: 1.4123, Test Accuracy: 0.6110
Epoch 50/500 - Train Loss: 0.9722, Train Accuracy: 0.7900, Test Loss: 1.3294, Test Accuracy: 0.6552
Epoch 51/500 - Train Loss: 0.9913, Train Accuracy: 0.7850, Test Loss: 2.3104, Test Accuracy: 0.4462
Epoch 52/500 - Train Loss: 0.9638, Train Accuracy: 0.8000, Test Loss: 1.6789, Test Accuracy: 0.6123
Epoch 53/500 - Train Loss: 0.9852, Train Accuracy: 0.7850, Test Loss: 1.1014, Test Accuracy: 0.7478
Epoch 54/500 - Train Loss: 0.8620, Train Accuracy: 0.8375, Test Loss: 1.7131, Test Accuracy: 0.5795
Epoch 55/500 - Train Loss: 0.9358, Train Accuracy: 0.8050, Test Loss: 2.1231, Test Accuracy: 0.6014
Epoch 56/500 - Train Loss: 0.8547, Train Accuracy: 0.8550, Test Loss: 3.3381, Test Accuracy: 0.4327
Epoch 57/500 - Train Loss: 0.8946, Train Accuracy: 0.8075, Test Loss: 1.0155, Test Accuracy: 0.7714
Epoch 58/500 - Train Loss: 0.8517, Train Accuracy: 0.8300, Test Loss: 1.6901, Test Accuracy: 0.5538
Epoch 59/500 - Train Loss: 0.8659, Train Accuracy: 0.8500, Test Loss: 1.2254, Test Accuracy: 0.7325
Epoch 60/500 - Train Loss: 0.8691, Train Accuracy: 0.8250, Test Loss: 1.4852, Test Accuracy: 0.5940
Epoch 61/500 - Train Loss: 0.9168, Train Accuracy: 0.8175, Test Loss: 1.3586, Test Accuracy: 0.6233
Epoch 62/500 - Train Loss: 1.0024, Train Accuracy: 0.7375, Test Loss: 1.1913, Test Accuracy: 0.7128

Early stopping triggered at epoch 62
Best test loss: 1.0015
Best test accuracy: 0.7714
Plot saved as trained_models/Sweep run/metrics/loss.png
Plot saved as trained_models/Sweep run/metrics/metrics.png
