Using GPU 0: NVIDIA GeForce RTX 3090
Epoch 1/500 - Train Loss: 2.0903, Train Accuracy: 0.1125, Test Loss: 2.0774, Test Accuracy: 0.1066
Epoch 2/500 - Train Loss: 1.9182, Train Accuracy: 0.2775, Test Loss: 1.8643, Test Accuracy: 0.3444
Epoch 3/500 - Train Loss: 1.7847, Train Accuracy: 0.4200, Test Loss: 1.6603, Test Accuracy: 0.5153
Epoch 4/500 - Train Loss: 1.6770, Train Accuracy: 0.5300, Test Loss: 1.4621, Test Accuracy: 0.6399
Epoch 5/500 - Train Loss: 1.5492, Train Accuracy: 0.5900, Test Loss: 1.2908, Test Accuracy: 0.7128
Epoch 6/500 - Train Loss: 1.4638, Train Accuracy: 0.6225, Test Loss: 1.1557, Test Accuracy: 0.7504
Epoch 7/500 - Train Loss: 1.3050, Train Accuracy: 0.6975, Test Loss: 1.0483, Test Accuracy: 0.7902
Epoch 8/500 - Train Loss: 1.2007, Train Accuracy: 0.7475, Test Loss: 0.9592, Test Accuracy: 0.8186
Epoch 9/500 - Train Loss: 1.1664, Train Accuracy: 0.7100, Test Loss: 0.8735, Test Accuracy: 0.8260
Epoch 10/500 - Train Loss: 1.1118, Train Accuracy: 0.7400, Test Loss: 0.7810, Test Accuracy: 0.8510
Epoch 11/500 - Train Loss: 0.9857, Train Accuracy: 0.7675, Test Loss: 0.7108, Test Accuracy: 0.8706
Epoch 12/500 - Train Loss: 0.9504, Train Accuracy: 0.7850, Test Loss: 0.6587, Test Accuracy: 0.8759
Epoch 13/500 - Train Loss: 0.8854, Train Accuracy: 0.8125, Test Loss: 0.6109, Test Accuracy: 0.8855
Epoch 14/500 - Train Loss: 0.8252, Train Accuracy: 0.8325, Test Loss: 0.5701, Test Accuracy: 0.8916
Epoch 15/500 - Train Loss: 0.8439, Train Accuracy: 0.7850, Test Loss: 0.5400, Test Accuracy: 0.8990
Epoch 16/500 - Train Loss: 0.8031, Train Accuracy: 0.7825, Test Loss: 0.5169, Test Accuracy: 0.8955
Epoch 17/500 - Train Loss: 0.7700, Train Accuracy: 0.8125, Test Loss: 0.4988, Test Accuracy: 0.9030
Epoch 18/500 - Train Loss: 0.7491, Train Accuracy: 0.7925, Test Loss: 0.4777, Test Accuracy: 0.9030
Epoch 19/500 - Train Loss: 0.6361, Train Accuracy: 0.8625, Test Loss: 0.4671, Test Accuracy: 0.9043
Epoch 20/500 - Train Loss: 0.7053, Train Accuracy: 0.8250, Test Loss: 0.4474, Test Accuracy: 0.9108
Epoch 21/500 - Train Loss: 0.6824, Train Accuracy: 0.8175, Test Loss: 0.4339, Test Accuracy: 0.9143
Epoch 22/500 - Train Loss: 0.6507, Train Accuracy: 0.8350, Test Loss: 0.4419, Test Accuracy: 0.9143
Epoch 23/500 - Train Loss: 0.6464, Train Accuracy: 0.8500, Test Loss: 0.4461, Test Accuracy: 0.9117
Epoch 24/500 - Train Loss: 0.6054, Train Accuracy: 0.8650, Test Loss: 0.4237, Test Accuracy: 0.9143
Epoch 25/500 - Train Loss: 0.5697, Train Accuracy: 0.8800, Test Loss: 0.4049, Test Accuracy: 0.9183
Epoch 26/500 - Train Loss: 0.5474, Train Accuracy: 0.8775, Test Loss: 0.4022, Test Accuracy: 0.9191
Epoch 27/500 - Train Loss: 0.5461, Train Accuracy: 0.8675, Test Loss: 0.3930, Test Accuracy: 0.9218
Epoch 28/500 - Train Loss: 0.5210, Train Accuracy: 0.8800, Test Loss: 0.3889, Test Accuracy: 0.9235
Epoch 29/500 - Train Loss: 0.5411, Train Accuracy: 0.8750, Test Loss: 0.3858, Test Accuracy: 0.9226
Epoch 30/500 - Train Loss: 0.5144, Train Accuracy: 0.8800, Test Loss: 0.3719, Test Accuracy: 0.9257
Epoch 31/500 - Train Loss: 0.5138, Train Accuracy: 0.8700, Test Loss: 0.3660, Test Accuracy: 0.9288
Epoch 32/500 - Train Loss: 0.5143, Train Accuracy: 0.8875, Test Loss: 0.3596, Test Accuracy: 0.9301
Epoch 33/500 - Train Loss: 0.5220, Train Accuracy: 0.8675, Test Loss: 0.3616, Test Accuracy: 0.9240
Epoch 34/500 - Train Loss: 0.4561, Train Accuracy: 0.9000, Test Loss: 0.3637, Test Accuracy: 0.9283
Epoch 35/500 - Train Loss: 0.5140, Train Accuracy: 0.8875, Test Loss: 0.3778, Test Accuracy: 0.9231
Epoch 36/500 - Train Loss: 0.4165, Train Accuracy: 0.9125, Test Loss: 0.3541, Test Accuracy: 0.9336
Epoch 37/500 - Train Loss: 0.4628, Train Accuracy: 0.9000, Test Loss: 0.3453, Test Accuracy: 0.9379
Epoch 38/500 - Train Loss: 0.4357, Train Accuracy: 0.9100, Test Loss: 0.3422, Test Accuracy: 0.9371
Epoch 39/500 - Train Loss: 0.4248, Train Accuracy: 0.9150, Test Loss: 0.3431, Test Accuracy: 0.9344
Epoch 40/500 - Train Loss: 0.4595, Train Accuracy: 0.8900, Test Loss: 0.3380, Test Accuracy: 0.9401
Epoch 41/500 - Train Loss: 0.4035, Train Accuracy: 0.9200, Test Loss: 0.3346, Test Accuracy: 0.9397
Epoch 42/500 - Train Loss: 0.3826, Train Accuracy: 0.9225, Test Loss: 0.3383, Test Accuracy: 0.9379
Epoch 43/500 - Train Loss: 0.4502, Train Accuracy: 0.8925, Test Loss: 0.3480, Test Accuracy: 0.9318
Epoch 44/500 - Train Loss: 0.4144, Train Accuracy: 0.9100, Test Loss: 0.3426, Test Accuracy: 0.9340
Epoch 45/500 - Train Loss: 0.3931, Train Accuracy: 0.9175, Test Loss: 0.3345, Test Accuracy: 0.9358
Epoch 46/500 - Train Loss: 0.3771, Train Accuracy: 0.9325, Test Loss: 0.3276, Test Accuracy: 0.9336
Epoch 47/500 - Train Loss: 0.3882, Train Accuracy: 0.9125, Test Loss: 0.3204, Test Accuracy: 0.9392
Epoch 48/500 - Train Loss: 0.3918, Train Accuracy: 0.9100, Test Loss: 0.3238, Test Accuracy: 0.9427
Epoch 49/500 - Train Loss: 0.3870, Train Accuracy: 0.9300, Test Loss: 0.3367, Test Accuracy: 0.9379
Epoch 50/500 - Train Loss: 0.4181, Train Accuracy: 0.8850, Test Loss: 0.3327, Test Accuracy: 0.9388
Epoch 51/500 - Train Loss: 0.3768, Train Accuracy: 0.9200, Test Loss: 0.3294, Test Accuracy: 0.9375
Epoch 52/500 - Train Loss: 0.4169, Train Accuracy: 0.9150, Test Loss: 0.3213, Test Accuracy: 0.9379
Epoch 53/500 - Train Loss: 0.3545, Train Accuracy: 0.9275, Test Loss: 0.3255, Test Accuracy: 0.9371
Epoch 54/500 - Train Loss: 0.3706, Train Accuracy: 0.9250, Test Loss: 0.3244, Test Accuracy: 0.9371
Epoch 55/500 - Train Loss: 0.3834, Train Accuracy: 0.9175, Test Loss: 0.3287, Test Accuracy: 0.9414
Epoch 56/500 - Train Loss: 0.3688, Train Accuracy: 0.9175, Test Loss: 0.3293, Test Accuracy: 0.9406
Epoch 57/500 - Train Loss: 0.3263, Train Accuracy: 0.9525, Test Loss: 0.3232, Test Accuracy: 0.9388
Epoch 58/500 - Train Loss: 0.3377, Train Accuracy: 0.9350, Test Loss: 0.3202, Test Accuracy: 0.9379
Epoch 59/500 - Train Loss: 0.2986, Train Accuracy: 0.9575, Test Loss: 0.3171, Test Accuracy: 0.9406
Epoch 60/500 - Train Loss: 0.3112, Train Accuracy: 0.9525, Test Loss: 0.3179, Test Accuracy: 0.9410
Epoch 61/500 - Train Loss: 0.3268, Train Accuracy: 0.9350, Test Loss: 0.3161, Test Accuracy: 0.9410
Epoch 62/500 - Train Loss: 0.3906, Train Accuracy: 0.9000, Test Loss: 0.3391, Test Accuracy: 0.9336
Epoch 63/500 - Train Loss: 0.3386, Train Accuracy: 0.9400, Test Loss: 0.3387, Test Accuracy: 0.9340
Epoch 64/500 - Train Loss: 0.3021, Train Accuracy: 0.9550, Test Loss: 0.3177, Test Accuracy: 0.9445
Epoch 65/500 - Train Loss: 0.3293, Train Accuracy: 0.9425, Test Loss: 0.3109, Test Accuracy: 0.9458
Epoch 66/500 - Train Loss: 0.3110, Train Accuracy: 0.9475, Test Loss: 0.3093, Test Accuracy: 0.9454
Epoch 67/500 - Train Loss: 0.3052, Train Accuracy: 0.9400, Test Loss: 0.3088, Test Accuracy: 0.9427
Epoch 68/500 - Train Loss: 0.3196, Train Accuracy: 0.9450, Test Loss: 0.3062, Test Accuracy: 0.9462
Epoch 69/500 - Train Loss: 0.3325, Train Accuracy: 0.9425, Test Loss: 0.3140, Test Accuracy: 0.9445
Epoch 70/500 - Train Loss: 0.3249, Train Accuracy: 0.9425, Test Loss: 0.3145, Test Accuracy: 0.9406
Epoch 71/500 - Train Loss: 0.2896, Train Accuracy: 0.9550, Test Loss: 0.3117, Test Accuracy: 0.9441
Epoch 72/500 - Train Loss: 0.3103, Train Accuracy: 0.9500, Test Loss: 0.3174, Test Accuracy: 0.9436
Epoch 73/500 - Train Loss: 0.3136, Train Accuracy: 0.9400, Test Loss: 0.3294, Test Accuracy: 0.9423
Epoch 74/500 - Train Loss: 0.3009, Train Accuracy: 0.9325, Test Loss: 0.3609, Test Accuracy: 0.9279
Epoch 75/500 - Train Loss: 0.3298, Train Accuracy: 0.9350, Test Loss: 0.3159, Test Accuracy: 0.9432
Epoch 76/500 - Train Loss: 0.2712, Train Accuracy: 0.9525, Test Loss: 0.3082, Test Accuracy: 0.9467
Epoch 77/500 - Train Loss: 0.2776, Train Accuracy: 0.9550, Test Loss: 0.3152, Test Accuracy: 0.9406
Epoch 78/500 - Train Loss: 0.2679, Train Accuracy: 0.9525, Test Loss: 0.3122, Test Accuracy: 0.9410
Epoch 79/500 - Train Loss: 0.2928, Train Accuracy: 0.9500, Test Loss: 0.3096, Test Accuracy: 0.9432
Epoch 80/500 - Train Loss: 0.2694, Train Accuracy: 0.9550, Test Loss: 0.3312, Test Accuracy: 0.9362
Epoch 81/500 - Train Loss: 0.2736, Train Accuracy: 0.9575, Test Loss: 0.3602, Test Accuracy: 0.9270
Epoch 82/500 - Train Loss: 0.2881, Train Accuracy: 0.9600, Test Loss: 0.3305, Test Accuracy: 0.9366
Epoch 83/500 - Train Loss: 0.3201, Train Accuracy: 0.9450, Test Loss: 0.3133, Test Accuracy: 0.9436

Early stopping triggered at epoch 83
Best test loss: 0.3062
Best test accuracy: 0.9467
Plot saved as trained_models/Sweep_data run/metrics/loss.png
Plot saved as trained_models/Sweep_data run/metrics/metrics.png
