wandb: Starting wandb agent 🕵️
2026-01-10 19:50:45,179 - wandb.wandb_agent - INFO - Running runs: []
2026-01-10 19:50:45,548 - wandb.wandb_agent - INFO - Agent received command: run
2026-01-10 19:50:45,548 - wandb.wandb_agent - INFO - Agent starting run with config:
	affine: 0.03997149475007422
	blur: 0.7435898175575909
	brightness: 1.2238803228898063
	contrast: 0.711659375646119
	crop: 0.7665815084861815
	crop_scale: 0.33121564310269813
	flip: 0.4306075421880245
	gaussian_blur_kernel: 9
	gaussian_noise_std: 2.317530255415106
	grey: 0.738971464008497
	hue: -0.06311989518203438
	jiggle: 0.6818743369512916
	rotate: 0.4377047177659389
	rotation: 46
	saturation: 0.820603068524711
	scale: 1.0889010267334158
	shear: 38
	translate_x: 0.053552886358789215
	translate_y: 0.043988193860477726
2026-01-10 19:50:45,551 - wandb.wandb_agent - INFO - About to run command: /usr/bin/env python train_data.py --affine=0.03997149475007422 --blur=0.7435898175575909 --brightness=1.2238803228898063 --contrast=0.711659375646119 --crop=0.7665815084861815 --crop_scale=0.33121564310269813 --flip=0.4306075421880245 --gaussian_blur_kernel=9 --gaussian_noise_std=2.317530255415106 --grey=0.738971464008497 --hue=-0.06311989518203438 --jiggle=0.6818743369512916 --rotate=0.4377047177659389 --rotation=46 --saturation=0.820603068524711 --scale=1.0889010267334158 --shear=38 --translate_x=0.053552886358789215 --translate_y=0.043988193860477726
wandb: Currently logged in as: arnaumarcosalmansa (mcv-team-6) to https://api.wandb.ai. Use `wandb login --relogin` to force relogin
wandb: WARNING Ignoring project 'C3-Week3' when running a sweep.
wandb: WARNING Ignoring entity 'mcv-team-6' when running a sweep.
wandb: Tracking run with wandb version 0.23.1
wandb: Run data is saved locally in /export/home/group06/workspace/project-team-6/Week3/wandb/run-20260110_195049-c4u3p0a5
wandb: Run `wandb offline` to turn off syncing.
wandb: Syncing run Sweep run
wandb: ⭐️ View project at https://wandb.ai/mcv-team-6/C3-Week3
wandb: 🧹 View sweep at https://wandb.ai/mcv-team-6/C3-Week3/sweeps/g5vb4edr
wandb: 🚀 View run at https://wandb.ai/mcv-team-6/C3-Week3/runs/c4u3p0a5
2026-01-10 19:50:50,556 - wandb.wandb_agent - INFO - Running runs: ['c4u3p0a5']
Traceback (most recent call last):
  File "/export/home/group06/workspace/project-team-6/Week3/train_data.py", line 61, in <module>
    ka.ColorJitter(brightness=cfg.brightness,
  File "/ghome/group06/miniconda3/envs/c3/lib/python3.12/site-packages/kornia/augmentation/_2d/intensity/color_jitter.py", line 105, in __init__
    self._param_generator = rg.ColorJitterGenerator(brightness, contrast, saturation, hue)
                            ^^^^^^^^^^^^^^^^^^^^^^^^^^^^^^^^^^^^^^^^^^^^^^^^^^^^^^^^^^^^^^
  File "/ghome/group06/miniconda3/envs/c3/lib/python3.12/site-packages/kornia/augmentation/random_generator/base.py", line 34, in __call__
    obj.__post_init__()
  File "/ghome/group06/miniconda3/envs/c3/lib/python3.12/site-packages/kornia/augmentation/random_generator/base.py", line 48, in __post_init__
    self.set_rng_device_and_dtype()
  File "/ghome/group06/miniconda3/envs/c3/lib/python3.12/site-packages/kornia/augmentation/random_generator/base.py", line 64, in set_rng_device_and_dtype
    self.make_samplers(device, dtype)
  File "/ghome/group06/miniconda3/envs/c3/lib/python3.12/site-packages/kornia/augmentation/random_generator/_2d/color_jitter.py", line 86, in make_samplers
    hue: Tensor = _range_bound(self.hue, "hue", bounds=(-0.5, 0.5), device=device, dtype=dtype)
                  ^^^^^^^^^^^^^^^^^^^^^^^^^^^^^^^^^^^^^^^^^^^^^^^^^^^^^^^^^^^^^^^^^^^^^^^^^^^^^
  File "/ghome/group06/miniconda3/envs/c3/lib/python3.12/site-packages/kornia/augmentation/utils/param_validation.py", line 53, in _range_bound
    raise ValueError(f"If {name} is a single number, it must be non negative. Got {factor}.")
ValueError: If hue is a single number, it must be non negative. Got -0.06311989575624466.
2026-01-10 19:51:11,148 - wandb.wandb_agent - INFO - Cleaning up finished run: c4u3p0a5
wandb: Terminating and syncing runs. Press ctrl-c to kill.
