Using GPU 0: NVIDIA GeForce RTX 3090
Epoch 1/500 - Train Loss: 2.1083, Train Accuracy: 0.1525, Test Loss: 2.0458, Test Accuracy: 0.2421
Epoch 2/500 - Train Loss: 1.9031, Train Accuracy: 0.3075, Test Loss: 1.8064, Test Accuracy: 0.4489
Epoch 3/500 - Train Loss: 1.7279, Train Accuracy: 0.4625, Test Loss: 1.6171, Test Accuracy: 0.5651
Epoch 4/500 - Train Loss: 1.6130, Train Accuracy: 0.5700, Test Loss: 1.4480, Test Accuracy: 0.6600
Epoch 5/500 - Train Loss: 1.4726, Train Accuracy: 0.6700, Test Loss: 1.3077, Test Accuracy: 0.7483
Epoch 6/500 - Train Loss: 1.3708, Train Accuracy: 0.7350, Test Loss: 1.1976, Test Accuracy: 0.7898
Epoch 7/500 - Train Loss: 1.2441, Train Accuracy: 0.7875, Test Loss: 1.0934, Test Accuracy: 0.8274
Epoch 8/500 - Train Loss: 1.1884, Train Accuracy: 0.7950, Test Loss: 0.9989, Test Accuracy: 0.8453
Epoch 9/500 - Train Loss: 1.0835, Train Accuracy: 0.8375, Test Loss: 0.9183, Test Accuracy: 0.8711
Epoch 10/500 - Train Loss: 1.0424, Train Accuracy: 0.8325, Test Loss: 0.8491, Test Accuracy: 0.8877
Epoch 11/500 - Train Loss: 0.9422, Train Accuracy: 0.8750, Test Loss: 0.7921, Test Accuracy: 0.8947
Epoch 12/500 - Train Loss: 0.8927, Train Accuracy: 0.8725, Test Loss: 0.7482, Test Accuracy: 0.9038
Epoch 13/500 - Train Loss: 0.8689, Train Accuracy: 0.8800, Test Loss: 0.7073, Test Accuracy: 0.9135
Epoch 14/500 - Train Loss: 0.7976, Train Accuracy: 0.8900, Test Loss: 0.6757, Test Accuracy: 0.9165
Epoch 15/500 - Train Loss: 0.7916, Train Accuracy: 0.8975, Test Loss: 0.6450, Test Accuracy: 0.9231
Epoch 16/500 - Train Loss: 0.7125, Train Accuracy: 0.9275, Test Loss: 0.6305, Test Accuracy: 0.9218
Epoch 17/500 - Train Loss: 0.7093, Train Accuracy: 0.9175, Test Loss: 0.6029, Test Accuracy: 0.9274
Epoch 18/500 - Train Loss: 0.6978, Train Accuracy: 0.9225, Test Loss: 0.5796, Test Accuracy: 0.9314
Epoch 19/500 - Train Loss: 0.6582, Train Accuracy: 0.9150, Test Loss: 0.5596, Test Accuracy: 0.9366
Epoch 20/500 - Train Loss: 0.6633, Train Accuracy: 0.9175, Test Loss: 0.5532, Test Accuracy: 0.9371
Epoch 21/500 - Train Loss: 0.6219, Train Accuracy: 0.9125, Test Loss: 0.5382, Test Accuracy: 0.9388
Epoch 22/500 - Train Loss: 0.6144, Train Accuracy: 0.9225, Test Loss: 0.5342, Test Accuracy: 0.9384
Epoch 23/500 - Train Loss: 0.6061, Train Accuracy: 0.9150, Test Loss: 0.5268, Test Accuracy: 0.9392
Epoch 24/500 - Train Loss: 0.5937, Train Accuracy: 0.9375, Test Loss: 0.5237, Test Accuracy: 0.9349
Epoch 25/500 - Train Loss: 0.5891, Train Accuracy: 0.9225, Test Loss: 0.5172, Test Accuracy: 0.9388
Epoch 26/500 - Train Loss: 0.5516, Train Accuracy: 0.9450, Test Loss: 0.5055, Test Accuracy: 0.9441
Epoch 27/500 - Train Loss: 0.5481, Train Accuracy: 0.9275, Test Loss: 0.5021, Test Accuracy: 0.9432
Epoch 28/500 - Train Loss: 0.5178, Train Accuracy: 0.9475, Test Loss: 0.4973, Test Accuracy: 0.9441
Epoch 29/500 - Train Loss: 0.5104, Train Accuracy: 0.9475, Test Loss: 0.4927, Test Accuracy: 0.9432
Epoch 30/500 - Train Loss: 0.5349, Train Accuracy: 0.9350, Test Loss: 0.4953, Test Accuracy: 0.9432
Epoch 31/500 - Train Loss: 0.5161, Train Accuracy: 0.9475, Test Loss: 0.4900, Test Accuracy: 0.9423
Epoch 32/500 - Train Loss: 0.5093, Train Accuracy: 0.9475, Test Loss: 0.4881, Test Accuracy: 0.9423
Epoch 33/500 - Train Loss: 0.4927, Train Accuracy: 0.9550, Test Loss: 0.4858, Test Accuracy: 0.9427
Epoch 34/500 - Train Loss: 0.4734, Train Accuracy: 0.9400, Test Loss: 0.4834, Test Accuracy: 0.9441
Epoch 35/500 - Train Loss: 0.4634, Train Accuracy: 0.9675, Test Loss: 0.4815, Test Accuracy: 0.9436
Epoch 36/500 - Train Loss: 0.4777, Train Accuracy: 0.9600, Test Loss: 0.4789, Test Accuracy: 0.9436
Epoch 37/500 - Train Loss: 0.4532, Train Accuracy: 0.9675, Test Loss: 0.4800, Test Accuracy: 0.9427
Epoch 38/500 - Train Loss: 0.4519, Train Accuracy: 0.9800, Test Loss: 0.4743, Test Accuracy: 0.9445
Epoch 39/500 - Train Loss: 0.4633, Train Accuracy: 0.9625, Test Loss: 0.4717, Test Accuracy: 0.9441
Epoch 40/500 - Train Loss: 0.4399, Train Accuracy: 0.9700, Test Loss: 0.4756, Test Accuracy: 0.9441
Epoch 41/500 - Train Loss: 0.4462, Train Accuracy: 0.9800, Test Loss: 0.4717, Test Accuracy: 0.9436
Epoch 42/500 - Train Loss: 0.4471, Train Accuracy: 0.9725, Test Loss: 0.4733, Test Accuracy: 0.9414
Epoch 43/500 - Train Loss: 0.4323, Train Accuracy: 0.9600, Test Loss: 0.4729, Test Accuracy: 0.9423
Epoch 44/500 - Train Loss: 0.4208, Train Accuracy: 0.9725, Test Loss: 0.4716, Test Accuracy: 0.9401
Epoch 45/500 - Train Loss: 0.4399, Train Accuracy: 0.9675, Test Loss: 0.4740, Test Accuracy: 0.9353
Epoch 46/500 - Train Loss: 0.4223, Train Accuracy: 0.9750, Test Loss: 0.4741, Test Accuracy: 0.9358
Epoch 47/500 - Train Loss: 0.4072, Train Accuracy: 0.9750, Test Loss: 0.4671, Test Accuracy: 0.9419
Epoch 48/500 - Train Loss: 0.4124, Train Accuracy: 0.9775, Test Loss: 0.4695, Test Accuracy: 0.9392
Epoch 49/500 - Train Loss: 0.4160, Train Accuracy: 0.9625, Test Loss: 0.4658, Test Accuracy: 0.9436
Epoch 50/500 - Train Loss: 0.4183, Train Accuracy: 0.9675, Test Loss: 0.4681, Test Accuracy: 0.9397
Epoch 51/500 - Train Loss: 0.4080, Train Accuracy: 0.9700, Test Loss: 0.4663, Test Accuracy: 0.9419
Epoch 52/500 - Train Loss: 0.3890, Train Accuracy: 0.9850, Test Loss: 0.4682, Test Accuracy: 0.9419
Epoch 53/500 - Train Loss: 0.3999, Train Accuracy: 0.9825, Test Loss: 0.4682, Test Accuracy: 0.9445
Epoch 54/500 - Train Loss: 0.4008, Train Accuracy: 0.9775, Test Loss: 0.4695, Test Accuracy: 0.9427
Epoch 55/500 - Train Loss: 0.3933, Train Accuracy: 0.9775, Test Loss: 0.4648, Test Accuracy: 0.9397
Epoch 56/500 - Train Loss: 0.3878, Train Accuracy: 0.9800, Test Loss: 0.4641, Test Accuracy: 0.9423
Epoch 57/500 - Train Loss: 0.4028, Train Accuracy: 0.9750, Test Loss: 0.4630, Test Accuracy: 0.9449
Epoch 58/500 - Train Loss: 0.3864, Train Accuracy: 0.9900, Test Loss: 0.4636, Test Accuracy: 0.9427
Epoch 59/500 - Train Loss: 0.3908, Train Accuracy: 0.9775, Test Loss: 0.4636, Test Accuracy: 0.9427
Epoch 60/500 - Train Loss: 0.3848, Train Accuracy: 0.9750, Test Loss: 0.4654, Test Accuracy: 0.9384
Epoch 61/500 - Train Loss: 0.3905, Train Accuracy: 0.9775, Test Loss: 0.4661, Test Accuracy: 0.9379
Epoch 62/500 - Train Loss: 0.4083, Train Accuracy: 0.9750, Test Loss: 0.4724, Test Accuracy: 0.9349
Epoch 63/500 - Train Loss: 0.3847, Train Accuracy: 0.9825, Test Loss: 0.4664, Test Accuracy: 0.9371
Epoch 64/500 - Train Loss: 0.3753, Train Accuracy: 0.9875, Test Loss: 0.4663, Test Accuracy: 0.9392
Epoch 65/500 - Train Loss: 0.3942, Train Accuracy: 0.9725, Test Loss: 0.4650, Test Accuracy: 0.9375
Epoch 66/500 - Train Loss: 0.3809, Train Accuracy: 0.9850, Test Loss: 0.4679, Test Accuracy: 0.9362
Epoch 67/500 - Train Loss: 0.3773, Train Accuracy: 0.9825, Test Loss: 0.4690, Test Accuracy: 0.9349
Epoch 68/500 - Train Loss: 0.3933, Train Accuracy: 0.9725, Test Loss: 0.4660, Test Accuracy: 0.9366
Epoch 69/500 - Train Loss: 0.3640, Train Accuracy: 0.9900, Test Loss: 0.4680, Test Accuracy: 0.9366
Epoch 70/500 - Train Loss: 0.3897, Train Accuracy: 0.9775, Test Loss: 0.4672, Test Accuracy: 0.9362
Epoch 71/500 - Train Loss: 0.3741, Train Accuracy: 0.9825, Test Loss: 0.4660, Test Accuracy: 0.9375
Epoch 72/500 - Train Loss: 0.3724, Train Accuracy: 0.9850, Test Loss: 0.4678, Test Accuracy: 0.9358

Early stopping triggered at epoch 72
Best test loss: 0.4630
Best test accuracy: 0.9449
Plot saved as trained_models/Sweep_data run/metrics/loss.png
Plot saved as trained_models/Sweep_data run/metrics/metrics.png
