Using GPU 0: NVIDIA GeForce RTX 3090
Epoch 1/500 - Train Loss: 2.0031, Train Accuracy: 0.2250, Test Loss: 1.9835, Test Accuracy: 0.3073
Epoch 2/500 - Train Loss: 1.7359, Train Accuracy: 0.4550, Test Loss: 1.7025, Test Accuracy: 0.5096
Epoch 3/500 - Train Loss: 1.4912, Train Accuracy: 0.6750, Test Loss: 1.4276, Test Accuracy: 0.6656
Epoch 4/500 - Train Loss: 1.3034, Train Accuracy: 0.7900, Test Loss: 1.1796, Test Accuracy: 0.7762
Epoch 5/500 - Train Loss: 1.1208, Train Accuracy: 0.8225, Test Loss: 0.9974, Test Accuracy: 0.8344
Epoch 6/500 - Train Loss: 0.9831, Train Accuracy: 0.8775, Test Loss: 0.8654, Test Accuracy: 0.8684
Epoch 7/500 - Train Loss: 0.8672, Train Accuracy: 0.8625, Test Loss: 0.7468, Test Accuracy: 0.8920
Epoch 8/500 - Train Loss: 0.7601, Train Accuracy: 0.8700, Test Loss: 0.6601, Test Accuracy: 0.9073
Epoch 9/500 - Train Loss: 0.6785, Train Accuracy: 0.9050, Test Loss: 0.5944, Test Accuracy: 0.9139
Epoch 10/500 - Train Loss: 0.6182, Train Accuracy: 0.9225, Test Loss: 0.5395, Test Accuracy: 0.9266
Epoch 11/500 - Train Loss: 0.5733, Train Accuracy: 0.9225, Test Loss: 0.4901, Test Accuracy: 0.9305
Epoch 12/500 - Train Loss: 0.5124, Train Accuracy: 0.9450, Test Loss: 0.4583, Test Accuracy: 0.9327
Epoch 13/500 - Train Loss: 0.5176, Train Accuracy: 0.9200, Test Loss: 0.4254, Test Accuracy: 0.9366
Epoch 14/500 - Train Loss: 0.4192, Train Accuracy: 0.9600, Test Loss: 0.4046, Test Accuracy: 0.9388
Epoch 15/500 - Train Loss: 0.4108, Train Accuracy: 0.9500, Test Loss: 0.3860, Test Accuracy: 0.9423
Epoch 16/500 - Train Loss: 0.4101, Train Accuracy: 0.9450, Test Loss: 0.3721, Test Accuracy: 0.9401
Epoch 17/500 - Train Loss: 0.3922, Train Accuracy: 0.9525, Test Loss: 0.3621, Test Accuracy: 0.9414
Epoch 18/500 - Train Loss: 0.3819, Train Accuracy: 0.9375, Test Loss: 0.3541, Test Accuracy: 0.9445
Epoch 19/500 - Train Loss: 0.3381, Train Accuracy: 0.9650, Test Loss: 0.3484, Test Accuracy: 0.9462
Epoch 20/500 - Train Loss: 0.3610, Train Accuracy: 0.9550, Test Loss: 0.3564, Test Accuracy: 0.9414
Epoch 21/500 - Train Loss: 0.3425, Train Accuracy: 0.9525, Test Loss: 0.3441, Test Accuracy: 0.9406
Epoch 22/500 - Train Loss: 0.3339, Train Accuracy: 0.9525, Test Loss: 0.3342, Test Accuracy: 0.9441
Epoch 23/500 - Train Loss: 0.3057, Train Accuracy: 0.9600, Test Loss: 0.3293, Test Accuracy: 0.9436
Epoch 24/500 - Train Loss: 0.2957, Train Accuracy: 0.9650, Test Loss: 0.3307, Test Accuracy: 0.9414
Epoch 25/500 - Train Loss: 0.2736, Train Accuracy: 0.9725, Test Loss: 0.3261, Test Accuracy: 0.9423
Epoch 26/500 - Train Loss: 0.2618, Train Accuracy: 0.9775, Test Loss: 0.3251, Test Accuracy: 0.9436
Epoch 27/500 - Train Loss: 0.2940, Train Accuracy: 0.9600, Test Loss: 0.3198, Test Accuracy: 0.9454
Epoch 28/500 - Train Loss: 0.2953, Train Accuracy: 0.9600, Test Loss: 0.3195, Test Accuracy: 0.9441
Epoch 29/500 - Train Loss: 0.2687, Train Accuracy: 0.9700, Test Loss: 0.3189, Test Accuracy: 0.9441
Epoch 30/500 - Train Loss: 0.2488, Train Accuracy: 0.9700, Test Loss: 0.3195, Test Accuracy: 0.9441
Epoch 31/500 - Train Loss: 0.2548, Train Accuracy: 0.9700, Test Loss: 0.3168, Test Accuracy: 0.9397
Epoch 32/500 - Train Loss: 0.2718, Train Accuracy: 0.9675, Test Loss: 0.3137, Test Accuracy: 0.9427
Epoch 33/500 - Train Loss: 0.2390, Train Accuracy: 0.9725, Test Loss: 0.3117, Test Accuracy: 0.9427
Epoch 34/500 - Train Loss: 0.2631, Train Accuracy: 0.9725, Test Loss: 0.3106, Test Accuracy: 0.9423
Epoch 35/500 - Train Loss: 0.2439, Train Accuracy: 0.9775, Test Loss: 0.3166, Test Accuracy: 0.9427
Epoch 36/500 - Train Loss: 0.2222, Train Accuracy: 0.9800, Test Loss: 0.3201, Test Accuracy: 0.9401
Epoch 37/500 - Train Loss: 0.2192, Train Accuracy: 0.9850, Test Loss: 0.3125, Test Accuracy: 0.9419
Epoch 38/500 - Train Loss: 0.2159, Train Accuracy: 0.9800, Test Loss: 0.3108, Test Accuracy: 0.9419
Epoch 39/500 - Train Loss: 0.2056, Train Accuracy: 0.9825, Test Loss: 0.3196, Test Accuracy: 0.9401
Epoch 40/500 - Train Loss: 0.2245, Train Accuracy: 0.9725, Test Loss: 0.3165, Test Accuracy: 0.9419
Epoch 41/500 - Train Loss: 0.2212, Train Accuracy: 0.9800, Test Loss: 0.3169, Test Accuracy: 0.9406
Epoch 42/500 - Train Loss: 0.2299, Train Accuracy: 0.9700, Test Loss: 0.3108, Test Accuracy: 0.9392
Epoch 43/500 - Train Loss: 0.1937, Train Accuracy: 0.9850, Test Loss: 0.3154, Test Accuracy: 0.9397
Epoch 44/500 - Train Loss: 0.2211, Train Accuracy: 0.9775, Test Loss: 0.3172, Test Accuracy: 0.9406
Epoch 45/500 - Train Loss: 0.1936, Train Accuracy: 0.9925, Test Loss: 0.3215, Test Accuracy: 0.9401
Epoch 46/500 - Train Loss: 0.2074, Train Accuracy: 0.9850, Test Loss: 0.3093, Test Accuracy: 0.9406
Epoch 47/500 - Train Loss: 0.2092, Train Accuracy: 0.9800, Test Loss: 0.3104, Test Accuracy: 0.9414
Epoch 48/500 - Train Loss: 0.1954, Train Accuracy: 0.9850, Test Loss: 0.3125, Test Accuracy: 0.9410
Epoch 49/500 - Train Loss: 0.2076, Train Accuracy: 0.9800, Test Loss: 0.3090, Test Accuracy: 0.9414
Epoch 50/500 - Train Loss: 0.1855, Train Accuracy: 0.9950, Test Loss: 0.3102, Test Accuracy: 0.9423
Epoch 51/500 - Train Loss: 0.2038, Train Accuracy: 0.9850, Test Loss: 0.3140, Test Accuracy: 0.9388
Epoch 52/500 - Train Loss: 0.1907, Train Accuracy: 0.9875, Test Loss: 0.3125, Test Accuracy: 0.9392
Epoch 53/500 - Train Loss: 0.1785, Train Accuracy: 0.9900, Test Loss: 0.3168, Test Accuracy: 0.9375
Epoch 54/500 - Train Loss: 0.1776, Train Accuracy: 1.0000, Test Loss: 0.3080, Test Accuracy: 0.9401
Epoch 55/500 - Train Loss: 0.1777, Train Accuracy: 0.9950, Test Loss: 0.3096, Test Accuracy: 0.9379
Epoch 56/500 - Train Loss: 0.1790, Train Accuracy: 0.9925, Test Loss: 0.3127, Test Accuracy: 0.9375
Epoch 57/500 - Train Loss: 0.1932, Train Accuracy: 0.9875, Test Loss: 0.3170, Test Accuracy: 0.9366
Epoch 58/500 - Train Loss: 0.1836, Train Accuracy: 0.9900, Test Loss: 0.3140, Test Accuracy: 0.9358
Epoch 59/500 - Train Loss: 0.1900, Train Accuracy: 0.9875, Test Loss: 0.3189, Test Accuracy: 0.9344
Epoch 60/500 - Train Loss: 0.1745, Train Accuracy: 0.9925, Test Loss: 0.3169, Test Accuracy: 0.9344
Epoch 61/500 - Train Loss: 0.1777, Train Accuracy: 0.9950, Test Loss: 0.3116, Test Accuracy: 0.9366
Epoch 62/500 - Train Loss: 0.1759, Train Accuracy: 0.9950, Test Loss: 0.3141, Test Accuracy: 0.9358
Epoch 63/500 - Train Loss: 0.1808, Train Accuracy: 0.9900, Test Loss: 0.3133, Test Accuracy: 0.9379
Epoch 64/500 - Train Loss: 0.1973, Train Accuracy: 0.9850, Test Loss: 0.3196, Test Accuracy: 0.9384
Epoch 65/500 - Train Loss: 0.1757, Train Accuracy: 0.9925, Test Loss: 0.3256, Test Accuracy: 0.9371
Epoch 66/500 - Train Loss: 0.1840, Train Accuracy: 0.9875, Test Loss: 0.3192, Test Accuracy: 0.9375
Epoch 67/500 - Train Loss: 0.1756, Train Accuracy: 0.9875, Test Loss: 0.3170, Test Accuracy: 0.9388
Epoch 68/500 - Train Loss: 0.1781, Train Accuracy: 0.9925, Test Loss: 0.3163, Test Accuracy: 0.9358
Epoch 69/500 - Train Loss: 0.1859, Train Accuracy: 0.9825, Test Loss: 0.3292, Test Accuracy: 0.9336

Early stopping triggered at epoch 69
Best test loss: 0.3080
Best test accuracy: 0.9462
Plot saved as trained_models/Sweep_data run/metrics/loss.png
Plot saved as trained_models/Sweep_data run/metrics/metrics.png
