Using GPU 0: NVIDIA GeForce RTX 3090
Epoch 1/500 - Train Loss: 2.0400, Train Accuracy: 0.1875, Test Loss: 1.9132, Test Accuracy: 0.3243
Epoch 2/500 - Train Loss: 1.8691, Train Accuracy: 0.3150, Test Loss: 1.7244, Test Accuracy: 0.5048
Epoch 3/500 - Train Loss: 1.6882, Train Accuracy: 0.4900, Test Loss: 1.5105, Test Accuracy: 0.6499
Epoch 4/500 - Train Loss: 1.5180, Train Accuracy: 0.6450, Test Loss: 1.3145, Test Accuracy: 0.7478
Epoch 5/500 - Train Loss: 1.3934, Train Accuracy: 0.6825, Test Loss: 1.1440, Test Accuracy: 0.8007
Epoch 6/500 - Train Loss: 1.2774, Train Accuracy: 0.7275, Test Loss: 0.9941, Test Accuracy: 0.8405
Epoch 7/500 - Train Loss: 1.0831, Train Accuracy: 0.8100, Test Loss: 0.8663, Test Accuracy: 0.8636
Epoch 8/500 - Train Loss: 1.0260, Train Accuracy: 0.8150, Test Loss: 0.7718, Test Accuracy: 0.8920
Epoch 9/500 - Train Loss: 0.9198, Train Accuracy: 0.8175, Test Loss: 0.6796, Test Accuracy: 0.9087
Epoch 10/500 - Train Loss: 0.8481, Train Accuracy: 0.8475, Test Loss: 0.6201, Test Accuracy: 0.9152
Epoch 11/500 - Train Loss: 0.7421, Train Accuracy: 0.8825, Test Loss: 0.5705, Test Accuracy: 0.9183
Epoch 12/500 - Train Loss: 0.7100, Train Accuracy: 0.8725, Test Loss: 0.5188, Test Accuracy: 0.9257
Epoch 13/500 - Train Loss: 0.6844, Train Accuracy: 0.8825, Test Loss: 0.4767, Test Accuracy: 0.9305
Epoch 14/500 - Train Loss: 0.6266, Train Accuracy: 0.8925, Test Loss: 0.4464, Test Accuracy: 0.9371
Epoch 15/500 - Train Loss: 0.5891, Train Accuracy: 0.8850, Test Loss: 0.4221, Test Accuracy: 0.9379
Epoch 16/500 - Train Loss: 0.5492, Train Accuracy: 0.9025, Test Loss: 0.4048, Test Accuracy: 0.9388
Epoch 17/500 - Train Loss: 0.5194, Train Accuracy: 0.9125, Test Loss: 0.3866, Test Accuracy: 0.9392
Epoch 18/500 - Train Loss: 0.5188, Train Accuracy: 0.8875, Test Loss: 0.3681, Test Accuracy: 0.9467
Epoch 19/500 - Train Loss: 0.4761, Train Accuracy: 0.9100, Test Loss: 0.3526, Test Accuracy: 0.9471
Epoch 20/500 - Train Loss: 0.4570, Train Accuracy: 0.9200, Test Loss: 0.3478, Test Accuracy: 0.9489
Epoch 21/500 - Train Loss: 0.4488, Train Accuracy: 0.9225, Test Loss: 0.3414, Test Accuracy: 0.9467
Epoch 22/500 - Train Loss: 0.4217, Train Accuracy: 0.9350, Test Loss: 0.3390, Test Accuracy: 0.9458
Epoch 23/500 - Train Loss: 0.4634, Train Accuracy: 0.8975, Test Loss: 0.3395, Test Accuracy: 0.9423
Epoch 24/500 - Train Loss: 0.3811, Train Accuracy: 0.9350, Test Loss: 0.3347, Test Accuracy: 0.9406
Epoch 25/500 - Train Loss: 0.3726, Train Accuracy: 0.9425, Test Loss: 0.3371, Test Accuracy: 0.9423
Epoch 26/500 - Train Loss: 0.3601, Train Accuracy: 0.9500, Test Loss: 0.3277, Test Accuracy: 0.9441
Epoch 27/500 - Train Loss: 0.3682, Train Accuracy: 0.9300, Test Loss: 0.3194, Test Accuracy: 0.9458
Epoch 28/500 - Train Loss: 0.3629, Train Accuracy: 0.9425, Test Loss: 0.3130, Test Accuracy: 0.9489
Epoch 29/500 - Train Loss: 0.3272, Train Accuracy: 0.9525, Test Loss: 0.3059, Test Accuracy: 0.9497
Epoch 30/500 - Train Loss: 0.3314, Train Accuracy: 0.9500, Test Loss: 0.3100, Test Accuracy: 0.9471
Epoch 31/500 - Train Loss: 0.3403, Train Accuracy: 0.9450, Test Loss: 0.3156, Test Accuracy: 0.9436
Epoch 32/500 - Train Loss: 0.3537, Train Accuracy: 0.9325, Test Loss: 0.3089, Test Accuracy: 0.9458
Epoch 33/500 - Train Loss: 0.3119, Train Accuracy: 0.9475, Test Loss: 0.3077, Test Accuracy: 0.9454
Epoch 34/500 - Train Loss: 0.3531, Train Accuracy: 0.9400, Test Loss: 0.3094, Test Accuracy: 0.9476
Epoch 35/500 - Train Loss: 0.3108, Train Accuracy: 0.9400, Test Loss: 0.3053, Test Accuracy: 0.9471
Epoch 36/500 - Train Loss: 0.3287, Train Accuracy: 0.9425, Test Loss: 0.3035, Test Accuracy: 0.9480
Epoch 37/500 - Train Loss: 0.2956, Train Accuracy: 0.9500, Test Loss: 0.2990, Test Accuracy: 0.9480
Epoch 38/500 - Train Loss: 0.2795, Train Accuracy: 0.9725, Test Loss: 0.2984, Test Accuracy: 0.9467
Epoch 39/500 - Train Loss: 0.2827, Train Accuracy: 0.9725, Test Loss: 0.3053, Test Accuracy: 0.9454
Epoch 40/500 - Train Loss: 0.2999, Train Accuracy: 0.9500, Test Loss: 0.3006, Test Accuracy: 0.9449
Epoch 41/500 - Train Loss: 0.2726, Train Accuracy: 0.9575, Test Loss: 0.3004, Test Accuracy: 0.9471
Epoch 42/500 - Train Loss: 0.2886, Train Accuracy: 0.9550, Test Loss: 0.2985, Test Accuracy: 0.9480
Epoch 43/500 - Train Loss: 0.2666, Train Accuracy: 0.9525, Test Loss: 0.2964, Test Accuracy: 0.9471
Epoch 44/500 - Train Loss: 0.2720, Train Accuracy: 0.9600, Test Loss: 0.2942, Test Accuracy: 0.9480
Epoch 45/500 - Train Loss: 0.2932, Train Accuracy: 0.9500, Test Loss: 0.2938, Test Accuracy: 0.9506
Epoch 46/500 - Train Loss: 0.2749, Train Accuracy: 0.9600, Test Loss: 0.2923, Test Accuracy: 0.9462
Epoch 47/500 - Train Loss: 0.2368, Train Accuracy: 0.9850, Test Loss: 0.2914, Test Accuracy: 0.9484
Epoch 48/500 - Train Loss: 0.2397, Train Accuracy: 0.9725, Test Loss: 0.2917, Test Accuracy: 0.9480
Epoch 49/500 - Train Loss: 0.2401, Train Accuracy: 0.9750, Test Loss: 0.2944, Test Accuracy: 0.9441
Epoch 50/500 - Train Loss: 0.2639, Train Accuracy: 0.9625, Test Loss: 0.2958, Test Accuracy: 0.9441
Epoch 51/500 - Train Loss: 0.2514, Train Accuracy: 0.9700, Test Loss: 0.2950, Test Accuracy: 0.9493
Epoch 52/500 - Train Loss: 0.2783, Train Accuracy: 0.9550, Test Loss: 0.2925, Test Accuracy: 0.9476
Epoch 53/500 - Train Loss: 0.2467, Train Accuracy: 0.9700, Test Loss: 0.2967, Test Accuracy: 0.9480
Epoch 54/500 - Train Loss: 0.2200, Train Accuracy: 0.9825, Test Loss: 0.2987, Test Accuracy: 0.9458
Epoch 55/500 - Train Loss: 0.2319, Train Accuracy: 0.9725, Test Loss: 0.3056, Test Accuracy: 0.9436
Epoch 56/500 - Train Loss: 0.2480, Train Accuracy: 0.9700, Test Loss: 0.3026, Test Accuracy: 0.9436
Epoch 57/500 - Train Loss: 0.2254, Train Accuracy: 0.9800, Test Loss: 0.3012, Test Accuracy: 0.9458
Epoch 58/500 - Train Loss: 0.2569, Train Accuracy: 0.9525, Test Loss: 0.3040, Test Accuracy: 0.9436
Epoch 59/500 - Train Loss: 0.2253, Train Accuracy: 0.9675, Test Loss: 0.3052, Test Accuracy: 0.9432
Epoch 60/500 - Train Loss: 0.2183, Train Accuracy: 0.9750, Test Loss: 0.3016, Test Accuracy: 0.9436
Epoch 61/500 - Train Loss: 0.2372, Train Accuracy: 0.9700, Test Loss: 0.2982, Test Accuracy: 0.9454

Early stopping triggered at epoch 61
Best test loss: 0.2914
Best test accuracy: 0.9506
Plot saved as trained_models/Sweep_data run/metrics/loss.png
Plot saved as trained_models/Sweep_data run/metrics/metrics.png
