Using GPU 0: NVIDIA GeForce RTX 3090
Epoch 1/500 - Train Loss: 2.0821, Train Accuracy: 0.1800, Test Loss: 2.0756, Test Accuracy: 0.1818
Epoch 2/500 - Train Loss: 1.9398, Train Accuracy: 0.2825, Test Loss: 1.8913, Test Accuracy: 0.3138
Epoch 3/500 - Train Loss: 1.8093, Train Accuracy: 0.3975, Test Loss: 1.7510, Test Accuracy: 0.4484
Epoch 4/500 - Train Loss: 1.7011, Train Accuracy: 0.5050, Test Loss: 1.6229, Test Accuracy: 0.5463
Epoch 5/500 - Train Loss: 1.5606, Train Accuracy: 0.5850, Test Loss: 1.5200, Test Accuracy: 0.6110
Epoch 6/500 - Train Loss: 1.4499, Train Accuracy: 0.6300, Test Loss: 1.4266, Test Accuracy: 0.6569
Epoch 7/500 - Train Loss: 1.3624, Train Accuracy: 0.6750, Test Loss: 1.3589, Test Accuracy: 0.6892
Epoch 8/500 - Train Loss: 1.2539, Train Accuracy: 0.7200, Test Loss: 1.2578, Test Accuracy: 0.7268
Epoch 9/500 - Train Loss: 1.1655, Train Accuracy: 0.7600, Test Loss: 1.1680, Test Accuracy: 0.7583
Epoch 10/500 - Train Loss: 1.0945, Train Accuracy: 0.7550, Test Loss: 1.0607, Test Accuracy: 0.7893
Epoch 11/500 - Train Loss: 1.0072, Train Accuracy: 0.7800, Test Loss: 1.0146, Test Accuracy: 0.7872
Epoch 12/500 - Train Loss: 0.9425, Train Accuracy: 0.7875, Test Loss: 0.8843, Test Accuracy: 0.8374
Epoch 13/500 - Train Loss: 0.8275, Train Accuracy: 0.8550, Test Loss: 0.8007, Test Accuracy: 0.8527
Epoch 14/500 - Train Loss: 0.8720, Train Accuracy: 0.7925, Test Loss: 0.7669, Test Accuracy: 0.8523
Epoch 15/500 - Train Loss: 0.7884, Train Accuracy: 0.8400, Test Loss: 0.7391, Test Accuracy: 0.8584
Epoch 16/500 - Train Loss: 0.7816, Train Accuracy: 0.8175, Test Loss: 0.6875, Test Accuracy: 0.8606
Epoch 17/500 - Train Loss: 0.7495, Train Accuracy: 0.8400, Test Loss: 0.6735, Test Accuracy: 0.8628
Epoch 18/500 - Train Loss: 0.6684, Train Accuracy: 0.8675, Test Loss: 0.6424, Test Accuracy: 0.8580
Epoch 19/500 - Train Loss: 0.6532, Train Accuracy: 0.8575, Test Loss: 0.5903, Test Accuracy: 0.8737
Epoch 20/500 - Train Loss: 0.6325, Train Accuracy: 0.8625, Test Loss: 0.5949, Test Accuracy: 0.8676
Epoch 21/500 - Train Loss: 0.5518, Train Accuracy: 0.8975, Test Loss: 0.5927, Test Accuracy: 0.8658
Epoch 22/500 - Train Loss: 0.5902, Train Accuracy: 0.8625, Test Loss: 0.5543, Test Accuracy: 0.8855
Epoch 23/500 - Train Loss: 0.5686, Train Accuracy: 0.8725, Test Loss: 0.5242, Test Accuracy: 0.8868
Epoch 24/500 - Train Loss: 0.5386, Train Accuracy: 0.8725, Test Loss: 0.5338, Test Accuracy: 0.8759
Epoch 25/500 - Train Loss: 0.5268, Train Accuracy: 0.8950, Test Loss: 0.5171, Test Accuracy: 0.8842
Epoch 26/500 - Train Loss: 0.5016, Train Accuracy: 0.8825, Test Loss: 0.5080, Test Accuracy: 0.8899
Epoch 27/500 - Train Loss: 0.5408, Train Accuracy: 0.8675, Test Loss: 0.4983, Test Accuracy: 0.8881
Epoch 28/500 - Train Loss: 0.5032, Train Accuracy: 0.8900, Test Loss: 0.5202, Test Accuracy: 0.8759
Epoch 29/500 - Train Loss: 0.4947, Train Accuracy: 0.9000, Test Loss: 0.5008, Test Accuracy: 0.8842
Epoch 30/500 - Train Loss: 0.5071, Train Accuracy: 0.8825, Test Loss: 0.4756, Test Accuracy: 0.8855
Epoch 31/500 - Train Loss: 0.4312, Train Accuracy: 0.9075, Test Loss: 0.4618, Test Accuracy: 0.8973
Epoch 32/500 - Train Loss: 0.4888, Train Accuracy: 0.8875, Test Loss: 0.4969, Test Accuracy: 0.8811
Epoch 33/500 - Train Loss: 0.4477, Train Accuracy: 0.8950, Test Loss: 0.4556, Test Accuracy: 0.8977
Epoch 34/500 - Train Loss: 0.4561, Train Accuracy: 0.9000, Test Loss: 0.4491, Test Accuracy: 0.8982
Epoch 35/500 - Train Loss: 0.4095, Train Accuracy: 0.9050, Test Loss: 0.4487, Test Accuracy: 0.8982
Epoch 36/500 - Train Loss: 0.4346, Train Accuracy: 0.9125, Test Loss: 0.4498, Test Accuracy: 0.8942
Epoch 37/500 - Train Loss: 0.4164, Train Accuracy: 0.9225, Test Loss: 0.4339, Test Accuracy: 0.9038
Epoch 38/500 - Train Loss: 0.4500, Train Accuracy: 0.9025, Test Loss: 0.3888, Test Accuracy: 0.9161
Epoch 39/500 - Train Loss: 0.3767, Train Accuracy: 0.9175, Test Loss: 0.3985, Test Accuracy: 0.9135
Epoch 40/500 - Train Loss: 0.3735, Train Accuracy: 0.9275, Test Loss: 0.4139, Test Accuracy: 0.8999
Epoch 41/500 - Train Loss: 0.3763, Train Accuracy: 0.9300, Test Loss: 0.3969, Test Accuracy: 0.9052
Epoch 42/500 - Train Loss: 0.3398, Train Accuracy: 0.9375, Test Loss: 0.4244, Test Accuracy: 0.8977
Epoch 43/500 - Train Loss: 0.3711, Train Accuracy: 0.9350, Test Loss: 0.4188, Test Accuracy: 0.9008
Epoch 44/500 - Train Loss: 0.3468, Train Accuracy: 0.9400, Test Loss: 0.4544, Test Accuracy: 0.8785
Epoch 45/500 - Train Loss: 0.3400, Train Accuracy: 0.9400, Test Loss: 0.4419, Test Accuracy: 0.8894
Epoch 46/500 - Train Loss: 0.3583, Train Accuracy: 0.9300, Test Loss: 0.3989, Test Accuracy: 0.9073
Epoch 47/500 - Train Loss: 0.3341, Train Accuracy: 0.9400, Test Loss: 0.3932, Test Accuracy: 0.9126
Epoch 48/500 - Train Loss: 0.3114, Train Accuracy: 0.9475, Test Loss: 0.4607, Test Accuracy: 0.8781
Epoch 49/500 - Train Loss: 0.2939, Train Accuracy: 0.9525, Test Loss: 0.4297, Test Accuracy: 0.8929
Epoch 50/500 - Train Loss: 0.3396, Train Accuracy: 0.9425, Test Loss: 0.4151, Test Accuracy: 0.9021
Epoch 51/500 - Train Loss: 0.3314, Train Accuracy: 0.9550, Test Loss: 0.3934, Test Accuracy: 0.9087
Epoch 52/500 - Train Loss: 0.3239, Train Accuracy: 0.9325, Test Loss: 0.4002, Test Accuracy: 0.9087
Epoch 53/500 - Train Loss: 0.3086, Train Accuracy: 0.9475, Test Loss: 0.3883, Test Accuracy: 0.9069

Early stopping triggered at epoch 53
Best test loss: 0.3883
Best test accuracy: 0.9161
Plot saved as trained_models/Sweep_data run/metrics/loss.png
Plot saved as trained_models/Sweep_data run/metrics/metrics.png
