wandb: Starting wandb agent 🕵️
2026-01-10 19:24:19,739 - wandb.wandb_agent - INFO - Running runs: []
2026-01-10 19:24:20,128 - wandb.wandb_agent - INFO - Agent received command: run
2026-01-10 19:24:20,128 - wandb.wandb_agent - INFO - Agent starting run with config:
	affine: 0.46809051667647295
	blur: 0.02365500465288195
	brightness: 1.33131074311545
	contrast: 1.3757474612415088
	crop: 0.5950093526366138
	crop_scale: 0.921668128034655
	flip: 0.5565949135811514
	gaussian_blur_kernel: 7
	gaussian_noise_std: 2.2128603989883517
	grey: 0.30309165505189783
	hue: -0.0718987902547008
	jiggle: 0.21665433748895704
	rotate: 0.624535480605019
	rotation: 47
	saturation: 0.8643856401183176
	scale: 0.9929935331365812
	shear: 7
	translate_x: 0.12787447236617597
	translate_y: 0.06876187719862528
2026-01-10 19:24:20,132 - wandb.wandb_agent - INFO - About to run command: /usr/bin/env python train_data.py --affine=0.46809051667647295 --blur=0.02365500465288195 --brightness=1.33131074311545 --contrast=1.3757474612415088 --crop=0.5950093526366138 --crop_scale=0.921668128034655 --flip=0.5565949135811514 --gaussian_blur_kernel=7 --gaussian_noise_std=2.2128603989883517 --grey=0.30309165505189783 --hue=-0.0718987902547008 --jiggle=0.21665433748895704 --rotate=0.624535480605019 --rotation=47 --saturation=0.8643856401183176 --scale=0.9929935331365812 --shear=7 --translate_x=0.12787447236617597 --translate_y=0.06876187719862528
wandb: Currently logged in as: arnaumarcosalmansa (mcv-team-6) to https://api.wandb.ai. Use `wandb login --relogin` to force relogin
wandb: WARNING Ignoring project 'C3-Week3' when running a sweep.
wandb: WARNING Ignoring entity 'mcv-team-6' when running a sweep.
2026-01-10 19:24:25,139 - wandb.wandb_agent - INFO - Running runs: ['yh1khjt7']
wandb: Tracking run with wandb version 0.23.1
wandb: Run data is saved locally in /export/home/group06/workspace/project-team-6/Week3/wandb/run-20260110_192424-yh1khjt7
wandb: Run `wandb offline` to turn off syncing.
wandb: Syncing run Sweep run
wandb: ⭐️ View project at https://wandb.ai/mcv-team-6/C3-Week3
wandb: 🧹 View sweep at https://wandb.ai/mcv-team-6/C3-Week3/sweeps/g5vb4edr
wandb: 🚀 View run at https://wandb.ai/mcv-team-6/C3-Week3/runs/yh1khjt7
Traceback (most recent call last):
  File "/export/home/group06/workspace/project-team-6/Week3/train_data.py", line 61, in <module>
    ka.ColorJitter(brightness=cfg.brightness,
  File "/ghome/group06/miniconda3/envs/c3/lib/python3.12/site-packages/kornia/augmentation/_2d/intensity/color_jitter.py", line 105, in __init__
    self._param_generator = rg.ColorJitterGenerator(brightness, contrast, saturation, hue)
                            ^^^^^^^^^^^^^^^^^^^^^^^^^^^^^^^^^^^^^^^^^^^^^^^^^^^^^^^^^^^^^^
  File "/ghome/group06/miniconda3/envs/c3/lib/python3.12/site-packages/kornia/augmentation/random_generator/base.py", line 34, in __call__
    obj.__post_init__()
  File "/ghome/group06/miniconda3/envs/c3/lib/python3.12/site-packages/kornia/augmentation/random_generator/base.py", line 48, in __post_init__
    self.set_rng_device_and_dtype()
  File "/ghome/group06/miniconda3/envs/c3/lib/python3.12/site-packages/kornia/augmentation/random_generator/base.py", line 64, in set_rng_device_and_dtype
    self.make_samplers(device, dtype)
  File "/ghome/group06/miniconda3/envs/c3/lib/python3.12/site-packages/kornia/augmentation/random_generator/_2d/color_jitter.py", line 86, in make_samplers
    hue: Tensor = _range_bound(self.hue, "hue", bounds=(-0.5, 0.5), device=device, dtype=dtype)
                  ^^^^^^^^^^^^^^^^^^^^^^^^^^^^^^^^^^^^^^^^^^^^^^^^^^^^^^^^^^^^^^^^^^^^^^^^^^^^^
  File "/ghome/group06/miniconda3/envs/c3/lib/python3.12/site-packages/kornia/augmentation/utils/param_validation.py", line 53, in _range_bound
    raise ValueError(f"If {name} is a single number, it must be non negative. Got {factor}.")
ValueError: If hue is a single number, it must be non negative. Got -0.07189878821372986.
2026-01-10 19:24:30,279 - wandb.wandb_agent - INFO - Cleaning up finished run: yh1khjt7
wandb: Terminating and syncing runs. Press ctrl-c to kill.
