Using GPU 0: NVIDIA GeForce RTX 3090
Epoch 1/500 - Train Loss: 0.9482, Train Accuracy: 0.7250, Test Loss: 1.3094, Test Accuracy: 0.5507
Epoch 2/500 - Train Loss: 0.3692, Train Accuracy: 0.9125, Test Loss: 0.8705, Test Accuracy: 0.7124
Epoch 3/500 - Train Loss: 0.3933, Train Accuracy: 0.8800, Test Loss: 0.6630, Test Accuracy: 0.8199
Epoch 4/500 - Train Loss: 0.2029, Train Accuracy: 0.9525, Test Loss: 0.5266, Test Accuracy: 0.8671
Epoch 5/500 - Train Loss: 0.2563, Train Accuracy: 0.9350, Test Loss: 0.8472, Test Accuracy: 0.7622
Epoch 6/500 - Train Loss: 0.3201, Train Accuracy: 0.9150, Test Loss: 0.5221, Test Accuracy: 0.8601
Epoch 7/500 - Train Loss: 0.1957, Train Accuracy: 0.9500, Test Loss: 0.6386, Test Accuracy: 0.8055
Epoch 8/500 - Train Loss: 0.1907, Train Accuracy: 0.9600, Test Loss: 0.4491, Test Accuracy: 0.8632
Epoch 9/500 - Train Loss: 0.2174, Train Accuracy: 0.9400, Test Loss: 0.6560, Test Accuracy: 0.8134
Epoch 10/500 - Train Loss: 0.2276, Train Accuracy: 0.9350, Test Loss: 0.5586, Test Accuracy: 0.8479
Epoch 11/500 - Train Loss: 0.1732, Train Accuracy: 0.9600, Test Loss: 0.3040, Test Accuracy: 0.9174
Epoch 12/500 - Train Loss: 0.1353, Train Accuracy: 0.9850, Test Loss: 0.4468, Test Accuracy: 0.8619
Epoch 13/500 - Train Loss: 0.1518, Train Accuracy: 0.9650, Test Loss: 0.9109, Test Accuracy: 0.7889
Epoch 14/500 - Train Loss: 0.3154, Train Accuracy: 0.9325, Test Loss: 0.4437, Test Accuracy: 0.8645
Epoch 15/500 - Train Loss: 0.1734, Train Accuracy: 0.9725, Test Loss: 0.3359, Test Accuracy: 0.9100
Epoch 16/500 - Train Loss: 0.1085, Train Accuracy: 0.9925, Test Loss: 0.3642, Test Accuracy: 0.9073
Epoch 17/500 - Train Loss: 0.1050, Train Accuracy: 0.9825, Test Loss: 0.3319, Test Accuracy: 0.9174
Epoch 18/500 - Train Loss: 0.1197, Train Accuracy: 0.9775, Test Loss: 0.3588, Test Accuracy: 0.9148
Epoch 19/500 - Train Loss: 0.1094, Train Accuracy: 0.9825, Test Loss: 0.4496, Test Accuracy: 0.8864
Epoch 20/500 - Train Loss: 0.1062, Train Accuracy: 0.9875, Test Loss: 0.3775, Test Accuracy: 0.8894
Epoch 21/500 - Train Loss: 0.1100, Train Accuracy: 0.9875, Test Loss: 0.4099, Test Accuracy: 0.8733
Epoch 22/500 - Train Loss: 0.1659, Train Accuracy: 0.9550, Test Loss: 0.7330, Test Accuracy: 0.7885
Epoch 23/500 - Train Loss: 0.1341, Train Accuracy: 0.9775, Test Loss: 0.3562, Test Accuracy: 0.9047
Epoch 24/500 - Train Loss: 0.1394, Train Accuracy: 0.9725, Test Loss: 0.4360, Test Accuracy: 0.8855
Epoch 25/500 - Train Loss: 0.1363, Train Accuracy: 0.9775, Test Loss: 0.3584, Test Accuracy: 0.8947
Epoch 26/500 - Train Loss: 0.0966, Train Accuracy: 0.9925, Test Loss: 0.3181, Test Accuracy: 0.9117

Early stopping triggered at epoch 26
Best test loss: 0.3181
Best test accuracy: 0.9174
Plot saved as trained_models/Sweep run/metrics/loss.png
Plot saved as trained_models/Sweep run/metrics/metrics.png
