Using GPU 0: NVIDIA GeForce RTX 3090
Epoch 1/500 - Train Loss: 2.0276, Train Accuracy: 0.2100, Test Loss: 2.0769, Test Accuracy: 0.1525
Epoch 2/500 - Train Loss: 1.8574, Train Accuracy: 0.3525, Test Loss: 1.9153, Test Accuracy: 0.2941
Epoch 3/500 - Train Loss: 1.7106, Train Accuracy: 0.4675, Test Loss: 1.7163, Test Accuracy: 0.4358
Epoch 4/500 - Train Loss: 1.5464, Train Accuracy: 0.5975, Test Loss: 1.5454, Test Accuracy: 0.5262
Epoch 5/500 - Train Loss: 1.3931, Train Accuracy: 0.6850, Test Loss: 1.3841, Test Accuracy: 0.6224
Epoch 6/500 - Train Loss: 1.2521, Train Accuracy: 0.7675, Test Loss: 1.2419, Test Accuracy: 0.6910
Epoch 7/500 - Train Loss: 1.1420, Train Accuracy: 0.7700, Test Loss: 1.1094, Test Accuracy: 0.7413
Epoch 8/500 - Train Loss: 1.0373, Train Accuracy: 0.7975, Test Loss: 0.9934, Test Accuracy: 0.7727
Epoch 9/500 - Train Loss: 0.9012, Train Accuracy: 0.8575, Test Loss: 0.9108, Test Accuracy: 0.7998
Epoch 10/500 - Train Loss: 0.8536, Train Accuracy: 0.8325, Test Loss: 0.8208, Test Accuracy: 0.8217
Epoch 11/500 - Train Loss: 0.7765, Train Accuracy: 0.8650, Test Loss: 0.7333, Test Accuracy: 0.8466
Epoch 12/500 - Train Loss: 0.7069, Train Accuracy: 0.8850, Test Loss: 0.6849, Test Accuracy: 0.8606
Epoch 13/500 - Train Loss: 0.6504, Train Accuracy: 0.8975, Test Loss: 0.6384, Test Accuracy: 0.8680
Epoch 14/500 - Train Loss: 0.5907, Train Accuracy: 0.9075, Test Loss: 0.5919, Test Accuracy: 0.8842
Epoch 15/500 - Train Loss: 0.5843, Train Accuracy: 0.8950, Test Loss: 0.5534, Test Accuracy: 0.8938
Epoch 16/500 - Train Loss: 0.5593, Train Accuracy: 0.9050, Test Loss: 0.5188, Test Accuracy: 0.9034
Epoch 17/500 - Train Loss: 0.5194, Train Accuracy: 0.9100, Test Loss: 0.4907, Test Accuracy: 0.9091
Epoch 18/500 - Train Loss: 0.4928, Train Accuracy: 0.9300, Test Loss: 0.4648, Test Accuracy: 0.9038
Epoch 19/500 - Train Loss: 0.4416, Train Accuracy: 0.9325, Test Loss: 0.4496, Test Accuracy: 0.9095
Epoch 20/500 - Train Loss: 0.4746, Train Accuracy: 0.9100, Test Loss: 0.4260, Test Accuracy: 0.9156
Epoch 21/500 - Train Loss: 0.4129, Train Accuracy: 0.9275, Test Loss: 0.4105, Test Accuracy: 0.9226
Epoch 22/500 - Train Loss: 0.4343, Train Accuracy: 0.9225, Test Loss: 0.4190, Test Accuracy: 0.9161
Epoch 23/500 - Train Loss: 0.3862, Train Accuracy: 0.9400, Test Loss: 0.4125, Test Accuracy: 0.9187
Epoch 24/500 - Train Loss: 0.3759, Train Accuracy: 0.9450, Test Loss: 0.3912, Test Accuracy: 0.9161
Epoch 25/500 - Train Loss: 0.3635, Train Accuracy: 0.9425, Test Loss: 0.3828, Test Accuracy: 0.9205
Epoch 26/500 - Train Loss: 0.3780, Train Accuracy: 0.9400, Test Loss: 0.3792, Test Accuracy: 0.9196
Epoch 27/500 - Train Loss: 0.3566, Train Accuracy: 0.9550, Test Loss: 0.3647, Test Accuracy: 0.9235
Epoch 28/500 - Train Loss: 0.3418, Train Accuracy: 0.9500, Test Loss: 0.3677, Test Accuracy: 0.9200
Epoch 29/500 - Train Loss: 0.3268, Train Accuracy: 0.9500, Test Loss: 0.3582, Test Accuracy: 0.9231
Epoch 30/500 - Train Loss: 0.3193, Train Accuracy: 0.9575, Test Loss: 0.3637, Test Accuracy: 0.9240
Epoch 31/500 - Train Loss: 0.3440, Train Accuracy: 0.9350, Test Loss: 0.3436, Test Accuracy: 0.9323
Epoch 32/500 - Train Loss: 0.2869, Train Accuracy: 0.9600, Test Loss: 0.3376, Test Accuracy: 0.9327
Epoch 33/500 - Train Loss: 0.2656, Train Accuracy: 0.9750, Test Loss: 0.3401, Test Accuracy: 0.9331
Epoch 34/500 - Train Loss: 0.2748, Train Accuracy: 0.9675, Test Loss: 0.3420, Test Accuracy: 0.9340
Epoch 35/500 - Train Loss: 0.2822, Train Accuracy: 0.9500, Test Loss: 0.3420, Test Accuracy: 0.9309
Epoch 36/500 - Train Loss: 0.2997, Train Accuracy: 0.9550, Test Loss: 0.3304, Test Accuracy: 0.9336
Epoch 37/500 - Train Loss: 0.2724, Train Accuracy: 0.9750, Test Loss: 0.3263, Test Accuracy: 0.9379
Epoch 38/500 - Train Loss: 0.2722, Train Accuracy: 0.9725, Test Loss: 0.3318, Test Accuracy: 0.9362
Epoch 39/500 - Train Loss: 0.2571, Train Accuracy: 0.9800, Test Loss: 0.3240, Test Accuracy: 0.9419
Epoch 40/500 - Train Loss: 0.2365, Train Accuracy: 0.9775, Test Loss: 0.3249, Test Accuracy: 0.9423
Epoch 41/500 - Train Loss: 0.2575, Train Accuracy: 0.9675, Test Loss: 0.3256, Test Accuracy: 0.9410
Epoch 42/500 - Train Loss: 0.2876, Train Accuracy: 0.9475, Test Loss: 0.3218, Test Accuracy: 0.9384
Epoch 43/500 - Train Loss: 0.2354, Train Accuracy: 0.9750, Test Loss: 0.3243, Test Accuracy: 0.9397
Epoch 44/500 - Train Loss: 0.2399, Train Accuracy: 0.9800, Test Loss: 0.3299, Test Accuracy: 0.9353
Epoch 45/500 - Train Loss: 0.2347, Train Accuracy: 0.9800, Test Loss: 0.3255, Test Accuracy: 0.9371
Epoch 46/500 - Train Loss: 0.2552, Train Accuracy: 0.9675, Test Loss: 0.3211, Test Accuracy: 0.9384
Epoch 47/500 - Train Loss: 0.2013, Train Accuracy: 0.9800, Test Loss: 0.3210, Test Accuracy: 0.9371
Epoch 48/500 - Train Loss: 0.2139, Train Accuracy: 0.9850, Test Loss: 0.3201, Test Accuracy: 0.9349
Epoch 49/500 - Train Loss: 0.2183, Train Accuracy: 0.9850, Test Loss: 0.3175, Test Accuracy: 0.9344
Epoch 50/500 - Train Loss: 0.2531, Train Accuracy: 0.9650, Test Loss: 0.3085, Test Accuracy: 0.9414
Epoch 51/500 - Train Loss: 0.2076, Train Accuracy: 0.9850, Test Loss: 0.3106, Test Accuracy: 0.9406
Epoch 52/500 - Train Loss: 0.2324, Train Accuracy: 0.9775, Test Loss: 0.3179, Test Accuracy: 0.9414
Epoch 53/500 - Train Loss: 0.2140, Train Accuracy: 0.9800, Test Loss: 0.3110, Test Accuracy: 0.9410
Epoch 54/500 - Train Loss: 0.2176, Train Accuracy: 0.9800, Test Loss: 0.3199, Test Accuracy: 0.9392
Epoch 55/500 - Train Loss: 0.2294, Train Accuracy: 0.9775, Test Loss: 0.3202, Test Accuracy: 0.9331
Epoch 56/500 - Train Loss: 0.1949, Train Accuracy: 0.9850, Test Loss: 0.3253, Test Accuracy: 0.9344
Epoch 57/500 - Train Loss: 0.2196, Train Accuracy: 0.9775, Test Loss: 0.3317, Test Accuracy: 0.9336
Epoch 58/500 - Train Loss: 0.2086, Train Accuracy: 0.9825, Test Loss: 0.3382, Test Accuracy: 0.9270
Epoch 59/500 - Train Loss: 0.1959, Train Accuracy: 0.9875, Test Loss: 0.3240, Test Accuracy: 0.9362
Epoch 60/500 - Train Loss: 0.1830, Train Accuracy: 0.9925, Test Loss: 0.3227, Test Accuracy: 0.9358
Epoch 61/500 - Train Loss: 0.2200, Train Accuracy: 0.9775, Test Loss: 0.3547, Test Accuracy: 0.9235
Epoch 62/500 - Train Loss: 0.2058, Train Accuracy: 0.9800, Test Loss: 0.3360, Test Accuracy: 0.9314
Epoch 63/500 - Train Loss: 0.1983, Train Accuracy: 0.9875, Test Loss: 0.3163, Test Accuracy: 0.9349
Epoch 64/500 - Train Loss: 0.2427, Train Accuracy: 0.9700, Test Loss: 0.3206, Test Accuracy: 0.9344
Epoch 65/500 - Train Loss: 0.1835, Train Accuracy: 0.9900, Test Loss: 0.3266, Test Accuracy: 0.9358

Early stopping triggered at epoch 65
Best test loss: 0.3085
Best test accuracy: 0.9423
Plot saved as trained_models/Sweep_data run/metrics/loss.png
Plot saved as trained_models/Sweep_data run/metrics/metrics.png
