Using GPU 0: NVIDIA GeForce RTX 3090
Epoch 1/500 - Train Loss: 2.0646, Train Accuracy: 0.2025, Test Loss: 2.0680, Test Accuracy: 0.1115
Epoch 2/500 - Train Loss: 1.8607, Train Accuracy: 0.3375, Test Loss: 1.7874, Test Accuracy: 0.3890
Epoch 3/500 - Train Loss: 1.6955, Train Accuracy: 0.4825, Test Loss: 1.5540, Test Accuracy: 0.5153
Epoch 4/500 - Train Loss: 1.5146, Train Accuracy: 0.5775, Test Loss: 1.3661, Test Accuracy: 0.6110
Epoch 5/500 - Train Loss: 1.3301, Train Accuracy: 0.6975, Test Loss: 1.2016, Test Accuracy: 0.7102
Epoch 6/500 - Train Loss: 1.2070, Train Accuracy: 0.7275, Test Loss: 1.0501, Test Accuracy: 0.7828
Epoch 7/500 - Train Loss: 1.0927, Train Accuracy: 0.8075, Test Loss: 0.9227, Test Accuracy: 0.8309
Epoch 8/500 - Train Loss: 0.9675, Train Accuracy: 0.8150, Test Loss: 0.8110, Test Accuracy: 0.8540
Epoch 9/500 - Train Loss: 0.8806, Train Accuracy: 0.8500, Test Loss: 0.7223, Test Accuracy: 0.8785
Epoch 10/500 - Train Loss: 0.8205, Train Accuracy: 0.8575, Test Loss: 0.6416, Test Accuracy: 0.8977
Epoch 11/500 - Train Loss: 0.7393, Train Accuracy: 0.8675, Test Loss: 0.5796, Test Accuracy: 0.9126
Epoch 12/500 - Train Loss: 0.6822, Train Accuracy: 0.8850, Test Loss: 0.5299, Test Accuracy: 0.9253
Epoch 13/500 - Train Loss: 0.6393, Train Accuracy: 0.8875, Test Loss: 0.4959, Test Accuracy: 0.9274
Epoch 14/500 - Train Loss: 0.5696, Train Accuracy: 0.9100, Test Loss: 0.4615, Test Accuracy: 0.9292
Epoch 15/500 - Train Loss: 0.5330, Train Accuracy: 0.9225, Test Loss: 0.4300, Test Accuracy: 0.9349
Epoch 16/500 - Train Loss: 0.5260, Train Accuracy: 0.9150, Test Loss: 0.4163, Test Accuracy: 0.9353
Epoch 17/500 - Train Loss: 0.5101, Train Accuracy: 0.9225, Test Loss: 0.3957, Test Accuracy: 0.9401
Epoch 18/500 - Train Loss: 0.4382, Train Accuracy: 0.9400, Test Loss: 0.3751, Test Accuracy: 0.9414
Epoch 19/500 - Train Loss: 0.4330, Train Accuracy: 0.9350, Test Loss: 0.3646, Test Accuracy: 0.9441
Epoch 20/500 - Train Loss: 0.4149, Train Accuracy: 0.9400, Test Loss: 0.3554, Test Accuracy: 0.9445
Epoch 21/500 - Train Loss: 0.4067, Train Accuracy: 0.9375, Test Loss: 0.3500, Test Accuracy: 0.9414
Epoch 22/500 - Train Loss: 0.4117, Train Accuracy: 0.9325, Test Loss: 0.3383, Test Accuracy: 0.9436
Epoch 23/500 - Train Loss: 0.3628, Train Accuracy: 0.9400, Test Loss: 0.3312, Test Accuracy: 0.9467
Epoch 24/500 - Train Loss: 0.3209, Train Accuracy: 0.9575, Test Loss: 0.3315, Test Accuracy: 0.9445
Epoch 25/500 - Train Loss: 0.3153, Train Accuracy: 0.9750, Test Loss: 0.3204, Test Accuracy: 0.9497
Epoch 26/500 - Train Loss: 0.3165, Train Accuracy: 0.9650, Test Loss: 0.3202, Test Accuracy: 0.9480
Epoch 27/500 - Train Loss: 0.3130, Train Accuracy: 0.9575, Test Loss: 0.3299, Test Accuracy: 0.9406
Epoch 28/500 - Train Loss: 0.3043, Train Accuracy: 0.9650, Test Loss: 0.3058, Test Accuracy: 0.9510
Epoch 29/500 - Train Loss: 0.2918, Train Accuracy: 0.9625, Test Loss: 0.3060, Test Accuracy: 0.9471
Epoch 30/500 - Train Loss: 0.2963, Train Accuracy: 0.9550, Test Loss: 0.3066, Test Accuracy: 0.9476
Epoch 31/500 - Train Loss: 0.3051, Train Accuracy: 0.9575, Test Loss: 0.3013, Test Accuracy: 0.9497
Epoch 32/500 - Train Loss: 0.2927, Train Accuracy: 0.9525, Test Loss: 0.3054, Test Accuracy: 0.9497
Epoch 33/500 - Train Loss: 0.2913, Train Accuracy: 0.9525, Test Loss: 0.3170, Test Accuracy: 0.9384
Epoch 34/500 - Train Loss: 0.2637, Train Accuracy: 0.9750, Test Loss: 0.3189, Test Accuracy: 0.9384
Epoch 35/500 - Train Loss: 0.2580, Train Accuracy: 0.9675, Test Loss: 0.3153, Test Accuracy: 0.9388
Epoch 36/500 - Train Loss: 0.2600, Train Accuracy: 0.9700, Test Loss: 0.3089, Test Accuracy: 0.9427
Epoch 37/500 - Train Loss: 0.2323, Train Accuracy: 0.9825, Test Loss: 0.2971, Test Accuracy: 0.9502
Epoch 38/500 - Train Loss: 0.2453, Train Accuracy: 0.9700, Test Loss: 0.3012, Test Accuracy: 0.9489
Epoch 39/500 - Train Loss: 0.2509, Train Accuracy: 0.9725, Test Loss: 0.3055, Test Accuracy: 0.9449
Epoch 40/500 - Train Loss: 0.2417, Train Accuracy: 0.9775, Test Loss: 0.3060, Test Accuracy: 0.9441
Epoch 41/500 - Train Loss: 0.2745, Train Accuracy: 0.9575, Test Loss: 0.3159, Test Accuracy: 0.9392
Epoch 42/500 - Train Loss: 0.2200, Train Accuracy: 0.9900, Test Loss: 0.3007, Test Accuracy: 0.9454
Epoch 43/500 - Train Loss: 0.2351, Train Accuracy: 0.9775, Test Loss: 0.3016, Test Accuracy: 0.9427
Epoch 44/500 - Train Loss: 0.2113, Train Accuracy: 0.9825, Test Loss: 0.3055, Test Accuracy: 0.9432
Epoch 45/500 - Train Loss: 0.2145, Train Accuracy: 0.9825, Test Loss: 0.3039, Test Accuracy: 0.9436
Epoch 46/500 - Train Loss: 0.2208, Train Accuracy: 0.9825, Test Loss: 0.3130, Test Accuracy: 0.9379
Epoch 47/500 - Train Loss: 0.2492, Train Accuracy: 0.9700, Test Loss: 0.2984, Test Accuracy: 0.9432
Epoch 48/500 - Train Loss: 0.2134, Train Accuracy: 0.9825, Test Loss: 0.2871, Test Accuracy: 0.9519
Epoch 49/500 - Train Loss: 0.2144, Train Accuracy: 0.9800, Test Loss: 0.2946, Test Accuracy: 0.9476
Epoch 50/500 - Train Loss: 0.2071, Train Accuracy: 0.9800, Test Loss: 0.2897, Test Accuracy: 0.9524
Epoch 51/500 - Train Loss: 0.2260, Train Accuracy: 0.9775, Test Loss: 0.2973, Test Accuracy: 0.9458
Epoch 52/500 - Train Loss: 0.2048, Train Accuracy: 0.9850, Test Loss: 0.3003, Test Accuracy: 0.9454
Epoch 53/500 - Train Loss: 0.2277, Train Accuracy: 0.9775, Test Loss: 0.2924, Test Accuracy: 0.9502
Epoch 54/500 - Train Loss: 0.2267, Train Accuracy: 0.9775, Test Loss: 0.2964, Test Accuracy: 0.9467
Epoch 55/500 - Train Loss: 0.2010, Train Accuracy: 0.9825, Test Loss: 0.3032, Test Accuracy: 0.9445
Epoch 56/500 - Train Loss: 0.2222, Train Accuracy: 0.9750, Test Loss: 0.2944, Test Accuracy: 0.9467
Epoch 57/500 - Train Loss: 0.1982, Train Accuracy: 0.9875, Test Loss: 0.2984, Test Accuracy: 0.9467
Epoch 58/500 - Train Loss: 0.2078, Train Accuracy: 0.9825, Test Loss: 0.2968, Test Accuracy: 0.9489
Epoch 59/500 - Train Loss: 0.2091, Train Accuracy: 0.9775, Test Loss: 0.2965, Test Accuracy: 0.9462
Epoch 60/500 - Train Loss: 0.1994, Train Accuracy: 0.9875, Test Loss: 0.2961, Test Accuracy: 0.9458
Epoch 61/500 - Train Loss: 0.2084, Train Accuracy: 0.9825, Test Loss: 0.3100, Test Accuracy: 0.9384
Epoch 62/500 - Train Loss: 0.1790, Train Accuracy: 0.9950, Test Loss: 0.2963, Test Accuracy: 0.9392
Epoch 63/500 - Train Loss: 0.1994, Train Accuracy: 0.9775, Test Loss: 0.2887, Test Accuracy: 0.9510

Early stopping triggered at epoch 63
Best test loss: 0.2871
Best test accuracy: 0.9524
Plot saved as trained_models/Sweep_data run/metrics/loss.png
Plot saved as trained_models/Sweep_data run/metrics/metrics.png
