Using GPU 0: NVIDIA GeForce RTX 3090
Epoch 1/500 - Train Loss: 2.0212, Train Accuracy: 0.1900, Test Loss: 1.9463, Test Accuracy: 0.3204
Epoch 2/500 - Train Loss: 1.8005, Train Accuracy: 0.3900, Test Loss: 1.7357, Test Accuracy: 0.4873
Epoch 3/500 - Train Loss: 1.6354, Train Accuracy: 0.5875, Test Loss: 1.5310, Test Accuracy: 0.6530
Epoch 4/500 - Train Loss: 1.4981, Train Accuracy: 0.7175, Test Loss: 1.3635, Test Accuracy: 0.7483
Epoch 5/500 - Train Loss: 1.3927, Train Accuracy: 0.7400, Test Loss: 1.2218, Test Accuracy: 0.7941
Epoch 6/500 - Train Loss: 1.3145, Train Accuracy: 0.7450, Test Loss: 1.1202, Test Accuracy: 0.8239
Epoch 7/500 - Train Loss: 1.1699, Train Accuracy: 0.8225, Test Loss: 1.0204, Test Accuracy: 0.8462
Epoch 8/500 - Train Loss: 1.1217, Train Accuracy: 0.7975, Test Loss: 0.9347, Test Accuracy: 0.8593
Epoch 9/500 - Train Loss: 1.0296, Train Accuracy: 0.8350, Test Loss: 0.8640, Test Accuracy: 0.8719
Epoch 10/500 - Train Loss: 0.9631, Train Accuracy: 0.8650, Test Loss: 0.8038, Test Accuracy: 0.8868
Epoch 11/500 - Train Loss: 0.9575, Train Accuracy: 0.8350, Test Loss: 0.7541, Test Accuracy: 0.9008
Epoch 12/500 - Train Loss: 0.9038, Train Accuracy: 0.8575, Test Loss: 0.7169, Test Accuracy: 0.9073
Epoch 13/500 - Train Loss: 0.8359, Train Accuracy: 0.8650, Test Loss: 0.6782, Test Accuracy: 0.9117
Epoch 14/500 - Train Loss: 0.7918, Train Accuracy: 0.8750, Test Loss: 0.6531, Test Accuracy: 0.9240
Epoch 15/500 - Train Loss: 0.8092, Train Accuracy: 0.8750, Test Loss: 0.6319, Test Accuracy: 0.9283
Epoch 16/500 - Train Loss: 0.7475, Train Accuracy: 0.8650, Test Loss: 0.6139, Test Accuracy: 0.9257
Epoch 17/500 - Train Loss: 0.7230, Train Accuracy: 0.8925, Test Loss: 0.6009, Test Accuracy: 0.9240
Epoch 18/500 - Train Loss: 0.7112, Train Accuracy: 0.8750, Test Loss: 0.5743, Test Accuracy: 0.9296
Epoch 19/500 - Train Loss: 0.6801, Train Accuracy: 0.8975, Test Loss: 0.5581, Test Accuracy: 0.9305
Epoch 20/500 - Train Loss: 0.6231, Train Accuracy: 0.9350, Test Loss: 0.5468, Test Accuracy: 0.9344
Epoch 21/500 - Train Loss: 0.6649, Train Accuracy: 0.9100, Test Loss: 0.5427, Test Accuracy: 0.9388
Epoch 22/500 - Train Loss: 0.6564, Train Accuracy: 0.8975, Test Loss: 0.5357, Test Accuracy: 0.9410
Epoch 23/500 - Train Loss: 0.6191, Train Accuracy: 0.9025, Test Loss: 0.5223, Test Accuracy: 0.9441
Epoch 24/500 - Train Loss: 0.6244, Train Accuracy: 0.9150, Test Loss: 0.5184, Test Accuracy: 0.9419
Epoch 25/500 - Train Loss: 0.6255, Train Accuracy: 0.8975, Test Loss: 0.5070, Test Accuracy: 0.9449
Epoch 26/500 - Train Loss: 0.5757, Train Accuracy: 0.9250, Test Loss: 0.4976, Test Accuracy: 0.9476
Epoch 27/500 - Train Loss: 0.5840, Train Accuracy: 0.9325, Test Loss: 0.4951, Test Accuracy: 0.9462
Epoch 28/500 - Train Loss: 0.5496, Train Accuracy: 0.9325, Test Loss: 0.4926, Test Accuracy: 0.9497
Epoch 29/500 - Train Loss: 0.5364, Train Accuracy: 0.9275, Test Loss: 0.4909, Test Accuracy: 0.9436
Epoch 30/500 - Train Loss: 0.5229, Train Accuracy: 0.9475, Test Loss: 0.4852, Test Accuracy: 0.9462
Epoch 31/500 - Train Loss: 0.5283, Train Accuracy: 0.9325, Test Loss: 0.4857, Test Accuracy: 0.9484
Epoch 32/500 - Train Loss: 0.5380, Train Accuracy: 0.9325, Test Loss: 0.4876, Test Accuracy: 0.9441
Epoch 33/500 - Train Loss: 0.4952, Train Accuracy: 0.9450, Test Loss: 0.4869, Test Accuracy: 0.9493
Epoch 34/500 - Train Loss: 0.5396, Train Accuracy: 0.9275, Test Loss: 0.4894, Test Accuracy: 0.9458
Epoch 35/500 - Train Loss: 0.5181, Train Accuracy: 0.9275, Test Loss: 0.4833, Test Accuracy: 0.9467
Epoch 36/500 - Train Loss: 0.4955, Train Accuracy: 0.9375, Test Loss: 0.4759, Test Accuracy: 0.9510
Epoch 37/500 - Train Loss: 0.4792, Train Accuracy: 0.9500, Test Loss: 0.4780, Test Accuracy: 0.9476
Epoch 38/500 - Train Loss: 0.4878, Train Accuracy: 0.9575, Test Loss: 0.4772, Test Accuracy: 0.9497
Epoch 39/500 - Train Loss: 0.5087, Train Accuracy: 0.9300, Test Loss: 0.4781, Test Accuracy: 0.9484
Epoch 40/500 - Train Loss: 0.4932, Train Accuracy: 0.9375, Test Loss: 0.4770, Test Accuracy: 0.9480
Epoch 41/500 - Train Loss: 0.4934, Train Accuracy: 0.9400, Test Loss: 0.4741, Test Accuracy: 0.9467
Epoch 42/500 - Train Loss: 0.4702, Train Accuracy: 0.9525, Test Loss: 0.4713, Test Accuracy: 0.9502
Epoch 43/500 - Train Loss: 0.4760, Train Accuracy: 0.9450, Test Loss: 0.4753, Test Accuracy: 0.9480
Epoch 44/500 - Train Loss: 0.4502, Train Accuracy: 0.9475, Test Loss: 0.4784, Test Accuracy: 0.9454
Epoch 45/500 - Train Loss: 0.4657, Train Accuracy: 0.9525, Test Loss: 0.4701, Test Accuracy: 0.9467
Epoch 46/500 - Train Loss: 0.4369, Train Accuracy: 0.9725, Test Loss: 0.4668, Test Accuracy: 0.9506
Epoch 47/500 - Train Loss: 0.4735, Train Accuracy: 0.9525, Test Loss: 0.4720, Test Accuracy: 0.9489
Epoch 48/500 - Train Loss: 0.4334, Train Accuracy: 0.9675, Test Loss: 0.4697, Test Accuracy: 0.9471
Epoch 49/500 - Train Loss: 0.4563, Train Accuracy: 0.9500, Test Loss: 0.4711, Test Accuracy: 0.9454
Epoch 50/500 - Train Loss: 0.4195, Train Accuracy: 0.9575, Test Loss: 0.4626, Test Accuracy: 0.9510
Epoch 51/500 - Train Loss: 0.4373, Train Accuracy: 0.9675, Test Loss: 0.4666, Test Accuracy: 0.9476
Epoch 52/500 - Train Loss: 0.4378, Train Accuracy: 0.9600, Test Loss: 0.4658, Test Accuracy: 0.9489
Epoch 53/500 - Train Loss: 0.4143, Train Accuracy: 0.9650, Test Loss: 0.4657, Test Accuracy: 0.9484
Epoch 54/500 - Train Loss: 0.4165, Train Accuracy: 0.9650, Test Loss: 0.4690, Test Accuracy: 0.9436
Epoch 55/500 - Train Loss: 0.4320, Train Accuracy: 0.9525, Test Loss: 0.4675, Test Accuracy: 0.9467
Epoch 56/500 - Train Loss: 0.4249, Train Accuracy: 0.9775, Test Loss: 0.4669, Test Accuracy: 0.9480
Epoch 57/500 - Train Loss: 0.4313, Train Accuracy: 0.9600, Test Loss: 0.4652, Test Accuracy: 0.9506
Epoch 58/500 - Train Loss: 0.4182, Train Accuracy: 0.9725, Test Loss: 0.4601, Test Accuracy: 0.9497
Epoch 59/500 - Train Loss: 0.4317, Train Accuracy: 0.9650, Test Loss: 0.4638, Test Accuracy: 0.9476
Epoch 60/500 - Train Loss: 0.4364, Train Accuracy: 0.9550, Test Loss: 0.4624, Test Accuracy: 0.9480
Epoch 61/500 - Train Loss: 0.4562, Train Accuracy: 0.9525, Test Loss: 0.4639, Test Accuracy: 0.9467
Epoch 62/500 - Train Loss: 0.4328, Train Accuracy: 0.9700, Test Loss: 0.4687, Test Accuracy: 0.9462
Epoch 63/500 - Train Loss: 0.4218, Train Accuracy: 0.9600, Test Loss: 0.4689, Test Accuracy: 0.9462
Epoch 64/500 - Train Loss: 0.4267, Train Accuracy: 0.9600, Test Loss: 0.4628, Test Accuracy: 0.9476
Epoch 65/500 - Train Loss: 0.4312, Train Accuracy: 0.9550, Test Loss: 0.4671, Test Accuracy: 0.9462
Epoch 66/500 - Train Loss: 0.4018, Train Accuracy: 0.9775, Test Loss: 0.4624, Test Accuracy: 0.9462
Epoch 67/500 - Train Loss: 0.4455, Train Accuracy: 0.9375, Test Loss: 0.4646, Test Accuracy: 0.9458
Epoch 68/500 - Train Loss: 0.4245, Train Accuracy: 0.9650, Test Loss: 0.4643, Test Accuracy: 0.9471
Epoch 69/500 - Train Loss: 0.3996, Train Accuracy: 0.9750, Test Loss: 0.4616, Test Accuracy: 0.9476
Epoch 70/500 - Train Loss: 0.4153, Train Accuracy: 0.9675, Test Loss: 0.4641, Test Accuracy: 0.9432
Epoch 71/500 - Train Loss: 0.3963, Train Accuracy: 0.9800, Test Loss: 0.4642, Test Accuracy: 0.9476
Epoch 72/500 - Train Loss: 0.4118, Train Accuracy: 0.9725, Test Loss: 0.4667, Test Accuracy: 0.9423
Epoch 73/500 - Train Loss: 0.4035, Train Accuracy: 0.9775, Test Loss: 0.4672, Test Accuracy: 0.9427

Early stopping triggered at epoch 73
Best test loss: 0.4601
Best test accuracy: 0.9510
Plot saved as trained_models/Sweep_data run/metrics/loss.png
Plot saved as trained_models/Sweep_data run/metrics/metrics.png
