Using GPU 0: NVIDIA GeForce RTX 3090
Epoch 1/500 - Train Loss: 2.0853, Train Accuracy: 0.1450, Test Loss: 2.0388, Test Accuracy: 0.1337
Epoch 2/500 - Train Loss: 1.8395, Train Accuracy: 0.3425, Test Loss: 1.8347, Test Accuracy: 0.4082
Epoch 3/500 - Train Loss: 1.6456, Train Accuracy: 0.5200, Test Loss: 1.5645, Test Accuracy: 0.5883
Epoch 4/500 - Train Loss: 1.4268, Train Accuracy: 0.6750, Test Loss: 1.3392, Test Accuracy: 0.6989
Epoch 5/500 - Train Loss: 1.3005, Train Accuracy: 0.7400, Test Loss: 1.1766, Test Accuracy: 0.7378
Epoch 6/500 - Train Loss: 1.1619, Train Accuracy: 0.7875, Test Loss: 1.0280, Test Accuracy: 0.7937
Epoch 7/500 - Train Loss: 1.0298, Train Accuracy: 0.8150, Test Loss: 0.9110, Test Accuracy: 0.8191
Epoch 8/500 - Train Loss: 0.9335, Train Accuracy: 0.8375, Test Loss: 0.7940, Test Accuracy: 0.8492
Epoch 9/500 - Train Loss: 0.8354, Train Accuracy: 0.8875, Test Loss: 0.7137, Test Accuracy: 0.8724
Epoch 10/500 - Train Loss: 0.7761, Train Accuracy: 0.8600, Test Loss: 0.6436, Test Accuracy: 0.8920
Epoch 11/500 - Train Loss: 0.7016, Train Accuracy: 0.8875, Test Loss: 0.5929, Test Accuracy: 0.8951
Epoch 12/500 - Train Loss: 0.6195, Train Accuracy: 0.9250, Test Loss: 0.5459, Test Accuracy: 0.9100
Epoch 13/500 - Train Loss: 0.5721, Train Accuracy: 0.9100, Test Loss: 0.5022, Test Accuracy: 0.9165
Epoch 14/500 - Train Loss: 0.5948, Train Accuracy: 0.8950, Test Loss: 0.4746, Test Accuracy: 0.9152
Epoch 15/500 - Train Loss: 0.5241, Train Accuracy: 0.9125, Test Loss: 0.4324, Test Accuracy: 0.9257
Epoch 16/500 - Train Loss: 0.4843, Train Accuracy: 0.9225, Test Loss: 0.4143, Test Accuracy: 0.9327
Epoch 17/500 - Train Loss: 0.4897, Train Accuracy: 0.9150, Test Loss: 0.4044, Test Accuracy: 0.9296
Epoch 18/500 - Train Loss: 0.4682, Train Accuracy: 0.9175, Test Loss: 0.3930, Test Accuracy: 0.9292
Epoch 19/500 - Train Loss: 0.3852, Train Accuracy: 0.9550, Test Loss: 0.3779, Test Accuracy: 0.9331
Epoch 20/500 - Train Loss: 0.4357, Train Accuracy: 0.9150, Test Loss: 0.3687, Test Accuracy: 0.9362
Epoch 21/500 - Train Loss: 0.3829, Train Accuracy: 0.9450, Test Loss: 0.3596, Test Accuracy: 0.9371
Epoch 22/500 - Train Loss: 0.3651, Train Accuracy: 0.9475, Test Loss: 0.3486, Test Accuracy: 0.9423
Epoch 23/500 - Train Loss: 0.3749, Train Accuracy: 0.9425, Test Loss: 0.3457, Test Accuracy: 0.9427
Epoch 24/500 - Train Loss: 0.3734, Train Accuracy: 0.9325, Test Loss: 0.3472, Test Accuracy: 0.9388
Epoch 25/500 - Train Loss: 0.3678, Train Accuracy: 0.9475, Test Loss: 0.3273, Test Accuracy: 0.9476
Epoch 26/500 - Train Loss: 0.3485, Train Accuracy: 0.9400, Test Loss: 0.3223, Test Accuracy: 0.9489
Epoch 27/500 - Train Loss: 0.3481, Train Accuracy: 0.9500, Test Loss: 0.3211, Test Accuracy: 0.9449
Epoch 28/500 - Train Loss: 0.3072, Train Accuracy: 0.9600, Test Loss: 0.3234, Test Accuracy: 0.9480
Epoch 29/500 - Train Loss: 0.3005, Train Accuracy: 0.9675, Test Loss: 0.3177, Test Accuracy: 0.9449
Epoch 30/500 - Train Loss: 0.3183, Train Accuracy: 0.9500, Test Loss: 0.3173, Test Accuracy: 0.9458
Epoch 31/500 - Train Loss: 0.3088, Train Accuracy: 0.9525, Test Loss: 0.3123, Test Accuracy: 0.9471
Epoch 32/500 - Train Loss: 0.2857, Train Accuracy: 0.9600, Test Loss: 0.3046, Test Accuracy: 0.9519
Epoch 33/500 - Train Loss: 0.2555, Train Accuracy: 0.9750, Test Loss: 0.3046, Test Accuracy: 0.9519
Epoch 34/500 - Train Loss: 0.2691, Train Accuracy: 0.9525, Test Loss: 0.3111, Test Accuracy: 0.9462
Epoch 35/500 - Train Loss: 0.2924, Train Accuracy: 0.9525, Test Loss: 0.3084, Test Accuracy: 0.9471
Epoch 36/500 - Train Loss: 0.3089, Train Accuracy: 0.9525, Test Loss: 0.3086, Test Accuracy: 0.9471
Epoch 37/500 - Train Loss: 0.2973, Train Accuracy: 0.9575, Test Loss: 0.3093, Test Accuracy: 0.9462
Epoch 38/500 - Train Loss: 0.2657, Train Accuracy: 0.9700, Test Loss: 0.3066, Test Accuracy: 0.9441
Epoch 39/500 - Train Loss: 0.2773, Train Accuracy: 0.9575, Test Loss: 0.3098, Test Accuracy: 0.9432
Epoch 40/500 - Train Loss: 0.2416, Train Accuracy: 0.9725, Test Loss: 0.3031, Test Accuracy: 0.9458
Epoch 41/500 - Train Loss: 0.2467, Train Accuracy: 0.9675, Test Loss: 0.3002, Test Accuracy: 0.9467
Epoch 42/500 - Train Loss: 0.2280, Train Accuracy: 0.9750, Test Loss: 0.2981, Test Accuracy: 0.9506
Epoch 43/500 - Train Loss: 0.2406, Train Accuracy: 0.9750, Test Loss: 0.2986, Test Accuracy: 0.9484
Epoch 44/500 - Train Loss: 0.2325, Train Accuracy: 0.9750, Test Loss: 0.2966, Test Accuracy: 0.9493
Epoch 45/500 - Train Loss: 0.2464, Train Accuracy: 0.9675, Test Loss: 0.2961, Test Accuracy: 0.9480
Epoch 46/500 - Train Loss: 0.2274, Train Accuracy: 0.9800, Test Loss: 0.2929, Test Accuracy: 0.9493
Epoch 47/500 - Train Loss: 0.2373, Train Accuracy: 0.9700, Test Loss: 0.3029, Test Accuracy: 0.9484
Epoch 48/500 - Train Loss: 0.2285, Train Accuracy: 0.9850, Test Loss: 0.2950, Test Accuracy: 0.9506
Epoch 49/500 - Train Loss: 0.2242, Train Accuracy: 0.9775, Test Loss: 0.2882, Test Accuracy: 0.9528
Epoch 50/500 - Train Loss: 0.2047, Train Accuracy: 0.9850, Test Loss: 0.2862, Test Accuracy: 0.9506
Epoch 51/500 - Train Loss: 0.2409, Train Accuracy: 0.9675, Test Loss: 0.2977, Test Accuracy: 0.9462
Epoch 52/500 - Train Loss: 0.2562, Train Accuracy: 0.9625, Test Loss: 0.3091, Test Accuracy: 0.9406
Epoch 53/500 - Train Loss: 0.2217, Train Accuracy: 0.9775, Test Loss: 0.3335, Test Accuracy: 0.9305
Epoch 54/500 - Train Loss: 0.2468, Train Accuracy: 0.9700, Test Loss: 0.3183, Test Accuracy: 0.9366
Epoch 55/500 - Train Loss: 0.2285, Train Accuracy: 0.9700, Test Loss: 0.3117, Test Accuracy: 0.9414
Epoch 56/500 - Train Loss: 0.2337, Train Accuracy: 0.9725, Test Loss: 0.2945, Test Accuracy: 0.9454
Epoch 57/500 - Train Loss: 0.2241, Train Accuracy: 0.9725, Test Loss: 0.2939, Test Accuracy: 0.9515
Epoch 58/500 - Train Loss: 0.2329, Train Accuracy: 0.9725, Test Loss: 0.2899, Test Accuracy: 0.9480
Epoch 59/500 - Train Loss: 0.2187, Train Accuracy: 0.9775, Test Loss: 0.2969, Test Accuracy: 0.9436
Epoch 60/500 - Train Loss: 0.2112, Train Accuracy: 0.9850, Test Loss: 0.3016, Test Accuracy: 0.9423
Epoch 61/500 - Train Loss: 0.2016, Train Accuracy: 0.9900, Test Loss: 0.2982, Test Accuracy: 0.9462
Epoch 62/500 - Train Loss: 0.2380, Train Accuracy: 0.9700, Test Loss: 0.2899, Test Accuracy: 0.9480
Epoch 63/500 - Train Loss: 0.2331, Train Accuracy: 0.9725, Test Loss: 0.2948, Test Accuracy: 0.9480
Epoch 64/500 - Train Loss: 0.2105, Train Accuracy: 0.9825, Test Loss: 0.2909, Test Accuracy: 0.9506
Epoch 65/500 - Train Loss: 0.2202, Train Accuracy: 0.9750, Test Loss: 0.2931, Test Accuracy: 0.9458

Early stopping triggered at epoch 65
Best test loss: 0.2862
Best test accuracy: 0.9528
Plot saved as trained_models/Sweep_data run/metrics/loss.png
Plot saved as trained_models/Sweep_data run/metrics/metrics.png
