wandb: Starting wandb agent 🕵️
2026-01-10 19:24:58,667 - wandb.wandb_agent - INFO - Running runs: []
2026-01-10 19:24:58,993 - wandb.wandb_agent - INFO - Agent received command: run
2026-01-10 19:24:58,993 - wandb.wandb_agent - INFO - Agent starting run with config:
	affine: 0.7049568629260814
	blur: 0.4873247912433808
	brightness: 1.2452757523873696
	contrast: 1.280388654051022
	crop: 0.508879559482057
	crop_scale: 0.4021972163681031
	flip: 0.2975812239474077
	gaussian_blur_kernel: 5
	gaussian_noise_std: 2.9185501437368755
	grey: 0.8130566235320484
	hue: -0.001112257312978454
	jiggle: 0.3086408320487667
	rotate: 0.5982414407253721
	rotation: 26
	saturation: 0.7084990575896166
	scale: 1.0013672536747624
	shear: 23
	translate_x: 0.15819455145372452
	translate_y: 0.28094960619925835
2026-01-10 19:24:58,997 - wandb.wandb_agent - INFO - About to run command: /usr/bin/env python train_data.py --affine=0.7049568629260814 --blur=0.4873247912433808 --brightness=1.2452757523873696 --contrast=1.280388654051022 --crop=0.508879559482057 --crop_scale=0.4021972163681031 --flip=0.2975812239474077 --gaussian_blur_kernel=5 --gaussian_noise_std=2.9185501437368755 --grey=0.8130566235320484 --hue=-0.001112257312978454 --jiggle=0.3086408320487667 --rotate=0.5982414407253721 --rotation=26 --saturation=0.7084990575896166 --scale=1.0013672536747624 --shear=23 --translate_x=0.15819455145372452 --translate_y=0.28094960619925835
wandb: Currently logged in as: arnaumarcosalmansa (mcv-team-6) to https://api.wandb.ai. Use `wandb login --relogin` to force relogin
wandb: WARNING Ignoring project 'C3-Week3' when running a sweep.
wandb: WARNING Ignoring entity 'mcv-team-6' when running a sweep.
2026-01-10 19:25:04,004 - wandb.wandb_agent - INFO - Running runs: ['ef2tvrsk']
wandb: setting up run ef2tvrsk
wandb: Tracking run with wandb version 0.23.1
wandb: Run data is saved locally in /export/home/group06/workspace/project-team-6/Week3/wandb/run-20260110_192503-ef2tvrsk
wandb: Run `wandb offline` to turn off syncing.
wandb: Syncing run Sweep run
wandb: ⭐️ View project at https://wandb.ai/mcv-team-6/C3-Week3
wandb: 🧹 View sweep at https://wandb.ai/mcv-team-6/C3-Week3/sweeps/g5vb4edr
wandb: 🚀 View run at https://wandb.ai/mcv-team-6/C3-Week3/runs/ef2tvrsk
Traceback (most recent call last):
  File "/export/home/group06/workspace/project-team-6/Week3/train_data.py", line 61, in <module>
    ka.ColorJitter(brightness=cfg.brightness,
  File "/ghome/group06/miniconda3/envs/c3/lib/python3.12/site-packages/kornia/augmentation/_2d/intensity/color_jitter.py", line 105, in __init__
    self._param_generator = rg.ColorJitterGenerator(brightness, contrast, saturation, hue)
                            ^^^^^^^^^^^^^^^^^^^^^^^^^^^^^^^^^^^^^^^^^^^^^^^^^^^^^^^^^^^^^^
  File "/ghome/group06/miniconda3/envs/c3/lib/python3.12/site-packages/kornia/augmentation/random_generator/base.py", line 34, in __call__
    obj.__post_init__()
  File "/ghome/group06/miniconda3/envs/c3/lib/python3.12/site-packages/kornia/augmentation/random_generator/base.py", line 48, in __post_init__
    self.set_rng_device_and_dtype()
  File "/ghome/group06/miniconda3/envs/c3/lib/python3.12/site-packages/kornia/augmentation/random_generator/base.py", line 64, in set_rng_device_and_dtype
    self.make_samplers(device, dtype)
  File "/ghome/group06/miniconda3/envs/c3/lib/python3.12/site-packages/kornia/augmentation/random_generator/_2d/color_jitter.py", line 86, in make_samplers
    hue: Tensor = _range_bound(self.hue, "hue", bounds=(-0.5, 0.5), device=device, dtype=dtype)
                  ^^^^^^^^^^^^^^^^^^^^^^^^^^^^^^^^^^^^^^^^^^^^^^^^^^^^^^^^^^^^^^^^^^^^^^^^^^^^^
  File "/ghome/group06/miniconda3/envs/c3/lib/python3.12/site-packages/kornia/augmentation/utils/param_validation.py", line 53, in _range_bound
    raise ValueError(f"If {name} is a single number, it must be non negative. Got {factor}.")
ValueError: If hue is a single number, it must be non negative. Got -0.0011122573632746935.
2026-01-10 19:25:09,160 - wandb.wandb_agent - INFO - Cleaning up finished run: ef2tvrsk
wandb: Terminating and syncing runs. Press ctrl-c to kill.
