wandb: Starting wandb agent 🕵️
2026-01-10 20:01:30,811 - wandb.wandb_agent - INFO - Running runs: []
2026-01-10 20:01:31,083 - wandb.wandb_agent - INFO - Agent received command: run
2026-01-10 20:01:31,083 - wandb.wandb_agent - INFO - Agent starting run with config:
	affine: 0.16922115740661858
	blur: 0.9684502372531508
	brightness: 0.8194907538164926
	contrast: 0.8940107147599385
	crop: 0.5572160626119306
	crop_scale: 0.57768628406513
	flip: 0.969791772337008
	gaussian_blur_kernel: 7
	gaussian_noise_std: 1.457376092244116
	grey: 0.4469424385015994
	hue: -0.013222892545121032
	jiggle: 0.3608458291032509
	rotate: 0.8027860940821413
	rotation: 46
	saturation: 0.9524267007566816
	scale: 0.9162242313524648
	shear: 1
	translate_x: 0.2752565123271047
	translate_y: 0.10187493360087468
2026-01-10 20:01:31,087 - wandb.wandb_agent - INFO - About to run command: /usr/bin/env python train_data.py --affine=0.16922115740661858 --blur=0.9684502372531508 --brightness=0.8194907538164926 --contrast=0.8940107147599385 --crop=0.5572160626119306 --crop_scale=0.57768628406513 --flip=0.969791772337008 --gaussian_blur_kernel=7 --gaussian_noise_std=1.457376092244116 --grey=0.4469424385015994 --hue=-0.013222892545121032 --jiggle=0.3608458291032509 --rotate=0.8027860940821413 --rotation=46 --saturation=0.9524267007566816 --scale=0.9162242313524648 --shear=1 --translate_x=0.2752565123271047 --translate_y=0.10187493360087468
wandb: Currently logged in as: arnaumarcosalmansa (mcv-team-6) to https://api.wandb.ai. Use `wandb login --relogin` to force relogin
wandb: WARNING Ignoring project 'C3-Week3' when running a sweep.
wandb: WARNING Ignoring entity 'mcv-team-6' when running a sweep.
2026-01-10 20:01:36,093 - wandb.wandb_agent - INFO - Running runs: ['qjtp0tmt']
wandb: Tracking run with wandb version 0.23.1
wandb: Run data is saved locally in /export/home/group06/workspace/project-team-6/Week3/wandb/run-20260110_200135-qjtp0tmt
wandb: Run `wandb offline` to turn off syncing.
wandb: Syncing run Sweep run
wandb: ⭐️ View project at https://wandb.ai/mcv-team-6/C3-Week3
wandb: 🧹 View sweep at https://wandb.ai/mcv-team-6/C3-Week3/sweeps/g5vb4edr
wandb: 🚀 View run at https://wandb.ai/mcv-team-6/C3-Week3/runs/qjtp0tmt
Traceback (most recent call last):
  File "/export/home/group06/workspace/project-team-6/Week3/train_data.py", line 61, in <module>
    ka.ColorJitter(brightness=cfg.brightness,
  File "/ghome/group06/miniconda3/envs/c3/lib/python3.12/site-packages/kornia/augmentation/_2d/intensity/color_jitter.py", line 105, in __init__
    self._param_generator = rg.ColorJitterGenerator(brightness, contrast, saturation, hue)
                            ^^^^^^^^^^^^^^^^^^^^^^^^^^^^^^^^^^^^^^^^^^^^^^^^^^^^^^^^^^^^^^
  File "/ghome/group06/miniconda3/envs/c3/lib/python3.12/site-packages/kornia/augmentation/random_generator/base.py", line 34, in __call__
    obj.__post_init__()
  File "/ghome/group06/miniconda3/envs/c3/lib/python3.12/site-packages/kornia/augmentation/random_generator/base.py", line 48, in __post_init__
    self.set_rng_device_and_dtype()
  File "/ghome/group06/miniconda3/envs/c3/lib/python3.12/site-packages/kornia/augmentation/random_generator/base.py", line 64, in set_rng_device_and_dtype
    self.make_samplers(device, dtype)
  File "/ghome/group06/miniconda3/envs/c3/lib/python3.12/site-packages/kornia/augmentation/random_generator/_2d/color_jitter.py", line 86, in make_samplers
    hue: Tensor = _range_bound(self.hue, "hue", bounds=(-0.5, 0.5), device=device, dtype=dtype)
                  ^^^^^^^^^^^^^^^^^^^^^^^^^^^^^^^^^^^^^^^^^^^^^^^^^^^^^^^^^^^^^^^^^^^^^^^^^^^^^
  File "/ghome/group06/miniconda3/envs/c3/lib/python3.12/site-packages/kornia/augmentation/utils/param_validation.py", line 53, in _range_bound
    raise ValueError(f"If {name} is a single number, it must be non negative. Got {factor}.")
ValueError: If hue is a single number, it must be non negative. Got -0.01322289276868105.
2026-01-10 20:01:41,239 - wandb.wandb_agent - INFO - Cleaning up finished run: qjtp0tmt
wandb: Terminating and syncing runs. Press ctrl-c to kill.
