Using GPU 0: NVIDIA GeForce RTX 3090
Epoch 1/500 - Train Loss: 2.0881, Train Accuracy: 0.1900, Test Loss: 2.0097, Test Accuracy: 0.2260
Epoch 2/500 - Train Loss: 1.8363, Train Accuracy: 0.3525, Test Loss: 1.8168, Test Accuracy: 0.3990
Epoch 3/500 - Train Loss: 1.6692, Train Accuracy: 0.5100, Test Loss: 1.6217, Test Accuracy: 0.5258
Epoch 4/500 - Train Loss: 1.4708, Train Accuracy: 0.6850, Test Loss: 1.4515, Test Accuracy: 0.6482
Epoch 5/500 - Train Loss: 1.2837, Train Accuracy: 0.7775, Test Loss: 1.3018, Test Accuracy: 0.7378
Epoch 6/500 - Train Loss: 1.1410, Train Accuracy: 0.8000, Test Loss: 1.1784, Test Accuracy: 0.7841
Epoch 7/500 - Train Loss: 1.0286, Train Accuracy: 0.7975, Test Loss: 1.0590, Test Accuracy: 0.8173
Epoch 8/500 - Train Loss: 0.9030, Train Accuracy: 0.8400, Test Loss: 0.9420, Test Accuracy: 0.8413
Epoch 9/500 - Train Loss: 0.8230, Train Accuracy: 0.8675, Test Loss: 0.8590, Test Accuracy: 0.8536
Epoch 10/500 - Train Loss: 0.7349, Train Accuracy: 0.8850, Test Loss: 0.7978, Test Accuracy: 0.8571
Epoch 11/500 - Train Loss: 0.7126, Train Accuracy: 0.8725, Test Loss: 0.7317, Test Accuracy: 0.8724
Epoch 12/500 - Train Loss: 0.6426, Train Accuracy: 0.8925, Test Loss: 0.6588, Test Accuracy: 0.8781
Epoch 13/500 - Train Loss: 0.5743, Train Accuracy: 0.8975, Test Loss: 0.5997, Test Accuracy: 0.8894
Epoch 14/500 - Train Loss: 0.5614, Train Accuracy: 0.8975, Test Loss: 0.5735, Test Accuracy: 0.8899
Epoch 15/500 - Train Loss: 0.5057, Train Accuracy: 0.9250, Test Loss: 0.5645, Test Accuracy: 0.8807
Epoch 16/500 - Train Loss: 0.4626, Train Accuracy: 0.9300, Test Loss: 0.5239, Test Accuracy: 0.8960
Epoch 17/500 - Train Loss: 0.4773, Train Accuracy: 0.9125, Test Loss: 0.4882, Test Accuracy: 0.9113
Epoch 18/500 - Train Loss: 0.4085, Train Accuracy: 0.9525, Test Loss: 0.4675, Test Accuracy: 0.9082
Epoch 19/500 - Train Loss: 0.4227, Train Accuracy: 0.9250, Test Loss: 0.4387, Test Accuracy: 0.9253
Epoch 20/500 - Train Loss: 0.3604, Train Accuracy: 0.9450, Test Loss: 0.4144, Test Accuracy: 0.9279
Epoch 21/500 - Train Loss: 0.3611, Train Accuracy: 0.9575, Test Loss: 0.4128, Test Accuracy: 0.9248
Epoch 22/500 - Train Loss: 0.3834, Train Accuracy: 0.9275, Test Loss: 0.4140, Test Accuracy: 0.9165
Epoch 23/500 - Train Loss: 0.3711, Train Accuracy: 0.9425, Test Loss: 0.3929, Test Accuracy: 0.9240
Epoch 24/500 - Train Loss: 0.3291, Train Accuracy: 0.9650, Test Loss: 0.3817, Test Accuracy: 0.9266
Epoch 25/500 - Train Loss: 0.3061, Train Accuracy: 0.9650, Test Loss: 0.3755, Test Accuracy: 0.9253
Epoch 26/500 - Train Loss: 0.2871, Train Accuracy: 0.9700, Test Loss: 0.3638, Test Accuracy: 0.9296
Epoch 27/500 - Train Loss: 0.2982, Train Accuracy: 0.9750, Test Loss: 0.3543, Test Accuracy: 0.9331
Epoch 28/500 - Train Loss: 0.2673, Train Accuracy: 0.9800, Test Loss: 0.3459, Test Accuracy: 0.9327
Epoch 29/500 - Train Loss: 0.2945, Train Accuracy: 0.9600, Test Loss: 0.3493, Test Accuracy: 0.9327
Epoch 30/500 - Train Loss: 0.2738, Train Accuracy: 0.9575, Test Loss: 0.3449, Test Accuracy: 0.9331
Epoch 31/500 - Train Loss: 0.2600, Train Accuracy: 0.9750, Test Loss: 0.3669, Test Accuracy: 0.9292
Epoch 32/500 - Train Loss: 0.2600, Train Accuracy: 0.9675, Test Loss: 0.3804, Test Accuracy: 0.9191
Epoch 33/500 - Train Loss: 0.2447, Train Accuracy: 0.9675, Test Loss: 0.3554, Test Accuracy: 0.9283
Epoch 34/500 - Train Loss: 0.2554, Train Accuracy: 0.9725, Test Loss: 0.3438, Test Accuracy: 0.9323
Epoch 35/500 - Train Loss: 0.2254, Train Accuracy: 0.9850, Test Loss: 0.3568, Test Accuracy: 0.9279
Epoch 36/500 - Train Loss: 0.2437, Train Accuracy: 0.9725, Test Loss: 0.3620, Test Accuracy: 0.9253
Epoch 37/500 - Train Loss: 0.2142, Train Accuracy: 0.9875, Test Loss: 0.3574, Test Accuracy: 0.9292
Epoch 38/500 - Train Loss: 0.2472, Train Accuracy: 0.9725, Test Loss: 0.3250, Test Accuracy: 0.9331
Epoch 39/500 - Train Loss: 0.2514, Train Accuracy: 0.9700, Test Loss: 0.3149, Test Accuracy: 0.9432
Epoch 40/500 - Train Loss: 0.2016, Train Accuracy: 0.9925, Test Loss: 0.3249, Test Accuracy: 0.9358
Epoch 41/500 - Train Loss: 0.2537, Train Accuracy: 0.9700, Test Loss: 0.3249, Test Accuracy: 0.9401
Epoch 42/500 - Train Loss: 0.1992, Train Accuracy: 0.9875, Test Loss: 0.3386, Test Accuracy: 0.9344
Epoch 43/500 - Train Loss: 0.2136, Train Accuracy: 0.9850, Test Loss: 0.3575, Test Accuracy: 0.9309
Epoch 44/500 - Train Loss: 0.2197, Train Accuracy: 0.9850, Test Loss: 0.3537, Test Accuracy: 0.9279
Epoch 45/500 - Train Loss: 0.1982, Train Accuracy: 0.9925, Test Loss: 0.3276, Test Accuracy: 0.9358
Epoch 46/500 - Train Loss: 0.2081, Train Accuracy: 0.9900, Test Loss: 0.3333, Test Accuracy: 0.9323
Epoch 47/500 - Train Loss: 0.2080, Train Accuracy: 0.9800, Test Loss: 0.3325, Test Accuracy: 0.9353
Epoch 48/500 - Train Loss: 0.2053, Train Accuracy: 0.9825, Test Loss: 0.3331, Test Accuracy: 0.9349
Epoch 49/500 - Train Loss: 0.2026, Train Accuracy: 0.9800, Test Loss: 0.3428, Test Accuracy: 0.9309
Epoch 50/500 - Train Loss: 0.1975, Train Accuracy: 0.9925, Test Loss: 0.3465, Test Accuracy: 0.9274
Epoch 51/500 - Train Loss: 0.1813, Train Accuracy: 0.9975, Test Loss: 0.3388, Test Accuracy: 0.9327
Epoch 52/500 - Train Loss: 0.1915, Train Accuracy: 0.9875, Test Loss: 0.3299, Test Accuracy: 0.9340
Epoch 53/500 - Train Loss: 0.1809, Train Accuracy: 0.9975, Test Loss: 0.3297, Test Accuracy: 0.9375
Epoch 54/500 - Train Loss: 0.1854, Train Accuracy: 0.9925, Test Loss: 0.3510, Test Accuracy: 0.9283

Early stopping triggered at epoch 54
Best test loss: 0.3149
Best test accuracy: 0.9432
Plot saved as trained_models/Sweep_data run/metrics/loss.png
Plot saved as trained_models/Sweep_data run/metrics/metrics.png
