wandb: Starting wandb agent 🕵️
2026-01-10 19:19:23,442 - wandb.wandb_agent - INFO - Running runs: []
2026-01-10 19:19:23,785 - wandb.wandb_agent - INFO - Agent received command: run
2026-01-10 19:19:23,785 - wandb.wandb_agent - INFO - Agent starting run with config:
	affine: 0.24682627388273404
	blur: 0.9525181360230908
	brightness: 0.8868748390331266
	contrast: 1.1849167446062014
	crop: 0.8777011479901581
	crop_scale: 0.8706266043972295
	flip: 0.0926840480842871
	gaussian_blur_kernel: 5
	gaussian_noise_std: 1.3474458197228465
	grey: 0.5548570781044585
	hue: -0.0255472578352266
	jiggle: 0.6681356396414625
	rotate: 0.8939918298498758
	rotation: 14
	saturation: 1.1531203506499268
	scale: 0.808824617342445
	shear: 25
	translate_x: 0.08367676624673699
	translate_y: 0.16280703405980723
2026-01-10 19:19:23,789 - wandb.wandb_agent - INFO - About to run command: /usr/bin/env python train_data.py --affine=0.24682627388273404 --blur=0.9525181360230908 --brightness=0.8868748390331266 --contrast=1.1849167446062014 --crop=0.8777011479901581 --crop_scale=0.8706266043972295 --flip=0.0926840480842871 --gaussian_blur_kernel=5 --gaussian_noise_std=1.3474458197228465 --grey=0.5548570781044585 --hue=-0.0255472578352266 --jiggle=0.6681356396414625 --rotate=0.8939918298498758 --rotation=14 --saturation=1.1531203506499268 --scale=0.808824617342445 --shear=25 --translate_x=0.08367676624673699 --translate_y=0.16280703405980723
wandb: Currently logged in as: arnaumarcosalmansa (mcv-team-6) to https://api.wandb.ai. Use `wandb login --relogin` to force relogin
wandb: WARNING Ignoring project 'C3-Week3' when running a sweep.
wandb: WARNING Ignoring entity 'mcv-team-6' when running a sweep.
2026-01-10 19:19:28,796 - wandb.wandb_agent - INFO - Running runs: ['pwzsi66p']
wandb: Tracking run with wandb version 0.23.1
wandb: Run data is saved locally in /export/home/group06/workspace/project-team-6/Week3/wandb/run-20260110_191928-pwzsi66p
wandb: Run `wandb offline` to turn off syncing.
wandb: Syncing run Sweep run
wandb: ⭐️ View project at https://wandb.ai/mcv-team-6/C3-Week3
wandb: 🧹 View sweep at https://wandb.ai/mcv-team-6/C3-Week3/sweeps/g5vb4edr
wandb: 🚀 View run at https://wandb.ai/mcv-team-6/C3-Week3/runs/pwzsi66p
Traceback (most recent call last):
  File "/export/home/group06/workspace/project-team-6/Week3/train_data.py", line 61, in <module>
    ka.ColorJitter(brightness=cfg.brightness,
  File "/ghome/group06/miniconda3/envs/c3/lib/python3.12/site-packages/kornia/augmentation/_2d/intensity/color_jitter.py", line 105, in __init__
    self._param_generator = rg.ColorJitterGenerator(brightness, contrast, saturation, hue)
                            ^^^^^^^^^^^^^^^^^^^^^^^^^^^^^^^^^^^^^^^^^^^^^^^^^^^^^^^^^^^^^^
  File "/ghome/group06/miniconda3/envs/c3/lib/python3.12/site-packages/kornia/augmentation/random_generator/base.py", line 34, in __call__
    obj.__post_init__()
  File "/ghome/group06/miniconda3/envs/c3/lib/python3.12/site-packages/kornia/augmentation/random_generator/base.py", line 48, in __post_init__
    self.set_rng_device_and_dtype()
  File "/ghome/group06/miniconda3/envs/c3/lib/python3.12/site-packages/kornia/augmentation/random_generator/base.py", line 64, in set_rng_device_and_dtype
    self.make_samplers(device, dtype)
  File "/ghome/group06/miniconda3/envs/c3/lib/python3.12/site-packages/kornia/augmentation/random_generator/_2d/color_jitter.py", line 86, in make_samplers
    hue: Tensor = _range_bound(self.hue, "hue", bounds=(-0.5, 0.5), device=device, dtype=dtype)
                  ^^^^^^^^^^^^^^^^^^^^^^^^^^^^^^^^^^^^^^^^^^^^^^^^^^^^^^^^^^^^^^^^^^^^^^^^^^^^^
  File "/ghome/group06/miniconda3/envs/c3/lib/python3.12/site-packages/kornia/augmentation/utils/param_validation.py", line 53, in _range_bound
    raise ValueError(f"If {name} is a single number, it must be non negative. Got {factor}.")
ValueError: If hue is a single number, it must be non negative. Got -0.02554725855588913.
2026-01-10 19:19:33,950 - wandb.wandb_agent - INFO - Cleaning up finished run: pwzsi66p
wandb: Terminating and syncing runs. Press ctrl-c to kill.
