Using GPU 0: NVIDIA GeForce RTX 3090
Epoch 1/500 - Train Loss: 2.0107, Train Accuracy: 0.2400, Test Loss: 2.0329, Test Accuracy: 0.2356
Epoch 2/500 - Train Loss: 1.7695, Train Accuracy: 0.4575, Test Loss: 1.7407, Test Accuracy: 0.4213
Epoch 3/500 - Train Loss: 1.5924, Train Accuracy: 0.5700, Test Loss: 1.4640, Test Accuracy: 0.5756
Epoch 4/500 - Train Loss: 1.3964, Train Accuracy: 0.7025, Test Loss: 1.2495, Test Accuracy: 0.6997
Epoch 5/500 - Train Loss: 1.2338, Train Accuracy: 0.7675, Test Loss: 1.0694, Test Accuracy: 0.7727
Epoch 6/500 - Train Loss: 1.0828, Train Accuracy: 0.8350, Test Loss: 0.9163, Test Accuracy: 0.8326
Epoch 7/500 - Train Loss: 0.9608, Train Accuracy: 0.8500, Test Loss: 0.7987, Test Accuracy: 0.8658
Epoch 8/500 - Train Loss: 0.8907, Train Accuracy: 0.8650, Test Loss: 0.7024, Test Accuracy: 0.8925
Epoch 9/500 - Train Loss: 0.7583, Train Accuracy: 0.8875, Test Loss: 0.6389, Test Accuracy: 0.9060
Epoch 10/500 - Train Loss: 0.7097, Train Accuracy: 0.8800, Test Loss: 0.5675, Test Accuracy: 0.9200
Epoch 11/500 - Train Loss: 0.6540, Train Accuracy: 0.9075, Test Loss: 0.5228, Test Accuracy: 0.9231
Epoch 12/500 - Train Loss: 0.5947, Train Accuracy: 0.9300, Test Loss: 0.4706, Test Accuracy: 0.9323
Epoch 13/500 - Train Loss: 0.5483, Train Accuracy: 0.9100, Test Loss: 0.4375, Test Accuracy: 0.9358
Epoch 14/500 - Train Loss: 0.5247, Train Accuracy: 0.9200, Test Loss: 0.4119, Test Accuracy: 0.9397
Epoch 15/500 - Train Loss: 0.4372, Train Accuracy: 0.9525, Test Loss: 0.3951, Test Accuracy: 0.9414
Epoch 16/500 - Train Loss: 0.4351, Train Accuracy: 0.9400, Test Loss: 0.3789, Test Accuracy: 0.9436
Epoch 17/500 - Train Loss: 0.3984, Train Accuracy: 0.9475, Test Loss: 0.3594, Test Accuracy: 0.9454
Epoch 18/500 - Train Loss: 0.3663, Train Accuracy: 0.9575, Test Loss: 0.3532, Test Accuracy: 0.9471
Epoch 19/500 - Train Loss: 0.4168, Train Accuracy: 0.9300, Test Loss: 0.3432, Test Accuracy: 0.9497
Epoch 20/500 - Train Loss: 0.3507, Train Accuracy: 0.9625, Test Loss: 0.3374, Test Accuracy: 0.9510
Epoch 21/500 - Train Loss: 0.3371, Train Accuracy: 0.9650, Test Loss: 0.3261, Test Accuracy: 0.9524
Epoch 22/500 - Train Loss: 0.3357, Train Accuracy: 0.9575, Test Loss: 0.3214, Test Accuracy: 0.9519
Epoch 23/500 - Train Loss: 0.3202, Train Accuracy: 0.9650, Test Loss: 0.3223, Test Accuracy: 0.9502
Epoch 24/500 - Train Loss: 0.2947, Train Accuracy: 0.9650, Test Loss: 0.3194, Test Accuracy: 0.9510
Epoch 25/500 - Train Loss: 0.2977, Train Accuracy: 0.9700, Test Loss: 0.3151, Test Accuracy: 0.9515
Epoch 26/500 - Train Loss: 0.2778, Train Accuracy: 0.9750, Test Loss: 0.3102, Test Accuracy: 0.9532
Epoch 27/500 - Train Loss: 0.2916, Train Accuracy: 0.9725, Test Loss: 0.3016, Test Accuracy: 0.9510
Epoch 28/500 - Train Loss: 0.2560, Train Accuracy: 0.9750, Test Loss: 0.3046, Test Accuracy: 0.9515
Epoch 29/500 - Train Loss: 0.2457, Train Accuracy: 0.9825, Test Loss: 0.3053, Test Accuracy: 0.9497
Epoch 30/500 - Train Loss: 0.2533, Train Accuracy: 0.9775, Test Loss: 0.2985, Test Accuracy: 0.9519
Epoch 31/500 - Train Loss: 0.2441, Train Accuracy: 0.9825, Test Loss: 0.2978, Test Accuracy: 0.9502
Epoch 32/500 - Train Loss: 0.2410, Train Accuracy: 0.9775, Test Loss: 0.2998, Test Accuracy: 0.9480
Epoch 33/500 - Train Loss: 0.2742, Train Accuracy: 0.9650, Test Loss: 0.2972, Test Accuracy: 0.9510
Epoch 34/500 - Train Loss: 0.2338, Train Accuracy: 0.9825, Test Loss: 0.2895, Test Accuracy: 0.9550
Epoch 35/500 - Train Loss: 0.2457, Train Accuracy: 0.9750, Test Loss: 0.2877, Test Accuracy: 0.9528
Epoch 36/500 - Train Loss: 0.2394, Train Accuracy: 0.9800, Test Loss: 0.2889, Test Accuracy: 0.9519
Epoch 37/500 - Train Loss: 0.2106, Train Accuracy: 0.9900, Test Loss: 0.2848, Test Accuracy: 0.9545
Epoch 38/500 - Train Loss: 0.2302, Train Accuracy: 0.9775, Test Loss: 0.2832, Test Accuracy: 0.9541
Epoch 39/500 - Train Loss: 0.2172, Train Accuracy: 0.9800, Test Loss: 0.2822, Test Accuracy: 0.9545
Epoch 40/500 - Train Loss: 0.2129, Train Accuracy: 0.9800, Test Loss: 0.2801, Test Accuracy: 0.9541
Epoch 41/500 - Train Loss: 0.2141, Train Accuracy: 0.9850, Test Loss: 0.2802, Test Accuracy: 0.9519
Epoch 42/500 - Train Loss: 0.2162, Train Accuracy: 0.9750, Test Loss: 0.2789, Test Accuracy: 0.9545
Epoch 43/500 - Train Loss: 0.2145, Train Accuracy: 0.9825, Test Loss: 0.2827, Test Accuracy: 0.9515
Epoch 44/500 - Train Loss: 0.2146, Train Accuracy: 0.9775, Test Loss: 0.2895, Test Accuracy: 0.9497
Epoch 45/500 - Train Loss: 0.2017, Train Accuracy: 0.9875, Test Loss: 0.2823, Test Accuracy: 0.9497
Epoch 46/500 - Train Loss: 0.2081, Train Accuracy: 0.9875, Test Loss: 0.2823, Test Accuracy: 0.9515
Epoch 47/500 - Train Loss: 0.1953, Train Accuracy: 0.9875, Test Loss: 0.2830, Test Accuracy: 0.9497
Epoch 48/500 - Train Loss: 0.1997, Train Accuracy: 0.9775, Test Loss: 0.2880, Test Accuracy: 0.9471
Epoch 49/500 - Train Loss: 0.1906, Train Accuracy: 0.9900, Test Loss: 0.2856, Test Accuracy: 0.9493
Epoch 50/500 - Train Loss: 0.1880, Train Accuracy: 0.9900, Test Loss: 0.2846, Test Accuracy: 0.9480
Epoch 51/500 - Train Loss: 0.1733, Train Accuracy: 0.9975, Test Loss: 0.2868, Test Accuracy: 0.9484
Epoch 52/500 - Train Loss: 0.1870, Train Accuracy: 0.9925, Test Loss: 0.2924, Test Accuracy: 0.9462
Epoch 53/500 - Train Loss: 0.2078, Train Accuracy: 0.9800, Test Loss: 0.2900, Test Accuracy: 0.9462
Epoch 54/500 - Train Loss: 0.1976, Train Accuracy: 0.9900, Test Loss: 0.2893, Test Accuracy: 0.9458
Epoch 55/500 - Train Loss: 0.1791, Train Accuracy: 0.9875, Test Loss: 0.2964, Test Accuracy: 0.9432
Epoch 56/500 - Train Loss: 0.1949, Train Accuracy: 0.9875, Test Loss: 0.3187, Test Accuracy: 0.9349
Epoch 57/500 - Train Loss: 0.1793, Train Accuracy: 0.9900, Test Loss: 0.3416, Test Accuracy: 0.9266

Early stopping triggered at epoch 57
Best test loss: 0.2789
Best test accuracy: 0.9550
Plot saved as trained_models/Sweep_data run/metrics/loss.png
Plot saved as trained_models/Sweep_data run/metrics/metrics.png
