Using GPU 0: NVIDIA GeForce RTX 3090
Epoch 1/500 - Train Loss: 1.1851, Train Accuracy: 0.6725, Test Loss: 0.9100, Test Accuracy: 0.8453
Epoch 2/500 - Train Loss: 0.8135, Train Accuracy: 0.8775, Test Loss: 0.8442, Test Accuracy: 0.8580
Epoch 3/500 - Train Loss: 0.6771, Train Accuracy: 0.9525, Test Loss: 0.7040, Test Accuracy: 0.9244
Epoch 4/500 - Train Loss: 0.6377, Train Accuracy: 0.9625, Test Loss: 0.7074, Test Accuracy: 0.9253
Epoch 5/500 - Train Loss: 0.6276, Train Accuracy: 0.9600, Test Loss: 0.6965, Test Accuracy: 0.9305
Epoch 6/500 - Train Loss: 0.6001, Train Accuracy: 0.9775, Test Loss: 0.7086, Test Accuracy: 0.9139
Epoch 7/500 - Train Loss: 0.5735, Train Accuracy: 0.9825, Test Loss: 0.6919, Test Accuracy: 0.9209
Epoch 8/500 - Train Loss: 0.6163, Train Accuracy: 0.9650, Test Loss: 0.6777, Test Accuracy: 0.9327
Epoch 9/500 - Train Loss: 0.5857, Train Accuracy: 0.9775, Test Loss: 0.6828, Test Accuracy: 0.9283
Epoch 10/500 - Train Loss: 0.5807, Train Accuracy: 0.9800, Test Loss: 0.7312, Test Accuracy: 0.9060
Epoch 11/500 - Train Loss: 0.5710, Train Accuracy: 0.9850, Test Loss: 0.6923, Test Accuracy: 0.9266
Epoch 12/500 - Train Loss: 0.5815, Train Accuracy: 0.9875, Test Loss: 0.6966, Test Accuracy: 0.9178
Epoch 13/500 - Train Loss: 0.5625, Train Accuracy: 0.9925, Test Loss: 0.6921, Test Accuracy: 0.9222
Epoch 14/500 - Train Loss: 0.5565, Train Accuracy: 0.9925, Test Loss: 0.7118, Test Accuracy: 0.9135
Epoch 15/500 - Train Loss: 0.5647, Train Accuracy: 0.9900, Test Loss: 0.6934, Test Accuracy: 0.9183
Epoch 16/500 - Train Loss: 0.5654, Train Accuracy: 0.9850, Test Loss: 0.7116, Test Accuracy: 0.9161
Epoch 17/500 - Train Loss: 0.5682, Train Accuracy: 0.9825, Test Loss: 0.7031, Test Accuracy: 0.9200
Epoch 18/500 - Train Loss: 0.5519, Train Accuracy: 0.9975, Test Loss: 0.6963, Test Accuracy: 0.9196
Epoch 19/500 - Train Loss: 0.5437, Train Accuracy: 0.9950, Test Loss: 0.6921, Test Accuracy: 0.9170
Epoch 20/500 - Train Loss: 0.5469, Train Accuracy: 0.9950, Test Loss: 0.6861, Test Accuracy: 0.9253
Epoch 21/500 - Train Loss: 0.5403, Train Accuracy: 0.9925, Test Loss: 0.6985, Test Accuracy: 0.9187
Epoch 22/500 - Train Loss: 0.5566, Train Accuracy: 0.9925, Test Loss: 0.7862, Test Accuracy: 0.8824
Epoch 23/500 - Train Loss: 0.5644, Train Accuracy: 0.9900, Test Loss: 0.6815, Test Accuracy: 0.9292

Early stopping triggered at epoch 23
Best test loss: 0.6815
Best test accuracy: 0.9292
Plot saved as trained_models/Sweep run/metrics/loss.png
Plot saved as trained_models/Sweep run/metrics/metrics.png
