Using GPU 0: NVIDIA GeForce RTX 3090
Epoch 1/500 - Train Loss: 2.0429, Train Accuracy: 0.2025, Test Loss: 1.9942, Test Accuracy: 0.2876
Epoch 2/500 - Train Loss: 1.8436, Train Accuracy: 0.3575, Test Loss: 1.7701, Test Accuracy: 0.4082
Epoch 3/500 - Train Loss: 1.6563, Train Accuracy: 0.5475, Test Loss: 1.5251, Test Accuracy: 0.6184
Epoch 4/500 - Train Loss: 1.4651, Train Accuracy: 0.6675, Test Loss: 1.3329, Test Accuracy: 0.7150
Epoch 5/500 - Train Loss: 1.3330, Train Accuracy: 0.7200, Test Loss: 1.1362, Test Accuracy: 0.7719
Epoch 6/500 - Train Loss: 1.2184, Train Accuracy: 0.7275, Test Loss: 0.9917, Test Accuracy: 0.8282
Epoch 7/500 - Train Loss: 1.0686, Train Accuracy: 0.8125, Test Loss: 0.8841, Test Accuracy: 0.8593
Epoch 8/500 - Train Loss: 0.9932, Train Accuracy: 0.8150, Test Loss: 0.7843, Test Accuracy: 0.8820
Epoch 9/500 - Train Loss: 0.8984, Train Accuracy: 0.8550, Test Loss: 0.7091, Test Accuracy: 0.8999
Epoch 10/500 - Train Loss: 0.8223, Train Accuracy: 0.8575, Test Loss: 0.6402, Test Accuracy: 0.9091
Epoch 11/500 - Train Loss: 0.7429, Train Accuracy: 0.8600, Test Loss: 0.5892, Test Accuracy: 0.9283
Epoch 12/500 - Train Loss: 0.6779, Train Accuracy: 0.8925, Test Loss: 0.5454, Test Accuracy: 0.9375
Epoch 13/500 - Train Loss: 0.6317, Train Accuracy: 0.8850, Test Loss: 0.5019, Test Accuracy: 0.9423
Epoch 14/500 - Train Loss: 0.5963, Train Accuracy: 0.9175, Test Loss: 0.4689, Test Accuracy: 0.9414
Epoch 15/500 - Train Loss: 0.5672, Train Accuracy: 0.8975, Test Loss: 0.4331, Test Accuracy: 0.9454
Epoch 16/500 - Train Loss: 0.5259, Train Accuracy: 0.9200, Test Loss: 0.4138, Test Accuracy: 0.9476
Epoch 17/500 - Train Loss: 0.5294, Train Accuracy: 0.9100, Test Loss: 0.3906, Test Accuracy: 0.9489
Epoch 18/500 - Train Loss: 0.4879, Train Accuracy: 0.9150, Test Loss: 0.3750, Test Accuracy: 0.9519
Epoch 19/500 - Train Loss: 0.4223, Train Accuracy: 0.9450, Test Loss: 0.3736, Test Accuracy: 0.9519
Epoch 20/500 - Train Loss: 0.4100, Train Accuracy: 0.9450, Test Loss: 0.3602, Test Accuracy: 0.9510
Epoch 21/500 - Train Loss: 0.4296, Train Accuracy: 0.9200, Test Loss: 0.3526, Test Accuracy: 0.9524
Epoch 22/500 - Train Loss: 0.4111, Train Accuracy: 0.9400, Test Loss: 0.3473, Test Accuracy: 0.9497
Epoch 23/500 - Train Loss: 0.4395, Train Accuracy: 0.9150, Test Loss: 0.3425, Test Accuracy: 0.9497
Epoch 24/500 - Train Loss: 0.4125, Train Accuracy: 0.9275, Test Loss: 0.3358, Test Accuracy: 0.9524
Epoch 25/500 - Train Loss: 0.3519, Train Accuracy: 0.9550, Test Loss: 0.3275, Test Accuracy: 0.9550
Epoch 26/500 - Train Loss: 0.3845, Train Accuracy: 0.9200, Test Loss: 0.3126, Test Accuracy: 0.9594
Epoch 27/500 - Train Loss: 0.3528, Train Accuracy: 0.9300, Test Loss: 0.3075, Test Accuracy: 0.9567
Epoch 28/500 - Train Loss: 0.3444, Train Accuracy: 0.9500, Test Loss: 0.3071, Test Accuracy: 0.9554
Epoch 29/500 - Train Loss: 0.3716, Train Accuracy: 0.9275, Test Loss: 0.3099, Test Accuracy: 0.9559
Epoch 30/500 - Train Loss: 0.3332, Train Accuracy: 0.9525, Test Loss: 0.3013, Test Accuracy: 0.9580
Epoch 31/500 - Train Loss: 0.3100, Train Accuracy: 0.9550, Test Loss: 0.3052, Test Accuracy: 0.9537
Epoch 32/500 - Train Loss: 0.2994, Train Accuracy: 0.9625, Test Loss: 0.2966, Test Accuracy: 0.9567
Epoch 33/500 - Train Loss: 0.3437, Train Accuracy: 0.9400, Test Loss: 0.2969, Test Accuracy: 0.9585
Epoch 34/500 - Train Loss: 0.2945, Train Accuracy: 0.9650, Test Loss: 0.2962, Test Accuracy: 0.9541
Epoch 35/500 - Train Loss: 0.2871, Train Accuracy: 0.9650, Test Loss: 0.3001, Test Accuracy: 0.9524
Epoch 36/500 - Train Loss: 0.2881, Train Accuracy: 0.9500, Test Loss: 0.2902, Test Accuracy: 0.9563
Epoch 37/500 - Train Loss: 0.3101, Train Accuracy: 0.9525, Test Loss: 0.2843, Test Accuracy: 0.9567
Epoch 38/500 - Train Loss: 0.2891, Train Accuracy: 0.9525, Test Loss: 0.2835, Test Accuracy: 0.9580
Epoch 39/500 - Train Loss: 0.2679, Train Accuracy: 0.9650, Test Loss: 0.2895, Test Accuracy: 0.9550
Epoch 40/500 - Train Loss: 0.3051, Train Accuracy: 0.9525, Test Loss: 0.2908, Test Accuracy: 0.9519
Epoch 41/500 - Train Loss: 0.2499, Train Accuracy: 0.9700, Test Loss: 0.2942, Test Accuracy: 0.9502
Epoch 42/500 - Train Loss: 0.2495, Train Accuracy: 0.9725, Test Loss: 0.2970, Test Accuracy: 0.9524
Epoch 43/500 - Train Loss: 0.2566, Train Accuracy: 0.9675, Test Loss: 0.2840, Test Accuracy: 0.9541
Epoch 44/500 - Train Loss: 0.2884, Train Accuracy: 0.9550, Test Loss: 0.2824, Test Accuracy: 0.9550
Epoch 45/500 - Train Loss: 0.2659, Train Accuracy: 0.9550, Test Loss: 0.2847, Test Accuracy: 0.9554
Epoch 46/500 - Train Loss: 0.2395, Train Accuracy: 0.9675, Test Loss: 0.2874, Test Accuracy: 0.9567
Epoch 47/500 - Train Loss: 0.2399, Train Accuracy: 0.9700, Test Loss: 0.2854, Test Accuracy: 0.9541
Epoch 48/500 - Train Loss: 0.2527, Train Accuracy: 0.9725, Test Loss: 0.2866, Test Accuracy: 0.9510
Epoch 49/500 - Train Loss: 0.2822, Train Accuracy: 0.9575, Test Loss: 0.2835, Test Accuracy: 0.9563
Epoch 50/500 - Train Loss: 0.2239, Train Accuracy: 0.9825, Test Loss: 0.2874, Test Accuracy: 0.9554
Epoch 51/500 - Train Loss: 0.2474, Train Accuracy: 0.9675, Test Loss: 0.2857, Test Accuracy: 0.9537
Epoch 52/500 - Train Loss: 0.2523, Train Accuracy: 0.9675, Test Loss: 0.2852, Test Accuracy: 0.9559
Epoch 53/500 - Train Loss: 0.2550, Train Accuracy: 0.9600, Test Loss: 0.2869, Test Accuracy: 0.9545
Epoch 54/500 - Train Loss: 0.2513, Train Accuracy: 0.9725, Test Loss: 0.2832, Test Accuracy: 0.9515
Epoch 55/500 - Train Loss: 0.2308, Train Accuracy: 0.9700, Test Loss: 0.2837, Test Accuracy: 0.9550
Epoch 56/500 - Train Loss: 0.2289, Train Accuracy: 0.9800, Test Loss: 0.2837, Test Accuracy: 0.9563
Epoch 57/500 - Train Loss: 0.2389, Train Accuracy: 0.9700, Test Loss: 0.2857, Test Accuracy: 0.9519
Epoch 58/500 - Train Loss: 0.2362, Train Accuracy: 0.9675, Test Loss: 0.2843, Test Accuracy: 0.9519
Epoch 59/500 - Train Loss: 0.2523, Train Accuracy: 0.9675, Test Loss: 0.2784, Test Accuracy: 0.9572
Epoch 60/500 - Train Loss: 0.2242, Train Accuracy: 0.9775, Test Loss: 0.2802, Test Accuracy: 0.9545
Epoch 61/500 - Train Loss: 0.2264, Train Accuracy: 0.9775, Test Loss: 0.2813, Test Accuracy: 0.9559
Epoch 62/500 - Train Loss: 0.2296, Train Accuracy: 0.9750, Test Loss: 0.2831, Test Accuracy: 0.9563
Epoch 63/500 - Train Loss: 0.2414, Train Accuracy: 0.9725, Test Loss: 0.2826, Test Accuracy: 0.9550
Epoch 64/500 - Train Loss: 0.2343, Train Accuracy: 0.9700, Test Loss: 0.2868, Test Accuracy: 0.9528
Epoch 65/500 - Train Loss: 0.2234, Train Accuracy: 0.9850, Test Loss: 0.2843, Test Accuracy: 0.9528
Epoch 66/500 - Train Loss: 0.2276, Train Accuracy: 0.9775, Test Loss: 0.2844, Test Accuracy: 0.9515
Epoch 67/500 - Train Loss: 0.2181, Train Accuracy: 0.9800, Test Loss: 0.2837, Test Accuracy: 0.9563
Epoch 68/500 - Train Loss: 0.2156, Train Accuracy: 0.9800, Test Loss: 0.2861, Test Accuracy: 0.9532
Epoch 69/500 - Train Loss: 0.2241, Train Accuracy: 0.9775, Test Loss: 0.2865, Test Accuracy: 0.9510
Epoch 70/500 - Train Loss: 0.1961, Train Accuracy: 0.9875, Test Loss: 0.2902, Test Accuracy: 0.9506
Epoch 71/500 - Train Loss: 0.2148, Train Accuracy: 0.9750, Test Loss: 0.2863, Test Accuracy: 0.9515
Epoch 72/500 - Train Loss: 0.2057, Train Accuracy: 0.9825, Test Loss: 0.2911, Test Accuracy: 0.9489
Epoch 73/500 - Train Loss: 0.2368, Train Accuracy: 0.9675, Test Loss: 0.2981, Test Accuracy: 0.9445
Epoch 74/500 - Train Loss: 0.2204, Train Accuracy: 0.9775, Test Loss: 0.2932, Test Accuracy: 0.9484

Early stopping triggered at epoch 74
Best test loss: 0.2784
Best test accuracy: 0.9594
Plot saved as trained_models/Sweep_data run/metrics/loss.png
Plot saved as trained_models/Sweep_data run/metrics/metrics.png
