Using GPU 0: NVIDIA GeForce RTX 3090
Epoch 1/500 - Train Loss: 2.1189, Train Accuracy: 0.1400, Test Loss: 2.0297, Test Accuracy: 0.2815
Epoch 2/500 - Train Loss: 1.8975, Train Accuracy: 0.3025, Test Loss: 1.8340, Test Accuracy: 0.3488
Epoch 3/500 - Train Loss: 1.6921, Train Accuracy: 0.4775, Test Loss: 1.6611, Test Accuracy: 0.4580
Epoch 4/500 - Train Loss: 1.5496, Train Accuracy: 0.5600, Test Loss: 1.4914, Test Accuracy: 0.5612
Epoch 5/500 - Train Loss: 1.4017, Train Accuracy: 0.6400, Test Loss: 1.3436, Test Accuracy: 0.6538
Epoch 6/500 - Train Loss: 1.2599, Train Accuracy: 0.7375, Test Loss: 1.2138, Test Accuracy: 0.7163
Epoch 7/500 - Train Loss: 1.1525, Train Accuracy: 0.7550, Test Loss: 1.0931, Test Accuracy: 0.7710
Epoch 8/500 - Train Loss: 1.0392, Train Accuracy: 0.7875, Test Loss: 0.9984, Test Accuracy: 0.8173
Epoch 9/500 - Train Loss: 0.9424, Train Accuracy: 0.8150, Test Loss: 0.9046, Test Accuracy: 0.8453
Epoch 10/500 - Train Loss: 0.8762, Train Accuracy: 0.8425, Test Loss: 0.8073, Test Accuracy: 0.8641
Epoch 11/500 - Train Loss: 0.8053, Train Accuracy: 0.8325, Test Loss: 0.7405, Test Accuracy: 0.8737
Epoch 12/500 - Train Loss: 0.7377, Train Accuracy: 0.8550, Test Loss: 0.6743, Test Accuracy: 0.8899
Epoch 13/500 - Train Loss: 0.7114, Train Accuracy: 0.8600, Test Loss: 0.6329, Test Accuracy: 0.8920
Epoch 14/500 - Train Loss: 0.6274, Train Accuracy: 0.8875, Test Loss: 0.5813, Test Accuracy: 0.9069
Epoch 15/500 - Train Loss: 0.6020, Train Accuracy: 0.9100, Test Loss: 0.5401, Test Accuracy: 0.9178
Epoch 16/500 - Train Loss: 0.5796, Train Accuracy: 0.8900, Test Loss: 0.5113, Test Accuracy: 0.9126
Epoch 17/500 - Train Loss: 0.5494, Train Accuracy: 0.8925, Test Loss: 0.4801, Test Accuracy: 0.9148
Epoch 18/500 - Train Loss: 0.4823, Train Accuracy: 0.9250, Test Loss: 0.4612, Test Accuracy: 0.9213
Epoch 19/500 - Train Loss: 0.4926, Train Accuracy: 0.9075, Test Loss: 0.4442, Test Accuracy: 0.9231
Epoch 20/500 - Train Loss: 0.4961, Train Accuracy: 0.9075, Test Loss: 0.4215, Test Accuracy: 0.9314
Epoch 21/500 - Train Loss: 0.4579, Train Accuracy: 0.9225, Test Loss: 0.4093, Test Accuracy: 0.9279
Epoch 22/500 - Train Loss: 0.4251, Train Accuracy: 0.9350, Test Loss: 0.3979, Test Accuracy: 0.9309
Epoch 23/500 - Train Loss: 0.4424, Train Accuracy: 0.9100, Test Loss: 0.3835, Test Accuracy: 0.9296
Epoch 24/500 - Train Loss: 0.3998, Train Accuracy: 0.9400, Test Loss: 0.3777, Test Accuracy: 0.9305
Epoch 25/500 - Train Loss: 0.3990, Train Accuracy: 0.9300, Test Loss: 0.3633, Test Accuracy: 0.9375
Epoch 26/500 - Train Loss: 0.3907, Train Accuracy: 0.9425, Test Loss: 0.3588, Test Accuracy: 0.9340
Epoch 27/500 - Train Loss: 0.3786, Train Accuracy: 0.9400, Test Loss: 0.3559, Test Accuracy: 0.9353
Epoch 28/500 - Train Loss: 0.3997, Train Accuracy: 0.9175, Test Loss: 0.3504, Test Accuracy: 0.9366
Epoch 29/500 - Train Loss: 0.3255, Train Accuracy: 0.9500, Test Loss: 0.3680, Test Accuracy: 0.9305
Epoch 30/500 - Train Loss: 0.3256, Train Accuracy: 0.9525, Test Loss: 0.3653, Test Accuracy: 0.9305
Epoch 31/500 - Train Loss: 0.3351, Train Accuracy: 0.9425, Test Loss: 0.3548, Test Accuracy: 0.9314
Epoch 32/500 - Train Loss: 0.3501, Train Accuracy: 0.9375, Test Loss: 0.3523, Test Accuracy: 0.9331
Epoch 33/500 - Train Loss: 0.3161, Train Accuracy: 0.9550, Test Loss: 0.3445, Test Accuracy: 0.9366
Epoch 34/500 - Train Loss: 0.3542, Train Accuracy: 0.9475, Test Loss: 0.3608, Test Accuracy: 0.9305
Epoch 35/500 - Train Loss: 0.2832, Train Accuracy: 0.9625, Test Loss: 0.3621, Test Accuracy: 0.9283
Epoch 36/500 - Train Loss: 0.3035, Train Accuracy: 0.9525, Test Loss: 0.3452, Test Accuracy: 0.9358
Epoch 37/500 - Train Loss: 0.2974, Train Accuracy: 0.9600, Test Loss: 0.3414, Test Accuracy: 0.9371
Epoch 38/500 - Train Loss: 0.2853, Train Accuracy: 0.9600, Test Loss: 0.3425, Test Accuracy: 0.9349
Epoch 39/500 - Train Loss: 0.2730, Train Accuracy: 0.9675, Test Loss: 0.3469, Test Accuracy: 0.9362
Epoch 40/500 - Train Loss: 0.2603, Train Accuracy: 0.9650, Test Loss: 0.3327, Test Accuracy: 0.9397
Epoch 41/500 - Train Loss: 0.2539, Train Accuracy: 0.9725, Test Loss: 0.3289, Test Accuracy: 0.9401
Epoch 42/500 - Train Loss: 0.2586, Train Accuracy: 0.9725, Test Loss: 0.3459, Test Accuracy: 0.9323
Epoch 43/500 - Train Loss: 0.2614, Train Accuracy: 0.9650, Test Loss: 0.3379, Test Accuracy: 0.9340
Epoch 44/500 - Train Loss: 0.2893, Train Accuracy: 0.9525, Test Loss: 0.3223, Test Accuracy: 0.9414
Epoch 45/500 - Train Loss: 0.2429, Train Accuracy: 0.9725, Test Loss: 0.3223, Test Accuracy: 0.9392
Epoch 46/500 - Train Loss: 0.2457, Train Accuracy: 0.9750, Test Loss: 0.3217, Test Accuracy: 0.9371
Epoch 47/500 - Train Loss: 0.2698, Train Accuracy: 0.9700, Test Loss: 0.3193, Test Accuracy: 0.9419
Epoch 48/500 - Train Loss: 0.2546, Train Accuracy: 0.9775, Test Loss: 0.3371, Test Accuracy: 0.9296
Epoch 49/500 - Train Loss: 0.2414, Train Accuracy: 0.9775, Test Loss: 0.3370, Test Accuracy: 0.9309
Epoch 50/500 - Train Loss: 0.2475, Train Accuracy: 0.9675, Test Loss: 0.3254, Test Accuracy: 0.9375
Epoch 51/500 - Train Loss: 0.2251, Train Accuracy: 0.9900, Test Loss: 0.3368, Test Accuracy: 0.9344
Epoch 52/500 - Train Loss: 0.2216, Train Accuracy: 0.9750, Test Loss: 0.3298, Test Accuracy: 0.9358
Epoch 53/500 - Train Loss: 0.2423, Train Accuracy: 0.9725, Test Loss: 0.3237, Test Accuracy: 0.9423
Epoch 54/500 - Train Loss: 0.2289, Train Accuracy: 0.9775, Test Loss: 0.3149, Test Accuracy: 0.9423
Epoch 55/500 - Train Loss: 0.2237, Train Accuracy: 0.9800, Test Loss: 0.3283, Test Accuracy: 0.9362
Epoch 56/500 - Train Loss: 0.2341, Train Accuracy: 0.9775, Test Loss: 0.3297, Test Accuracy: 0.9349
Epoch 57/500 - Train Loss: 0.2192, Train Accuracy: 0.9750, Test Loss: 0.3319, Test Accuracy: 0.9305
Epoch 58/500 - Train Loss: 0.2320, Train Accuracy: 0.9750, Test Loss: 0.3273, Test Accuracy: 0.9362
Epoch 59/500 - Train Loss: 0.2301, Train Accuracy: 0.9725, Test Loss: 0.3238, Test Accuracy: 0.9379
Epoch 60/500 - Train Loss: 0.2106, Train Accuracy: 0.9825, Test Loss: 0.3379, Test Accuracy: 0.9288
Epoch 61/500 - Train Loss: 0.1912, Train Accuracy: 0.9900, Test Loss: 0.3206, Test Accuracy: 0.9366
Epoch 62/500 - Train Loss: 0.2080, Train Accuracy: 0.9750, Test Loss: 0.3416, Test Accuracy: 0.9257
Epoch 63/500 - Train Loss: 0.2183, Train Accuracy: 0.9800, Test Loss: 0.3396, Test Accuracy: 0.9301
Epoch 64/500 - Train Loss: 0.2157, Train Accuracy: 0.9850, Test Loss: 0.3312, Test Accuracy: 0.9318
Epoch 65/500 - Train Loss: 0.2084, Train Accuracy: 0.9900, Test Loss: 0.3274, Test Accuracy: 0.9353
Epoch 66/500 - Train Loss: 0.2029, Train Accuracy: 0.9875, Test Loss: 0.3250, Test Accuracy: 0.9371
Epoch 67/500 - Train Loss: 0.1967, Train Accuracy: 0.9875, Test Loss: 0.3279, Test Accuracy: 0.9371
Epoch 68/500 - Train Loss: 0.2070, Train Accuracy: 0.9900, Test Loss: 0.3504, Test Accuracy: 0.9261
Epoch 69/500 - Train Loss: 0.2056, Train Accuracy: 0.9800, Test Loss: 0.3376, Test Accuracy: 0.9314

Early stopping triggered at epoch 69
Best test loss: 0.3149
Best test accuracy: 0.9423
Plot saved as trained_models/Sweep_data run/metrics/loss.png
Plot saved as trained_models/Sweep_data run/metrics/metrics.png
