wandb: Starting wandb agent 🕵️
2026-01-10 19:19:15,933 - wandb.wandb_agent - INFO - Running runs: []
2026-01-10 19:19:16,248 - wandb.wandb_agent - INFO - Agent received command: run
2026-01-10 19:19:16,249 - wandb.wandb_agent - INFO - Agent starting run with config:
	affine: 0.0038974504933237952
	blur: 0.2748043330989468
	brightness: 1.1191941809857608
	contrast: 1.0862133109304044
	crop: 0.7531030433769588
	crop_scale: 0.9904129405051691
	flip: 0.8088155697380802
	gaussian_blur_kernel: 3
	gaussian_noise_std: 2.3800100347471833
	grey: 0.021330608059083375
	hue: -0.03452621760992172
	jiggle: 0.4277479564888722
	rotate: 0.7332370705501604
	rotation: 7
	saturation: 0.9413172239509596
	scale: 0.9912885200429769
	shear: 11
	translate_x: 0.2659231368236958
	translate_y: 0.2680933138276964
2026-01-10 19:19:16,252 - wandb.wandb_agent - INFO - About to run command: /usr/bin/env python train_data.py --affine=0.0038974504933237952 --blur=0.2748043330989468 --brightness=1.1191941809857608 --contrast=1.0862133109304044 --crop=0.7531030433769588 --crop_scale=0.9904129405051691 --flip=0.8088155697380802 --gaussian_blur_kernel=3 --gaussian_noise_std=2.3800100347471833 --grey=0.021330608059083375 --hue=-0.03452621760992172 --jiggle=0.4277479564888722 --rotate=0.7332370705501604 --rotation=7 --saturation=0.9413172239509596 --scale=0.9912885200429769 --shear=11 --translate_x=0.2659231368236958 --translate_y=0.2680933138276964
wandb: Currently logged in as: arnaumarcosalmansa (mcv-team-6) to https://api.wandb.ai. Use `wandb login --relogin` to force relogin
wandb: WARNING Ignoring project 'C3-Week3' when running a sweep.
wandb: WARNING Ignoring entity 'mcv-team-6' when running a sweep.
2026-01-10 19:19:21,259 - wandb.wandb_agent - INFO - Running runs: ['cghf4n0s']
wandb: setting up run cghf4n0s
wandb: Tracking run with wandb version 0.23.1
wandb: Run data is saved locally in /export/home/group06/workspace/project-team-6/Week3/wandb/run-20260110_191920-cghf4n0s
wandb: Run `wandb offline` to turn off syncing.
wandb: Syncing run Sweep run
wandb: ⭐️ View project at https://wandb.ai/mcv-team-6/C3-Week3
wandb: 🧹 View sweep at https://wandb.ai/mcv-team-6/C3-Week3/sweeps/g5vb4edr
wandb: 🚀 View run at https://wandb.ai/mcv-team-6/C3-Week3/runs/cghf4n0s
Traceback (most recent call last):
  File "/export/home/group06/workspace/project-team-6/Week3/train_data.py", line 61, in <module>
    ka.ColorJitter(brightness=cfg.brightness,
  File "/ghome/group06/miniconda3/envs/c3/lib/python3.12/site-packages/kornia/augmentation/_2d/intensity/color_jitter.py", line 105, in __init__
    self._param_generator = rg.ColorJitterGenerator(brightness, contrast, saturation, hue)
                            ^^^^^^^^^^^^^^^^^^^^^^^^^^^^^^^^^^^^^^^^^^^^^^^^^^^^^^^^^^^^^^
  File "/ghome/group06/miniconda3/envs/c3/lib/python3.12/site-packages/kornia/augmentation/random_generator/base.py", line 34, in __call__
    obj.__post_init__()
  File "/ghome/group06/miniconda3/envs/c3/lib/python3.12/site-packages/kornia/augmentation/random_generator/base.py", line 48, in __post_init__
    self.set_rng_device_and_dtype()
  File "/ghome/group06/miniconda3/envs/c3/lib/python3.12/site-packages/kornia/augmentation/random_generator/base.py", line 64, in set_rng_device_and_dtype
    self.make_samplers(device, dtype)
  File "/ghome/group06/miniconda3/envs/c3/lib/python3.12/site-packages/kornia/augmentation/random_generator/_2d/color_jitter.py", line 86, in make_samplers
    hue: Tensor = _range_bound(self.hue, "hue", bounds=(-0.5, 0.5), device=device, dtype=dtype)
                  ^^^^^^^^^^^^^^^^^^^^^^^^^^^^^^^^^^^^^^^^^^^^^^^^^^^^^^^^^^^^^^^^^^^^^^^^^^^^^
  File "/ghome/group06/miniconda3/envs/c3/lib/python3.12/site-packages/kornia/augmentation/utils/param_validation.py", line 53, in _range_bound
    raise ValueError(f"If {name} is a single number, it must be non negative. Got {factor}.")
ValueError: If hue is a single number, it must be non negative. Got -0.034526217728853226.
2026-01-10 19:19:26,402 - wandb.wandb_agent - INFO - Cleaning up finished run: cghf4n0s
wandb: Terminating and syncing runs. Press ctrl-c to kill.
