Using GPU 0: NVIDIA GeForce RTX 3090
Epoch 1/500 - Train Loss: 2.0126, Train Accuracy: 0.2400, Test Loss: 2.0241, Test Accuracy: 0.2006
Epoch 2/500 - Train Loss: 1.7555, Train Accuracy: 0.4750, Test Loss: 1.7446, Test Accuracy: 0.4633
Epoch 3/500 - Train Loss: 1.5639, Train Accuracy: 0.5700, Test Loss: 1.5095, Test Accuracy: 0.6451
Epoch 4/500 - Train Loss: 1.3475, Train Accuracy: 0.7350, Test Loss: 1.3124, Test Accuracy: 0.7793
Epoch 5/500 - Train Loss: 1.1912, Train Accuracy: 0.7950, Test Loss: 1.1607, Test Accuracy: 0.8287
Epoch 6/500 - Train Loss: 1.0382, Train Accuracy: 0.8425, Test Loss: 1.0369, Test Accuracy: 0.8615
Epoch 7/500 - Train Loss: 0.9207, Train Accuracy: 0.8550, Test Loss: 0.9105, Test Accuracy: 0.8794
Epoch 8/500 - Train Loss: 0.8460, Train Accuracy: 0.8925, Test Loss: 0.8187, Test Accuracy: 0.8947
Epoch 9/500 - Train Loss: 0.7866, Train Accuracy: 0.8500, Test Loss: 0.7346, Test Accuracy: 0.9030
Epoch 10/500 - Train Loss: 0.7026, Train Accuracy: 0.8875, Test Loss: 0.6631, Test Accuracy: 0.9104
Epoch 11/500 - Train Loss: 0.6053, Train Accuracy: 0.8975, Test Loss: 0.6145, Test Accuracy: 0.9135
Epoch 12/500 - Train Loss: 0.5546, Train Accuracy: 0.9200, Test Loss: 0.5616, Test Accuracy: 0.9170
Epoch 13/500 - Train Loss: 0.5217, Train Accuracy: 0.9275, Test Loss: 0.5188, Test Accuracy: 0.9226
Epoch 14/500 - Train Loss: 0.4926, Train Accuracy: 0.9250, Test Loss: 0.4804, Test Accuracy: 0.9279
Epoch 15/500 - Train Loss: 0.4460, Train Accuracy: 0.9350, Test Loss: 0.4526, Test Accuracy: 0.9279
Epoch 16/500 - Train Loss: 0.4171, Train Accuracy: 0.9450, Test Loss: 0.4254, Test Accuracy: 0.9261
Epoch 17/500 - Train Loss: 0.4143, Train Accuracy: 0.9400, Test Loss: 0.4047, Test Accuracy: 0.9288
Epoch 18/500 - Train Loss: 0.3995, Train Accuracy: 0.9450, Test Loss: 0.4011, Test Accuracy: 0.9257
Epoch 19/500 - Train Loss: 0.3850, Train Accuracy: 0.9475, Test Loss: 0.3921, Test Accuracy: 0.9226
Epoch 20/500 - Train Loss: 0.3529, Train Accuracy: 0.9475, Test Loss: 0.3802, Test Accuracy: 0.9301
Epoch 21/500 - Train Loss: 0.3057, Train Accuracy: 0.9675, Test Loss: 0.3664, Test Accuracy: 0.9314
Epoch 22/500 - Train Loss: 0.3347, Train Accuracy: 0.9425, Test Loss: 0.3526, Test Accuracy: 0.9419
Epoch 23/500 - Train Loss: 0.2949, Train Accuracy: 0.9625, Test Loss: 0.3509, Test Accuracy: 0.9358
Epoch 24/500 - Train Loss: 0.2848, Train Accuracy: 0.9625, Test Loss: 0.3501, Test Accuracy: 0.9392
Epoch 25/500 - Train Loss: 0.3169, Train Accuracy: 0.9475, Test Loss: 0.3479, Test Accuracy: 0.9349
Epoch 26/500 - Train Loss: 0.3071, Train Accuracy: 0.9400, Test Loss: 0.3362, Test Accuracy: 0.9406
Epoch 27/500 - Train Loss: 0.2698, Train Accuracy: 0.9750, Test Loss: 0.3453, Test Accuracy: 0.9353
Epoch 28/500 - Train Loss: 0.2702, Train Accuracy: 0.9725, Test Loss: 0.3409, Test Accuracy: 0.9388
Epoch 29/500 - Train Loss: 0.2518, Train Accuracy: 0.9800, Test Loss: 0.3227, Test Accuracy: 0.9414
Epoch 30/500 - Train Loss: 0.2352, Train Accuracy: 0.9750, Test Loss: 0.3199, Test Accuracy: 0.9432
Epoch 31/500 - Train Loss: 0.2595, Train Accuracy: 0.9700, Test Loss: 0.3315, Test Accuracy: 0.9392
Epoch 32/500 - Train Loss: 0.2299, Train Accuracy: 0.9900, Test Loss: 0.3360, Test Accuracy: 0.9349
Epoch 33/500 - Train Loss: 0.2422, Train Accuracy: 0.9800, Test Loss: 0.3417, Test Accuracy: 0.9353
Epoch 34/500 - Train Loss: 0.2191, Train Accuracy: 0.9850, Test Loss: 0.3410, Test Accuracy: 0.9340
Epoch 35/500 - Train Loss: 0.2202, Train Accuracy: 0.9875, Test Loss: 0.3241, Test Accuracy: 0.9414
Epoch 36/500 - Train Loss: 0.2522, Train Accuracy: 0.9725, Test Loss: 0.3310, Test Accuracy: 0.9323
Epoch 37/500 - Train Loss: 0.2232, Train Accuracy: 0.9775, Test Loss: 0.3113, Test Accuracy: 0.9384
Epoch 38/500 - Train Loss: 0.2461, Train Accuracy: 0.9775, Test Loss: 0.2982, Test Accuracy: 0.9489
Epoch 39/500 - Train Loss: 0.2241, Train Accuracy: 0.9875, Test Loss: 0.3082, Test Accuracy: 0.9379
Epoch 40/500 - Train Loss: 0.2100, Train Accuracy: 0.9875, Test Loss: 0.3186, Test Accuracy: 0.9331
Epoch 41/500 - Train Loss: 0.2122, Train Accuracy: 0.9825, Test Loss: 0.3192, Test Accuracy: 0.9353
Epoch 42/500 - Train Loss: 0.2138, Train Accuracy: 0.9775, Test Loss: 0.3253, Test Accuracy: 0.9340
Epoch 43/500 - Train Loss: 0.2046, Train Accuracy: 0.9950, Test Loss: 0.3274, Test Accuracy: 0.9340
Epoch 44/500 - Train Loss: 0.2114, Train Accuracy: 0.9825, Test Loss: 0.3087, Test Accuracy: 0.9427
Epoch 45/500 - Train Loss: 0.1901, Train Accuracy: 0.9950, Test Loss: 0.3023, Test Accuracy: 0.9414
Epoch 46/500 - Train Loss: 0.1895, Train Accuracy: 0.9925, Test Loss: 0.3127, Test Accuracy: 0.9371
Epoch 47/500 - Train Loss: 0.2106, Train Accuracy: 0.9825, Test Loss: 0.3025, Test Accuracy: 0.9436
Epoch 48/500 - Train Loss: 0.1894, Train Accuracy: 0.9925, Test Loss: 0.3057, Test Accuracy: 0.9406
Epoch 49/500 - Train Loss: 0.2120, Train Accuracy: 0.9825, Test Loss: 0.3080, Test Accuracy: 0.9410
Epoch 50/500 - Train Loss: 0.2016, Train Accuracy: 0.9825, Test Loss: 0.3011, Test Accuracy: 0.9427
Epoch 51/500 - Train Loss: 0.1780, Train Accuracy: 0.9950, Test Loss: 0.3127, Test Accuracy: 0.9388
Epoch 52/500 - Train Loss: 0.1912, Train Accuracy: 0.9850, Test Loss: 0.3056, Test Accuracy: 0.9392
Epoch 53/500 - Train Loss: 0.1906, Train Accuracy: 0.9900, Test Loss: 0.3167, Test Accuracy: 0.9362

Early stopping triggered at epoch 53
Best test loss: 0.2982
Best test accuracy: 0.9489
Plot saved as trained_models/Sweep_data run/metrics/loss.png
Plot saved as trained_models/Sweep_data run/metrics/metrics.png
