Using GPU 0: NVIDIA GeForce RTX 3090
Epoch 1/500 - Train Loss: 2.0484, Train Accuracy: 0.1750, Test Loss: 1.9805, Test Accuracy: 0.2177
Epoch 2/500 - Train Loss: 1.8176, Train Accuracy: 0.3975, Test Loss: 1.7828, Test Accuracy: 0.4034
Epoch 3/500 - Train Loss: 1.6495, Train Accuracy: 0.5125, Test Loss: 1.5842, Test Accuracy: 0.5520
Epoch 4/500 - Train Loss: 1.5221, Train Accuracy: 0.6450, Test Loss: 1.4028, Test Accuracy: 0.6788
Epoch 5/500 - Train Loss: 1.3941, Train Accuracy: 0.7025, Test Loss: 1.2708, Test Accuracy: 0.7365
Epoch 6/500 - Train Loss: 1.2594, Train Accuracy: 0.7775, Test Loss: 1.1626, Test Accuracy: 0.7771
Epoch 7/500 - Train Loss: 1.1747, Train Accuracy: 0.8100, Test Loss: 1.0690, Test Accuracy: 0.8073
Epoch 8/500 - Train Loss: 1.1071, Train Accuracy: 0.8200, Test Loss: 0.9898, Test Accuracy: 0.8396
Epoch 9/500 - Train Loss: 1.0115, Train Accuracy: 0.8475, Test Loss: 0.9173, Test Accuracy: 0.8632
Epoch 10/500 - Train Loss: 0.9560, Train Accuracy: 0.8650, Test Loss: 0.8535, Test Accuracy: 0.8885
Epoch 11/500 - Train Loss: 0.8928, Train Accuracy: 0.8525, Test Loss: 0.7987, Test Accuracy: 0.8973
Epoch 12/500 - Train Loss: 0.8827, Train Accuracy: 0.8450, Test Loss: 0.7495, Test Accuracy: 0.9069
Epoch 13/500 - Train Loss: 0.8408, Train Accuracy: 0.8500, Test Loss: 0.7139, Test Accuracy: 0.9113
Epoch 14/500 - Train Loss: 0.7784, Train Accuracy: 0.8900, Test Loss: 0.6797, Test Accuracy: 0.9170
Epoch 15/500 - Train Loss: 0.7613, Train Accuracy: 0.8875, Test Loss: 0.6537, Test Accuracy: 0.9205
Epoch 16/500 - Train Loss: 0.7439, Train Accuracy: 0.8750, Test Loss: 0.6275, Test Accuracy: 0.9222
Epoch 17/500 - Train Loss: 0.7118, Train Accuracy: 0.9025, Test Loss: 0.6085, Test Accuracy: 0.9240
Epoch 18/500 - Train Loss: 0.6920, Train Accuracy: 0.8900, Test Loss: 0.5969, Test Accuracy: 0.9266
Epoch 19/500 - Train Loss: 0.6669, Train Accuracy: 0.9150, Test Loss: 0.5827, Test Accuracy: 0.9231
Epoch 20/500 - Train Loss: 0.6723, Train Accuracy: 0.9025, Test Loss: 0.5695, Test Accuracy: 0.9305
Epoch 21/500 - Train Loss: 0.6165, Train Accuracy: 0.9325, Test Loss: 0.5584, Test Accuracy: 0.9309
Epoch 22/500 - Train Loss: 0.6160, Train Accuracy: 0.9175, Test Loss: 0.5501, Test Accuracy: 0.9318
Epoch 23/500 - Train Loss: 0.5946, Train Accuracy: 0.9250, Test Loss: 0.5366, Test Accuracy: 0.9331
Epoch 24/500 - Train Loss: 0.5815, Train Accuracy: 0.9125, Test Loss: 0.5295, Test Accuracy: 0.9349
Epoch 25/500 - Train Loss: 0.5899, Train Accuracy: 0.9125, Test Loss: 0.5225, Test Accuracy: 0.9331
Epoch 26/500 - Train Loss: 0.5603, Train Accuracy: 0.9400, Test Loss: 0.5215, Test Accuracy: 0.9358
Epoch 27/500 - Train Loss: 0.5404, Train Accuracy: 0.9350, Test Loss: 0.5133, Test Accuracy: 0.9353
Epoch 28/500 - Train Loss: 0.5267, Train Accuracy: 0.9450, Test Loss: 0.5116, Test Accuracy: 0.9358
Epoch 29/500 - Train Loss: 0.5066, Train Accuracy: 0.9525, Test Loss: 0.5082, Test Accuracy: 0.9358
Epoch 30/500 - Train Loss: 0.5175, Train Accuracy: 0.9425, Test Loss: 0.5050, Test Accuracy: 0.9340
Epoch 31/500 - Train Loss: 0.5465, Train Accuracy: 0.9350, Test Loss: 0.5050, Test Accuracy: 0.9327
Epoch 32/500 - Train Loss: 0.5130, Train Accuracy: 0.9375, Test Loss: 0.4948, Test Accuracy: 0.9392
Epoch 33/500 - Train Loss: 0.5033, Train Accuracy: 0.9475, Test Loss: 0.4906, Test Accuracy: 0.9397
Epoch 34/500 - Train Loss: 0.4772, Train Accuracy: 0.9525, Test Loss: 0.4888, Test Accuracy: 0.9401
Epoch 35/500 - Train Loss: 0.4955, Train Accuracy: 0.9425, Test Loss: 0.4898, Test Accuracy: 0.9406
Epoch 36/500 - Train Loss: 0.5007, Train Accuracy: 0.9350, Test Loss: 0.4792, Test Accuracy: 0.9454
Epoch 37/500 - Train Loss: 0.4754, Train Accuracy: 0.9550, Test Loss: 0.4871, Test Accuracy: 0.9362
Epoch 38/500 - Train Loss: 0.4687, Train Accuracy: 0.9600, Test Loss: 0.4858, Test Accuracy: 0.9401
Epoch 39/500 - Train Loss: 0.5024, Train Accuracy: 0.9400, Test Loss: 0.4904, Test Accuracy: 0.9392
Epoch 40/500 - Train Loss: 0.4704, Train Accuracy: 0.9525, Test Loss: 0.4832, Test Accuracy: 0.9427
Epoch 41/500 - Train Loss: 0.4617, Train Accuracy: 0.9650, Test Loss: 0.4822, Test Accuracy: 0.9414
Epoch 42/500 - Train Loss: 0.4819, Train Accuracy: 0.9475, Test Loss: 0.4861, Test Accuracy: 0.9379
Epoch 43/500 - Train Loss: 0.4709, Train Accuracy: 0.9500, Test Loss: 0.4790, Test Accuracy: 0.9401
Epoch 44/500 - Train Loss: 0.4567, Train Accuracy: 0.9650, Test Loss: 0.4803, Test Accuracy: 0.9401
Epoch 45/500 - Train Loss: 0.4336, Train Accuracy: 0.9750, Test Loss: 0.4824, Test Accuracy: 0.9401
Epoch 46/500 - Train Loss: 0.4411, Train Accuracy: 0.9625, Test Loss: 0.4785, Test Accuracy: 0.9384
Epoch 47/500 - Train Loss: 0.4649, Train Accuracy: 0.9625, Test Loss: 0.4729, Test Accuracy: 0.9454
Epoch 48/500 - Train Loss: 0.4415, Train Accuracy: 0.9575, Test Loss: 0.4726, Test Accuracy: 0.9432
Epoch 49/500 - Train Loss: 0.4421, Train Accuracy: 0.9675, Test Loss: 0.4737, Test Accuracy: 0.9458
Epoch 50/500 - Train Loss: 0.4240, Train Accuracy: 0.9650, Test Loss: 0.4727, Test Accuracy: 0.9441
Epoch 51/500 - Train Loss: 0.4287, Train Accuracy: 0.9775, Test Loss: 0.4809, Test Accuracy: 0.9379
Epoch 52/500 - Train Loss: 0.4227, Train Accuracy: 0.9700, Test Loss: 0.4743, Test Accuracy: 0.9397
Epoch 53/500 - Train Loss: 0.4366, Train Accuracy: 0.9650, Test Loss: 0.4775, Test Accuracy: 0.9371
Epoch 54/500 - Train Loss: 0.4234, Train Accuracy: 0.9625, Test Loss: 0.4707, Test Accuracy: 0.9432
Epoch 55/500 - Train Loss: 0.3989, Train Accuracy: 0.9725, Test Loss: 0.4703, Test Accuracy: 0.9419
Epoch 56/500 - Train Loss: 0.4262, Train Accuracy: 0.9650, Test Loss: 0.4743, Test Accuracy: 0.9401
Epoch 57/500 - Train Loss: 0.4125, Train Accuracy: 0.9775, Test Loss: 0.4725, Test Accuracy: 0.9410
Epoch 58/500 - Train Loss: 0.4336, Train Accuracy: 0.9600, Test Loss: 0.4702, Test Accuracy: 0.9419
Epoch 59/500 - Train Loss: 0.4248, Train Accuracy: 0.9600, Test Loss: 0.4707, Test Accuracy: 0.9392
Epoch 60/500 - Train Loss: 0.3960, Train Accuracy: 0.9750, Test Loss: 0.4711, Test Accuracy: 0.9406
Epoch 61/500 - Train Loss: 0.4014, Train Accuracy: 0.9775, Test Loss: 0.4683, Test Accuracy: 0.9427
Epoch 62/500 - Train Loss: 0.3976, Train Accuracy: 0.9825, Test Loss: 0.4711, Test Accuracy: 0.9414
Epoch 63/500 - Train Loss: 0.4117, Train Accuracy: 0.9750, Test Loss: 0.4764, Test Accuracy: 0.9392
Epoch 64/500 - Train Loss: 0.4058, Train Accuracy: 0.9725, Test Loss: 0.4789, Test Accuracy: 0.9384
Epoch 65/500 - Train Loss: 0.4142, Train Accuracy: 0.9650, Test Loss: 0.4751, Test Accuracy: 0.9401
Epoch 66/500 - Train Loss: 0.4117, Train Accuracy: 0.9650, Test Loss: 0.4750, Test Accuracy: 0.9410
Epoch 67/500 - Train Loss: 0.4122, Train Accuracy: 0.9700, Test Loss: 0.4705, Test Accuracy: 0.9419
Epoch 68/500 - Train Loss: 0.3885, Train Accuracy: 0.9800, Test Loss: 0.4696, Test Accuracy: 0.9427
Epoch 69/500 - Train Loss: 0.3825, Train Accuracy: 0.9850, Test Loss: 0.4799, Test Accuracy: 0.9366
Epoch 70/500 - Train Loss: 0.4098, Train Accuracy: 0.9750, Test Loss: 0.4766, Test Accuracy: 0.9406
Epoch 71/500 - Train Loss: 0.3637, Train Accuracy: 0.9925, Test Loss: 0.4748, Test Accuracy: 0.9423
Epoch 72/500 - Train Loss: 0.4154, Train Accuracy: 0.9675, Test Loss: 0.4687, Test Accuracy: 0.9449
Epoch 73/500 - Train Loss: 0.3830, Train Accuracy: 0.9850, Test Loss: 0.4722, Test Accuracy: 0.9427
Epoch 74/500 - Train Loss: 0.3839, Train Accuracy: 0.9825, Test Loss: 0.4709, Test Accuracy: 0.9427
Epoch 75/500 - Train Loss: 0.3906, Train Accuracy: 0.9750, Test Loss: 0.4741, Test Accuracy: 0.9410
Epoch 76/500 - Train Loss: 0.4197, Train Accuracy: 0.9625, Test Loss: 0.4780, Test Accuracy: 0.9371

Early stopping triggered at epoch 76
Best test loss: 0.4683
Best test accuracy: 0.9458
Plot saved as trained_models/Sweep_data run/metrics/loss.png
Plot saved as trained_models/Sweep_data run/metrics/metrics.png
