Using GPU 0: NVIDIA GeForce RTX 3090
Epoch 1/500 - Train Loss: 2.1259, Train Accuracy: 0.1450, Test Loss: 2.0316, Test Accuracy: 0.1460
Epoch 2/500 - Train Loss: 1.8936, Train Accuracy: 0.2575, Test Loss: 1.8191, Test Accuracy: 0.3151
Epoch 3/500 - Train Loss: 1.7075, Train Accuracy: 0.4375, Test Loss: 1.6208, Test Accuracy: 0.5538
Epoch 4/500 - Train Loss: 1.5419, Train Accuracy: 0.5850, Test Loss: 1.4276, Test Accuracy: 0.6761
Epoch 5/500 - Train Loss: 1.3794, Train Accuracy: 0.6950, Test Loss: 1.2356, Test Accuracy: 0.7784
Epoch 6/500 - Train Loss: 1.3014, Train Accuracy: 0.7225, Test Loss: 1.0818, Test Accuracy: 0.8260
Epoch 7/500 - Train Loss: 1.1341, Train Accuracy: 0.7800, Test Loss: 0.9511, Test Accuracy: 0.8457
Epoch 8/500 - Train Loss: 0.9974, Train Accuracy: 0.8125, Test Loss: 0.8245, Test Accuracy: 0.8693
Epoch 9/500 - Train Loss: 0.9377, Train Accuracy: 0.8475, Test Loss: 0.7384, Test Accuracy: 0.8881
Epoch 10/500 - Train Loss: 0.8574, Train Accuracy: 0.8400, Test Loss: 0.6796, Test Accuracy: 0.8934
Epoch 11/500 - Train Loss: 0.7702, Train Accuracy: 0.8600, Test Loss: 0.6064, Test Accuracy: 0.9078
Epoch 12/500 - Train Loss: 0.7161, Train Accuracy: 0.8650, Test Loss: 0.5480, Test Accuracy: 0.9170
Epoch 13/500 - Train Loss: 0.6892, Train Accuracy: 0.8650, Test Loss: 0.5136, Test Accuracy: 0.9187
Epoch 14/500 - Train Loss: 0.6216, Train Accuracy: 0.8875, Test Loss: 0.4765, Test Accuracy: 0.9209
Epoch 15/500 - Train Loss: 0.6043, Train Accuracy: 0.8850, Test Loss: 0.4451, Test Accuracy: 0.9279
Epoch 16/500 - Train Loss: 0.5607, Train Accuracy: 0.9025, Test Loss: 0.4291, Test Accuracy: 0.9344
Epoch 17/500 - Train Loss: 0.5487, Train Accuracy: 0.9025, Test Loss: 0.4111, Test Accuracy: 0.9318
Epoch 18/500 - Train Loss: 0.4764, Train Accuracy: 0.9300, Test Loss: 0.4072, Test Accuracy: 0.9349
Epoch 19/500 - Train Loss: 0.5053, Train Accuracy: 0.9125, Test Loss: 0.3875, Test Accuracy: 0.9362
Epoch 20/500 - Train Loss: 0.4601, Train Accuracy: 0.9200, Test Loss: 0.3736, Test Accuracy: 0.9397
Epoch 21/500 - Train Loss: 0.4404, Train Accuracy: 0.9325, Test Loss: 0.3705, Test Accuracy: 0.9392
Epoch 22/500 - Train Loss: 0.4178, Train Accuracy: 0.9300, Test Loss: 0.3510, Test Accuracy: 0.9436
Epoch 23/500 - Train Loss: 0.4153, Train Accuracy: 0.9325, Test Loss: 0.3471, Test Accuracy: 0.9414
Epoch 24/500 - Train Loss: 0.4178, Train Accuracy: 0.9350, Test Loss: 0.3387, Test Accuracy: 0.9432
Epoch 25/500 - Train Loss: 0.3880, Train Accuracy: 0.9450, Test Loss: 0.3399, Test Accuracy: 0.9401
Epoch 26/500 - Train Loss: 0.3656, Train Accuracy: 0.9475, Test Loss: 0.3386, Test Accuracy: 0.9406
Epoch 27/500 - Train Loss: 0.3546, Train Accuracy: 0.9575, Test Loss: 0.3357, Test Accuracy: 0.9388
Epoch 28/500 - Train Loss: 0.3476, Train Accuracy: 0.9400, Test Loss: 0.3261, Test Accuracy: 0.9419
Epoch 29/500 - Train Loss: 0.3820, Train Accuracy: 0.9275, Test Loss: 0.3171, Test Accuracy: 0.9423
Epoch 30/500 - Train Loss: 0.3214, Train Accuracy: 0.9600, Test Loss: 0.3351, Test Accuracy: 0.9344
Epoch 31/500 - Train Loss: 0.3577, Train Accuracy: 0.9325, Test Loss: 0.3246, Test Accuracy: 0.9384
Epoch 32/500 - Train Loss: 0.3358, Train Accuracy: 0.9350, Test Loss: 0.3185, Test Accuracy: 0.9401
Epoch 33/500 - Train Loss: 0.3200, Train Accuracy: 0.9550, Test Loss: 0.3309, Test Accuracy: 0.9379
Epoch 34/500 - Train Loss: 0.3025, Train Accuracy: 0.9600, Test Loss: 0.3263, Test Accuracy: 0.9388
Epoch 35/500 - Train Loss: 0.3436, Train Accuracy: 0.9425, Test Loss: 0.3230, Test Accuracy: 0.9384
Epoch 36/500 - Train Loss: 0.3103, Train Accuracy: 0.9550, Test Loss: 0.3164, Test Accuracy: 0.9384
Epoch 37/500 - Train Loss: 0.2834, Train Accuracy: 0.9650, Test Loss: 0.3229, Test Accuracy: 0.9406
Epoch 38/500 - Train Loss: 0.2762, Train Accuracy: 0.9575, Test Loss: 0.3147, Test Accuracy: 0.9406
Epoch 39/500 - Train Loss: 0.2767, Train Accuracy: 0.9650, Test Loss: 0.3147, Test Accuracy: 0.9397
Epoch 40/500 - Train Loss: 0.2988, Train Accuracy: 0.9575, Test Loss: 0.3072, Test Accuracy: 0.9414
Epoch 41/500 - Train Loss: 0.2683, Train Accuracy: 0.9675, Test Loss: 0.3158, Test Accuracy: 0.9419
Epoch 42/500 - Train Loss: 0.2694, Train Accuracy: 0.9650, Test Loss: 0.3125, Test Accuracy: 0.9427
Epoch 43/500 - Train Loss: 0.2523, Train Accuracy: 0.9675, Test Loss: 0.3115, Test Accuracy: 0.9392
Epoch 44/500 - Train Loss: 0.2566, Train Accuracy: 0.9725, Test Loss: 0.3088, Test Accuracy: 0.9401
Epoch 45/500 - Train Loss: 0.2448, Train Accuracy: 0.9725, Test Loss: 0.3105, Test Accuracy: 0.9406
Epoch 46/500 - Train Loss: 0.2552, Train Accuracy: 0.9650, Test Loss: 0.3068, Test Accuracy: 0.9427
Epoch 47/500 - Train Loss: 0.2569, Train Accuracy: 0.9650, Test Loss: 0.2992, Test Accuracy: 0.9471
Epoch 48/500 - Train Loss: 0.2449, Train Accuracy: 0.9775, Test Loss: 0.2966, Test Accuracy: 0.9497
Epoch 49/500 - Train Loss: 0.2317, Train Accuracy: 0.9800, Test Loss: 0.2962, Test Accuracy: 0.9484
Epoch 50/500 - Train Loss: 0.2163, Train Accuracy: 0.9725, Test Loss: 0.2940, Test Accuracy: 0.9484
Epoch 51/500 - Train Loss: 0.2431, Train Accuracy: 0.9725, Test Loss: 0.2982, Test Accuracy: 0.9458
Epoch 52/500 - Train Loss: 0.2183, Train Accuracy: 0.9800, Test Loss: 0.2984, Test Accuracy: 0.9436
Epoch 53/500 - Train Loss: 0.2274, Train Accuracy: 0.9725, Test Loss: 0.3129, Test Accuracy: 0.9336
Epoch 54/500 - Train Loss: 0.2289, Train Accuracy: 0.9800, Test Loss: 0.3032, Test Accuracy: 0.9445
Epoch 55/500 - Train Loss: 0.2525, Train Accuracy: 0.9675, Test Loss: 0.2986, Test Accuracy: 0.9480
Epoch 56/500 - Train Loss: 0.2154, Train Accuracy: 0.9800, Test Loss: 0.3007, Test Accuracy: 0.9454
Epoch 57/500 - Train Loss: 0.2337, Train Accuracy: 0.9700, Test Loss: 0.3007, Test Accuracy: 0.9436
Epoch 58/500 - Train Loss: 0.2395, Train Accuracy: 0.9700, Test Loss: 0.2977, Test Accuracy: 0.9476
Epoch 59/500 - Train Loss: 0.2184, Train Accuracy: 0.9825, Test Loss: 0.2986, Test Accuracy: 0.9480
Epoch 60/500 - Train Loss: 0.2380, Train Accuracy: 0.9650, Test Loss: 0.2962, Test Accuracy: 0.9489
Epoch 61/500 - Train Loss: 0.2417, Train Accuracy: 0.9675, Test Loss: 0.2981, Test Accuracy: 0.9480
Epoch 62/500 - Train Loss: 0.2101, Train Accuracy: 0.9825, Test Loss: 0.2976, Test Accuracy: 0.9480
Epoch 63/500 - Train Loss: 0.2299, Train Accuracy: 0.9850, Test Loss: 0.3089, Test Accuracy: 0.9419
Epoch 64/500 - Train Loss: 0.2049, Train Accuracy: 0.9850, Test Loss: 0.3189, Test Accuracy: 0.9401
Epoch 65/500 - Train Loss: 0.2096, Train Accuracy: 0.9750, Test Loss: 0.3058, Test Accuracy: 0.9419

Early stopping triggered at epoch 65
Best test loss: 0.2940
Best test accuracy: 0.9497
Plot saved as trained_models/Sweep_data run/metrics/loss.png
Plot saved as trained_models/Sweep_data run/metrics/metrics.png
