wandb: Starting wandb agent 🕵️
2026-01-10 20:22:59,924 - wandb.wandb_agent - INFO - Running runs: []
2026-01-10 20:23:00,273 - wandb.wandb_agent - INFO - Agent received command: run
2026-01-10 20:23:00,273 - wandb.wandb_agent - INFO - Agent starting run with config:
	affine: 0.26015291302861066
	blur: 0.4432554723620923
	brightness: 1.3219375715142585
	contrast: 1.0182793251228026
	crop: 0.9171631848207792
	crop_scale: 0.5932884073605471
	flip: 0.9318840639284238
	gaussian_blur_kernel: 5
	gaussian_noise_std: 2.772132495842752
	grey: 0.2211958489932856
	hue: -0.06899461379574695
	jiggle: 0.4500845454651971
	rotate: 0.3406015216618936
	rotation: 46
	saturation: 1.2268785916937293
	scale: 1.0064428130993617
	shear: 3
	translate_x: 0.2115610221127618
	translate_y: 0.2504842757773581
2026-01-10 20:23:00,277 - wandb.wandb_agent - INFO - About to run command: /usr/bin/env python train_data.py --affine=0.26015291302861066 --blur=0.4432554723620923 --brightness=1.3219375715142585 --contrast=1.0182793251228026 --crop=0.9171631848207792 --crop_scale=0.5932884073605471 --flip=0.9318840639284238 --gaussian_blur_kernel=5 --gaussian_noise_std=2.772132495842752 --grey=0.2211958489932856 --hue=-0.06899461379574695 --jiggle=0.4500845454651971 --rotate=0.3406015216618936 --rotation=46 --saturation=1.2268785916937293 --scale=1.0064428130993617 --shear=3 --translate_x=0.2115610221127618 --translate_y=0.2504842757773581
wandb: Currently logged in as: arnaumarcosalmansa (mcv-team-6) to https://api.wandb.ai. Use `wandb login --relogin` to force relogin
wandb: WARNING Ignoring project 'C3-Week3' when running a sweep.
wandb: WARNING Ignoring entity 'mcv-team-6' when running a sweep.
wandb: setting up run 129bxzhg
2026-01-10 20:23:05,284 - wandb.wandb_agent - INFO - Running runs: ['129bxzhg']
wandb: Tracking run with wandb version 0.23.1
wandb: Run data is saved locally in /export/home/group06/workspace/project-team-6/Week3/wandb/run-20260110_202304-129bxzhg
wandb: Run `wandb offline` to turn off syncing.
wandb: Syncing run Sweep run
wandb: ⭐️ View project at https://wandb.ai/mcv-team-6/C3-Week3
wandb: 🧹 View sweep at https://wandb.ai/mcv-team-6/C3-Week3/sweeps/g5vb4edr
wandb: 🚀 View run at https://wandb.ai/mcv-team-6/C3-Week3/runs/129bxzhg
Traceback (most recent call last):
  File "/export/home/group06/workspace/project-team-6/Week3/train_data.py", line 61, in <module>
    ka.ColorJitter(brightness=cfg.brightness,
  File "/ghome/group06/miniconda3/envs/c3/lib/python3.12/site-packages/kornia/augmentation/_2d/intensity/color_jitter.py", line 105, in __init__
    self._param_generator = rg.ColorJitterGenerator(brightness, contrast, saturation, hue)
                            ^^^^^^^^^^^^^^^^^^^^^^^^^^^^^^^^^^^^^^^^^^^^^^^^^^^^^^^^^^^^^^
  File "/ghome/group06/miniconda3/envs/c3/lib/python3.12/site-packages/kornia/augmentation/random_generator/base.py", line 34, in __call__
    obj.__post_init__()
  File "/ghome/group06/miniconda3/envs/c3/lib/python3.12/site-packages/kornia/augmentation/random_generator/base.py", line 48, in __post_init__
    self.set_rng_device_and_dtype()
  File "/ghome/group06/miniconda3/envs/c3/lib/python3.12/site-packages/kornia/augmentation/random_generator/base.py", line 64, in set_rng_device_and_dtype
    self.make_samplers(device, dtype)
  File "/ghome/group06/miniconda3/envs/c3/lib/python3.12/site-packages/kornia/augmentation/random_generator/_2d/color_jitter.py", line 86, in make_samplers
    hue: Tensor = _range_bound(self.hue, "hue", bounds=(-0.5, 0.5), device=device, dtype=dtype)
                  ^^^^^^^^^^^^^^^^^^^^^^^^^^^^^^^^^^^^^^^^^^^^^^^^^^^^^^^^^^^^^^^^^^^^^^^^^^^^^
  File "/ghome/group06/miniconda3/envs/c3/lib/python3.12/site-packages/kornia/augmentation/utils/param_validation.py", line 53, in _range_bound
    raise ValueError(f"If {name} is a single number, it must be non negative. Got {factor}.")
ValueError: If hue is a single number, it must be non negative. Got -0.06899461150169373.
2026-01-10 20:23:10,416 - wandb.wandb_agent - INFO - Cleaning up finished run: 129bxzhg
wandb: Terminating and syncing runs. Press ctrl-c to kill.
