Using GPU 0: NVIDIA GeForce RTX 3090
Epoch 1/500 - Train Loss: 2.0945, Train Accuracy: 0.1975, Test Loss: 2.0446, Test Accuracy: 0.1792
Epoch 2/500 - Train Loss: 1.8272, Train Accuracy: 0.3925, Test Loss: 1.7898, Test Accuracy: 0.4126
Epoch 3/500 - Train Loss: 1.6486, Train Accuracy: 0.5150, Test Loss: 1.5272, Test Accuracy: 0.5507
Epoch 4/500 - Train Loss: 1.4708, Train Accuracy: 0.6350, Test Loss: 1.3129, Test Accuracy: 0.6508
Epoch 5/500 - Train Loss: 1.2997, Train Accuracy: 0.7175, Test Loss: 1.1205, Test Accuracy: 0.7351
Epoch 6/500 - Train Loss: 1.1535, Train Accuracy: 0.7550, Test Loss: 0.9810, Test Accuracy: 0.7915
Epoch 7/500 - Train Loss: 1.0202, Train Accuracy: 0.8050, Test Loss: 0.8536, Test Accuracy: 0.8370
Epoch 8/500 - Train Loss: 0.9473, Train Accuracy: 0.8375, Test Loss: 0.7647, Test Accuracy: 0.8593
Epoch 9/500 - Train Loss: 0.8398, Train Accuracy: 0.8625, Test Loss: 0.6717, Test Accuracy: 0.8837
Epoch 10/500 - Train Loss: 0.7622, Train Accuracy: 0.8725, Test Loss: 0.6057, Test Accuracy: 0.9073
Epoch 11/500 - Train Loss: 0.7399, Train Accuracy: 0.8400, Test Loss: 0.5568, Test Accuracy: 0.9156
Epoch 12/500 - Train Loss: 0.6704, Train Accuracy: 0.8675, Test Loss: 0.5092, Test Accuracy: 0.9200
Epoch 13/500 - Train Loss: 0.6281, Train Accuracy: 0.8875, Test Loss: 0.4700, Test Accuracy: 0.9231
Epoch 14/500 - Train Loss: 0.5761, Train Accuracy: 0.8900, Test Loss: 0.4516, Test Accuracy: 0.9270
Epoch 15/500 - Train Loss: 0.5509, Train Accuracy: 0.8850, Test Loss: 0.4392, Test Accuracy: 0.9244
Epoch 16/500 - Train Loss: 0.5194, Train Accuracy: 0.9150, Test Loss: 0.4224, Test Accuracy: 0.9288
Epoch 17/500 - Train Loss: 0.5217, Train Accuracy: 0.9000, Test Loss: 0.3974, Test Accuracy: 0.9366
Epoch 18/500 - Train Loss: 0.4937, Train Accuracy: 0.9100, Test Loss: 0.3878, Test Accuracy: 0.9292
Epoch 19/500 - Train Loss: 0.4396, Train Accuracy: 0.9275, Test Loss: 0.3794, Test Accuracy: 0.9305
Epoch 20/500 - Train Loss: 0.4221, Train Accuracy: 0.9350, Test Loss: 0.3740, Test Accuracy: 0.9318
Epoch 21/500 - Train Loss: 0.4383, Train Accuracy: 0.9150, Test Loss: 0.3766, Test Accuracy: 0.9279
Epoch 22/500 - Train Loss: 0.4132, Train Accuracy: 0.9200, Test Loss: 0.3717, Test Accuracy: 0.9292
Epoch 23/500 - Train Loss: 0.4230, Train Accuracy: 0.9275, Test Loss: 0.3710, Test Accuracy: 0.9261
Epoch 24/500 - Train Loss: 0.4001, Train Accuracy: 0.9150, Test Loss: 0.3541, Test Accuracy: 0.9309
Epoch 25/500 - Train Loss: 0.3908, Train Accuracy: 0.9375, Test Loss: 0.3459, Test Accuracy: 0.9344
Epoch 26/500 - Train Loss: 0.3776, Train Accuracy: 0.9225, Test Loss: 0.3361, Test Accuracy: 0.9353
Epoch 27/500 - Train Loss: 0.3713, Train Accuracy: 0.9300, Test Loss: 0.3441, Test Accuracy: 0.9288
Epoch 28/500 - Train Loss: 0.3557, Train Accuracy: 0.9375, Test Loss: 0.3418, Test Accuracy: 0.9309
Epoch 29/500 - Train Loss: 0.3377, Train Accuracy: 0.9525, Test Loss: 0.3352, Test Accuracy: 0.9384
Epoch 30/500 - Train Loss: 0.3404, Train Accuracy: 0.9475, Test Loss: 0.3363, Test Accuracy: 0.9344
Epoch 31/500 - Train Loss: 0.3668, Train Accuracy: 0.9250, Test Loss: 0.3276, Test Accuracy: 0.9366
Epoch 32/500 - Train Loss: 0.3133, Train Accuracy: 0.9500, Test Loss: 0.3287, Test Accuracy: 0.9353
Epoch 33/500 - Train Loss: 0.3243, Train Accuracy: 0.9550, Test Loss: 0.3286, Test Accuracy: 0.9366
Epoch 34/500 - Train Loss: 0.3270, Train Accuracy: 0.9425, Test Loss: 0.3352, Test Accuracy: 0.9296
Epoch 35/500 - Train Loss: 0.3088, Train Accuracy: 0.9500, Test Loss: 0.3223, Test Accuracy: 0.9436
Epoch 36/500 - Train Loss: 0.2952, Train Accuracy: 0.9700, Test Loss: 0.3171, Test Accuracy: 0.9432
Epoch 37/500 - Train Loss: 0.3172, Train Accuracy: 0.9375, Test Loss: 0.3209, Test Accuracy: 0.9406
Epoch 38/500 - Train Loss: 0.3333, Train Accuracy: 0.9375, Test Loss: 0.3236, Test Accuracy: 0.9379
Epoch 39/500 - Train Loss: 0.2815, Train Accuracy: 0.9625, Test Loss: 0.3316, Test Accuracy: 0.9323
Epoch 40/500 - Train Loss: 0.2707, Train Accuracy: 0.9725, Test Loss: 0.3242, Test Accuracy: 0.9353
Epoch 41/500 - Train Loss: 0.2907, Train Accuracy: 0.9525, Test Loss: 0.3234, Test Accuracy: 0.9358
Epoch 42/500 - Train Loss: 0.2801, Train Accuracy: 0.9625, Test Loss: 0.3454, Test Accuracy: 0.9240
Epoch 43/500 - Train Loss: 0.2581, Train Accuracy: 0.9725, Test Loss: 0.3224, Test Accuracy: 0.9349
Epoch 44/500 - Train Loss: 0.2626, Train Accuracy: 0.9650, Test Loss: 0.3151, Test Accuracy: 0.9397
Epoch 45/500 - Train Loss: 0.2862, Train Accuracy: 0.9500, Test Loss: 0.3169, Test Accuracy: 0.9384
Epoch 46/500 - Train Loss: 0.2473, Train Accuracy: 0.9825, Test Loss: 0.3171, Test Accuracy: 0.9392
Epoch 47/500 - Train Loss: 0.2464, Train Accuracy: 0.9725, Test Loss: 0.3146, Test Accuracy: 0.9401
Epoch 48/500 - Train Loss: 0.2321, Train Accuracy: 0.9775, Test Loss: 0.3231, Test Accuracy: 0.9358
Epoch 49/500 - Train Loss: 0.2644, Train Accuracy: 0.9600, Test Loss: 0.3192, Test Accuracy: 0.9392
Epoch 50/500 - Train Loss: 0.2469, Train Accuracy: 0.9750, Test Loss: 0.3190, Test Accuracy: 0.9384
Epoch 51/500 - Train Loss: 0.2658, Train Accuracy: 0.9625, Test Loss: 0.3115, Test Accuracy: 0.9410
Epoch 52/500 - Train Loss: 0.2682, Train Accuracy: 0.9650, Test Loss: 0.3063, Test Accuracy: 0.9449
Epoch 53/500 - Train Loss: 0.2540, Train Accuracy: 0.9700, Test Loss: 0.3065, Test Accuracy: 0.9414
Epoch 54/500 - Train Loss: 0.2342, Train Accuracy: 0.9650, Test Loss: 0.3077, Test Accuracy: 0.9397
Epoch 55/500 - Train Loss: 0.2916, Train Accuracy: 0.9475, Test Loss: 0.3137, Test Accuracy: 0.9388
Epoch 56/500 - Train Loss: 0.2474, Train Accuracy: 0.9700, Test Loss: 0.3171, Test Accuracy: 0.9379
Epoch 57/500 - Train Loss: 0.2302, Train Accuracy: 0.9775, Test Loss: 0.3124, Test Accuracy: 0.9379
Epoch 58/500 - Train Loss: 0.2322, Train Accuracy: 0.9825, Test Loss: 0.3174, Test Accuracy: 0.9358
Epoch 59/500 - Train Loss: 0.2694, Train Accuracy: 0.9625, Test Loss: 0.3189, Test Accuracy: 0.9358
Epoch 60/500 - Train Loss: 0.2251, Train Accuracy: 0.9775, Test Loss: 0.3231, Test Accuracy: 0.9349
Epoch 61/500 - Train Loss: 0.2431, Train Accuracy: 0.9725, Test Loss: 0.3117, Test Accuracy: 0.9441
Epoch 62/500 - Train Loss: 0.2365, Train Accuracy: 0.9750, Test Loss: 0.3038, Test Accuracy: 0.9462
Epoch 63/500 - Train Loss: 0.2278, Train Accuracy: 0.9825, Test Loss: 0.3091, Test Accuracy: 0.9410
Epoch 64/500 - Train Loss: 0.2230, Train Accuracy: 0.9775, Test Loss: 0.3372, Test Accuracy: 0.9296
Epoch 65/500 - Train Loss: 0.2544, Train Accuracy: 0.9625, Test Loss: 0.3272, Test Accuracy: 0.9323
Epoch 66/500 - Train Loss: 0.2390, Train Accuracy: 0.9725, Test Loss: 0.3308, Test Accuracy: 0.9318
Epoch 67/500 - Train Loss: 0.2514, Train Accuracy: 0.9675, Test Loss: 0.3289, Test Accuracy: 0.9331
Epoch 68/500 - Train Loss: 0.2304, Train Accuracy: 0.9775, Test Loss: 0.3384, Test Accuracy: 0.9274
Epoch 69/500 - Train Loss: 0.2519, Train Accuracy: 0.9725, Test Loss: 0.3220, Test Accuracy: 0.9358
Epoch 70/500 - Train Loss: 0.2162, Train Accuracy: 0.9800, Test Loss: 0.3160, Test Accuracy: 0.9353
Epoch 71/500 - Train Loss: 0.2391, Train Accuracy: 0.9700, Test Loss: 0.3098, Test Accuracy: 0.9401
Epoch 72/500 - Train Loss: 0.2200, Train Accuracy: 0.9800, Test Loss: 0.3182, Test Accuracy: 0.9375
Epoch 73/500 - Train Loss: 0.2286, Train Accuracy: 0.9675, Test Loss: 0.3268, Test Accuracy: 0.9362
Epoch 74/500 - Train Loss: 0.2135, Train Accuracy: 0.9700, Test Loss: 0.3222, Test Accuracy: 0.9340
Epoch 75/500 - Train Loss: 0.2609, Train Accuracy: 0.9625, Test Loss: 0.3265, Test Accuracy: 0.9340
Epoch 76/500 - Train Loss: 0.2243, Train Accuracy: 0.9775, Test Loss: 0.3115, Test Accuracy: 0.9397
Epoch 77/500 - Train Loss: 0.2347, Train Accuracy: 0.9675, Test Loss: 0.3080, Test Accuracy: 0.9427

Early stopping triggered at epoch 77
Best test loss: 0.3038
Best test accuracy: 0.9462
Plot saved as trained_models/Sweep_data run/metrics/loss.png
Plot saved as trained_models/Sweep_data run/metrics/metrics.png
