Using GPU 0: NVIDIA GeForce RTX 3090
Epoch 1/500 - Train Loss: 2.0085, Train Accuracy: 0.1775, Test Loss: 2.0280, Test Accuracy: 0.1661
Epoch 2/500 - Train Loss: 1.7783, Train Accuracy: 0.4275, Test Loss: 1.7607, Test Accuracy: 0.4961
Epoch 3/500 - Train Loss: 1.6040, Train Accuracy: 0.5700, Test Loss: 1.5015, Test Accuracy: 0.6709
Epoch 4/500 - Train Loss: 1.3900, Train Accuracy: 0.7450, Test Loss: 1.2924, Test Accuracy: 0.7601
Epoch 5/500 - Train Loss: 1.2165, Train Accuracy: 0.8100, Test Loss: 1.1195, Test Accuracy: 0.7990
Epoch 6/500 - Train Loss: 1.1012, Train Accuracy: 0.8200, Test Loss: 0.9792, Test Accuracy: 0.8348
Epoch 7/500 - Train Loss: 0.9658, Train Accuracy: 0.8550, Test Loss: 0.8621, Test Accuracy: 0.8575
Epoch 8/500 - Train Loss: 0.8419, Train Accuracy: 0.9025, Test Loss: 0.7768, Test Accuracy: 0.8763
Epoch 9/500 - Train Loss: 0.7570, Train Accuracy: 0.9050, Test Loss: 0.6894, Test Accuracy: 0.8916
Epoch 10/500 - Train Loss: 0.6745, Train Accuracy: 0.9050, Test Loss: 0.6229, Test Accuracy: 0.9078
Epoch 11/500 - Train Loss: 0.6151, Train Accuracy: 0.9450, Test Loss: 0.5685, Test Accuracy: 0.9174
Epoch 12/500 - Train Loss: 0.5800, Train Accuracy: 0.9000, Test Loss: 0.5059, Test Accuracy: 0.9240
Epoch 13/500 - Train Loss: 0.5271, Train Accuracy: 0.9275, Test Loss: 0.4769, Test Accuracy: 0.9279
Epoch 14/500 - Train Loss: 0.4967, Train Accuracy: 0.9250, Test Loss: 0.4451, Test Accuracy: 0.9340
Epoch 15/500 - Train Loss: 0.4372, Train Accuracy: 0.9500, Test Loss: 0.4229, Test Accuracy: 0.9375
Epoch 16/500 - Train Loss: 0.3990, Train Accuracy: 0.9525, Test Loss: 0.3956, Test Accuracy: 0.9388
Epoch 17/500 - Train Loss: 0.3940, Train Accuracy: 0.9675, Test Loss: 0.3819, Test Accuracy: 0.9379
Epoch 18/500 - Train Loss: 0.4040, Train Accuracy: 0.9500, Test Loss: 0.3700, Test Accuracy: 0.9401
Epoch 19/500 - Train Loss: 0.3684, Train Accuracy: 0.9550, Test Loss: 0.3588, Test Accuracy: 0.9410
Epoch 20/500 - Train Loss: 0.3665, Train Accuracy: 0.9600, Test Loss: 0.3506, Test Accuracy: 0.9436
Epoch 21/500 - Train Loss: 0.2984, Train Accuracy: 0.9700, Test Loss: 0.3423, Test Accuracy: 0.9462
Epoch 22/500 - Train Loss: 0.3132, Train Accuracy: 0.9725, Test Loss: 0.3350, Test Accuracy: 0.9467
Epoch 23/500 - Train Loss: 0.3105, Train Accuracy: 0.9550, Test Loss: 0.3262, Test Accuracy: 0.9471
Epoch 24/500 - Train Loss: 0.2849, Train Accuracy: 0.9700, Test Loss: 0.3241, Test Accuracy: 0.9484
Epoch 25/500 - Train Loss: 0.2837, Train Accuracy: 0.9700, Test Loss: 0.3304, Test Accuracy: 0.9423
Epoch 26/500 - Train Loss: 0.2766, Train Accuracy: 0.9725, Test Loss: 0.3218, Test Accuracy: 0.9467
Epoch 27/500 - Train Loss: 0.2693, Train Accuracy: 0.9725, Test Loss: 0.3153, Test Accuracy: 0.9484
Epoch 28/500 - Train Loss: 0.2745, Train Accuracy: 0.9800, Test Loss: 0.3128, Test Accuracy: 0.9502
Epoch 29/500 - Train Loss: 0.2564, Train Accuracy: 0.9800, Test Loss: 0.3030, Test Accuracy: 0.9545
Epoch 30/500 - Train Loss: 0.2597, Train Accuracy: 0.9825, Test Loss: 0.2996, Test Accuracy: 0.9541
Epoch 31/500 - Train Loss: 0.2354, Train Accuracy: 0.9900, Test Loss: 0.2966, Test Accuracy: 0.9537
Epoch 32/500 - Train Loss: 0.2183, Train Accuracy: 0.9950, Test Loss: 0.2982, Test Accuracy: 0.9532
Epoch 33/500 - Train Loss: 0.2211, Train Accuracy: 0.9825, Test Loss: 0.3021, Test Accuracy: 0.9476
Epoch 34/500 - Train Loss: 0.2244, Train Accuracy: 0.9850, Test Loss: 0.2988, Test Accuracy: 0.9497
Epoch 35/500 - Train Loss: 0.2399, Train Accuracy: 0.9725, Test Loss: 0.2960, Test Accuracy: 0.9497
Epoch 36/500 - Train Loss: 0.2240, Train Accuracy: 0.9800, Test Loss: 0.2949, Test Accuracy: 0.9559
Epoch 37/500 - Train Loss: 0.2264, Train Accuracy: 0.9825, Test Loss: 0.2962, Test Accuracy: 0.9506
Epoch 38/500 - Train Loss: 0.2143, Train Accuracy: 0.9925, Test Loss: 0.2974, Test Accuracy: 0.9484
Epoch 39/500 - Train Loss: 0.1916, Train Accuracy: 0.9925, Test Loss: 0.2982, Test Accuracy: 0.9476
Epoch 40/500 - Train Loss: 0.2023, Train Accuracy: 0.9850, Test Loss: 0.2980, Test Accuracy: 0.9506
Epoch 41/500 - Train Loss: 0.2072, Train Accuracy: 0.9800, Test Loss: 0.2987, Test Accuracy: 0.9480
Epoch 42/500 - Train Loss: 0.1930, Train Accuracy: 0.9850, Test Loss: 0.2907, Test Accuracy: 0.9532
Epoch 43/500 - Train Loss: 0.2013, Train Accuracy: 0.9875, Test Loss: 0.2934, Test Accuracy: 0.9510
Epoch 44/500 - Train Loss: 0.2081, Train Accuracy: 0.9850, Test Loss: 0.3014, Test Accuracy: 0.9454
Epoch 45/500 - Train Loss: 0.2052, Train Accuracy: 0.9825, Test Loss: 0.3032, Test Accuracy: 0.9445
Epoch 46/500 - Train Loss: 0.1912, Train Accuracy: 0.9900, Test Loss: 0.2905, Test Accuracy: 0.9497
Epoch 47/500 - Train Loss: 0.1799, Train Accuracy: 0.9925, Test Loss: 0.2862, Test Accuracy: 0.9537
Epoch 48/500 - Train Loss: 0.1842, Train Accuracy: 0.9925, Test Loss: 0.2851, Test Accuracy: 0.9554
Epoch 49/500 - Train Loss: 0.1812, Train Accuracy: 0.9925, Test Loss: 0.2850, Test Accuracy: 0.9554
Epoch 50/500 - Train Loss: 0.1783, Train Accuracy: 0.9950, Test Loss: 0.2886, Test Accuracy: 0.9519
Epoch 51/500 - Train Loss: 0.1948, Train Accuracy: 0.9950, Test Loss: 0.2854, Test Accuracy: 0.9563
Epoch 52/500 - Train Loss: 0.2011, Train Accuracy: 0.9875, Test Loss: 0.2875, Test Accuracy: 0.9524
Epoch 53/500 - Train Loss: 0.1941, Train Accuracy: 0.9850, Test Loss: 0.2856, Test Accuracy: 0.9541
Epoch 54/500 - Train Loss: 0.1934, Train Accuracy: 0.9850, Test Loss: 0.2868, Test Accuracy: 0.9510
Epoch 55/500 - Train Loss: 0.1983, Train Accuracy: 0.9850, Test Loss: 0.2941, Test Accuracy: 0.9489
Epoch 56/500 - Train Loss: 0.1804, Train Accuracy: 0.9975, Test Loss: 0.2996, Test Accuracy: 0.9458
Epoch 57/500 - Train Loss: 0.2078, Train Accuracy: 0.9875, Test Loss: 0.3064, Test Accuracy: 0.9423
Epoch 58/500 - Train Loss: 0.1906, Train Accuracy: 0.9875, Test Loss: 0.3143, Test Accuracy: 0.9384
Epoch 59/500 - Train Loss: 0.1796, Train Accuracy: 0.9950, Test Loss: 0.2947, Test Accuracy: 0.9476
Epoch 60/500 - Train Loss: 0.1978, Train Accuracy: 0.9850, Test Loss: 0.2921, Test Accuracy: 0.9506
Epoch 61/500 - Train Loss: 0.2055, Train Accuracy: 0.9850, Test Loss: 0.2974, Test Accuracy: 0.9458
Epoch 62/500 - Train Loss: 0.1694, Train Accuracy: 0.9975, Test Loss: 0.3064, Test Accuracy: 0.9419
Epoch 63/500 - Train Loss: 0.1753, Train Accuracy: 0.9900, Test Loss: 0.3037, Test Accuracy: 0.9406

Early stopping triggered at epoch 63
Best test loss: 0.2850
Best test accuracy: 0.9563
Plot saved as trained_models/Sweep_data run/metrics/loss.png
Plot saved as trained_models/Sweep_data run/metrics/metrics.png
