Using GPU 0: NVIDIA GeForce RTX 3090
Epoch 1/500 - Train Loss: 2.0688, Train Accuracy: 0.1975, Test Loss: 2.0423, Test Accuracy: 0.1399
Epoch 2/500 - Train Loss: 1.8743, Train Accuracy: 0.3400, Test Loss: 1.8261, Test Accuracy: 0.4060
Epoch 3/500 - Train Loss: 1.7121, Train Accuracy: 0.4800, Test Loss: 1.5851, Test Accuracy: 0.5870
Epoch 4/500 - Train Loss: 1.5240, Train Accuracy: 0.6225, Test Loss: 1.3781, Test Accuracy: 0.7098
Epoch 5/500 - Train Loss: 1.3967, Train Accuracy: 0.6875, Test Loss: 1.2170, Test Accuracy: 0.7657
Epoch 6/500 - Train Loss: 1.2624, Train Accuracy: 0.7200, Test Loss: 1.0756, Test Accuracy: 0.8016
Epoch 7/500 - Train Loss: 1.1335, Train Accuracy: 0.7575, Test Loss: 0.9416, Test Accuracy: 0.8335
Epoch 8/500 - Train Loss: 1.0716, Train Accuracy: 0.7425, Test Loss: 0.8399, Test Accuracy: 0.8540
Epoch 9/500 - Train Loss: 0.9669, Train Accuracy: 0.8075, Test Loss: 0.7525, Test Accuracy: 0.8706
Epoch 10/500 - Train Loss: 0.8709, Train Accuracy: 0.8325, Test Loss: 0.6949, Test Accuracy: 0.8859
Epoch 11/500 - Train Loss: 0.8318, Train Accuracy: 0.8375, Test Loss: 0.6307, Test Accuracy: 0.8951
Epoch 12/500 - Train Loss: 0.7768, Train Accuracy: 0.8425, Test Loss: 0.5791, Test Accuracy: 0.9038
Epoch 13/500 - Train Loss: 0.7045, Train Accuracy: 0.8625, Test Loss: 0.5433, Test Accuracy: 0.9087
Epoch 14/500 - Train Loss: 0.6675, Train Accuracy: 0.8725, Test Loss: 0.5072, Test Accuracy: 0.9165
Epoch 15/500 - Train Loss: 0.6177, Train Accuracy: 0.8900, Test Loss: 0.4793, Test Accuracy: 0.9187
Epoch 16/500 - Train Loss: 0.5898, Train Accuracy: 0.8750, Test Loss: 0.4600, Test Accuracy: 0.9200
Epoch 17/500 - Train Loss: 0.5112, Train Accuracy: 0.9175, Test Loss: 0.4357, Test Accuracy: 0.9266
Epoch 18/500 - Train Loss: 0.5653, Train Accuracy: 0.8775, Test Loss: 0.4134, Test Accuracy: 0.9309
Epoch 19/500 - Train Loss: 0.5499, Train Accuracy: 0.8800, Test Loss: 0.3968, Test Accuracy: 0.9301
Epoch 20/500 - Train Loss: 0.4825, Train Accuracy: 0.9175, Test Loss: 0.3962, Test Accuracy: 0.9283
Epoch 21/500 - Train Loss: 0.5252, Train Accuracy: 0.8900, Test Loss: 0.3822, Test Accuracy: 0.9318
Epoch 22/500 - Train Loss: 0.4402, Train Accuracy: 0.9250, Test Loss: 0.3736, Test Accuracy: 0.9323
Epoch 23/500 - Train Loss: 0.4788, Train Accuracy: 0.9000, Test Loss: 0.3707, Test Accuracy: 0.9309
Epoch 24/500 - Train Loss: 0.4371, Train Accuracy: 0.9150, Test Loss: 0.3626, Test Accuracy: 0.9336
Epoch 25/500 - Train Loss: 0.4106, Train Accuracy: 0.9300, Test Loss: 0.3681, Test Accuracy: 0.9270
Epoch 26/500 - Train Loss: 0.4006, Train Accuracy: 0.9250, Test Loss: 0.3693, Test Accuracy: 0.9305
Epoch 27/500 - Train Loss: 0.3852, Train Accuracy: 0.9275, Test Loss: 0.3460, Test Accuracy: 0.9392
Epoch 28/500 - Train Loss: 0.4097, Train Accuracy: 0.9175, Test Loss: 0.3440, Test Accuracy: 0.9388
Epoch 29/500 - Train Loss: 0.3874, Train Accuracy: 0.9050, Test Loss: 0.3476, Test Accuracy: 0.9353
Epoch 30/500 - Train Loss: 0.3565, Train Accuracy: 0.9450, Test Loss: 0.3432, Test Accuracy: 0.9379
Epoch 31/500 - Train Loss: 0.3456, Train Accuracy: 0.9375, Test Loss: 0.3359, Test Accuracy: 0.9375
Epoch 32/500 - Train Loss: 0.3556, Train Accuracy: 0.9375, Test Loss: 0.3388, Test Accuracy: 0.9331
Epoch 33/500 - Train Loss: 0.3545, Train Accuracy: 0.9350, Test Loss: 0.3335, Test Accuracy: 0.9358
Epoch 34/500 - Train Loss: 0.3646, Train Accuracy: 0.9225, Test Loss: 0.3307, Test Accuracy: 0.9336
Epoch 35/500 - Train Loss: 0.3593, Train Accuracy: 0.9225, Test Loss: 0.3318, Test Accuracy: 0.9384
Epoch 36/500 - Train Loss: 0.3353, Train Accuracy: 0.9500, Test Loss: 0.3288, Test Accuracy: 0.9371
Epoch 37/500 - Train Loss: 0.2968, Train Accuracy: 0.9625, Test Loss: 0.3318, Test Accuracy: 0.9353
Epoch 38/500 - Train Loss: 0.3514, Train Accuracy: 0.9300, Test Loss: 0.3262, Test Accuracy: 0.9379
Epoch 39/500 - Train Loss: 0.3299, Train Accuracy: 0.9375, Test Loss: 0.3219, Test Accuracy: 0.9392
Epoch 40/500 - Train Loss: 0.3049, Train Accuracy: 0.9525, Test Loss: 0.3299, Test Accuracy: 0.9344
Epoch 41/500 - Train Loss: 0.3294, Train Accuracy: 0.9425, Test Loss: 0.3395, Test Accuracy: 0.9301
Epoch 42/500 - Train Loss: 0.2732, Train Accuracy: 0.9725, Test Loss: 0.3268, Test Accuracy: 0.9358
Epoch 43/500 - Train Loss: 0.2865, Train Accuracy: 0.9525, Test Loss: 0.3199, Test Accuracy: 0.9379
Epoch 44/500 - Train Loss: 0.2775, Train Accuracy: 0.9675, Test Loss: 0.3209, Test Accuracy: 0.9371
Epoch 45/500 - Train Loss: 0.2895, Train Accuracy: 0.9625, Test Loss: 0.3318, Test Accuracy: 0.9340
Epoch 46/500 - Train Loss: 0.2722, Train Accuracy: 0.9625, Test Loss: 0.3283, Test Accuracy: 0.9366
Epoch 47/500 - Train Loss: 0.2728, Train Accuracy: 0.9625, Test Loss: 0.3255, Test Accuracy: 0.9379
Epoch 48/500 - Train Loss: 0.2966, Train Accuracy: 0.9450, Test Loss: 0.3204, Test Accuracy: 0.9384
Epoch 49/500 - Train Loss: 0.2708, Train Accuracy: 0.9625, Test Loss: 0.3236, Test Accuracy: 0.9358
Epoch 50/500 - Train Loss: 0.2795, Train Accuracy: 0.9550, Test Loss: 0.3326, Test Accuracy: 0.9340
Epoch 51/500 - Train Loss: 0.2805, Train Accuracy: 0.9625, Test Loss: 0.3375, Test Accuracy: 0.9296
Epoch 52/500 - Train Loss: 0.2560, Train Accuracy: 0.9725, Test Loss: 0.3304, Test Accuracy: 0.9327
Epoch 53/500 - Train Loss: 0.2535, Train Accuracy: 0.9625, Test Loss: 0.3322, Test Accuracy: 0.9327
Epoch 54/500 - Train Loss: 0.2410, Train Accuracy: 0.9675, Test Loss: 0.3286, Test Accuracy: 0.9358
Epoch 55/500 - Train Loss: 0.2874, Train Accuracy: 0.9600, Test Loss: 0.3332, Test Accuracy: 0.9318
Epoch 56/500 - Train Loss: 0.2680, Train Accuracy: 0.9600, Test Loss: 0.3222, Test Accuracy: 0.9379
Epoch 57/500 - Train Loss: 0.2254, Train Accuracy: 0.9725, Test Loss: 0.3313, Test Accuracy: 0.9371
Epoch 58/500 - Train Loss: 0.2324, Train Accuracy: 0.9750, Test Loss: 0.3337, Test Accuracy: 0.9296

Early stopping triggered at epoch 58
Best test loss: 0.3199
Best test accuracy: 0.9392
Plot saved as trained_models/Sweep_data run/metrics/loss.png
Plot saved as trained_models/Sweep_data run/metrics/metrics.png
