wandb: Starting wandb agent 🕵️
2026-01-10 20:40:33,694 - wandb.wandb_agent - INFO - Running runs: []
2026-01-10 20:40:34,258 - wandb.wandb_agent - INFO - Agent received command: run
2026-01-10 20:40:34,258 - wandb.wandb_agent - INFO - Agent starting run with config:
	affine: 0.4943157020776493
	blur: 0.0014020318912895124
	brightness: 1.0179325945200246
	contrast: 1.393034539225488
	crop: 0.5057473390100885
	crop_scale: 0.34424191606540144
	flip: 0.43372240751525226
	gaussian_blur_kernel: 3
	gaussian_noise_std: 1.955735318686966
	grey: 0.31649479598373065
	hue: -0.05367224117421798
	jiggle: 0.8495133114775157
	rotate: 0.1155079451327159
	rotation: 22
	saturation: 0.6332020014074466
	scale: 0.8011486255969317
	shear: 21
	translate_x: 0.051483156820471936
	translate_y: 0.08144379459883551
2026-01-10 20:40:34,262 - wandb.wandb_agent - INFO - About to run command: /usr/bin/env python train_data.py --affine=0.4943157020776493 --blur=0.0014020318912895124 --brightness=1.0179325945200246 --contrast=1.393034539225488 --crop=0.5057473390100885 --crop_scale=0.34424191606540144 --flip=0.43372240751525226 --gaussian_blur_kernel=3 --gaussian_noise_std=1.955735318686966 --grey=0.31649479598373065 --hue=-0.05367224117421798 --jiggle=0.8495133114775157 --rotate=0.1155079451327159 --rotation=22 --saturation=0.6332020014074466 --scale=0.8011486255969317 --shear=21 --translate_x=0.051483156820471936 --translate_y=0.08144379459883551
wandb: Currently logged in as: arnaumarcosalmansa (mcv-team-6) to https://api.wandb.ai. Use `wandb login --relogin` to force relogin
wandb: WARNING Ignoring project 'C3-Week3' when running a sweep.
wandb: WARNING Ignoring entity 'mcv-team-6' when running a sweep.
wandb: setting up run exnfqi6p
wandb: Tracking run with wandb version 0.23.1
wandb: Run data is saved locally in /export/home/group06/workspace/project-team-6/Week3/wandb/run-20260110_204038-exnfqi6p
wandb: Run `wandb offline` to turn off syncing.
wandb: Syncing run Sweep run
wandb: ⭐️ View project at https://wandb.ai/mcv-team-6/C3-Week3
wandb: 🧹 View sweep at https://wandb.ai/mcv-team-6/C3-Week3/sweeps/8yeenlu8
wandb: 🚀 View run at https://wandb.ai/mcv-team-6/C3-Week3/runs/exnfqi6p
2026-01-10 20:40:39,268 - wandb.wandb_agent - INFO - Running runs: ['exnfqi6p']
Traceback (most recent call last):
  File "/export/home/group06/workspace/project-team-6/Week3/train_data.py", line 61, in <module>
    ka.ColorJitter(brightness=cfg.brightness,
  File "/ghome/group06/miniconda3/envs/c3/lib/python3.12/site-packages/kornia/augmentation/_2d/intensity/color_jitter.py", line 105, in __init__
    self._param_generator = rg.ColorJitterGenerator(brightness, contrast, saturation, hue)
                            ^^^^^^^^^^^^^^^^^^^^^^^^^^^^^^^^^^^^^^^^^^^^^^^^^^^^^^^^^^^^^^
  File "/ghome/group06/miniconda3/envs/c3/lib/python3.12/site-packages/kornia/augmentation/random_generator/base.py", line 34, in __call__
    obj.__post_init__()
  File "/ghome/group06/miniconda3/envs/c3/lib/python3.12/site-packages/kornia/augmentation/random_generator/base.py", line 48, in __post_init__
    self.set_rng_device_and_dtype()
  File "/ghome/group06/miniconda3/envs/c3/lib/python3.12/site-packages/kornia/augmentation/random_generator/base.py", line 64, in set_rng_device_and_dtype
    self.make_samplers(device, dtype)
  File "/ghome/group06/miniconda3/envs/c3/lib/python3.12/site-packages/kornia/augmentation/random_generator/_2d/color_jitter.py", line 86, in make_samplers
    hue: Tensor = _range_bound(self.hue, "hue", bounds=(-0.5, 0.5), device=device, dtype=dtype)
                  ^^^^^^^^^^^^^^^^^^^^^^^^^^^^^^^^^^^^^^^^^^^^^^^^^^^^^^^^^^^^^^^^^^^^^^^^^^^^^
  File "/ghome/group06/miniconda3/envs/c3/lib/python3.12/site-packages/kornia/augmentation/utils/param_validation.py", line 53, in _range_bound
    raise ValueError(f"If {name} is a single number, it must be non negative. Got {factor}.")
ValueError: If hue is a single number, it must be non negative. Got -0.053672242909669876.
2026-01-10 20:40:44,439 - wandb.wandb_agent - INFO - Cleaning up finished run: exnfqi6p
wandb: Terminating and syncing runs. Press ctrl-c to kill.
