Using GPU 0: NVIDIA GeForce RTX 3090
Epoch 1/500 - Train Loss: 1.7129, Train Accuracy: 0.4500, Test Loss: 1.7238, Test Accuracy: 0.5258
Epoch 2/500 - Train Loss: 0.9254, Train Accuracy: 0.8525, Test Loss: 0.8681, Test Accuracy: 0.8973
Epoch 3/500 - Train Loss: 0.5207, Train Accuracy: 0.9375, Test Loss: 0.4804, Test Accuracy: 0.9318
Epoch 4/500 - Train Loss: 0.3624, Train Accuracy: 0.9650, Test Loss: 0.3574, Test Accuracy: 0.9436
Epoch 5/500 - Train Loss: 0.3307, Train Accuracy: 0.9550, Test Loss: 0.3337, Test Accuracy: 0.9366
Epoch 6/500 - Train Loss: 0.2491, Train Accuracy: 0.9700, Test Loss: 0.3154, Test Accuracy: 0.9441
Epoch 7/500 - Train Loss: 0.2253, Train Accuracy: 0.9825, Test Loss: 0.3135, Test Accuracy: 0.9454
Epoch 8/500 - Train Loss: 0.2157, Train Accuracy: 0.9875, Test Loss: 0.3001, Test Accuracy: 0.9502
Epoch 9/500 - Train Loss: 0.2117, Train Accuracy: 0.9775, Test Loss: 0.3050, Test Accuracy: 0.9414
Epoch 10/500 - Train Loss: 0.1932, Train Accuracy: 0.9825, Test Loss: 0.3329, Test Accuracy: 0.9318
Epoch 11/500 - Train Loss: 0.1779, Train Accuracy: 0.9875, Test Loss: 0.2831, Test Accuracy: 0.9537
Epoch 12/500 - Train Loss: 0.1887, Train Accuracy: 0.9950, Test Loss: 0.2970, Test Accuracy: 0.9449
Epoch 13/500 - Train Loss: 0.1776, Train Accuracy: 0.9900, Test Loss: 0.3108, Test Accuracy: 0.9392
Epoch 14/500 - Train Loss: 0.1822, Train Accuracy: 0.9850, Test Loss: 0.3243, Test Accuracy: 0.9353
Epoch 15/500 - Train Loss: 0.1695, Train Accuracy: 0.9950, Test Loss: 0.2987, Test Accuracy: 0.9436
Epoch 16/500 - Train Loss: 0.1557, Train Accuracy: 1.0000, Test Loss: 0.2946, Test Accuracy: 0.9436
Epoch 17/500 - Train Loss: 0.1571, Train Accuracy: 0.9975, Test Loss: 0.2938, Test Accuracy: 0.9458
Epoch 18/500 - Train Loss: 0.1719, Train Accuracy: 0.9925, Test Loss: 0.3115, Test Accuracy: 0.9384
Epoch 19/500 - Train Loss: 0.1676, Train Accuracy: 0.9925, Test Loss: 0.3545, Test Accuracy: 0.9222
Epoch 20/500 - Train Loss: 0.1757, Train Accuracy: 0.9875, Test Loss: 0.3013, Test Accuracy: 0.9432
Epoch 21/500 - Train Loss: 0.1687, Train Accuracy: 0.9875, Test Loss: 0.3215, Test Accuracy: 0.9353
Epoch 22/500 - Train Loss: 0.1770, Train Accuracy: 0.9850, Test Loss: 0.3268, Test Accuracy: 0.9344
Epoch 23/500 - Train Loss: 0.1565, Train Accuracy: 0.9975, Test Loss: 0.2973, Test Accuracy: 0.9397
Epoch 24/500 - Train Loss: 0.1611, Train Accuracy: 0.9975, Test Loss: 0.3564, Test Accuracy: 0.9244
Epoch 25/500 - Train Loss: 0.1628, Train Accuracy: 0.9950, Test Loss: 0.3192, Test Accuracy: 0.9336
Epoch 26/500 - Train Loss: 0.1582, Train Accuracy: 0.9975, Test Loss: 0.3175, Test Accuracy: 0.9314

Early stopping triggered at epoch 26
Best test loss: 0.2938
Best test accuracy: 0.9458
Plot saved as trained_models/Sweep run/metrics/loss.png
Plot saved as trained_models/Sweep run/metrics/metrics.png
