Using GPU 0: NVIDIA GeForce RTX 3090
Epoch 1/500 - Train Loss: 2.0461, Train Accuracy: 0.1700, Test Loss: 2.0513, Test Accuracy: 0.1272
Epoch 2/500 - Train Loss: 1.9040, Train Accuracy: 0.3150, Test Loss: 1.9755, Test Accuracy: 0.2045
Epoch 3/500 - Train Loss: 1.7517, Train Accuracy: 0.4900, Test Loss: 1.8758, Test Accuracy: 0.2819
Epoch 4/500 - Train Loss: 1.6332, Train Accuracy: 0.5825, Test Loss: 1.7895, Test Accuracy: 0.3510
Epoch 5/500 - Train Loss: 1.5333, Train Accuracy: 0.6325, Test Loss: 1.6861, Test Accuracy: 0.4712
Epoch 6/500 - Train Loss: 1.4207, Train Accuracy: 0.6950, Test Loss: 1.6024, Test Accuracy: 0.5511
Epoch 7/500 - Train Loss: 1.3435, Train Accuracy: 0.7375, Test Loss: 1.5339, Test Accuracy: 0.5935
Epoch 8/500 - Train Loss: 1.2500, Train Accuracy: 0.7650, Test Loss: 1.4733, Test Accuracy: 0.6285
Epoch 9/500 - Train Loss: 1.2011, Train Accuracy: 0.7600, Test Loss: 1.3793, Test Accuracy: 0.6858
Epoch 10/500 - Train Loss: 1.1229, Train Accuracy: 0.8225, Test Loss: 1.3058, Test Accuracy: 0.7255
Epoch 11/500 - Train Loss: 1.0678, Train Accuracy: 0.8100, Test Loss: 1.2326, Test Accuracy: 0.7504
Epoch 12/500 - Train Loss: 0.9990, Train Accuracy: 0.8550, Test Loss: 1.1786, Test Accuracy: 0.7802
Epoch 13/500 - Train Loss: 0.9739, Train Accuracy: 0.8500, Test Loss: 1.1888, Test Accuracy: 0.7644
Epoch 14/500 - Train Loss: 0.9313, Train Accuracy: 0.8425, Test Loss: 1.1535, Test Accuracy: 0.7723
Epoch 15/500 - Train Loss: 0.8923, Train Accuracy: 0.8650, Test Loss: 1.0941, Test Accuracy: 0.7920
Epoch 16/500 - Train Loss: 0.8537, Train Accuracy: 0.8625, Test Loss: 1.0287, Test Accuracy: 0.8134
Epoch 17/500 - Train Loss: 0.8247, Train Accuracy: 0.8675, Test Loss: 1.0223, Test Accuracy: 0.8230
Epoch 18/500 - Train Loss: 0.7745, Train Accuracy: 0.8975, Test Loss: 0.9941, Test Accuracy: 0.8335
Epoch 19/500 - Train Loss: 0.7684, Train Accuracy: 0.8725, Test Loss: 0.9726, Test Accuracy: 0.8295
Epoch 20/500 - Train Loss: 0.7327, Train Accuracy: 0.9000, Test Loss: 0.9538, Test Accuracy: 0.8361
Epoch 21/500 - Train Loss: 0.7231, Train Accuracy: 0.8875, Test Loss: 0.9059, Test Accuracy: 0.8510
Epoch 22/500 - Train Loss: 0.6920, Train Accuracy: 0.9025, Test Loss: 0.8990, Test Accuracy: 0.8505
Epoch 23/500 - Train Loss: 0.6782, Train Accuracy: 0.9025, Test Loss: 0.8571, Test Accuracy: 0.8628
Epoch 24/500 - Train Loss: 0.6588, Train Accuracy: 0.9150, Test Loss: 0.8328, Test Accuracy: 0.8781
Epoch 25/500 - Train Loss: 0.6326, Train Accuracy: 0.9200, Test Loss: 0.8502, Test Accuracy: 0.8728
Epoch 26/500 - Train Loss: 0.6254, Train Accuracy: 0.9175, Test Loss: 0.8199, Test Accuracy: 0.8846
Epoch 27/500 - Train Loss: 0.6298, Train Accuracy: 0.9000, Test Loss: 0.7973, Test Accuracy: 0.8829
Epoch 28/500 - Train Loss: 0.5914, Train Accuracy: 0.9325, Test Loss: 0.8059, Test Accuracy: 0.8811
Epoch 29/500 - Train Loss: 0.6086, Train Accuracy: 0.9200, Test Loss: 0.7573, Test Accuracy: 0.8960
Epoch 30/500 - Train Loss: 0.5752, Train Accuracy: 0.9375, Test Loss: 0.7762, Test Accuracy: 0.8899
Epoch 31/500 - Train Loss: 0.5715, Train Accuracy: 0.9175, Test Loss: 0.7572, Test Accuracy: 0.8890
Epoch 32/500 - Train Loss: 0.5780, Train Accuracy: 0.9250, Test Loss: 0.7558, Test Accuracy: 0.8851
Epoch 33/500 - Train Loss: 0.5308, Train Accuracy: 0.9375, Test Loss: 0.7572, Test Accuracy: 0.8872
Epoch 34/500 - Train Loss: 0.5397, Train Accuracy: 0.9400, Test Loss: 0.7292, Test Accuracy: 0.8934
Epoch 35/500 - Train Loss: 0.5203, Train Accuracy: 0.9375, Test Loss: 0.6772, Test Accuracy: 0.9108
Epoch 36/500 - Train Loss: 0.5214, Train Accuracy: 0.9575, Test Loss: 0.6735, Test Accuracy: 0.9073
Epoch 37/500 - Train Loss: 0.5131, Train Accuracy: 0.9450, Test Loss: 0.6353, Test Accuracy: 0.9122
Epoch 38/500 - Train Loss: 0.5017, Train Accuracy: 0.9425, Test Loss: 0.6710, Test Accuracy: 0.8973
Epoch 39/500 - Train Loss: 0.4993, Train Accuracy: 0.9475, Test Loss: 0.7140, Test Accuracy: 0.8855
Epoch 40/500 - Train Loss: 0.4904, Train Accuracy: 0.9525, Test Loss: 0.6826, Test Accuracy: 0.8920
Epoch 41/500 - Train Loss: 0.4765, Train Accuracy: 0.9500, Test Loss: 0.6619, Test Accuracy: 0.9104
Epoch 42/500 - Train Loss: 0.4715, Train Accuracy: 0.9575, Test Loss: 0.6970, Test Accuracy: 0.8916
Epoch 43/500 - Train Loss: 0.4643, Train Accuracy: 0.9500, Test Loss: 0.7032, Test Accuracy: 0.8872
Epoch 44/500 - Train Loss: 0.5009, Train Accuracy: 0.9450, Test Loss: 0.6983, Test Accuracy: 0.8868
Epoch 45/500 - Train Loss: 0.4748, Train Accuracy: 0.9550, Test Loss: 0.6420, Test Accuracy: 0.9056
Epoch 46/500 - Train Loss: 0.4879, Train Accuracy: 0.9575, Test Loss: 0.6595, Test Accuracy: 0.8955
Epoch 47/500 - Train Loss: 0.4537, Train Accuracy: 0.9575, Test Loss: 0.6656, Test Accuracy: 0.8955
Epoch 48/500 - Train Loss: 0.4334, Train Accuracy: 0.9775, Test Loss: 0.6818, Test Accuracy: 0.8846
Epoch 49/500 - Train Loss: 0.4591, Train Accuracy: 0.9500, Test Loss: 0.6826, Test Accuracy: 0.8855
Epoch 50/500 - Train Loss: 0.4319, Train Accuracy: 0.9775, Test Loss: 0.6407, Test Accuracy: 0.8990
Epoch 51/500 - Train Loss: 0.4333, Train Accuracy: 0.9725, Test Loss: 0.6422, Test Accuracy: 0.8960
Epoch 52/500 - Train Loss: 0.4419, Train Accuracy: 0.9650, Test Loss: 0.6257, Test Accuracy: 0.9038
Epoch 53/500 - Train Loss: 0.4519, Train Accuracy: 0.9675, Test Loss: 0.6367, Test Accuracy: 0.9003
Epoch 54/500 - Train Loss: 0.4254, Train Accuracy: 0.9700, Test Loss: 0.6062, Test Accuracy: 0.9069
Epoch 55/500 - Train Loss: 0.4345, Train Accuracy: 0.9650, Test Loss: 0.6468, Test Accuracy: 0.8912
Epoch 56/500 - Train Loss: 0.4236, Train Accuracy: 0.9725, Test Loss: 0.6501, Test Accuracy: 0.8912
Epoch 57/500 - Train Loss: 0.4256, Train Accuracy: 0.9750, Test Loss: 0.6831, Test Accuracy: 0.8741
Epoch 58/500 - Train Loss: 0.4234, Train Accuracy: 0.9700, Test Loss: 0.6518, Test Accuracy: 0.8881
Epoch 59/500 - Train Loss: 0.4271, Train Accuracy: 0.9750, Test Loss: 0.6618, Test Accuracy: 0.8763
Epoch 60/500 - Train Loss: 0.4045, Train Accuracy: 0.9800, Test Loss: 0.6425, Test Accuracy: 0.8894
Epoch 61/500 - Train Loss: 0.4167, Train Accuracy: 0.9650, Test Loss: 0.6419, Test Accuracy: 0.8868
Epoch 62/500 - Train Loss: 0.4111, Train Accuracy: 0.9725, Test Loss: 0.6096, Test Accuracy: 0.8977
Epoch 63/500 - Train Loss: 0.3908, Train Accuracy: 0.9825, Test Loss: 0.5700, Test Accuracy: 0.9200
Epoch 64/500 - Train Loss: 0.3801, Train Accuracy: 0.9925, Test Loss: 0.6290, Test Accuracy: 0.8938
Epoch 65/500 - Train Loss: 0.3743, Train Accuracy: 0.9850, Test Loss: 0.6437, Test Accuracy: 0.8894
Epoch 66/500 - Train Loss: 0.3892, Train Accuracy: 0.9825, Test Loss: 0.6158, Test Accuracy: 0.8973
Epoch 67/500 - Train Loss: 0.3996, Train Accuracy: 0.9775, Test Loss: 0.6287, Test Accuracy: 0.8912
Epoch 68/500 - Train Loss: 0.3968, Train Accuracy: 0.9775, Test Loss: 0.6347, Test Accuracy: 0.8864
Epoch 69/500 - Train Loss: 0.4006, Train Accuracy: 0.9650, Test Loss: 0.6298, Test Accuracy: 0.8877
Epoch 70/500 - Train Loss: 0.3958, Train Accuracy: 0.9700, Test Loss: 0.6626, Test Accuracy: 0.8798
Epoch 71/500 - Train Loss: 0.3920, Train Accuracy: 0.9775, Test Loss: 0.6114, Test Accuracy: 0.8973
Epoch 72/500 - Train Loss: 0.4012, Train Accuracy: 0.9725, Test Loss: 0.5760, Test Accuracy: 0.9095
Epoch 73/500 - Train Loss: 0.3851, Train Accuracy: 0.9825, Test Loss: 0.5775, Test Accuracy: 0.9091
Epoch 74/500 - Train Loss: 0.3830, Train Accuracy: 0.9900, Test Loss: 0.5697, Test Accuracy: 0.9130
Epoch 75/500 - Train Loss: 0.3875, Train Accuracy: 0.9850, Test Loss: 0.5982, Test Accuracy: 0.9056
Epoch 76/500 - Train Loss: 0.3785, Train Accuracy: 0.9825, Test Loss: 0.5997, Test Accuracy: 0.9030
Epoch 77/500 - Train Loss: 0.3822, Train Accuracy: 0.9800, Test Loss: 0.5799, Test Accuracy: 0.9095
Epoch 78/500 - Train Loss: 0.3826, Train Accuracy: 0.9825, Test Loss: 0.5767, Test Accuracy: 0.9095

Early stopping triggered at epoch 78
Best test loss: 0.5697
Best test accuracy: 0.9200
Plot saved as trained_models/Sweep_data run/metrics/loss.png
Plot saved as trained_models/Sweep_data run/metrics/metrics.png
