Using GPU 0: NVIDIA GeForce RTX 3090
Epoch 1/500 - Train Loss: 2.1440, Train Accuracy: 0.1325, Test Loss: 2.0947, Test Accuracy: 0.1381
Epoch 2/500 - Train Loss: 1.9443, Train Accuracy: 0.2500, Test Loss: 1.9810, Test Accuracy: 0.2325
Epoch 3/500 - Train Loss: 1.8300, Train Accuracy: 0.3450, Test Loss: 1.8338, Test Accuracy: 0.3671
Epoch 4/500 - Train Loss: 1.7049, Train Accuracy: 0.4975, Test Loss: 1.7169, Test Accuracy: 0.4725
Epoch 5/500 - Train Loss: 1.6054, Train Accuracy: 0.5450, Test Loss: 1.6227, Test Accuracy: 0.5415
Epoch 6/500 - Train Loss: 1.5217, Train Accuracy: 0.5725, Test Loss: 1.5351, Test Accuracy: 0.6141
Epoch 7/500 - Train Loss: 1.4215, Train Accuracy: 0.6525, Test Loss: 1.4700, Test Accuracy: 0.6508
Epoch 8/500 - Train Loss: 1.3610, Train Accuracy: 0.6800, Test Loss: 1.4030, Test Accuracy: 0.6783
Epoch 9/500 - Train Loss: 1.2902, Train Accuracy: 0.7025, Test Loss: 1.3186, Test Accuracy: 0.7207
Epoch 10/500 - Train Loss: 1.2112, Train Accuracy: 0.7075, Test Loss: 1.2708, Test Accuracy: 0.7496
Epoch 11/500 - Train Loss: 1.1470, Train Accuracy: 0.7650, Test Loss: 1.2433, Test Accuracy: 0.7517
Epoch 12/500 - Train Loss: 1.0819, Train Accuracy: 0.7725, Test Loss: 1.1388, Test Accuracy: 0.7850
Epoch 13/500 - Train Loss: 1.0241, Train Accuracy: 0.8100, Test Loss: 1.0829, Test Accuracy: 0.8038
Epoch 14/500 - Train Loss: 1.0182, Train Accuracy: 0.7875, Test Loss: 1.0372, Test Accuracy: 0.8055
Epoch 15/500 - Train Loss: 0.9774, Train Accuracy: 0.8075, Test Loss: 0.9821, Test Accuracy: 0.8265
Epoch 16/500 - Train Loss: 0.9205, Train Accuracy: 0.8475, Test Loss: 0.9683, Test Accuracy: 0.8260
Epoch 17/500 - Train Loss: 0.8817, Train Accuracy: 0.8475, Test Loss: 0.9245, Test Accuracy: 0.8352
Epoch 18/500 - Train Loss: 0.8601, Train Accuracy: 0.8300, Test Loss: 0.8868, Test Accuracy: 0.8422
Epoch 19/500 - Train Loss: 0.8491, Train Accuracy: 0.8325, Test Loss: 0.8641, Test Accuracy: 0.8453
Epoch 20/500 - Train Loss: 0.8135, Train Accuracy: 0.8525, Test Loss: 0.8269, Test Accuracy: 0.8606
Epoch 21/500 - Train Loss: 0.7715, Train Accuracy: 0.8800, Test Loss: 0.8060, Test Accuracy: 0.8628
Epoch 22/500 - Train Loss: 0.7823, Train Accuracy: 0.8575, Test Loss: 0.7940, Test Accuracy: 0.8623
Epoch 23/500 - Train Loss: 0.7348, Train Accuracy: 0.8675, Test Loss: 0.7754, Test Accuracy: 0.8741
Epoch 24/500 - Train Loss: 0.7752, Train Accuracy: 0.8525, Test Loss: 0.7411, Test Accuracy: 0.8776
Epoch 25/500 - Train Loss: 0.7466, Train Accuracy: 0.8525, Test Loss: 0.7327, Test Accuracy: 0.8781
Epoch 26/500 - Train Loss: 0.6812, Train Accuracy: 0.9025, Test Loss: 0.7244, Test Accuracy: 0.8746
Epoch 27/500 - Train Loss: 0.7198, Train Accuracy: 0.8625, Test Loss: 0.7030, Test Accuracy: 0.8798
Epoch 28/500 - Train Loss: 0.6965, Train Accuracy: 0.8700, Test Loss: 0.6693, Test Accuracy: 0.8877
Epoch 29/500 - Train Loss: 0.6470, Train Accuracy: 0.9125, Test Loss: 0.6588, Test Accuracy: 0.8942
Epoch 30/500 - Train Loss: 0.6182, Train Accuracy: 0.9075, Test Loss: 0.6350, Test Accuracy: 0.8990
Epoch 31/500 - Train Loss: 0.6198, Train Accuracy: 0.9125, Test Loss: 0.6259, Test Accuracy: 0.8964
Epoch 32/500 - Train Loss: 0.6003, Train Accuracy: 0.9275, Test Loss: 0.6288, Test Accuracy: 0.8960
Epoch 33/500 - Train Loss: 0.6245, Train Accuracy: 0.9075, Test Loss: 0.6286, Test Accuracy: 0.8872
Epoch 34/500 - Train Loss: 0.6045, Train Accuracy: 0.9125, Test Loss: 0.6143, Test Accuracy: 0.8964
Epoch 35/500 - Train Loss: 0.5811, Train Accuracy: 0.9300, Test Loss: 0.6187, Test Accuracy: 0.8947
Epoch 36/500 - Train Loss: 0.6011, Train Accuracy: 0.9100, Test Loss: 0.6105, Test Accuracy: 0.8912
Epoch 37/500 - Train Loss: 0.5735, Train Accuracy: 0.9100, Test Loss: 0.6037, Test Accuracy: 0.8947
Epoch 38/500 - Train Loss: 0.5659, Train Accuracy: 0.9125, Test Loss: 0.5736, Test Accuracy: 0.9030
Epoch 39/500 - Train Loss: 0.5809, Train Accuracy: 0.9050, Test Loss: 0.5600, Test Accuracy: 0.9139
Epoch 40/500 - Train Loss: 0.5425, Train Accuracy: 0.9200, Test Loss: 0.5695, Test Accuracy: 0.9108
Epoch 41/500 - Train Loss: 0.5493, Train Accuracy: 0.9125, Test Loss: 0.5446, Test Accuracy: 0.9152
Epoch 42/500 - Train Loss: 0.5593, Train Accuracy: 0.9025, Test Loss: 0.5391, Test Accuracy: 0.9205
Epoch 43/500 - Train Loss: 0.5493, Train Accuracy: 0.9250, Test Loss: 0.5487, Test Accuracy: 0.9183
Epoch 44/500 - Train Loss: 0.5606, Train Accuracy: 0.9125, Test Loss: 0.5489, Test Accuracy: 0.9165
Epoch 45/500 - Train Loss: 0.5261, Train Accuracy: 0.9250, Test Loss: 0.5376, Test Accuracy: 0.9191
Epoch 46/500 - Train Loss: 0.4908, Train Accuracy: 0.9450, Test Loss: 0.5311, Test Accuracy: 0.9248
Epoch 47/500 - Train Loss: 0.5336, Train Accuracy: 0.9250, Test Loss: 0.5369, Test Accuracy: 0.9170
Epoch 48/500 - Train Loss: 0.5175, Train Accuracy: 0.9225, Test Loss: 0.5240, Test Accuracy: 0.9244
Epoch 49/500 - Train Loss: 0.5042, Train Accuracy: 0.9325, Test Loss: 0.5231, Test Accuracy: 0.9231
Epoch 50/500 - Train Loss: 0.4781, Train Accuracy: 0.9450, Test Loss: 0.5332, Test Accuracy: 0.9161
Epoch 51/500 - Train Loss: 0.4670, Train Accuracy: 0.9550, Test Loss: 0.5195, Test Accuracy: 0.9218
Epoch 52/500 - Train Loss: 0.4969, Train Accuracy: 0.9475, Test Loss: 0.5129, Test Accuracy: 0.9274
Epoch 53/500 - Train Loss: 0.4825, Train Accuracy: 0.9525, Test Loss: 0.5191, Test Accuracy: 0.9209
Epoch 54/500 - Train Loss: 0.4820, Train Accuracy: 0.9600, Test Loss: 0.5189, Test Accuracy: 0.9213
Epoch 55/500 - Train Loss: 0.4749, Train Accuracy: 0.9650, Test Loss: 0.5201, Test Accuracy: 0.9200
Epoch 56/500 - Train Loss: 0.4693, Train Accuracy: 0.9500, Test Loss: 0.5191, Test Accuracy: 0.9213
Epoch 57/500 - Train Loss: 0.4815, Train Accuracy: 0.9425, Test Loss: 0.5169, Test Accuracy: 0.9235
Epoch 58/500 - Train Loss: 0.4847, Train Accuracy: 0.9475, Test Loss: 0.5138, Test Accuracy: 0.9231
Epoch 59/500 - Train Loss: 0.4591, Train Accuracy: 0.9550, Test Loss: 0.5092, Test Accuracy: 0.9253
Epoch 60/500 - Train Loss: 0.4794, Train Accuracy: 0.9325, Test Loss: 0.5154, Test Accuracy: 0.9235
Epoch 61/500 - Train Loss: 0.4598, Train Accuracy: 0.9500, Test Loss: 0.5085, Test Accuracy: 0.9253
Epoch 62/500 - Train Loss: 0.4593, Train Accuracy: 0.9500, Test Loss: 0.5028, Test Accuracy: 0.9279
Epoch 63/500 - Train Loss: 0.4607, Train Accuracy: 0.9450, Test Loss: 0.5194, Test Accuracy: 0.9235
Epoch 64/500 - Train Loss: 0.4254, Train Accuracy: 0.9675, Test Loss: 0.5211, Test Accuracy: 0.9205
Epoch 65/500 - Train Loss: 0.4662, Train Accuracy: 0.9500, Test Loss: 0.5141, Test Accuracy: 0.9222
Epoch 66/500 - Train Loss: 0.4495, Train Accuracy: 0.9575, Test Loss: 0.5239, Test Accuracy: 0.9170
Epoch 67/500 - Train Loss: 0.4780, Train Accuracy: 0.9425, Test Loss: 0.5059, Test Accuracy: 0.9261
Epoch 68/500 - Train Loss: 0.4679, Train Accuracy: 0.9400, Test Loss: 0.5105, Test Accuracy: 0.9244
Epoch 69/500 - Train Loss: 0.4322, Train Accuracy: 0.9550, Test Loss: 0.5175, Test Accuracy: 0.9209
Epoch 70/500 - Train Loss: 0.4330, Train Accuracy: 0.9600, Test Loss: 0.5165, Test Accuracy: 0.9213
Epoch 71/500 - Train Loss: 0.4487, Train Accuracy: 0.9550, Test Loss: 0.5208, Test Accuracy: 0.9191
Epoch 72/500 - Train Loss: 0.4465, Train Accuracy: 0.9525, Test Loss: 0.5065, Test Accuracy: 0.9274
Epoch 73/500 - Train Loss: 0.4361, Train Accuracy: 0.9575, Test Loss: 0.5086, Test Accuracy: 0.9274
Epoch 74/500 - Train Loss: 0.4260, Train Accuracy: 0.9650, Test Loss: 0.5110, Test Accuracy: 0.9231
Epoch 75/500 - Train Loss: 0.4332, Train Accuracy: 0.9550, Test Loss: 0.4922, Test Accuracy: 0.9314
Epoch 76/500 - Train Loss: 0.4199, Train Accuracy: 0.9750, Test Loss: 0.4928, Test Accuracy: 0.9314
Epoch 77/500 - Train Loss: 0.4092, Train Accuracy: 0.9825, Test Loss: 0.4891, Test Accuracy: 0.9323
Epoch 78/500 - Train Loss: 0.4500, Train Accuracy: 0.9525, Test Loss: 0.5014, Test Accuracy: 0.9261
Epoch 79/500 - Train Loss: 0.4061, Train Accuracy: 0.9725, Test Loss: 0.5020, Test Accuracy: 0.9226
Epoch 80/500 - Train Loss: 0.4291, Train Accuracy: 0.9650, Test Loss: 0.5083, Test Accuracy: 0.9222
Epoch 81/500 - Train Loss: 0.4176, Train Accuracy: 0.9725, Test Loss: 0.5161, Test Accuracy: 0.9200
Epoch 82/500 - Train Loss: 0.4335, Train Accuracy: 0.9525, Test Loss: 0.5244, Test Accuracy: 0.9161
Epoch 83/500 - Train Loss: 0.3976, Train Accuracy: 0.9700, Test Loss: 0.5233, Test Accuracy: 0.9126
Epoch 84/500 - Train Loss: 0.3978, Train Accuracy: 0.9750, Test Loss: 0.5084, Test Accuracy: 0.9235
Epoch 85/500 - Train Loss: 0.4069, Train Accuracy: 0.9625, Test Loss: 0.5021, Test Accuracy: 0.9244
Epoch 86/500 - Train Loss: 0.3923, Train Accuracy: 0.9825, Test Loss: 0.5039, Test Accuracy: 0.9257
Epoch 87/500 - Train Loss: 0.4182, Train Accuracy: 0.9700, Test Loss: 0.4928, Test Accuracy: 0.9305
Epoch 88/500 - Train Loss: 0.4226, Train Accuracy: 0.9675, Test Loss: 0.4851, Test Accuracy: 0.9336
Epoch 89/500 - Train Loss: 0.3999, Train Accuracy: 0.9725, Test Loss: 0.4979, Test Accuracy: 0.9323
Epoch 90/500 - Train Loss: 0.3934, Train Accuracy: 0.9825, Test Loss: 0.4946, Test Accuracy: 0.9292
Epoch 91/500 - Train Loss: 0.3901, Train Accuracy: 0.9800, Test Loss: 0.5017, Test Accuracy: 0.9257
Epoch 92/500 - Train Loss: 0.3932, Train Accuracy: 0.9775, Test Loss: 0.5138, Test Accuracy: 0.9222
Epoch 93/500 - Train Loss: 0.3948, Train Accuracy: 0.9800, Test Loss: 0.4968, Test Accuracy: 0.9274
Epoch 94/500 - Train Loss: 0.4094, Train Accuracy: 0.9750, Test Loss: 0.5002, Test Accuracy: 0.9270
Epoch 95/500 - Train Loss: 0.4066, Train Accuracy: 0.9725, Test Loss: 0.5242, Test Accuracy: 0.9148
Epoch 96/500 - Train Loss: 0.3690, Train Accuracy: 0.9900, Test Loss: 0.5139, Test Accuracy: 0.9209
Epoch 97/500 - Train Loss: 0.4154, Train Accuracy: 0.9625, Test Loss: 0.5226, Test Accuracy: 0.9187
Epoch 98/500 - Train Loss: 0.3795, Train Accuracy: 0.9900, Test Loss: 0.4977, Test Accuracy: 0.9318
Epoch 99/500 - Train Loss: 0.3736, Train Accuracy: 0.9875, Test Loss: 0.4981, Test Accuracy: 0.9314
Epoch 100/500 - Train Loss: 0.3785, Train Accuracy: 0.9850, Test Loss: 0.4942, Test Accuracy: 0.9305
Epoch 101/500 - Train Loss: 0.3702, Train Accuracy: 0.9875, Test Loss: 0.4893, Test Accuracy: 0.9340
Epoch 102/500 - Train Loss: 0.3924, Train Accuracy: 0.9775, Test Loss: 0.4864, Test Accuracy: 0.9349
Epoch 103/500 - Train Loss: 0.3718, Train Accuracy: 0.9775, Test Loss: 0.4991, Test Accuracy: 0.9296

Early stopping triggered at epoch 103
Best test loss: 0.4851
Best test accuracy: 0.9349
Plot saved as trained_models/Sweep_data run/metrics/loss.png
Plot saved as trained_models/Sweep_data run/metrics/metrics.png
