Using GPU 0: NVIDIA GeForce RTX 3090
Epoch 1/500 - Train Loss: 2.0160, Train Accuracy: 0.2150, Test Loss: 1.9773, Test Accuracy: 0.3116
Epoch 2/500 - Train Loss: 1.7588, Train Accuracy: 0.4525, Test Loss: 1.7270, Test Accuracy: 0.5350
Epoch 3/500 - Train Loss: 1.5376, Train Accuracy: 0.6375, Test Loss: 1.5040, Test Accuracy: 0.6552
Epoch 4/500 - Train Loss: 1.3564, Train Accuracy: 0.7100, Test Loss: 1.3011, Test Accuracy: 0.7321
Epoch 5/500 - Train Loss: 1.2111, Train Accuracy: 0.8025, Test Loss: 1.1373, Test Accuracy: 0.7753
Epoch 6/500 - Train Loss: 1.0458, Train Accuracy: 0.8375, Test Loss: 0.9976, Test Accuracy: 0.8199
Epoch 7/500 - Train Loss: 0.9460, Train Accuracy: 0.8400, Test Loss: 0.8923, Test Accuracy: 0.8400
Epoch 8/500 - Train Loss: 0.8473, Train Accuracy: 0.8575, Test Loss: 0.8006, Test Accuracy: 0.8615
Epoch 9/500 - Train Loss: 0.7569, Train Accuracy: 0.8950, Test Loss: 0.7050, Test Accuracy: 0.8947
Epoch 10/500 - Train Loss: 0.6776, Train Accuracy: 0.9125, Test Loss: 0.6291, Test Accuracy: 0.9161
Epoch 11/500 - Train Loss: 0.6140, Train Accuracy: 0.9075, Test Loss: 0.5581, Test Accuracy: 0.9226
Epoch 12/500 - Train Loss: 0.5667, Train Accuracy: 0.9100, Test Loss: 0.5099, Test Accuracy: 0.9235
Epoch 13/500 - Train Loss: 0.4932, Train Accuracy: 0.9350, Test Loss: 0.4763, Test Accuracy: 0.9305
Epoch 14/500 - Train Loss: 0.4682, Train Accuracy: 0.9500, Test Loss: 0.4425, Test Accuracy: 0.9358
Epoch 15/500 - Train Loss: 0.4549, Train Accuracy: 0.9300, Test Loss: 0.4162, Test Accuracy: 0.9340
Epoch 16/500 - Train Loss: 0.4280, Train Accuracy: 0.9475, Test Loss: 0.4017, Test Accuracy: 0.9344
Epoch 17/500 - Train Loss: 0.3927, Train Accuracy: 0.9450, Test Loss: 0.3758, Test Accuracy: 0.9397
Epoch 18/500 - Train Loss: 0.3968, Train Accuracy: 0.9425, Test Loss: 0.3582, Test Accuracy: 0.9449
Epoch 19/500 - Train Loss: 0.3244, Train Accuracy: 0.9775, Test Loss: 0.3483, Test Accuracy: 0.9414
Epoch 20/500 - Train Loss: 0.3307, Train Accuracy: 0.9650, Test Loss: 0.3355, Test Accuracy: 0.9432
Epoch 21/500 - Train Loss: 0.3448, Train Accuracy: 0.9725, Test Loss: 0.3294, Test Accuracy: 0.9423
Epoch 22/500 - Train Loss: 0.2960, Train Accuracy: 0.9750, Test Loss: 0.3199, Test Accuracy: 0.9462
Epoch 23/500 - Train Loss: 0.3079, Train Accuracy: 0.9625, Test Loss: 0.3124, Test Accuracy: 0.9458
Epoch 24/500 - Train Loss: 0.2823, Train Accuracy: 0.9675, Test Loss: 0.3130, Test Accuracy: 0.9441
Epoch 25/500 - Train Loss: 0.2814, Train Accuracy: 0.9750, Test Loss: 0.3222, Test Accuracy: 0.9366
Epoch 26/500 - Train Loss: 0.2645, Train Accuracy: 0.9775, Test Loss: 0.3099, Test Accuracy: 0.9414
Epoch 27/500 - Train Loss: 0.2555, Train Accuracy: 0.9825, Test Loss: 0.3042, Test Accuracy: 0.9445
Epoch 28/500 - Train Loss: 0.2738, Train Accuracy: 0.9675, Test Loss: 0.3000, Test Accuracy: 0.9467
Epoch 29/500 - Train Loss: 0.2376, Train Accuracy: 0.9800, Test Loss: 0.2984, Test Accuracy: 0.9506
Epoch 30/500 - Train Loss: 0.2555, Train Accuracy: 0.9700, Test Loss: 0.3027, Test Accuracy: 0.9462
Epoch 31/500 - Train Loss: 0.2339, Train Accuracy: 0.9800, Test Loss: 0.3001, Test Accuracy: 0.9454
Epoch 32/500 - Train Loss: 0.2244, Train Accuracy: 0.9900, Test Loss: 0.2987, Test Accuracy: 0.9454
Epoch 33/500 - Train Loss: 0.2223, Train Accuracy: 0.9875, Test Loss: 0.2982, Test Accuracy: 0.9449
Epoch 34/500 - Train Loss: 0.2239, Train Accuracy: 0.9875, Test Loss: 0.2976, Test Accuracy: 0.9454
Epoch 35/500 - Train Loss: 0.2449, Train Accuracy: 0.9725, Test Loss: 0.2946, Test Accuracy: 0.9497
Epoch 36/500 - Train Loss: 0.2424, Train Accuracy: 0.9700, Test Loss: 0.3045, Test Accuracy: 0.9414
Epoch 37/500 - Train Loss: 0.2289, Train Accuracy: 0.9750, Test Loss: 0.2976, Test Accuracy: 0.9427
Epoch 38/500 - Train Loss: 0.2148, Train Accuracy: 0.9875, Test Loss: 0.2957, Test Accuracy: 0.9427
Epoch 39/500 - Train Loss: 0.2154, Train Accuracy: 0.9825, Test Loss: 0.2974, Test Accuracy: 0.9480
Epoch 40/500 - Train Loss: 0.2145, Train Accuracy: 0.9800, Test Loss: 0.2864, Test Accuracy: 0.9519
Epoch 41/500 - Train Loss: 0.1905, Train Accuracy: 0.9950, Test Loss: 0.2831, Test Accuracy: 0.9528
Epoch 42/500 - Train Loss: 0.2099, Train Accuracy: 0.9850, Test Loss: 0.2873, Test Accuracy: 0.9502
Epoch 43/500 - Train Loss: 0.2135, Train Accuracy: 0.9850, Test Loss: 0.2974, Test Accuracy: 0.9449
Epoch 44/500 - Train Loss: 0.1912, Train Accuracy: 0.9850, Test Loss: 0.2955, Test Accuracy: 0.9432
Epoch 45/500 - Train Loss: 0.1921, Train Accuracy: 0.9875, Test Loss: 0.2889, Test Accuracy: 0.9515
Epoch 46/500 - Train Loss: 0.2002, Train Accuracy: 0.9900, Test Loss: 0.2875, Test Accuracy: 0.9493
Epoch 47/500 - Train Loss: 0.1969, Train Accuracy: 0.9900, Test Loss: 0.2896, Test Accuracy: 0.9497
Epoch 48/500 - Train Loss: 0.2021, Train Accuracy: 0.9825, Test Loss: 0.2876, Test Accuracy: 0.9484
Epoch 49/500 - Train Loss: 0.1819, Train Accuracy: 0.9900, Test Loss: 0.2874, Test Accuracy: 0.9480
Epoch 50/500 - Train Loss: 0.1849, Train Accuracy: 0.9900, Test Loss: 0.2870, Test Accuracy: 0.9458
Epoch 51/500 - Train Loss: 0.1767, Train Accuracy: 0.9925, Test Loss: 0.3002, Test Accuracy: 0.9432
Epoch 52/500 - Train Loss: 0.1961, Train Accuracy: 0.9850, Test Loss: 0.2929, Test Accuracy: 0.9480
Epoch 53/500 - Train Loss: 0.1891, Train Accuracy: 0.9875, Test Loss: 0.2908, Test Accuracy: 0.9489
Epoch 54/500 - Train Loss: 0.1797, Train Accuracy: 0.9925, Test Loss: 0.2835, Test Accuracy: 0.9554
Epoch 55/500 - Train Loss: 0.1901, Train Accuracy: 0.9875, Test Loss: 0.2951, Test Accuracy: 0.9449
Epoch 56/500 - Train Loss: 0.1937, Train Accuracy: 0.9900, Test Loss: 0.2929, Test Accuracy: 0.9476

Early stopping triggered at epoch 56
Best test loss: 0.2831
Best test accuracy: 0.9554
Plot saved as trained_models/Sweep_data run/metrics/loss.png
Plot saved as trained_models/Sweep_data run/metrics/metrics.png
