Using GPU 0: NVIDIA GeForce RTX 3090
Epoch 1/500 - Train Loss: 2.0077, Train Accuracy: 0.2400, Test Loss: 2.0533, Test Accuracy: 0.1801
Epoch 2/500 - Train Loss: 1.6087, Train Accuracy: 0.5900, Test Loss: 1.8138, Test Accuracy: 0.4611
Epoch 3/500 - Train Loss: 1.2617, Train Accuracy: 0.7975, Test Loss: 1.4636, Test Accuracy: 0.6997
Epoch 4/500 - Train Loss: 1.0463, Train Accuracy: 0.8525, Test Loss: 1.1650, Test Accuracy: 0.8029
Epoch 5/500 - Train Loss: 0.8804, Train Accuracy: 0.9025, Test Loss: 0.9491, Test Accuracy: 0.8715
Epoch 6/500 - Train Loss: 0.7267, Train Accuracy: 0.9200, Test Loss: 0.7999, Test Accuracy: 0.9008
Epoch 7/500 - Train Loss: 0.6302, Train Accuracy: 0.9325, Test Loss: 0.6858, Test Accuracy: 0.9161
Epoch 8/500 - Train Loss: 0.5673, Train Accuracy: 0.9450, Test Loss: 0.6011, Test Accuracy: 0.9274
Epoch 9/500 - Train Loss: 0.5000, Train Accuracy: 0.9650, Test Loss: 0.5386, Test Accuracy: 0.9366
Epoch 10/500 - Train Loss: 0.4726, Train Accuracy: 0.9625, Test Loss: 0.5046, Test Accuracy: 0.9401
Epoch 11/500 - Train Loss: 0.4201, Train Accuracy: 0.9725, Test Loss: 0.4793, Test Accuracy: 0.9423
Epoch 12/500 - Train Loss: 0.4155, Train Accuracy: 0.9650, Test Loss: 0.4643, Test Accuracy: 0.9432
Epoch 13/500 - Train Loss: 0.3793, Train Accuracy: 0.9875, Test Loss: 0.4529, Test Accuracy: 0.9484
Epoch 14/500 - Train Loss: 0.3783, Train Accuracy: 0.9800, Test Loss: 0.4437, Test Accuracy: 0.9502
Epoch 15/500 - Train Loss: 0.3723, Train Accuracy: 0.9850, Test Loss: 0.4420, Test Accuracy: 0.9489
Epoch 16/500 - Train Loss: 0.3638, Train Accuracy: 0.9825, Test Loss: 0.4370, Test Accuracy: 0.9454
Epoch 17/500 - Train Loss: 0.3406, Train Accuracy: 0.9850, Test Loss: 0.4267, Test Accuracy: 0.9493
Epoch 18/500 - Train Loss: 0.3535, Train Accuracy: 0.9850, Test Loss: 0.4322, Test Accuracy: 0.9471
Epoch 19/500 - Train Loss: 0.3355, Train Accuracy: 0.9900, Test Loss: 0.4250, Test Accuracy: 0.9484
Epoch 20/500 - Train Loss: 0.3206, Train Accuracy: 0.9900, Test Loss: 0.4167, Test Accuracy: 0.9489
Epoch 21/500 - Train Loss: 0.3145, Train Accuracy: 0.9950, Test Loss: 0.4185, Test Accuracy: 0.9462
Epoch 22/500 - Train Loss: 0.3180, Train Accuracy: 0.9925, Test Loss: 0.4185, Test Accuracy: 0.9493
Epoch 23/500 - Train Loss: 0.3104, Train Accuracy: 0.9900, Test Loss: 0.4176, Test Accuracy: 0.9489
Epoch 24/500 - Train Loss: 0.3018, Train Accuracy: 0.9950, Test Loss: 0.4208, Test Accuracy: 0.9454
Epoch 25/500 - Train Loss: 0.3171, Train Accuracy: 0.9875, Test Loss: 0.4184, Test Accuracy: 0.9432
Epoch 26/500 - Train Loss: 0.2956, Train Accuracy: 0.9950, Test Loss: 0.4151, Test Accuracy: 0.9458
Epoch 27/500 - Train Loss: 0.2969, Train Accuracy: 0.9925, Test Loss: 0.4142, Test Accuracy: 0.9454
Epoch 28/500 - Train Loss: 0.3030, Train Accuracy: 0.9925, Test Loss: 0.4309, Test Accuracy: 0.9379
Epoch 29/500 - Train Loss: 0.3061, Train Accuracy: 0.9850, Test Loss: 0.4486, Test Accuracy: 0.9327
Epoch 30/500 - Train Loss: 0.3085, Train Accuracy: 0.9925, Test Loss: 0.4459, Test Accuracy: 0.9379
Epoch 31/500 - Train Loss: 0.2914, Train Accuracy: 1.0000, Test Loss: 0.4265, Test Accuracy: 0.9441
Epoch 32/500 - Train Loss: 0.2938, Train Accuracy: 0.9975, Test Loss: 0.4179, Test Accuracy: 0.9467
Epoch 33/500 - Train Loss: 0.2890, Train Accuracy: 0.9975, Test Loss: 0.4155, Test Accuracy: 0.9497
Epoch 34/500 - Train Loss: 0.2965, Train Accuracy: 0.9950, Test Loss: 0.4191, Test Accuracy: 0.9458
Epoch 35/500 - Train Loss: 0.2888, Train Accuracy: 0.9950, Test Loss: 0.4228, Test Accuracy: 0.9432
Epoch 36/500 - Train Loss: 0.2865, Train Accuracy: 0.9975, Test Loss: 0.4204, Test Accuracy: 0.9436
Epoch 37/500 - Train Loss: 0.2879, Train Accuracy: 0.9975, Test Loss: 0.4209, Test Accuracy: 0.9462
Epoch 38/500 - Train Loss: 0.2797, Train Accuracy: 1.0000, Test Loss: 0.4255, Test Accuracy: 0.9388
Epoch 39/500 - Train Loss: 0.2870, Train Accuracy: 0.9950, Test Loss: 0.4306, Test Accuracy: 0.9392
Epoch 40/500 - Train Loss: 0.2916, Train Accuracy: 0.9925, Test Loss: 0.4268, Test Accuracy: 0.9401
Epoch 41/500 - Train Loss: 0.2913, Train Accuracy: 0.9900, Test Loss: 0.4271, Test Accuracy: 0.9401

Early stopping triggered at epoch 41
Best test loss: 0.4142
Best test accuracy: 0.9502
Plot saved as trained_models/Sweep run/metrics/loss.png
Plot saved as trained_models/Sweep run/metrics/metrics.png
