wandb: Starting wandb agent 🕵️
2026-01-10 20:35:42,960 - wandb.wandb_agent - INFO - Running runs: []
2026-01-10 20:35:43,280 - wandb.wandb_agent - INFO - Agent received command: run
2026-01-10 20:35:43,280 - wandb.wandb_agent - INFO - Agent starting run with config:
	affine: 0.9035100928382837
	blur: 0.6579938403228575
	brightness: 0.8707396819387312
	contrast: 0.7619379035306864
	crop: 0.6059857785132954
	crop_scale: 0.357117729418144
	flip: 0.7455423007617253
	gaussian_blur_kernel: 3
	gaussian_noise_std: 0.8115927815674602
	grey: 0.20209824466950277
	hue: -0.08983016237560276
	jiggle: 0.5550175718032082
	rotate: 0.996044044925272
	rotation: 18
	saturation: 1.1615349398163972
	scale: 0.8887422042319986
	shear: 11
	translate_x: 0.2887905500261739
	translate_y: 0.04055619441162781
2026-01-10 20:35:43,282 - wandb.wandb_agent - INFO - About to run command: /usr/bin/env python train_data.py --affine=0.9035100928382837 --blur=0.6579938403228575 --brightness=0.8707396819387312 --contrast=0.7619379035306864 --crop=0.6059857785132954 --crop_scale=0.357117729418144 --flip=0.7455423007617253 --gaussian_blur_kernel=3 --gaussian_noise_std=0.8115927815674602 --grey=0.20209824466950277 --hue=-0.08983016237560276 --jiggle=0.5550175718032082 --rotate=0.996044044925272 --rotation=18 --saturation=1.1615349398163972 --scale=0.8887422042319986 --shear=11 --translate_x=0.2887905500261739 --translate_y=0.04055619441162781
wandb: Currently logged in as: arnaumarcosalmansa (mcv-team-6) to https://api.wandb.ai. Use `wandb login --relogin` to force relogin
wandb: WARNING Ignoring project 'C3-Week3' when running a sweep.
wandb: WARNING Ignoring entity 'mcv-team-6' when running a sweep.
2026-01-10 20:35:48,288 - wandb.wandb_agent - INFO - Running runs: ['c9k2yuyh']
wandb: setting up run c9k2yuyh
wandb: Tracking run with wandb version 0.23.1
wandb: Run data is saved locally in /export/home/group06/workspace/project-team-6/Week3/wandb/run-20260110_203547-c9k2yuyh
wandb: Run `wandb offline` to turn off syncing.
wandb: Syncing run Sweep run
wandb: ⭐️ View project at https://wandb.ai/mcv-team-6/C3-Week3
wandb: 🧹 View sweep at https://wandb.ai/mcv-team-6/C3-Week3/sweeps/g5vb4edr
wandb: 🚀 View run at https://wandb.ai/mcv-team-6/C3-Week3/runs/c9k2yuyh
Traceback (most recent call last):
  File "/export/home/group06/workspace/project-team-6/Week3/train_data.py", line 61, in <module>
    ka.ColorJitter(brightness=cfg.brightness,
  File "/ghome/group06/miniconda3/envs/c3/lib/python3.12/site-packages/kornia/augmentation/_2d/intensity/color_jitter.py", line 105, in __init__
    self._param_generator = rg.ColorJitterGenerator(brightness, contrast, saturation, hue)
                            ^^^^^^^^^^^^^^^^^^^^^^^^^^^^^^^^^^^^^^^^^^^^^^^^^^^^^^^^^^^^^^
  File "/ghome/group06/miniconda3/envs/c3/lib/python3.12/site-packages/kornia/augmentation/random_generator/base.py", line 34, in __call__
    obj.__post_init__()
  File "/ghome/group06/miniconda3/envs/c3/lib/python3.12/site-packages/kornia/augmentation/random_generator/base.py", line 48, in __post_init__
    self.set_rng_device_and_dtype()
  File "/ghome/group06/miniconda3/envs/c3/lib/python3.12/site-packages/kornia/augmentation/random_generator/base.py", line 64, in set_rng_device_and_dtype
    self.make_samplers(device, dtype)
  File "/ghome/group06/miniconda3/envs/c3/lib/python3.12/site-packages/kornia/augmentation/random_generator/_2d/color_jitter.py", line 86, in make_samplers
    hue: Tensor = _range_bound(self.hue, "hue", bounds=(-0.5, 0.5), device=device, dtype=dtype)
                  ^^^^^^^^^^^^^^^^^^^^^^^^^^^^^^^^^^^^^^^^^^^^^^^^^^^^^^^^^^^^^^^^^^^^^^^^^^^^^
  File "/ghome/group06/miniconda3/envs/c3/lib/python3.12/site-packages/kornia/augmentation/utils/param_validation.py", line 53, in _range_bound
    raise ValueError(f"If {name} is a single number, it must be non negative. Got {factor}.")
ValueError: If hue is a single number, it must be non negative. Got -0.08983016014099121.
2026-01-10 20:35:53,434 - wandb.wandb_agent - INFO - Cleaning up finished run: c9k2yuyh
wandb: Terminating and syncing runs. Press ctrl-c to kill.
