Using GPU 0: NVIDIA GeForce RTX 3090
Epoch 1/500 - Train Loss: 2.0833, Train Accuracy: 0.1675, Test Loss: 2.0157, Test Accuracy: 0.2273
Epoch 2/500 - Train Loss: 1.8763, Train Accuracy: 0.3425, Test Loss: 1.8523, Test Accuracy: 0.3698
Epoch 3/500 - Train Loss: 1.7202, Train Accuracy: 0.5075, Test Loss: 1.6728, Test Accuracy: 0.5328
Epoch 4/500 - Train Loss: 1.5739, Train Accuracy: 0.5850, Test Loss: 1.5243, Test Accuracy: 0.6407
Epoch 5/500 - Train Loss: 1.4570, Train Accuracy: 0.6700, Test Loss: 1.3985, Test Accuracy: 0.6919
Epoch 6/500 - Train Loss: 1.3571, Train Accuracy: 0.7075, Test Loss: 1.2894, Test Accuracy: 0.7316
Epoch 7/500 - Train Loss: 1.2449, Train Accuracy: 0.7500, Test Loss: 1.2131, Test Accuracy: 0.7719
Epoch 8/500 - Train Loss: 1.1985, Train Accuracy: 0.7750, Test Loss: 1.1206, Test Accuracy: 0.8077
Epoch 9/500 - Train Loss: 1.1083, Train Accuracy: 0.8050, Test Loss: 1.0486, Test Accuracy: 0.8444
Epoch 10/500 - Train Loss: 1.0610, Train Accuracy: 0.7950, Test Loss: 0.9880, Test Accuracy: 0.8593
Epoch 11/500 - Train Loss: 1.0258, Train Accuracy: 0.8150, Test Loss: 0.9175, Test Accuracy: 0.8715
Epoch 12/500 - Train Loss: 0.9664, Train Accuracy: 0.8025, Test Loss: 0.8686, Test Accuracy: 0.8737
Epoch 13/500 - Train Loss: 0.8803, Train Accuracy: 0.8700, Test Loss: 0.8174, Test Accuracy: 0.8877
Epoch 14/500 - Train Loss: 0.8803, Train Accuracy: 0.8425, Test Loss: 0.7812, Test Accuracy: 0.8925
Epoch 15/500 - Train Loss: 0.8346, Train Accuracy: 0.8675, Test Loss: 0.7516, Test Accuracy: 0.8942
Epoch 16/500 - Train Loss: 0.8175, Train Accuracy: 0.8500, Test Loss: 0.7168, Test Accuracy: 0.9021
Epoch 17/500 - Train Loss: 0.7680, Train Accuracy: 0.8775, Test Loss: 0.6910, Test Accuracy: 0.9060
Epoch 18/500 - Train Loss: 0.7203, Train Accuracy: 0.8900, Test Loss: 0.6703, Test Accuracy: 0.9078
Epoch 19/500 - Train Loss: 0.7189, Train Accuracy: 0.9025, Test Loss: 0.6445, Test Accuracy: 0.9143
Epoch 20/500 - Train Loss: 0.6816, Train Accuracy: 0.9050, Test Loss: 0.6259, Test Accuracy: 0.9209
Epoch 21/500 - Train Loss: 0.6929, Train Accuracy: 0.8950, Test Loss: 0.6124, Test Accuracy: 0.9196
Epoch 22/500 - Train Loss: 0.6614, Train Accuracy: 0.9100, Test Loss: 0.6015, Test Accuracy: 0.9187
Epoch 23/500 - Train Loss: 0.6637, Train Accuracy: 0.9000, Test Loss: 0.5884, Test Accuracy: 0.9209
Epoch 24/500 - Train Loss: 0.6054, Train Accuracy: 0.9175, Test Loss: 0.5751, Test Accuracy: 0.9240
Epoch 25/500 - Train Loss: 0.6060, Train Accuracy: 0.9150, Test Loss: 0.5636, Test Accuracy: 0.9274
Epoch 26/500 - Train Loss: 0.6030, Train Accuracy: 0.9200, Test Loss: 0.5583, Test Accuracy: 0.9279
Epoch 27/500 - Train Loss: 0.5779, Train Accuracy: 0.9150, Test Loss: 0.5524, Test Accuracy: 0.9274
Epoch 28/500 - Train Loss: 0.5534, Train Accuracy: 0.9500, Test Loss: 0.5447, Test Accuracy: 0.9318
Epoch 29/500 - Train Loss: 0.5859, Train Accuracy: 0.9225, Test Loss: 0.5392, Test Accuracy: 0.9309
Epoch 30/500 - Train Loss: 0.5477, Train Accuracy: 0.9375, Test Loss: 0.5333, Test Accuracy: 0.9288
Epoch 31/500 - Train Loss: 0.5292, Train Accuracy: 0.9450, Test Loss: 0.5297, Test Accuracy: 0.9336
Epoch 32/500 - Train Loss: 0.5380, Train Accuracy: 0.9300, Test Loss: 0.5238, Test Accuracy: 0.9331
Epoch 33/500 - Train Loss: 0.5271, Train Accuracy: 0.9350, Test Loss: 0.5225, Test Accuracy: 0.9344
Epoch 34/500 - Train Loss: 0.5060, Train Accuracy: 0.9425, Test Loss: 0.5200, Test Accuracy: 0.9371
Epoch 35/500 - Train Loss: 0.4767, Train Accuracy: 0.9650, Test Loss: 0.5150, Test Accuracy: 0.9366
Epoch 36/500 - Train Loss: 0.4898, Train Accuracy: 0.9450, Test Loss: 0.5141, Test Accuracy: 0.9349
Epoch 37/500 - Train Loss: 0.4731, Train Accuracy: 0.9650, Test Loss: 0.5111, Test Accuracy: 0.9362
Epoch 38/500 - Train Loss: 0.5145, Train Accuracy: 0.9475, Test Loss: 0.5073, Test Accuracy: 0.9336
Epoch 39/500 - Train Loss: 0.4914, Train Accuracy: 0.9550, Test Loss: 0.5074, Test Accuracy: 0.9358
Epoch 40/500 - Train Loss: 0.4913, Train Accuracy: 0.9600, Test Loss: 0.5027, Test Accuracy: 0.9371
Epoch 41/500 - Train Loss: 0.4926, Train Accuracy: 0.9450, Test Loss: 0.5030, Test Accuracy: 0.9353
Epoch 42/500 - Train Loss: 0.4760, Train Accuracy: 0.9450, Test Loss: 0.5011, Test Accuracy: 0.9353
Epoch 43/500 - Train Loss: 0.4898, Train Accuracy: 0.9400, Test Loss: 0.4990, Test Accuracy: 0.9388
Epoch 44/500 - Train Loss: 0.4493, Train Accuracy: 0.9600, Test Loss: 0.4964, Test Accuracy: 0.9388
Epoch 45/500 - Train Loss: 0.4491, Train Accuracy: 0.9600, Test Loss: 0.4904, Test Accuracy: 0.9388
Epoch 46/500 - Train Loss: 0.4445, Train Accuracy: 0.9650, Test Loss: 0.4921, Test Accuracy: 0.9397
Epoch 47/500 - Train Loss: 0.4291, Train Accuracy: 0.9625, Test Loss: 0.4930, Test Accuracy: 0.9401
Epoch 48/500 - Train Loss: 0.4495, Train Accuracy: 0.9650, Test Loss: 0.4936, Test Accuracy: 0.9371
Epoch 49/500 - Train Loss: 0.4146, Train Accuracy: 0.9775, Test Loss: 0.4939, Test Accuracy: 0.9379
Epoch 50/500 - Train Loss: 0.4606, Train Accuracy: 0.9600, Test Loss: 0.4932, Test Accuracy: 0.9388
Epoch 51/500 - Train Loss: 0.4233, Train Accuracy: 0.9650, Test Loss: 0.4953, Test Accuracy: 0.9366
Epoch 52/500 - Train Loss: 0.4464, Train Accuracy: 0.9650, Test Loss: 0.4982, Test Accuracy: 0.9340
Epoch 53/500 - Train Loss: 0.4253, Train Accuracy: 0.9600, Test Loss: 0.4948, Test Accuracy: 0.9318
Epoch 54/500 - Train Loss: 0.4191, Train Accuracy: 0.9750, Test Loss: 0.4946, Test Accuracy: 0.9358
Epoch 55/500 - Train Loss: 0.4111, Train Accuracy: 0.9750, Test Loss: 0.4929, Test Accuracy: 0.9371
Epoch 56/500 - Train Loss: 0.4081, Train Accuracy: 0.9675, Test Loss: 0.4902, Test Accuracy: 0.9362
Epoch 57/500 - Train Loss: 0.4241, Train Accuracy: 0.9650, Test Loss: 0.4878, Test Accuracy: 0.9410
Epoch 58/500 - Train Loss: 0.4038, Train Accuracy: 0.9725, Test Loss: 0.4857, Test Accuracy: 0.9432
Epoch 59/500 - Train Loss: 0.4124, Train Accuracy: 0.9775, Test Loss: 0.4843, Test Accuracy: 0.9388
Epoch 60/500 - Train Loss: 0.4283, Train Accuracy: 0.9725, Test Loss: 0.4811, Test Accuracy: 0.9427
Epoch 61/500 - Train Loss: 0.4240, Train Accuracy: 0.9675, Test Loss: 0.4816, Test Accuracy: 0.9410
Epoch 62/500 - Train Loss: 0.4266, Train Accuracy: 0.9700, Test Loss: 0.4870, Test Accuracy: 0.9327
Epoch 63/500 - Train Loss: 0.4200, Train Accuracy: 0.9675, Test Loss: 0.4851, Test Accuracy: 0.9375
Epoch 64/500 - Train Loss: 0.4063, Train Accuracy: 0.9775, Test Loss: 0.4843, Test Accuracy: 0.9379
Epoch 65/500 - Train Loss: 0.4072, Train Accuracy: 0.9750, Test Loss: 0.4820, Test Accuracy: 0.9384
Epoch 66/500 - Train Loss: 0.3994, Train Accuracy: 0.9850, Test Loss: 0.4842, Test Accuracy: 0.9371
Epoch 67/500 - Train Loss: 0.4021, Train Accuracy: 0.9775, Test Loss: 0.4838, Test Accuracy: 0.9384
Epoch 68/500 - Train Loss: 0.3909, Train Accuracy: 0.9825, Test Loss: 0.4822, Test Accuracy: 0.9397
Epoch 69/500 - Train Loss: 0.3962, Train Accuracy: 0.9850, Test Loss: 0.4874, Test Accuracy: 0.9371
Epoch 70/500 - Train Loss: 0.4134, Train Accuracy: 0.9625, Test Loss: 0.4846, Test Accuracy: 0.9353
Epoch 71/500 - Train Loss: 0.3806, Train Accuracy: 0.9925, Test Loss: 0.4860, Test Accuracy: 0.9344
Epoch 72/500 - Train Loss: 0.4100, Train Accuracy: 0.9775, Test Loss: 0.4896, Test Accuracy: 0.9301
Epoch 73/500 - Train Loss: 0.4017, Train Accuracy: 0.9775, Test Loss: 0.4908, Test Accuracy: 0.9314
Epoch 74/500 - Train Loss: 0.4164, Train Accuracy: 0.9700, Test Loss: 0.4844, Test Accuracy: 0.9410
Epoch 75/500 - Train Loss: 0.4082, Train Accuracy: 0.9675, Test Loss: 0.4882, Test Accuracy: 0.9340

Early stopping triggered at epoch 75
Best test loss: 0.4811
Best test accuracy: 0.9432
Plot saved as trained_models/Sweep_data run/metrics/loss.png
Plot saved as trained_models/Sweep_data run/metrics/metrics.png
