Using GPU 0: NVIDIA GeForce RTX 3090
Epoch 1/500 - Train Loss: 2.0267, Train Accuracy: 0.2075, Test Loss: 2.0171, Test Accuracy: 0.2019
Epoch 2/500 - Train Loss: 1.8543, Train Accuracy: 0.3825, Test Loss: 1.8429, Test Accuracy: 0.3942
Epoch 3/500 - Train Loss: 1.7161, Train Accuracy: 0.4875, Test Loss: 1.6883, Test Accuracy: 0.5144
Epoch 4/500 - Train Loss: 1.5647, Train Accuracy: 0.6150, Test Loss: 1.5521, Test Accuracy: 0.6005
Epoch 5/500 - Train Loss: 1.4911, Train Accuracy: 0.6400, Test Loss: 1.4284, Test Accuracy: 0.6722
Epoch 6/500 - Train Loss: 1.3399, Train Accuracy: 0.7250, Test Loss: 1.3244, Test Accuracy: 0.7185
Epoch 7/500 - Train Loss: 1.2800, Train Accuracy: 0.7200, Test Loss: 1.2433, Test Accuracy: 0.7500
Epoch 8/500 - Train Loss: 1.1730, Train Accuracy: 0.7550, Test Loss: 1.1686, Test Accuracy: 0.7810
Epoch 9/500 - Train Loss: 1.1469, Train Accuracy: 0.7525, Test Loss: 1.0854, Test Accuracy: 0.8142
Epoch 10/500 - Train Loss: 1.0667, Train Accuracy: 0.8150, Test Loss: 1.0251, Test Accuracy: 0.8409
Epoch 11/500 - Train Loss: 1.0408, Train Accuracy: 0.8075, Test Loss: 0.9692, Test Accuracy: 0.8440
Epoch 12/500 - Train Loss: 0.9680, Train Accuracy: 0.8100, Test Loss: 0.9181, Test Accuracy: 0.8628
Epoch 13/500 - Train Loss: 0.9221, Train Accuracy: 0.8275, Test Loss: 0.8799, Test Accuracy: 0.8711
Epoch 14/500 - Train Loss: 0.9080, Train Accuracy: 0.8200, Test Loss: 0.8315, Test Accuracy: 0.8851
Epoch 15/500 - Train Loss: 0.8992, Train Accuracy: 0.8275, Test Loss: 0.8005, Test Accuracy: 0.8789
Epoch 16/500 - Train Loss: 0.8454, Train Accuracy: 0.8675, Test Loss: 0.7844, Test Accuracy: 0.8794
Epoch 17/500 - Train Loss: 0.8135, Train Accuracy: 0.8550, Test Loss: 0.7524, Test Accuracy: 0.8824
Epoch 18/500 - Train Loss: 0.8345, Train Accuracy: 0.8275, Test Loss: 0.7252, Test Accuracy: 0.8851
Epoch 19/500 - Train Loss: 0.7726, Train Accuracy: 0.8825, Test Loss: 0.6996, Test Accuracy: 0.8899
Epoch 20/500 - Train Loss: 0.7694, Train Accuracy: 0.8600, Test Loss: 0.6820, Test Accuracy: 0.8942
Epoch 21/500 - Train Loss: 0.7130, Train Accuracy: 0.8875, Test Loss: 0.6614, Test Accuracy: 0.8995
Epoch 22/500 - Train Loss: 0.6861, Train Accuracy: 0.8925, Test Loss: 0.6524, Test Accuracy: 0.9008
Epoch 23/500 - Train Loss: 0.6839, Train Accuracy: 0.8975, Test Loss: 0.6346, Test Accuracy: 0.9003
Epoch 24/500 - Train Loss: 0.6784, Train Accuracy: 0.8925, Test Loss: 0.6168, Test Accuracy: 0.9065
Epoch 25/500 - Train Loss: 0.6921, Train Accuracy: 0.8725, Test Loss: 0.6076, Test Accuracy: 0.9065
Epoch 26/500 - Train Loss: 0.6522, Train Accuracy: 0.8925, Test Loss: 0.5872, Test Accuracy: 0.9187
Epoch 27/500 - Train Loss: 0.6321, Train Accuracy: 0.9000, Test Loss: 0.5837, Test Accuracy: 0.9152
Epoch 28/500 - Train Loss: 0.6309, Train Accuracy: 0.8925, Test Loss: 0.5894, Test Accuracy: 0.9082
Epoch 29/500 - Train Loss: 0.6089, Train Accuracy: 0.9100, Test Loss: 0.5759, Test Accuracy: 0.9143
Epoch 30/500 - Train Loss: 0.5824, Train Accuracy: 0.9250, Test Loss: 0.5594, Test Accuracy: 0.9196
Epoch 31/500 - Train Loss: 0.6226, Train Accuracy: 0.8825, Test Loss: 0.5534, Test Accuracy: 0.9231
Epoch 32/500 - Train Loss: 0.5905, Train Accuracy: 0.9200, Test Loss: 0.5482, Test Accuracy: 0.9222
Epoch 33/500 - Train Loss: 0.5461, Train Accuracy: 0.9250, Test Loss: 0.5464, Test Accuracy: 0.9205
Epoch 34/500 - Train Loss: 0.5848, Train Accuracy: 0.9075, Test Loss: 0.5574, Test Accuracy: 0.9156
Epoch 35/500 - Train Loss: 0.5696, Train Accuracy: 0.9150, Test Loss: 0.5468, Test Accuracy: 0.9196
Epoch 36/500 - Train Loss: 0.5514, Train Accuracy: 0.9225, Test Loss: 0.5379, Test Accuracy: 0.9191
Epoch 37/500 - Train Loss: 0.5380, Train Accuracy: 0.9400, Test Loss: 0.5388, Test Accuracy: 0.9170
Epoch 38/500 - Train Loss: 0.5556, Train Accuracy: 0.9200, Test Loss: 0.5334, Test Accuracy: 0.9222
Epoch 39/500 - Train Loss: 0.5684, Train Accuracy: 0.9125, Test Loss: 0.5356, Test Accuracy: 0.9165
Epoch 40/500 - Train Loss: 0.5324, Train Accuracy: 0.9200, Test Loss: 0.5325, Test Accuracy: 0.9191
Epoch 41/500 - Train Loss: 0.5345, Train Accuracy: 0.9150, Test Loss: 0.5365, Test Accuracy: 0.9174
Epoch 42/500 - Train Loss: 0.5347, Train Accuracy: 0.9275, Test Loss: 0.5370, Test Accuracy: 0.9126
Epoch 43/500 - Train Loss: 0.5243, Train Accuracy: 0.9275, Test Loss: 0.5269, Test Accuracy: 0.9205
Epoch 44/500 - Train Loss: 0.5153, Train Accuracy: 0.9275, Test Loss: 0.5297, Test Accuracy: 0.9178
Epoch 45/500 - Train Loss: 0.5076, Train Accuracy: 0.9450, Test Loss: 0.5387, Test Accuracy: 0.9139
Epoch 46/500 - Train Loss: 0.5064, Train Accuracy: 0.9350, Test Loss: 0.5308, Test Accuracy: 0.9183
Epoch 47/500 - Train Loss: 0.5025, Train Accuracy: 0.9450, Test Loss: 0.5288, Test Accuracy: 0.9174
Epoch 48/500 - Train Loss: 0.5082, Train Accuracy: 0.9300, Test Loss: 0.5288, Test Accuracy: 0.9178
Epoch 49/500 - Train Loss: 0.4632, Train Accuracy: 0.9525, Test Loss: 0.5167, Test Accuracy: 0.9235
Epoch 50/500 - Train Loss: 0.4902, Train Accuracy: 0.9400, Test Loss: 0.5113, Test Accuracy: 0.9279
Epoch 51/500 - Train Loss: 0.4903, Train Accuracy: 0.9425, Test Loss: 0.5019, Test Accuracy: 0.9314
Epoch 52/500 - Train Loss: 0.4782, Train Accuracy: 0.9525, Test Loss: 0.5122, Test Accuracy: 0.9261
Epoch 53/500 - Train Loss: 0.4868, Train Accuracy: 0.9350, Test Loss: 0.5038, Test Accuracy: 0.9288
Epoch 54/500 - Train Loss: 0.5002, Train Accuracy: 0.9325, Test Loss: 0.4983, Test Accuracy: 0.9323
Epoch 55/500 - Train Loss: 0.4947, Train Accuracy: 0.9375, Test Loss: 0.4999, Test Accuracy: 0.9296
Epoch 56/500 - Train Loss: 0.4488, Train Accuracy: 0.9525, Test Loss: 0.4940, Test Accuracy: 0.9336
Epoch 57/500 - Train Loss: 0.4651, Train Accuracy: 0.9575, Test Loss: 0.4956, Test Accuracy: 0.9305
Epoch 58/500 - Train Loss: 0.4581, Train Accuracy: 0.9500, Test Loss: 0.5101, Test Accuracy: 0.9244
Epoch 59/500 - Train Loss: 0.5196, Train Accuracy: 0.9175, Test Loss: 0.4996, Test Accuracy: 0.9305
Epoch 60/500 - Train Loss: 0.4972, Train Accuracy: 0.9350, Test Loss: 0.5098, Test Accuracy: 0.9226
Epoch 61/500 - Train Loss: 0.4700, Train Accuracy: 0.9450, Test Loss: 0.5043, Test Accuracy: 0.9274
Epoch 62/500 - Train Loss: 0.4479, Train Accuracy: 0.9575, Test Loss: 0.5089, Test Accuracy: 0.9257
Epoch 63/500 - Train Loss: 0.4582, Train Accuracy: 0.9575, Test Loss: 0.5138, Test Accuracy: 0.9218
Epoch 64/500 - Train Loss: 0.4237, Train Accuracy: 0.9825, Test Loss: 0.4982, Test Accuracy: 0.9305
Epoch 65/500 - Train Loss: 0.4432, Train Accuracy: 0.9625, Test Loss: 0.5082, Test Accuracy: 0.9231
Epoch 66/500 - Train Loss: 0.4476, Train Accuracy: 0.9675, Test Loss: 0.5024, Test Accuracy: 0.9283
Epoch 67/500 - Train Loss: 0.4322, Train Accuracy: 0.9700, Test Loss: 0.4954, Test Accuracy: 0.9314
Epoch 68/500 - Train Loss: 0.4531, Train Accuracy: 0.9675, Test Loss: 0.5086, Test Accuracy: 0.9257
Epoch 69/500 - Train Loss: 0.4590, Train Accuracy: 0.9550, Test Loss: 0.5062, Test Accuracy: 0.9305
Epoch 70/500 - Train Loss: 0.4625, Train Accuracy: 0.9525, Test Loss: 0.5082, Test Accuracy: 0.9270
Epoch 71/500 - Train Loss: 0.4449, Train Accuracy: 0.9600, Test Loss: 0.4974, Test Accuracy: 0.9305

Early stopping triggered at epoch 71
Best test loss: 0.4940
Best test accuracy: 0.9336
Plot saved as trained_models/Sweep_data run/metrics/loss.png
Plot saved as trained_models/Sweep_data run/metrics/metrics.png
