Using GPU 0: NVIDIA GeForce RTX 3090
Epoch 1/500 - Train Loss: 2.0418, Train Accuracy: 0.1825, Test Loss: 2.0396, Test Accuracy: 0.1464
Epoch 2/500 - Train Loss: 1.8495, Train Accuracy: 0.3725, Test Loss: 1.8411, Test Accuracy: 0.4467
Epoch 3/500 - Train Loss: 1.7269, Train Accuracy: 0.5075, Test Loss: 1.6492, Test Accuracy: 0.5909
Epoch 4/500 - Train Loss: 1.5958, Train Accuracy: 0.5900, Test Loss: 1.4991, Test Accuracy: 0.7032
Epoch 5/500 - Train Loss: 1.4536, Train Accuracy: 0.6875, Test Loss: 1.3663, Test Accuracy: 0.7653
Epoch 6/500 - Train Loss: 1.3776, Train Accuracy: 0.7175, Test Loss: 1.2623, Test Accuracy: 0.8038
Epoch 7/500 - Train Loss: 1.3078, Train Accuracy: 0.7500, Test Loss: 1.1652, Test Accuracy: 0.8269
Epoch 8/500 - Train Loss: 1.2204, Train Accuracy: 0.7900, Test Loss: 1.0846, Test Accuracy: 0.8497
Epoch 9/500 - Train Loss: 1.1564, Train Accuracy: 0.8075, Test Loss: 1.0131, Test Accuracy: 0.8654
Epoch 10/500 - Train Loss: 1.0840, Train Accuracy: 0.8100, Test Loss: 0.9482, Test Accuracy: 0.8746
Epoch 11/500 - Train Loss: 1.0287, Train Accuracy: 0.8100, Test Loss: 0.8789, Test Accuracy: 0.8829
Epoch 12/500 - Train Loss: 0.9667, Train Accuracy: 0.8425, Test Loss: 0.8372, Test Accuracy: 0.8881
Epoch 13/500 - Train Loss: 0.9013, Train Accuracy: 0.8700, Test Loss: 0.7956, Test Accuracy: 0.8929
Epoch 14/500 - Train Loss: 0.9053, Train Accuracy: 0.8525, Test Loss: 0.7589, Test Accuracy: 0.8977
Epoch 15/500 - Train Loss: 0.8554, Train Accuracy: 0.8700, Test Loss: 0.7271, Test Accuracy: 0.9025
Epoch 16/500 - Train Loss: 0.8257, Train Accuracy: 0.8525, Test Loss: 0.6963, Test Accuracy: 0.9047
Epoch 17/500 - Train Loss: 0.8181, Train Accuracy: 0.8750, Test Loss: 0.6657, Test Accuracy: 0.9100
Epoch 18/500 - Train Loss: 0.7482, Train Accuracy: 0.8850, Test Loss: 0.6434, Test Accuracy: 0.9108
Epoch 19/500 - Train Loss: 0.7244, Train Accuracy: 0.9100, Test Loss: 0.6221, Test Accuracy: 0.9117
Epoch 20/500 - Train Loss: 0.7102, Train Accuracy: 0.8900, Test Loss: 0.6025, Test Accuracy: 0.9174
Epoch 21/500 - Train Loss: 0.7268, Train Accuracy: 0.8675, Test Loss: 0.5920, Test Accuracy: 0.9200
Epoch 22/500 - Train Loss: 0.6842, Train Accuracy: 0.8775, Test Loss: 0.5807, Test Accuracy: 0.9226
Epoch 23/500 - Train Loss: 0.7191, Train Accuracy: 0.8750, Test Loss: 0.5724, Test Accuracy: 0.9213
Epoch 24/500 - Train Loss: 0.6238, Train Accuracy: 0.9225, Test Loss: 0.5582, Test Accuracy: 0.9231
Epoch 25/500 - Train Loss: 0.6408, Train Accuracy: 0.9025, Test Loss: 0.5514, Test Accuracy: 0.9248
Epoch 26/500 - Train Loss: 0.6314, Train Accuracy: 0.8950, Test Loss: 0.5426, Test Accuracy: 0.9253
Epoch 27/500 - Train Loss: 0.6084, Train Accuracy: 0.9225, Test Loss: 0.5310, Test Accuracy: 0.9270
Epoch 28/500 - Train Loss: 0.5992, Train Accuracy: 0.9275, Test Loss: 0.5272, Test Accuracy: 0.9305
Epoch 29/500 - Train Loss: 0.5877, Train Accuracy: 0.9200, Test Loss: 0.5219, Test Accuracy: 0.9301
Epoch 30/500 - Train Loss: 0.5867, Train Accuracy: 0.9200, Test Loss: 0.5173, Test Accuracy: 0.9296
Epoch 31/500 - Train Loss: 0.5660, Train Accuracy: 0.9225, Test Loss: 0.5108, Test Accuracy: 0.9318
Epoch 32/500 - Train Loss: 0.5540, Train Accuracy: 0.9400, Test Loss: 0.5099, Test Accuracy: 0.9309
Epoch 33/500 - Train Loss: 0.5631, Train Accuracy: 0.9250, Test Loss: 0.5098, Test Accuracy: 0.9296
Epoch 34/500 - Train Loss: 0.5632, Train Accuracy: 0.9300, Test Loss: 0.5065, Test Accuracy: 0.9314
Epoch 35/500 - Train Loss: 0.5536, Train Accuracy: 0.9250, Test Loss: 0.5015, Test Accuracy: 0.9323
Epoch 36/500 - Train Loss: 0.5622, Train Accuracy: 0.9225, Test Loss: 0.5001, Test Accuracy: 0.9318
Epoch 37/500 - Train Loss: 0.5137, Train Accuracy: 0.9425, Test Loss: 0.4981, Test Accuracy: 0.9296
Epoch 38/500 - Train Loss: 0.5323, Train Accuracy: 0.9300, Test Loss: 0.4953, Test Accuracy: 0.9309
Epoch 39/500 - Train Loss: 0.5027, Train Accuracy: 0.9425, Test Loss: 0.4918, Test Accuracy: 0.9331
Epoch 40/500 - Train Loss: 0.5028, Train Accuracy: 0.9450, Test Loss: 0.4961, Test Accuracy: 0.9323
Epoch 41/500 - Train Loss: 0.5051, Train Accuracy: 0.9475, Test Loss: 0.4878, Test Accuracy: 0.9327
Epoch 42/500 - Train Loss: 0.5057, Train Accuracy: 0.9175, Test Loss: 0.4885, Test Accuracy: 0.9344
Epoch 43/500 - Train Loss: 0.5081, Train Accuracy: 0.9275, Test Loss: 0.4883, Test Accuracy: 0.9336
Epoch 44/500 - Train Loss: 0.5097, Train Accuracy: 0.9400, Test Loss: 0.4835, Test Accuracy: 0.9375
Epoch 45/500 - Train Loss: 0.5003, Train Accuracy: 0.9425, Test Loss: 0.4826, Test Accuracy: 0.9375
Epoch 46/500 - Train Loss: 0.4735, Train Accuracy: 0.9450, Test Loss: 0.4849, Test Accuracy: 0.9318
Epoch 47/500 - Train Loss: 0.4518, Train Accuracy: 0.9650, Test Loss: 0.4856, Test Accuracy: 0.9362
Epoch 48/500 - Train Loss: 0.4609, Train Accuracy: 0.9650, Test Loss: 0.4824, Test Accuracy: 0.9375
Epoch 49/500 - Train Loss: 0.5029, Train Accuracy: 0.9375, Test Loss: 0.4838, Test Accuracy: 0.9371
Epoch 50/500 - Train Loss: 0.4751, Train Accuracy: 0.9550, Test Loss: 0.4897, Test Accuracy: 0.9371
Epoch 51/500 - Train Loss: 0.4753, Train Accuracy: 0.9575, Test Loss: 0.4864, Test Accuracy: 0.9349
Epoch 52/500 - Train Loss: 0.4515, Train Accuracy: 0.9450, Test Loss: 0.4826, Test Accuracy: 0.9340
Epoch 53/500 - Train Loss: 0.4556, Train Accuracy: 0.9575, Test Loss: 0.4834, Test Accuracy: 0.9336
Epoch 54/500 - Train Loss: 0.4605, Train Accuracy: 0.9450, Test Loss: 0.4810, Test Accuracy: 0.9353
Epoch 55/500 - Train Loss: 0.4573, Train Accuracy: 0.9525, Test Loss: 0.4792, Test Accuracy: 0.9366
Epoch 56/500 - Train Loss: 0.4610, Train Accuracy: 0.9550, Test Loss: 0.4764, Test Accuracy: 0.9375
Epoch 57/500 - Train Loss: 0.4597, Train Accuracy: 0.9550, Test Loss: 0.4772, Test Accuracy: 0.9358
Epoch 58/500 - Train Loss: 0.4381, Train Accuracy: 0.9725, Test Loss: 0.4808, Test Accuracy: 0.9344
Epoch 59/500 - Train Loss: 0.4398, Train Accuracy: 0.9625, Test Loss: 0.4772, Test Accuracy: 0.9392
Epoch 60/500 - Train Loss: 0.4688, Train Accuracy: 0.9475, Test Loss: 0.4784, Test Accuracy: 0.9371
Epoch 61/500 - Train Loss: 0.4457, Train Accuracy: 0.9625, Test Loss: 0.4795, Test Accuracy: 0.9349
Epoch 62/500 - Train Loss: 0.4564, Train Accuracy: 0.9450, Test Loss: 0.4854, Test Accuracy: 0.9353
Epoch 63/500 - Train Loss: 0.4218, Train Accuracy: 0.9750, Test Loss: 0.4796, Test Accuracy: 0.9358
Epoch 64/500 - Train Loss: 0.4167, Train Accuracy: 0.9775, Test Loss: 0.4794, Test Accuracy: 0.9340
Epoch 65/500 - Train Loss: 0.4380, Train Accuracy: 0.9625, Test Loss: 0.4793, Test Accuracy: 0.9344
Epoch 66/500 - Train Loss: 0.4216, Train Accuracy: 0.9675, Test Loss: 0.4783, Test Accuracy: 0.9379
Epoch 67/500 - Train Loss: 0.4337, Train Accuracy: 0.9625, Test Loss: 0.4787, Test Accuracy: 0.9375
Epoch 68/500 - Train Loss: 0.3943, Train Accuracy: 0.9800, Test Loss: 0.4807, Test Accuracy: 0.9362
Epoch 69/500 - Train Loss: 0.4221, Train Accuracy: 0.9725, Test Loss: 0.4823, Test Accuracy: 0.9358
Epoch 70/500 - Train Loss: 0.4388, Train Accuracy: 0.9625, Test Loss: 0.4782, Test Accuracy: 0.9344
Epoch 71/500 - Train Loss: 0.4215, Train Accuracy: 0.9650, Test Loss: 0.4766, Test Accuracy: 0.9353

Early stopping triggered at epoch 71
Best test loss: 0.4764
Best test accuracy: 0.9392
Plot saved as trained_models/Sweep_data run/metrics/loss.png
Plot saved as trained_models/Sweep_data run/metrics/metrics.png
