wandb: Starting wandb agent 🕵️
2026-01-10 20:23:16,809 - wandb.wandb_agent - INFO - Running runs: []
2026-01-10 20:23:17,113 - wandb.wandb_agent - INFO - Agent received command: run
2026-01-10 20:23:17,113 - wandb.wandb_agent - INFO - Agent starting run with config:
	affine: 0.7722480972062001
	blur: 0.011714337499914906
	brightness: 1.0307731625234615
	contrast: 0.6864841253929052
	crop: 0.12295056193653064
	crop_scale: 0.7406442256479357
	flip: 0.5256675948779106
	gaussian_blur_kernel: 7
	gaussian_noise_std: 2.084032989581764
	grey: 0.4903444291865974
	hue: -0.007698356007386525
	jiggle: 0.8618400660314957
	rotate: 0.9722775687385412
	rotation: 23
	saturation: 0.7389402629442766
	scale: 1.0979419946787723
	shear: 16
	translate_x: 0.01135048220477315
	translate_y: 0.02468907043536968
2026-01-10 20:23:17,117 - wandb.wandb_agent - INFO - About to run command: /usr/bin/env python train_data.py --affine=0.7722480972062001 --blur=0.011714337499914906 --brightness=1.0307731625234615 --contrast=0.6864841253929052 --crop=0.12295056193653064 --crop_scale=0.7406442256479357 --flip=0.5256675948779106 --gaussian_blur_kernel=7 --gaussian_noise_std=2.084032989581764 --grey=0.4903444291865974 --hue=-0.007698356007386525 --jiggle=0.8618400660314957 --rotate=0.9722775687385412 --rotation=23 --saturation=0.7389402629442766 --scale=1.0979419946787723 --shear=16 --translate_x=0.01135048220477315 --translate_y=0.02468907043536968
wandb: Currently logged in as: arnaumarcosalmansa (mcv-team-6) to https://api.wandb.ai. Use `wandb login --relogin` to force relogin
wandb: WARNING Ignoring project 'C3-Week3' when running a sweep.
wandb: WARNING Ignoring entity 'mcv-team-6' when running a sweep.
wandb: Tracking run with wandb version 0.23.1
wandb: Run data is saved locally in /export/home/group06/workspace/project-team-6/Week3/wandb/run-20260110_202321-jzfnw8n3
wandb: Run `wandb offline` to turn off syncing.
wandb: Syncing run Sweep run
wandb: ⭐️ View project at https://wandb.ai/mcv-team-6/C3-Week3
wandb: 🧹 View sweep at https://wandb.ai/mcv-team-6/C3-Week3/sweeps/g5vb4edr
wandb: 🚀 View run at https://wandb.ai/mcv-team-6/C3-Week3/runs/jzfnw8n3
2026-01-10 20:23:22,120 - wandb.wandb_agent - INFO - Running runs: ['jzfnw8n3']
Traceback (most recent call last):
  File "/export/home/group06/workspace/project-team-6/Week3/train_data.py", line 61, in <module>
    ka.ColorJitter(brightness=cfg.brightness,
  File "/ghome/group06/miniconda3/envs/c3/lib/python3.12/site-packages/kornia/augmentation/_2d/intensity/color_jitter.py", line 105, in __init__
    self._param_generator = rg.ColorJitterGenerator(brightness, contrast, saturation, hue)
                            ^^^^^^^^^^^^^^^^^^^^^^^^^^^^^^^^^^^^^^^^^^^^^^^^^^^^^^^^^^^^^^
  File "/ghome/group06/miniconda3/envs/c3/lib/python3.12/site-packages/kornia/augmentation/random_generator/base.py", line 34, in __call__
    obj.__post_init__()
  File "/ghome/group06/miniconda3/envs/c3/lib/python3.12/site-packages/kornia/augmentation/random_generator/base.py", line 48, in __post_init__
    self.set_rng_device_and_dtype()
  File "/ghome/group06/miniconda3/envs/c3/lib/python3.12/site-packages/kornia/augmentation/random_generator/base.py", line 64, in set_rng_device_and_dtype
    self.make_samplers(device, dtype)
  File "/ghome/group06/miniconda3/envs/c3/lib/python3.12/site-packages/kornia/augmentation/random_generator/_2d/color_jitter.py", line 86, in make_samplers
    hue: Tensor = _range_bound(self.hue, "hue", bounds=(-0.5, 0.5), device=device, dtype=dtype)
                  ^^^^^^^^^^^^^^^^^^^^^^^^^^^^^^^^^^^^^^^^^^^^^^^^^^^^^^^^^^^^^^^^^^^^^^^^^^^^^
  File "/ghome/group06/miniconda3/envs/c3/lib/python3.12/site-packages/kornia/augmentation/utils/param_validation.py", line 53, in _range_bound
    raise ValueError(f"If {name} is a single number, it must be non negative. Got {factor}.")
ValueError: If hue is a single number, it must be non negative. Got -0.007698356173932552.
2026-01-10 20:23:27,265 - wandb.wandb_agent - INFO - Cleaning up finished run: jzfnw8n3
wandb: Terminating and syncing runs. Press ctrl-c to kill.
