Using GPU 0: NVIDIA GeForce RTX 3090
Epoch 1/500 - Train Loss: 2.0522, Train Accuracy: 0.2075, Test Loss: 2.0939, Test Accuracy: 0.1399
Epoch 2/500 - Train Loss: 1.8453, Train Accuracy: 0.4025, Test Loss: 1.8641, Test Accuracy: 0.3208
Epoch 3/500 - Train Loss: 1.6701, Train Accuracy: 0.5225, Test Loss: 1.6138, Test Accuracy: 0.5546
Epoch 4/500 - Train Loss: 1.5603, Train Accuracy: 0.5900, Test Loss: 1.4363, Test Accuracy: 0.6844
Epoch 5/500 - Train Loss: 1.4384, Train Accuracy: 0.6825, Test Loss: 1.2969, Test Accuracy: 0.7566
Epoch 6/500 - Train Loss: 1.3052, Train Accuracy: 0.7525, Test Loss: 1.1690, Test Accuracy: 0.8029
Epoch 7/500 - Train Loss: 1.2314, Train Accuracy: 0.7950, Test Loss: 1.0721, Test Accuracy: 0.8295
Epoch 8/500 - Train Loss: 1.1526, Train Accuracy: 0.8200, Test Loss: 0.9819, Test Accuracy: 0.8448
Epoch 9/500 - Train Loss: 1.0955, Train Accuracy: 0.8100, Test Loss: 0.9105, Test Accuracy: 0.8654
Epoch 10/500 - Train Loss: 1.0125, Train Accuracy: 0.8300, Test Loss: 0.8514, Test Accuracy: 0.8798
Epoch 11/500 - Train Loss: 0.9445, Train Accuracy: 0.8600, Test Loss: 0.8054, Test Accuracy: 0.8907
Epoch 12/500 - Train Loss: 0.9232, Train Accuracy: 0.8300, Test Loss: 0.7608, Test Accuracy: 0.8938
Epoch 13/500 - Train Loss: 0.8603, Train Accuracy: 0.8775, Test Loss: 0.7316, Test Accuracy: 0.9030
Epoch 14/500 - Train Loss: 0.8055, Train Accuracy: 0.8950, Test Loss: 0.6957, Test Accuracy: 0.9082
Epoch 15/500 - Train Loss: 0.7576, Train Accuracy: 0.9050, Test Loss: 0.6783, Test Accuracy: 0.9095
Epoch 16/500 - Train Loss: 0.7760, Train Accuracy: 0.8875, Test Loss: 0.6463, Test Accuracy: 0.9143
Epoch 17/500 - Train Loss: 0.7039, Train Accuracy: 0.8925, Test Loss: 0.6275, Test Accuracy: 0.9178
Epoch 18/500 - Train Loss: 0.6881, Train Accuracy: 0.9175, Test Loss: 0.6156, Test Accuracy: 0.9235
Epoch 19/500 - Train Loss: 0.6838, Train Accuracy: 0.9125, Test Loss: 0.5936, Test Accuracy: 0.9240
Epoch 20/500 - Train Loss: 0.6633, Train Accuracy: 0.9200, Test Loss: 0.5770, Test Accuracy: 0.9283
Epoch 21/500 - Train Loss: 0.6455, Train Accuracy: 0.9125, Test Loss: 0.5633, Test Accuracy: 0.9283
Epoch 22/500 - Train Loss: 0.6042, Train Accuracy: 0.9375, Test Loss: 0.5541, Test Accuracy: 0.9274
Epoch 23/500 - Train Loss: 0.5848, Train Accuracy: 0.9350, Test Loss: 0.5478, Test Accuracy: 0.9270
Epoch 24/500 - Train Loss: 0.5994, Train Accuracy: 0.9275, Test Loss: 0.5347, Test Accuracy: 0.9327
Epoch 25/500 - Train Loss: 0.5575, Train Accuracy: 0.9375, Test Loss: 0.5250, Test Accuracy: 0.9301
Epoch 26/500 - Train Loss: 0.5727, Train Accuracy: 0.9400, Test Loss: 0.5198, Test Accuracy: 0.9301
Epoch 27/500 - Train Loss: 0.5596, Train Accuracy: 0.9300, Test Loss: 0.5135, Test Accuracy: 0.9318
Epoch 28/500 - Train Loss: 0.5632, Train Accuracy: 0.9200, Test Loss: 0.5106, Test Accuracy: 0.9323
Epoch 29/500 - Train Loss: 0.5529, Train Accuracy: 0.9250, Test Loss: 0.5115, Test Accuracy: 0.9327
Epoch 30/500 - Train Loss: 0.5300, Train Accuracy: 0.9425, Test Loss: 0.5047, Test Accuracy: 0.9366
Epoch 31/500 - Train Loss: 0.5250, Train Accuracy: 0.9375, Test Loss: 0.4966, Test Accuracy: 0.9406
Epoch 32/500 - Train Loss: 0.5352, Train Accuracy: 0.9225, Test Loss: 0.4921, Test Accuracy: 0.9388
Epoch 33/500 - Train Loss: 0.4894, Train Accuracy: 0.9550, Test Loss: 0.4897, Test Accuracy: 0.9366
Epoch 34/500 - Train Loss: 0.4997, Train Accuracy: 0.9375, Test Loss: 0.4879, Test Accuracy: 0.9336
Epoch 35/500 - Train Loss: 0.4775, Train Accuracy: 0.9700, Test Loss: 0.4869, Test Accuracy: 0.9349
Epoch 36/500 - Train Loss: 0.4860, Train Accuracy: 0.9500, Test Loss: 0.4845, Test Accuracy: 0.9366
Epoch 37/500 - Train Loss: 0.4713, Train Accuracy: 0.9600, Test Loss: 0.4811, Test Accuracy: 0.9375
Epoch 38/500 - Train Loss: 0.4683, Train Accuracy: 0.9575, Test Loss: 0.4797, Test Accuracy: 0.9362
Epoch 39/500 - Train Loss: 0.5143, Train Accuracy: 0.9325, Test Loss: 0.4771, Test Accuracy: 0.9410
Epoch 40/500 - Train Loss: 0.4586, Train Accuracy: 0.9625, Test Loss: 0.4766, Test Accuracy: 0.9406
Epoch 41/500 - Train Loss: 0.4664, Train Accuracy: 0.9575, Test Loss: 0.4795, Test Accuracy: 0.9375
Epoch 42/500 - Train Loss: 0.4418, Train Accuracy: 0.9675, Test Loss: 0.4761, Test Accuracy: 0.9397
Epoch 43/500 - Train Loss: 0.4266, Train Accuracy: 0.9675, Test Loss: 0.4744, Test Accuracy: 0.9406
Epoch 44/500 - Train Loss: 0.4645, Train Accuracy: 0.9500, Test Loss: 0.4725, Test Accuracy: 0.9392
Epoch 45/500 - Train Loss: 0.4288, Train Accuracy: 0.9800, Test Loss: 0.4720, Test Accuracy: 0.9423
Epoch 46/500 - Train Loss: 0.4227, Train Accuracy: 0.9775, Test Loss: 0.4692, Test Accuracy: 0.9410
Epoch 47/500 - Train Loss: 0.4452, Train Accuracy: 0.9675, Test Loss: 0.4662, Test Accuracy: 0.9401
Epoch 48/500 - Train Loss: 0.4187, Train Accuracy: 0.9750, Test Loss: 0.4651, Test Accuracy: 0.9427
Epoch 49/500 - Train Loss: 0.4214, Train Accuracy: 0.9750, Test Loss: 0.4675, Test Accuracy: 0.9401
Epoch 50/500 - Train Loss: 0.4386, Train Accuracy: 0.9650, Test Loss: 0.4672, Test Accuracy: 0.9406
Epoch 51/500 - Train Loss: 0.4121, Train Accuracy: 0.9700, Test Loss: 0.4678, Test Accuracy: 0.9392
Epoch 52/500 - Train Loss: 0.4215, Train Accuracy: 0.9675, Test Loss: 0.4713, Test Accuracy: 0.9401
Epoch 53/500 - Train Loss: 0.4280, Train Accuracy: 0.9650, Test Loss: 0.4699, Test Accuracy: 0.9423
Epoch 54/500 - Train Loss: 0.4304, Train Accuracy: 0.9675, Test Loss: 0.4678, Test Accuracy: 0.9458
Epoch 55/500 - Train Loss: 0.3817, Train Accuracy: 0.9850, Test Loss: 0.4654, Test Accuracy: 0.9436
Epoch 56/500 - Train Loss: 0.4044, Train Accuracy: 0.9775, Test Loss: 0.4658, Test Accuracy: 0.9458
Epoch 57/500 - Train Loss: 0.4205, Train Accuracy: 0.9800, Test Loss: 0.4654, Test Accuracy: 0.9436
Epoch 58/500 - Train Loss: 0.3904, Train Accuracy: 0.9775, Test Loss: 0.4658, Test Accuracy: 0.9432
Epoch 59/500 - Train Loss: 0.4092, Train Accuracy: 0.9700, Test Loss: 0.4636, Test Accuracy: 0.9441
Epoch 60/500 - Train Loss: 0.4070, Train Accuracy: 0.9700, Test Loss: 0.4656, Test Accuracy: 0.9449
Epoch 61/500 - Train Loss: 0.4178, Train Accuracy: 0.9725, Test Loss: 0.4620, Test Accuracy: 0.9436
Epoch 62/500 - Train Loss: 0.3870, Train Accuracy: 0.9825, Test Loss: 0.4626, Test Accuracy: 0.9449
Epoch 63/500 - Train Loss: 0.3927, Train Accuracy: 0.9775, Test Loss: 0.4596, Test Accuracy: 0.9441
Epoch 64/500 - Train Loss: 0.3893, Train Accuracy: 0.9825, Test Loss: 0.4620, Test Accuracy: 0.9436
Epoch 65/500 - Train Loss: 0.3971, Train Accuracy: 0.9700, Test Loss: 0.4631, Test Accuracy: 0.9462
Epoch 66/500 - Train Loss: 0.4056, Train Accuracy: 0.9725, Test Loss: 0.4613, Test Accuracy: 0.9449
Epoch 67/500 - Train Loss: 0.3909, Train Accuracy: 0.9775, Test Loss: 0.4637, Test Accuracy: 0.9445
Epoch 68/500 - Train Loss: 0.3928, Train Accuracy: 0.9675, Test Loss: 0.4599, Test Accuracy: 0.9445
Epoch 69/500 - Train Loss: 0.3866, Train Accuracy: 0.9850, Test Loss: 0.4615, Test Accuracy: 0.9458
Epoch 70/500 - Train Loss: 0.4055, Train Accuracy: 0.9725, Test Loss: 0.4656, Test Accuracy: 0.9432
Epoch 71/500 - Train Loss: 0.3920, Train Accuracy: 0.9725, Test Loss: 0.4638, Test Accuracy: 0.9441
Epoch 72/500 - Train Loss: 0.3842, Train Accuracy: 0.9825, Test Loss: 0.4657, Test Accuracy: 0.9414
Epoch 73/500 - Train Loss: 0.3850, Train Accuracy: 0.9825, Test Loss: 0.4603, Test Accuracy: 0.9441
Epoch 74/500 - Train Loss: 0.3890, Train Accuracy: 0.9775, Test Loss: 0.4638, Test Accuracy: 0.9397
Epoch 75/500 - Train Loss: 0.3794, Train Accuracy: 0.9850, Test Loss: 0.4627, Test Accuracy: 0.9410
Epoch 76/500 - Train Loss: 0.3784, Train Accuracy: 0.9775, Test Loss: 0.4627, Test Accuracy: 0.9419
Epoch 77/500 - Train Loss: 0.3613, Train Accuracy: 0.9925, Test Loss: 0.4669, Test Accuracy: 0.9423
Epoch 78/500 - Train Loss: 0.3801, Train Accuracy: 0.9775, Test Loss: 0.4669, Test Accuracy: 0.9406

Early stopping triggered at epoch 78
Best test loss: 0.4596
Best test accuracy: 0.9462
Plot saved as trained_models/Sweep_data run/metrics/loss.png
Plot saved as trained_models/Sweep_data run/metrics/metrics.png
