Using GPU 0: NVIDIA GeForce RTX 3090
Epoch 1/500 - Train Loss: 1.3989, Train Accuracy: 0.6550, Test Loss: 1.6535, Test Accuracy: 0.4834
Epoch 2/500 - Train Loss: 1.2404, Train Accuracy: 0.7350, Test Loss: 1.6870, Test Accuracy: 0.5494
Epoch 3/500 - Train Loss: 1.0687, Train Accuracy: 0.8500, Test Loss: 1.6010, Test Accuracy: 0.6827
Epoch 4/500 - Train Loss: 0.9936, Train Accuracy: 0.8950, Test Loss: 1.2054, Test Accuracy: 0.8278
Epoch 5/500 - Train Loss: 1.0255, Train Accuracy: 0.8675, Test Loss: 1.2282, Test Accuracy: 0.7797
Epoch 6/500 - Train Loss: 0.9966, Train Accuracy: 0.9000, Test Loss: 1.1885, Test Accuracy: 0.8038
Epoch 7/500 - Train Loss: 0.9371, Train Accuracy: 0.9175, Test Loss: 1.0648, Test Accuracy: 0.8562
Epoch 8/500 - Train Loss: 0.9405, Train Accuracy: 0.9150, Test Loss: 0.9982, Test Accuracy: 0.8999
Epoch 9/500 - Train Loss: 0.9502, Train Accuracy: 0.9250, Test Loss: 0.9784, Test Accuracy: 0.8877
Epoch 10/500 - Train Loss: 0.9028, Train Accuracy: 0.9350, Test Loss: 1.0609, Test Accuracy: 0.8693
Epoch 11/500 - Train Loss: 0.8452, Train Accuracy: 0.9650, Test Loss: 0.9638, Test Accuracy: 0.8899
Epoch 12/500 - Train Loss: 0.8578, Train Accuracy: 0.9600, Test Loss: 0.9715, Test Accuracy: 0.8951
Epoch 13/500 - Train Loss: 0.8476, Train Accuracy: 0.9550, Test Loss: 1.0161, Test Accuracy: 0.8837
Epoch 14/500 - Train Loss: 0.8515, Train Accuracy: 0.9600, Test Loss: 1.1216, Test Accuracy: 0.7946
Epoch 15/500 - Train Loss: 0.8470, Train Accuracy: 0.9700, Test Loss: 0.9915, Test Accuracy: 0.8794
Epoch 16/500 - Train Loss: 0.8132, Train Accuracy: 0.9825, Test Loss: 0.9259, Test Accuracy: 0.9117
Epoch 17/500 - Train Loss: 0.8186, Train Accuracy: 0.9700, Test Loss: 1.0187, Test Accuracy: 0.8645
Epoch 18/500 - Train Loss: 0.8269, Train Accuracy: 0.9725, Test Loss: 0.9567, Test Accuracy: 0.8986
Epoch 19/500 - Train Loss: 0.8153, Train Accuracy: 0.9825, Test Loss: 0.9537, Test Accuracy: 0.9021
Epoch 20/500 - Train Loss: 0.8376, Train Accuracy: 0.9600, Test Loss: 1.0010, Test Accuracy: 0.8636
Epoch 21/500 - Train Loss: 0.8198, Train Accuracy: 0.9725, Test Loss: 0.9935, Test Accuracy: 0.8820
Epoch 22/500 - Train Loss: 0.8900, Train Accuracy: 0.9375, Test Loss: 1.0918, Test Accuracy: 0.8409
Epoch 23/500 - Train Loss: 0.8628, Train Accuracy: 0.9575, Test Loss: 1.0314, Test Accuracy: 0.8702
Epoch 24/500 - Train Loss: 0.8511, Train Accuracy: 0.9700, Test Loss: 0.9570, Test Accuracy: 0.8907
Epoch 25/500 - Train Loss: 0.8404, Train Accuracy: 0.9725, Test Loss: 1.0281, Test Accuracy: 0.8505
Epoch 26/500 - Train Loss: 0.8526, Train Accuracy: 0.9525, Test Loss: 1.0733, Test Accuracy: 0.8300
Epoch 27/500 - Train Loss: 0.8592, Train Accuracy: 0.9475, Test Loss: 0.9475, Test Accuracy: 0.8982
Epoch 28/500 - Train Loss: 0.8267, Train Accuracy: 0.9825, Test Loss: 0.9879, Test Accuracy: 0.8781
Epoch 29/500 - Train Loss: 0.8116, Train Accuracy: 0.9725, Test Loss: 0.9382, Test Accuracy: 0.9003
Epoch 30/500 - Train Loss: 0.8163, Train Accuracy: 0.9750, Test Loss: 0.9859, Test Accuracy: 0.8894
Epoch 31/500 - Train Loss: 0.8452, Train Accuracy: 0.9575, Test Loss: 0.9790, Test Accuracy: 0.8877

Early stopping triggered at epoch 31
Best test loss: 0.9259
Best test accuracy: 0.9117
Plot saved as trained_models/Sweep run/metrics/loss.png
Plot saved as trained_models/Sweep run/metrics/metrics.png
