wandb: Starting wandb agent 🕵️
2026-01-10 20:53:44,369 - wandb.wandb_agent - INFO - Running runs: []
2026-01-10 20:53:44,688 - wandb.wandb_agent - INFO - Agent received command: run
2026-01-10 20:53:44,689 - wandb.wandb_agent - INFO - Agent starting run with config:
	affine: 0.11789536467488236
	blur: 0.20477893439106387
	brightness: 1.2665551816913865
	contrast: 0.9266164012144836
	crop: 0.738749819806928
	crop_scale: 0.9050806339907276
	flip: 0.2783020611697291
	gaussian_blur_kernel: 5
	gaussian_noise_std: 0.3908267830976123
	grey: 0.99076469145455
	hue: -0.032041494015705774
	jiggle: 0.9582840339653677
	rotate: 0.8309458701892473
	rotation: 29
	saturation: 0.9202704335538956
	scale: 1.0914353848080711
	shear: 20
	translate_x: 0.38206322442249185
	translate_y: 0.06557162142987112
2026-01-10 20:53:44,693 - wandb.wandb_agent - INFO - About to run command: /usr/bin/env python train_data.py --affine=0.11789536467488236 --blur=0.20477893439106387 --brightness=1.2665551816913865 --contrast=0.9266164012144836 --crop=0.738749819806928 --crop_scale=0.9050806339907276 --flip=0.2783020611697291 --gaussian_blur_kernel=5 --gaussian_noise_std=0.3908267830976123 --grey=0.99076469145455 --hue=-0.032041494015705774 --jiggle=0.9582840339653677 --rotate=0.8309458701892473 --rotation=29 --saturation=0.9202704335538956 --scale=1.0914353848080711 --shear=20 --translate_x=0.38206322442249185 --translate_y=0.06557162142987112
wandb: Currently logged in as: arnaumarcosalmansa (mcv-team-6) to https://api.wandb.ai. Use `wandb login --relogin` to force relogin
wandb: WARNING Ignoring project 'C3-Week3' when running a sweep.
wandb: WARNING Ignoring entity 'mcv-team-6' when running a sweep.
2026-01-10 20:53:49,699 - wandb.wandb_agent - INFO - Running runs: ['vnskzb0u']
wandb: setting up run vnskzb0u
wandb: Tracking run with wandb version 0.23.1
wandb: Run data is saved locally in /export/home/group06/workspace/project-team-6/Week3/wandb/run-20260110_205349-vnskzb0u
wandb: Run `wandb offline` to turn off syncing.
wandb: Syncing run Sweep run
wandb: ⭐️ View project at https://wandb.ai/mcv-team-6/C3-Week3
wandb: 🧹 View sweep at https://wandb.ai/mcv-team-6/C3-Week3/sweeps/8yeenlu8
wandb: 🚀 View run at https://wandb.ai/mcv-team-6/C3-Week3/runs/vnskzb0u
Traceback (most recent call last):
  File "/export/home/group06/workspace/project-team-6/Week3/train_data.py", line 61, in <module>
    ka.ColorJitter(brightness=cfg.brightness,
  File "/ghome/group06/miniconda3/envs/c3/lib/python3.12/site-packages/kornia/augmentation/_2d/intensity/color_jitter.py", line 105, in __init__
    self._param_generator = rg.ColorJitterGenerator(brightness, contrast, saturation, hue)
                            ^^^^^^^^^^^^^^^^^^^^^^^^^^^^^^^^^^^^^^^^^^^^^^^^^^^^^^^^^^^^^^
  File "/ghome/group06/miniconda3/envs/c3/lib/python3.12/site-packages/kornia/augmentation/random_generator/base.py", line 34, in __call__
    obj.__post_init__()
  File "/ghome/group06/miniconda3/envs/c3/lib/python3.12/site-packages/kornia/augmentation/random_generator/base.py", line 48, in __post_init__
    self.set_rng_device_and_dtype()
  File "/ghome/group06/miniconda3/envs/c3/lib/python3.12/site-packages/kornia/augmentation/random_generator/base.py", line 64, in set_rng_device_and_dtype
    self.make_samplers(device, dtype)
  File "/ghome/group06/miniconda3/envs/c3/lib/python3.12/site-packages/kornia/augmentation/random_generator/_2d/color_jitter.py", line 86, in make_samplers
    hue: Tensor = _range_bound(self.hue, "hue", bounds=(-0.5, 0.5), device=device, dtype=dtype)
                  ^^^^^^^^^^^^^^^^^^^^^^^^^^^^^^^^^^^^^^^^^^^^^^^^^^^^^^^^^^^^^^^^^^^^^^^^^^^^^
  File "/ghome/group06/miniconda3/envs/c3/lib/python3.12/site-packages/kornia/augmentation/utils/param_validation.py", line 53, in _range_bound
    raise ValueError(f"If {name} is a single number, it must be non negative. Got {factor}.")
ValueError: If hue is a single number, it must be non negative. Got -0.03204149380326271.
2026-01-10 20:53:54,837 - wandb.wandb_agent - INFO - Cleaning up finished run: vnskzb0u
wandb: Terminating and syncing runs. Press ctrl-c to kill.
