Using GPU 0: NVIDIA GeForce RTX 3090
Epoch 1/500 - Train Loss: 2.0678, Train Accuracy: 0.1775, Test Loss: 2.0126, Test Accuracy: 0.2426
Epoch 2/500 - Train Loss: 1.8804, Train Accuracy: 0.3725, Test Loss: 1.8388, Test Accuracy: 0.4073
Epoch 3/500 - Train Loss: 1.6957, Train Accuracy: 0.5200, Test Loss: 1.6582, Test Accuracy: 0.5175
Epoch 4/500 - Train Loss: 1.5444, Train Accuracy: 0.5800, Test Loss: 1.4944, Test Accuracy: 0.6381
Epoch 5/500 - Train Loss: 1.3742, Train Accuracy: 0.6850, Test Loss: 1.3311, Test Accuracy: 0.7255
Epoch 6/500 - Train Loss: 1.2414, Train Accuracy: 0.7400, Test Loss: 1.1808, Test Accuracy: 0.7858
Epoch 7/500 - Train Loss: 1.1335, Train Accuracy: 0.7700, Test Loss: 1.0478, Test Accuracy: 0.8164
Epoch 8/500 - Train Loss: 1.0512, Train Accuracy: 0.7750, Test Loss: 0.9683, Test Accuracy: 0.8182
Epoch 9/500 - Train Loss: 0.9385, Train Accuracy: 0.8125, Test Loss: 0.8603, Test Accuracy: 0.8466
Epoch 10/500 - Train Loss: 0.8792, Train Accuracy: 0.8325, Test Loss: 0.8258, Test Accuracy: 0.8440
Epoch 11/500 - Train Loss: 0.8303, Train Accuracy: 0.8450, Test Loss: 0.7317, Test Accuracy: 0.8719
Epoch 12/500 - Train Loss: 0.7326, Train Accuracy: 0.8525, Test Loss: 0.6988, Test Accuracy: 0.8750
Epoch 13/500 - Train Loss: 0.7338, Train Accuracy: 0.8625, Test Loss: 0.6613, Test Accuracy: 0.8750
Epoch 14/500 - Train Loss: 0.6394, Train Accuracy: 0.8950, Test Loss: 0.6010, Test Accuracy: 0.8955
Epoch 15/500 - Train Loss: 0.6026, Train Accuracy: 0.8925, Test Loss: 0.5756, Test Accuracy: 0.8938
Epoch 16/500 - Train Loss: 0.5871, Train Accuracy: 0.9000, Test Loss: 0.5617, Test Accuracy: 0.8929
Epoch 17/500 - Train Loss: 0.5795, Train Accuracy: 0.8775, Test Loss: 0.5354, Test Accuracy: 0.9008
Epoch 18/500 - Train Loss: 0.5377, Train Accuracy: 0.8825, Test Loss: 0.5061, Test Accuracy: 0.9034
Epoch 19/500 - Train Loss: 0.5240, Train Accuracy: 0.9050, Test Loss: 0.4850, Test Accuracy: 0.9008
Epoch 20/500 - Train Loss: 0.5224, Train Accuracy: 0.9050, Test Loss: 0.4622, Test Accuracy: 0.9069
Epoch 21/500 - Train Loss: 0.4674, Train Accuracy: 0.9275, Test Loss: 0.4684, Test Accuracy: 0.9025
Epoch 22/500 - Train Loss: 0.5156, Train Accuracy: 0.8850, Test Loss: 0.4463, Test Accuracy: 0.9091
Epoch 23/500 - Train Loss: 0.4473, Train Accuracy: 0.9225, Test Loss: 0.4333, Test Accuracy: 0.9087
Epoch 24/500 - Train Loss: 0.4162, Train Accuracy: 0.9400, Test Loss: 0.4570, Test Accuracy: 0.9056
Epoch 25/500 - Train Loss: 0.4061, Train Accuracy: 0.9475, Test Loss: 0.4777, Test Accuracy: 0.8942
Epoch 26/500 - Train Loss: 0.3870, Train Accuracy: 0.9250, Test Loss: 0.4323, Test Accuracy: 0.9078
Epoch 27/500 - Train Loss: 0.3990, Train Accuracy: 0.9225, Test Loss: 0.4115, Test Accuracy: 0.9156
Epoch 28/500 - Train Loss: 0.3732, Train Accuracy: 0.9475, Test Loss: 0.4272, Test Accuracy: 0.9113
Epoch 29/500 - Train Loss: 0.3736, Train Accuracy: 0.9425, Test Loss: 0.4113, Test Accuracy: 0.9178
Epoch 30/500 - Train Loss: 0.3602, Train Accuracy: 0.9350, Test Loss: 0.4012, Test Accuracy: 0.9183
Epoch 31/500 - Train Loss: 0.3312, Train Accuracy: 0.9600, Test Loss: 0.3850, Test Accuracy: 0.9200
Epoch 32/500 - Train Loss: 0.3299, Train Accuracy: 0.9450, Test Loss: 0.3853, Test Accuracy: 0.9205
Epoch 33/500 - Train Loss: 0.3145, Train Accuracy: 0.9550, Test Loss: 0.3834, Test Accuracy: 0.9183
Epoch 34/500 - Train Loss: 0.3429, Train Accuracy: 0.9375, Test Loss: 0.3831, Test Accuracy: 0.9200
Epoch 35/500 - Train Loss: 0.3426, Train Accuracy: 0.9375, Test Loss: 0.3678, Test Accuracy: 0.9231
Epoch 36/500 - Train Loss: 0.3070, Train Accuracy: 0.9525, Test Loss: 0.3618, Test Accuracy: 0.9244
Epoch 37/500 - Train Loss: 0.2969, Train Accuracy: 0.9675, Test Loss: 0.3663, Test Accuracy: 0.9283
Epoch 38/500 - Train Loss: 0.2547, Train Accuracy: 0.9825, Test Loss: 0.3547, Test Accuracy: 0.9292
Epoch 39/500 - Train Loss: 0.2879, Train Accuracy: 0.9550, Test Loss: 0.3522, Test Accuracy: 0.9301
Epoch 40/500 - Train Loss: 0.2722, Train Accuracy: 0.9625, Test Loss: 0.3533, Test Accuracy: 0.9296
Epoch 41/500 - Train Loss: 0.2897, Train Accuracy: 0.9525, Test Loss: 0.3407, Test Accuracy: 0.9362
Epoch 42/500 - Train Loss: 0.2536, Train Accuracy: 0.9725, Test Loss: 0.3485, Test Accuracy: 0.9344
Epoch 43/500 - Train Loss: 0.2725, Train Accuracy: 0.9700, Test Loss: 0.3559, Test Accuracy: 0.9288
Epoch 44/500 - Train Loss: 0.2604, Train Accuracy: 0.9725, Test Loss: 0.3484, Test Accuracy: 0.9323
Epoch 45/500 - Train Loss: 0.2676, Train Accuracy: 0.9700, Test Loss: 0.3459, Test Accuracy: 0.9336
Epoch 46/500 - Train Loss: 0.2609, Train Accuracy: 0.9675, Test Loss: 0.3513, Test Accuracy: 0.9309
Epoch 47/500 - Train Loss: 0.2516, Train Accuracy: 0.9650, Test Loss: 0.3513, Test Accuracy: 0.9301
Epoch 48/500 - Train Loss: 0.2644, Train Accuracy: 0.9625, Test Loss: 0.3756, Test Accuracy: 0.9205
Epoch 49/500 - Train Loss: 0.2378, Train Accuracy: 0.9750, Test Loss: 0.3595, Test Accuracy: 0.9240
Epoch 50/500 - Train Loss: 0.2377, Train Accuracy: 0.9750, Test Loss: 0.3510, Test Accuracy: 0.9261
Epoch 51/500 - Train Loss: 0.2668, Train Accuracy: 0.9650, Test Loss: 0.3602, Test Accuracy: 0.9270
Epoch 52/500 - Train Loss: 0.2599, Train Accuracy: 0.9650, Test Loss: 0.3579, Test Accuracy: 0.9253
Epoch 53/500 - Train Loss: 0.2474, Train Accuracy: 0.9575, Test Loss: 0.3548, Test Accuracy: 0.9288
Epoch 54/500 - Train Loss: 0.2300, Train Accuracy: 0.9750, Test Loss: 0.3358, Test Accuracy: 0.9349
Epoch 55/500 - Train Loss: 0.2204, Train Accuracy: 0.9750, Test Loss: 0.3490, Test Accuracy: 0.9288
Epoch 56/500 - Train Loss: 0.2210, Train Accuracy: 0.9850, Test Loss: 0.3408, Test Accuracy: 0.9336
Epoch 57/500 - Train Loss: 0.2250, Train Accuracy: 0.9775, Test Loss: 0.3559, Test Accuracy: 0.9200
Epoch 58/500 - Train Loss: 0.2486, Train Accuracy: 0.9750, Test Loss: 0.3476, Test Accuracy: 0.9279
Epoch 59/500 - Train Loss: 0.2528, Train Accuracy: 0.9750, Test Loss: 0.3374, Test Accuracy: 0.9283
Epoch 60/500 - Train Loss: 0.2218, Train Accuracy: 0.9900, Test Loss: 0.3545, Test Accuracy: 0.9200
Epoch 61/500 - Train Loss: 0.2572, Train Accuracy: 0.9650, Test Loss: 0.3408, Test Accuracy: 0.9261
Epoch 62/500 - Train Loss: 0.2226, Train Accuracy: 0.9850, Test Loss: 0.3413, Test Accuracy: 0.9283
Epoch 63/500 - Train Loss: 0.2136, Train Accuracy: 0.9875, Test Loss: 0.3335, Test Accuracy: 0.9349
Epoch 64/500 - Train Loss: 0.2104, Train Accuracy: 0.9825, Test Loss: 0.3380, Test Accuracy: 0.9353
Epoch 65/500 - Train Loss: 0.2252, Train Accuracy: 0.9750, Test Loss: 0.3375, Test Accuracy: 0.9344
Epoch 66/500 - Train Loss: 0.2244, Train Accuracy: 0.9725, Test Loss: 0.3409, Test Accuracy: 0.9336
Epoch 67/500 - Train Loss: 0.2185, Train Accuracy: 0.9825, Test Loss: 0.3449, Test Accuracy: 0.9331
Epoch 68/500 - Train Loss: 0.1999, Train Accuracy: 0.9750, Test Loss: 0.3225, Test Accuracy: 0.9384
Epoch 69/500 - Train Loss: 0.1986, Train Accuracy: 0.9825, Test Loss: 0.3188, Test Accuracy: 0.9397
Epoch 70/500 - Train Loss: 0.2169, Train Accuracy: 0.9825, Test Loss: 0.3235, Test Accuracy: 0.9353
Epoch 71/500 - Train Loss: 0.1994, Train Accuracy: 0.9900, Test Loss: 0.3242, Test Accuracy: 0.9371
Epoch 72/500 - Train Loss: 0.2328, Train Accuracy: 0.9675, Test Loss: 0.3247, Test Accuracy: 0.9375
Epoch 73/500 - Train Loss: 0.2139, Train Accuracy: 0.9875, Test Loss: 0.3294, Test Accuracy: 0.9371
Epoch 74/500 - Train Loss: 0.1793, Train Accuracy: 0.9925, Test Loss: 0.3203, Test Accuracy: 0.9366
Epoch 75/500 - Train Loss: 0.1955, Train Accuracy: 0.9825, Test Loss: 0.3257, Test Accuracy: 0.9340
Epoch 76/500 - Train Loss: 0.2314, Train Accuracy: 0.9725, Test Loss: 0.3246, Test Accuracy: 0.9362
Epoch 77/500 - Train Loss: 0.2050, Train Accuracy: 0.9825, Test Loss: 0.3270, Test Accuracy: 0.9349
Epoch 78/500 - Train Loss: 0.2020, Train Accuracy: 0.9725, Test Loss: 0.3330, Test Accuracy: 0.9309
Epoch 79/500 - Train Loss: 0.1931, Train Accuracy: 0.9775, Test Loss: 0.3355, Test Accuracy: 0.9292
Epoch 80/500 - Train Loss: 0.1911, Train Accuracy: 0.9900, Test Loss: 0.3478, Test Accuracy: 0.9266
Epoch 81/500 - Train Loss: 0.2269, Train Accuracy: 0.9825, Test Loss: 0.3525, Test Accuracy: 0.9209
Epoch 82/500 - Train Loss: 0.2004, Train Accuracy: 0.9875, Test Loss: 0.3681, Test Accuracy: 0.9170
Epoch 83/500 - Train Loss: 0.2058, Train Accuracy: 0.9875, Test Loss: 0.4026, Test Accuracy: 0.9012
Epoch 84/500 - Train Loss: 0.1871, Train Accuracy: 0.9900, Test Loss: 0.3578, Test Accuracy: 0.9200

Early stopping triggered at epoch 84
Best test loss: 0.3188
Best test accuracy: 0.9397
Plot saved as trained_models/Sweep_data run/metrics/loss.png
Plot saved as trained_models/Sweep_data run/metrics/metrics.png
