wandb: Starting wandb agent 🕵️
2026-01-10 20:09:00,377 - wandb.wandb_agent - INFO - Running runs: []
2026-01-10 20:09:00,691 - wandb.wandb_agent - INFO - Agent received command: run
2026-01-10 20:09:00,691 - wandb.wandb_agent - INFO - Agent starting run with config:
	affine: 0.3877353422074637
	blur: 0.28108382754080774
	brightness: 1.309930572936655
	contrast: 1.377122742569598
	crop: 0.2619059030190334
	crop_scale: 0.7893430879856347
	flip: 0.8968804405092698
	gaussian_blur_kernel: 5
	gaussian_noise_std: 1.6976813800475856
	grey: 0.5536522411097461
	hue: -0.057713619349170055
	jiggle: 0.7191477514340662
	rotate: 0.35063090216797554
	rotation: 41
	saturation: 1.153556672880987
	scale: 0.8904648702108606
	shear: 16
	translate_x: 0.2218660030845125
	translate_y: 0.3586433933965072
2026-01-10 20:09:00,695 - wandb.wandb_agent - INFO - About to run command: /usr/bin/env python train_data.py --affine=0.3877353422074637 --blur=0.28108382754080774 --brightness=1.309930572936655 --contrast=1.377122742569598 --crop=0.2619059030190334 --crop_scale=0.7893430879856347 --flip=0.8968804405092698 --gaussian_blur_kernel=5 --gaussian_noise_std=1.6976813800475856 --grey=0.5536522411097461 --hue=-0.057713619349170055 --jiggle=0.7191477514340662 --rotate=0.35063090216797554 --rotation=41 --saturation=1.153556672880987 --scale=0.8904648702108606 --shear=16 --translate_x=0.2218660030845125 --translate_y=0.3586433933965072
wandb: Currently logged in as: arnaumarcosalmansa (mcv-team-6) to https://api.wandb.ai. Use `wandb login --relogin` to force relogin
wandb: WARNING Ignoring project 'C3-Week3' when running a sweep.
wandb: WARNING Ignoring entity 'mcv-team-6' when running a sweep.
2026-01-10 20:09:05,702 - wandb.wandb_agent - INFO - Running runs: ['sib7j5c8']
wandb: setting up run sib7j5c8
wandb: Tracking run with wandb version 0.23.1
wandb: Run data is saved locally in /export/home/group06/workspace/project-team-6/Week3/wandb/run-20260110_200904-sib7j5c8
wandb: Run `wandb offline` to turn off syncing.
wandb: Syncing run Sweep run
wandb: ⭐️ View project at https://wandb.ai/mcv-team-6/C3-Week3
wandb: 🧹 View sweep at https://wandb.ai/mcv-team-6/C3-Week3/sweeps/g5vb4edr
wandb: 🚀 View run at https://wandb.ai/mcv-team-6/C3-Week3/runs/sib7j5c8
Traceback (most recent call last):
  File "/export/home/group06/workspace/project-team-6/Week3/train_data.py", line 61, in <module>
    ka.ColorJitter(brightness=cfg.brightness,
  File "/ghome/group06/miniconda3/envs/c3/lib/python3.12/site-packages/kornia/augmentation/_2d/intensity/color_jitter.py", line 105, in __init__
    self._param_generator = rg.ColorJitterGenerator(brightness, contrast, saturation, hue)
                            ^^^^^^^^^^^^^^^^^^^^^^^^^^^^^^^^^^^^^^^^^^^^^^^^^^^^^^^^^^^^^^
  File "/ghome/group06/miniconda3/envs/c3/lib/python3.12/site-packages/kornia/augmentation/random_generator/base.py", line 34, in __call__
    obj.__post_init__()
  File "/ghome/group06/miniconda3/envs/c3/lib/python3.12/site-packages/kornia/augmentation/random_generator/base.py", line 48, in __post_init__
    self.set_rng_device_and_dtype()
  File "/ghome/group06/miniconda3/envs/c3/lib/python3.12/site-packages/kornia/augmentation/random_generator/base.py", line 64, in set_rng_device_and_dtype
    self.make_samplers(device, dtype)
  File "/ghome/group06/miniconda3/envs/c3/lib/python3.12/site-packages/kornia/augmentation/random_generator/_2d/color_jitter.py", line 86, in make_samplers
    hue: Tensor = _range_bound(self.hue, "hue", bounds=(-0.5, 0.5), device=device, dtype=dtype)
                  ^^^^^^^^^^^^^^^^^^^^^^^^^^^^^^^^^^^^^^^^^^^^^^^^^^^^^^^^^^^^^^^^^^^^^^^^^^^^^
  File "/ghome/group06/miniconda3/envs/c3/lib/python3.12/site-packages/kornia/augmentation/utils/param_validation.py", line 53, in _range_bound
    raise ValueError(f"If {name} is a single number, it must be non negative. Got {factor}.")
ValueError: If hue is a single number, it must be non negative. Got -0.057713620364665985.
2026-01-10 20:09:10,841 - wandb.wandb_agent - INFO - Cleaning up finished run: sib7j5c8
wandb: Terminating and syncing runs. Press ctrl-c to kill.
