wandb: Starting wandb agent 🕵️
2026-01-10 20:22:42,671 - wandb.wandb_agent - INFO - Running runs: []
2026-01-10 20:22:43,241 - wandb.wandb_agent - INFO - Agent received command: run
2026-01-10 20:22:43,241 - wandb.wandb_agent - INFO - Agent starting run with config:
	affine: 0.5189602206618791
	blur: 0.17901201392234367
	brightness: 1.2671897430887449
	contrast: 0.6274633794746657
	crop: 0.9410166184440826
	crop_scale: 0.2083263159142863
	flip: 0.3609302068653239
	gaussian_blur_kernel: 9
	gaussian_noise_std: 1.455660031541954
	grey: 0.13955294548958683
	hue: -0.024094772207425133
	jiggle: 0.9516909127481769
	rotate: 0.6957082381839687
	rotation: 27
	saturation: 0.9429955543702236
	scale: 1.1473139042344602
	shear: 11
	translate_x: 0.3887314760604859
	translate_y: 0.11612582317048958
2026-01-10 20:22:43,245 - wandb.wandb_agent - INFO - About to run command: /usr/bin/env python train_data.py --affine=0.5189602206618791 --blur=0.17901201392234367 --brightness=1.2671897430887449 --contrast=0.6274633794746657 --crop=0.9410166184440826 --crop_scale=0.2083263159142863 --flip=0.3609302068653239 --gaussian_blur_kernel=9 --gaussian_noise_std=1.455660031541954 --grey=0.13955294548958683 --hue=-0.024094772207425133 --jiggle=0.9516909127481769 --rotate=0.6957082381839687 --rotation=27 --saturation=0.9429955543702236 --scale=1.1473139042344602 --shear=11 --translate_x=0.3887314760604859 --translate_y=0.11612582317048958
wandb: Currently logged in as: arnaumarcosalmansa (mcv-team-6) to https://api.wandb.ai. Use `wandb login --relogin` to force relogin
wandb: WARNING Ignoring project 'C3-Week3' when running a sweep.
wandb: WARNING Ignoring entity 'mcv-team-6' when running a sweep.
2026-01-10 20:22:48,252 - wandb.wandb_agent - INFO - Running runs: ['88ejifa9']
wandb: setting up run 88ejifa9
wandb: Tracking run with wandb version 0.23.1
wandb: Run data is saved locally in /export/home/group06/workspace/project-team-6/Week3/wandb/run-20260110_202247-88ejifa9
wandb: Run `wandb offline` to turn off syncing.
wandb: Syncing run Sweep run
wandb: ⭐️ View project at https://wandb.ai/mcv-team-6/C3-Week3
wandb: 🧹 View sweep at https://wandb.ai/mcv-team-6/C3-Week3/sweeps/g5vb4edr
wandb: 🚀 View run at https://wandb.ai/mcv-team-6/C3-Week3/runs/88ejifa9
Traceback (most recent call last):
  File "/export/home/group06/workspace/project-team-6/Week3/train_data.py", line 61, in <module>
    ka.ColorJitter(brightness=cfg.brightness,
  File "/ghome/group06/miniconda3/envs/c3/lib/python3.12/site-packages/kornia/augmentation/_2d/intensity/color_jitter.py", line 105, in __init__
    self._param_generator = rg.ColorJitterGenerator(brightness, contrast, saturation, hue)
                            ^^^^^^^^^^^^^^^^^^^^^^^^^^^^^^^^^^^^^^^^^^^^^^^^^^^^^^^^^^^^^^
  File "/ghome/group06/miniconda3/envs/c3/lib/python3.12/site-packages/kornia/augmentation/random_generator/base.py", line 34, in __call__
    obj.__post_init__()
  File "/ghome/group06/miniconda3/envs/c3/lib/python3.12/site-packages/kornia/augmentation/random_generator/base.py", line 48, in __post_init__
    self.set_rng_device_and_dtype()
  File "/ghome/group06/miniconda3/envs/c3/lib/python3.12/site-packages/kornia/augmentation/random_generator/base.py", line 64, in set_rng_device_and_dtype
    self.make_samplers(device, dtype)
  File "/ghome/group06/miniconda3/envs/c3/lib/python3.12/site-packages/kornia/augmentation/random_generator/_2d/color_jitter.py", line 86, in make_samplers
    hue: Tensor = _range_bound(self.hue, "hue", bounds=(-0.5, 0.5), device=device, dtype=dtype)
                  ^^^^^^^^^^^^^^^^^^^^^^^^^^^^^^^^^^^^^^^^^^^^^^^^^^^^^^^^^^^^^^^^^^^^^^^^^^^^^
  File "/ghome/group06/miniconda3/envs/c3/lib/python3.12/site-packages/kornia/augmentation/utils/param_validation.py", line 53, in _range_bound
    raise ValueError(f"If {name} is a single number, it must be non negative. Got {factor}.")
ValueError: If hue is a single number, it must be non negative. Got -0.024094771593809128.
2026-01-10 20:22:53,403 - wandb.wandb_agent - INFO - Cleaning up finished run: 88ejifa9
wandb: Terminating and syncing runs. Press ctrl-c to kill.
