wandb: Starting wandb agent 🕵️
2026-01-10 20:07:36,194 - wandb.wandb_agent - INFO - Running runs: []
2026-01-10 20:07:36,517 - wandb.wandb_agent - INFO - Agent received command: run
2026-01-10 20:07:36,518 - wandb.wandb_agent - INFO - Agent starting run with config:
	affine: 0.1955409780823869
	blur: 0.1509514642958084
	brightness: 1.0371863706945397
	contrast: 0.8630916621794937
	crop: 0.543344048151748
	crop_scale: 0.9591021991844232
	flip: 0.12144663523608168
	gaussian_blur_kernel: 5
	gaussian_noise_std: 1.7501232162590132
	grey: 0.4405557734352547
	hue: -0.04467195950859435
	jiggle: 0.970435746063801
	rotate: 0.4586396795275607
	rotation: 18
	saturation: 0.904072808199132
	scale: 0.8843219441171318
	shear: 30
	translate_x: 0.3295331708624884
	translate_y: 0.309262865794511
2026-01-10 20:07:36,521 - wandb.wandb_agent - INFO - About to run command: /usr/bin/env python train_data.py --affine=0.1955409780823869 --blur=0.1509514642958084 --brightness=1.0371863706945397 --contrast=0.8630916621794937 --crop=0.543344048151748 --crop_scale=0.9591021991844232 --flip=0.12144663523608168 --gaussian_blur_kernel=5 --gaussian_noise_std=1.7501232162590132 --grey=0.4405557734352547 --hue=-0.04467195950859435 --jiggle=0.970435746063801 --rotate=0.4586396795275607 --rotation=18 --saturation=0.904072808199132 --scale=0.8843219441171318 --shear=30 --translate_x=0.3295331708624884 --translate_y=0.309262865794511
wandb: Currently logged in as: arnaumarcosalmansa (mcv-team-6) to https://api.wandb.ai. Use `wandb login --relogin` to force relogin
wandb: WARNING Ignoring project 'C3-Week3' when running a sweep.
wandb: WARNING Ignoring entity 'mcv-team-6' when running a sweep.
wandb: setting up run 5hj4vfez
wandb: Tracking run with wandb version 0.23.1
wandb: Run data is saved locally in /export/home/group06/workspace/project-team-6/Week3/wandb/run-20260110_200740-5hj4vfez
wandb: Run `wandb offline` to turn off syncing.
wandb: Syncing run Sweep run
wandb: ⭐️ View project at https://wandb.ai/mcv-team-6/C3-Week3
wandb: 🧹 View sweep at https://wandb.ai/mcv-team-6/C3-Week3/sweeps/g5vb4edr
wandb: 🚀 View run at https://wandb.ai/mcv-team-6/C3-Week3/runs/5hj4vfez
2026-01-10 20:07:41,528 - wandb.wandb_agent - INFO - Running runs: ['5hj4vfez']
Traceback (most recent call last):
  File "/export/home/group06/workspace/project-team-6/Week3/train_data.py", line 61, in <module>
    ka.ColorJitter(brightness=cfg.brightness,
  File "/ghome/group06/miniconda3/envs/c3/lib/python3.12/site-packages/kornia/augmentation/_2d/intensity/color_jitter.py", line 105, in __init__
    self._param_generator = rg.ColorJitterGenerator(brightness, contrast, saturation, hue)
                            ^^^^^^^^^^^^^^^^^^^^^^^^^^^^^^^^^^^^^^^^^^^^^^^^^^^^^^^^^^^^^^
  File "/ghome/group06/miniconda3/envs/c3/lib/python3.12/site-packages/kornia/augmentation/random_generator/base.py", line 34, in __call__
    obj.__post_init__()
  File "/ghome/group06/miniconda3/envs/c3/lib/python3.12/site-packages/kornia/augmentation/random_generator/base.py", line 48, in __post_init__
    self.set_rng_device_and_dtype()
  File "/ghome/group06/miniconda3/envs/c3/lib/python3.12/site-packages/kornia/augmentation/random_generator/base.py", line 64, in set_rng_device_and_dtype
    self.make_samplers(device, dtype)
  File "/ghome/group06/miniconda3/envs/c3/lib/python3.12/site-packages/kornia/augmentation/random_generator/_2d/color_jitter.py", line 86, in make_samplers
    hue: Tensor = _range_bound(self.hue, "hue", bounds=(-0.5, 0.5), device=device, dtype=dtype)
                  ^^^^^^^^^^^^^^^^^^^^^^^^^^^^^^^^^^^^^^^^^^^^^^^^^^^^^^^^^^^^^^^^^^^^^^^^^^^^^
  File "/ghome/group06/miniconda3/envs/c3/lib/python3.12/site-packages/kornia/augmentation/utils/param_validation.py", line 53, in _range_bound
    raise ValueError(f"If {name} is a single number, it must be non negative. Got {factor}.")
ValueError: If hue is a single number, it must be non negative. Got -0.044671960175037384.
2026-01-10 20:07:46,685 - wandb.wandb_agent - INFO - Cleaning up finished run: 5hj4vfez
wandb: Terminating and syncing runs. Press ctrl-c to kill.
