Using GPU 0: NVIDIA GeForce RTX 3090
Epoch 1/500 - Train Loss: 1.6880, Train Accuracy: 0.4250, Test Loss: 3314.5939, Test Accuracy: 0.1346
Epoch 2/500 - Train Loss: 1.5612, Train Accuracy: 0.5025, Test Loss: 71.0812, Test Accuracy: 0.1438
Epoch 3/500 - Train Loss: 1.2146, Train Accuracy: 0.6025, Test Loss: 49.5879, Test Accuracy: 0.1989
Epoch 4/500 - Train Loss: 1.0572, Train Accuracy: 0.6575, Test Loss: 15.3159, Test Accuracy: 0.1643
Epoch 5/500 - Train Loss: 0.9403, Train Accuracy: 0.7075, Test Loss: 3.6338, Test Accuracy: 0.3505
Epoch 6/500 - Train Loss: 0.8072, Train Accuracy: 0.7575, Test Loss: 3.6777, Test Accuracy: 0.4878
Epoch 7/500 - Train Loss: 0.8281, Train Accuracy: 0.7775, Test Loss: 1.2807, Test Accuracy: 0.6573
Epoch 8/500 - Train Loss: 0.8292, Train Accuracy: 0.7650, Test Loss: 1.4738, Test Accuracy: 0.6023
Epoch 9/500 - Train Loss: 0.7755, Train Accuracy: 0.7800, Test Loss: 1.6238, Test Accuracy: 0.6587
Epoch 10/500 - Train Loss: 0.7873, Train Accuracy: 0.7925, Test Loss: 0.9496, Test Accuracy: 0.7369
Epoch 11/500 - Train Loss: 0.7266, Train Accuracy: 0.7800, Test Loss: 0.9718, Test Accuracy: 0.7142
Epoch 12/500 - Train Loss: 0.7173, Train Accuracy: 0.8075, Test Loss: 0.8797, Test Accuracy: 0.7592
Epoch 13/500 - Train Loss: 0.6110, Train Accuracy: 0.8450, Test Loss: 0.8000, Test Accuracy: 0.7915
Epoch 14/500 - Train Loss: 0.8069, Train Accuracy: 0.7775, Test Loss: 1.3417, Test Accuracy: 0.6962
Epoch 15/500 - Train Loss: 0.7104, Train Accuracy: 0.8200, Test Loss: 2.0195, Test Accuracy: 0.5638
Epoch 16/500 - Train Loss: 0.7199, Train Accuracy: 0.8125, Test Loss: 0.7308, Test Accuracy: 0.8051
Epoch 17/500 - Train Loss: 0.6439, Train Accuracy: 0.8325, Test Loss: 0.9269, Test Accuracy: 0.7281
Epoch 18/500 - Train Loss: 0.6637, Train Accuracy: 0.8125, Test Loss: 0.8445, Test Accuracy: 0.7456
Epoch 19/500 - Train Loss: 0.6027, Train Accuracy: 0.8350, Test Loss: 0.6980, Test Accuracy: 0.8020
Epoch 20/500 - Train Loss: 0.5001, Train Accuracy: 0.8875, Test Loss: 0.8634, Test Accuracy: 0.7627
Epoch 21/500 - Train Loss: 0.5475, Train Accuracy: 0.8700, Test Loss: 0.7652, Test Accuracy: 0.8055
Epoch 22/500 - Train Loss: 0.5759, Train Accuracy: 0.8350, Test Loss: 0.8632, Test Accuracy: 0.7592
Epoch 23/500 - Train Loss: 0.5984, Train Accuracy: 0.8475, Test Loss: 0.8632, Test Accuracy: 0.7697
Epoch 24/500 - Train Loss: 0.4934, Train Accuracy: 0.8850, Test Loss: 0.7720, Test Accuracy: 0.7802
Epoch 25/500 - Train Loss: 0.5086, Train Accuracy: 0.8775, Test Loss: 0.9246, Test Accuracy: 0.7635
Epoch 26/500 - Train Loss: 0.4629, Train Accuracy: 0.9125, Test Loss: 0.6503, Test Accuracy: 0.8357
Epoch 27/500 - Train Loss: 0.5123, Train Accuracy: 0.8800, Test Loss: 0.7102, Test Accuracy: 0.8204
Epoch 28/500 - Train Loss: 0.4573, Train Accuracy: 0.8975, Test Loss: 0.6889, Test Accuracy: 0.8204
Epoch 29/500 - Train Loss: 0.4727, Train Accuracy: 0.8925, Test Loss: 0.6617, Test Accuracy: 0.8462
Epoch 30/500 - Train Loss: 0.4468, Train Accuracy: 0.9100, Test Loss: 1.0100, Test Accuracy: 0.7723
Epoch 31/500 - Train Loss: 0.4110, Train Accuracy: 0.9275, Test Loss: 0.8004, Test Accuracy: 0.8164
Epoch 32/500 - Train Loss: 0.4091, Train Accuracy: 0.9150, Test Loss: 0.6228, Test Accuracy: 0.8453
Epoch 33/500 - Train Loss: 0.4042, Train Accuracy: 0.9300, Test Loss: 1.0668, Test Accuracy: 0.7434
Epoch 34/500 - Train Loss: 0.4658, Train Accuracy: 0.8900, Test Loss: 0.7324, Test Accuracy: 0.8212
Epoch 35/500 - Train Loss: 0.5057, Train Accuracy: 0.9025, Test Loss: 0.8326, Test Accuracy: 0.7963
Epoch 36/500 - Train Loss: 0.4563, Train Accuracy: 0.9100, Test Loss: 0.8226, Test Accuracy: 0.8086
Epoch 37/500 - Train Loss: 0.4141, Train Accuracy: 0.9275, Test Loss: 0.6668, Test Accuracy: 0.8365
Epoch 38/500 - Train Loss: 0.3951, Train Accuracy: 0.9150, Test Loss: 0.7582, Test Accuracy: 0.8033
Epoch 39/500 - Train Loss: 0.4633, Train Accuracy: 0.9050, Test Loss: 0.9000, Test Accuracy: 0.7531
Epoch 40/500 - Train Loss: 0.4336, Train Accuracy: 0.9075, Test Loss: 0.6620, Test Accuracy: 0.8129
Epoch 41/500 - Train Loss: 0.4163, Train Accuracy: 0.9075, Test Loss: 0.7021, Test Accuracy: 0.8046
Epoch 42/500 - Train Loss: 0.4128, Train Accuracy: 0.9150, Test Loss: 0.5948, Test Accuracy: 0.8479
Epoch 43/500 - Train Loss: 0.3455, Train Accuracy: 0.9325, Test Loss: 0.5730, Test Accuracy: 0.8606
Epoch 44/500 - Train Loss: 0.3675, Train Accuracy: 0.9300, Test Loss: 0.6956, Test Accuracy: 0.8291
Epoch 45/500 - Train Loss: 0.3766, Train Accuracy: 0.9350, Test Loss: 0.7268, Test Accuracy: 0.8282
Epoch 46/500 - Train Loss: 0.3096, Train Accuracy: 0.9525, Test Loss: 0.7438, Test Accuracy: 0.8125
Epoch 47/500 - Train Loss: 0.2897, Train Accuracy: 0.9725, Test Loss: 0.5831, Test Accuracy: 0.8492
Epoch 48/500 - Train Loss: 0.3281, Train Accuracy: 0.9475, Test Loss: 0.5557, Test Accuracy: 0.8636
Epoch 49/500 - Train Loss: 0.3664, Train Accuracy: 0.9375, Test Loss: 0.5986, Test Accuracy: 0.8597
Epoch 50/500 - Train Loss: 0.3594, Train Accuracy: 0.9500, Test Loss: 1.2959, Test Accuracy: 0.7111
Epoch 51/500 - Train Loss: 0.3746, Train Accuracy: 0.9375, Test Loss: 0.7126, Test Accuracy: 0.8387
Epoch 52/500 - Train Loss: 0.3667, Train Accuracy: 0.9350, Test Loss: 0.9199, Test Accuracy: 0.7679
Epoch 53/500 - Train Loss: 0.4508, Train Accuracy: 0.9025, Test Loss: 0.9193, Test Accuracy: 0.7749
Epoch 54/500 - Train Loss: 0.3923, Train Accuracy: 0.9350, Test Loss: 0.5791, Test Accuracy: 0.8711
Epoch 55/500 - Train Loss: 0.3492, Train Accuracy: 0.9400, Test Loss: 0.7778, Test Accuracy: 0.8029
Epoch 56/500 - Train Loss: 0.3077, Train Accuracy: 0.9550, Test Loss: 0.7409, Test Accuracy: 0.8239
Epoch 57/500 - Train Loss: 0.3030, Train Accuracy: 0.9675, Test Loss: 0.9698, Test Accuracy: 0.7605
Epoch 58/500 - Train Loss: 0.3960, Train Accuracy: 0.9225, Test Loss: 0.7642, Test Accuracy: 0.7915
Epoch 59/500 - Train Loss: 0.3341, Train Accuracy: 0.9625, Test Loss: 0.7183, Test Accuracy: 0.8239
Epoch 60/500 - Train Loss: 0.3291, Train Accuracy: 0.9550, Test Loss: 0.6039, Test Accuracy: 0.8549
Epoch 61/500 - Train Loss: 0.2951, Train Accuracy: 0.9650, Test Loss: 0.5835, Test Accuracy: 0.8566
Epoch 62/500 - Train Loss: 0.2896, Train Accuracy: 0.9775, Test Loss: 0.5703, Test Accuracy: 0.8610
Epoch 63/500 - Train Loss: 0.2814, Train Accuracy: 0.9700, Test Loss: 0.6657, Test Accuracy: 0.8252

Early stopping triggered at epoch 63
Best test loss: 0.5557
Best test accuracy: 0.8711
Plot saved as trained_models/Sweep run/metrics/loss.png
Plot saved as trained_models/Sweep run/metrics/metrics.png
