Using GPU 0: NVIDIA GeForce RTX 3090
Epoch 1/500 - Train Loss: 2.1595, Train Accuracy: 0.1500, Test Loss: 2.0156, Test Accuracy: 0.2426
Epoch 2/500 - Train Loss: 1.9102, Train Accuracy: 0.3125, Test Loss: 1.7891, Test Accuracy: 0.4358
Epoch 3/500 - Train Loss: 1.6798, Train Accuracy: 0.4500, Test Loss: 1.5542, Test Accuracy: 0.6106
Epoch 4/500 - Train Loss: 1.5205, Train Accuracy: 0.6025, Test Loss: 1.3369, Test Accuracy: 0.7474
Epoch 5/500 - Train Loss: 1.3398, Train Accuracy: 0.7300, Test Loss: 1.1461, Test Accuracy: 0.8212
Epoch 6/500 - Train Loss: 1.1827, Train Accuracy: 0.7825, Test Loss: 0.9863, Test Accuracy: 0.8540
Epoch 7/500 - Train Loss: 1.0369, Train Accuracy: 0.8050, Test Loss: 0.8405, Test Accuracy: 0.8776
Epoch 8/500 - Train Loss: 0.9625, Train Accuracy: 0.8250, Test Loss: 0.7406, Test Accuracy: 0.8920
Epoch 9/500 - Train Loss: 0.8736, Train Accuracy: 0.8225, Test Loss: 0.6617, Test Accuracy: 0.9012
Epoch 10/500 - Train Loss: 0.7660, Train Accuracy: 0.8750, Test Loss: 0.5891, Test Accuracy: 0.9174
Epoch 11/500 - Train Loss: 0.7275, Train Accuracy: 0.8600, Test Loss: 0.5381, Test Accuracy: 0.9161
Epoch 12/500 - Train Loss: 0.6692, Train Accuracy: 0.8700, Test Loss: 0.4873, Test Accuracy: 0.9305
Epoch 13/500 - Train Loss: 0.6192, Train Accuracy: 0.9025, Test Loss: 0.4590, Test Accuracy: 0.9296
Epoch 14/500 - Train Loss: 0.6098, Train Accuracy: 0.8675, Test Loss: 0.4422, Test Accuracy: 0.9323
Epoch 15/500 - Train Loss: 0.5391, Train Accuracy: 0.9125, Test Loss: 0.4167, Test Accuracy: 0.9349
Epoch 16/500 - Train Loss: 0.5342, Train Accuracy: 0.9075, Test Loss: 0.4043, Test Accuracy: 0.9353
Epoch 17/500 - Train Loss: 0.4871, Train Accuracy: 0.9175, Test Loss: 0.3949, Test Accuracy: 0.9358
Epoch 18/500 - Train Loss: 0.5087, Train Accuracy: 0.9075, Test Loss: 0.3796, Test Accuracy: 0.9392
Epoch 19/500 - Train Loss: 0.4679, Train Accuracy: 0.9050, Test Loss: 0.3710, Test Accuracy: 0.9384
Epoch 20/500 - Train Loss: 0.4198, Train Accuracy: 0.9425, Test Loss: 0.3628, Test Accuracy: 0.9406
Epoch 21/500 - Train Loss: 0.4085, Train Accuracy: 0.9400, Test Loss: 0.3518, Test Accuracy: 0.9406
Epoch 22/500 - Train Loss: 0.4381, Train Accuracy: 0.9200, Test Loss: 0.3462, Test Accuracy: 0.9449
Epoch 23/500 - Train Loss: 0.4072, Train Accuracy: 0.9275, Test Loss: 0.3406, Test Accuracy: 0.9476
Epoch 24/500 - Train Loss: 0.3662, Train Accuracy: 0.9425, Test Loss: 0.3275, Test Accuracy: 0.9471
Epoch 25/500 - Train Loss: 0.3685, Train Accuracy: 0.9350, Test Loss: 0.3264, Test Accuracy: 0.9476
Epoch 26/500 - Train Loss: 0.3701, Train Accuracy: 0.9350, Test Loss: 0.3222, Test Accuracy: 0.9480
Epoch 27/500 - Train Loss: 0.3836, Train Accuracy: 0.9275, Test Loss: 0.3200, Test Accuracy: 0.9497
Epoch 28/500 - Train Loss: 0.3535, Train Accuracy: 0.9425, Test Loss: 0.3162, Test Accuracy: 0.9502
Epoch 29/500 - Train Loss: 0.3634, Train Accuracy: 0.9275, Test Loss: 0.3134, Test Accuracy: 0.9515
Epoch 30/500 - Train Loss: 0.3558, Train Accuracy: 0.9325, Test Loss: 0.3183, Test Accuracy: 0.9484
Epoch 31/500 - Train Loss: 0.3350, Train Accuracy: 0.9525, Test Loss: 0.3238, Test Accuracy: 0.9458
Epoch 32/500 - Train Loss: 0.3153, Train Accuracy: 0.9650, Test Loss: 0.3228, Test Accuracy: 0.9436
Epoch 33/500 - Train Loss: 0.3081, Train Accuracy: 0.9525, Test Loss: 0.3207, Test Accuracy: 0.9458
Epoch 34/500 - Train Loss: 0.3192, Train Accuracy: 0.9525, Test Loss: 0.3232, Test Accuracy: 0.9423
Epoch 35/500 - Train Loss: 0.2880, Train Accuracy: 0.9600, Test Loss: 0.3278, Test Accuracy: 0.9388
Epoch 36/500 - Train Loss: 0.2940, Train Accuracy: 0.9550, Test Loss: 0.3258, Test Accuracy: 0.9436
Epoch 37/500 - Train Loss: 0.2935, Train Accuracy: 0.9575, Test Loss: 0.3212, Test Accuracy: 0.9432
Epoch 38/500 - Train Loss: 0.2950, Train Accuracy: 0.9600, Test Loss: 0.3218, Test Accuracy: 0.9419
Epoch 39/500 - Train Loss: 0.2909, Train Accuracy: 0.9600, Test Loss: 0.3141, Test Accuracy: 0.9427
Epoch 40/500 - Train Loss: 0.2679, Train Accuracy: 0.9675, Test Loss: 0.3217, Test Accuracy: 0.9410
Epoch 41/500 - Train Loss: 0.2682, Train Accuracy: 0.9675, Test Loss: 0.3062, Test Accuracy: 0.9462
Epoch 42/500 - Train Loss: 0.2724, Train Accuracy: 0.9650, Test Loss: 0.3077, Test Accuracy: 0.9427
Epoch 43/500 - Train Loss: 0.2880, Train Accuracy: 0.9550, Test Loss: 0.3095, Test Accuracy: 0.9449
Epoch 44/500 - Train Loss: 0.2983, Train Accuracy: 0.9475, Test Loss: 0.3189, Test Accuracy: 0.9406
Epoch 45/500 - Train Loss: 0.2432, Train Accuracy: 0.9700, Test Loss: 0.3086, Test Accuracy: 0.9441
Epoch 46/500 - Train Loss: 0.2484, Train Accuracy: 0.9750, Test Loss: 0.3069, Test Accuracy: 0.9476
Epoch 47/500 - Train Loss: 0.2531, Train Accuracy: 0.9750, Test Loss: 0.3055, Test Accuracy: 0.9476
Epoch 48/500 - Train Loss: 0.2532, Train Accuracy: 0.9675, Test Loss: 0.3029, Test Accuracy: 0.9462
Epoch 49/500 - Train Loss: 0.2429, Train Accuracy: 0.9750, Test Loss: 0.3073, Test Accuracy: 0.9445
Epoch 50/500 - Train Loss: 0.2381, Train Accuracy: 0.9700, Test Loss: 0.3108, Test Accuracy: 0.9410
Epoch 51/500 - Train Loss: 0.2685, Train Accuracy: 0.9650, Test Loss: 0.3082, Test Accuracy: 0.9423
Epoch 52/500 - Train Loss: 0.2556, Train Accuracy: 0.9725, Test Loss: 0.3076, Test Accuracy: 0.9427
Epoch 53/500 - Train Loss: 0.2318, Train Accuracy: 0.9750, Test Loss: 0.3058, Test Accuracy: 0.9423
Epoch 54/500 - Train Loss: 0.2706, Train Accuracy: 0.9600, Test Loss: 0.3133, Test Accuracy: 0.9423
Epoch 55/500 - Train Loss: 0.2584, Train Accuracy: 0.9650, Test Loss: 0.3040, Test Accuracy: 0.9427
Epoch 56/500 - Train Loss: 0.2217, Train Accuracy: 0.9800, Test Loss: 0.3123, Test Accuracy: 0.9397
Epoch 57/500 - Train Loss: 0.2545, Train Accuracy: 0.9700, Test Loss: 0.3083, Test Accuracy: 0.9445
Epoch 58/500 - Train Loss: 0.2421, Train Accuracy: 0.9625, Test Loss: 0.3102, Test Accuracy: 0.9414
Epoch 59/500 - Train Loss: 0.2214, Train Accuracy: 0.9850, Test Loss: 0.3101, Test Accuracy: 0.9410
Epoch 60/500 - Train Loss: 0.2369, Train Accuracy: 0.9750, Test Loss: 0.3068, Test Accuracy: 0.9454
Epoch 61/500 - Train Loss: 0.2113, Train Accuracy: 0.9800, Test Loss: 0.3023, Test Accuracy: 0.9458
Epoch 62/500 - Train Loss: 0.2300, Train Accuracy: 0.9750, Test Loss: 0.3121, Test Accuracy: 0.9423
Epoch 63/500 - Train Loss: 0.2133, Train Accuracy: 0.9800, Test Loss: 0.3062, Test Accuracy: 0.9441

Early stopping triggered at epoch 63
Best test loss: 0.3023
Best test accuracy: 0.9515
Plot saved as trained_models/Sweep_data run/metrics/loss.png
Plot saved as trained_models/Sweep_data run/metrics/metrics.png
