Using GPU 0: NVIDIA GeForce RTX 3090
Epoch 1/500 - Train Loss: 2.0506, Train Accuracy: 0.1675, Test Loss: 1.9971, Test Accuracy: 0.2797
Epoch 2/500 - Train Loss: 1.8212, Train Accuracy: 0.3825, Test Loss: 1.7420, Test Accuracy: 0.5293
Epoch 3/500 - Train Loss: 1.6725, Train Accuracy: 0.5100, Test Loss: 1.5226, Test Accuracy: 0.6897
Epoch 4/500 - Train Loss: 1.5160, Train Accuracy: 0.6375, Test Loss: 1.3660, Test Accuracy: 0.7644
Epoch 5/500 - Train Loss: 1.3919, Train Accuracy: 0.7225, Test Loss: 1.2351, Test Accuracy: 0.8099
Epoch 6/500 - Train Loss: 1.2753, Train Accuracy: 0.7825, Test Loss: 1.1339, Test Accuracy: 0.8488
Epoch 7/500 - Train Loss: 1.1837, Train Accuracy: 0.8000, Test Loss: 1.0491, Test Accuracy: 0.8658
Epoch 8/500 - Train Loss: 1.1075, Train Accuracy: 0.8125, Test Loss: 0.9634, Test Accuracy: 0.8842
Epoch 9/500 - Train Loss: 1.0530, Train Accuracy: 0.8125, Test Loss: 0.8925, Test Accuracy: 0.8990
Epoch 10/500 - Train Loss: 0.9753, Train Accuracy: 0.8375, Test Loss: 0.8460, Test Accuracy: 0.9008
Epoch 11/500 - Train Loss: 0.9431, Train Accuracy: 0.8475, Test Loss: 0.7888, Test Accuracy: 0.9126
Epoch 12/500 - Train Loss: 0.8924, Train Accuracy: 0.8525, Test Loss: 0.7454, Test Accuracy: 0.9209
Epoch 13/500 - Train Loss: 0.8450, Train Accuracy: 0.8800, Test Loss: 0.7125, Test Accuracy: 0.9226
Epoch 14/500 - Train Loss: 0.7845, Train Accuracy: 0.8750, Test Loss: 0.6855, Test Accuracy: 0.9274
Epoch 15/500 - Train Loss: 0.8012, Train Accuracy: 0.8625, Test Loss: 0.6475, Test Accuracy: 0.9305
Epoch 16/500 - Train Loss: 0.7500, Train Accuracy: 0.8775, Test Loss: 0.6226, Test Accuracy: 0.9349
Epoch 17/500 - Train Loss: 0.7496, Train Accuracy: 0.8875, Test Loss: 0.5993, Test Accuracy: 0.9344
Epoch 18/500 - Train Loss: 0.7305, Train Accuracy: 0.8875, Test Loss: 0.5843, Test Accuracy: 0.9375
Epoch 19/500 - Train Loss: 0.6724, Train Accuracy: 0.9100, Test Loss: 0.5657, Test Accuracy: 0.9432
Epoch 20/500 - Train Loss: 0.6685, Train Accuracy: 0.9050, Test Loss: 0.5530, Test Accuracy: 0.9441
Epoch 21/500 - Train Loss: 0.6232, Train Accuracy: 0.9350, Test Loss: 0.5407, Test Accuracy: 0.9467
Epoch 22/500 - Train Loss: 0.5800, Train Accuracy: 0.9425, Test Loss: 0.5314, Test Accuracy: 0.9458
Epoch 23/500 - Train Loss: 0.5988, Train Accuracy: 0.9325, Test Loss: 0.5249, Test Accuracy: 0.9410
Epoch 24/500 - Train Loss: 0.6012, Train Accuracy: 0.9300, Test Loss: 0.5154, Test Accuracy: 0.9449
Epoch 25/500 - Train Loss: 0.6062, Train Accuracy: 0.9100, Test Loss: 0.5124, Test Accuracy: 0.9401
Epoch 26/500 - Train Loss: 0.5667, Train Accuracy: 0.9375, Test Loss: 0.5083, Test Accuracy: 0.9419
Epoch 27/500 - Train Loss: 0.5921, Train Accuracy: 0.9150, Test Loss: 0.5019, Test Accuracy: 0.9476
Epoch 28/500 - Train Loss: 0.5501, Train Accuracy: 0.9175, Test Loss: 0.4979, Test Accuracy: 0.9445
Epoch 29/500 - Train Loss: 0.5185, Train Accuracy: 0.9500, Test Loss: 0.4944, Test Accuracy: 0.9458
Epoch 30/500 - Train Loss: 0.5440, Train Accuracy: 0.9375, Test Loss: 0.4880, Test Accuracy: 0.9476
Epoch 31/500 - Train Loss: 0.5228, Train Accuracy: 0.9450, Test Loss: 0.4859, Test Accuracy: 0.9445
Epoch 32/500 - Train Loss: 0.5323, Train Accuracy: 0.9300, Test Loss: 0.4830, Test Accuracy: 0.9467
Epoch 33/500 - Train Loss: 0.5259, Train Accuracy: 0.9350, Test Loss: 0.4749, Test Accuracy: 0.9506
Epoch 34/500 - Train Loss: 0.5026, Train Accuracy: 0.9525, Test Loss: 0.4751, Test Accuracy: 0.9493
Epoch 35/500 - Train Loss: 0.5236, Train Accuracy: 0.9300, Test Loss: 0.4743, Test Accuracy: 0.9484
Epoch 36/500 - Train Loss: 0.5022, Train Accuracy: 0.9550, Test Loss: 0.4714, Test Accuracy: 0.9506
Epoch 37/500 - Train Loss: 0.4727, Train Accuracy: 0.9550, Test Loss: 0.4735, Test Accuracy: 0.9471
Epoch 38/500 - Train Loss: 0.4826, Train Accuracy: 0.9450, Test Loss: 0.4761, Test Accuracy: 0.9458
Epoch 39/500 - Train Loss: 0.4797, Train Accuracy: 0.9525, Test Loss: 0.4706, Test Accuracy: 0.9467
Epoch 40/500 - Train Loss: 0.4807, Train Accuracy: 0.9475, Test Loss: 0.4744, Test Accuracy: 0.9432
Epoch 41/500 - Train Loss: 0.4774, Train Accuracy: 0.9550, Test Loss: 0.4721, Test Accuracy: 0.9432
Epoch 42/500 - Train Loss: 0.4405, Train Accuracy: 0.9675, Test Loss: 0.4755, Test Accuracy: 0.9449
Epoch 43/500 - Train Loss: 0.4841, Train Accuracy: 0.9525, Test Loss: 0.4725, Test Accuracy: 0.9432
Epoch 44/500 - Train Loss: 0.4642, Train Accuracy: 0.9500, Test Loss: 0.4718, Test Accuracy: 0.9445
Epoch 45/500 - Train Loss: 0.4479, Train Accuracy: 0.9700, Test Loss: 0.4707, Test Accuracy: 0.9445
Epoch 46/500 - Train Loss: 0.4389, Train Accuracy: 0.9650, Test Loss: 0.4684, Test Accuracy: 0.9427
Epoch 47/500 - Train Loss: 0.4471, Train Accuracy: 0.9675, Test Loss: 0.4681, Test Accuracy: 0.9445
Epoch 48/500 - Train Loss: 0.4344, Train Accuracy: 0.9750, Test Loss: 0.4640, Test Accuracy: 0.9454
Epoch 49/500 - Train Loss: 0.4288, Train Accuracy: 0.9625, Test Loss: 0.4679, Test Accuracy: 0.9467
Epoch 50/500 - Train Loss: 0.4556, Train Accuracy: 0.9575, Test Loss: 0.4614, Test Accuracy: 0.9480
Epoch 51/500 - Train Loss: 0.4165, Train Accuracy: 0.9775, Test Loss: 0.4606, Test Accuracy: 0.9471
Epoch 52/500 - Train Loss: 0.4189, Train Accuracy: 0.9650, Test Loss: 0.4646, Test Accuracy: 0.9436
Epoch 53/500 - Train Loss: 0.4224, Train Accuracy: 0.9700, Test Loss: 0.4654, Test Accuracy: 0.9441
Epoch 54/500 - Train Loss: 0.4342, Train Accuracy: 0.9625, Test Loss: 0.4699, Test Accuracy: 0.9423
Epoch 55/500 - Train Loss: 0.4266, Train Accuracy: 0.9600, Test Loss: 0.4672, Test Accuracy: 0.9436
Epoch 56/500 - Train Loss: 0.4214, Train Accuracy: 0.9675, Test Loss: 0.4641, Test Accuracy: 0.9445
Epoch 57/500 - Train Loss: 0.4287, Train Accuracy: 0.9600, Test Loss: 0.4610, Test Accuracy: 0.9458
Epoch 58/500 - Train Loss: 0.4091, Train Accuracy: 0.9750, Test Loss: 0.4629, Test Accuracy: 0.9449
Epoch 59/500 - Train Loss: 0.4340, Train Accuracy: 0.9650, Test Loss: 0.4618, Test Accuracy: 0.9436
Epoch 60/500 - Train Loss: 0.4102, Train Accuracy: 0.9675, Test Loss: 0.4592, Test Accuracy: 0.9484
Epoch 61/500 - Train Loss: 0.4431, Train Accuracy: 0.9600, Test Loss: 0.4594, Test Accuracy: 0.9462
Epoch 62/500 - Train Loss: 0.4399, Train Accuracy: 0.9625, Test Loss: 0.4594, Test Accuracy: 0.9467
Epoch 63/500 - Train Loss: 0.4231, Train Accuracy: 0.9500, Test Loss: 0.4635, Test Accuracy: 0.9454
Epoch 64/500 - Train Loss: 0.4242, Train Accuracy: 0.9650, Test Loss: 0.4600, Test Accuracy: 0.9471
Epoch 65/500 - Train Loss: 0.3843, Train Accuracy: 0.9825, Test Loss: 0.4550, Test Accuracy: 0.9502
Epoch 66/500 - Train Loss: 0.4120, Train Accuracy: 0.9725, Test Loss: 0.4547, Test Accuracy: 0.9467
Epoch 67/500 - Train Loss: 0.3969, Train Accuracy: 0.9725, Test Loss: 0.4595, Test Accuracy: 0.9458
Epoch 68/500 - Train Loss: 0.4092, Train Accuracy: 0.9600, Test Loss: 0.4605, Test Accuracy: 0.9432
Epoch 69/500 - Train Loss: 0.4198, Train Accuracy: 0.9675, Test Loss: 0.4555, Test Accuracy: 0.9454
Epoch 70/500 - Train Loss: 0.3896, Train Accuracy: 0.9725, Test Loss: 0.4577, Test Accuracy: 0.9449
Epoch 71/500 - Train Loss: 0.4010, Train Accuracy: 0.9750, Test Loss: 0.4567, Test Accuracy: 0.9458
Epoch 72/500 - Train Loss: 0.4115, Train Accuracy: 0.9700, Test Loss: 0.4608, Test Accuracy: 0.9427
Epoch 73/500 - Train Loss: 0.3961, Train Accuracy: 0.9725, Test Loss: 0.4600, Test Accuracy: 0.9436
Epoch 74/500 - Train Loss: 0.3947, Train Accuracy: 0.9775, Test Loss: 0.4610, Test Accuracy: 0.9432
Epoch 75/500 - Train Loss: 0.4112, Train Accuracy: 0.9650, Test Loss: 0.4617, Test Accuracy: 0.9436
Epoch 76/500 - Train Loss: 0.4144, Train Accuracy: 0.9725, Test Loss: 0.4622, Test Accuracy: 0.9432
Epoch 77/500 - Train Loss: 0.4136, Train Accuracy: 0.9675, Test Loss: 0.4657, Test Accuracy: 0.9410
Epoch 78/500 - Train Loss: 0.3997, Train Accuracy: 0.9675, Test Loss: 0.4658, Test Accuracy: 0.9427
Epoch 79/500 - Train Loss: 0.3892, Train Accuracy: 0.9800, Test Loss: 0.4634, Test Accuracy: 0.9406
Epoch 80/500 - Train Loss: 0.3917, Train Accuracy: 0.9775, Test Loss: 0.4606, Test Accuracy: 0.9462

Early stopping triggered at epoch 80
Best test loss: 0.4547
Best test accuracy: 0.9506
Plot saved as trained_models/Sweep_data run/metrics/loss.png
Plot saved as trained_models/Sweep_data run/metrics/metrics.png
