wandb: Starting wandb agent 🕵️
2026-01-10 17:25:57,232 - wandb.wandb_agent - INFO - Running runs: []
2026-01-10 17:25:57,732 - wandb.wandb_agent - INFO - Agent received command: run
2026-01-10 17:25:57,732 - wandb.wandb_agent - INFO - Agent starting run with config:
	batch_size: 64
	label_smoothing: 0.012672872310446382
	lr: 0.0005952364287967242
	optimizer: Nadam
	weight_decay: 3.81585927955583e-06
2026-01-10 17:25:57,755 - wandb.wandb_agent - INFO - About to run command: /usr/bin/env python train.py --batch_size=64 --label_smoothing=0.012672872310446382 --lr=0.0005952364287967242 --optimizer=Nadam --weight_decay=3.81585927955583e-06
wandb: Currently logged in as: arnaumarcosalmansa (mcv-team-6) to https://api.wandb.ai. Use `wandb login --relogin` to force relogin
wandb: WARNING Ignoring project 'C3-Week3' when running a sweep.
wandb: WARNING Ignoring entity 'mcv-team-6' when running a sweep.
2026-01-10 17:26:02,762 - wandb.wandb_agent - INFO - Running runs: ['zqp2395m']
wandb: setting up run zqp2395m
wandb: Tracking run with wandb version 0.23.1
wandb: Run data is saved locally in /export/home/group06/workspace/project-team-6/Week3/wandb/run-20260110_172602-zqp2395m
wandb: Run `wandb offline` to turn off syncing.
wandb: Syncing run Sweep run
wandb: ⭐️ View project at https://wandb.ai/mcv-team-6/C3-Week3
wandb: 🧹 View sweep at https://wandb.ai/mcv-team-6/C3-Week3/sweeps/k5ns8jzl
wandb: 🚀 View run at https://wandb.ai/mcv-team-6/C3-Week3/runs/zqp2395m
TRAINING THE MODEL:   0%|          | 0/500 [00:00<?, ?it/s]TRAINING THE MODEL:   0%|          | 1/500 [00:04<36:02,  4.33s/it]TRAINING THE MODEL:   0%|          | 2/500 [00:07<29:35,  3.57s/it]TRAINING THE MODEL:   1%|          | 3/500 [00:10<27:30,  3.32s/it]TRAINING THE MODEL:   1%|          | 4/500 [00:13<26:31,  3.21s/it]TRAINING THE MODEL:   1%|          | 5/500 [00:16<25:57,  3.15s/it]TRAINING THE MODEL:   1%|          | 6/500 [00:19<25:37,  3.11s/it]TRAINING THE MODEL:   1%|▏         | 7/500 [00:22<25:22,  3.09s/it]TRAINING THE MODEL:   2%|▏         | 8/500 [00:25<25:12,  3.07s/it]TRAINING THE MODEL:   2%|▏         | 9/500 [00:28<25:05,  3.07s/it]TRAINING THE MODEL:   2%|▏         | 10/500 [00:31<24:59,  3.06s/it]TRAINING THE MODEL:   2%|▏         | 11/500 [00:34<24:54,  3.06s/it]TRAINING THE MODEL:   2%|▏         | 12/500 [00:37<24:57,  3.07s/it]TRAINING THE MODEL:   3%|▎         | 13/500 [00:40<24:52,  3.07s/it]TRAINING THE MODEL:   3%|▎         | 14/500 [00:44<24:56,  3.08s/it]TRAINING THE MODEL:   3%|▎         | 15/500 [00:47<24:59,  3.09s/it]TRAINING THE MODEL:   3%|▎         | 16/500 [00:50<24:51,  3.08s/it]TRAINING THE MODEL:   3%|▎         | 17/500 [00:53<24:46,  3.08s/it]TRAINING THE MODEL:   4%|▎         | 18/500 [00:56<24:42,  3.08s/it]TRAINING THE MODEL:   4%|▎         | 18/500 [00:59<26:30,  3.30s/it]
wandb: updating run metadata
wandb: uploading config.yaml
wandb: uploading console lines 4-25
wandb: 
wandb: Run history:
wandb:          epoch ▁▁▂▂▃▃▃▄▄▅▅▅▆▆▆▇▇██
wandb:  test_accuracy ▁▅▇█▇█▃▄▄▆█▇▇▇█▆▅▅▇
wandb:      test_loss █▄▂▁▂▁▇▅▇▃▁▂▂▂▁▃▆▆▂
wandb: train_accuracy ▁▇▇▇▇██▇█▇█▇▇███▇▇█
wandb:     train_loss █▂▂▂▁▁▁▂▁▂▁▁▁▁▁▁▂▁▁
wandb: 
wandb: Run summary:
wandb:          epoch 18
wandb:  test_accuracy 0.85052
wandb:      test_loss 0.51294
wandb: train_accuracy 0.9725
wandb:     train_loss 0.18725
wandb: 
wandb: 🚀 View run Sweep run at: https://wandb.ai/mcv-team-6/C3-Week3/runs/zqp2395m
wandb: ⭐️ View project at: https://wandb.ai/mcv-team-6/C3-Week3
wandb: Synced 5 W&B file(s), 0 media file(s), 0 artifact file(s) and 0 other file(s)
wandb: Find logs at: ./wandb/run-20260110_172602-zqp2395m/logs
2026-01-10 17:27:09,663 - wandb.wandb_agent - INFO - Cleaning up finished run: zqp2395m
wandb: Terminating and syncing runs. Press ctrl-c to kill.
