wandb: Starting wandb agent 🕵️
2026-01-10 20:53:33,873 - wandb.wandb_agent - INFO - Running runs: []
2026-01-10 20:53:34,541 - wandb.wandb_agent - INFO - Agent received command: run
2026-01-10 20:53:34,541 - wandb.wandb_agent - INFO - Agent starting run with config:
	affine: 0.44293359788492537
	blur: 0.9198816474822328
	brightness: 1.1896865526851432
	contrast: 1.0119226121753615
	crop: 0.6177924626045977
	crop_scale: 0.5963756745182591
	flip: 0.93841367302634
	gaussian_blur_kernel: 9
	gaussian_noise_std: 1.7376057393736628
	grey: 0.15273742974576565
	hue: -0.05303685725694667
	jiggle: 0.34954150415544727
	rotate: 0.31247753606481254
	rotation: 5
	saturation: 0.9572970670409056
	scale: 0.9004644660332672
	shear: 21
	translate_x: 0.03623198068696527
	translate_y: 0.3558367918580333
2026-01-10 20:53:34,545 - wandb.wandb_agent - INFO - About to run command: /usr/bin/env python train_data.py --affine=0.44293359788492537 --blur=0.9198816474822328 --brightness=1.1896865526851432 --contrast=1.0119226121753615 --crop=0.6177924626045977 --crop_scale=0.5963756745182591 --flip=0.93841367302634 --gaussian_blur_kernel=9 --gaussian_noise_std=1.7376057393736628 --grey=0.15273742974576565 --hue=-0.05303685725694667 --jiggle=0.34954150415544727 --rotate=0.31247753606481254 --rotation=5 --saturation=0.9572970670409056 --scale=0.9004644660332672 --shear=21 --translate_x=0.03623198068696527 --translate_y=0.3558367918580333
wandb: Currently logged in as: arnaumarcosalmansa (mcv-team-6) to https://api.wandb.ai. Use `wandb login --relogin` to force relogin
wandb: WARNING Ignoring project 'C3-Week3' when running a sweep.
wandb: WARNING Ignoring entity 'mcv-team-6' when running a sweep.
wandb: Tracking run with wandb version 0.23.1
wandb: Run data is saved locally in /export/home/group06/workspace/project-team-6/Week3/wandb/run-20260110_205338-056d5n8l
wandb: Run `wandb offline` to turn off syncing.
wandb: Syncing run Sweep run
wandb: ⭐️ View project at https://wandb.ai/mcv-team-6/C3-Week3
wandb: 🧹 View sweep at https://wandb.ai/mcv-team-6/C3-Week3/sweeps/8yeenlu8
wandb: 🚀 View run at https://wandb.ai/mcv-team-6/C3-Week3/runs/056d5n8l
2026-01-10 20:53:39,548 - wandb.wandb_agent - INFO - Running runs: ['056d5n8l']
Traceback (most recent call last):
  File "/export/home/group06/workspace/project-team-6/Week3/train_data.py", line 61, in <module>
    ka.ColorJitter(brightness=cfg.brightness,
  File "/ghome/group06/miniconda3/envs/c3/lib/python3.12/site-packages/kornia/augmentation/_2d/intensity/color_jitter.py", line 105, in __init__
    self._param_generator = rg.ColorJitterGenerator(brightness, contrast, saturation, hue)
                            ^^^^^^^^^^^^^^^^^^^^^^^^^^^^^^^^^^^^^^^^^^^^^^^^^^^^^^^^^^^^^^
  File "/ghome/group06/miniconda3/envs/c3/lib/python3.12/site-packages/kornia/augmentation/random_generator/base.py", line 34, in __call__
    obj.__post_init__()
  File "/ghome/group06/miniconda3/envs/c3/lib/python3.12/site-packages/kornia/augmentation/random_generator/base.py", line 48, in __post_init__
    self.set_rng_device_and_dtype()
  File "/ghome/group06/miniconda3/envs/c3/lib/python3.12/site-packages/kornia/augmentation/random_generator/base.py", line 64, in set_rng_device_and_dtype
    self.make_samplers(device, dtype)
  File "/ghome/group06/miniconda3/envs/c3/lib/python3.12/site-packages/kornia/augmentation/random_generator/_2d/color_jitter.py", line 86, in make_samplers
    hue: Tensor = _range_bound(self.hue, "hue", bounds=(-0.5, 0.5), device=device, dtype=dtype)
                  ^^^^^^^^^^^^^^^^^^^^^^^^^^^^^^^^^^^^^^^^^^^^^^^^^^^^^^^^^^^^^^^^^^^^^^^^^^^^^
  File "/ghome/group06/miniconda3/envs/c3/lib/python3.12/site-packages/kornia/augmentation/utils/param_validation.py", line 53, in _range_bound
    raise ValueError(f"If {name} is a single number, it must be non negative. Got {factor}.")
ValueError: If hue is a single number, it must be non negative. Got -0.05303685739636421.
2026-01-10 20:53:44,687 - wandb.wandb_agent - INFO - Cleaning up finished run: 056d5n8l
wandb: Terminating and syncing runs. Press ctrl-c to kill.
