wandb: Starting wandb agent 🕵️
2026-01-10 20:45:04,821 - wandb.wandb_agent - INFO - Running runs: []
2026-01-10 20:45:05,171 - wandb.wandb_agent - INFO - Agent received command: run
2026-01-10 20:45:05,172 - wandb.wandb_agent - INFO - Agent starting run with config:
	affine: 0.7329827735706801
	blur: 0.28642754395156245
	brightness: 1.2653410719591571
	contrast: 0.9432438670397844
	crop: 0.5419662781139057
	crop_scale: 0.25861687539558953
	flip: 0.25785097305807614
	gaussian_blur_kernel: 5
	gaussian_noise_std: 0.17557688895205092
	grey: 0.036090936391386275
	hue: -0.029774935080298923
	jiggle: 0.8376235083952618
	rotate: 0.5644448747881282
	rotation: 47
	saturation: 0.8577613850128402
	scale: 0.9001057199279713
	shear: 23
	translate_x: 0.20896909362406332
	translate_y: 0.04265561482958851
2026-01-10 20:45:05,175 - wandb.wandb_agent - INFO - About to run command: /usr/bin/env python train_data.py --affine=0.7329827735706801 --blur=0.28642754395156245 --brightness=1.2653410719591571 --contrast=0.9432438670397844 --crop=0.5419662781139057 --crop_scale=0.25861687539558953 --flip=0.25785097305807614 --gaussian_blur_kernel=5 --gaussian_noise_std=0.17557688895205092 --grey=0.036090936391386275 --hue=-0.029774935080298923 --jiggle=0.8376235083952618 --rotate=0.5644448747881282 --rotation=47 --saturation=0.8577613850128402 --scale=0.9001057199279713 --shear=23 --translate_x=0.20896909362406332 --translate_y=0.04265561482958851
wandb: Currently logged in as: arnaumarcosalmansa (mcv-team-6) to https://api.wandb.ai. Use `wandb login --relogin` to force relogin
wandb: WARNING Ignoring project 'C3-Week3' when running a sweep.
wandb: WARNING Ignoring entity 'mcv-team-6' when running a sweep.
2026-01-10 20:45:10,182 - wandb.wandb_agent - INFO - Running runs: ['xw130qoq']
wandb: Tracking run with wandb version 0.23.1
wandb: Run data is saved locally in /export/home/group06/workspace/project-team-6/Week3/wandb/run-20260110_204509-xw130qoq
wandb: Run `wandb offline` to turn off syncing.
wandb: Syncing run Sweep run
wandb: ⭐️ View project at https://wandb.ai/mcv-team-6/C3-Week3
wandb: 🧹 View sweep at https://wandb.ai/mcv-team-6/C3-Week3/sweeps/8yeenlu8
wandb: 🚀 View run at https://wandb.ai/mcv-team-6/C3-Week3/runs/xw130qoq
Traceback (most recent call last):
  File "/export/home/group06/workspace/project-team-6/Week3/train_data.py", line 61, in <module>
    ka.ColorJitter(brightness=cfg.brightness,
  File "/ghome/group06/miniconda3/envs/c3/lib/python3.12/site-packages/kornia/augmentation/_2d/intensity/color_jitter.py", line 105, in __init__
    self._param_generator = rg.ColorJitterGenerator(brightness, contrast, saturation, hue)
                            ^^^^^^^^^^^^^^^^^^^^^^^^^^^^^^^^^^^^^^^^^^^^^^^^^^^^^^^^^^^^^^
  File "/ghome/group06/miniconda3/envs/c3/lib/python3.12/site-packages/kornia/augmentation/random_generator/base.py", line 34, in __call__
    obj.__post_init__()
  File "/ghome/group06/miniconda3/envs/c3/lib/python3.12/site-packages/kornia/augmentation/random_generator/base.py", line 48, in __post_init__
    self.set_rng_device_and_dtype()
  File "/ghome/group06/miniconda3/envs/c3/lib/python3.12/site-packages/kornia/augmentation/random_generator/base.py", line 64, in set_rng_device_and_dtype
    self.make_samplers(device, dtype)
  File "/ghome/group06/miniconda3/envs/c3/lib/python3.12/site-packages/kornia/augmentation/random_generator/_2d/color_jitter.py", line 86, in make_samplers
    hue: Tensor = _range_bound(self.hue, "hue", bounds=(-0.5, 0.5), device=device, dtype=dtype)
                  ^^^^^^^^^^^^^^^^^^^^^^^^^^^^^^^^^^^^^^^^^^^^^^^^^^^^^^^^^^^^^^^^^^^^^^^^^^^^^
  File "/ghome/group06/miniconda3/envs/c3/lib/python3.12/site-packages/kornia/augmentation/utils/param_validation.py", line 53, in _range_bound
    raise ValueError(f"If {name} is a single number, it must be non negative. Got {factor}.")
ValueError: If hue is a single number, it must be non negative. Got -0.02977493591606617.
2026-01-10 20:45:15,326 - wandb.wandb_agent - INFO - Cleaning up finished run: xw130qoq
wandb: Terminating and syncing runs. Press ctrl-c to kill.
