Using GPU 0: NVIDIA GeForce RTX 3090
Epoch 1/500 - Train Loss: 2.0796, Train Accuracy: 0.1650, Test Loss: 1.9969, Test Accuracy: 0.2767
Epoch 2/500 - Train Loss: 1.8468, Train Accuracy: 0.3275, Test Loss: 1.7694, Test Accuracy: 0.4296
Epoch 3/500 - Train Loss: 1.6169, Train Accuracy: 0.5675, Test Loss: 1.5256, Test Accuracy: 0.6023
Epoch 4/500 - Train Loss: 1.4171, Train Accuracy: 0.7175, Test Loss: 1.3063, Test Accuracy: 0.7264
Epoch 5/500 - Train Loss: 1.2523, Train Accuracy: 0.7825, Test Loss: 1.1082, Test Accuracy: 0.8138
Epoch 6/500 - Train Loss: 1.1167, Train Accuracy: 0.8200, Test Loss: 0.9541, Test Accuracy: 0.8580
Epoch 7/500 - Train Loss: 0.9702, Train Accuracy: 0.8700, Test Loss: 0.8244, Test Accuracy: 0.8872
Epoch 8/500 - Train Loss: 0.8503, Train Accuracy: 0.8750, Test Loss: 0.7128, Test Accuracy: 0.9082
Epoch 9/500 - Train Loss: 0.7553, Train Accuracy: 0.8825, Test Loss: 0.6346, Test Accuracy: 0.9135
Epoch 10/500 - Train Loss: 0.7073, Train Accuracy: 0.8975, Test Loss: 0.5677, Test Accuracy: 0.9178
Epoch 11/500 - Train Loss: 0.6464, Train Accuracy: 0.9050, Test Loss: 0.5094, Test Accuracy: 0.9266
Epoch 12/500 - Train Loss: 0.5332, Train Accuracy: 0.9250, Test Loss: 0.4703, Test Accuracy: 0.9344
Epoch 13/500 - Train Loss: 0.5132, Train Accuracy: 0.9400, Test Loss: 0.4453, Test Accuracy: 0.9375
Epoch 14/500 - Train Loss: 0.5272, Train Accuracy: 0.9175, Test Loss: 0.4153, Test Accuracy: 0.9366
Epoch 15/500 - Train Loss: 0.4736, Train Accuracy: 0.9225, Test Loss: 0.3907, Test Accuracy: 0.9401
Epoch 16/500 - Train Loss: 0.4451, Train Accuracy: 0.9350, Test Loss: 0.3818, Test Accuracy: 0.9419
Epoch 17/500 - Train Loss: 0.4261, Train Accuracy: 0.9400, Test Loss: 0.3693, Test Accuracy: 0.9423
Epoch 18/500 - Train Loss: 0.4078, Train Accuracy: 0.9350, Test Loss: 0.3558, Test Accuracy: 0.9445
Epoch 19/500 - Train Loss: 0.3704, Train Accuracy: 0.9425, Test Loss: 0.3459, Test Accuracy: 0.9454
Epoch 20/500 - Train Loss: 0.3945, Train Accuracy: 0.9375, Test Loss: 0.3361, Test Accuracy: 0.9471
Epoch 21/500 - Train Loss: 0.3722, Train Accuracy: 0.9475, Test Loss: 0.3380, Test Accuracy: 0.9441
Epoch 22/500 - Train Loss: 0.3423, Train Accuracy: 0.9650, Test Loss: 0.3297, Test Accuracy: 0.9458
Epoch 23/500 - Train Loss: 0.3333, Train Accuracy: 0.9525, Test Loss: 0.3230, Test Accuracy: 0.9484
Epoch 24/500 - Train Loss: 0.3302, Train Accuracy: 0.9600, Test Loss: 0.3150, Test Accuracy: 0.9489
Epoch 25/500 - Train Loss: 0.2872, Train Accuracy: 0.9775, Test Loss: 0.3065, Test Accuracy: 0.9502
Epoch 26/500 - Train Loss: 0.2991, Train Accuracy: 0.9650, Test Loss: 0.3058, Test Accuracy: 0.9515
Epoch 27/500 - Train Loss: 0.2793, Train Accuracy: 0.9875, Test Loss: 0.3005, Test Accuracy: 0.9493
Epoch 28/500 - Train Loss: 0.2965, Train Accuracy: 0.9650, Test Loss: 0.3009, Test Accuracy: 0.9476
Epoch 29/500 - Train Loss: 0.2908, Train Accuracy: 0.9750, Test Loss: 0.2997, Test Accuracy: 0.9445
Epoch 30/500 - Train Loss: 0.2885, Train Accuracy: 0.9675, Test Loss: 0.3053, Test Accuracy: 0.9449
Epoch 31/500 - Train Loss: 0.2648, Train Accuracy: 0.9700, Test Loss: 0.2950, Test Accuracy: 0.9510
Epoch 32/500 - Train Loss: 0.2693, Train Accuracy: 0.9725, Test Loss: 0.2961, Test Accuracy: 0.9506
Epoch 33/500 - Train Loss: 0.2394, Train Accuracy: 0.9800, Test Loss: 0.2958, Test Accuracy: 0.9497
Epoch 34/500 - Train Loss: 0.2452, Train Accuracy: 0.9775, Test Loss: 0.2879, Test Accuracy: 0.9515
Epoch 35/500 - Train Loss: 0.2733, Train Accuracy: 0.9600, Test Loss: 0.2903, Test Accuracy: 0.9484
Epoch 36/500 - Train Loss: 0.2605, Train Accuracy: 0.9675, Test Loss: 0.2937, Test Accuracy: 0.9489
Epoch 37/500 - Train Loss: 0.2446, Train Accuracy: 0.9850, Test Loss: 0.2970, Test Accuracy: 0.9458
Epoch 38/500 - Train Loss: 0.2269, Train Accuracy: 0.9750, Test Loss: 0.2978, Test Accuracy: 0.9419
Epoch 39/500 - Train Loss: 0.2256, Train Accuracy: 0.9775, Test Loss: 0.2934, Test Accuracy: 0.9454
Epoch 40/500 - Train Loss: 0.2566, Train Accuracy: 0.9600, Test Loss: 0.2899, Test Accuracy: 0.9497
Epoch 41/500 - Train Loss: 0.2274, Train Accuracy: 0.9800, Test Loss: 0.2899, Test Accuracy: 0.9510
Epoch 42/500 - Train Loss: 0.2035, Train Accuracy: 0.9875, Test Loss: 0.2914, Test Accuracy: 0.9462
Epoch 43/500 - Train Loss: 0.2086, Train Accuracy: 0.9800, Test Loss: 0.2923, Test Accuracy: 0.9480
Epoch 44/500 - Train Loss: 0.2275, Train Accuracy: 0.9800, Test Loss: 0.2867, Test Accuracy: 0.9502
Epoch 45/500 - Train Loss: 0.2430, Train Accuracy: 0.9825, Test Loss: 0.2936, Test Accuracy: 0.9454
Epoch 46/500 - Train Loss: 0.1991, Train Accuracy: 0.9900, Test Loss: 0.2902, Test Accuracy: 0.9467
Epoch 47/500 - Train Loss: 0.2357, Train Accuracy: 0.9650, Test Loss: 0.2965, Test Accuracy: 0.9436
Epoch 48/500 - Train Loss: 0.1926, Train Accuracy: 0.9875, Test Loss: 0.2949, Test Accuracy: 0.9476
Epoch 49/500 - Train Loss: 0.1949, Train Accuracy: 0.9875, Test Loss: 0.2961, Test Accuracy: 0.9445
Epoch 50/500 - Train Loss: 0.2015, Train Accuracy: 0.9875, Test Loss: 0.3007, Test Accuracy: 0.9462
Epoch 51/500 - Train Loss: 0.2219, Train Accuracy: 0.9775, Test Loss: 0.2987, Test Accuracy: 0.9462
Epoch 52/500 - Train Loss: 0.2029, Train Accuracy: 0.9850, Test Loss: 0.2956, Test Accuracy: 0.9462
Epoch 53/500 - Train Loss: 0.2177, Train Accuracy: 0.9800, Test Loss: 0.3000, Test Accuracy: 0.9454
Epoch 54/500 - Train Loss: 0.2013, Train Accuracy: 0.9825, Test Loss: 0.2954, Test Accuracy: 0.9458
Epoch 55/500 - Train Loss: 0.2004, Train Accuracy: 0.9875, Test Loss: 0.2884, Test Accuracy: 0.9515
Epoch 56/500 - Train Loss: 0.2146, Train Accuracy: 0.9800, Test Loss: 0.2874, Test Accuracy: 0.9510
Epoch 57/500 - Train Loss: 0.2021, Train Accuracy: 0.9875, Test Loss: 0.2901, Test Accuracy: 0.9458
Epoch 58/500 - Train Loss: 0.1959, Train Accuracy: 0.9900, Test Loss: 0.2902, Test Accuracy: 0.9484
Epoch 59/500 - Train Loss: 0.1956, Train Accuracy: 0.9875, Test Loss: 0.2937, Test Accuracy: 0.9471

Early stopping triggered at epoch 59
Best test loss: 0.2867
Best test accuracy: 0.9515
Plot saved as trained_models/Sweep_data run/metrics/loss.png
Plot saved as trained_models/Sweep_data run/metrics/metrics.png
