Using GPU 0: NVIDIA GeForce RTX 3090
Epoch 1/500 - Train Loss: 1.8841, Train Accuracy: 0.3150, Test Loss: 2.0165, Test Accuracy: 0.2015
Epoch 2/500 - Train Loss: 1.2536, Train Accuracy: 0.7625, Test Loss: 1.5882, Test Accuracy: 0.6888
Epoch 3/500 - Train Loss: 0.8394, Train Accuracy: 0.9150, Test Loss: 1.0905, Test Accuracy: 0.8396
Epoch 4/500 - Train Loss: 0.6528, Train Accuracy: 0.9225, Test Loss: 0.7752, Test Accuracy: 0.9065
Epoch 5/500 - Train Loss: 0.5295, Train Accuracy: 0.9450, Test Loss: 0.6019, Test Accuracy: 0.9240
Epoch 6/500 - Train Loss: 0.4385, Train Accuracy: 0.9650, Test Loss: 0.5176, Test Accuracy: 0.9301
Epoch 7/500 - Train Loss: 0.4073, Train Accuracy: 0.9650, Test Loss: 0.4707, Test Accuracy: 0.9366
Epoch 8/500 - Train Loss: 0.3775, Train Accuracy: 0.9850, Test Loss: 0.4344, Test Accuracy: 0.9476
Epoch 9/500 - Train Loss: 0.3406, Train Accuracy: 0.9900, Test Loss: 0.4230, Test Accuracy: 0.9502
Epoch 10/500 - Train Loss: 0.3376, Train Accuracy: 0.9925, Test Loss: 0.4268, Test Accuracy: 0.9441
Epoch 11/500 - Train Loss: 0.3122, Train Accuracy: 0.9950, Test Loss: 0.4221, Test Accuracy: 0.9480
Epoch 12/500 - Train Loss: 0.3242, Train Accuracy: 0.9875, Test Loss: 0.4190, Test Accuracy: 0.9489
Epoch 13/500 - Train Loss: 0.2997, Train Accuracy: 0.9900, Test Loss: 0.4174, Test Accuracy: 0.9471
Epoch 14/500 - Train Loss: 0.3033, Train Accuracy: 0.9950, Test Loss: 0.4152, Test Accuracy: 0.9506
Epoch 15/500 - Train Loss: 0.3127, Train Accuracy: 0.9900, Test Loss: 0.4210, Test Accuracy: 0.9454
Epoch 16/500 - Train Loss: 0.3042, Train Accuracy: 0.9925, Test Loss: 0.4153, Test Accuracy: 0.9493
Epoch 17/500 - Train Loss: 0.2965, Train Accuracy: 0.9975, Test Loss: 0.4114, Test Accuracy: 0.9489
Epoch 18/500 - Train Loss: 0.3135, Train Accuracy: 0.9875, Test Loss: 0.4257, Test Accuracy: 0.9432
Epoch 19/500 - Train Loss: 0.2969, Train Accuracy: 0.9975, Test Loss: 0.4129, Test Accuracy: 0.9476
Epoch 20/500 - Train Loss: 0.2896, Train Accuracy: 0.9950, Test Loss: 0.4078, Test Accuracy: 0.9497
Epoch 21/500 - Train Loss: 0.2865, Train Accuracy: 0.9950, Test Loss: 0.4166, Test Accuracy: 0.9432
Epoch 22/500 - Train Loss: 0.2894, Train Accuracy: 0.9975, Test Loss: 0.4186, Test Accuracy: 0.9445
Epoch 23/500 - Train Loss: 0.2936, Train Accuracy: 0.9900, Test Loss: 0.4181, Test Accuracy: 0.9493
Epoch 24/500 - Train Loss: 0.2827, Train Accuracy: 0.9975, Test Loss: 0.4237, Test Accuracy: 0.9414
Epoch 25/500 - Train Loss: 0.2933, Train Accuracy: 0.9925, Test Loss: 0.4227, Test Accuracy: 0.9406
Epoch 26/500 - Train Loss: 0.2787, Train Accuracy: 0.9975, Test Loss: 0.4246, Test Accuracy: 0.9379
Epoch 27/500 - Train Loss: 0.2857, Train Accuracy: 0.9950, Test Loss: 0.4155, Test Accuracy: 0.9445
Epoch 28/500 - Train Loss: 0.2822, Train Accuracy: 0.9975, Test Loss: 0.4323, Test Accuracy: 0.9401
Epoch 29/500 - Train Loss: 0.2844, Train Accuracy: 0.9950, Test Loss: 0.4496, Test Accuracy: 0.9362
Epoch 30/500 - Train Loss: 0.2924, Train Accuracy: 0.9900, Test Loss: 0.4441, Test Accuracy: 0.9358
Epoch 31/500 - Train Loss: 0.2803, Train Accuracy: 1.0000, Test Loss: 0.4384, Test Accuracy: 0.9401
Epoch 32/500 - Train Loss: 0.2919, Train Accuracy: 0.9950, Test Loss: 0.4187, Test Accuracy: 0.9449
Epoch 33/500 - Train Loss: 0.2803, Train Accuracy: 0.9975, Test Loss: 0.4124, Test Accuracy: 0.9445
Epoch 34/500 - Train Loss: 0.2873, Train Accuracy: 0.9925, Test Loss: 0.4289, Test Accuracy: 0.9414
Epoch 35/500 - Train Loss: 0.2770, Train Accuracy: 1.0000, Test Loss: 0.4431, Test Accuracy: 0.9344

Early stopping triggered at epoch 35
Best test loss: 0.4078
Best test accuracy: 0.9506
Plot saved as trained_models/Sweep run/metrics/loss.png
Plot saved as trained_models/Sweep run/metrics/metrics.png
