Using GPU 0: NVIDIA GeForce RTX 3090
Epoch 1/500 - Train Loss: 2.1413, Train Accuracy: 0.1450, Test Loss: 2.0999, Test Accuracy: 0.1547
Epoch 2/500 - Train Loss: 2.0029, Train Accuracy: 0.2300, Test Loss: 2.0019, Test Accuracy: 0.2190
Epoch 3/500 - Train Loss: 1.8929, Train Accuracy: 0.3375, Test Loss: 1.8905, Test Accuracy: 0.3147
Epoch 4/500 - Train Loss: 1.8114, Train Accuracy: 0.4025, Test Loss: 1.8053, Test Accuracy: 0.4100
Epoch 5/500 - Train Loss: 1.7322, Train Accuracy: 0.4475, Test Loss: 1.7386, Test Accuracy: 0.4790
Epoch 6/500 - Train Loss: 1.6371, Train Accuracy: 0.5125, Test Loss: 1.6765, Test Accuracy: 0.5144
Epoch 7/500 - Train Loss: 1.5585, Train Accuracy: 0.5800, Test Loss: 1.6101, Test Accuracy: 0.5511
Epoch 8/500 - Train Loss: 1.4915, Train Accuracy: 0.6200, Test Loss: 1.5674, Test Accuracy: 0.5621
Epoch 9/500 - Train Loss: 1.4612, Train Accuracy: 0.6175, Test Loss: 1.5148, Test Accuracy: 0.5870
Epoch 10/500 - Train Loss: 1.3962, Train Accuracy: 0.6400, Test Loss: 1.4546, Test Accuracy: 0.6106
Epoch 11/500 - Train Loss: 1.3159, Train Accuracy: 0.7075, Test Loss: 1.4232, Test Accuracy: 0.6329
Epoch 12/500 - Train Loss: 1.2826, Train Accuracy: 0.7200, Test Loss: 1.3697, Test Accuracy: 0.6517
Epoch 13/500 - Train Loss: 1.2194, Train Accuracy: 0.7200, Test Loss: 1.3200, Test Accuracy: 0.6691
Epoch 14/500 - Train Loss: 1.2206, Train Accuracy: 0.7050, Test Loss: 1.3043, Test Accuracy: 0.6796
Epoch 15/500 - Train Loss: 1.1665, Train Accuracy: 0.7125, Test Loss: 1.2432, Test Accuracy: 0.7050
Epoch 16/500 - Train Loss: 1.1640, Train Accuracy: 0.7375, Test Loss: 1.2250, Test Accuracy: 0.7098
Epoch 17/500 - Train Loss: 1.0499, Train Accuracy: 0.7625, Test Loss: 1.1770, Test Accuracy: 0.7268
Epoch 18/500 - Train Loss: 1.0424, Train Accuracy: 0.7750, Test Loss: 1.1647, Test Accuracy: 0.7264
Epoch 19/500 - Train Loss: 0.9934, Train Accuracy: 0.8175, Test Loss: 1.1564, Test Accuracy: 0.7273
Epoch 20/500 - Train Loss: 0.9803, Train Accuracy: 0.7900, Test Loss: 1.1429, Test Accuracy: 0.7190
Epoch 21/500 - Train Loss: 0.9956, Train Accuracy: 0.7600, Test Loss: 1.0883, Test Accuracy: 0.7483
Epoch 22/500 - Train Loss: 0.9127, Train Accuracy: 0.8225, Test Loss: 1.0960, Test Accuracy: 0.7316
Epoch 23/500 - Train Loss: 0.9017, Train Accuracy: 0.8150, Test Loss: 1.0738, Test Accuracy: 0.7338
Epoch 24/500 - Train Loss: 0.9354, Train Accuracy: 0.7850, Test Loss: 1.0453, Test Accuracy: 0.7487
Epoch 25/500 - Train Loss: 0.8950, Train Accuracy: 0.8150, Test Loss: 1.0279, Test Accuracy: 0.7531
Epoch 26/500 - Train Loss: 0.8649, Train Accuracy: 0.7925, Test Loss: 1.0168, Test Accuracy: 0.7596
Epoch 27/500 - Train Loss: 0.8860, Train Accuracy: 0.7950, Test Loss: 1.0133, Test Accuracy: 0.7596
Epoch 28/500 - Train Loss: 0.8851, Train Accuracy: 0.7875, Test Loss: 0.9895, Test Accuracy: 0.7640
Epoch 29/500 - Train Loss: 0.8115, Train Accuracy: 0.8125, Test Loss: 0.9972, Test Accuracy: 0.7574
Epoch 30/500 - Train Loss: 0.8095, Train Accuracy: 0.8225, Test Loss: 0.9603, Test Accuracy: 0.7753
Epoch 31/500 - Train Loss: 0.8036, Train Accuracy: 0.8375, Test Loss: 0.9398, Test Accuracy: 0.7872
Epoch 32/500 - Train Loss: 0.7828, Train Accuracy: 0.8375, Test Loss: 0.9234, Test Accuracy: 0.7928
Epoch 33/500 - Train Loss: 0.7797, Train Accuracy: 0.8075, Test Loss: 0.8824, Test Accuracy: 0.8077
Epoch 34/500 - Train Loss: 0.7895, Train Accuracy: 0.8175, Test Loss: 0.9062, Test Accuracy: 0.7902
Epoch 35/500 - Train Loss: 0.7879, Train Accuracy: 0.8075, Test Loss: 0.9267, Test Accuracy: 0.7858
Epoch 36/500 - Train Loss: 0.7999, Train Accuracy: 0.8050, Test Loss: 0.9149, Test Accuracy: 0.7850
Epoch 37/500 - Train Loss: 0.7535, Train Accuracy: 0.8275, Test Loss: 0.8745, Test Accuracy: 0.8046
Epoch 38/500 - Train Loss: 0.7434, Train Accuracy: 0.8375, Test Loss: 0.8749, Test Accuracy: 0.8003
Epoch 39/500 - Train Loss: 0.7248, Train Accuracy: 0.8475, Test Loss: 0.8677, Test Accuracy: 0.8033
Epoch 40/500 - Train Loss: 0.6833, Train Accuracy: 0.8775, Test Loss: 0.8510, Test Accuracy: 0.8147
Epoch 41/500 - Train Loss: 0.7192, Train Accuracy: 0.8475, Test Loss: 0.8491, Test Accuracy: 0.8142
Epoch 42/500 - Train Loss: 0.6935, Train Accuracy: 0.8475, Test Loss: 0.8904, Test Accuracy: 0.7854
Epoch 43/500 - Train Loss: 0.7053, Train Accuracy: 0.8575, Test Loss: 0.8547, Test Accuracy: 0.8051
Epoch 44/500 - Train Loss: 0.6891, Train Accuracy: 0.8650, Test Loss: 0.8916, Test Accuracy: 0.7775
Epoch 45/500 - Train Loss: 0.6491, Train Accuracy: 0.8825, Test Loss: 0.8940, Test Accuracy: 0.7793
Epoch 46/500 - Train Loss: 0.6604, Train Accuracy: 0.8725, Test Loss: 0.9042, Test Accuracy: 0.7684
Epoch 47/500 - Train Loss: 0.6992, Train Accuracy: 0.8475, Test Loss: 0.8821, Test Accuracy: 0.7850
Epoch 48/500 - Train Loss: 0.6043, Train Accuracy: 0.8950, Test Loss: 0.8641, Test Accuracy: 0.7972
Epoch 49/500 - Train Loss: 0.6095, Train Accuracy: 0.8925, Test Loss: 0.8729, Test Accuracy: 0.7841
Epoch 50/500 - Train Loss: 0.6233, Train Accuracy: 0.8900, Test Loss: 0.8419, Test Accuracy: 0.8029
Epoch 51/500 - Train Loss: 0.6587, Train Accuracy: 0.8750, Test Loss: 0.8627, Test Accuracy: 0.7841
Epoch 52/500 - Train Loss: 0.6422, Train Accuracy: 0.8750, Test Loss: 0.8975, Test Accuracy: 0.7579
Epoch 53/500 - Train Loss: 0.6080, Train Accuracy: 0.8975, Test Loss: 0.8679, Test Accuracy: 0.7802
Epoch 54/500 - Train Loss: 0.6567, Train Accuracy: 0.8750, Test Loss: 0.8967, Test Accuracy: 0.7574
Epoch 55/500 - Train Loss: 0.6067, Train Accuracy: 0.8850, Test Loss: 0.9107, Test Accuracy: 0.7557
Epoch 56/500 - Train Loss: 0.6007, Train Accuracy: 0.8950, Test Loss: 0.8460, Test Accuracy: 0.7933
Epoch 57/500 - Train Loss: 0.6435, Train Accuracy: 0.8775, Test Loss: 0.8447, Test Accuracy: 0.7937
Epoch 58/500 - Train Loss: 0.5523, Train Accuracy: 0.9400, Test Loss: 0.8614, Test Accuracy: 0.7810
Epoch 59/500 - Train Loss: 0.6717, Train Accuracy: 0.8650, Test Loss: 0.8311, Test Accuracy: 0.8007
Epoch 60/500 - Train Loss: 0.5961, Train Accuracy: 0.8900, Test Loss: 0.8298, Test Accuracy: 0.8016
Epoch 61/500 - Train Loss: 0.5977, Train Accuracy: 0.9125, Test Loss: 0.8220, Test Accuracy: 0.8051
Epoch 62/500 - Train Loss: 0.5869, Train Accuracy: 0.8800, Test Loss: 0.8438, Test Accuracy: 0.7898
Epoch 63/500 - Train Loss: 0.6382, Train Accuracy: 0.8700, Test Loss: 0.8515, Test Accuracy: 0.7837
Epoch 64/500 - Train Loss: 0.6604, Train Accuracy: 0.8650, Test Loss: 0.8317, Test Accuracy: 0.7941
Epoch 65/500 - Train Loss: 0.6089, Train Accuracy: 0.8900, Test Loss: 0.8384, Test Accuracy: 0.7920
Epoch 66/500 - Train Loss: 0.5824, Train Accuracy: 0.9125, Test Loss: 0.7938, Test Accuracy: 0.8173
Epoch 67/500 - Train Loss: 0.6083, Train Accuracy: 0.8950, Test Loss: 0.8647, Test Accuracy: 0.7736
Epoch 68/500 - Train Loss: 0.5530, Train Accuracy: 0.9150, Test Loss: 0.8669, Test Accuracy: 0.7732
Epoch 69/500 - Train Loss: 0.5525, Train Accuracy: 0.9250, Test Loss: 0.8367, Test Accuracy: 0.7933
Epoch 70/500 - Train Loss: 0.5545, Train Accuracy: 0.9175, Test Loss: 0.8423, Test Accuracy: 0.7911
Epoch 71/500 - Train Loss: 0.5491, Train Accuracy: 0.9200, Test Loss: 0.8581, Test Accuracy: 0.7749
Epoch 72/500 - Train Loss: 0.6086, Train Accuracy: 0.8925, Test Loss: 0.8136, Test Accuracy: 0.8077
Epoch 73/500 - Train Loss: 0.5592, Train Accuracy: 0.9050, Test Loss: 0.8842, Test Accuracy: 0.7596
Epoch 74/500 - Train Loss: 0.5561, Train Accuracy: 0.9150, Test Loss: 0.8574, Test Accuracy: 0.7797
Epoch 75/500 - Train Loss: 0.5565, Train Accuracy: 0.9150, Test Loss: 0.8505, Test Accuracy: 0.7819
Epoch 76/500 - Train Loss: 0.5378, Train Accuracy: 0.9125, Test Loss: 0.8667, Test Accuracy: 0.7710
Epoch 77/500 - Train Loss: 0.5104, Train Accuracy: 0.9375, Test Loss: 0.7968, Test Accuracy: 0.8156
Epoch 78/500 - Train Loss: 0.5393, Train Accuracy: 0.9175, Test Loss: 0.8092, Test Accuracy: 0.8016
Epoch 79/500 - Train Loss: 0.5422, Train Accuracy: 0.9275, Test Loss: 0.8766, Test Accuracy: 0.7657
Epoch 80/500 - Train Loss: 0.5015, Train Accuracy: 0.9275, Test Loss: 0.8762, Test Accuracy: 0.7688
Epoch 81/500 - Train Loss: 0.5401, Train Accuracy: 0.9225, Test Loss: 0.8474, Test Accuracy: 0.7854

Early stopping triggered at epoch 81
Best test loss: 0.7938
Best test accuracy: 0.8173
Plot saved as trained_models/Sweep_data run/metrics/loss.png
Plot saved as trained_models/Sweep_data run/metrics/metrics.png
