Using GPU 0: NVIDIA GeForce RTX 3090
Epoch 1/500 - Train Loss: 2.1249, Train Accuracy: 0.2000, Test Loss: 2.0392, Test Accuracy: 0.1858
Epoch 2/500 - Train Loss: 1.8915, Train Accuracy: 0.2800, Test Loss: 1.7896, Test Accuracy: 0.3907
Epoch 3/500 - Train Loss: 1.6370, Train Accuracy: 0.4975, Test Loss: 1.5176, Test Accuracy: 0.5935
Epoch 4/500 - Train Loss: 1.4379, Train Accuracy: 0.6675, Test Loss: 1.2965, Test Accuracy: 0.7321
Epoch 5/500 - Train Loss: 1.2844, Train Accuracy: 0.7600, Test Loss: 1.1121, Test Accuracy: 0.8073
Epoch 6/500 - Train Loss: 1.1581, Train Accuracy: 0.7675, Test Loss: 0.9542, Test Accuracy: 0.8523
Epoch 7/500 - Train Loss: 1.0433, Train Accuracy: 0.7800, Test Loss: 0.8242, Test Accuracy: 0.8820
Epoch 8/500 - Train Loss: 0.9118, Train Accuracy: 0.8500, Test Loss: 0.7262, Test Accuracy: 0.9108
Epoch 9/500 - Train Loss: 0.8418, Train Accuracy: 0.8475, Test Loss: 0.6393, Test Accuracy: 0.9200
Epoch 10/500 - Train Loss: 0.7724, Train Accuracy: 0.8700, Test Loss: 0.5815, Test Accuracy: 0.9231
Epoch 11/500 - Train Loss: 0.6829, Train Accuracy: 0.8775, Test Loss: 0.5244, Test Accuracy: 0.9292
Epoch 12/500 - Train Loss: 0.6425, Train Accuracy: 0.8825, Test Loss: 0.4752, Test Accuracy: 0.9375
Epoch 13/500 - Train Loss: 0.6167, Train Accuracy: 0.8850, Test Loss: 0.4465, Test Accuracy: 0.9362
Epoch 14/500 - Train Loss: 0.5510, Train Accuracy: 0.9100, Test Loss: 0.4187, Test Accuracy: 0.9401
Epoch 15/500 - Train Loss: 0.5244, Train Accuracy: 0.9100, Test Loss: 0.3931, Test Accuracy: 0.9467
Epoch 16/500 - Train Loss: 0.5368, Train Accuracy: 0.8900, Test Loss: 0.3848, Test Accuracy: 0.9340
Epoch 17/500 - Train Loss: 0.4733, Train Accuracy: 0.9425, Test Loss: 0.3677, Test Accuracy: 0.9419
Epoch 18/500 - Train Loss: 0.4433, Train Accuracy: 0.9225, Test Loss: 0.3608, Test Accuracy: 0.9388
Epoch 19/500 - Train Loss: 0.4569, Train Accuracy: 0.9050, Test Loss: 0.3421, Test Accuracy: 0.9449
Epoch 20/500 - Train Loss: 0.4788, Train Accuracy: 0.8775, Test Loss: 0.3404, Test Accuracy: 0.9410
Epoch 21/500 - Train Loss: 0.3828, Train Accuracy: 0.9625, Test Loss: 0.3270, Test Accuracy: 0.9484
Epoch 22/500 - Train Loss: 0.3980, Train Accuracy: 0.9425, Test Loss: 0.3201, Test Accuracy: 0.9476
Epoch 23/500 - Train Loss: 0.3576, Train Accuracy: 0.9400, Test Loss: 0.3236, Test Accuracy: 0.9423
Epoch 24/500 - Train Loss: 0.3816, Train Accuracy: 0.9375, Test Loss: 0.3144, Test Accuracy: 0.9480
Epoch 25/500 - Train Loss: 0.3390, Train Accuracy: 0.9625, Test Loss: 0.3182, Test Accuracy: 0.9462
Epoch 26/500 - Train Loss: 0.3572, Train Accuracy: 0.9300, Test Loss: 0.3149, Test Accuracy: 0.9449
Epoch 27/500 - Train Loss: 0.3796, Train Accuracy: 0.9175, Test Loss: 0.3078, Test Accuracy: 0.9506
Epoch 28/500 - Train Loss: 0.3259, Train Accuracy: 0.9500, Test Loss: 0.3100, Test Accuracy: 0.9458
Epoch 29/500 - Train Loss: 0.3122, Train Accuracy: 0.9550, Test Loss: 0.3043, Test Accuracy: 0.9480
Epoch 30/500 - Train Loss: 0.3411, Train Accuracy: 0.9450, Test Loss: 0.3139, Test Accuracy: 0.9436
Epoch 31/500 - Train Loss: 0.2965, Train Accuracy: 0.9600, Test Loss: 0.3136, Test Accuracy: 0.9445
Epoch 32/500 - Train Loss: 0.2829, Train Accuracy: 0.9700, Test Loss: 0.3149, Test Accuracy: 0.9432
Epoch 33/500 - Train Loss: 0.3407, Train Accuracy: 0.9375, Test Loss: 0.3130, Test Accuracy: 0.9419
Epoch 34/500 - Train Loss: 0.3208, Train Accuracy: 0.9450, Test Loss: 0.3122, Test Accuracy: 0.9441
Epoch 35/500 - Train Loss: 0.3300, Train Accuracy: 0.9275, Test Loss: 0.3126, Test Accuracy: 0.9410
Epoch 36/500 - Train Loss: 0.2538, Train Accuracy: 0.9725, Test Loss: 0.3056, Test Accuracy: 0.9445
Epoch 37/500 - Train Loss: 0.2667, Train Accuracy: 0.9650, Test Loss: 0.3065, Test Accuracy: 0.9427
Epoch 38/500 - Train Loss: 0.2719, Train Accuracy: 0.9650, Test Loss: 0.3111, Test Accuracy: 0.9406
Epoch 39/500 - Train Loss: 0.3074, Train Accuracy: 0.9525, Test Loss: 0.3072, Test Accuracy: 0.9436
Epoch 40/500 - Train Loss: 0.2631, Train Accuracy: 0.9600, Test Loss: 0.3071, Test Accuracy: 0.9419
Epoch 41/500 - Train Loss: 0.3054, Train Accuracy: 0.9450, Test Loss: 0.2991, Test Accuracy: 0.9458
Epoch 42/500 - Train Loss: 0.2511, Train Accuracy: 0.9625, Test Loss: 0.3013, Test Accuracy: 0.9467
Epoch 43/500 - Train Loss: 0.2796, Train Accuracy: 0.9650, Test Loss: 0.3054, Test Accuracy: 0.9432
Epoch 44/500 - Train Loss: 0.2259, Train Accuracy: 0.9825, Test Loss: 0.2993, Test Accuracy: 0.9480
Epoch 45/500 - Train Loss: 0.2604, Train Accuracy: 0.9600, Test Loss: 0.3013, Test Accuracy: 0.9458
Epoch 46/500 - Train Loss: 0.2641, Train Accuracy: 0.9575, Test Loss: 0.2985, Test Accuracy: 0.9471
Epoch 47/500 - Train Loss: 0.2412, Train Accuracy: 0.9775, Test Loss: 0.3044, Test Accuracy: 0.9445
Epoch 48/500 - Train Loss: 0.2361, Train Accuracy: 0.9725, Test Loss: 0.2969, Test Accuracy: 0.9471
Epoch 49/500 - Train Loss: 0.2687, Train Accuracy: 0.9625, Test Loss: 0.3049, Test Accuracy: 0.9427
Epoch 50/500 - Train Loss: 0.2383, Train Accuracy: 0.9675, Test Loss: 0.3177, Test Accuracy: 0.9344
Epoch 51/500 - Train Loss: 0.2002, Train Accuracy: 0.9925, Test Loss: 0.3067, Test Accuracy: 0.9419
Epoch 52/500 - Train Loss: 0.2581, Train Accuracy: 0.9575, Test Loss: 0.3061, Test Accuracy: 0.9436
Epoch 53/500 - Train Loss: 0.2546, Train Accuracy: 0.9725, Test Loss: 0.3239, Test Accuracy: 0.9358
Epoch 54/500 - Train Loss: 0.2149, Train Accuracy: 0.9875, Test Loss: 0.3299, Test Accuracy: 0.9314
Epoch 55/500 - Train Loss: 0.2430, Train Accuracy: 0.9700, Test Loss: 0.3167, Test Accuracy: 0.9388
Epoch 56/500 - Train Loss: 0.2442, Train Accuracy: 0.9650, Test Loss: 0.3082, Test Accuracy: 0.9414
Epoch 57/500 - Train Loss: 0.2501, Train Accuracy: 0.9600, Test Loss: 0.3102, Test Accuracy: 0.9423
Epoch 58/500 - Train Loss: 0.2285, Train Accuracy: 0.9775, Test Loss: 0.3076, Test Accuracy: 0.9419
Epoch 59/500 - Train Loss: 0.2318, Train Accuracy: 0.9775, Test Loss: 0.3040, Test Accuracy: 0.9441
Epoch 60/500 - Train Loss: 0.2311, Train Accuracy: 0.9725, Test Loss: 0.3058, Test Accuracy: 0.9427
Epoch 61/500 - Train Loss: 0.2291, Train Accuracy: 0.9775, Test Loss: 0.3161, Test Accuracy: 0.9392
Epoch 62/500 - Train Loss: 0.2517, Train Accuracy: 0.9650, Test Loss: 0.3067, Test Accuracy: 0.9445
Epoch 63/500 - Train Loss: 0.2440, Train Accuracy: 0.9700, Test Loss: 0.3090, Test Accuracy: 0.9401

Early stopping triggered at epoch 63
Best test loss: 0.2969
Best test accuracy: 0.9506
Plot saved as trained_models/Sweep_data run/metrics/loss.png
Plot saved as trained_models/Sweep_data run/metrics/metrics.png
