wandb: Starting wandb agent 🕵️
2026-01-10 20:07:08,588 - wandb.wandb_agent - INFO - Running runs: []
2026-01-10 20:07:08,957 - wandb.wandb_agent - INFO - Agent received command: run
2026-01-10 20:07:08,957 - wandb.wandb_agent - INFO - Agent starting run with config:
	affine: 0.35800403735289144
	blur: 0.4388579350803534
	brightness: 0.932214664624857
	contrast: 0.9511411303662944
	crop: 0.3762845154149037
	crop_scale: 0.5790337880731588
	flip: 0.9557909975490734
	gaussian_blur_kernel: 9
	gaussian_noise_std: 2.3913470001742616
	grey: 0.6015900002059487
	hue: -0.09465030254575156
	jiggle: 0.7775755805985224
	rotate: 0.14656468744472384
	rotation: 42
	saturation: 0.632389513390436
	scale: 0.9782222688148466
	shear: 6
	translate_x: 0.32979927114382884
	translate_y: 0.19553973563681737
2026-01-10 20:07:08,961 - wandb.wandb_agent - INFO - About to run command: /usr/bin/env python train_data.py --affine=0.35800403735289144 --blur=0.4388579350803534 --brightness=0.932214664624857 --contrast=0.9511411303662944 --crop=0.3762845154149037 --crop_scale=0.5790337880731588 --flip=0.9557909975490734 --gaussian_blur_kernel=9 --gaussian_noise_std=2.3913470001742616 --grey=0.6015900002059487 --hue=-0.09465030254575156 --jiggle=0.7775755805985224 --rotate=0.14656468744472384 --rotation=42 --saturation=0.632389513390436 --scale=0.9782222688148466 --shear=6 --translate_x=0.32979927114382884 --translate_y=0.19553973563681737
wandb: Currently logged in as: arnaumarcosalmansa (mcv-team-6) to https://api.wandb.ai. Use `wandb login --relogin` to force relogin
wandb: WARNING Ignoring project 'C3-Week3' when running a sweep.
wandb: WARNING Ignoring entity 'mcv-team-6' when running a sweep.
2026-01-10 20:07:13,967 - wandb.wandb_agent - INFO - Running runs: ['p4r7f15b']
wandb: Tracking run with wandb version 0.23.1
wandb: Run data is saved locally in /export/home/group06/workspace/project-team-6/Week3/wandb/run-20260110_200713-p4r7f15b
wandb: Run `wandb offline` to turn off syncing.
wandb: Syncing run Sweep run
wandb: ⭐️ View project at https://wandb.ai/mcv-team-6/C3-Week3
wandb: 🧹 View sweep at https://wandb.ai/mcv-team-6/C3-Week3/sweeps/g5vb4edr
wandb: 🚀 View run at https://wandb.ai/mcv-team-6/C3-Week3/runs/p4r7f15b
Traceback (most recent call last):
  File "/export/home/group06/workspace/project-team-6/Week3/train_data.py", line 61, in <module>
    ka.ColorJitter(brightness=cfg.brightness,
  File "/ghome/group06/miniconda3/envs/c3/lib/python3.12/site-packages/kornia/augmentation/_2d/intensity/color_jitter.py", line 105, in __init__
    self._param_generator = rg.ColorJitterGenerator(brightness, contrast, saturation, hue)
                            ^^^^^^^^^^^^^^^^^^^^^^^^^^^^^^^^^^^^^^^^^^^^^^^^^^^^^^^^^^^^^^
  File "/ghome/group06/miniconda3/envs/c3/lib/python3.12/site-packages/kornia/augmentation/random_generator/base.py", line 34, in __call__
    obj.__post_init__()
  File "/ghome/group06/miniconda3/envs/c3/lib/python3.12/site-packages/kornia/augmentation/random_generator/base.py", line 48, in __post_init__
    self.set_rng_device_and_dtype()
  File "/ghome/group06/miniconda3/envs/c3/lib/python3.12/site-packages/kornia/augmentation/random_generator/base.py", line 64, in set_rng_device_and_dtype
    self.make_samplers(device, dtype)
  File "/ghome/group06/miniconda3/envs/c3/lib/python3.12/site-packages/kornia/augmentation/random_generator/_2d/color_jitter.py", line 86, in make_samplers
    hue: Tensor = _range_bound(self.hue, "hue", bounds=(-0.5, 0.5), device=device, dtype=dtype)
                  ^^^^^^^^^^^^^^^^^^^^^^^^^^^^^^^^^^^^^^^^^^^^^^^^^^^^^^^^^^^^^^^^^^^^^^^^^^^^^
  File "/ghome/group06/miniconda3/envs/c3/lib/python3.12/site-packages/kornia/augmentation/utils/param_validation.py", line 53, in _range_bound
    raise ValueError(f"If {name} is a single number, it must be non negative. Got {factor}.")
ValueError: If hue is a single number, it must be non negative. Got -0.09465030580759048.
2026-01-10 20:07:19,107 - wandb.wandb_agent - INFO - Cleaning up finished run: p4r7f15b
wandb: Terminating and syncing runs. Press ctrl-c to kill.
