Using GPU 0: NVIDIA GeForce RTX 3090
Epoch 1/500 - Train Loss: 2.0937, Train Accuracy: 0.1825, Test Loss: 2.0279, Test Accuracy: 0.2281
Epoch 2/500 - Train Loss: 1.8209, Train Accuracy: 0.3700, Test Loss: 1.7711, Test Accuracy: 0.4663
Epoch 3/500 - Train Loss: 1.6022, Train Accuracy: 0.5875, Test Loss: 1.5038, Test Accuracy: 0.6770
Epoch 4/500 - Train Loss: 1.3718, Train Accuracy: 0.7375, Test Loss: 1.2703, Test Accuracy: 0.7841
Epoch 5/500 - Train Loss: 1.1944, Train Accuracy: 0.8000, Test Loss: 1.0708, Test Accuracy: 0.8405
Epoch 6/500 - Train Loss: 1.0536, Train Accuracy: 0.8450, Test Loss: 0.9122, Test Accuracy: 0.8794
Epoch 7/500 - Train Loss: 0.9558, Train Accuracy: 0.8300, Test Loss: 0.7806, Test Accuracy: 0.9021
Epoch 8/500 - Train Loss: 0.8103, Train Accuracy: 0.9000, Test Loss: 0.6856, Test Accuracy: 0.9130
Epoch 9/500 - Train Loss: 0.7690, Train Accuracy: 0.8675, Test Loss: 0.6116, Test Accuracy: 0.9209
Epoch 10/500 - Train Loss: 0.6846, Train Accuracy: 0.8900, Test Loss: 0.5510, Test Accuracy: 0.9283
Epoch 11/500 - Train Loss: 0.5825, Train Accuracy: 0.9125, Test Loss: 0.5015, Test Accuracy: 0.9314
Epoch 12/500 - Train Loss: 0.5847, Train Accuracy: 0.9075, Test Loss: 0.4703, Test Accuracy: 0.9318
Epoch 13/500 - Train Loss: 0.5331, Train Accuracy: 0.9125, Test Loss: 0.4490, Test Accuracy: 0.9353
Epoch 14/500 - Train Loss: 0.5099, Train Accuracy: 0.9150, Test Loss: 0.4281, Test Accuracy: 0.9375
Epoch 15/500 - Train Loss: 0.4670, Train Accuracy: 0.9200, Test Loss: 0.4158, Test Accuracy: 0.9331
Epoch 16/500 - Train Loss: 0.4606, Train Accuracy: 0.9275, Test Loss: 0.3959, Test Accuracy: 0.9344
Epoch 17/500 - Train Loss: 0.4231, Train Accuracy: 0.9400, Test Loss: 0.3864, Test Accuracy: 0.9349
Epoch 18/500 - Train Loss: 0.4407, Train Accuracy: 0.9200, Test Loss: 0.3742, Test Accuracy: 0.9392
Epoch 19/500 - Train Loss: 0.3834, Train Accuracy: 0.9525, Test Loss: 0.3703, Test Accuracy: 0.9392
Epoch 20/500 - Train Loss: 0.3448, Train Accuracy: 0.9725, Test Loss: 0.3561, Test Accuracy: 0.9401
Epoch 21/500 - Train Loss: 0.3747, Train Accuracy: 0.9350, Test Loss: 0.3468, Test Accuracy: 0.9427
Epoch 22/500 - Train Loss: 0.3686, Train Accuracy: 0.9325, Test Loss: 0.3465, Test Accuracy: 0.9392
Epoch 23/500 - Train Loss: 0.3619, Train Accuracy: 0.9375, Test Loss: 0.3384, Test Accuracy: 0.9410
Epoch 24/500 - Train Loss: 0.3411, Train Accuracy: 0.9500, Test Loss: 0.3394, Test Accuracy: 0.9379
Epoch 25/500 - Train Loss: 0.3493, Train Accuracy: 0.9450, Test Loss: 0.3383, Test Accuracy: 0.9371
Epoch 26/500 - Train Loss: 0.3250, Train Accuracy: 0.9575, Test Loss: 0.3368, Test Accuracy: 0.9397
Epoch 27/500 - Train Loss: 0.3138, Train Accuracy: 0.9575, Test Loss: 0.3477, Test Accuracy: 0.9344
Epoch 28/500 - Train Loss: 0.3280, Train Accuracy: 0.9550, Test Loss: 0.3500, Test Accuracy: 0.9314
Epoch 29/500 - Train Loss: 0.2991, Train Accuracy: 0.9575, Test Loss: 0.3413, Test Accuracy: 0.9366
Epoch 30/500 - Train Loss: 0.2988, Train Accuracy: 0.9575, Test Loss: 0.3305, Test Accuracy: 0.9441
Epoch 31/500 - Train Loss: 0.3028, Train Accuracy: 0.9525, Test Loss: 0.3276, Test Accuracy: 0.9419
Epoch 32/500 - Train Loss: 0.2978, Train Accuracy: 0.9550, Test Loss: 0.3321, Test Accuracy: 0.9388
Epoch 33/500 - Train Loss: 0.2856, Train Accuracy: 0.9600, Test Loss: 0.3440, Test Accuracy: 0.9314
Epoch 34/500 - Train Loss: 0.2840, Train Accuracy: 0.9500, Test Loss: 0.3329, Test Accuracy: 0.9375
Epoch 35/500 - Train Loss: 0.2529, Train Accuracy: 0.9725, Test Loss: 0.3217, Test Accuracy: 0.9441
Epoch 36/500 - Train Loss: 0.2853, Train Accuracy: 0.9475, Test Loss: 0.3217, Test Accuracy: 0.9432
Epoch 37/500 - Train Loss: 0.2656, Train Accuracy: 0.9700, Test Loss: 0.3272, Test Accuracy: 0.9414
Epoch 38/500 - Train Loss: 0.2692, Train Accuracy: 0.9600, Test Loss: 0.3272, Test Accuracy: 0.9406
Epoch 39/500 - Train Loss: 0.2537, Train Accuracy: 0.9700, Test Loss: 0.3287, Test Accuracy: 0.9362
Epoch 40/500 - Train Loss: 0.2644, Train Accuracy: 0.9700, Test Loss: 0.3229, Test Accuracy: 0.9379
Epoch 41/500 - Train Loss: 0.2644, Train Accuracy: 0.9550, Test Loss: 0.3278, Test Accuracy: 0.9318
Epoch 42/500 - Train Loss: 0.2718, Train Accuracy: 0.9675, Test Loss: 0.3418, Test Accuracy: 0.9283
Epoch 43/500 - Train Loss: 0.2235, Train Accuracy: 0.9825, Test Loss: 0.3332, Test Accuracy: 0.9331
Epoch 44/500 - Train Loss: 0.2493, Train Accuracy: 0.9650, Test Loss: 0.3295, Test Accuracy: 0.9349
Epoch 45/500 - Train Loss: 0.2328, Train Accuracy: 0.9750, Test Loss: 0.3283, Test Accuracy: 0.9349
Epoch 46/500 - Train Loss: 0.2427, Train Accuracy: 0.9650, Test Loss: 0.3340, Test Accuracy: 0.9323
Epoch 47/500 - Train Loss: 0.2686, Train Accuracy: 0.9625, Test Loss: 0.3329, Test Accuracy: 0.9323
Epoch 48/500 - Train Loss: 0.2410, Train Accuracy: 0.9700, Test Loss: 0.3353, Test Accuracy: 0.9318
Epoch 49/500 - Train Loss: 0.2402, Train Accuracy: 0.9775, Test Loss: 0.3406, Test Accuracy: 0.9305
Epoch 50/500 - Train Loss: 0.2375, Train Accuracy: 0.9725, Test Loss: 0.3418, Test Accuracy: 0.9292

Early stopping triggered at epoch 50
Best test loss: 0.3217
Best test accuracy: 0.9441
Plot saved as trained_models/Sweep_data run/metrics/loss.png
Plot saved as trained_models/Sweep_data run/metrics/metrics.png
