wandb: Starting wandb agent 🕵️
2026-01-10 19:22:34,625 - wandb.wandb_agent - INFO - Running runs: []
2026-01-10 19:22:35,256 - wandb.wandb_agent - INFO - Agent received command: run
2026-01-10 19:22:35,257 - wandb.wandb_agent - INFO - Agent starting run with config:
	affine: 0.6819816797148435
	blur: 0.43825080687506246
	brightness: 1.3252912813092834
	contrast: 0.865415074587716
	crop: 0.9233159065011228
	crop_scale: 0.8782640483638791
	flip: 0.5840634554511233
	gaussian_blur_kernel: 7
	gaussian_noise_std: 0.7265574752549676
	grey: 0.3459715208412695
	hue: -0.059907088685372624
	jiggle: 0.7141489739859753
	rotate: 0.31916798149581527
	rotation: 7
	saturation: 1.3195429937346024
	scale: 0.9255063196508632
	shear: 9
	translate_x: 0.20829500646935553
	translate_y: 0.03085953159286033
2026-01-10 19:22:35,261 - wandb.wandb_agent - INFO - About to run command: /usr/bin/env python train_data.py --affine=0.6819816797148435 --blur=0.43825080687506246 --brightness=1.3252912813092834 --contrast=0.865415074587716 --crop=0.9233159065011228 --crop_scale=0.8782640483638791 --flip=0.5840634554511233 --gaussian_blur_kernel=7 --gaussian_noise_std=0.7265574752549676 --grey=0.3459715208412695 --hue=-0.059907088685372624 --jiggle=0.7141489739859753 --rotate=0.31916798149581527 --rotation=7 --saturation=1.3195429937346024 --scale=0.9255063196508632 --shear=9 --translate_x=0.20829500646935553 --translate_y=0.03085953159286033
wandb: Currently logged in as: arnaumarcosalmansa (mcv-team-6) to https://api.wandb.ai. Use `wandb login --relogin` to force relogin
wandb: WARNING Ignoring project 'C3-Week3' when running a sweep.
wandb: WARNING Ignoring entity 'mcv-team-6' when running a sweep.
2026-01-10 19:22:40,267 - wandb.wandb_agent - INFO - Running runs: ['zfwb74h1']
wandb: Tracking run with wandb version 0.23.1
wandb: Run data is saved locally in /export/home/group06/workspace/project-team-6/Week3/wandb/run-20260110_192239-zfwb74h1
wandb: Run `wandb offline` to turn off syncing.
wandb: Syncing run Sweep run
wandb: ⭐️ View project at https://wandb.ai/mcv-team-6/C3-Week3
wandb: 🧹 View sweep at https://wandb.ai/mcv-team-6/C3-Week3/sweeps/g5vb4edr
wandb: 🚀 View run at https://wandb.ai/mcv-team-6/C3-Week3/runs/zfwb74h1
Traceback (most recent call last):
  File "/export/home/group06/workspace/project-team-6/Week3/train_data.py", line 61, in <module>
    ka.ColorJitter(brightness=cfg.brightness,
  File "/ghome/group06/miniconda3/envs/c3/lib/python3.12/site-packages/kornia/augmentation/_2d/intensity/color_jitter.py", line 105, in __init__
    self._param_generator = rg.ColorJitterGenerator(brightness, contrast, saturation, hue)
                            ^^^^^^^^^^^^^^^^^^^^^^^^^^^^^^^^^^^^^^^^^^^^^^^^^^^^^^^^^^^^^^
  File "/ghome/group06/miniconda3/envs/c3/lib/python3.12/site-packages/kornia/augmentation/random_generator/base.py", line 34, in __call__
    obj.__post_init__()
  File "/ghome/group06/miniconda3/envs/c3/lib/python3.12/site-packages/kornia/augmentation/random_generator/base.py", line 48, in __post_init__
    self.set_rng_device_and_dtype()
  File "/ghome/group06/miniconda3/envs/c3/lib/python3.12/site-packages/kornia/augmentation/random_generator/base.py", line 64, in set_rng_device_and_dtype
    self.make_samplers(device, dtype)
  File "/ghome/group06/miniconda3/envs/c3/lib/python3.12/site-packages/kornia/augmentation/random_generator/_2d/color_jitter.py", line 86, in make_samplers
    hue: Tensor = _range_bound(self.hue, "hue", bounds=(-0.5, 0.5), device=device, dtype=dtype)
                  ^^^^^^^^^^^^^^^^^^^^^^^^^^^^^^^^^^^^^^^^^^^^^^^^^^^^^^^^^^^^^^^^^^^^^^^^^^^^^
  File "/ghome/group06/miniconda3/envs/c3/lib/python3.12/site-packages/kornia/augmentation/utils/param_validation.py", line 53, in _range_bound
    raise ValueError(f"If {name} is a single number, it must be non negative. Got {factor}.")
ValueError: If hue is a single number, it must be non negative. Got -0.05990708991885185.
2026-01-10 19:22:45,416 - wandb.wandb_agent - INFO - Cleaning up finished run: zfwb74h1
wandb: Terminating and syncing runs. Press ctrl-c to kill.
