Using GPU 0: NVIDIA GeForce RTX 3090
Epoch 1/500 - Train Loss: 2.0578, Train Accuracy: 0.1875, Test Loss: 1.9997, Test Accuracy: 0.2124
Epoch 2/500 - Train Loss: 1.8093, Train Accuracy: 0.3675, Test Loss: 1.7571, Test Accuracy: 0.4270
Epoch 3/500 - Train Loss: 1.6220, Train Accuracy: 0.5075, Test Loss: 1.5080, Test Accuracy: 0.5839
Epoch 4/500 - Train Loss: 1.4483, Train Accuracy: 0.6200, Test Loss: 1.3093, Test Accuracy: 0.7024
Epoch 5/500 - Train Loss: 1.2885, Train Accuracy: 0.6900, Test Loss: 1.1449, Test Accuracy: 0.7631
Epoch 6/500 - Train Loss: 1.1605, Train Accuracy: 0.7850, Test Loss: 0.9932, Test Accuracy: 0.8177
Epoch 7/500 - Train Loss: 1.0521, Train Accuracy: 0.8200, Test Loss: 0.8828, Test Accuracy: 0.8444
Epoch 8/500 - Train Loss: 0.9248, Train Accuracy: 0.8500, Test Loss: 0.7730, Test Accuracy: 0.8807
Epoch 9/500 - Train Loss: 0.8202, Train Accuracy: 0.8875, Test Loss: 0.6967, Test Accuracy: 0.9017
Epoch 10/500 - Train Loss: 0.7371, Train Accuracy: 0.9075, Test Loss: 0.6170, Test Accuracy: 0.9143
Epoch 11/500 - Train Loss: 0.6883, Train Accuracy: 0.8800, Test Loss: 0.5632, Test Accuracy: 0.9226
Epoch 12/500 - Train Loss: 0.6118, Train Accuracy: 0.9125, Test Loss: 0.5145, Test Accuracy: 0.9222
Epoch 13/500 - Train Loss: 0.5993, Train Accuracy: 0.8975, Test Loss: 0.4717, Test Accuracy: 0.9296
Epoch 14/500 - Train Loss: 0.5445, Train Accuracy: 0.9200, Test Loss: 0.4378, Test Accuracy: 0.9327
Epoch 15/500 - Train Loss: 0.4829, Train Accuracy: 0.9250, Test Loss: 0.4112, Test Accuracy: 0.9371
Epoch 16/500 - Train Loss: 0.4992, Train Accuracy: 0.9200, Test Loss: 0.3972, Test Accuracy: 0.9384
Epoch 17/500 - Train Loss: 0.4513, Train Accuracy: 0.9350, Test Loss: 0.3769, Test Accuracy: 0.9427
Epoch 18/500 - Train Loss: 0.4413, Train Accuracy: 0.9400, Test Loss: 0.3657, Test Accuracy: 0.9441
Epoch 19/500 - Train Loss: 0.4106, Train Accuracy: 0.9425, Test Loss: 0.3495, Test Accuracy: 0.9454
Epoch 20/500 - Train Loss: 0.3789, Train Accuracy: 0.9450, Test Loss: 0.3438, Test Accuracy: 0.9445
Epoch 21/500 - Train Loss: 0.3915, Train Accuracy: 0.9400, Test Loss: 0.3399, Test Accuracy: 0.9441
Epoch 22/500 - Train Loss: 0.3529, Train Accuracy: 0.9600, Test Loss: 0.3310, Test Accuracy: 0.9467
Epoch 23/500 - Train Loss: 0.3345, Train Accuracy: 0.9450, Test Loss: 0.3246, Test Accuracy: 0.9458
Epoch 24/500 - Train Loss: 0.3225, Train Accuracy: 0.9600, Test Loss: 0.3252, Test Accuracy: 0.9458
Epoch 25/500 - Train Loss: 0.3472, Train Accuracy: 0.9600, Test Loss: 0.3191, Test Accuracy: 0.9441
Epoch 26/500 - Train Loss: 0.3155, Train Accuracy: 0.9675, Test Loss: 0.3137, Test Accuracy: 0.9480
Epoch 27/500 - Train Loss: 0.3177, Train Accuracy: 0.9575, Test Loss: 0.3082, Test Accuracy: 0.9480
Epoch 28/500 - Train Loss: 0.3362, Train Accuracy: 0.9400, Test Loss: 0.3084, Test Accuracy: 0.9471
Epoch 29/500 - Train Loss: 0.2939, Train Accuracy: 0.9700, Test Loss: 0.3114, Test Accuracy: 0.9462
Epoch 30/500 - Train Loss: 0.2678, Train Accuracy: 0.9775, Test Loss: 0.3126, Test Accuracy: 0.9462
Epoch 31/500 - Train Loss: 0.2999, Train Accuracy: 0.9525, Test Loss: 0.3081, Test Accuracy: 0.9502
Epoch 32/500 - Train Loss: 0.2849, Train Accuracy: 0.9625, Test Loss: 0.3086, Test Accuracy: 0.9454
Epoch 33/500 - Train Loss: 0.2548, Train Accuracy: 0.9800, Test Loss: 0.3103, Test Accuracy: 0.9454
Epoch 34/500 - Train Loss: 0.2849, Train Accuracy: 0.9725, Test Loss: 0.3061, Test Accuracy: 0.9467
Epoch 35/500 - Train Loss: 0.2258, Train Accuracy: 0.9825, Test Loss: 0.2995, Test Accuracy: 0.9480
Epoch 36/500 - Train Loss: 0.2536, Train Accuracy: 0.9725, Test Loss: 0.3006, Test Accuracy: 0.9467
Epoch 37/500 - Train Loss: 0.2616, Train Accuracy: 0.9725, Test Loss: 0.2981, Test Accuracy: 0.9471
Epoch 38/500 - Train Loss: 0.2296, Train Accuracy: 0.9850, Test Loss: 0.3000, Test Accuracy: 0.9497
Epoch 39/500 - Train Loss: 0.2460, Train Accuracy: 0.9725, Test Loss: 0.2982, Test Accuracy: 0.9484
Epoch 40/500 - Train Loss: 0.2423, Train Accuracy: 0.9725, Test Loss: 0.3023, Test Accuracy: 0.9458
Epoch 41/500 - Train Loss: 0.2192, Train Accuracy: 0.9900, Test Loss: 0.3015, Test Accuracy: 0.9471
Epoch 42/500 - Train Loss: 0.2588, Train Accuracy: 0.9675, Test Loss: 0.2975, Test Accuracy: 0.9493
Epoch 43/500 - Train Loss: 0.2307, Train Accuracy: 0.9825, Test Loss: 0.2940, Test Accuracy: 0.9506
Epoch 44/500 - Train Loss: 0.2199, Train Accuracy: 0.9825, Test Loss: 0.2994, Test Accuracy: 0.9489
Epoch 45/500 - Train Loss: 0.2469, Train Accuracy: 0.9725, Test Loss: 0.2950, Test Accuracy: 0.9484
Epoch 46/500 - Train Loss: 0.2108, Train Accuracy: 0.9875, Test Loss: 0.3003, Test Accuracy: 0.9462
Epoch 47/500 - Train Loss: 0.2099, Train Accuracy: 0.9875, Test Loss: 0.3006, Test Accuracy: 0.9476
Epoch 48/500 - Train Loss: 0.2229, Train Accuracy: 0.9750, Test Loss: 0.3020, Test Accuracy: 0.9454
Epoch 49/500 - Train Loss: 0.2078, Train Accuracy: 0.9875, Test Loss: 0.2990, Test Accuracy: 0.9467
Epoch 50/500 - Train Loss: 0.2041, Train Accuracy: 0.9925, Test Loss: 0.2996, Test Accuracy: 0.9476
Epoch 51/500 - Train Loss: 0.1907, Train Accuracy: 0.9900, Test Loss: 0.3011, Test Accuracy: 0.9449
Epoch 52/500 - Train Loss: 0.1802, Train Accuracy: 0.9900, Test Loss: 0.3076, Test Accuracy: 0.9445
Epoch 53/500 - Train Loss: 0.1889, Train Accuracy: 0.9825, Test Loss: 0.3007, Test Accuracy: 0.9427
Epoch 54/500 - Train Loss: 0.1928, Train Accuracy: 0.9900, Test Loss: 0.3034, Test Accuracy: 0.9436
Epoch 55/500 - Train Loss: 0.1765, Train Accuracy: 0.9975, Test Loss: 0.2981, Test Accuracy: 0.9476
Epoch 56/500 - Train Loss: 0.1734, Train Accuracy: 0.9925, Test Loss: 0.2992, Test Accuracy: 0.9449
Epoch 57/500 - Train Loss: 0.1844, Train Accuracy: 0.9925, Test Loss: 0.2974, Test Accuracy: 0.9454
Epoch 58/500 - Train Loss: 0.1987, Train Accuracy: 0.9875, Test Loss: 0.3073, Test Accuracy: 0.9423

Early stopping triggered at epoch 58
Best test loss: 0.2940
Best test accuracy: 0.9506
Plot saved as trained_models/Sweep_data run/metrics/loss.png
Plot saved as trained_models/Sweep_data run/metrics/metrics.png
