Using GPU 0: NVIDIA GeForce RTX 3090
Epoch 1/500 - Train Loss: 2.1028, Train Accuracy: 0.1575, Test Loss: 2.0774, Test Accuracy: 0.1250
Epoch 2/500 - Train Loss: 1.8471, Train Accuracy: 0.3350, Test Loss: 1.8066, Test Accuracy: 0.3243
Epoch 3/500 - Train Loss: 1.6154, Train Accuracy: 0.5000, Test Loss: 1.5186, Test Accuracy: 0.5804
Epoch 4/500 - Train Loss: 1.4253, Train Accuracy: 0.6525, Test Loss: 1.2846, Test Accuracy: 0.7255
Epoch 5/500 - Train Loss: 1.2877, Train Accuracy: 0.7250, Test Loss: 1.0803, Test Accuracy: 0.8129
Epoch 6/500 - Train Loss: 1.1167, Train Accuracy: 0.8050, Test Loss: 0.9193, Test Accuracy: 0.8527
Epoch 7/500 - Train Loss: 1.0135, Train Accuracy: 0.8175, Test Loss: 0.7943, Test Accuracy: 0.8833
Epoch 8/500 - Train Loss: 0.8845, Train Accuracy: 0.8575, Test Loss: 0.6969, Test Accuracy: 0.8969
Epoch 9/500 - Train Loss: 0.8149, Train Accuracy: 0.8500, Test Loss: 0.6147, Test Accuracy: 0.9113
Epoch 10/500 - Train Loss: 0.7879, Train Accuracy: 0.8525, Test Loss: 0.5483, Test Accuracy: 0.9205
Epoch 11/500 - Train Loss: 0.6697, Train Accuracy: 0.8700, Test Loss: 0.5034, Test Accuracy: 0.9266
Epoch 12/500 - Train Loss: 0.6600, Train Accuracy: 0.8925, Test Loss: 0.4654, Test Accuracy: 0.9323
Epoch 13/500 - Train Loss: 0.6105, Train Accuracy: 0.8925, Test Loss: 0.4317, Test Accuracy: 0.9344
Epoch 14/500 - Train Loss: 0.5559, Train Accuracy: 0.9050, Test Loss: 0.4162, Test Accuracy: 0.9358
Epoch 15/500 - Train Loss: 0.5008, Train Accuracy: 0.9150, Test Loss: 0.3970, Test Accuracy: 0.9432
Epoch 16/500 - Train Loss: 0.4683, Train Accuracy: 0.9275, Test Loss: 0.3873, Test Accuracy: 0.9392
Epoch 17/500 - Train Loss: 0.4463, Train Accuracy: 0.9300, Test Loss: 0.3778, Test Accuracy: 0.9388
Epoch 18/500 - Train Loss: 0.4601, Train Accuracy: 0.9175, Test Loss: 0.3526, Test Accuracy: 0.9454
Epoch 19/500 - Train Loss: 0.4358, Train Accuracy: 0.9250, Test Loss: 0.3497, Test Accuracy: 0.9414
Epoch 20/500 - Train Loss: 0.4144, Train Accuracy: 0.9225, Test Loss: 0.3404, Test Accuracy: 0.9445
Epoch 21/500 - Train Loss: 0.3791, Train Accuracy: 0.9425, Test Loss: 0.3421, Test Accuracy: 0.9397
Epoch 22/500 - Train Loss: 0.3606, Train Accuracy: 0.9525, Test Loss: 0.3370, Test Accuracy: 0.9423
Epoch 23/500 - Train Loss: 0.3499, Train Accuracy: 0.9500, Test Loss: 0.3244, Test Accuracy: 0.9458
Epoch 24/500 - Train Loss: 0.3406, Train Accuracy: 0.9650, Test Loss: 0.3186, Test Accuracy: 0.9484
Epoch 25/500 - Train Loss: 0.3364, Train Accuracy: 0.9550, Test Loss: 0.3188, Test Accuracy: 0.9458
Epoch 26/500 - Train Loss: 0.3215, Train Accuracy: 0.9625, Test Loss: 0.3125, Test Accuracy: 0.9476
Epoch 27/500 - Train Loss: 0.3259, Train Accuracy: 0.9475, Test Loss: 0.3147, Test Accuracy: 0.9480
Epoch 28/500 - Train Loss: 0.2915, Train Accuracy: 0.9650, Test Loss: 0.3151, Test Accuracy: 0.9480
Epoch 29/500 - Train Loss: 0.3085, Train Accuracy: 0.9550, Test Loss: 0.3104, Test Accuracy: 0.9493
Epoch 30/500 - Train Loss: 0.2995, Train Accuracy: 0.9550, Test Loss: 0.3025, Test Accuracy: 0.9515
Epoch 31/500 - Train Loss: 0.2775, Train Accuracy: 0.9675, Test Loss: 0.3050, Test Accuracy: 0.9510
Epoch 32/500 - Train Loss: 0.2839, Train Accuracy: 0.9600, Test Loss: 0.3048, Test Accuracy: 0.9506
Epoch 33/500 - Train Loss: 0.2761, Train Accuracy: 0.9625, Test Loss: 0.2959, Test Accuracy: 0.9545
Epoch 34/500 - Train Loss: 0.2506, Train Accuracy: 0.9750, Test Loss: 0.3005, Test Accuracy: 0.9497
Epoch 35/500 - Train Loss: 0.2773, Train Accuracy: 0.9600, Test Loss: 0.3008, Test Accuracy: 0.9476
Epoch 36/500 - Train Loss: 0.2773, Train Accuracy: 0.9675, Test Loss: 0.3010, Test Accuracy: 0.9515
Epoch 37/500 - Train Loss: 0.2540, Train Accuracy: 0.9725, Test Loss: 0.3004, Test Accuracy: 0.9484
Epoch 38/500 - Train Loss: 0.2479, Train Accuracy: 0.9725, Test Loss: 0.3058, Test Accuracy: 0.9432
Epoch 39/500 - Train Loss: 0.2475, Train Accuracy: 0.9675, Test Loss: 0.3057, Test Accuracy: 0.9471
Epoch 40/500 - Train Loss: 0.2481, Train Accuracy: 0.9700, Test Loss: 0.3097, Test Accuracy: 0.9427
Epoch 41/500 - Train Loss: 0.2182, Train Accuracy: 0.9825, Test Loss: 0.3155, Test Accuracy: 0.9410
Epoch 42/500 - Train Loss: 0.2449, Train Accuracy: 0.9725, Test Loss: 0.3199, Test Accuracy: 0.9371
Epoch 43/500 - Train Loss: 0.2365, Train Accuracy: 0.9800, Test Loss: 0.3107, Test Accuracy: 0.9419
Epoch 44/500 - Train Loss: 0.2142, Train Accuracy: 0.9800, Test Loss: 0.3042, Test Accuracy: 0.9427
Epoch 45/500 - Train Loss: 0.2129, Train Accuracy: 0.9850, Test Loss: 0.2990, Test Accuracy: 0.9445
Epoch 46/500 - Train Loss: 0.2184, Train Accuracy: 0.9800, Test Loss: 0.2991, Test Accuracy: 0.9484
Epoch 47/500 - Train Loss: 0.2058, Train Accuracy: 0.9850, Test Loss: 0.3088, Test Accuracy: 0.9441
Epoch 48/500 - Train Loss: 0.2006, Train Accuracy: 0.9800, Test Loss: 0.2975, Test Accuracy: 0.9497

Early stopping triggered at epoch 48
Best test loss: 0.2959
Best test accuracy: 0.9545
Plot saved as trained_models/Sweep_data run/metrics/loss.png
Plot saved as trained_models/Sweep_data run/metrics/metrics.png
