Using GPU 0: NVIDIA GeForce RTX 3090
Epoch 1/500 - Train Loss: 2.0823, Train Accuracy: 0.1950, Test Loss: 2.0166, Test Accuracy: 0.2395
Epoch 2/500 - Train Loss: 1.8182, Train Accuracy: 0.3550, Test Loss: 1.7864, Test Accuracy: 0.4261
Epoch 3/500 - Train Loss: 1.6326, Train Accuracy: 0.4925, Test Loss: 1.5707, Test Accuracy: 0.5564
Epoch 4/500 - Train Loss: 1.4459, Train Accuracy: 0.6175, Test Loss: 1.3868, Test Accuracy: 0.6552
Epoch 5/500 - Train Loss: 1.2982, Train Accuracy: 0.6950, Test Loss: 1.2120, Test Accuracy: 0.7260
Epoch 6/500 - Train Loss: 1.1368, Train Accuracy: 0.8025, Test Loss: 1.0806, Test Accuracy: 0.7819
Epoch 7/500 - Train Loss: 1.0174, Train Accuracy: 0.8075, Test Loss: 0.9561, Test Accuracy: 0.8186
Epoch 8/500 - Train Loss: 0.9010, Train Accuracy: 0.8550, Test Loss: 0.8584, Test Accuracy: 0.8392
Epoch 9/500 - Train Loss: 0.8324, Train Accuracy: 0.8575, Test Loss: 0.7752, Test Accuracy: 0.8663
Epoch 10/500 - Train Loss: 0.7565, Train Accuracy: 0.8650, Test Loss: 0.6929, Test Accuracy: 0.8894
Epoch 11/500 - Train Loss: 0.7035, Train Accuracy: 0.8725, Test Loss: 0.6280, Test Accuracy: 0.8986
Epoch 12/500 - Train Loss: 0.6094, Train Accuracy: 0.9175, Test Loss: 0.5612, Test Accuracy: 0.9078
Epoch 13/500 - Train Loss: 0.5605, Train Accuracy: 0.9100, Test Loss: 0.5264, Test Accuracy: 0.9148
Epoch 14/500 - Train Loss: 0.5694, Train Accuracy: 0.9100, Test Loss: 0.4901, Test Accuracy: 0.9174
Epoch 15/500 - Train Loss: 0.5564, Train Accuracy: 0.9000, Test Loss: 0.4585, Test Accuracy: 0.9170
Epoch 16/500 - Train Loss: 0.4696, Train Accuracy: 0.9350, Test Loss: 0.4397, Test Accuracy: 0.9235
Epoch 17/500 - Train Loss: 0.4473, Train Accuracy: 0.9275, Test Loss: 0.4219, Test Accuracy: 0.9244
Epoch 18/500 - Train Loss: 0.4314, Train Accuracy: 0.9375, Test Loss: 0.4047, Test Accuracy: 0.9266
Epoch 19/500 - Train Loss: 0.4270, Train Accuracy: 0.9200, Test Loss: 0.3885, Test Accuracy: 0.9270
Epoch 20/500 - Train Loss: 0.3995, Train Accuracy: 0.9475, Test Loss: 0.3736, Test Accuracy: 0.9349
Epoch 21/500 - Train Loss: 0.3580, Train Accuracy: 0.9575, Test Loss: 0.3687, Test Accuracy: 0.9353
Epoch 22/500 - Train Loss: 0.3562, Train Accuracy: 0.9575, Test Loss: 0.3632, Test Accuracy: 0.9327
Epoch 23/500 - Train Loss: 0.3165, Train Accuracy: 0.9700, Test Loss: 0.3544, Test Accuracy: 0.9362
Epoch 24/500 - Train Loss: 0.3300, Train Accuracy: 0.9550, Test Loss: 0.3524, Test Accuracy: 0.9331
Epoch 25/500 - Train Loss: 0.2890, Train Accuracy: 0.9700, Test Loss: 0.3490, Test Accuracy: 0.9336
Epoch 26/500 - Train Loss: 0.3079, Train Accuracy: 0.9600, Test Loss: 0.3378, Test Accuracy: 0.9414
Epoch 27/500 - Train Loss: 0.3006, Train Accuracy: 0.9650, Test Loss: 0.3394, Test Accuracy: 0.9371
Epoch 28/500 - Train Loss: 0.3051, Train Accuracy: 0.9475, Test Loss: 0.3331, Test Accuracy: 0.9362
Epoch 29/500 - Train Loss: 0.2587, Train Accuracy: 0.9825, Test Loss: 0.3341, Test Accuracy: 0.9366
Epoch 30/500 - Train Loss: 0.2975, Train Accuracy: 0.9625, Test Loss: 0.3282, Test Accuracy: 0.9358
Epoch 31/500 - Train Loss: 0.2773, Train Accuracy: 0.9625, Test Loss: 0.3301, Test Accuracy: 0.9371
Epoch 32/500 - Train Loss: 0.2911, Train Accuracy: 0.9525, Test Loss: 0.3314, Test Accuracy: 0.9379
Epoch 33/500 - Train Loss: 0.2581, Train Accuracy: 0.9775, Test Loss: 0.3315, Test Accuracy: 0.9344
Epoch 34/500 - Train Loss: 0.2634, Train Accuracy: 0.9725, Test Loss: 0.3230, Test Accuracy: 0.9410
Epoch 35/500 - Train Loss: 0.2472, Train Accuracy: 0.9700, Test Loss: 0.3216, Test Accuracy: 0.9392
Epoch 36/500 - Train Loss: 0.2473, Train Accuracy: 0.9750, Test Loss: 0.3230, Test Accuracy: 0.9401
Epoch 37/500 - Train Loss: 0.2639, Train Accuracy: 0.9650, Test Loss: 0.3234, Test Accuracy: 0.9392
Epoch 38/500 - Train Loss: 0.2485, Train Accuracy: 0.9775, Test Loss: 0.3202, Test Accuracy: 0.9401
Epoch 39/500 - Train Loss: 0.2394, Train Accuracy: 0.9775, Test Loss: 0.3097, Test Accuracy: 0.9462
Epoch 40/500 - Train Loss: 0.2529, Train Accuracy: 0.9725, Test Loss: 0.3123, Test Accuracy: 0.9445
Epoch 41/500 - Train Loss: 0.2274, Train Accuracy: 0.9800, Test Loss: 0.3098, Test Accuracy: 0.9445
Epoch 42/500 - Train Loss: 0.2166, Train Accuracy: 0.9850, Test Loss: 0.3143, Test Accuracy: 0.9445
Epoch 43/500 - Train Loss: 0.2181, Train Accuracy: 0.9875, Test Loss: 0.3172, Test Accuracy: 0.9419
Epoch 44/500 - Train Loss: 0.2413, Train Accuracy: 0.9675, Test Loss: 0.3172, Test Accuracy: 0.9406
Epoch 45/500 - Train Loss: 0.2174, Train Accuracy: 0.9750, Test Loss: 0.3125, Test Accuracy: 0.9462
Epoch 46/500 - Train Loss: 0.2219, Train Accuracy: 0.9775, Test Loss: 0.3142, Test Accuracy: 0.9462
Epoch 47/500 - Train Loss: 0.2070, Train Accuracy: 0.9875, Test Loss: 0.3131, Test Accuracy: 0.9462
Epoch 48/500 - Train Loss: 0.2176, Train Accuracy: 0.9700, Test Loss: 0.3151, Test Accuracy: 0.9441
Epoch 49/500 - Train Loss: 0.2275, Train Accuracy: 0.9825, Test Loss: 0.3252, Test Accuracy: 0.9371
Epoch 50/500 - Train Loss: 0.1886, Train Accuracy: 0.9925, Test Loss: 0.3219, Test Accuracy: 0.9401
Epoch 51/500 - Train Loss: 0.2103, Train Accuracy: 0.9775, Test Loss: 0.3186, Test Accuracy: 0.9401
Epoch 52/500 - Train Loss: 0.1976, Train Accuracy: 0.9875, Test Loss: 0.3122, Test Accuracy: 0.9449
Epoch 53/500 - Train Loss: 0.1705, Train Accuracy: 0.9975, Test Loss: 0.3052, Test Accuracy: 0.9441
Epoch 54/500 - Train Loss: 0.1885, Train Accuracy: 0.9925, Test Loss: 0.3096, Test Accuracy: 0.9427
Epoch 55/500 - Train Loss: 0.1999, Train Accuracy: 0.9800, Test Loss: 0.3170, Test Accuracy: 0.9406
Epoch 56/500 - Train Loss: 0.2075, Train Accuracy: 0.9825, Test Loss: 0.3299, Test Accuracy: 0.9336
Epoch 57/500 - Train Loss: 0.2048, Train Accuracy: 0.9850, Test Loss: 0.3111, Test Accuracy: 0.9388
Epoch 58/500 - Train Loss: 0.2006, Train Accuracy: 0.9925, Test Loss: 0.3093, Test Accuracy: 0.9432
Epoch 59/500 - Train Loss: 0.1783, Train Accuracy: 0.9950, Test Loss: 0.3086, Test Accuracy: 0.9427
Epoch 60/500 - Train Loss: 0.1901, Train Accuracy: 0.9925, Test Loss: 0.3115, Test Accuracy: 0.9427
Epoch 61/500 - Train Loss: 0.1992, Train Accuracy: 0.9825, Test Loss: 0.3090, Test Accuracy: 0.9441
Epoch 62/500 - Train Loss: 0.1910, Train Accuracy: 0.9900, Test Loss: 0.3100, Test Accuracy: 0.9445
Epoch 63/500 - Train Loss: 0.1982, Train Accuracy: 0.9850, Test Loss: 0.3100, Test Accuracy: 0.9432
Epoch 64/500 - Train Loss: 0.1984, Train Accuracy: 0.9850, Test Loss: 0.3221, Test Accuracy: 0.9358
Epoch 65/500 - Train Loss: 0.1993, Train Accuracy: 0.9825, Test Loss: 0.3221, Test Accuracy: 0.9366
Epoch 66/500 - Train Loss: 0.1926, Train Accuracy: 0.9875, Test Loss: 0.3218, Test Accuracy: 0.9353
Epoch 67/500 - Train Loss: 0.1885, Train Accuracy: 0.9925, Test Loss: 0.3261, Test Accuracy: 0.9336
Epoch 68/500 - Train Loss: 0.2191, Train Accuracy: 0.9750, Test Loss: 0.3140, Test Accuracy: 0.9406

Early stopping triggered at epoch 68
Best test loss: 0.3052
Best test accuracy: 0.9462
Plot saved as trained_models/Sweep_data run/metrics/loss.png
Plot saved as trained_models/Sweep_data run/metrics/metrics.png
