wandb: Starting wandb agent 🕵️
2026-01-10 19:59:17,062 - wandb.wandb_agent - INFO - Running runs: []
2026-01-10 19:59:17,409 - wandb.wandb_agent - INFO - Agent received command: run
2026-01-10 19:59:17,410 - wandb.wandb_agent - INFO - Agent starting run with config:
	affine: 0.8799927448739573
	blur: 0.8005625970695655
	brightness: 0.6211013239164208
	contrast: 1.378947007303606
	crop: 0.3405203314810955
	crop_scale: 0.4339405022222891
	flip: 0.8527346443428017
	gaussian_blur_kernel: 5
	gaussian_noise_std: 1.629390236045309
	grey: 0.743400612217292
	hue: -0.02955069926014524
	jiggle: 0.9537689220363916
	rotate: 0.9059105765383084
	rotation: 42
	saturation: 1.3948162958333614
	scale: 1.0045669223787592
	shear: 31
	translate_x: 0.06431883783065136
	translate_y: 0.3142917262126791
2026-01-10 19:59:17,413 - wandb.wandb_agent - INFO - About to run command: /usr/bin/env python train_data.py --affine=0.8799927448739573 --blur=0.8005625970695655 --brightness=0.6211013239164208 --contrast=1.378947007303606 --crop=0.3405203314810955 --crop_scale=0.4339405022222891 --flip=0.8527346443428017 --gaussian_blur_kernel=5 --gaussian_noise_std=1.629390236045309 --grey=0.743400612217292 --hue=-0.02955069926014524 --jiggle=0.9537689220363916 --rotate=0.9059105765383084 --rotation=42 --saturation=1.3948162958333614 --scale=1.0045669223787592 --shear=31 --translate_x=0.06431883783065136 --translate_y=0.3142917262126791
wandb: Currently logged in as: arnaumarcosalmansa (mcv-team-6) to https://api.wandb.ai. Use `wandb login --relogin` to force relogin
wandb: WARNING Ignoring project 'C3-Week3' when running a sweep.
wandb: WARNING Ignoring entity 'mcv-team-6' when running a sweep.
2026-01-10 19:59:22,420 - wandb.wandb_agent - INFO - Running runs: ['bbwipd5h']
wandb: setting up run bbwipd5h
wandb: Tracking run with wandb version 0.23.1
wandb: Run data is saved locally in /export/home/group06/workspace/project-team-6/Week3/wandb/run-20260110_195921-bbwipd5h
wandb: Run `wandb offline` to turn off syncing.
wandb: Syncing run Sweep run
wandb: ⭐️ View project at https://wandb.ai/mcv-team-6/C3-Week3
wandb: 🧹 View sweep at https://wandb.ai/mcv-team-6/C3-Week3/sweeps/g5vb4edr
wandb: 🚀 View run at https://wandb.ai/mcv-team-6/C3-Week3/runs/bbwipd5h
Traceback (most recent call last):
  File "/export/home/group06/workspace/project-team-6/Week3/train_data.py", line 61, in <module>
    ka.ColorJitter(brightness=cfg.brightness,
  File "/ghome/group06/miniconda3/envs/c3/lib/python3.12/site-packages/kornia/augmentation/_2d/intensity/color_jitter.py", line 105, in __init__
    self._param_generator = rg.ColorJitterGenerator(brightness, contrast, saturation, hue)
                            ^^^^^^^^^^^^^^^^^^^^^^^^^^^^^^^^^^^^^^^^^^^^^^^^^^^^^^^^^^^^^^
  File "/ghome/group06/miniconda3/envs/c3/lib/python3.12/site-packages/kornia/augmentation/random_generator/base.py", line 34, in __call__
    obj.__post_init__()
  File "/ghome/group06/miniconda3/envs/c3/lib/python3.12/site-packages/kornia/augmentation/random_generator/base.py", line 48, in __post_init__
    self.set_rng_device_and_dtype()
  File "/ghome/group06/miniconda3/envs/c3/lib/python3.12/site-packages/kornia/augmentation/random_generator/base.py", line 64, in set_rng_device_and_dtype
    self.make_samplers(device, dtype)
  File "/ghome/group06/miniconda3/envs/c3/lib/python3.12/site-packages/kornia/augmentation/random_generator/_2d/color_jitter.py", line 86, in make_samplers
    hue: Tensor = _range_bound(self.hue, "hue", bounds=(-0.5, 0.5), device=device, dtype=dtype)
                  ^^^^^^^^^^^^^^^^^^^^^^^^^^^^^^^^^^^^^^^^^^^^^^^^^^^^^^^^^^^^^^^^^^^^^^^^^^^^^
  File "/ghome/group06/miniconda3/envs/c3/lib/python3.12/site-packages/kornia/augmentation/utils/param_validation.py", line 53, in _range_bound
    raise ValueError(f"If {name} is a single number, it must be non negative. Got {factor}.")
ValueError: If hue is a single number, it must be non negative. Got -0.029550699517130852.
2026-01-10 19:59:27,563 - wandb.wandb_agent - INFO - Cleaning up finished run: bbwipd5h
wandb: Terminating and syncing runs. Press ctrl-c to kill.
