wandb: Starting wandb agent 🕵️
2026-01-10 20:28:55,936 - wandb.wandb_agent - INFO - Running runs: []
2026-01-10 20:28:56,432 - wandb.wandb_agent - INFO - Agent received command: run
2026-01-10 20:28:56,432 - wandb.wandb_agent - INFO - Agent starting run with config:
	affine: 0.12530485607676525
	blur: 0.34293289805194693
	brightness: 0.7890266337606934
	contrast: 1.063988990166942
	crop: 0.20736995894860832
	crop_scale: 0.8598532631225095
	flip: 0.5461129133434964
	gaussian_blur_kernel: 9
	gaussian_noise_std: 0.11123207429917004
	grey: 0.7456727226883737
	hue: -0.05775865638379088
	jiggle: 0.9391567888515908
	rotate: 0.9789943282578132
	rotation: 15
	saturation: 1.0960770208759665
	scale: 1.1704145778792274
	shear: 14
	translate_x: 0.35625467902442043
	translate_y: 0.3781992090815222
2026-01-10 20:28:56,436 - wandb.wandb_agent - INFO - About to run command: /usr/bin/env python train_data.py --affine=0.12530485607676525 --blur=0.34293289805194693 --brightness=0.7890266337606934 --contrast=1.063988990166942 --crop=0.20736995894860832 --crop_scale=0.8598532631225095 --flip=0.5461129133434964 --gaussian_blur_kernel=9 --gaussian_noise_std=0.11123207429917004 --grey=0.7456727226883737 --hue=-0.05775865638379088 --jiggle=0.9391567888515908 --rotate=0.9789943282578132 --rotation=15 --saturation=1.0960770208759665 --scale=1.1704145778792274 --shear=14 --translate_x=0.35625467902442043 --translate_y=0.3781992090815222
wandb: Currently logged in as: arnaumarcosalmansa (mcv-team-6) to https://api.wandb.ai. Use `wandb login --relogin` to force relogin
wandb: WARNING Ignoring project 'C3-Week3' when running a sweep.
wandb: WARNING Ignoring entity 'mcv-team-6' when running a sweep.
2026-01-10 20:29:01,443 - wandb.wandb_agent - INFO - Running runs: ['e26tmsre']
wandb: setting up run e26tmsre
wandb: Tracking run with wandb version 0.23.1
wandb: Run data is saved locally in /export/home/group06/workspace/project-team-6/Week3/wandb/run-20260110_202900-e26tmsre
wandb: Run `wandb offline` to turn off syncing.
wandb: Syncing run Sweep run
wandb: ⭐️ View project at https://wandb.ai/mcv-team-6/C3-Week3
wandb: 🧹 View sweep at https://wandb.ai/mcv-team-6/C3-Week3/sweeps/g5vb4edr
wandb: 🚀 View run at https://wandb.ai/mcv-team-6/C3-Week3/runs/e26tmsre
Traceback (most recent call last):
  File "/export/home/group06/workspace/project-team-6/Week3/train_data.py", line 61, in <module>
    ka.ColorJitter(brightness=cfg.brightness,
  File "/ghome/group06/miniconda3/envs/c3/lib/python3.12/site-packages/kornia/augmentation/_2d/intensity/color_jitter.py", line 105, in __init__
    self._param_generator = rg.ColorJitterGenerator(brightness, contrast, saturation, hue)
                            ^^^^^^^^^^^^^^^^^^^^^^^^^^^^^^^^^^^^^^^^^^^^^^^^^^^^^^^^^^^^^^
  File "/ghome/group06/miniconda3/envs/c3/lib/python3.12/site-packages/kornia/augmentation/random_generator/base.py", line 34, in __call__
    obj.__post_init__()
  File "/ghome/group06/miniconda3/envs/c3/lib/python3.12/site-packages/kornia/augmentation/random_generator/base.py", line 48, in __post_init__
    self.set_rng_device_and_dtype()
  File "/ghome/group06/miniconda3/envs/c3/lib/python3.12/site-packages/kornia/augmentation/random_generator/base.py", line 64, in set_rng_device_and_dtype
    self.make_samplers(device, dtype)
  File "/ghome/group06/miniconda3/envs/c3/lib/python3.12/site-packages/kornia/augmentation/random_generator/_2d/color_jitter.py", line 86, in make_samplers
    hue: Tensor = _range_bound(self.hue, "hue", bounds=(-0.5, 0.5), device=device, dtype=dtype)
                  ^^^^^^^^^^^^^^^^^^^^^^^^^^^^^^^^^^^^^^^^^^^^^^^^^^^^^^^^^^^^^^^^^^^^^^^^^^^^^
  File "/ghome/group06/miniconda3/envs/c3/lib/python3.12/site-packages/kornia/augmentation/utils/param_validation.py", line 53, in _range_bound
    raise ValueError(f"If {name} is a single number, it must be non negative. Got {factor}.")
ValueError: If hue is a single number, it must be non negative. Got -0.05775865539908409.
2026-01-10 20:29:06,607 - wandb.wandb_agent - INFO - Cleaning up finished run: e26tmsre
wandb: Terminating and syncing runs. Press ctrl-c to kill.
