Using GPU 0: NVIDIA GeForce RTX 3090
Epoch 1/500 - Train Loss: 2.0600, Train Accuracy: 0.2100, Test Loss: 1.9990, Test Accuracy: 0.2242
Epoch 2/500 - Train Loss: 1.8651, Train Accuracy: 0.3700, Test Loss: 1.7958, Test Accuracy: 0.4410
Epoch 3/500 - Train Loss: 1.6722, Train Accuracy: 0.5150, Test Loss: 1.5649, Test Accuracy: 0.5830
Epoch 4/500 - Train Loss: 1.5175, Train Accuracy: 0.5950, Test Loss: 1.3653, Test Accuracy: 0.6840
Epoch 5/500 - Train Loss: 1.3617, Train Accuracy: 0.6775, Test Loss: 1.1969, Test Accuracy: 0.7618
Epoch 6/500 - Train Loss: 1.2257, Train Accuracy: 0.7075, Test Loss: 1.0565, Test Accuracy: 0.8164
Epoch 7/500 - Train Loss: 1.1201, Train Accuracy: 0.7650, Test Loss: 0.9304, Test Accuracy: 0.8514
Epoch 8/500 - Train Loss: 1.0118, Train Accuracy: 0.8150, Test Loss: 0.8215, Test Accuracy: 0.8807
Epoch 9/500 - Train Loss: 0.9092, Train Accuracy: 0.8325, Test Loss: 0.7193, Test Accuracy: 0.8899
Epoch 10/500 - Train Loss: 0.8263, Train Accuracy: 0.8450, Test Loss: 0.6413, Test Accuracy: 0.9043
Epoch 11/500 - Train Loss: 0.7472, Train Accuracy: 0.8700, Test Loss: 0.5898, Test Accuracy: 0.9095
Epoch 12/500 - Train Loss: 0.7055, Train Accuracy: 0.8650, Test Loss: 0.5444, Test Accuracy: 0.9117
Epoch 13/500 - Train Loss: 0.6469, Train Accuracy: 0.8875, Test Loss: 0.5136, Test Accuracy: 0.9183
Epoch 14/500 - Train Loss: 0.6175, Train Accuracy: 0.8800, Test Loss: 0.4838, Test Accuracy: 0.9191
Epoch 15/500 - Train Loss: 0.5348, Train Accuracy: 0.9000, Test Loss: 0.4487, Test Accuracy: 0.9274
Epoch 16/500 - Train Loss: 0.5492, Train Accuracy: 0.8950, Test Loss: 0.4361, Test Accuracy: 0.9183
Epoch 17/500 - Train Loss: 0.5539, Train Accuracy: 0.8825, Test Loss: 0.4063, Test Accuracy: 0.9344
Epoch 18/500 - Train Loss: 0.5122, Train Accuracy: 0.9100, Test Loss: 0.3962, Test Accuracy: 0.9375
Epoch 19/500 - Train Loss: 0.4526, Train Accuracy: 0.9400, Test Loss: 0.3936, Test Accuracy: 0.9336
Epoch 20/500 - Train Loss: 0.4737, Train Accuracy: 0.9150, Test Loss: 0.3922, Test Accuracy: 0.9283
Epoch 21/500 - Train Loss: 0.4477, Train Accuracy: 0.9225, Test Loss: 0.3651, Test Accuracy: 0.9384
Epoch 22/500 - Train Loss: 0.4182, Train Accuracy: 0.9300, Test Loss: 0.3594, Test Accuracy: 0.9371
Epoch 23/500 - Train Loss: 0.3895, Train Accuracy: 0.9300, Test Loss: 0.3539, Test Accuracy: 0.9410
Epoch 24/500 - Train Loss: 0.3471, Train Accuracy: 0.9525, Test Loss: 0.3483, Test Accuracy: 0.9397
Epoch 25/500 - Train Loss: 0.3695, Train Accuracy: 0.9275, Test Loss: 0.3410, Test Accuracy: 0.9388
Epoch 26/500 - Train Loss: 0.3476, Train Accuracy: 0.9450, Test Loss: 0.3338, Test Accuracy: 0.9423
Epoch 27/500 - Train Loss: 0.3377, Train Accuracy: 0.9425, Test Loss: 0.3270, Test Accuracy: 0.9449
Epoch 28/500 - Train Loss: 0.3333, Train Accuracy: 0.9525, Test Loss: 0.3298, Test Accuracy: 0.9401
Epoch 29/500 - Train Loss: 0.3655, Train Accuracy: 0.9375, Test Loss: 0.3279, Test Accuracy: 0.9397
Epoch 30/500 - Train Loss: 0.3512, Train Accuracy: 0.9400, Test Loss: 0.3201, Test Accuracy: 0.9406
Epoch 31/500 - Train Loss: 0.3435, Train Accuracy: 0.9375, Test Loss: 0.3081, Test Accuracy: 0.9497
Epoch 32/500 - Train Loss: 0.3226, Train Accuracy: 0.9450, Test Loss: 0.3035, Test Accuracy: 0.9497
Epoch 33/500 - Train Loss: 0.2931, Train Accuracy: 0.9650, Test Loss: 0.3120, Test Accuracy: 0.9476
Epoch 34/500 - Train Loss: 0.3064, Train Accuracy: 0.9525, Test Loss: 0.3042, Test Accuracy: 0.9484
Epoch 35/500 - Train Loss: 0.2786, Train Accuracy: 0.9675, Test Loss: 0.3021, Test Accuracy: 0.9510
Epoch 36/500 - Train Loss: 0.3290, Train Accuracy: 0.9500, Test Loss: 0.3045, Test Accuracy: 0.9497
Epoch 37/500 - Train Loss: 0.2646, Train Accuracy: 0.9700, Test Loss: 0.3018, Test Accuracy: 0.9506
Epoch 38/500 - Train Loss: 0.2726, Train Accuracy: 0.9675, Test Loss: 0.3014, Test Accuracy: 0.9467
Epoch 39/500 - Train Loss: 0.2966, Train Accuracy: 0.9550, Test Loss: 0.3032, Test Accuracy: 0.9471
Epoch 40/500 - Train Loss: 0.2744, Train Accuracy: 0.9625, Test Loss: 0.3018, Test Accuracy: 0.9476
Epoch 41/500 - Train Loss: 0.2703, Train Accuracy: 0.9725, Test Loss: 0.3075, Test Accuracy: 0.9445
Epoch 42/500 - Train Loss: 0.3113, Train Accuracy: 0.9525, Test Loss: 0.3015, Test Accuracy: 0.9458
Epoch 43/500 - Train Loss: 0.3057, Train Accuracy: 0.9425, Test Loss: 0.2916, Test Accuracy: 0.9484
Epoch 44/500 - Train Loss: 0.2777, Train Accuracy: 0.9550, Test Loss: 0.2915, Test Accuracy: 0.9476
Epoch 45/500 - Train Loss: 0.2507, Train Accuracy: 0.9650, Test Loss: 0.2891, Test Accuracy: 0.9515
Epoch 46/500 - Train Loss: 0.2391, Train Accuracy: 0.9775, Test Loss: 0.3047, Test Accuracy: 0.9462
Epoch 47/500 - Train Loss: 0.2650, Train Accuracy: 0.9600, Test Loss: 0.3006, Test Accuracy: 0.9445
Epoch 48/500 - Train Loss: 0.2725, Train Accuracy: 0.9600, Test Loss: 0.2887, Test Accuracy: 0.9502
Epoch 49/500 - Train Loss: 0.2451, Train Accuracy: 0.9700, Test Loss: 0.2877, Test Accuracy: 0.9510
Epoch 50/500 - Train Loss: 0.2635, Train Accuracy: 0.9700, Test Loss: 0.2947, Test Accuracy: 0.9493
Epoch 51/500 - Train Loss: 0.2659, Train Accuracy: 0.9575, Test Loss: 0.2986, Test Accuracy: 0.9449
Epoch 52/500 - Train Loss: 0.2526, Train Accuracy: 0.9700, Test Loss: 0.2898, Test Accuracy: 0.9462
Epoch 53/500 - Train Loss: 0.2628, Train Accuracy: 0.9700, Test Loss: 0.2930, Test Accuracy: 0.9449
Epoch 54/500 - Train Loss: 0.2304, Train Accuracy: 0.9750, Test Loss: 0.2898, Test Accuracy: 0.9484
Epoch 55/500 - Train Loss: 0.2259, Train Accuracy: 0.9825, Test Loss: 0.2967, Test Accuracy: 0.9423
Epoch 56/500 - Train Loss: 0.2401, Train Accuracy: 0.9650, Test Loss: 0.2945, Test Accuracy: 0.9462
Epoch 57/500 - Train Loss: 0.2278, Train Accuracy: 0.9800, Test Loss: 0.3019, Test Accuracy: 0.9423
Epoch 58/500 - Train Loss: 0.2315, Train Accuracy: 0.9800, Test Loss: 0.2996, Test Accuracy: 0.9436
Epoch 59/500 - Train Loss: 0.2222, Train Accuracy: 0.9725, Test Loss: 0.3003, Test Accuracy: 0.9449
Epoch 60/500 - Train Loss: 0.2243, Train Accuracy: 0.9825, Test Loss: 0.2914, Test Accuracy: 0.9441
Epoch 61/500 - Train Loss: 0.2265, Train Accuracy: 0.9800, Test Loss: 0.2912, Test Accuracy: 0.9445
Epoch 62/500 - Train Loss: 0.2080, Train Accuracy: 0.9775, Test Loss: 0.2962, Test Accuracy: 0.9441
Epoch 63/500 - Train Loss: 0.2226, Train Accuracy: 0.9775, Test Loss: 0.2967, Test Accuracy: 0.9427
Epoch 64/500 - Train Loss: 0.1983, Train Accuracy: 0.9850, Test Loss: 0.3005, Test Accuracy: 0.9436

Early stopping triggered at epoch 64
Best test loss: 0.2877
Best test accuracy: 0.9515
Plot saved as trained_models/Sweep_data run/metrics/loss.png
Plot saved as trained_models/Sweep_data run/metrics/metrics.png
