Using GPU 0: NVIDIA GeForce RTX 3090
Epoch 1/500 - Train Loss: 2.0637, Train Accuracy: 0.1850, Test Loss: 1.9623, Test Accuracy: 0.2780
Epoch 2/500 - Train Loss: 1.7985, Train Accuracy: 0.4325, Test Loss: 1.7480, Test Accuracy: 0.4484
Epoch 3/500 - Train Loss: 1.6051, Train Accuracy: 0.6050, Test Loss: 1.5174, Test Accuracy: 0.5752
Epoch 4/500 - Train Loss: 1.4578, Train Accuracy: 0.6825, Test Loss: 1.3232, Test Accuracy: 0.6993
Epoch 5/500 - Train Loss: 1.2777, Train Accuracy: 0.7500, Test Loss: 1.1652, Test Accuracy: 0.7548
Epoch 6/500 - Train Loss: 1.0761, Train Accuracy: 0.8100, Test Loss: 1.0139, Test Accuracy: 0.8199
Epoch 7/500 - Train Loss: 1.0155, Train Accuracy: 0.8125, Test Loss: 0.8794, Test Accuracy: 0.8615
Epoch 8/500 - Train Loss: 0.9081, Train Accuracy: 0.8475, Test Loss: 0.7817, Test Accuracy: 0.8776
Epoch 9/500 - Train Loss: 0.8134, Train Accuracy: 0.8500, Test Loss: 0.6975, Test Accuracy: 0.8955
Epoch 10/500 - Train Loss: 0.6856, Train Accuracy: 0.9000, Test Loss: 0.6275, Test Accuracy: 0.9069
Epoch 11/500 - Train Loss: 0.6432, Train Accuracy: 0.8925, Test Loss: 0.5670, Test Accuracy: 0.9178
Epoch 12/500 - Train Loss: 0.6201, Train Accuracy: 0.8850, Test Loss: 0.5165, Test Accuracy: 0.9222
Epoch 13/500 - Train Loss: 0.5985, Train Accuracy: 0.8925, Test Loss: 0.4885, Test Accuracy: 0.9240
Epoch 14/500 - Train Loss: 0.5350, Train Accuracy: 0.9025, Test Loss: 0.4592, Test Accuracy: 0.9292
Epoch 15/500 - Train Loss: 0.4898, Train Accuracy: 0.9250, Test Loss: 0.4409, Test Accuracy: 0.9288
Epoch 16/500 - Train Loss: 0.5376, Train Accuracy: 0.8950, Test Loss: 0.4170, Test Accuracy: 0.9279
Epoch 17/500 - Train Loss: 0.4902, Train Accuracy: 0.9175, Test Loss: 0.4004, Test Accuracy: 0.9283
Epoch 18/500 - Train Loss: 0.4123, Train Accuracy: 0.9350, Test Loss: 0.3906, Test Accuracy: 0.9283
Epoch 19/500 - Train Loss: 0.4153, Train Accuracy: 0.9425, Test Loss: 0.3809, Test Accuracy: 0.9292
Epoch 20/500 - Train Loss: 0.4020, Train Accuracy: 0.9300, Test Loss: 0.3726, Test Accuracy: 0.9283
Epoch 21/500 - Train Loss: 0.3790, Train Accuracy: 0.9475, Test Loss: 0.3524, Test Accuracy: 0.9449
Epoch 22/500 - Train Loss: 0.3770, Train Accuracy: 0.9325, Test Loss: 0.3448, Test Accuracy: 0.9392
Epoch 23/500 - Train Loss: 0.3189, Train Accuracy: 0.9725, Test Loss: 0.3458, Test Accuracy: 0.9358
Epoch 24/500 - Train Loss: 0.3347, Train Accuracy: 0.9575, Test Loss: 0.3438, Test Accuracy: 0.9336
Epoch 25/500 - Train Loss: 0.3662, Train Accuracy: 0.9300, Test Loss: 0.3275, Test Accuracy: 0.9427
Epoch 26/500 - Train Loss: 0.3283, Train Accuracy: 0.9575, Test Loss: 0.3222, Test Accuracy: 0.9436
Epoch 27/500 - Train Loss: 0.3201, Train Accuracy: 0.9450, Test Loss: 0.3233, Test Accuracy: 0.9449
Epoch 28/500 - Train Loss: 0.3425, Train Accuracy: 0.9575, Test Loss: 0.3236, Test Accuracy: 0.9436
Epoch 29/500 - Train Loss: 0.2993, Train Accuracy: 0.9675, Test Loss: 0.3200, Test Accuracy: 0.9436
Epoch 30/500 - Train Loss: 0.3278, Train Accuracy: 0.9475, Test Loss: 0.3155, Test Accuracy: 0.9458
Epoch 31/500 - Train Loss: 0.3014, Train Accuracy: 0.9550, Test Loss: 0.3099, Test Accuracy: 0.9454
Epoch 32/500 - Train Loss: 0.2650, Train Accuracy: 0.9750, Test Loss: 0.3077, Test Accuracy: 0.9476
Epoch 33/500 - Train Loss: 0.3076, Train Accuracy: 0.9550, Test Loss: 0.3111, Test Accuracy: 0.9449
Epoch 34/500 - Train Loss: 0.3497, Train Accuracy: 0.9325, Test Loss: 0.3138, Test Accuracy: 0.9432
Epoch 35/500 - Train Loss: 0.2621, Train Accuracy: 0.9725, Test Loss: 0.3103, Test Accuracy: 0.9449
Epoch 36/500 - Train Loss: 0.2748, Train Accuracy: 0.9725, Test Loss: 0.3114, Test Accuracy: 0.9436
Epoch 37/500 - Train Loss: 0.2851, Train Accuracy: 0.9625, Test Loss: 0.3075, Test Accuracy: 0.9414
Epoch 38/500 - Train Loss: 0.2556, Train Accuracy: 0.9800, Test Loss: 0.3124, Test Accuracy: 0.9397
Epoch 39/500 - Train Loss: 0.2579, Train Accuracy: 0.9675, Test Loss: 0.3047, Test Accuracy: 0.9458
Epoch 40/500 - Train Loss: 0.2541, Train Accuracy: 0.9675, Test Loss: 0.3033, Test Accuracy: 0.9476
Epoch 41/500 - Train Loss: 0.2604, Train Accuracy: 0.9725, Test Loss: 0.2944, Test Accuracy: 0.9471
Epoch 42/500 - Train Loss: 0.2389, Train Accuracy: 0.9700, Test Loss: 0.2943, Test Accuracy: 0.9497
Epoch 43/500 - Train Loss: 0.2405, Train Accuracy: 0.9750, Test Loss: 0.3029, Test Accuracy: 0.9454
Epoch 44/500 - Train Loss: 0.2361, Train Accuracy: 0.9775, Test Loss: 0.3070, Test Accuracy: 0.9392
Epoch 45/500 - Train Loss: 0.2480, Train Accuracy: 0.9650, Test Loss: 0.3114, Test Accuracy: 0.9353
Epoch 46/500 - Train Loss: 0.2349, Train Accuracy: 0.9775, Test Loss: 0.3003, Test Accuracy: 0.9436
Epoch 47/500 - Train Loss: 0.2219, Train Accuracy: 0.9775, Test Loss: 0.2958, Test Accuracy: 0.9419
Epoch 48/500 - Train Loss: 0.2285, Train Accuracy: 0.9700, Test Loss: 0.3021, Test Accuracy: 0.9406
Epoch 49/500 - Train Loss: 0.2247, Train Accuracy: 0.9825, Test Loss: 0.2990, Test Accuracy: 0.9441
Epoch 50/500 - Train Loss: 0.2352, Train Accuracy: 0.9750, Test Loss: 0.2993, Test Accuracy: 0.9441
Epoch 51/500 - Train Loss: 0.2348, Train Accuracy: 0.9700, Test Loss: 0.2975, Test Accuracy: 0.9432
Epoch 52/500 - Train Loss: 0.2473, Train Accuracy: 0.9550, Test Loss: 0.3029, Test Accuracy: 0.9410
Epoch 53/500 - Train Loss: 0.2424, Train Accuracy: 0.9700, Test Loss: 0.3067, Test Accuracy: 0.9340
Epoch 54/500 - Train Loss: 0.2112, Train Accuracy: 0.9800, Test Loss: 0.3067, Test Accuracy: 0.9410
Epoch 55/500 - Train Loss: 0.2178, Train Accuracy: 0.9800, Test Loss: 0.3079, Test Accuracy: 0.9379
Epoch 56/500 - Train Loss: 0.1962, Train Accuracy: 0.9875, Test Loss: 0.3038, Test Accuracy: 0.9401

Early stopping triggered at epoch 56
Best test loss: 0.2943
Best test accuracy: 0.9497
Plot saved as trained_models/Sweep_data run/metrics/loss.png
Plot saved as trained_models/Sweep_data run/metrics/metrics.png
