Using GPU 0: NVIDIA GeForce RTX 3090
Epoch 1/500 - Train Loss: 2.1308, Train Accuracy: 0.1125, Test Loss: 2.1022, Test Accuracy: 0.1246
Epoch 2/500 - Train Loss: 1.8673, Train Accuracy: 0.3000, Test Loss: 1.8148, Test Accuracy: 0.3925
Epoch 3/500 - Train Loss: 1.6405, Train Accuracy: 0.5175, Test Loss: 1.5960, Test Accuracy: 0.5363
Epoch 4/500 - Train Loss: 1.4595, Train Accuracy: 0.6650, Test Loss: 1.4209, Test Accuracy: 0.6582
Epoch 5/500 - Train Loss: 1.3226, Train Accuracy: 0.7050, Test Loss: 1.2652, Test Accuracy: 0.7330
Epoch 6/500 - Train Loss: 1.1661, Train Accuracy: 0.7900, Test Loss: 1.1382, Test Accuracy: 0.7749
Epoch 7/500 - Train Loss: 1.0502, Train Accuracy: 0.8200, Test Loss: 1.0115, Test Accuracy: 0.8173
Epoch 8/500 - Train Loss: 0.9437, Train Accuracy: 0.8400, Test Loss: 0.9127, Test Accuracy: 0.8479
Epoch 9/500 - Train Loss: 0.8610, Train Accuracy: 0.8450, Test Loss: 0.8214, Test Accuracy: 0.8719
Epoch 10/500 - Train Loss: 0.7582, Train Accuracy: 0.8775, Test Loss: 0.7507, Test Accuracy: 0.8785
Epoch 11/500 - Train Loss: 0.6974, Train Accuracy: 0.9100, Test Loss: 0.6716, Test Accuracy: 0.8934
Epoch 12/500 - Train Loss: 0.6391, Train Accuracy: 0.9025, Test Loss: 0.6187, Test Accuracy: 0.8973
Epoch 13/500 - Train Loss: 0.6246, Train Accuracy: 0.8625, Test Loss: 0.5628, Test Accuracy: 0.9008
Epoch 14/500 - Train Loss: 0.5802, Train Accuracy: 0.9000, Test Loss: 0.5290, Test Accuracy: 0.9078
Epoch 15/500 - Train Loss: 0.5170, Train Accuracy: 0.9250, Test Loss: 0.4933, Test Accuracy: 0.9148
Epoch 16/500 - Train Loss: 0.4806, Train Accuracy: 0.9275, Test Loss: 0.4664, Test Accuracy: 0.9139
Epoch 17/500 - Train Loss: 0.5076, Train Accuracy: 0.9225, Test Loss: 0.4466, Test Accuracy: 0.9187
Epoch 18/500 - Train Loss: 0.4538, Train Accuracy: 0.9225, Test Loss: 0.4290, Test Accuracy: 0.9191
Epoch 19/500 - Train Loss: 0.4078, Train Accuracy: 0.9325, Test Loss: 0.4168, Test Accuracy: 0.9240
Epoch 20/500 - Train Loss: 0.3775, Train Accuracy: 0.9625, Test Loss: 0.4006, Test Accuracy: 0.9226
Epoch 21/500 - Train Loss: 0.3460, Train Accuracy: 0.9675, Test Loss: 0.3862, Test Accuracy: 0.9274
Epoch 22/500 - Train Loss: 0.3501, Train Accuracy: 0.9575, Test Loss: 0.3791, Test Accuracy: 0.9301
Epoch 23/500 - Train Loss: 0.3502, Train Accuracy: 0.9575, Test Loss: 0.3692, Test Accuracy: 0.9296
Epoch 24/500 - Train Loss: 0.3503, Train Accuracy: 0.9550, Test Loss: 0.3614, Test Accuracy: 0.9305
Epoch 25/500 - Train Loss: 0.3436, Train Accuracy: 0.9475, Test Loss: 0.3788, Test Accuracy: 0.9240
Epoch 26/500 - Train Loss: 0.3166, Train Accuracy: 0.9550, Test Loss: 0.3622, Test Accuracy: 0.9257
Epoch 27/500 - Train Loss: 0.3048, Train Accuracy: 0.9675, Test Loss: 0.3525, Test Accuracy: 0.9279
Epoch 28/500 - Train Loss: 0.2868, Train Accuracy: 0.9625, Test Loss: 0.3432, Test Accuracy: 0.9336
Epoch 29/500 - Train Loss: 0.2708, Train Accuracy: 0.9675, Test Loss: 0.3395, Test Accuracy: 0.9331
Epoch 30/500 - Train Loss: 0.2655, Train Accuracy: 0.9675, Test Loss: 0.3400, Test Accuracy: 0.9349
Epoch 31/500 - Train Loss: 0.2661, Train Accuracy: 0.9725, Test Loss: 0.3363, Test Accuracy: 0.9323
Epoch 32/500 - Train Loss: 0.2543, Train Accuracy: 0.9750, Test Loss: 0.3291, Test Accuracy: 0.9358
Epoch 33/500 - Train Loss: 0.2708, Train Accuracy: 0.9700, Test Loss: 0.3331, Test Accuracy: 0.9318
Epoch 34/500 - Train Loss: 0.2565, Train Accuracy: 0.9675, Test Loss: 0.3507, Test Accuracy: 0.9244
Epoch 35/500 - Train Loss: 0.2253, Train Accuracy: 0.9875, Test Loss: 0.3375, Test Accuracy: 0.9301
Epoch 36/500 - Train Loss: 0.2719, Train Accuracy: 0.9675, Test Loss: 0.3442, Test Accuracy: 0.9257
Epoch 37/500 - Train Loss: 0.2490, Train Accuracy: 0.9725, Test Loss: 0.3382, Test Accuracy: 0.9314
Epoch 38/500 - Train Loss: 0.2298, Train Accuracy: 0.9850, Test Loss: 0.3133, Test Accuracy: 0.9454
Epoch 39/500 - Train Loss: 0.2286, Train Accuracy: 0.9775, Test Loss: 0.3179, Test Accuracy: 0.9414
Epoch 40/500 - Train Loss: 0.2462, Train Accuracy: 0.9700, Test Loss: 0.3184, Test Accuracy: 0.9401
Epoch 41/500 - Train Loss: 0.2193, Train Accuracy: 0.9750, Test Loss: 0.3212, Test Accuracy: 0.9375
Epoch 42/500 - Train Loss: 0.2258, Train Accuracy: 0.9900, Test Loss: 0.3298, Test Accuracy: 0.9323
Epoch 43/500 - Train Loss: 0.2333, Train Accuracy: 0.9725, Test Loss: 0.3111, Test Accuracy: 0.9441
Epoch 44/500 - Train Loss: 0.2037, Train Accuracy: 0.9850, Test Loss: 0.3090, Test Accuracy: 0.9436
Epoch 45/500 - Train Loss: 0.2228, Train Accuracy: 0.9825, Test Loss: 0.3193, Test Accuracy: 0.9362
Epoch 46/500 - Train Loss: 0.1919, Train Accuracy: 0.9875, Test Loss: 0.3161, Test Accuracy: 0.9375
Epoch 47/500 - Train Loss: 0.2138, Train Accuracy: 0.9775, Test Loss: 0.3254, Test Accuracy: 0.9366
Epoch 48/500 - Train Loss: 0.2139, Train Accuracy: 0.9850, Test Loss: 0.3384, Test Accuracy: 0.9270
Epoch 49/500 - Train Loss: 0.2234, Train Accuracy: 0.9825, Test Loss: 0.3168, Test Accuracy: 0.9406
Epoch 50/500 - Train Loss: 0.2205, Train Accuracy: 0.9800, Test Loss: 0.3127, Test Accuracy: 0.9401
Epoch 51/500 - Train Loss: 0.2003, Train Accuracy: 0.9850, Test Loss: 0.3226, Test Accuracy: 0.9366
Epoch 52/500 - Train Loss: 0.2038, Train Accuracy: 0.9825, Test Loss: 0.3324, Test Accuracy: 0.9292
Epoch 53/500 - Train Loss: 0.2085, Train Accuracy: 0.9850, Test Loss: 0.3514, Test Accuracy: 0.9231
Epoch 54/500 - Train Loss: 0.1882, Train Accuracy: 0.9875, Test Loss: 0.3476, Test Accuracy: 0.9253
Epoch 55/500 - Train Loss: 0.1942, Train Accuracy: 0.9825, Test Loss: 0.3372, Test Accuracy: 0.9305
Epoch 56/500 - Train Loss: 0.2020, Train Accuracy: 0.9875, Test Loss: 0.3150, Test Accuracy: 0.9414
Epoch 57/500 - Train Loss: 0.1883, Train Accuracy: 0.9925, Test Loss: 0.3316, Test Accuracy: 0.9349
Epoch 58/500 - Train Loss: 0.1902, Train Accuracy: 0.9900, Test Loss: 0.3176, Test Accuracy: 0.9388
Epoch 59/500 - Train Loss: 0.2044, Train Accuracy: 0.9850, Test Loss: 0.3241, Test Accuracy: 0.9344

Early stopping triggered at epoch 59
Best test loss: 0.3090
Best test accuracy: 0.9454
Plot saved as trained_models/Sweep_data run/metrics/loss.png
Plot saved as trained_models/Sweep_data run/metrics/metrics.png
