Using GPU 0: NVIDIA GeForce RTX 3090
Epoch 1/500 - Train Loss: 2.0428, Train Accuracy: 0.1775, Test Loss: 1.9752, Test Accuracy: 0.2539
Epoch 2/500 - Train Loss: 1.7568, Train Accuracy: 0.4525, Test Loss: 1.7462, Test Accuracy: 0.4878
Epoch 3/500 - Train Loss: 1.5513, Train Accuracy: 0.6175, Test Loss: 1.4735, Test Accuracy: 0.6766
Epoch 4/500 - Train Loss: 1.3268, Train Accuracy: 0.7650, Test Loss: 1.2341, Test Accuracy: 0.7767
Epoch 5/500 - Train Loss: 1.1570, Train Accuracy: 0.8125, Test Loss: 1.0324, Test Accuracy: 0.8422
Epoch 6/500 - Train Loss: 1.0294, Train Accuracy: 0.8275, Test Loss: 0.8711, Test Accuracy: 0.8706
Epoch 7/500 - Train Loss: 0.8736, Train Accuracy: 0.8775, Test Loss: 0.7528, Test Accuracy: 0.8969
Epoch 8/500 - Train Loss: 0.7893, Train Accuracy: 0.8750, Test Loss: 0.6608, Test Accuracy: 0.9104
Epoch 9/500 - Train Loss: 0.6998, Train Accuracy: 0.8900, Test Loss: 0.5851, Test Accuracy: 0.9200
Epoch 10/500 - Train Loss: 0.6363, Train Accuracy: 0.9175, Test Loss: 0.5267, Test Accuracy: 0.9279
Epoch 11/500 - Train Loss: 0.6020, Train Accuracy: 0.8825, Test Loss: 0.4800, Test Accuracy: 0.9318
Epoch 12/500 - Train Loss: 0.5588, Train Accuracy: 0.8850, Test Loss: 0.4521, Test Accuracy: 0.9301
Epoch 13/500 - Train Loss: 0.5095, Train Accuracy: 0.9150, Test Loss: 0.4320, Test Accuracy: 0.9331
Epoch 14/500 - Train Loss: 0.4965, Train Accuracy: 0.9100, Test Loss: 0.4017, Test Accuracy: 0.9362
Epoch 15/500 - Train Loss: 0.4329, Train Accuracy: 0.9400, Test Loss: 0.3893, Test Accuracy: 0.9336
Epoch 16/500 - Train Loss: 0.4071, Train Accuracy: 0.9400, Test Loss: 0.3776, Test Accuracy: 0.9327
Epoch 17/500 - Train Loss: 0.4031, Train Accuracy: 0.9475, Test Loss: 0.3698, Test Accuracy: 0.9327
Epoch 18/500 - Train Loss: 0.4001, Train Accuracy: 0.9425, Test Loss: 0.3570, Test Accuracy: 0.9371
Epoch 19/500 - Train Loss: 0.3669, Train Accuracy: 0.9400, Test Loss: 0.3539, Test Accuracy: 0.9323
Epoch 20/500 - Train Loss: 0.3541, Train Accuracy: 0.9600, Test Loss: 0.3531, Test Accuracy: 0.9344
Epoch 21/500 - Train Loss: 0.3491, Train Accuracy: 0.9500, Test Loss: 0.3427, Test Accuracy: 0.9379
Epoch 22/500 - Train Loss: 0.3445, Train Accuracy: 0.9475, Test Loss: 0.3423, Test Accuracy: 0.9362
Epoch 23/500 - Train Loss: 0.3291, Train Accuracy: 0.9600, Test Loss: 0.3447, Test Accuracy: 0.9366
Epoch 24/500 - Train Loss: 0.3039, Train Accuracy: 0.9625, Test Loss: 0.3431, Test Accuracy: 0.9366
Epoch 25/500 - Train Loss: 0.2967, Train Accuracy: 0.9650, Test Loss: 0.3418, Test Accuracy: 0.9388
Epoch 26/500 - Train Loss: 0.2820, Train Accuracy: 0.9675, Test Loss: 0.3236, Test Accuracy: 0.9449
Epoch 27/500 - Train Loss: 0.2715, Train Accuracy: 0.9650, Test Loss: 0.3307, Test Accuracy: 0.9401
Epoch 28/500 - Train Loss: 0.2685, Train Accuracy: 0.9700, Test Loss: 0.3269, Test Accuracy: 0.9384
Epoch 29/500 - Train Loss: 0.2875, Train Accuracy: 0.9600, Test Loss: 0.3245, Test Accuracy: 0.9388
Epoch 30/500 - Train Loss: 0.2679, Train Accuracy: 0.9725, Test Loss: 0.3294, Test Accuracy: 0.9362
Epoch 31/500 - Train Loss: 0.2542, Train Accuracy: 0.9750, Test Loss: 0.3212, Test Accuracy: 0.9427
Epoch 32/500 - Train Loss: 0.2438, Train Accuracy: 0.9800, Test Loss: 0.3258, Test Accuracy: 0.9410
Epoch 33/500 - Train Loss: 0.2456, Train Accuracy: 0.9825, Test Loss: 0.3163, Test Accuracy: 0.9436
Epoch 34/500 - Train Loss: 0.2263, Train Accuracy: 0.9875, Test Loss: 0.3284, Test Accuracy: 0.9384
Epoch 35/500 - Train Loss: 0.2444, Train Accuracy: 0.9775, Test Loss: 0.3247, Test Accuracy: 0.9388
Epoch 36/500 - Train Loss: 0.2522, Train Accuracy: 0.9675, Test Loss: 0.3262, Test Accuracy: 0.9384
Epoch 37/500 - Train Loss: 0.2653, Train Accuracy: 0.9600, Test Loss: 0.3204, Test Accuracy: 0.9401
Epoch 38/500 - Train Loss: 0.2535, Train Accuracy: 0.9750, Test Loss: 0.3261, Test Accuracy: 0.9366
Epoch 39/500 - Train Loss: 0.2312, Train Accuracy: 0.9800, Test Loss: 0.3113, Test Accuracy: 0.9454
Epoch 40/500 - Train Loss: 0.2237, Train Accuracy: 0.9800, Test Loss: 0.3264, Test Accuracy: 0.9371
Epoch 41/500 - Train Loss: 0.2098, Train Accuracy: 0.9875, Test Loss: 0.3210, Test Accuracy: 0.9410
Epoch 42/500 - Train Loss: 0.2120, Train Accuracy: 0.9875, Test Loss: 0.3226, Test Accuracy: 0.9406
Epoch 43/500 - Train Loss: 0.2036, Train Accuracy: 0.9950, Test Loss: 0.3066, Test Accuracy: 0.9436
Epoch 44/500 - Train Loss: 0.2133, Train Accuracy: 0.9800, Test Loss: 0.3145, Test Accuracy: 0.9432
Epoch 45/500 - Train Loss: 0.2029, Train Accuracy: 0.9875, Test Loss: 0.3097, Test Accuracy: 0.9449
Epoch 46/500 - Train Loss: 0.2099, Train Accuracy: 0.9825, Test Loss: 0.3129, Test Accuracy: 0.9419
Epoch 47/500 - Train Loss: 0.2140, Train Accuracy: 0.9850, Test Loss: 0.3160, Test Accuracy: 0.9414
Epoch 48/500 - Train Loss: 0.2140, Train Accuracy: 0.9850, Test Loss: 0.3116, Test Accuracy: 0.9419
Epoch 49/500 - Train Loss: 0.2087, Train Accuracy: 0.9800, Test Loss: 0.3162, Test Accuracy: 0.9414
Epoch 50/500 - Train Loss: 0.1927, Train Accuracy: 0.9925, Test Loss: 0.3094, Test Accuracy: 0.9432
Epoch 51/500 - Train Loss: 0.1878, Train Accuracy: 0.9950, Test Loss: 0.3027, Test Accuracy: 0.9441
Epoch 52/500 - Train Loss: 0.2029, Train Accuracy: 0.9825, Test Loss: 0.3210, Test Accuracy: 0.9401
Epoch 53/500 - Train Loss: 0.1974, Train Accuracy: 0.9825, Test Loss: 0.3108, Test Accuracy: 0.9427
Epoch 54/500 - Train Loss: 0.1996, Train Accuracy: 0.9875, Test Loss: 0.3074, Test Accuracy: 0.9449
Epoch 55/500 - Train Loss: 0.1892, Train Accuracy: 0.9900, Test Loss: 0.3105, Test Accuracy: 0.9414
Epoch 56/500 - Train Loss: 0.1832, Train Accuracy: 0.9900, Test Loss: 0.3163, Test Accuracy: 0.9388
Epoch 57/500 - Train Loss: 0.1874, Train Accuracy: 0.9925, Test Loss: 0.3150, Test Accuracy: 0.9384
Epoch 58/500 - Train Loss: 0.2241, Train Accuracy: 0.9775, Test Loss: 0.3340, Test Accuracy: 0.9340
Epoch 59/500 - Train Loss: 0.1773, Train Accuracy: 0.9925, Test Loss: 0.3105, Test Accuracy: 0.9397
Epoch 60/500 - Train Loss: 0.2041, Train Accuracy: 0.9850, Test Loss: 0.3126, Test Accuracy: 0.9388
Epoch 61/500 - Train Loss: 0.1725, Train Accuracy: 0.9925, Test Loss: 0.3091, Test Accuracy: 0.9419
Epoch 62/500 - Train Loss: 0.1878, Train Accuracy: 0.9925, Test Loss: 0.3105, Test Accuracy: 0.9423
Epoch 63/500 - Train Loss: 0.2013, Train Accuracy: 0.9875, Test Loss: 0.3126, Test Accuracy: 0.9406
Epoch 64/500 - Train Loss: 0.1693, Train Accuracy: 0.9950, Test Loss: 0.3167, Test Accuracy: 0.9375
Epoch 65/500 - Train Loss: 0.1925, Train Accuracy: 0.9875, Test Loss: 0.3180, Test Accuracy: 0.9392
Epoch 66/500 - Train Loss: 0.1768, Train Accuracy: 0.9975, Test Loss: 0.3284, Test Accuracy: 0.9331

Early stopping triggered at epoch 66
Best test loss: 0.3027
Best test accuracy: 0.9454
Plot saved as trained_models/Sweep_data run/metrics/loss.png
Plot saved as trained_models/Sweep_data run/metrics/metrics.png
