Using GPU 0: NVIDIA GeForce RTX 3090
Epoch 1/500 - Train Loss: 2.0909, Train Accuracy: 0.1500, Test Loss: 2.0060, Test Accuracy: 0.1958
Epoch 2/500 - Train Loss: 1.8962, Train Accuracy: 0.3000, Test Loss: 1.9006, Test Accuracy: 0.2985
Epoch 3/500 - Train Loss: 1.7674, Train Accuracy: 0.4400, Test Loss: 1.7223, Test Accuracy: 0.4545
Epoch 4/500 - Train Loss: 1.6559, Train Accuracy: 0.5200, Test Loss: 1.5702, Test Accuracy: 0.5787
Epoch 5/500 - Train Loss: 1.5331, Train Accuracy: 0.6225, Test Loss: 1.4433, Test Accuracy: 0.6626
Epoch 6/500 - Train Loss: 1.4301, Train Accuracy: 0.6725, Test Loss: 1.3414, Test Accuracy: 0.7155
Epoch 7/500 - Train Loss: 1.3363, Train Accuracy: 0.7000, Test Loss: 1.2346, Test Accuracy: 0.7802
Epoch 8/500 - Train Loss: 1.2600, Train Accuracy: 0.7675, Test Loss: 1.1547, Test Accuracy: 0.8068
Epoch 9/500 - Train Loss: 1.1992, Train Accuracy: 0.7900, Test Loss: 1.0824, Test Accuracy: 0.8357
Epoch 10/500 - Train Loss: 1.1576, Train Accuracy: 0.7550, Test Loss: 1.0181, Test Accuracy: 0.8523
Epoch 11/500 - Train Loss: 1.0906, Train Accuracy: 0.8075, Test Loss: 0.9695, Test Accuracy: 0.8632
Epoch 12/500 - Train Loss: 1.0698, Train Accuracy: 0.7900, Test Loss: 0.9192, Test Accuracy: 0.8689
Epoch 13/500 - Train Loss: 0.9878, Train Accuracy: 0.8325, Test Loss: 0.8835, Test Accuracy: 0.8785
Epoch 14/500 - Train Loss: 0.9662, Train Accuracy: 0.8225, Test Loss: 0.8317, Test Accuracy: 0.8894
Epoch 15/500 - Train Loss: 0.9060, Train Accuracy: 0.8650, Test Loss: 0.7871, Test Accuracy: 0.9017
Epoch 16/500 - Train Loss: 0.8504, Train Accuracy: 0.8825, Test Loss: 0.7547, Test Accuracy: 0.9060
Epoch 17/500 - Train Loss: 0.8301, Train Accuracy: 0.8675, Test Loss: 0.7289, Test Accuracy: 0.9043
Epoch 18/500 - Train Loss: 0.8154, Train Accuracy: 0.8675, Test Loss: 0.6863, Test Accuracy: 0.9165
Epoch 19/500 - Train Loss: 0.7922, Train Accuracy: 0.8725, Test Loss: 0.6636, Test Accuracy: 0.9191
Epoch 20/500 - Train Loss: 0.7456, Train Accuracy: 0.8825, Test Loss: 0.6428, Test Accuracy: 0.9209
Epoch 21/500 - Train Loss: 0.7255, Train Accuracy: 0.8925, Test Loss: 0.6220, Test Accuracy: 0.9244
Epoch 22/500 - Train Loss: 0.7322, Train Accuracy: 0.8700, Test Loss: 0.6029, Test Accuracy: 0.9257
Epoch 23/500 - Train Loss: 0.7002, Train Accuracy: 0.8850, Test Loss: 0.5811, Test Accuracy: 0.9292
Epoch 24/500 - Train Loss: 0.6980, Train Accuracy: 0.8750, Test Loss: 0.5715, Test Accuracy: 0.9331
Epoch 25/500 - Train Loss: 0.6640, Train Accuracy: 0.9175, Test Loss: 0.5559, Test Accuracy: 0.9327
Epoch 26/500 - Train Loss: 0.6726, Train Accuracy: 0.8775, Test Loss: 0.5489, Test Accuracy: 0.9340
Epoch 27/500 - Train Loss: 0.6457, Train Accuracy: 0.8900, Test Loss: 0.5412, Test Accuracy: 0.9353
Epoch 28/500 - Train Loss: 0.6253, Train Accuracy: 0.9000, Test Loss: 0.5339, Test Accuracy: 0.9397
Epoch 29/500 - Train Loss: 0.6181, Train Accuracy: 0.9025, Test Loss: 0.5291, Test Accuracy: 0.9366
Epoch 30/500 - Train Loss: 0.5962, Train Accuracy: 0.9150, Test Loss: 0.5211, Test Accuracy: 0.9379
Epoch 31/500 - Train Loss: 0.5894, Train Accuracy: 0.9025, Test Loss: 0.5255, Test Accuracy: 0.9384
Epoch 32/500 - Train Loss: 0.5601, Train Accuracy: 0.9300, Test Loss: 0.5151, Test Accuracy: 0.9358
Epoch 33/500 - Train Loss: 0.5742, Train Accuracy: 0.9100, Test Loss: 0.5074, Test Accuracy: 0.9401
Epoch 34/500 - Train Loss: 0.5543, Train Accuracy: 0.9150, Test Loss: 0.4999, Test Accuracy: 0.9423
Epoch 35/500 - Train Loss: 0.5370, Train Accuracy: 0.9225, Test Loss: 0.5008, Test Accuracy: 0.9388
Epoch 36/500 - Train Loss: 0.5704, Train Accuracy: 0.9175, Test Loss: 0.4948, Test Accuracy: 0.9445
Epoch 37/500 - Train Loss: 0.5746, Train Accuracy: 0.9225, Test Loss: 0.4900, Test Accuracy: 0.9436
Epoch 38/500 - Train Loss: 0.5113, Train Accuracy: 0.9550, Test Loss: 0.4903, Test Accuracy: 0.9432
Epoch 39/500 - Train Loss: 0.4989, Train Accuracy: 0.9675, Test Loss: 0.4905, Test Accuracy: 0.9419
Epoch 40/500 - Train Loss: 0.5273, Train Accuracy: 0.9450, Test Loss: 0.4861, Test Accuracy: 0.9458
Epoch 41/500 - Train Loss: 0.4876, Train Accuracy: 0.9500, Test Loss: 0.4811, Test Accuracy: 0.9436
Epoch 42/500 - Train Loss: 0.5357, Train Accuracy: 0.9200, Test Loss: 0.4835, Test Accuracy: 0.9423
Epoch 43/500 - Train Loss: 0.5039, Train Accuracy: 0.9425, Test Loss: 0.4808, Test Accuracy: 0.9449
Epoch 44/500 - Train Loss: 0.5253, Train Accuracy: 0.9375, Test Loss: 0.4743, Test Accuracy: 0.9458
Epoch 45/500 - Train Loss: 0.4896, Train Accuracy: 0.9450, Test Loss: 0.4731, Test Accuracy: 0.9441
Epoch 46/500 - Train Loss: 0.4750, Train Accuracy: 0.9550, Test Loss: 0.4727, Test Accuracy: 0.9458
Epoch 47/500 - Train Loss: 0.5223, Train Accuracy: 0.9300, Test Loss: 0.4751, Test Accuracy: 0.9484
Epoch 48/500 - Train Loss: 0.4688, Train Accuracy: 0.9575, Test Loss: 0.4670, Test Accuracy: 0.9476
Epoch 49/500 - Train Loss: 0.4674, Train Accuracy: 0.9575, Test Loss: 0.4720, Test Accuracy: 0.9449
Epoch 50/500 - Train Loss: 0.4775, Train Accuracy: 0.9500, Test Loss: 0.4716, Test Accuracy: 0.9462
Epoch 51/500 - Train Loss: 0.4717, Train Accuracy: 0.9450, Test Loss: 0.4742, Test Accuracy: 0.9449
Epoch 52/500 - Train Loss: 0.4877, Train Accuracy: 0.9500, Test Loss: 0.4791, Test Accuracy: 0.9392
Epoch 53/500 - Train Loss: 0.4642, Train Accuracy: 0.9625, Test Loss: 0.4722, Test Accuracy: 0.9467
Epoch 54/500 - Train Loss: 0.4456, Train Accuracy: 0.9525, Test Loss: 0.4669, Test Accuracy: 0.9480
Epoch 55/500 - Train Loss: 0.4383, Train Accuracy: 0.9550, Test Loss: 0.4651, Test Accuracy: 0.9497
Epoch 56/500 - Train Loss: 0.4498, Train Accuracy: 0.9625, Test Loss: 0.4662, Test Accuracy: 0.9497
Epoch 57/500 - Train Loss: 0.4646, Train Accuracy: 0.9400, Test Loss: 0.4644, Test Accuracy: 0.9493
Epoch 58/500 - Train Loss: 0.4291, Train Accuracy: 0.9675, Test Loss: 0.4632, Test Accuracy: 0.9484
Epoch 59/500 - Train Loss: 0.4513, Train Accuracy: 0.9600, Test Loss: 0.4587, Test Accuracy: 0.9493
Epoch 60/500 - Train Loss: 0.4732, Train Accuracy: 0.9525, Test Loss: 0.4642, Test Accuracy: 0.9493
Epoch 61/500 - Train Loss: 0.4328, Train Accuracy: 0.9675, Test Loss: 0.4655, Test Accuracy: 0.9489
Epoch 62/500 - Train Loss: 0.4208, Train Accuracy: 0.9725, Test Loss: 0.4617, Test Accuracy: 0.9484
Epoch 63/500 - Train Loss: 0.4275, Train Accuracy: 0.9700, Test Loss: 0.4605, Test Accuracy: 0.9493
Epoch 64/500 - Train Loss: 0.4328, Train Accuracy: 0.9675, Test Loss: 0.4562, Test Accuracy: 0.9480
Epoch 65/500 - Train Loss: 0.4110, Train Accuracy: 0.9775, Test Loss: 0.4577, Test Accuracy: 0.9489
Epoch 66/500 - Train Loss: 0.4320, Train Accuracy: 0.9600, Test Loss: 0.4553, Test Accuracy: 0.9476
Epoch 67/500 - Train Loss: 0.4726, Train Accuracy: 0.9525, Test Loss: 0.4571, Test Accuracy: 0.9471
Epoch 68/500 - Train Loss: 0.4186, Train Accuracy: 0.9675, Test Loss: 0.4583, Test Accuracy: 0.9471
Epoch 69/500 - Train Loss: 0.4227, Train Accuracy: 0.9700, Test Loss: 0.4534, Test Accuracy: 0.9462
Epoch 70/500 - Train Loss: 0.4308, Train Accuracy: 0.9600, Test Loss: 0.4542, Test Accuracy: 0.9467
Epoch 71/500 - Train Loss: 0.4338, Train Accuracy: 0.9575, Test Loss: 0.4584, Test Accuracy: 0.9467
Epoch 72/500 - Train Loss: 0.4440, Train Accuracy: 0.9575, Test Loss: 0.4543, Test Accuracy: 0.9471
Epoch 73/500 - Train Loss: 0.4188, Train Accuracy: 0.9675, Test Loss: 0.4512, Test Accuracy: 0.9476
Epoch 74/500 - Train Loss: 0.4056, Train Accuracy: 0.9750, Test Loss: 0.4523, Test Accuracy: 0.9436
Epoch 75/500 - Train Loss: 0.4270, Train Accuracy: 0.9675, Test Loss: 0.4513, Test Accuracy: 0.9484
Epoch 76/500 - Train Loss: 0.4201, Train Accuracy: 0.9600, Test Loss: 0.4515, Test Accuracy: 0.9476
Epoch 77/500 - Train Loss: 0.4270, Train Accuracy: 0.9575, Test Loss: 0.4495, Test Accuracy: 0.9502
Epoch 78/500 - Train Loss: 0.4191, Train Accuracy: 0.9550, Test Loss: 0.4529, Test Accuracy: 0.9462
Epoch 79/500 - Train Loss: 0.4091, Train Accuracy: 0.9725, Test Loss: 0.4518, Test Accuracy: 0.9489
Epoch 80/500 - Train Loss: 0.4313, Train Accuracy: 0.9625, Test Loss: 0.4572, Test Accuracy: 0.9462
Epoch 81/500 - Train Loss: 0.4082, Train Accuracy: 0.9675, Test Loss: 0.4590, Test Accuracy: 0.9454
Epoch 82/500 - Train Loss: 0.4588, Train Accuracy: 0.9575, Test Loss: 0.4545, Test Accuracy: 0.9471
Epoch 83/500 - Train Loss: 0.3981, Train Accuracy: 0.9800, Test Loss: 0.4511, Test Accuracy: 0.9497
Epoch 84/500 - Train Loss: 0.4431, Train Accuracy: 0.9500, Test Loss: 0.4519, Test Accuracy: 0.9484
Epoch 85/500 - Train Loss: 0.4017, Train Accuracy: 0.9750, Test Loss: 0.4572, Test Accuracy: 0.9476
Epoch 86/500 - Train Loss: 0.4096, Train Accuracy: 0.9675, Test Loss: 0.4605, Test Accuracy: 0.9445
Epoch 87/500 - Train Loss: 0.4305, Train Accuracy: 0.9700, Test Loss: 0.4622, Test Accuracy: 0.9441
Epoch 88/500 - Train Loss: 0.4376, Train Accuracy: 0.9575, Test Loss: 0.4532, Test Accuracy: 0.9467
Epoch 89/500 - Train Loss: 0.4212, Train Accuracy: 0.9675, Test Loss: 0.4509, Test Accuracy: 0.9480
Epoch 90/500 - Train Loss: 0.4434, Train Accuracy: 0.9550, Test Loss: 0.4551, Test Accuracy: 0.9471
Epoch 91/500 - Train Loss: 0.3864, Train Accuracy: 0.9775, Test Loss: 0.4543, Test Accuracy: 0.9471
Epoch 92/500 - Train Loss: 0.3942, Train Accuracy: 0.9775, Test Loss: 0.4504, Test Accuracy: 0.9476

Early stopping triggered at epoch 92
Best test loss: 0.4495
Best test accuracy: 0.9502
Plot saved as trained_models/Sweep_data run/metrics/loss.png
Plot saved as trained_models/Sweep_data run/metrics/metrics.png
