Using GPU 0: NVIDIA GeForce RTX 3090
Epoch 1/500 - Train Loss: 1.9355, Train Accuracy: 0.2325, Test Loss: 1.9605, Test Accuracy: 0.2386
Epoch 2/500 - Train Loss: 1.6956, Train Accuracy: 0.4575, Test Loss: 1.6670, Test Accuracy: 0.5520
Epoch 3/500 - Train Loss: 1.5140, Train Accuracy: 0.6600, Test Loss: 1.4368, Test Accuracy: 0.7321
Epoch 4/500 - Train Loss: 1.3763, Train Accuracy: 0.7425, Test Loss: 1.2706, Test Accuracy: 0.7968
Epoch 5/500 - Train Loss: 1.2332, Train Accuracy: 0.8250, Test Loss: 1.1260, Test Accuracy: 0.8409
Epoch 6/500 - Train Loss: 1.1587, Train Accuracy: 0.8075, Test Loss: 1.0193, Test Accuracy: 0.8671
Epoch 7/500 - Train Loss: 1.1091, Train Accuracy: 0.8375, Test Loss: 0.9345, Test Accuracy: 0.8859
Epoch 8/500 - Train Loss: 0.9745, Train Accuracy: 0.8675, Test Loss: 0.8658, Test Accuracy: 0.8938
Epoch 9/500 - Train Loss: 0.9211, Train Accuracy: 0.8750, Test Loss: 0.8031, Test Accuracy: 0.9078
Epoch 10/500 - Train Loss: 0.8489, Train Accuracy: 0.9050, Test Loss: 0.7532, Test Accuracy: 0.9122
Epoch 11/500 - Train Loss: 0.8185, Train Accuracy: 0.8825, Test Loss: 0.7068, Test Accuracy: 0.9257
Epoch 12/500 - Train Loss: 0.7740, Train Accuracy: 0.9100, Test Loss: 0.6674, Test Accuracy: 0.9261
Epoch 13/500 - Train Loss: 0.7226, Train Accuracy: 0.9150, Test Loss: 0.6388, Test Accuracy: 0.9358
Epoch 14/500 - Train Loss: 0.7124, Train Accuracy: 0.9175, Test Loss: 0.6128, Test Accuracy: 0.9392
Epoch 15/500 - Train Loss: 0.6886, Train Accuracy: 0.9225, Test Loss: 0.5915, Test Accuracy: 0.9427
Epoch 16/500 - Train Loss: 0.6658, Train Accuracy: 0.9125, Test Loss: 0.5710, Test Accuracy: 0.9423
Epoch 17/500 - Train Loss: 0.6199, Train Accuracy: 0.9325, Test Loss: 0.5526, Test Accuracy: 0.9436
Epoch 18/500 - Train Loss: 0.5810, Train Accuracy: 0.9425, Test Loss: 0.5357, Test Accuracy: 0.9449
Epoch 19/500 - Train Loss: 0.5856, Train Accuracy: 0.9250, Test Loss: 0.5298, Test Accuracy: 0.9476
Epoch 20/500 - Train Loss: 0.5695, Train Accuracy: 0.9450, Test Loss: 0.5186, Test Accuracy: 0.9454
Epoch 21/500 - Train Loss: 0.6002, Train Accuracy: 0.9175, Test Loss: 0.5076, Test Accuracy: 0.9449
Epoch 22/500 - Train Loss: 0.5895, Train Accuracy: 0.9200, Test Loss: 0.5008, Test Accuracy: 0.9441
Epoch 23/500 - Train Loss: 0.5633, Train Accuracy: 0.9175, Test Loss: 0.4956, Test Accuracy: 0.9476
Epoch 24/500 - Train Loss: 0.5054, Train Accuracy: 0.9450, Test Loss: 0.4871, Test Accuracy: 0.9502
Epoch 25/500 - Train Loss: 0.5372, Train Accuracy: 0.9300, Test Loss: 0.4810, Test Accuracy: 0.9484
Epoch 26/500 - Train Loss: 0.5016, Train Accuracy: 0.9525, Test Loss: 0.4775, Test Accuracy: 0.9493
Epoch 27/500 - Train Loss: 0.4908, Train Accuracy: 0.9650, Test Loss: 0.4729, Test Accuracy: 0.9510
Epoch 28/500 - Train Loss: 0.5082, Train Accuracy: 0.9450, Test Loss: 0.4706, Test Accuracy: 0.9506
Epoch 29/500 - Train Loss: 0.4692, Train Accuracy: 0.9575, Test Loss: 0.4712, Test Accuracy: 0.9510
Epoch 30/500 - Train Loss: 0.5199, Train Accuracy: 0.9400, Test Loss: 0.4671, Test Accuracy: 0.9506
Epoch 31/500 - Train Loss: 0.4879, Train Accuracy: 0.9500, Test Loss: 0.4710, Test Accuracy: 0.9449
Epoch 32/500 - Train Loss: 0.4699, Train Accuracy: 0.9425, Test Loss: 0.4635, Test Accuracy: 0.9528
Epoch 33/500 - Train Loss: 0.4714, Train Accuracy: 0.9575, Test Loss: 0.4649, Test Accuracy: 0.9480
Epoch 34/500 - Train Loss: 0.4454, Train Accuracy: 0.9625, Test Loss: 0.4629, Test Accuracy: 0.9484
Epoch 35/500 - Train Loss: 0.4654, Train Accuracy: 0.9550, Test Loss: 0.4612, Test Accuracy: 0.9515
Epoch 36/500 - Train Loss: 0.4540, Train Accuracy: 0.9600, Test Loss: 0.4547, Test Accuracy: 0.9554
Epoch 37/500 - Train Loss: 0.4674, Train Accuracy: 0.9600, Test Loss: 0.4551, Test Accuracy: 0.9528
Epoch 38/500 - Train Loss: 0.4540, Train Accuracy: 0.9550, Test Loss: 0.4573, Test Accuracy: 0.9519
Epoch 39/500 - Train Loss: 0.4250, Train Accuracy: 0.9650, Test Loss: 0.4529, Test Accuracy: 0.9532
Epoch 40/500 - Train Loss: 0.4234, Train Accuracy: 0.9750, Test Loss: 0.4541, Test Accuracy: 0.9524
Epoch 41/500 - Train Loss: 0.4342, Train Accuracy: 0.9625, Test Loss: 0.4525, Test Accuracy: 0.9528
Epoch 42/500 - Train Loss: 0.4528, Train Accuracy: 0.9550, Test Loss: 0.4543, Test Accuracy: 0.9497
Epoch 43/500 - Train Loss: 0.4231, Train Accuracy: 0.9800, Test Loss: 0.4537, Test Accuracy: 0.9510
Epoch 44/500 - Train Loss: 0.4363, Train Accuracy: 0.9600, Test Loss: 0.4536, Test Accuracy: 0.9497
Epoch 45/500 - Train Loss: 0.4233, Train Accuracy: 0.9600, Test Loss: 0.4585, Test Accuracy: 0.9476
Epoch 46/500 - Train Loss: 0.4059, Train Accuracy: 0.9725, Test Loss: 0.4496, Test Accuracy: 0.9524
Epoch 47/500 - Train Loss: 0.4056, Train Accuracy: 0.9750, Test Loss: 0.4504, Test Accuracy: 0.9510
Epoch 48/500 - Train Loss: 0.4272, Train Accuracy: 0.9650, Test Loss: 0.4581, Test Accuracy: 0.9449
Epoch 49/500 - Train Loss: 0.4377, Train Accuracy: 0.9550, Test Loss: 0.4542, Test Accuracy: 0.9476
Epoch 50/500 - Train Loss: 0.4399, Train Accuracy: 0.9625, Test Loss: 0.4617, Test Accuracy: 0.9410
Epoch 51/500 - Train Loss: 0.4180, Train Accuracy: 0.9750, Test Loss: 0.4537, Test Accuracy: 0.9506
Epoch 52/500 - Train Loss: 0.3865, Train Accuracy: 0.9775, Test Loss: 0.4527, Test Accuracy: 0.9484
Epoch 53/500 - Train Loss: 0.4353, Train Accuracy: 0.9650, Test Loss: 0.4500, Test Accuracy: 0.9497
Epoch 54/500 - Train Loss: 0.4092, Train Accuracy: 0.9700, Test Loss: 0.4523, Test Accuracy: 0.9510
Epoch 55/500 - Train Loss: 0.4059, Train Accuracy: 0.9800, Test Loss: 0.4497, Test Accuracy: 0.9519
Epoch 56/500 - Train Loss: 0.3828, Train Accuracy: 0.9825, Test Loss: 0.4501, Test Accuracy: 0.9484
Epoch 57/500 - Train Loss: 0.4060, Train Accuracy: 0.9700, Test Loss: 0.4472, Test Accuracy: 0.9519
Epoch 58/500 - Train Loss: 0.3801, Train Accuracy: 0.9800, Test Loss: 0.4476, Test Accuracy: 0.9506
Epoch 59/500 - Train Loss: 0.3825, Train Accuracy: 0.9750, Test Loss: 0.4505, Test Accuracy: 0.9471
Epoch 60/500 - Train Loss: 0.4258, Train Accuracy: 0.9600, Test Loss: 0.4567, Test Accuracy: 0.9445
Epoch 61/500 - Train Loss: 0.4049, Train Accuracy: 0.9775, Test Loss: 0.4540, Test Accuracy: 0.9454
Epoch 62/500 - Train Loss: 0.4537, Train Accuracy: 0.9450, Test Loss: 0.4547, Test Accuracy: 0.9445
Epoch 63/500 - Train Loss: 0.3982, Train Accuracy: 0.9775, Test Loss: 0.4549, Test Accuracy: 0.9445
Epoch 64/500 - Train Loss: 0.4181, Train Accuracy: 0.9575, Test Loss: 0.4549, Test Accuracy: 0.9445
Epoch 65/500 - Train Loss: 0.3918, Train Accuracy: 0.9725, Test Loss: 0.4555, Test Accuracy: 0.9441
Epoch 66/500 - Train Loss: 0.4057, Train Accuracy: 0.9725, Test Loss: 0.4579, Test Accuracy: 0.9406
Epoch 67/500 - Train Loss: 0.3790, Train Accuracy: 0.9850, Test Loss: 0.4550, Test Accuracy: 0.9436
Epoch 68/500 - Train Loss: 0.4055, Train Accuracy: 0.9650, Test Loss: 0.4489, Test Accuracy: 0.9484
Epoch 69/500 - Train Loss: 0.3854, Train Accuracy: 0.9725, Test Loss: 0.4512, Test Accuracy: 0.9471
Epoch 70/500 - Train Loss: 0.3624, Train Accuracy: 0.9925, Test Loss: 0.4478, Test Accuracy: 0.9506
Epoch 71/500 - Train Loss: 0.3837, Train Accuracy: 0.9875, Test Loss: 0.4530, Test Accuracy: 0.9449
Epoch 72/500 - Train Loss: 0.3863, Train Accuracy: 0.9725, Test Loss: 0.4522, Test Accuracy: 0.9458

Early stopping triggered at epoch 72
Best test loss: 0.4472
Best test accuracy: 0.9554
Plot saved as trained_models/Sweep_data run/metrics/loss.png
Plot saved as trained_models/Sweep_data run/metrics/metrics.png
