Using GPU 0: NVIDIA GeForce RTX 3090
Epoch 1/500 - Train Loss: 2.1019, Train Accuracy: 0.1925, Test Loss: 2.0775, Test Accuracy: 0.2290
Epoch 2/500 - Train Loss: 1.9327, Train Accuracy: 0.2900, Test Loss: 1.9199, Test Accuracy: 0.2898
Epoch 3/500 - Train Loss: 1.8043, Train Accuracy: 0.4400, Test Loss: 1.7731, Test Accuracy: 0.4165
Epoch 4/500 - Train Loss: 1.6872, Train Accuracy: 0.4925, Test Loss: 1.6597, Test Accuracy: 0.5092
Epoch 5/500 - Train Loss: 1.5611, Train Accuracy: 0.5875, Test Loss: 1.5444, Test Accuracy: 0.5686
Epoch 6/500 - Train Loss: 1.4554, Train Accuracy: 0.6975, Test Loss: 1.4447, Test Accuracy: 0.6364
Epoch 7/500 - Train Loss: 1.3801, Train Accuracy: 0.7300, Test Loss: 1.3540, Test Accuracy: 0.6862
Epoch 8/500 - Train Loss: 1.3179, Train Accuracy: 0.7475, Test Loss: 1.2567, Test Accuracy: 0.7290
Epoch 9/500 - Train Loss: 1.2223, Train Accuracy: 0.7700, Test Loss: 1.1888, Test Accuracy: 0.7509
Epoch 10/500 - Train Loss: 1.1768, Train Accuracy: 0.7600, Test Loss: 1.1138, Test Accuracy: 0.7745
Epoch 11/500 - Train Loss: 1.0991, Train Accuracy: 0.8100, Test Loss: 1.0648, Test Accuracy: 0.7889
Epoch 12/500 - Train Loss: 1.0475, Train Accuracy: 0.8225, Test Loss: 1.0138, Test Accuracy: 0.8073
Epoch 13/500 - Train Loss: 0.9846, Train Accuracy: 0.8550, Test Loss: 0.9623, Test Accuracy: 0.8182
Epoch 14/500 - Train Loss: 0.9491, Train Accuracy: 0.8500, Test Loss: 0.9222, Test Accuracy: 0.8226
Epoch 15/500 - Train Loss: 0.9107, Train Accuracy: 0.8475, Test Loss: 0.8630, Test Accuracy: 0.8483
Epoch 16/500 - Train Loss: 0.8797, Train Accuracy: 0.8700, Test Loss: 0.8273, Test Accuracy: 0.8518
Epoch 17/500 - Train Loss: 0.8266, Train Accuracy: 0.8775, Test Loss: 0.8009, Test Accuracy: 0.8566
Epoch 18/500 - Train Loss: 0.8124, Train Accuracy: 0.8375, Test Loss: 0.7747, Test Accuracy: 0.8571
Epoch 19/500 - Train Loss: 0.8104, Train Accuracy: 0.8525, Test Loss: 0.7521, Test Accuracy: 0.8645
Epoch 20/500 - Train Loss: 0.7444, Train Accuracy: 0.8900, Test Loss: 0.7277, Test Accuracy: 0.8698
Epoch 21/500 - Train Loss: 0.7359, Train Accuracy: 0.8875, Test Loss: 0.7006, Test Accuracy: 0.8820
Epoch 22/500 - Train Loss: 0.7066, Train Accuracy: 0.9075, Test Loss: 0.6838, Test Accuracy: 0.8811
Epoch 23/500 - Train Loss: 0.6751, Train Accuracy: 0.8975, Test Loss: 0.6602, Test Accuracy: 0.8894
Epoch 24/500 - Train Loss: 0.6656, Train Accuracy: 0.9100, Test Loss: 0.6472, Test Accuracy: 0.8855
Epoch 25/500 - Train Loss: 0.6719, Train Accuracy: 0.9000, Test Loss: 0.6361, Test Accuracy: 0.8916
Epoch 26/500 - Train Loss: 0.6669, Train Accuracy: 0.9075, Test Loss: 0.6225, Test Accuracy: 0.8995
Epoch 27/500 - Train Loss: 0.6747, Train Accuracy: 0.8825, Test Loss: 0.6055, Test Accuracy: 0.9012
Epoch 28/500 - Train Loss: 0.6392, Train Accuracy: 0.8975, Test Loss: 0.5922, Test Accuracy: 0.9021
Epoch 29/500 - Train Loss: 0.6193, Train Accuracy: 0.9025, Test Loss: 0.5871, Test Accuracy: 0.9021
Epoch 30/500 - Train Loss: 0.6247, Train Accuracy: 0.8975, Test Loss: 0.5876, Test Accuracy: 0.9043
Epoch 31/500 - Train Loss: 0.5913, Train Accuracy: 0.9300, Test Loss: 0.5797, Test Accuracy: 0.9017
Epoch 32/500 - Train Loss: 0.5601, Train Accuracy: 0.9350, Test Loss: 0.5740, Test Accuracy: 0.9060
Epoch 33/500 - Train Loss: 0.5747, Train Accuracy: 0.9225, Test Loss: 0.5621, Test Accuracy: 0.9104
Epoch 34/500 - Train Loss: 0.5800, Train Accuracy: 0.9250, Test Loss: 0.5539, Test Accuracy: 0.9126
Epoch 35/500 - Train Loss: 0.5401, Train Accuracy: 0.9325, Test Loss: 0.5553, Test Accuracy: 0.9073
Epoch 36/500 - Train Loss: 0.5457, Train Accuracy: 0.9325, Test Loss: 0.5482, Test Accuracy: 0.9122
Epoch 37/500 - Train Loss: 0.5246, Train Accuracy: 0.9450, Test Loss: 0.5461, Test Accuracy: 0.9113
Epoch 38/500 - Train Loss: 0.5030, Train Accuracy: 0.9450, Test Loss: 0.5406, Test Accuracy: 0.9152
Epoch 39/500 - Train Loss: 0.5531, Train Accuracy: 0.9200, Test Loss: 0.5369, Test Accuracy: 0.9174
Epoch 40/500 - Train Loss: 0.5262, Train Accuracy: 0.9325, Test Loss: 0.5305, Test Accuracy: 0.9222
Epoch 41/500 - Train Loss: 0.5034, Train Accuracy: 0.9475, Test Loss: 0.5310, Test Accuracy: 0.9213
Epoch 42/500 - Train Loss: 0.5264, Train Accuracy: 0.9400, Test Loss: 0.5321, Test Accuracy: 0.9209
Epoch 43/500 - Train Loss: 0.5068, Train Accuracy: 0.9375, Test Loss: 0.5252, Test Accuracy: 0.9231
Epoch 44/500 - Train Loss: 0.5083, Train Accuracy: 0.9400, Test Loss: 0.5250, Test Accuracy: 0.9222
Epoch 45/500 - Train Loss: 0.4779, Train Accuracy: 0.9425, Test Loss: 0.5214, Test Accuracy: 0.9248
Epoch 46/500 - Train Loss: 0.4581, Train Accuracy: 0.9725, Test Loss: 0.5180, Test Accuracy: 0.9248
Epoch 47/500 - Train Loss: 0.4830, Train Accuracy: 0.9425, Test Loss: 0.5187, Test Accuracy: 0.9261
Epoch 48/500 - Train Loss: 0.5046, Train Accuracy: 0.9475, Test Loss: 0.5216, Test Accuracy: 0.9261
Epoch 49/500 - Train Loss: 0.4803, Train Accuracy: 0.9450, Test Loss: 0.5192, Test Accuracy: 0.9231
Epoch 50/500 - Train Loss: 0.4627, Train Accuracy: 0.9450, Test Loss: 0.5183, Test Accuracy: 0.9248
Epoch 51/500 - Train Loss: 0.4646, Train Accuracy: 0.9550, Test Loss: 0.5136, Test Accuracy: 0.9248
Epoch 52/500 - Train Loss: 0.4483, Train Accuracy: 0.9675, Test Loss: 0.5146, Test Accuracy: 0.9279
Epoch 53/500 - Train Loss: 0.4602, Train Accuracy: 0.9650, Test Loss: 0.5129, Test Accuracy: 0.9266
Epoch 54/500 - Train Loss: 0.4345, Train Accuracy: 0.9700, Test Loss: 0.5128, Test Accuracy: 0.9248
Epoch 55/500 - Train Loss: 0.4646, Train Accuracy: 0.9500, Test Loss: 0.5092, Test Accuracy: 0.9283
Epoch 56/500 - Train Loss: 0.4301, Train Accuracy: 0.9700, Test Loss: 0.5089, Test Accuracy: 0.9274
Epoch 57/500 - Train Loss: 0.4381, Train Accuracy: 0.9575, Test Loss: 0.5162, Test Accuracy: 0.9209
Epoch 58/500 - Train Loss: 0.4249, Train Accuracy: 0.9800, Test Loss: 0.5132, Test Accuracy: 0.9231
Epoch 59/500 - Train Loss: 0.4661, Train Accuracy: 0.9450, Test Loss: 0.5039, Test Accuracy: 0.9270
Epoch 60/500 - Train Loss: 0.4216, Train Accuracy: 0.9775, Test Loss: 0.4996, Test Accuracy: 0.9309
Epoch 61/500 - Train Loss: 0.4314, Train Accuracy: 0.9700, Test Loss: 0.5015, Test Accuracy: 0.9296
Epoch 62/500 - Train Loss: 0.4225, Train Accuracy: 0.9675, Test Loss: 0.5027, Test Accuracy: 0.9292
Epoch 63/500 - Train Loss: 0.4209, Train Accuracy: 0.9675, Test Loss: 0.5016, Test Accuracy: 0.9283
Epoch 64/500 - Train Loss: 0.4266, Train Accuracy: 0.9650, Test Loss: 0.4993, Test Accuracy: 0.9309
Epoch 65/500 - Train Loss: 0.4160, Train Accuracy: 0.9650, Test Loss: 0.4985, Test Accuracy: 0.9296
Epoch 66/500 - Train Loss: 0.4105, Train Accuracy: 0.9750, Test Loss: 0.4993, Test Accuracy: 0.9292
Epoch 67/500 - Train Loss: 0.4147, Train Accuracy: 0.9700, Test Loss: 0.5005, Test Accuracy: 0.9283
Epoch 68/500 - Train Loss: 0.4052, Train Accuracy: 0.9875, Test Loss: 0.5012, Test Accuracy: 0.9296
Epoch 69/500 - Train Loss: 0.4195, Train Accuracy: 0.9675, Test Loss: 0.5023, Test Accuracy: 0.9279
Epoch 70/500 - Train Loss: 0.3997, Train Accuracy: 0.9725, Test Loss: 0.4996, Test Accuracy: 0.9309
Epoch 71/500 - Train Loss: 0.4157, Train Accuracy: 0.9750, Test Loss: 0.5034, Test Accuracy: 0.9283
Epoch 72/500 - Train Loss: 0.4189, Train Accuracy: 0.9700, Test Loss: 0.4966, Test Accuracy: 0.9305
Epoch 73/500 - Train Loss: 0.4149, Train Accuracy: 0.9725, Test Loss: 0.4972, Test Accuracy: 0.9318
Epoch 74/500 - Train Loss: 0.4270, Train Accuracy: 0.9550, Test Loss: 0.4974, Test Accuracy: 0.9314
Epoch 75/500 - Train Loss: 0.3794, Train Accuracy: 0.9875, Test Loss: 0.4949, Test Accuracy: 0.9323
Epoch 76/500 - Train Loss: 0.4087, Train Accuracy: 0.9700, Test Loss: 0.4977, Test Accuracy: 0.9296
Epoch 77/500 - Train Loss: 0.3845, Train Accuracy: 0.9825, Test Loss: 0.4960, Test Accuracy: 0.9314
Epoch 78/500 - Train Loss: 0.3703, Train Accuracy: 0.9925, Test Loss: 0.4942, Test Accuracy: 0.9318
Epoch 79/500 - Train Loss: 0.4002, Train Accuracy: 0.9750, Test Loss: 0.4927, Test Accuracy: 0.9344
Epoch 80/500 - Train Loss: 0.3787, Train Accuracy: 0.9775, Test Loss: 0.4984, Test Accuracy: 0.9336
Epoch 81/500 - Train Loss: 0.4087, Train Accuracy: 0.9650, Test Loss: 0.4961, Test Accuracy: 0.9336
Epoch 82/500 - Train Loss: 0.4275, Train Accuracy: 0.9600, Test Loss: 0.4929, Test Accuracy: 0.9309
Epoch 83/500 - Train Loss: 0.4055, Train Accuracy: 0.9725, Test Loss: 0.4920, Test Accuracy: 0.9336
Epoch 84/500 - Train Loss: 0.3938, Train Accuracy: 0.9725, Test Loss: 0.4936, Test Accuracy: 0.9301
Epoch 85/500 - Train Loss: 0.3785, Train Accuracy: 0.9850, Test Loss: 0.4930, Test Accuracy: 0.9327
Epoch 86/500 - Train Loss: 0.3717, Train Accuracy: 0.9825, Test Loss: 0.4947, Test Accuracy: 0.9314
Epoch 87/500 - Train Loss: 0.3654, Train Accuracy: 0.9850, Test Loss: 0.4994, Test Accuracy: 0.9292
Epoch 88/500 - Train Loss: 0.4032, Train Accuracy: 0.9725, Test Loss: 0.4981, Test Accuracy: 0.9336
Epoch 89/500 - Train Loss: 0.3729, Train Accuracy: 0.9800, Test Loss: 0.4970, Test Accuracy: 0.9309
Epoch 90/500 - Train Loss: 0.3570, Train Accuracy: 0.9900, Test Loss: 0.5033, Test Accuracy: 0.9314
Epoch 91/500 - Train Loss: 0.3690, Train Accuracy: 0.9875, Test Loss: 0.4975, Test Accuracy: 0.9336
Epoch 92/500 - Train Loss: 0.3772, Train Accuracy: 0.9850, Test Loss: 0.4974, Test Accuracy: 0.9296
Epoch 93/500 - Train Loss: 0.3707, Train Accuracy: 0.9850, Test Loss: 0.4987, Test Accuracy: 0.9292
Epoch 94/500 - Train Loss: 0.3629, Train Accuracy: 0.9825, Test Loss: 0.5005, Test Accuracy: 0.9296

Early stopping triggered at epoch 94
Best test loss: 0.4920
Best test accuracy: 0.9344
Plot saved as trained_models/Sweep_data run/metrics/loss.png
Plot saved as trained_models/Sweep_data run/metrics/metrics.png
