wandb: Starting wandb agent 🕵️
2026-01-10 20:24:07,419 - wandb.wandb_agent - INFO - Running runs: []
2026-01-10 20:24:07,944 - wandb.wandb_agent - INFO - Agent received command: run
2026-01-10 20:24:07,944 - wandb.wandb_agent - INFO - Agent starting run with config:
	affine: 0.6545841612188946
	blur: 0.3456378098708932
	brightness: 0.9062104653645392
	contrast: 0.782862258347128
	crop: 0.8128285352134921
	crop_scale: 0.4780408664210331
	flip: 0.6305193209444574
	gaussian_blur_kernel: 9
	gaussian_noise_std: 2.206970786226873
	grey: 0.3866907499826995
	hue: -0.00865556802174694
	jiggle: 0.5096393166815449
	rotate: 0.4975495177819754
	rotation: 27
	saturation: 0.847290831802286
	scale: 0.8248103004242271
	shear: 11
	translate_x: 0.07113162264191955
	translate_y: 0.19293408823333144
2026-01-10 20:24:07,948 - wandb.wandb_agent - INFO - About to run command: /usr/bin/env python train_data.py --affine=0.6545841612188946 --blur=0.3456378098708932 --brightness=0.9062104653645392 --contrast=0.782862258347128 --crop=0.8128285352134921 --crop_scale=0.4780408664210331 --flip=0.6305193209444574 --gaussian_blur_kernel=9 --gaussian_noise_std=2.206970786226873 --grey=0.3866907499826995 --hue=-0.00865556802174694 --jiggle=0.5096393166815449 --rotate=0.4975495177819754 --rotation=27 --saturation=0.847290831802286 --scale=0.8248103004242271 --shear=11 --translate_x=0.07113162264191955 --translate_y=0.19293408823333144
wandb: Currently logged in as: arnaumarcosalmansa (mcv-team-6) to https://api.wandb.ai. Use `wandb login --relogin` to force relogin
wandb: WARNING Ignoring project 'C3-Week3' when running a sweep.
wandb: WARNING Ignoring entity 'mcv-team-6' when running a sweep.
2026-01-10 20:24:12,954 - wandb.wandb_agent - INFO - Running runs: ['spa9z6vy']
wandb: Tracking run with wandb version 0.23.1
wandb: Run data is saved locally in /export/home/group06/workspace/project-team-6/Week3/wandb/run-20260110_202412-spa9z6vy
wandb: Run `wandb offline` to turn off syncing.
wandb: Syncing run Sweep run
wandb: ⭐️ View project at https://wandb.ai/mcv-team-6/C3-Week3
wandb: 🧹 View sweep at https://wandb.ai/mcv-team-6/C3-Week3/sweeps/g5vb4edr
wandb: 🚀 View run at https://wandb.ai/mcv-team-6/C3-Week3/runs/spa9z6vy
Traceback (most recent call last):
  File "/export/home/group06/workspace/project-team-6/Week3/train_data.py", line 61, in <module>
    ka.ColorJitter(brightness=cfg.brightness,
  File "/ghome/group06/miniconda3/envs/c3/lib/python3.12/site-packages/kornia/augmentation/_2d/intensity/color_jitter.py", line 105, in __init__
    self._param_generator = rg.ColorJitterGenerator(brightness, contrast, saturation, hue)
                            ^^^^^^^^^^^^^^^^^^^^^^^^^^^^^^^^^^^^^^^^^^^^^^^^^^^^^^^^^^^^^^
  File "/ghome/group06/miniconda3/envs/c3/lib/python3.12/site-packages/kornia/augmentation/random_generator/base.py", line 34, in __call__
    obj.__post_init__()
  File "/ghome/group06/miniconda3/envs/c3/lib/python3.12/site-packages/kornia/augmentation/random_generator/base.py", line 48, in __post_init__
    self.set_rng_device_and_dtype()
  File "/ghome/group06/miniconda3/envs/c3/lib/python3.12/site-packages/kornia/augmentation/random_generator/base.py", line 64, in set_rng_device_and_dtype
    self.make_samplers(device, dtype)
  File "/ghome/group06/miniconda3/envs/c3/lib/python3.12/site-packages/kornia/augmentation/random_generator/_2d/color_jitter.py", line 86, in make_samplers
    hue: Tensor = _range_bound(self.hue, "hue", bounds=(-0.5, 0.5), device=device, dtype=dtype)
                  ^^^^^^^^^^^^^^^^^^^^^^^^^^^^^^^^^^^^^^^^^^^^^^^^^^^^^^^^^^^^^^^^^^^^^^^^^^^^^
  File "/ghome/group06/miniconda3/envs/c3/lib/python3.12/site-packages/kornia/augmentation/utils/param_validation.py", line 53, in _range_bound
    raise ValueError(f"If {name} is a single number, it must be non negative. Got {factor}.")
ValueError: If hue is a single number, it must be non negative. Got -0.008655567653477192.
2026-01-10 20:24:18,099 - wandb.wandb_agent - INFO - Cleaning up finished run: spa9z6vy
wandb: Terminating and syncing runs. Press ctrl-c to kill.
