Using GPU 0: NVIDIA GeForce RTX 3090
Epoch 1/500 - Train Loss: 2.0551, Train Accuracy: 0.1925, Test Loss: 2.0295, Test Accuracy: 0.1836
Epoch 2/500 - Train Loss: 1.8651, Train Accuracy: 0.3575, Test Loss: 1.8492, Test Accuracy: 0.3571
Epoch 3/500 - Train Loss: 1.6549, Train Accuracy: 0.5650, Test Loss: 1.6251, Test Accuracy: 0.5223
Epoch 4/500 - Train Loss: 1.4979, Train Accuracy: 0.6250, Test Loss: 1.4138, Test Accuracy: 0.6626
Epoch 5/500 - Train Loss: 1.3371, Train Accuracy: 0.7050, Test Loss: 1.2548, Test Accuracy: 0.7461
Epoch 6/500 - Train Loss: 1.1845, Train Accuracy: 0.7900, Test Loss: 1.1112, Test Accuracy: 0.7876
Epoch 7/500 - Train Loss: 1.0715, Train Accuracy: 0.8075, Test Loss: 0.9868, Test Accuracy: 0.8208
Epoch 8/500 - Train Loss: 0.9582, Train Accuracy: 0.8400, Test Loss: 0.8665, Test Accuracy: 0.8409
Epoch 9/500 - Train Loss: 0.8824, Train Accuracy: 0.8325, Test Loss: 0.7709, Test Accuracy: 0.8531
Epoch 10/500 - Train Loss: 0.8160, Train Accuracy: 0.8400, Test Loss: 0.7031, Test Accuracy: 0.8580
Epoch 11/500 - Train Loss: 0.7241, Train Accuracy: 0.8600, Test Loss: 0.6387, Test Accuracy: 0.8746
Epoch 12/500 - Train Loss: 0.6575, Train Accuracy: 0.8850, Test Loss: 0.5938, Test Accuracy: 0.8785
Epoch 13/500 - Train Loss: 0.6807, Train Accuracy: 0.8650, Test Loss: 0.5560, Test Accuracy: 0.8824
Epoch 14/500 - Train Loss: 0.6278, Train Accuracy: 0.8925, Test Loss: 0.5151, Test Accuracy: 0.9025
Epoch 15/500 - Train Loss: 0.5712, Train Accuracy: 0.8900, Test Loss: 0.4877, Test Accuracy: 0.9069
Epoch 16/500 - Train Loss: 0.5453, Train Accuracy: 0.9025, Test Loss: 0.4624, Test Accuracy: 0.9069
Epoch 17/500 - Train Loss: 0.5023, Train Accuracy: 0.9175, Test Loss: 0.4495, Test Accuracy: 0.9073
Epoch 18/500 - Train Loss: 0.4924, Train Accuracy: 0.9200, Test Loss: 0.4356, Test Accuracy: 0.9073
Epoch 19/500 - Train Loss: 0.4347, Train Accuracy: 0.9350, Test Loss: 0.4287, Test Accuracy: 0.9043
Epoch 20/500 - Train Loss: 0.4347, Train Accuracy: 0.9300, Test Loss: 0.4214, Test Accuracy: 0.9056
Epoch 21/500 - Train Loss: 0.4499, Train Accuracy: 0.9125, Test Loss: 0.4013, Test Accuracy: 0.9139
Epoch 22/500 - Train Loss: 0.3990, Train Accuracy: 0.9425, Test Loss: 0.4050, Test Accuracy: 0.9104
Epoch 23/500 - Train Loss: 0.3822, Train Accuracy: 0.9375, Test Loss: 0.3856, Test Accuracy: 0.9156
Epoch 24/500 - Train Loss: 0.3951, Train Accuracy: 0.9450, Test Loss: 0.3765, Test Accuracy: 0.9218
Epoch 25/500 - Train Loss: 0.3767, Train Accuracy: 0.9400, Test Loss: 0.3700, Test Accuracy: 0.9205
Epoch 26/500 - Train Loss: 0.3391, Train Accuracy: 0.9400, Test Loss: 0.3683, Test Accuracy: 0.9222
Epoch 27/500 - Train Loss: 0.3352, Train Accuracy: 0.9450, Test Loss: 0.3678, Test Accuracy: 0.9231
Epoch 28/500 - Train Loss: 0.3458, Train Accuracy: 0.9500, Test Loss: 0.3624, Test Accuracy: 0.9205
Epoch 29/500 - Train Loss: 0.3046, Train Accuracy: 0.9575, Test Loss: 0.3671, Test Accuracy: 0.9231
Epoch 30/500 - Train Loss: 0.3081, Train Accuracy: 0.9600, Test Loss: 0.3578, Test Accuracy: 0.9226
Epoch 31/500 - Train Loss: 0.3462, Train Accuracy: 0.9425, Test Loss: 0.3544, Test Accuracy: 0.9283
Epoch 32/500 - Train Loss: 0.2845, Train Accuracy: 0.9675, Test Loss: 0.3433, Test Accuracy: 0.9301
Epoch 33/500 - Train Loss: 0.2834, Train Accuracy: 0.9650, Test Loss: 0.3405, Test Accuracy: 0.9323
Epoch 34/500 - Train Loss: 0.3109, Train Accuracy: 0.9550, Test Loss: 0.3425, Test Accuracy: 0.9270
Epoch 35/500 - Train Loss: 0.2846, Train Accuracy: 0.9650, Test Loss: 0.3435, Test Accuracy: 0.9253
Epoch 36/500 - Train Loss: 0.2862, Train Accuracy: 0.9600, Test Loss: 0.3426, Test Accuracy: 0.9248
Epoch 37/500 - Train Loss: 0.2566, Train Accuracy: 0.9800, Test Loss: 0.3401, Test Accuracy: 0.9274
Epoch 38/500 - Train Loss: 0.2702, Train Accuracy: 0.9600, Test Loss: 0.3356, Test Accuracy: 0.9336
Epoch 39/500 - Train Loss: 0.2502, Train Accuracy: 0.9700, Test Loss: 0.3397, Test Accuracy: 0.9344
Epoch 40/500 - Train Loss: 0.2418, Train Accuracy: 0.9800, Test Loss: 0.3402, Test Accuracy: 0.9266
Epoch 41/500 - Train Loss: 0.2386, Train Accuracy: 0.9725, Test Loss: 0.3410, Test Accuracy: 0.9301
Epoch 42/500 - Train Loss: 0.2417, Train Accuracy: 0.9850, Test Loss: 0.3369, Test Accuracy: 0.9331
Epoch 43/500 - Train Loss: 0.2275, Train Accuracy: 0.9825, Test Loss: 0.3370, Test Accuracy: 0.9327
Epoch 44/500 - Train Loss: 0.2344, Train Accuracy: 0.9800, Test Loss: 0.3338, Test Accuracy: 0.9336
Epoch 45/500 - Train Loss: 0.2272, Train Accuracy: 0.9800, Test Loss: 0.3397, Test Accuracy: 0.9296
Epoch 46/500 - Train Loss: 0.2312, Train Accuracy: 0.9725, Test Loss: 0.3526, Test Accuracy: 0.9257
Epoch 47/500 - Train Loss: 0.2308, Train Accuracy: 0.9775, Test Loss: 0.3378, Test Accuracy: 0.9279
Epoch 48/500 - Train Loss: 0.2328, Train Accuracy: 0.9725, Test Loss: 0.3398, Test Accuracy: 0.9301
Epoch 49/500 - Train Loss: 0.2203, Train Accuracy: 0.9825, Test Loss: 0.3327, Test Accuracy: 0.9314
Epoch 50/500 - Train Loss: 0.2142, Train Accuracy: 0.9875, Test Loss: 0.3336, Test Accuracy: 0.9344
Epoch 51/500 - Train Loss: 0.1999, Train Accuracy: 0.9825, Test Loss: 0.3746, Test Accuracy: 0.9205
Epoch 52/500 - Train Loss: 0.2092, Train Accuracy: 0.9875, Test Loss: 0.3548, Test Accuracy: 0.9257
Epoch 53/500 - Train Loss: 0.2031, Train Accuracy: 0.9875, Test Loss: 0.3337, Test Accuracy: 0.9314
Epoch 54/500 - Train Loss: 0.2079, Train Accuracy: 0.9825, Test Loss: 0.3323, Test Accuracy: 0.9336
Epoch 55/500 - Train Loss: 0.2183, Train Accuracy: 0.9825, Test Loss: 0.3292, Test Accuracy: 0.9323
Epoch 56/500 - Train Loss: 0.2277, Train Accuracy: 0.9750, Test Loss: 0.3276, Test Accuracy: 0.9340
Epoch 57/500 - Train Loss: 0.2045, Train Accuracy: 0.9900, Test Loss: 0.3240, Test Accuracy: 0.9362
Epoch 58/500 - Train Loss: 0.2061, Train Accuracy: 0.9850, Test Loss: 0.3262, Test Accuracy: 0.9353
Epoch 59/500 - Train Loss: 0.2010, Train Accuracy: 0.9900, Test Loss: 0.3351, Test Accuracy: 0.9323
Epoch 60/500 - Train Loss: 0.1860, Train Accuracy: 0.9900, Test Loss: 0.3445, Test Accuracy: 0.9331
Epoch 61/500 - Train Loss: 0.1914, Train Accuracy: 0.9900, Test Loss: 0.3364, Test Accuracy: 0.9340
Epoch 62/500 - Train Loss: 0.1824, Train Accuracy: 0.9925, Test Loss: 0.3342, Test Accuracy: 0.9362
Epoch 63/500 - Train Loss: 0.1875, Train Accuracy: 0.9875, Test Loss: 0.3348, Test Accuracy: 0.9318
Epoch 64/500 - Train Loss: 0.1877, Train Accuracy: 0.9925, Test Loss: 0.3409, Test Accuracy: 0.9309
Epoch 65/500 - Train Loss: 0.1848, Train Accuracy: 0.9925, Test Loss: 0.3464, Test Accuracy: 0.9301
Epoch 66/500 - Train Loss: 0.1840, Train Accuracy: 0.9900, Test Loss: 0.3562, Test Accuracy: 0.9261
Epoch 67/500 - Train Loss: 0.1986, Train Accuracy: 0.9850, Test Loss: 0.3569, Test Accuracy: 0.9244
Epoch 68/500 - Train Loss: 0.1813, Train Accuracy: 0.9950, Test Loss: 0.3486, Test Accuracy: 0.9257
Epoch 69/500 - Train Loss: 0.1800, Train Accuracy: 0.9925, Test Loss: 0.3314, Test Accuracy: 0.9292
Epoch 70/500 - Train Loss: 0.1753, Train Accuracy: 1.0000, Test Loss: 0.3284, Test Accuracy: 0.9327
Epoch 71/500 - Train Loss: 0.1734, Train Accuracy: 0.9950, Test Loss: 0.3262, Test Accuracy: 0.9323
Epoch 72/500 - Train Loss: 0.1790, Train Accuracy: 0.9950, Test Loss: 0.3267, Test Accuracy: 0.9336

Early stopping triggered at epoch 72
Best test loss: 0.3240
Best test accuracy: 0.9362
Plot saved as trained_models/Sweep_data run/metrics/loss.png
Plot saved as trained_models/Sweep_data run/metrics/metrics.png
