Using GPU 0: NVIDIA GeForce RTX 3090
Epoch 1/500 - Train Loss: 2.1162, Train Accuracy: 0.1775, Test Loss: 2.0143, Test Accuracy: 0.1941
Epoch 2/500 - Train Loss: 1.8781, Train Accuracy: 0.2875, Test Loss: 1.8580, Test Accuracy: 0.2517
Epoch 3/500 - Train Loss: 1.7341, Train Accuracy: 0.4150, Test Loss: 1.6921, Test Accuracy: 0.4021
Epoch 4/500 - Train Loss: 1.5850, Train Accuracy: 0.5575, Test Loss: 1.5105, Test Accuracy: 0.5979
Epoch 5/500 - Train Loss: 1.4781, Train Accuracy: 0.6425, Test Loss: 1.3901, Test Accuracy: 0.7225
Epoch 6/500 - Train Loss: 1.3678, Train Accuracy: 0.7175, Test Loss: 1.2742, Test Accuracy: 0.7788
Epoch 7/500 - Train Loss: 1.2867, Train Accuracy: 0.7475, Test Loss: 1.1785, Test Accuracy: 0.8116
Epoch 8/500 - Train Loss: 1.2055, Train Accuracy: 0.7950, Test Loss: 1.1062, Test Accuracy: 0.8344
Epoch 9/500 - Train Loss: 1.1371, Train Accuracy: 0.8075, Test Loss: 1.0276, Test Accuracy: 0.8671
Epoch 10/500 - Train Loss: 1.0680, Train Accuracy: 0.8000, Test Loss: 0.9750, Test Accuracy: 0.8789
Epoch 11/500 - Train Loss: 1.0248, Train Accuracy: 0.8175, Test Loss: 0.9383, Test Accuracy: 0.8781
Epoch 12/500 - Train Loss: 0.9761, Train Accuracy: 0.8275, Test Loss: 0.8817, Test Accuracy: 0.8868
Epoch 13/500 - Train Loss: 0.9267, Train Accuracy: 0.8425, Test Loss: 0.8425, Test Accuracy: 0.9003
Epoch 14/500 - Train Loss: 0.8875, Train Accuracy: 0.8300, Test Loss: 0.8023, Test Accuracy: 0.9056
Epoch 15/500 - Train Loss: 0.8553, Train Accuracy: 0.8600, Test Loss: 0.7621, Test Accuracy: 0.9095
Epoch 16/500 - Train Loss: 0.8207, Train Accuracy: 0.8575, Test Loss: 0.7295, Test Accuracy: 0.9205
Epoch 17/500 - Train Loss: 0.7887, Train Accuracy: 0.8525, Test Loss: 0.6968, Test Accuracy: 0.9226
Epoch 18/500 - Train Loss: 0.7514, Train Accuracy: 0.8800, Test Loss: 0.6782, Test Accuracy: 0.9222
Epoch 19/500 - Train Loss: 0.7612, Train Accuracy: 0.8700, Test Loss: 0.6571, Test Accuracy: 0.9218
Epoch 20/500 - Train Loss: 0.7059, Train Accuracy: 0.8925, Test Loss: 0.6375, Test Accuracy: 0.9283
Epoch 21/500 - Train Loss: 0.7084, Train Accuracy: 0.8900, Test Loss: 0.6215, Test Accuracy: 0.9323
Epoch 22/500 - Train Loss: 0.6741, Train Accuracy: 0.8975, Test Loss: 0.6039, Test Accuracy: 0.9309
Epoch 23/500 - Train Loss: 0.6644, Train Accuracy: 0.9000, Test Loss: 0.5874, Test Accuracy: 0.9353
Epoch 24/500 - Train Loss: 0.6455, Train Accuracy: 0.8875, Test Loss: 0.5885, Test Accuracy: 0.9288
Epoch 25/500 - Train Loss: 0.6545, Train Accuracy: 0.9075, Test Loss: 0.5618, Test Accuracy: 0.9358
Epoch 26/500 - Train Loss: 0.6293, Train Accuracy: 0.9075, Test Loss: 0.5482, Test Accuracy: 0.9375
Epoch 27/500 - Train Loss: 0.6324, Train Accuracy: 0.9100, Test Loss: 0.5363, Test Accuracy: 0.9379
Epoch 28/500 - Train Loss: 0.6371, Train Accuracy: 0.9050, Test Loss: 0.5349, Test Accuracy: 0.9366
Epoch 29/500 - Train Loss: 0.6612, Train Accuracy: 0.8700, Test Loss: 0.5335, Test Accuracy: 0.9358
Epoch 30/500 - Train Loss: 0.6066, Train Accuracy: 0.9100, Test Loss: 0.5374, Test Accuracy: 0.9323
Epoch 31/500 - Train Loss: 0.5829, Train Accuracy: 0.9225, Test Loss: 0.5204, Test Accuracy: 0.9392
Epoch 32/500 - Train Loss: 0.5613, Train Accuracy: 0.9275, Test Loss: 0.5227, Test Accuracy: 0.9379
Epoch 33/500 - Train Loss: 0.5640, Train Accuracy: 0.9125, Test Loss: 0.5225, Test Accuracy: 0.9392
Epoch 34/500 - Train Loss: 0.5966, Train Accuracy: 0.9100, Test Loss: 0.5142, Test Accuracy: 0.9375
Epoch 35/500 - Train Loss: 0.5859, Train Accuracy: 0.8975, Test Loss: 0.5144, Test Accuracy: 0.9392
Epoch 36/500 - Train Loss: 0.5569, Train Accuracy: 0.9300, Test Loss: 0.5146, Test Accuracy: 0.9410
Epoch 37/500 - Train Loss: 0.5328, Train Accuracy: 0.9375, Test Loss: 0.5081, Test Accuracy: 0.9323
Epoch 38/500 - Train Loss: 0.5210, Train Accuracy: 0.9375, Test Loss: 0.5012, Test Accuracy: 0.9392
Epoch 39/500 - Train Loss: 0.5632, Train Accuracy: 0.9125, Test Loss: 0.4908, Test Accuracy: 0.9427
Epoch 40/500 - Train Loss: 0.5572, Train Accuracy: 0.9175, Test Loss: 0.4900, Test Accuracy: 0.9384
Epoch 41/500 - Train Loss: 0.5415, Train Accuracy: 0.9225, Test Loss: 0.4894, Test Accuracy: 0.9436
Epoch 42/500 - Train Loss: 0.5095, Train Accuracy: 0.9375, Test Loss: 0.4815, Test Accuracy: 0.9454
Epoch 43/500 - Train Loss: 0.5489, Train Accuracy: 0.9325, Test Loss: 0.4880, Test Accuracy: 0.9436
Epoch 44/500 - Train Loss: 0.5429, Train Accuracy: 0.9175, Test Loss: 0.4904, Test Accuracy: 0.9401
Epoch 45/500 - Train Loss: 0.5176, Train Accuracy: 0.9325, Test Loss: 0.4751, Test Accuracy: 0.9458
Epoch 46/500 - Train Loss: 0.5108, Train Accuracy: 0.9300, Test Loss: 0.4797, Test Accuracy: 0.9454
Epoch 47/500 - Train Loss: 0.5050, Train Accuracy: 0.9375, Test Loss: 0.4754, Test Accuracy: 0.9467
Epoch 48/500 - Train Loss: 0.5183, Train Accuracy: 0.9325, Test Loss: 0.4807, Test Accuracy: 0.9423
Epoch 49/500 - Train Loss: 0.5108, Train Accuracy: 0.9175, Test Loss: 0.4674, Test Accuracy: 0.9445
Epoch 50/500 - Train Loss: 0.4780, Train Accuracy: 0.9550, Test Loss: 0.4672, Test Accuracy: 0.9476
Epoch 51/500 - Train Loss: 0.4984, Train Accuracy: 0.9350, Test Loss: 0.4805, Test Accuracy: 0.9410
Epoch 52/500 - Train Loss: 0.4514, Train Accuracy: 0.9575, Test Loss: 0.4906, Test Accuracy: 0.9366
Epoch 53/500 - Train Loss: 0.4745, Train Accuracy: 0.9450, Test Loss: 0.4905, Test Accuracy: 0.9344
Epoch 54/500 - Train Loss: 0.4682, Train Accuracy: 0.9475, Test Loss: 0.4872, Test Accuracy: 0.9340
Epoch 55/500 - Train Loss: 0.5026, Train Accuracy: 0.9375, Test Loss: 0.4919, Test Accuracy: 0.9279
Epoch 56/500 - Train Loss: 0.4741, Train Accuracy: 0.9425, Test Loss: 0.4765, Test Accuracy: 0.9397
Epoch 57/500 - Train Loss: 0.4813, Train Accuracy: 0.9400, Test Loss: 0.4842, Test Accuracy: 0.9349
Epoch 58/500 - Train Loss: 0.4764, Train Accuracy: 0.9375, Test Loss: 0.4850, Test Accuracy: 0.9353
Epoch 59/500 - Train Loss: 0.5028, Train Accuracy: 0.9400, Test Loss: 0.4761, Test Accuracy: 0.9375
Epoch 60/500 - Train Loss: 0.4856, Train Accuracy: 0.9375, Test Loss: 0.4732, Test Accuracy: 0.9384
Epoch 61/500 - Train Loss: 0.4868, Train Accuracy: 0.9350, Test Loss: 0.4748, Test Accuracy: 0.9414
Epoch 62/500 - Train Loss: 0.4667, Train Accuracy: 0.9500, Test Loss: 0.4765, Test Accuracy: 0.9397
Epoch 63/500 - Train Loss: 0.4865, Train Accuracy: 0.9500, Test Loss: 0.4823, Test Accuracy: 0.9384
Epoch 64/500 - Train Loss: 0.4461, Train Accuracy: 0.9550, Test Loss: 0.4687, Test Accuracy: 0.9449

Early stopping triggered at epoch 64
Best test loss: 0.4672
Best test accuracy: 0.9476
Plot saved as trained_models/Sweep_data run/metrics/loss.png
Plot saved as trained_models/Sweep_data run/metrics/metrics.png
