Using GPU 0: NVIDIA GeForce RTX 3090
Epoch 1/500 - Train Loss: 2.1046, Train Accuracy: 0.1125, Test Loss: 2.0683, Test Accuracy: 0.0870
Epoch 2/500 - Train Loss: 1.9190, Train Accuracy: 0.2650, Test Loss: 1.8731, Test Accuracy: 0.3125
Epoch 3/500 - Train Loss: 1.7502, Train Accuracy: 0.4375, Test Loss: 1.6841, Test Accuracy: 0.5131
Epoch 4/500 - Train Loss: 1.5865, Train Accuracy: 0.5750, Test Loss: 1.5096, Test Accuracy: 0.6294
Epoch 5/500 - Train Loss: 1.4355, Train Accuracy: 0.6600, Test Loss: 1.3519, Test Accuracy: 0.7032
Epoch 6/500 - Train Loss: 1.3263, Train Accuracy: 0.7475, Test Loss: 1.2059, Test Accuracy: 0.7684
Epoch 7/500 - Train Loss: 1.1934, Train Accuracy: 0.7575, Test Loss: 1.0596, Test Accuracy: 0.8125
Epoch 8/500 - Train Loss: 1.1023, Train Accuracy: 0.7625, Test Loss: 0.9515, Test Accuracy: 0.8330
Epoch 9/500 - Train Loss: 1.0117, Train Accuracy: 0.8050, Test Loss: 0.8555, Test Accuracy: 0.8549
Epoch 10/500 - Train Loss: 0.9061, Train Accuracy: 0.8375, Test Loss: 0.7760, Test Accuracy: 0.8663
Epoch 11/500 - Train Loss: 0.8756, Train Accuracy: 0.8125, Test Loss: 0.7077, Test Accuracy: 0.8789
Epoch 12/500 - Train Loss: 0.8083, Train Accuracy: 0.8400, Test Loss: 0.6515, Test Accuracy: 0.8855
Epoch 13/500 - Train Loss: 0.7851, Train Accuracy: 0.8100, Test Loss: 0.6072, Test Accuracy: 0.8894
Epoch 14/500 - Train Loss: 0.7176, Train Accuracy: 0.8450, Test Loss: 0.5720, Test Accuracy: 0.8955
Epoch 15/500 - Train Loss: 0.6739, Train Accuracy: 0.8575, Test Loss: 0.5395, Test Accuracy: 0.8969
Epoch 16/500 - Train Loss: 0.6264, Train Accuracy: 0.8725, Test Loss: 0.5116, Test Accuracy: 0.9043
Epoch 17/500 - Train Loss: 0.6203, Train Accuracy: 0.8700, Test Loss: 0.4823, Test Accuracy: 0.9060
Epoch 18/500 - Train Loss: 0.6239, Train Accuracy: 0.8625, Test Loss: 0.4623, Test Accuracy: 0.9104
Epoch 19/500 - Train Loss: 0.5614, Train Accuracy: 0.8850, Test Loss: 0.4511, Test Accuracy: 0.9135
Epoch 20/500 - Train Loss: 0.5478, Train Accuracy: 0.8950, Test Loss: 0.4378, Test Accuracy: 0.9130
Epoch 21/500 - Train Loss: 0.5427, Train Accuracy: 0.8800, Test Loss: 0.4171, Test Accuracy: 0.9170
Epoch 22/500 - Train Loss: 0.5180, Train Accuracy: 0.8900, Test Loss: 0.4083, Test Accuracy: 0.9191
Epoch 23/500 - Train Loss: 0.4940, Train Accuracy: 0.8850, Test Loss: 0.4029, Test Accuracy: 0.9200
Epoch 24/500 - Train Loss: 0.4437, Train Accuracy: 0.9325, Test Loss: 0.4010, Test Accuracy: 0.9178
Epoch 25/500 - Train Loss: 0.4162, Train Accuracy: 0.9275, Test Loss: 0.3951, Test Accuracy: 0.9222
Epoch 26/500 - Train Loss: 0.4814, Train Accuracy: 0.9025, Test Loss: 0.3897, Test Accuracy: 0.9187
Epoch 27/500 - Train Loss: 0.4048, Train Accuracy: 0.9350, Test Loss: 0.3862, Test Accuracy: 0.9222
Epoch 28/500 - Train Loss: 0.3892, Train Accuracy: 0.9300, Test Loss: 0.3753, Test Accuracy: 0.9266
Epoch 29/500 - Train Loss: 0.4391, Train Accuracy: 0.9075, Test Loss: 0.3661, Test Accuracy: 0.9301
Epoch 30/500 - Train Loss: 0.3857, Train Accuracy: 0.9275, Test Loss: 0.3670, Test Accuracy: 0.9274
Epoch 31/500 - Train Loss: 0.3848, Train Accuracy: 0.9350, Test Loss: 0.3667, Test Accuracy: 0.9244
Epoch 32/500 - Train Loss: 0.4000, Train Accuracy: 0.9200, Test Loss: 0.3661, Test Accuracy: 0.9235
Epoch 33/500 - Train Loss: 0.3750, Train Accuracy: 0.9450, Test Loss: 0.3568, Test Accuracy: 0.9292
Epoch 34/500 - Train Loss: 0.3848, Train Accuracy: 0.9075, Test Loss: 0.3593, Test Accuracy: 0.9283
Epoch 35/500 - Train Loss: 0.3531, Train Accuracy: 0.9375, Test Loss: 0.3670, Test Accuracy: 0.9257
Epoch 36/500 - Train Loss: 0.3549, Train Accuracy: 0.9400, Test Loss: 0.3546, Test Accuracy: 0.9270
Epoch 37/500 - Train Loss: 0.3457, Train Accuracy: 0.9325, Test Loss: 0.3466, Test Accuracy: 0.9318
Epoch 38/500 - Train Loss: 0.3461, Train Accuracy: 0.9425, Test Loss: 0.3528, Test Accuracy: 0.9266
Epoch 39/500 - Train Loss: 0.3637, Train Accuracy: 0.9300, Test Loss: 0.3468, Test Accuracy: 0.9305
Epoch 40/500 - Train Loss: 0.3399, Train Accuracy: 0.9300, Test Loss: 0.3406, Test Accuracy: 0.9314
Epoch 41/500 - Train Loss: 0.3037, Train Accuracy: 0.9525, Test Loss: 0.3441, Test Accuracy: 0.9301
Epoch 42/500 - Train Loss: 0.3293, Train Accuracy: 0.9425, Test Loss: 0.3381, Test Accuracy: 0.9309
Epoch 43/500 - Train Loss: 0.3425, Train Accuracy: 0.9450, Test Loss: 0.3364, Test Accuracy: 0.9323
Epoch 44/500 - Train Loss: 0.3143, Train Accuracy: 0.9425, Test Loss: 0.3395, Test Accuracy: 0.9309
Epoch 45/500 - Train Loss: 0.3046, Train Accuracy: 0.9575, Test Loss: 0.3488, Test Accuracy: 0.9270
Epoch 46/500 - Train Loss: 0.3146, Train Accuracy: 0.9350, Test Loss: 0.3446, Test Accuracy: 0.9283
Epoch 47/500 - Train Loss: 0.2668, Train Accuracy: 0.9650, Test Loss: 0.3400, Test Accuracy: 0.9288
Epoch 48/500 - Train Loss: 0.2668, Train Accuracy: 0.9600, Test Loss: 0.3515, Test Accuracy: 0.9266
Epoch 49/500 - Train Loss: 0.2641, Train Accuracy: 0.9575, Test Loss: 0.3431, Test Accuracy: 0.9261
Epoch 50/500 - Train Loss: 0.2954, Train Accuracy: 0.9550, Test Loss: 0.3359, Test Accuracy: 0.9314
Epoch 51/500 - Train Loss: 0.2690, Train Accuracy: 0.9600, Test Loss: 0.3377, Test Accuracy: 0.9309
Epoch 52/500 - Train Loss: 0.2654, Train Accuracy: 0.9725, Test Loss: 0.3329, Test Accuracy: 0.9323
Epoch 53/500 - Train Loss: 0.2652, Train Accuracy: 0.9700, Test Loss: 0.3317, Test Accuracy: 0.9314
Epoch 54/500 - Train Loss: 0.2579, Train Accuracy: 0.9700, Test Loss: 0.3314, Test Accuracy: 0.9292
Epoch 55/500 - Train Loss: 0.2446, Train Accuracy: 0.9725, Test Loss: 0.3290, Test Accuracy: 0.9336
Epoch 56/500 - Train Loss: 0.2387, Train Accuracy: 0.9675, Test Loss: 0.3344, Test Accuracy: 0.9327
Epoch 57/500 - Train Loss: 0.2471, Train Accuracy: 0.9650, Test Loss: 0.3320, Test Accuracy: 0.9327
Epoch 58/500 - Train Loss: 0.2868, Train Accuracy: 0.9525, Test Loss: 0.3358, Test Accuracy: 0.9301
Epoch 59/500 - Train Loss: 0.2849, Train Accuracy: 0.9575, Test Loss: 0.3313, Test Accuracy: 0.9318
Epoch 60/500 - Train Loss: 0.2342, Train Accuracy: 0.9675, Test Loss: 0.3281, Test Accuracy: 0.9344
Epoch 61/500 - Train Loss: 0.2664, Train Accuracy: 0.9650, Test Loss: 0.3294, Test Accuracy: 0.9336
Epoch 62/500 - Train Loss: 0.2496, Train Accuracy: 0.9675, Test Loss: 0.3371, Test Accuracy: 0.9301
Epoch 63/500 - Train Loss: 0.2682, Train Accuracy: 0.9475, Test Loss: 0.3444, Test Accuracy: 0.9244
Epoch 64/500 - Train Loss: 0.2463, Train Accuracy: 0.9675, Test Loss: 0.3369, Test Accuracy: 0.9305
Epoch 65/500 - Train Loss: 0.2374, Train Accuracy: 0.9725, Test Loss: 0.3328, Test Accuracy: 0.9336
Epoch 66/500 - Train Loss: 0.2322, Train Accuracy: 0.9700, Test Loss: 0.3364, Test Accuracy: 0.9301
Epoch 67/500 - Train Loss: 0.2366, Train Accuracy: 0.9675, Test Loss: 0.3305, Test Accuracy: 0.9296
Epoch 68/500 - Train Loss: 0.2563, Train Accuracy: 0.9550, Test Loss: 0.3326, Test Accuracy: 0.9318
Epoch 69/500 - Train Loss: 0.2652, Train Accuracy: 0.9650, Test Loss: 0.3392, Test Accuracy: 0.9279
Epoch 70/500 - Train Loss: 0.2542, Train Accuracy: 0.9625, Test Loss: 0.3270, Test Accuracy: 0.9344
Epoch 71/500 - Train Loss: 0.2324, Train Accuracy: 0.9750, Test Loss: 0.3290, Test Accuracy: 0.9327
Epoch 72/500 - Train Loss: 0.2329, Train Accuracy: 0.9725, Test Loss: 0.3285, Test Accuracy: 0.9353
Epoch 73/500 - Train Loss: 0.2483, Train Accuracy: 0.9700, Test Loss: 0.3272, Test Accuracy: 0.9353
Epoch 74/500 - Train Loss: 0.2353, Train Accuracy: 0.9700, Test Loss: 0.3300, Test Accuracy: 0.9327
Epoch 75/500 - Train Loss: 0.2170, Train Accuracy: 0.9825, Test Loss: 0.3298, Test Accuracy: 0.9340
Epoch 76/500 - Train Loss: 0.2217, Train Accuracy: 0.9775, Test Loss: 0.3319, Test Accuracy: 0.9283
Epoch 77/500 - Train Loss: 0.2172, Train Accuracy: 0.9800, Test Loss: 0.3291, Test Accuracy: 0.9314
Epoch 78/500 - Train Loss: 0.2306, Train Accuracy: 0.9750, Test Loss: 0.3283, Test Accuracy: 0.9323
Epoch 79/500 - Train Loss: 0.2553, Train Accuracy: 0.9750, Test Loss: 0.3301, Test Accuracy: 0.9331
Epoch 80/500 - Train Loss: 0.2545, Train Accuracy: 0.9675, Test Loss: 0.3451, Test Accuracy: 0.9248
Epoch 81/500 - Train Loss: 0.2240, Train Accuracy: 0.9725, Test Loss: 0.3335, Test Accuracy: 0.9288
Epoch 82/500 - Train Loss: 0.2279, Train Accuracy: 0.9825, Test Loss: 0.3343, Test Accuracy: 0.9288
Epoch 83/500 - Train Loss: 0.1977, Train Accuracy: 0.9825, Test Loss: 0.3435, Test Accuracy: 0.9274
Epoch 84/500 - Train Loss: 0.2158, Train Accuracy: 0.9750, Test Loss: 0.3404, Test Accuracy: 0.9292
Epoch 85/500 - Train Loss: 0.2259, Train Accuracy: 0.9700, Test Loss: 0.3367, Test Accuracy: 0.9288

Early stopping triggered at epoch 85
Best test loss: 0.3270
Best test accuracy: 0.9353
Plot saved as trained_models/Sweep_data run/metrics/loss.png
Plot saved as trained_models/Sweep_data run/metrics/metrics.png
