Using GPU 0: NVIDIA GeForce RTX 3090
Epoch 1/500 - Train Loss: 2.0741, Train Accuracy: 0.1825, Test Loss: 2.0217, Test Accuracy: 0.2509
Epoch 2/500 - Train Loss: 1.8929, Train Accuracy: 0.2700, Test Loss: 1.8472, Test Accuracy: 0.3479
Epoch 3/500 - Train Loss: 1.7125, Train Accuracy: 0.4275, Test Loss: 1.6336, Test Accuracy: 0.5197
Epoch 4/500 - Train Loss: 1.5543, Train Accuracy: 0.5750, Test Loss: 1.4534, Test Accuracy: 0.6486
Epoch 5/500 - Train Loss: 1.4080, Train Accuracy: 0.6950, Test Loss: 1.2847, Test Accuracy: 0.7592
Epoch 6/500 - Train Loss: 1.2748, Train Accuracy: 0.7425, Test Loss: 1.1423, Test Accuracy: 0.8081
Epoch 7/500 - Train Loss: 1.1501, Train Accuracy: 0.7725, Test Loss: 1.0192, Test Accuracy: 0.8435
Epoch 8/500 - Train Loss: 1.0556, Train Accuracy: 0.7700, Test Loss: 0.9065, Test Accuracy: 0.8733
Epoch 9/500 - Train Loss: 0.9692, Train Accuracy: 0.8150, Test Loss: 0.8126, Test Accuracy: 0.8829
Epoch 10/500 - Train Loss: 0.8430, Train Accuracy: 0.8525, Test Loss: 0.7295, Test Accuracy: 0.8864
Epoch 11/500 - Train Loss: 0.8612, Train Accuracy: 0.8325, Test Loss: 0.6680, Test Accuracy: 0.9025
Epoch 12/500 - Train Loss: 0.7513, Train Accuracy: 0.8575, Test Loss: 0.6136, Test Accuracy: 0.9030
Epoch 13/500 - Train Loss: 0.6764, Train Accuracy: 0.8750, Test Loss: 0.5803, Test Accuracy: 0.9038
Epoch 14/500 - Train Loss: 0.6732, Train Accuracy: 0.8750, Test Loss: 0.5342, Test Accuracy: 0.9130
Epoch 15/500 - Train Loss: 0.6357, Train Accuracy: 0.8925, Test Loss: 0.4976, Test Accuracy: 0.9257
Epoch 16/500 - Train Loss: 0.6026, Train Accuracy: 0.8750, Test Loss: 0.4772, Test Accuracy: 0.9253
Epoch 17/500 - Train Loss: 0.5780, Train Accuracy: 0.9000, Test Loss: 0.4631, Test Accuracy: 0.9209
Epoch 18/500 - Train Loss: 0.5243, Train Accuracy: 0.9075, Test Loss: 0.4397, Test Accuracy: 0.9292
Epoch 19/500 - Train Loss: 0.5420, Train Accuracy: 0.8900, Test Loss: 0.4211, Test Accuracy: 0.9301
Epoch 20/500 - Train Loss: 0.5308, Train Accuracy: 0.9050, Test Loss: 0.4027, Test Accuracy: 0.9358
Epoch 21/500 - Train Loss: 0.4690, Train Accuracy: 0.9175, Test Loss: 0.3894, Test Accuracy: 0.9397
Epoch 22/500 - Train Loss: 0.4493, Train Accuracy: 0.9200, Test Loss: 0.3831, Test Accuracy: 0.9340
Epoch 23/500 - Train Loss: 0.4516, Train Accuracy: 0.9200, Test Loss: 0.3750, Test Accuracy: 0.9362
Epoch 24/500 - Train Loss: 0.4393, Train Accuracy: 0.9325, Test Loss: 0.3736, Test Accuracy: 0.9371
Epoch 25/500 - Train Loss: 0.4380, Train Accuracy: 0.9100, Test Loss: 0.3687, Test Accuracy: 0.9305
Epoch 26/500 - Train Loss: 0.4441, Train Accuracy: 0.9050, Test Loss: 0.3677, Test Accuracy: 0.9279
Epoch 27/500 - Train Loss: 0.3828, Train Accuracy: 0.9225, Test Loss: 0.3605, Test Accuracy: 0.9292
Epoch 28/500 - Train Loss: 0.3776, Train Accuracy: 0.9350, Test Loss: 0.3547, Test Accuracy: 0.9327
Epoch 29/500 - Train Loss: 0.3675, Train Accuracy: 0.9350, Test Loss: 0.3472, Test Accuracy: 0.9392
Epoch 30/500 - Train Loss: 0.3392, Train Accuracy: 0.9400, Test Loss: 0.3376, Test Accuracy: 0.9419
Epoch 31/500 - Train Loss: 0.3807, Train Accuracy: 0.9275, Test Loss: 0.3393, Test Accuracy: 0.9388
Epoch 32/500 - Train Loss: 0.3230, Train Accuracy: 0.9675, Test Loss: 0.3316, Test Accuracy: 0.9401
Epoch 33/500 - Train Loss: 0.3220, Train Accuracy: 0.9500, Test Loss: 0.3342, Test Accuracy: 0.9388
Epoch 34/500 - Train Loss: 0.3430, Train Accuracy: 0.9350, Test Loss: 0.3392, Test Accuracy: 0.9349
Epoch 35/500 - Train Loss: 0.3280, Train Accuracy: 0.9425, Test Loss: 0.3261, Test Accuracy: 0.9410
Epoch 36/500 - Train Loss: 0.3322, Train Accuracy: 0.9475, Test Loss: 0.3208, Test Accuracy: 0.9480
Epoch 37/500 - Train Loss: 0.3041, Train Accuracy: 0.9600, Test Loss: 0.3265, Test Accuracy: 0.9401
Epoch 38/500 - Train Loss: 0.3114, Train Accuracy: 0.9525, Test Loss: 0.3201, Test Accuracy: 0.9467
Epoch 39/500 - Train Loss: 0.3305, Train Accuracy: 0.9425, Test Loss: 0.3216, Test Accuracy: 0.9427
Epoch 40/500 - Train Loss: 0.3014, Train Accuracy: 0.9575, Test Loss: 0.3210, Test Accuracy: 0.9414
Epoch 41/500 - Train Loss: 0.3079, Train Accuracy: 0.9500, Test Loss: 0.3188, Test Accuracy: 0.9458
Epoch 42/500 - Train Loss: 0.2977, Train Accuracy: 0.9525, Test Loss: 0.3138, Test Accuracy: 0.9480
Epoch 43/500 - Train Loss: 0.2847, Train Accuracy: 0.9550, Test Loss: 0.3133, Test Accuracy: 0.9493
Epoch 44/500 - Train Loss: 0.2801, Train Accuracy: 0.9600, Test Loss: 0.3146, Test Accuracy: 0.9458
Epoch 45/500 - Train Loss: 0.2695, Train Accuracy: 0.9650, Test Loss: 0.3168, Test Accuracy: 0.9441
Epoch 46/500 - Train Loss: 0.2419, Train Accuracy: 0.9825, Test Loss: 0.3172, Test Accuracy: 0.9419
Epoch 47/500 - Train Loss: 0.3262, Train Accuracy: 0.9425, Test Loss: 0.3103, Test Accuracy: 0.9502
Epoch 48/500 - Train Loss: 0.2887, Train Accuracy: 0.9625, Test Loss: 0.3057, Test Accuracy: 0.9480
Epoch 49/500 - Train Loss: 0.2742, Train Accuracy: 0.9550, Test Loss: 0.3049, Test Accuracy: 0.9497
Epoch 50/500 - Train Loss: 0.2438, Train Accuracy: 0.9850, Test Loss: 0.3089, Test Accuracy: 0.9467
Epoch 51/500 - Train Loss: 0.2864, Train Accuracy: 0.9575, Test Loss: 0.3087, Test Accuracy: 0.9471
Epoch 52/500 - Train Loss: 0.2483, Train Accuracy: 0.9675, Test Loss: 0.3219, Test Accuracy: 0.9379
Epoch 53/500 - Train Loss: 0.2507, Train Accuracy: 0.9725, Test Loss: 0.3297, Test Accuracy: 0.9327
Epoch 54/500 - Train Loss: 0.2419, Train Accuracy: 0.9750, Test Loss: 0.3191, Test Accuracy: 0.9379
Epoch 55/500 - Train Loss: 0.2451, Train Accuracy: 0.9675, Test Loss: 0.3161, Test Accuracy: 0.9384
Epoch 56/500 - Train Loss: 0.2699, Train Accuracy: 0.9600, Test Loss: 0.3162, Test Accuracy: 0.9375
Epoch 57/500 - Train Loss: 0.2653, Train Accuracy: 0.9650, Test Loss: 0.3171, Test Accuracy: 0.9406
Epoch 58/500 - Train Loss: 0.2701, Train Accuracy: 0.9600, Test Loss: 0.3174, Test Accuracy: 0.9392
Epoch 59/500 - Train Loss: 0.2421, Train Accuracy: 0.9675, Test Loss: 0.3089, Test Accuracy: 0.9458
Epoch 60/500 - Train Loss: 0.2243, Train Accuracy: 0.9800, Test Loss: 0.3118, Test Accuracy: 0.9427
Epoch 61/500 - Train Loss: 0.2727, Train Accuracy: 0.9575, Test Loss: 0.3088, Test Accuracy: 0.9441
Epoch 62/500 - Train Loss: 0.2404, Train Accuracy: 0.9700, Test Loss: 0.3107, Test Accuracy: 0.9427
Epoch 63/500 - Train Loss: 0.2194, Train Accuracy: 0.9825, Test Loss: 0.3129, Test Accuracy: 0.9432

Early stopping triggered at epoch 63
Best test loss: 0.3049
Best test accuracy: 0.9502
Plot saved as trained_models/Sweep_data run/metrics/loss.png
Plot saved as trained_models/Sweep_data run/metrics/metrics.png
