Using GPU 0: NVIDIA GeForce RTX 3090
Epoch 1/500 - Train Loss: 2.0870, Train Accuracy: 0.1550, Test Loss: 2.0786, Test Accuracy: 0.1473
Epoch 2/500 - Train Loss: 1.8833, Train Accuracy: 0.3300, Test Loss: 1.8072, Test Accuracy: 0.4082
Epoch 3/500 - Train Loss: 1.6877, Train Accuracy: 0.4950, Test Loss: 1.5893, Test Accuracy: 0.5625
Epoch 4/500 - Train Loss: 1.5134, Train Accuracy: 0.6525, Test Loss: 1.4120, Test Accuracy: 0.6469
Epoch 5/500 - Train Loss: 1.3706, Train Accuracy: 0.6925, Test Loss: 1.2606, Test Accuracy: 0.7006
Epoch 6/500 - Train Loss: 1.2350, Train Accuracy: 0.7375, Test Loss: 1.1045, Test Accuracy: 0.7483
Epoch 7/500 - Train Loss: 1.0967, Train Accuracy: 0.7775, Test Loss: 0.9809, Test Accuracy: 0.7885
Epoch 8/500 - Train Loss: 1.0025, Train Accuracy: 0.7900, Test Loss: 0.8835, Test Accuracy: 0.8142
Epoch 9/500 - Train Loss: 0.9425, Train Accuracy: 0.8075, Test Loss: 0.7895, Test Accuracy: 0.8365
Epoch 10/500 - Train Loss: 0.8069, Train Accuracy: 0.8700, Test Loss: 0.7176, Test Accuracy: 0.8558
Epoch 11/500 - Train Loss: 0.7799, Train Accuracy: 0.8450, Test Loss: 0.6587, Test Accuracy: 0.8698
Epoch 12/500 - Train Loss: 0.7104, Train Accuracy: 0.8625, Test Loss: 0.6010, Test Accuracy: 0.8899
Epoch 13/500 - Train Loss: 0.6784, Train Accuracy: 0.8650, Test Loss: 0.5603, Test Accuracy: 0.8947
Epoch 14/500 - Train Loss: 0.6390, Train Accuracy: 0.8875, Test Loss: 0.5336, Test Accuracy: 0.8982
Epoch 15/500 - Train Loss: 0.6028, Train Accuracy: 0.8800, Test Loss: 0.5062, Test Accuracy: 0.9047
Epoch 16/500 - Train Loss: 0.5942, Train Accuracy: 0.8875, Test Loss: 0.4845, Test Accuracy: 0.9078
Epoch 17/500 - Train Loss: 0.5440, Train Accuracy: 0.8725, Test Loss: 0.4603, Test Accuracy: 0.9095
Epoch 18/500 - Train Loss: 0.5055, Train Accuracy: 0.8950, Test Loss: 0.4447, Test Accuracy: 0.9095
Epoch 19/500 - Train Loss: 0.4871, Train Accuracy: 0.9100, Test Loss: 0.4393, Test Accuracy: 0.9073
Epoch 20/500 - Train Loss: 0.5131, Train Accuracy: 0.8875, Test Loss: 0.4199, Test Accuracy: 0.9156
Epoch 21/500 - Train Loss: 0.4911, Train Accuracy: 0.8975, Test Loss: 0.4065, Test Accuracy: 0.9196
Epoch 22/500 - Train Loss: 0.4394, Train Accuracy: 0.9100, Test Loss: 0.4059, Test Accuracy: 0.9156
Epoch 23/500 - Train Loss: 0.4041, Train Accuracy: 0.9450, Test Loss: 0.4021, Test Accuracy: 0.9178
Epoch 24/500 - Train Loss: 0.4010, Train Accuracy: 0.9250, Test Loss: 0.3987, Test Accuracy: 0.9143
Epoch 25/500 - Train Loss: 0.3591, Train Accuracy: 0.9525, Test Loss: 0.3764, Test Accuracy: 0.9257
Epoch 26/500 - Train Loss: 0.3649, Train Accuracy: 0.9525, Test Loss: 0.3765, Test Accuracy: 0.9191
Epoch 27/500 - Train Loss: 0.3692, Train Accuracy: 0.9350, Test Loss: 0.3818, Test Accuracy: 0.9174
Epoch 28/500 - Train Loss: 0.3422, Train Accuracy: 0.9550, Test Loss: 0.3716, Test Accuracy: 0.9196
Epoch 29/500 - Train Loss: 0.3529, Train Accuracy: 0.9300, Test Loss: 0.3614, Test Accuracy: 0.9244
Epoch 30/500 - Train Loss: 0.3457, Train Accuracy: 0.9425, Test Loss: 0.3659, Test Accuracy: 0.9222
Epoch 31/500 - Train Loss: 0.3328, Train Accuracy: 0.9475, Test Loss: 0.3660, Test Accuracy: 0.9196
Epoch 32/500 - Train Loss: 0.3291, Train Accuracy: 0.9425, Test Loss: 0.3601, Test Accuracy: 0.9209
Epoch 33/500 - Train Loss: 0.3323, Train Accuracy: 0.9475, Test Loss: 0.3490, Test Accuracy: 0.9270
Epoch 34/500 - Train Loss: 0.3017, Train Accuracy: 0.9600, Test Loss: 0.3456, Test Accuracy: 0.9257
Epoch 35/500 - Train Loss: 0.3445, Train Accuracy: 0.9375, Test Loss: 0.3447, Test Accuracy: 0.9261
Epoch 36/500 - Train Loss: 0.3144, Train Accuracy: 0.9425, Test Loss: 0.3358, Test Accuracy: 0.9253
Epoch 37/500 - Train Loss: 0.3071, Train Accuracy: 0.9500, Test Loss: 0.3363, Test Accuracy: 0.9253
Epoch 38/500 - Train Loss: 0.2726, Train Accuracy: 0.9600, Test Loss: 0.3259, Test Accuracy: 0.9327
Epoch 39/500 - Train Loss: 0.2778, Train Accuracy: 0.9725, Test Loss: 0.3285, Test Accuracy: 0.9305
Epoch 40/500 - Train Loss: 0.2750, Train Accuracy: 0.9575, Test Loss: 0.3302, Test Accuracy: 0.9288
Epoch 41/500 - Train Loss: 0.2719, Train Accuracy: 0.9700, Test Loss: 0.3306, Test Accuracy: 0.9270
Epoch 42/500 - Train Loss: 0.2423, Train Accuracy: 0.9800, Test Loss: 0.3273, Test Accuracy: 0.9331
Epoch 43/500 - Train Loss: 0.2675, Train Accuracy: 0.9725, Test Loss: 0.3264, Test Accuracy: 0.9340
Epoch 44/500 - Train Loss: 0.2823, Train Accuracy: 0.9525, Test Loss: 0.3267, Test Accuracy: 0.9323
Epoch 45/500 - Train Loss: 0.2785, Train Accuracy: 0.9725, Test Loss: 0.3238, Test Accuracy: 0.9331
Epoch 46/500 - Train Loss: 0.2897, Train Accuracy: 0.9550, Test Loss: 0.3218, Test Accuracy: 0.9344
Epoch 47/500 - Train Loss: 0.2646, Train Accuracy: 0.9675, Test Loss: 0.3239, Test Accuracy: 0.9340
Epoch 48/500 - Train Loss: 0.2403, Train Accuracy: 0.9650, Test Loss: 0.3287, Test Accuracy: 0.9331
Epoch 49/500 - Train Loss: 0.2746, Train Accuracy: 0.9600, Test Loss: 0.3313, Test Accuracy: 0.9336
Epoch 50/500 - Train Loss: 0.2126, Train Accuracy: 0.9850, Test Loss: 0.3311, Test Accuracy: 0.9301
Epoch 51/500 - Train Loss: 0.2239, Train Accuracy: 0.9825, Test Loss: 0.3263, Test Accuracy: 0.9349
Epoch 52/500 - Train Loss: 0.2269, Train Accuracy: 0.9775, Test Loss: 0.3269, Test Accuracy: 0.9331
Epoch 53/500 - Train Loss: 0.2391, Train Accuracy: 0.9725, Test Loss: 0.3324, Test Accuracy: 0.9318
Epoch 54/500 - Train Loss: 0.2353, Train Accuracy: 0.9725, Test Loss: 0.3297, Test Accuracy: 0.9296
Epoch 55/500 - Train Loss: 0.2191, Train Accuracy: 0.9800, Test Loss: 0.3427, Test Accuracy: 0.9270
Epoch 56/500 - Train Loss: 0.2189, Train Accuracy: 0.9875, Test Loss: 0.3540, Test Accuracy: 0.9231
Epoch 57/500 - Train Loss: 0.2091, Train Accuracy: 0.9800, Test Loss: 0.3453, Test Accuracy: 0.9261
Epoch 58/500 - Train Loss: 0.2188, Train Accuracy: 0.9800, Test Loss: 0.3448, Test Accuracy: 0.9270
Epoch 59/500 - Train Loss: 0.2404, Train Accuracy: 0.9675, Test Loss: 0.3412, Test Accuracy: 0.9257
Epoch 60/500 - Train Loss: 0.2293, Train Accuracy: 0.9675, Test Loss: 0.3375, Test Accuracy: 0.9279
Epoch 61/500 - Train Loss: 0.2360, Train Accuracy: 0.9825, Test Loss: 0.3294, Test Accuracy: 0.9283

Early stopping triggered at epoch 61
Best test loss: 0.3218
Best test accuracy: 0.9349
Plot saved as trained_models/Sweep_data run/metrics/loss.png
Plot saved as trained_models/Sweep_data run/metrics/metrics.png
