Using GPU 0: NVIDIA GeForce RTX 3090
Epoch 1/500 - Train Loss: 2.0479, Train Accuracy: 0.1750, Test Loss: 2.0196, Test Accuracy: 0.2181
Epoch 2/500 - Train Loss: 1.8386, Train Accuracy: 0.3650, Test Loss: 1.8315, Test Accuracy: 0.3470
Epoch 3/500 - Train Loss: 1.6253, Train Accuracy: 0.5025, Test Loss: 1.5990, Test Accuracy: 0.5258
Epoch 4/500 - Train Loss: 1.4833, Train Accuracy: 0.6375, Test Loss: 1.3928, Test Accuracy: 0.6412
Epoch 5/500 - Train Loss: 1.3405, Train Accuracy: 0.7000, Test Loss: 1.2139, Test Accuracy: 0.7094
Epoch 6/500 - Train Loss: 1.1920, Train Accuracy: 0.7475, Test Loss: 1.0800, Test Accuracy: 0.7666
Epoch 7/500 - Train Loss: 1.0781, Train Accuracy: 0.8175, Test Loss: 0.9617, Test Accuracy: 0.7985
Epoch 8/500 - Train Loss: 0.9804, Train Accuracy: 0.8150, Test Loss: 0.8501, Test Accuracy: 0.8352
Epoch 9/500 - Train Loss: 0.9315, Train Accuracy: 0.8175, Test Loss: 0.7722, Test Accuracy: 0.8645
Epoch 10/500 - Train Loss: 0.8480, Train Accuracy: 0.8325, Test Loss: 0.7042, Test Accuracy: 0.8837
Epoch 11/500 - Train Loss: 0.7754, Train Accuracy: 0.8450, Test Loss: 0.6326, Test Accuracy: 0.8990
Epoch 12/500 - Train Loss: 0.7007, Train Accuracy: 0.8650, Test Loss: 0.5802, Test Accuracy: 0.9091
Epoch 13/500 - Train Loss: 0.6468, Train Accuracy: 0.8825, Test Loss: 0.5359, Test Accuracy: 0.9170
Epoch 14/500 - Train Loss: 0.5962, Train Accuracy: 0.9125, Test Loss: 0.5016, Test Accuracy: 0.9209
Epoch 15/500 - Train Loss: 0.5739, Train Accuracy: 0.9000, Test Loss: 0.4718, Test Accuracy: 0.9257
Epoch 16/500 - Train Loss: 0.5522, Train Accuracy: 0.9150, Test Loss: 0.4530, Test Accuracy: 0.9213
Epoch 17/500 - Train Loss: 0.5214, Train Accuracy: 0.9000, Test Loss: 0.4232, Test Accuracy: 0.9292
Epoch 18/500 - Train Loss: 0.4661, Train Accuracy: 0.9100, Test Loss: 0.4068, Test Accuracy: 0.9292
Epoch 19/500 - Train Loss: 0.4577, Train Accuracy: 0.9250, Test Loss: 0.3889, Test Accuracy: 0.9388
Epoch 20/500 - Train Loss: 0.4545, Train Accuracy: 0.9225, Test Loss: 0.3809, Test Accuracy: 0.9362
Epoch 21/500 - Train Loss: 0.4289, Train Accuracy: 0.9150, Test Loss: 0.3708, Test Accuracy: 0.9344
Epoch 22/500 - Train Loss: 0.4299, Train Accuracy: 0.9250, Test Loss: 0.3543, Test Accuracy: 0.9392
Epoch 23/500 - Train Loss: 0.4135, Train Accuracy: 0.9250, Test Loss: 0.3499, Test Accuracy: 0.9406
Epoch 24/500 - Train Loss: 0.3913, Train Accuracy: 0.9350, Test Loss: 0.3443, Test Accuracy: 0.9423
Epoch 25/500 - Train Loss: 0.3699, Train Accuracy: 0.9425, Test Loss: 0.3383, Test Accuracy: 0.9401
Epoch 26/500 - Train Loss: 0.3887, Train Accuracy: 0.9375, Test Loss: 0.3334, Test Accuracy: 0.9458
Epoch 27/500 - Train Loss: 0.3291, Train Accuracy: 0.9575, Test Loss: 0.3269, Test Accuracy: 0.9414
Epoch 28/500 - Train Loss: 0.3447, Train Accuracy: 0.9475, Test Loss: 0.3168, Test Accuracy: 0.9480
Epoch 29/500 - Train Loss: 0.3557, Train Accuracy: 0.9225, Test Loss: 0.3143, Test Accuracy: 0.9484
Epoch 30/500 - Train Loss: 0.2839, Train Accuracy: 0.9750, Test Loss: 0.3145, Test Accuracy: 0.9423
Epoch 31/500 - Train Loss: 0.3145, Train Accuracy: 0.9475, Test Loss: 0.3137, Test Accuracy: 0.9441
Epoch 32/500 - Train Loss: 0.3263, Train Accuracy: 0.9475, Test Loss: 0.3098, Test Accuracy: 0.9458
Epoch 33/500 - Train Loss: 0.2833, Train Accuracy: 0.9650, Test Loss: 0.3109, Test Accuracy: 0.9476
Epoch 34/500 - Train Loss: 0.3042, Train Accuracy: 0.9550, Test Loss: 0.3129, Test Accuracy: 0.9449
Epoch 35/500 - Train Loss: 0.2755, Train Accuracy: 0.9675, Test Loss: 0.3081, Test Accuracy: 0.9454
Epoch 36/500 - Train Loss: 0.3054, Train Accuracy: 0.9600, Test Loss: 0.3069, Test Accuracy: 0.9493
Epoch 37/500 - Train Loss: 0.3042, Train Accuracy: 0.9575, Test Loss: 0.3003, Test Accuracy: 0.9493
Epoch 38/500 - Train Loss: 0.2913, Train Accuracy: 0.9500, Test Loss: 0.2968, Test Accuracy: 0.9524
Epoch 39/500 - Train Loss: 0.2601, Train Accuracy: 0.9700, Test Loss: 0.2955, Test Accuracy: 0.9528
Epoch 40/500 - Train Loss: 0.2639, Train Accuracy: 0.9700, Test Loss: 0.2945, Test Accuracy: 0.9510
Epoch 41/500 - Train Loss: 0.2815, Train Accuracy: 0.9500, Test Loss: 0.2913, Test Accuracy: 0.9502
Epoch 42/500 - Train Loss: 0.2455, Train Accuracy: 0.9700, Test Loss: 0.2921, Test Accuracy: 0.9480
Epoch 43/500 - Train Loss: 0.2343, Train Accuracy: 0.9825, Test Loss: 0.2936, Test Accuracy: 0.9524
Epoch 44/500 - Train Loss: 0.2553, Train Accuracy: 0.9700, Test Loss: 0.3005, Test Accuracy: 0.9480
Epoch 45/500 - Train Loss: 0.2422, Train Accuracy: 0.9625, Test Loss: 0.3002, Test Accuracy: 0.9493
Epoch 46/500 - Train Loss: 0.2275, Train Accuracy: 0.9800, Test Loss: 0.3051, Test Accuracy: 0.9454
Epoch 47/500 - Train Loss: 0.2282, Train Accuracy: 0.9875, Test Loss: 0.2980, Test Accuracy: 0.9519
Epoch 48/500 - Train Loss: 0.2517, Train Accuracy: 0.9750, Test Loss: 0.2900, Test Accuracy: 0.9545
Epoch 49/500 - Train Loss: 0.2150, Train Accuracy: 0.9825, Test Loss: 0.2979, Test Accuracy: 0.9484
Epoch 50/500 - Train Loss: 0.2312, Train Accuracy: 0.9800, Test Loss: 0.3152, Test Accuracy: 0.9401
Epoch 51/500 - Train Loss: 0.2715, Train Accuracy: 0.9625, Test Loss: 0.3130, Test Accuracy: 0.9414
Epoch 52/500 - Train Loss: 0.2270, Train Accuracy: 0.9750, Test Loss: 0.2924, Test Accuracy: 0.9506
Epoch 53/500 - Train Loss: 0.2265, Train Accuracy: 0.9800, Test Loss: 0.2861, Test Accuracy: 0.9519
Epoch 54/500 - Train Loss: 0.2232, Train Accuracy: 0.9775, Test Loss: 0.2829, Test Accuracy: 0.9537
Epoch 55/500 - Train Loss: 0.2151, Train Accuracy: 0.9875, Test Loss: 0.2874, Test Accuracy: 0.9493
Epoch 56/500 - Train Loss: 0.2153, Train Accuracy: 0.9800, Test Loss: 0.2870, Test Accuracy: 0.9484
Epoch 57/500 - Train Loss: 0.2305, Train Accuracy: 0.9750, Test Loss: 0.2987, Test Accuracy: 0.9436
Epoch 58/500 - Train Loss: 0.2061, Train Accuracy: 0.9900, Test Loss: 0.2991, Test Accuracy: 0.9476
Epoch 59/500 - Train Loss: 0.2008, Train Accuracy: 0.9850, Test Loss: 0.2981, Test Accuracy: 0.9462
Epoch 60/500 - Train Loss: 0.2240, Train Accuracy: 0.9800, Test Loss: 0.2953, Test Accuracy: 0.9493
Epoch 61/500 - Train Loss: 0.2437, Train Accuracy: 0.9675, Test Loss: 0.2991, Test Accuracy: 0.9480
Epoch 62/500 - Train Loss: 0.2404, Train Accuracy: 0.9725, Test Loss: 0.2927, Test Accuracy: 0.9480
Epoch 63/500 - Train Loss: 0.2123, Train Accuracy: 0.9850, Test Loss: 0.2879, Test Accuracy: 0.9524
Epoch 64/500 - Train Loss: 0.2179, Train Accuracy: 0.9825, Test Loss: 0.2965, Test Accuracy: 0.9497
Epoch 65/500 - Train Loss: 0.2155, Train Accuracy: 0.9800, Test Loss: 0.2983, Test Accuracy: 0.9480
Epoch 66/500 - Train Loss: 0.2121, Train Accuracy: 0.9725, Test Loss: 0.2954, Test Accuracy: 0.9480
Epoch 67/500 - Train Loss: 0.2175, Train Accuracy: 0.9900, Test Loss: 0.2930, Test Accuracy: 0.9502
Epoch 68/500 - Train Loss: 0.1796, Train Accuracy: 1.0000, Test Loss: 0.2914, Test Accuracy: 0.9493
Epoch 69/500 - Train Loss: 0.2197, Train Accuracy: 0.9750, Test Loss: 0.2900, Test Accuracy: 0.9515

Early stopping triggered at epoch 69
Best test loss: 0.2829
Best test accuracy: 0.9545
Plot saved as trained_models/Sweep_data run/metrics/loss.png
Plot saved as trained_models/Sweep_data run/metrics/metrics.png
