Using GPU 0: NVIDIA GeForce RTX 3090
Epoch 1/500 - Train Loss: 2.0845, Train Accuracy: 0.1575, Test Loss: 2.0495, Test Accuracy: 0.2045
Epoch 2/500 - Train Loss: 1.9004, Train Accuracy: 0.3250, Test Loss: 1.8364, Test Accuracy: 0.3523
Epoch 3/500 - Train Loss: 1.7031, Train Accuracy: 0.4625, Test Loss: 1.6247, Test Accuracy: 0.5149
Epoch 4/500 - Train Loss: 1.5881, Train Accuracy: 0.5350, Test Loss: 1.4195, Test Accuracy: 0.6224
Epoch 5/500 - Train Loss: 1.4309, Train Accuracy: 0.6550, Test Loss: 1.2529, Test Accuracy: 0.7076
Epoch 6/500 - Train Loss: 1.2998, Train Accuracy: 0.7275, Test Loss: 1.1063, Test Accuracy: 0.7544
Epoch 7/500 - Train Loss: 1.1523, Train Accuracy: 0.7500, Test Loss: 0.9577, Test Accuracy: 0.8116
Epoch 8/500 - Train Loss: 1.0624, Train Accuracy: 0.7775, Test Loss: 0.8603, Test Accuracy: 0.8400
Epoch 9/500 - Train Loss: 0.9618, Train Accuracy: 0.8300, Test Loss: 0.7800, Test Accuracy: 0.8684
Epoch 10/500 - Train Loss: 0.8797, Train Accuracy: 0.8350, Test Loss: 0.6822, Test Accuracy: 0.8802
Epoch 11/500 - Train Loss: 0.8182, Train Accuracy: 0.8275, Test Loss: 0.6198, Test Accuracy: 0.8990
Epoch 12/500 - Train Loss: 0.7861, Train Accuracy: 0.8550, Test Loss: 0.5755, Test Accuracy: 0.9021
Epoch 13/500 - Train Loss: 0.6936, Train Accuracy: 0.8725, Test Loss: 0.5273, Test Accuracy: 0.9161
Epoch 14/500 - Train Loss: 0.6388, Train Accuracy: 0.8850, Test Loss: 0.4878, Test Accuracy: 0.9178
Epoch 15/500 - Train Loss: 0.6275, Train Accuracy: 0.8900, Test Loss: 0.4635, Test Accuracy: 0.9231
Epoch 16/500 - Train Loss: 0.6114, Train Accuracy: 0.8800, Test Loss: 0.4356, Test Accuracy: 0.9292
Epoch 17/500 - Train Loss: 0.5855, Train Accuracy: 0.8650, Test Loss: 0.4216, Test Accuracy: 0.9292
Epoch 18/500 - Train Loss: 0.5642, Train Accuracy: 0.9050, Test Loss: 0.4010, Test Accuracy: 0.9292
Epoch 19/500 - Train Loss: 0.4817, Train Accuracy: 0.9225, Test Loss: 0.3846, Test Accuracy: 0.9331
Epoch 20/500 - Train Loss: 0.5216, Train Accuracy: 0.9025, Test Loss: 0.3707, Test Accuracy: 0.9362
Epoch 21/500 - Train Loss: 0.4767, Train Accuracy: 0.9025, Test Loss: 0.3601, Test Accuracy: 0.9353
Epoch 22/500 - Train Loss: 0.4394, Train Accuracy: 0.9175, Test Loss: 0.3547, Test Accuracy: 0.9379
Epoch 23/500 - Train Loss: 0.4468, Train Accuracy: 0.9100, Test Loss: 0.3560, Test Accuracy: 0.9366
Epoch 24/500 - Train Loss: 0.4235, Train Accuracy: 0.9150, Test Loss: 0.3643, Test Accuracy: 0.9344
Epoch 25/500 - Train Loss: 0.3939, Train Accuracy: 0.9325, Test Loss: 0.3442, Test Accuracy: 0.9401
Epoch 26/500 - Train Loss: 0.3969, Train Accuracy: 0.9200, Test Loss: 0.3375, Test Accuracy: 0.9414
Epoch 27/500 - Train Loss: 0.3840, Train Accuracy: 0.9300, Test Loss: 0.3381, Test Accuracy: 0.9379
Epoch 28/500 - Train Loss: 0.3782, Train Accuracy: 0.9250, Test Loss: 0.3402, Test Accuracy: 0.9410
Epoch 29/500 - Train Loss: 0.4075, Train Accuracy: 0.9275, Test Loss: 0.3377, Test Accuracy: 0.9366
Epoch 30/500 - Train Loss: 0.4334, Train Accuracy: 0.9150, Test Loss: 0.3242, Test Accuracy: 0.9423
Epoch 31/500 - Train Loss: 0.3587, Train Accuracy: 0.9425, Test Loss: 0.3210, Test Accuracy: 0.9449
Epoch 32/500 - Train Loss: 0.3770, Train Accuracy: 0.9350, Test Loss: 0.3220, Test Accuracy: 0.9436
Epoch 33/500 - Train Loss: 0.3713, Train Accuracy: 0.9350, Test Loss: 0.3138, Test Accuracy: 0.9462
Epoch 34/500 - Train Loss: 0.3702, Train Accuracy: 0.9300, Test Loss: 0.3157, Test Accuracy: 0.9419
Epoch 35/500 - Train Loss: 0.3065, Train Accuracy: 0.9650, Test Loss: 0.3111, Test Accuracy: 0.9467
Epoch 36/500 - Train Loss: 0.3194, Train Accuracy: 0.9550, Test Loss: 0.3133, Test Accuracy: 0.9432
Epoch 37/500 - Train Loss: 0.3100, Train Accuracy: 0.9625, Test Loss: 0.3124, Test Accuracy: 0.9445
Epoch 38/500 - Train Loss: 0.3760, Train Accuracy: 0.9175, Test Loss: 0.3156, Test Accuracy: 0.9406
Epoch 39/500 - Train Loss: 0.3313, Train Accuracy: 0.9400, Test Loss: 0.3182, Test Accuracy: 0.9414
Epoch 40/500 - Train Loss: 0.2987, Train Accuracy: 0.9625, Test Loss: 0.3160, Test Accuracy: 0.9414
Epoch 41/500 - Train Loss: 0.3068, Train Accuracy: 0.9575, Test Loss: 0.3025, Test Accuracy: 0.9493
Epoch 42/500 - Train Loss: 0.3365, Train Accuracy: 0.9300, Test Loss: 0.3100, Test Accuracy: 0.9449
Epoch 43/500 - Train Loss: 0.3211, Train Accuracy: 0.9450, Test Loss: 0.3206, Test Accuracy: 0.9406
Epoch 44/500 - Train Loss: 0.2983, Train Accuracy: 0.9575, Test Loss: 0.3099, Test Accuracy: 0.9449
Epoch 45/500 - Train Loss: 0.3153, Train Accuracy: 0.9450, Test Loss: 0.3042, Test Accuracy: 0.9458
Epoch 46/500 - Train Loss: 0.3109, Train Accuracy: 0.9450, Test Loss: 0.3121, Test Accuracy: 0.9423
Epoch 47/500 - Train Loss: 0.3352, Train Accuracy: 0.9375, Test Loss: 0.3124, Test Accuracy: 0.9432
Epoch 48/500 - Train Loss: 0.2939, Train Accuracy: 0.9450, Test Loss: 0.3007, Test Accuracy: 0.9493
Epoch 49/500 - Train Loss: 0.2971, Train Accuracy: 0.9650, Test Loss: 0.3004, Test Accuracy: 0.9489
Epoch 50/500 - Train Loss: 0.2990, Train Accuracy: 0.9500, Test Loss: 0.3159, Test Accuracy: 0.9419
Epoch 51/500 - Train Loss: 0.2870, Train Accuracy: 0.9550, Test Loss: 0.3158, Test Accuracy: 0.9410
Epoch 52/500 - Train Loss: 0.2297, Train Accuracy: 0.9800, Test Loss: 0.3037, Test Accuracy: 0.9454
Epoch 53/500 - Train Loss: 0.2492, Train Accuracy: 0.9725, Test Loss: 0.3201, Test Accuracy: 0.9406
Epoch 54/500 - Train Loss: 0.2756, Train Accuracy: 0.9675, Test Loss: 0.3203, Test Accuracy: 0.9392
Epoch 55/500 - Train Loss: 0.2802, Train Accuracy: 0.9575, Test Loss: 0.3082, Test Accuracy: 0.9427
Epoch 56/500 - Train Loss: 0.3053, Train Accuracy: 0.9500, Test Loss: 0.2972, Test Accuracy: 0.9506
Epoch 57/500 - Train Loss: 0.3122, Train Accuracy: 0.9400, Test Loss: 0.3023, Test Accuracy: 0.9467
Epoch 58/500 - Train Loss: 0.2693, Train Accuracy: 0.9650, Test Loss: 0.3056, Test Accuracy: 0.9458
Epoch 59/500 - Train Loss: 0.2551, Train Accuracy: 0.9700, Test Loss: 0.3114, Test Accuracy: 0.9419
Epoch 60/500 - Train Loss: 0.2656, Train Accuracy: 0.9575, Test Loss: 0.3123, Test Accuracy: 0.9419
Epoch 61/500 - Train Loss: 0.2480, Train Accuracy: 0.9600, Test Loss: 0.2998, Test Accuracy: 0.9467
Epoch 62/500 - Train Loss: 0.2443, Train Accuracy: 0.9700, Test Loss: 0.3032, Test Accuracy: 0.9441
Epoch 63/500 - Train Loss: 0.2375, Train Accuracy: 0.9725, Test Loss: 0.3010, Test Accuracy: 0.9467
Epoch 64/500 - Train Loss: 0.2597, Train Accuracy: 0.9750, Test Loss: 0.3130, Test Accuracy: 0.9432
Epoch 65/500 - Train Loss: 0.2908, Train Accuracy: 0.9400, Test Loss: 0.3066, Test Accuracy: 0.9454
Epoch 66/500 - Train Loss: 0.2391, Train Accuracy: 0.9750, Test Loss: 0.3110, Test Accuracy: 0.9432
Epoch 67/500 - Train Loss: 0.2605, Train Accuracy: 0.9625, Test Loss: 0.3031, Test Accuracy: 0.9462
Epoch 68/500 - Train Loss: 0.2490, Train Accuracy: 0.9750, Test Loss: 0.3163, Test Accuracy: 0.9401
Epoch 69/500 - Train Loss: 0.2834, Train Accuracy: 0.9600, Test Loss: 0.3000, Test Accuracy: 0.9497
Epoch 70/500 - Train Loss: 0.2419, Train Accuracy: 0.9700, Test Loss: 0.2998, Test Accuracy: 0.9476
Epoch 71/500 - Train Loss: 0.2072, Train Accuracy: 0.9825, Test Loss: 0.2984, Test Accuracy: 0.9471

Early stopping triggered at epoch 71
Best test loss: 0.2972
Best test accuracy: 0.9506
Plot saved as trained_models/Sweep_data run/metrics/loss.png
Plot saved as trained_models/Sweep_data run/metrics/metrics.png
