Using GPU 0: NVIDIA GeForce RTX 3090
Epoch 1/500 - Train Loss: 1.6703, Train Accuracy: 0.4825, Test Loss: 20.2279, Test Accuracy: 0.2260
Epoch 2/500 - Train Loss: 1.3446, Train Accuracy: 0.5675, Test Loss: 6.2181, Test Accuracy: 0.3545
Epoch 3/500 - Train Loss: 1.0288, Train Accuracy: 0.6975, Test Loss: 2.3980, Test Accuracy: 0.4362
Epoch 4/500 - Train Loss: 0.9999, Train Accuracy: 0.7300, Test Loss: 1.3720, Test Accuracy: 0.6801
Epoch 5/500 - Train Loss: 0.9527, Train Accuracy: 0.7525, Test Loss: 1.3564, Test Accuracy: 0.6438
Epoch 6/500 - Train Loss: 0.8333, Train Accuracy: 0.8025, Test Loss: 1.3334, Test Accuracy: 0.6761
Epoch 7/500 - Train Loss: 0.7950, Train Accuracy: 0.8250, Test Loss: 1.0572, Test Accuracy: 0.7295
Epoch 8/500 - Train Loss: 0.8247, Train Accuracy: 0.7950, Test Loss: 1.3406, Test Accuracy: 0.6372
Epoch 9/500 - Train Loss: 0.8367, Train Accuracy: 0.8075, Test Loss: 1.2594, Test Accuracy: 0.6718
Epoch 10/500 - Train Loss: 0.8195, Train Accuracy: 0.8100, Test Loss: 1.1821, Test Accuracy: 0.6980
Epoch 11/500 - Train Loss: 0.7305, Train Accuracy: 0.8475, Test Loss: 1.2047, Test Accuracy: 0.6722
Epoch 12/500 - Train Loss: 0.7582, Train Accuracy: 0.8225, Test Loss: 1.0078, Test Accuracy: 0.7238
Epoch 13/500 - Train Loss: 0.7333, Train Accuracy: 0.8525, Test Loss: 0.9066, Test Accuracy: 0.7749
Epoch 14/500 - Train Loss: 0.7660, Train Accuracy: 0.8425, Test Loss: 1.0985, Test Accuracy: 0.7225
Epoch 15/500 - Train Loss: 0.7172, Train Accuracy: 0.8450, Test Loss: 1.5508, Test Accuracy: 0.7155
Epoch 16/500 - Train Loss: 0.6493, Train Accuracy: 0.8850, Test Loss: 0.7462, Test Accuracy: 0.8479
Epoch 17/500 - Train Loss: 0.6039, Train Accuracy: 0.8975, Test Loss: 0.8253, Test Accuracy: 0.8038
Epoch 18/500 - Train Loss: 0.5989, Train Accuracy: 0.8975, Test Loss: 0.7904, Test Accuracy: 0.8230
Epoch 19/500 - Train Loss: 0.6441, Train Accuracy: 0.8900, Test Loss: 0.8496, Test Accuracy: 0.7915
Epoch 20/500 - Train Loss: 0.7357, Train Accuracy: 0.8450, Test Loss: 1.1526, Test Accuracy: 0.7190
Epoch 21/500 - Train Loss: 0.6440, Train Accuracy: 0.8850, Test Loss: 1.0592, Test Accuracy: 0.7277
Epoch 22/500 - Train Loss: 0.6726, Train Accuracy: 0.8600, Test Loss: 0.7909, Test Accuracy: 0.8322
Epoch 23/500 - Train Loss: 0.6182, Train Accuracy: 0.8975, Test Loss: 0.8863, Test Accuracy: 0.8059
Epoch 24/500 - Train Loss: 0.6286, Train Accuracy: 0.8850, Test Loss: 0.9955, Test Accuracy: 0.7330
Epoch 25/500 - Train Loss: 0.6546, Train Accuracy: 0.8975, Test Loss: 0.7422, Test Accuracy: 0.8470
Epoch 26/500 - Train Loss: 0.5878, Train Accuracy: 0.8875, Test Loss: 0.9459, Test Accuracy: 0.7941
Epoch 27/500 - Train Loss: 0.6125, Train Accuracy: 0.8900, Test Loss: 1.0120, Test Accuracy: 0.7238
Epoch 28/500 - Train Loss: 0.6235, Train Accuracy: 0.8975, Test Loss: 0.7463, Test Accuracy: 0.8584
Epoch 29/500 - Train Loss: 0.5202, Train Accuracy: 0.9400, Test Loss: 0.6352, Test Accuracy: 0.8807
Epoch 30/500 - Train Loss: 0.4763, Train Accuracy: 0.9625, Test Loss: 0.7194, Test Accuracy: 0.8488
Epoch 31/500 - Train Loss: 0.5458, Train Accuracy: 0.9325, Test Loss: 0.7521, Test Accuracy: 0.8322
Epoch 32/500 - Train Loss: 0.5498, Train Accuracy: 0.9225, Test Loss: 0.8373, Test Accuracy: 0.8160
Epoch 33/500 - Train Loss: 0.5505, Train Accuracy: 0.9300, Test Loss: 0.9210, Test Accuracy: 0.8291
Epoch 34/500 - Train Loss: 0.5468, Train Accuracy: 0.9475, Test Loss: 0.8906, Test Accuracy: 0.7972
Epoch 35/500 - Train Loss: 0.5189, Train Accuracy: 0.9450, Test Loss: 0.8449, Test Accuracy: 0.8138
Epoch 36/500 - Train Loss: 0.5525, Train Accuracy: 0.9425, Test Loss: 1.3122, Test Accuracy: 0.7487
Epoch 37/500 - Train Loss: 0.5229, Train Accuracy: 0.9325, Test Loss: 0.6984, Test Accuracy: 0.8580
Epoch 38/500 - Train Loss: 0.5398, Train Accuracy: 0.9375, Test Loss: 0.8966, Test Accuracy: 0.8121
Epoch 39/500 - Train Loss: 0.5211, Train Accuracy: 0.9350, Test Loss: 0.7532, Test Accuracy: 0.8497
Epoch 40/500 - Train Loss: 0.4994, Train Accuracy: 0.9450, Test Loss: 0.7404, Test Accuracy: 0.8702
Epoch 41/500 - Train Loss: 0.4709, Train Accuracy: 0.9650, Test Loss: 0.7058, Test Accuracy: 0.8527
Epoch 42/500 - Train Loss: 0.5889, Train Accuracy: 0.8925, Test Loss: 0.8794, Test Accuracy: 0.7723
Epoch 43/500 - Train Loss: 0.5465, Train Accuracy: 0.9375, Test Loss: 0.8866, Test Accuracy: 0.7758
Epoch 44/500 - Train Loss: 0.5021, Train Accuracy: 0.9525, Test Loss: 0.7964, Test Accuracy: 0.8553

Early stopping triggered at epoch 44
Best test loss: 0.6352
Best test accuracy: 0.8807
Plot saved as trained_models/Sweep run/metrics/loss.png
Plot saved as trained_models/Sweep run/metrics/metrics.png
