Using GPU 0: NVIDIA GeForce RTX 3090
Epoch 1/500 - Train Loss: 2.0742, Train Accuracy: 0.1775, Test Loss: 2.0362, Test Accuracy: 0.2146
Epoch 2/500 - Train Loss: 1.8775, Train Accuracy: 0.3400, Test Loss: 1.8762, Test Accuracy: 0.3370
Epoch 3/500 - Train Loss: 1.7168, Train Accuracy: 0.5150, Test Loss: 1.6754, Test Accuracy: 0.4816
Epoch 4/500 - Train Loss: 1.5443, Train Accuracy: 0.5925, Test Loss: 1.4777, Test Accuracy: 0.5983
Epoch 5/500 - Train Loss: 1.4012, Train Accuracy: 0.6725, Test Loss: 1.3132, Test Accuracy: 0.6774
Epoch 6/500 - Train Loss: 1.2977, Train Accuracy: 0.7050, Test Loss: 1.1619, Test Accuracy: 0.7552
Epoch 7/500 - Train Loss: 1.1346, Train Accuracy: 0.7625, Test Loss: 1.0495, Test Accuracy: 0.7885
Epoch 8/500 - Train Loss: 1.0875, Train Accuracy: 0.7750, Test Loss: 0.9407, Test Accuracy: 0.8191
Epoch 9/500 - Train Loss: 0.9957, Train Accuracy: 0.7975, Test Loss: 0.8441, Test Accuracy: 0.8475
Epoch 10/500 - Train Loss: 0.9126, Train Accuracy: 0.8075, Test Loss: 0.7657, Test Accuracy: 0.8698
Epoch 11/500 - Train Loss: 0.8160, Train Accuracy: 0.8325, Test Loss: 0.6993, Test Accuracy: 0.8785
Epoch 12/500 - Train Loss: 0.7747, Train Accuracy: 0.8400, Test Loss: 0.6377, Test Accuracy: 0.8894
Epoch 13/500 - Train Loss: 0.7182, Train Accuracy: 0.8650, Test Loss: 0.5833, Test Accuracy: 0.8934
Epoch 14/500 - Train Loss: 0.6865, Train Accuracy: 0.8525, Test Loss: 0.5372, Test Accuracy: 0.8990
Epoch 15/500 - Train Loss: 0.6468, Train Accuracy: 0.8725, Test Loss: 0.5065, Test Accuracy: 0.9095
Epoch 16/500 - Train Loss: 0.6124, Train Accuracy: 0.8700, Test Loss: 0.4866, Test Accuracy: 0.9017
Epoch 17/500 - Train Loss: 0.5849, Train Accuracy: 0.8800, Test Loss: 0.4643, Test Accuracy: 0.9091
Epoch 18/500 - Train Loss: 0.5501, Train Accuracy: 0.9025, Test Loss: 0.4429, Test Accuracy: 0.9156
Epoch 19/500 - Train Loss: 0.5376, Train Accuracy: 0.9000, Test Loss: 0.4339, Test Accuracy: 0.9174
Epoch 20/500 - Train Loss: 0.5150, Train Accuracy: 0.9000, Test Loss: 0.4163, Test Accuracy: 0.9187
Epoch 21/500 - Train Loss: 0.5152, Train Accuracy: 0.9050, Test Loss: 0.3995, Test Accuracy: 0.9235
Epoch 22/500 - Train Loss: 0.4681, Train Accuracy: 0.9225, Test Loss: 0.3936, Test Accuracy: 0.9222
Epoch 23/500 - Train Loss: 0.4846, Train Accuracy: 0.9050, Test Loss: 0.3945, Test Accuracy: 0.9200
Epoch 24/500 - Train Loss: 0.4634, Train Accuracy: 0.9150, Test Loss: 0.3825, Test Accuracy: 0.9174
Epoch 25/500 - Train Loss: 0.4576, Train Accuracy: 0.9300, Test Loss: 0.3704, Test Accuracy: 0.9244
Epoch 26/500 - Train Loss: 0.4324, Train Accuracy: 0.9150, Test Loss: 0.3615, Test Accuracy: 0.9261
Epoch 27/500 - Train Loss: 0.4133, Train Accuracy: 0.9150, Test Loss: 0.3520, Test Accuracy: 0.9331
Epoch 28/500 - Train Loss: 0.4229, Train Accuracy: 0.9100, Test Loss: 0.3498, Test Accuracy: 0.9336
Epoch 29/500 - Train Loss: 0.4114, Train Accuracy: 0.9225, Test Loss: 0.3501, Test Accuracy: 0.9327
Epoch 30/500 - Train Loss: 0.4255, Train Accuracy: 0.9150, Test Loss: 0.3420, Test Accuracy: 0.9336
Epoch 31/500 - Train Loss: 0.3850, Train Accuracy: 0.9275, Test Loss: 0.3408, Test Accuracy: 0.9349
Epoch 32/500 - Train Loss: 0.3800, Train Accuracy: 0.9175, Test Loss: 0.3390, Test Accuracy: 0.9353
Epoch 33/500 - Train Loss: 0.3517, Train Accuracy: 0.9475, Test Loss: 0.3426, Test Accuracy: 0.9318
Epoch 34/500 - Train Loss: 0.3843, Train Accuracy: 0.9275, Test Loss: 0.3494, Test Accuracy: 0.9283
Epoch 35/500 - Train Loss: 0.3504, Train Accuracy: 0.9475, Test Loss: 0.3337, Test Accuracy: 0.9344
Epoch 36/500 - Train Loss: 0.3425, Train Accuracy: 0.9375, Test Loss: 0.3379, Test Accuracy: 0.9327
Epoch 37/500 - Train Loss: 0.3738, Train Accuracy: 0.9200, Test Loss: 0.3335, Test Accuracy: 0.9336
Epoch 38/500 - Train Loss: 0.3342, Train Accuracy: 0.9475, Test Loss: 0.3311, Test Accuracy: 0.9349
Epoch 39/500 - Train Loss: 0.3129, Train Accuracy: 0.9450, Test Loss: 0.3323, Test Accuracy: 0.9340
Epoch 40/500 - Train Loss: 0.3214, Train Accuracy: 0.9500, Test Loss: 0.3327, Test Accuracy: 0.9323
Epoch 41/500 - Train Loss: 0.3262, Train Accuracy: 0.9500, Test Loss: 0.3332, Test Accuracy: 0.9349
Epoch 42/500 - Train Loss: 0.3263, Train Accuracy: 0.9450, Test Loss: 0.3298, Test Accuracy: 0.9327
Epoch 43/500 - Train Loss: 0.2870, Train Accuracy: 0.9625, Test Loss: 0.3307, Test Accuracy: 0.9296
Epoch 44/500 - Train Loss: 0.3263, Train Accuracy: 0.9525, Test Loss: 0.3251, Test Accuracy: 0.9336
Epoch 45/500 - Train Loss: 0.2562, Train Accuracy: 0.9700, Test Loss: 0.3196, Test Accuracy: 0.9366
Epoch 46/500 - Train Loss: 0.2839, Train Accuracy: 0.9675, Test Loss: 0.3181, Test Accuracy: 0.9384
Epoch 47/500 - Train Loss: 0.3132, Train Accuracy: 0.9475, Test Loss: 0.3211, Test Accuracy: 0.9371
Epoch 48/500 - Train Loss: 0.2598, Train Accuracy: 0.9650, Test Loss: 0.3184, Test Accuracy: 0.9362
Epoch 49/500 - Train Loss: 0.3340, Train Accuracy: 0.9425, Test Loss: 0.3271, Test Accuracy: 0.9336
Epoch 50/500 - Train Loss: 0.2885, Train Accuracy: 0.9575, Test Loss: 0.3317, Test Accuracy: 0.9279
Epoch 51/500 - Train Loss: 0.2850, Train Accuracy: 0.9625, Test Loss: 0.3160, Test Accuracy: 0.9384
Epoch 52/500 - Train Loss: 0.2684, Train Accuracy: 0.9650, Test Loss: 0.3122, Test Accuracy: 0.9410
Epoch 53/500 - Train Loss: 0.2845, Train Accuracy: 0.9575, Test Loss: 0.3202, Test Accuracy: 0.9379
Epoch 54/500 - Train Loss: 0.2847, Train Accuracy: 0.9500, Test Loss: 0.3199, Test Accuracy: 0.9384
Epoch 55/500 - Train Loss: 0.2456, Train Accuracy: 0.9675, Test Loss: 0.3203, Test Accuracy: 0.9358
Epoch 56/500 - Train Loss: 0.2460, Train Accuracy: 0.9775, Test Loss: 0.3158, Test Accuracy: 0.9375
Epoch 57/500 - Train Loss: 0.2478, Train Accuracy: 0.9725, Test Loss: 0.3158, Test Accuracy: 0.9406
Epoch 58/500 - Train Loss: 0.2305, Train Accuracy: 0.9800, Test Loss: 0.3216, Test Accuracy: 0.9375
Epoch 59/500 - Train Loss: 0.2666, Train Accuracy: 0.9725, Test Loss: 0.3268, Test Accuracy: 0.9314
Epoch 60/500 - Train Loss: 0.2636, Train Accuracy: 0.9600, Test Loss: 0.3222, Test Accuracy: 0.9353
Epoch 61/500 - Train Loss: 0.2394, Train Accuracy: 0.9725, Test Loss: 0.3204, Test Accuracy: 0.9375
Epoch 62/500 - Train Loss: 0.2704, Train Accuracy: 0.9550, Test Loss: 0.3247, Test Accuracy: 0.9379
Epoch 63/500 - Train Loss: 0.2412, Train Accuracy: 0.9675, Test Loss: 0.3276, Test Accuracy: 0.9314
Epoch 64/500 - Train Loss: 0.2395, Train Accuracy: 0.9650, Test Loss: 0.3221, Test Accuracy: 0.9340
Epoch 65/500 - Train Loss: 0.2173, Train Accuracy: 0.9850, Test Loss: 0.3335, Test Accuracy: 0.9283
Epoch 66/500 - Train Loss: 0.2417, Train Accuracy: 0.9675, Test Loss: 0.3226, Test Accuracy: 0.9323
Epoch 67/500 - Train Loss: 0.2456, Train Accuracy: 0.9675, Test Loss: 0.3284, Test Accuracy: 0.9270

Early stopping triggered at epoch 67
Best test loss: 0.3122
Best test accuracy: 0.9410
Plot saved as trained_models/Sweep_data run/metrics/loss.png
Plot saved as trained_models/Sweep_data run/metrics/metrics.png
