Using GPU 0: NVIDIA GeForce RTX 3090
Epoch 1/500 - Train Loss: 1.7908, Train Accuracy: 0.4025, Test Loss: 1.9920, Test Accuracy: 0.2247
Epoch 2/500 - Train Loss: 1.0071, Train Accuracy: 0.8275, Test Loss: 1.4185, Test Accuracy: 0.7229
Epoch 3/500 - Train Loss: 0.5804, Train Accuracy: 0.9275, Test Loss: 0.8381, Test Accuracy: 0.8798
Epoch 4/500 - Train Loss: 0.4126, Train Accuracy: 0.9475, Test Loss: 0.5237, Test Accuracy: 0.9187
Epoch 5/500 - Train Loss: 0.3073, Train Accuracy: 0.9550, Test Loss: 0.3786, Test Accuracy: 0.9301
Epoch 6/500 - Train Loss: 0.2282, Train Accuracy: 0.9750, Test Loss: 0.3155, Test Accuracy: 0.9384
Epoch 7/500 - Train Loss: 0.2046, Train Accuracy: 0.9750, Test Loss: 0.2808, Test Accuracy: 0.9436
Epoch 8/500 - Train Loss: 0.1835, Train Accuracy: 0.9825, Test Loss: 0.2586, Test Accuracy: 0.9524
Epoch 9/500 - Train Loss: 0.1503, Train Accuracy: 0.9950, Test Loss: 0.2578, Test Accuracy: 0.9506
Epoch 10/500 - Train Loss: 0.1528, Train Accuracy: 0.9875, Test Loss: 0.2672, Test Accuracy: 0.9458
Epoch 11/500 - Train Loss: 0.1256, Train Accuracy: 0.9950, Test Loss: 0.2527, Test Accuracy: 0.9497
Epoch 12/500 - Train Loss: 0.1369, Train Accuracy: 0.9875, Test Loss: 0.2443, Test Accuracy: 0.9493
Epoch 13/500 - Train Loss: 0.1185, Train Accuracy: 0.9950, Test Loss: 0.2476, Test Accuracy: 0.9471
Epoch 14/500 - Train Loss: 0.1143, Train Accuracy: 1.0000, Test Loss: 0.2492, Test Accuracy: 0.9445
Epoch 15/500 - Train Loss: 0.1347, Train Accuracy: 0.9900, Test Loss: 0.2627, Test Accuracy: 0.9388
Epoch 16/500 - Train Loss: 0.1251, Train Accuracy: 0.9950, Test Loss: 0.2504, Test Accuracy: 0.9497
Epoch 17/500 - Train Loss: 0.1228, Train Accuracy: 0.9925, Test Loss: 0.2463, Test Accuracy: 0.9489
Epoch 18/500 - Train Loss: 0.1320, Train Accuracy: 0.9925, Test Loss: 0.2744, Test Accuracy: 0.9410
Epoch 19/500 - Train Loss: 0.1163, Train Accuracy: 0.9950, Test Loss: 0.2505, Test Accuracy: 0.9471
Epoch 20/500 - Train Loss: 0.1134, Train Accuracy: 0.9925, Test Loss: 0.2509, Test Accuracy: 0.9432
Epoch 21/500 - Train Loss: 0.1135, Train Accuracy: 0.9950, Test Loss: 0.2590, Test Accuracy: 0.9414
Epoch 22/500 - Train Loss: 0.1132, Train Accuracy: 0.9975, Test Loss: 0.2578, Test Accuracy: 0.9454
Epoch 23/500 - Train Loss: 0.1252, Train Accuracy: 0.9850, Test Loss: 0.2535, Test Accuracy: 0.9445
Epoch 24/500 - Train Loss: 0.1140, Train Accuracy: 0.9925, Test Loss: 0.2549, Test Accuracy: 0.9449
Epoch 25/500 - Train Loss: 0.1179, Train Accuracy: 0.9975, Test Loss: 0.2676, Test Accuracy: 0.9318
Epoch 26/500 - Train Loss: 0.1025, Train Accuracy: 1.0000, Test Loss: 0.2781, Test Accuracy: 0.9296
Epoch 27/500 - Train Loss: 0.1128, Train Accuracy: 0.9925, Test Loss: 0.2662, Test Accuracy: 0.9336

Early stopping triggered at epoch 27
Best test loss: 0.2443
Best test accuracy: 0.9497
Plot saved as trained_models/Sweep run/metrics/loss.png
Plot saved as trained_models/Sweep run/metrics/metrics.png
