Using GPU 0: NVIDIA GeForce RTX 3090
Epoch 1/500 - Train Loss: 2.1092, Train Accuracy: 0.1325, Test Loss: 2.0434, Test Accuracy: 0.1844
Epoch 2/500 - Train Loss: 1.8811, Train Accuracy: 0.3475, Test Loss: 1.7935, Test Accuracy: 0.4235
Epoch 3/500 - Train Loss: 1.6707, Train Accuracy: 0.4825, Test Loss: 1.5273, Test Accuracy: 0.6390
Epoch 4/500 - Train Loss: 1.5073, Train Accuracy: 0.6000, Test Loss: 1.2926, Test Accuracy: 0.7483
Epoch 5/500 - Train Loss: 1.3598, Train Accuracy: 0.6900, Test Loss: 1.1096, Test Accuracy: 0.8160
Epoch 6/500 - Train Loss: 1.1728, Train Accuracy: 0.7700, Test Loss: 0.9605, Test Accuracy: 0.8396
Epoch 7/500 - Train Loss: 1.0822, Train Accuracy: 0.7875, Test Loss: 0.8321, Test Accuracy: 0.8711
Epoch 8/500 - Train Loss: 0.9683, Train Accuracy: 0.8375, Test Loss: 0.7234, Test Accuracy: 0.8969
Epoch 9/500 - Train Loss: 0.8659, Train Accuracy: 0.8500, Test Loss: 0.6324, Test Accuracy: 0.9148
Epoch 10/500 - Train Loss: 0.7920, Train Accuracy: 0.8700, Test Loss: 0.5651, Test Accuracy: 0.9240
Epoch 11/500 - Train Loss: 0.7385, Train Accuracy: 0.8550, Test Loss: 0.5185, Test Accuracy: 0.9266
Epoch 12/500 - Train Loss: 0.7054, Train Accuracy: 0.8675, Test Loss: 0.4811, Test Accuracy: 0.9336
Epoch 13/500 - Train Loss: 0.6222, Train Accuracy: 0.8925, Test Loss: 0.4478, Test Accuracy: 0.9392
Epoch 14/500 - Train Loss: 0.5881, Train Accuracy: 0.9175, Test Loss: 0.4254, Test Accuracy: 0.9371
Epoch 15/500 - Train Loss: 0.5169, Train Accuracy: 0.9225, Test Loss: 0.4072, Test Accuracy: 0.9427
Epoch 16/500 - Train Loss: 0.5365, Train Accuracy: 0.9200, Test Loss: 0.3844, Test Accuracy: 0.9427
Epoch 17/500 - Train Loss: 0.4853, Train Accuracy: 0.9250, Test Loss: 0.3724, Test Accuracy: 0.9432
Epoch 18/500 - Train Loss: 0.4838, Train Accuracy: 0.9100, Test Loss: 0.3613, Test Accuracy: 0.9441
Epoch 19/500 - Train Loss: 0.4352, Train Accuracy: 0.9325, Test Loss: 0.3561, Test Accuracy: 0.9458
Epoch 20/500 - Train Loss: 0.4105, Train Accuracy: 0.9375, Test Loss: 0.3463, Test Accuracy: 0.9489
Epoch 21/500 - Train Loss: 0.4467, Train Accuracy: 0.9275, Test Loss: 0.3387, Test Accuracy: 0.9445
Epoch 22/500 - Train Loss: 0.3950, Train Accuracy: 0.9275, Test Loss: 0.3276, Test Accuracy: 0.9497
Epoch 23/500 - Train Loss: 0.3564, Train Accuracy: 0.9575, Test Loss: 0.3224, Test Accuracy: 0.9502
Epoch 24/500 - Train Loss: 0.3654, Train Accuracy: 0.9525, Test Loss: 0.3187, Test Accuracy: 0.9515
Epoch 25/500 - Train Loss: 0.3637, Train Accuracy: 0.9450, Test Loss: 0.3123, Test Accuracy: 0.9541
Epoch 26/500 - Train Loss: 0.3718, Train Accuracy: 0.9325, Test Loss: 0.3152, Test Accuracy: 0.9489
Epoch 27/500 - Train Loss: 0.3580, Train Accuracy: 0.9475, Test Loss: 0.3138, Test Accuracy: 0.9506
Epoch 28/500 - Train Loss: 0.3507, Train Accuracy: 0.9375, Test Loss: 0.3078, Test Accuracy: 0.9502
Epoch 29/500 - Train Loss: 0.3616, Train Accuracy: 0.9225, Test Loss: 0.3153, Test Accuracy: 0.9467
Epoch 30/500 - Train Loss: 0.3058, Train Accuracy: 0.9475, Test Loss: 0.3037, Test Accuracy: 0.9545
Epoch 31/500 - Train Loss: 0.3011, Train Accuracy: 0.9600, Test Loss: 0.3027, Test Accuracy: 0.9515
Epoch 32/500 - Train Loss: 0.3248, Train Accuracy: 0.9450, Test Loss: 0.3030, Test Accuracy: 0.9524
Epoch 33/500 - Train Loss: 0.3283, Train Accuracy: 0.9350, Test Loss: 0.3114, Test Accuracy: 0.9467
Epoch 34/500 - Train Loss: 0.3258, Train Accuracy: 0.9475, Test Loss: 0.3108, Test Accuracy: 0.9476
Epoch 35/500 - Train Loss: 0.3158, Train Accuracy: 0.9400, Test Loss: 0.3007, Test Accuracy: 0.9519
Epoch 36/500 - Train Loss: 0.2775, Train Accuracy: 0.9700, Test Loss: 0.2978, Test Accuracy: 0.9502
Epoch 37/500 - Train Loss: 0.2764, Train Accuracy: 0.9600, Test Loss: 0.2923, Test Accuracy: 0.9502
Epoch 38/500 - Train Loss: 0.2512, Train Accuracy: 0.9725, Test Loss: 0.2926, Test Accuracy: 0.9510
Epoch 39/500 - Train Loss: 0.3040, Train Accuracy: 0.9375, Test Loss: 0.2971, Test Accuracy: 0.9515
Epoch 40/500 - Train Loss: 0.2482, Train Accuracy: 0.9725, Test Loss: 0.2893, Test Accuracy: 0.9563
Epoch 41/500 - Train Loss: 0.2487, Train Accuracy: 0.9700, Test Loss: 0.2930, Test Accuracy: 0.9532
Epoch 42/500 - Train Loss: 0.2862, Train Accuracy: 0.9625, Test Loss: 0.2952, Test Accuracy: 0.9515
Epoch 43/500 - Train Loss: 0.2627, Train Accuracy: 0.9625, Test Loss: 0.2974, Test Accuracy: 0.9476
Epoch 44/500 - Train Loss: 0.2718, Train Accuracy: 0.9725, Test Loss: 0.2996, Test Accuracy: 0.9484
Epoch 45/500 - Train Loss: 0.2717, Train Accuracy: 0.9625, Test Loss: 0.2967, Test Accuracy: 0.9467
Epoch 46/500 - Train Loss: 0.2585, Train Accuracy: 0.9700, Test Loss: 0.2987, Test Accuracy: 0.9480
Epoch 47/500 - Train Loss: 0.2677, Train Accuracy: 0.9575, Test Loss: 0.2955, Test Accuracy: 0.9476
Epoch 48/500 - Train Loss: 0.2314, Train Accuracy: 0.9800, Test Loss: 0.2956, Test Accuracy: 0.9480
Epoch 49/500 - Train Loss: 0.2328, Train Accuracy: 0.9800, Test Loss: 0.2963, Test Accuracy: 0.9467
Epoch 50/500 - Train Loss: 0.2198, Train Accuracy: 0.9775, Test Loss: 0.2924, Test Accuracy: 0.9506
Epoch 51/500 - Train Loss: 0.2833, Train Accuracy: 0.9500, Test Loss: 0.2951, Test Accuracy: 0.9493
Epoch 52/500 - Train Loss: 0.2455, Train Accuracy: 0.9725, Test Loss: 0.3023, Test Accuracy: 0.9441
Epoch 53/500 - Train Loss: 0.2037, Train Accuracy: 0.9850, Test Loss: 0.2967, Test Accuracy: 0.9462
Epoch 54/500 - Train Loss: 0.2152, Train Accuracy: 0.9900, Test Loss: 0.3066, Test Accuracy: 0.9419
Epoch 55/500 - Train Loss: 0.2326, Train Accuracy: 0.9750, Test Loss: 0.2963, Test Accuracy: 0.9454

Early stopping triggered at epoch 55
Best test loss: 0.2893
Best test accuracy: 0.9563
Plot saved as trained_models/Sweep_data run/metrics/loss.png
Plot saved as trained_models/Sweep_data run/metrics/metrics.png
