wandb: Starting wandb agent 🕵️
2026-01-10 19:51:34,521 - wandb.wandb_agent - INFO - Running runs: []
2026-01-10 19:51:34,832 - wandb.wandb_agent - INFO - Agent received command: run
2026-01-10 19:51:34,832 - wandb.wandb_agent - INFO - Agent starting run with config:
	affine: 0.34083545364458023
	blur: 0.19842737145582567
	brightness: 0.6220526790386999
	contrast: 0.7305010887780984
	crop: 0.5675002316032659
	crop_scale: 0.6835132284081987
	flip: 0.014085877673471804
	gaussian_blur_kernel: 5
	gaussian_noise_std: 2.4617038223041376
	grey: 0.7468490168420119
	hue: -0.04241443354892782
	jiggle: 0.2256717386598074
	rotate: 0.14479547454006625
	rotation: 20
	saturation: 1.07796618859442
	scale: 1.1705337146075028
	shear: 5
	translate_x: 0.0766049524444644
	translate_y: 0.04341886895533453
2026-01-10 19:51:34,836 - wandb.wandb_agent - INFO - About to run command: /usr/bin/env python train_data.py --affine=0.34083545364458023 --blur=0.19842737145582567 --brightness=0.6220526790386999 --contrast=0.7305010887780984 --crop=0.5675002316032659 --crop_scale=0.6835132284081987 --flip=0.014085877673471804 --gaussian_blur_kernel=5 --gaussian_noise_std=2.4617038223041376 --grey=0.7468490168420119 --hue=-0.04241443354892782 --jiggle=0.2256717386598074 --rotate=0.14479547454006625 --rotation=20 --saturation=1.07796618859442 --scale=1.1705337146075028 --shear=5 --translate_x=0.0766049524444644 --translate_y=0.04341886895533453
wandb: Currently logged in as: arnaumarcosalmansa (mcv-team-6) to https://api.wandb.ai. Use `wandb login --relogin` to force relogin
wandb: WARNING Ignoring project 'C3-Week3' when running a sweep.
wandb: WARNING Ignoring entity 'mcv-team-6' when running a sweep.
2026-01-10 19:51:39,843 - wandb.wandb_agent - INFO - Running runs: ['0ttn53vn']
wandb: setting up run 0ttn53vn
wandb: Tracking run with wandb version 0.23.1
wandb: Run data is saved locally in /export/home/group06/workspace/project-team-6/Week3/wandb/run-20260110_195139-0ttn53vn
wandb: Run `wandb offline` to turn off syncing.
wandb: Syncing run Sweep run
wandb: ⭐️ View project at https://wandb.ai/mcv-team-6/C3-Week3
wandb: 🧹 View sweep at https://wandb.ai/mcv-team-6/C3-Week3/sweeps/g5vb4edr
wandb: 🚀 View run at https://wandb.ai/mcv-team-6/C3-Week3/runs/0ttn53vn
Traceback (most recent call last):
  File "/export/home/group06/workspace/project-team-6/Week3/train_data.py", line 61, in <module>
    ka.ColorJitter(brightness=cfg.brightness,
  File "/ghome/group06/miniconda3/envs/c3/lib/python3.12/site-packages/kornia/augmentation/_2d/intensity/color_jitter.py", line 105, in __init__
    self._param_generator = rg.ColorJitterGenerator(brightness, contrast, saturation, hue)
                            ^^^^^^^^^^^^^^^^^^^^^^^^^^^^^^^^^^^^^^^^^^^^^^^^^^^^^^^^^^^^^^
  File "/ghome/group06/miniconda3/envs/c3/lib/python3.12/site-packages/kornia/augmentation/random_generator/base.py", line 34, in __call__
    obj.__post_init__()
  File "/ghome/group06/miniconda3/envs/c3/lib/python3.12/site-packages/kornia/augmentation/random_generator/base.py", line 48, in __post_init__
    self.set_rng_device_and_dtype()
  File "/ghome/group06/miniconda3/envs/c3/lib/python3.12/site-packages/kornia/augmentation/random_generator/base.py", line 64, in set_rng_device_and_dtype
    self.make_samplers(device, dtype)
  File "/ghome/group06/miniconda3/envs/c3/lib/python3.12/site-packages/kornia/augmentation/random_generator/_2d/color_jitter.py", line 86, in make_samplers
    hue: Tensor = _range_bound(self.hue, "hue", bounds=(-0.5, 0.5), device=device, dtype=dtype)
                  ^^^^^^^^^^^^^^^^^^^^^^^^^^^^^^^^^^^^^^^^^^^^^^^^^^^^^^^^^^^^^^^^^^^^^^^^^^^^^
  File "/ghome/group06/miniconda3/envs/c3/lib/python3.12/site-packages/kornia/augmentation/utils/param_validation.py", line 53, in _range_bound
    raise ValueError(f"If {name} is a single number, it must be non negative. Got {factor}.")
ValueError: If hue is a single number, it must be non negative. Got -0.042414434254169464.
2026-01-10 19:51:44,979 - wandb.wandb_agent - INFO - Cleaning up finished run: 0ttn53vn
wandb: Terminating and syncing runs. Press ctrl-c to kill.
