Using GPU 0: NVIDIA GeForce RTX 3090
Epoch 1/500 - Train Loss: 1.9114, Train Accuracy: 0.2925, Test Loss: 2.0336, Test Accuracy: 0.2045
Epoch 2/500 - Train Loss: 1.3553, Train Accuracy: 0.7025, Test Loss: 1.6642, Test Accuracy: 0.5769
Epoch 3/500 - Train Loss: 0.8949, Train Accuracy: 0.9000, Test Loss: 1.1380, Test Accuracy: 0.8073
Epoch 4/500 - Train Loss: 0.6660, Train Accuracy: 0.9125, Test Loss: 0.7944, Test Accuracy: 0.8982
Epoch 5/500 - Train Loss: 0.4970, Train Accuracy: 0.9450, Test Loss: 0.5760, Test Accuracy: 0.9205
Epoch 6/500 - Train Loss: 0.3832, Train Accuracy: 0.9575, Test Loss: 0.4592, Test Accuracy: 0.9292
Epoch 7/500 - Train Loss: 0.3278, Train Accuracy: 0.9675, Test Loss: 0.3753, Test Accuracy: 0.9445
Epoch 8/500 - Train Loss: 0.2929, Train Accuracy: 0.9825, Test Loss: 0.3395, Test Accuracy: 0.9493
Epoch 9/500 - Train Loss: 0.2427, Train Accuracy: 0.9875, Test Loss: 0.3243, Test Accuracy: 0.9467
Epoch 10/500 - Train Loss: 0.2344, Train Accuracy: 0.9950, Test Loss: 0.3142, Test Accuracy: 0.9493
Epoch 11/500 - Train Loss: 0.2044, Train Accuracy: 0.9875, Test Loss: 0.3143, Test Accuracy: 0.9462
Epoch 12/500 - Train Loss: 0.2174, Train Accuracy: 0.9900, Test Loss: 0.3065, Test Accuracy: 0.9449
Epoch 13/500 - Train Loss: 0.1850, Train Accuracy: 0.9925, Test Loss: 0.3122, Test Accuracy: 0.9462
Epoch 14/500 - Train Loss: 0.1906, Train Accuracy: 0.9925, Test Loss: 0.3077, Test Accuracy: 0.9436
Epoch 15/500 - Train Loss: 0.1994, Train Accuracy: 0.9850, Test Loss: 0.2977, Test Accuracy: 0.9502
Epoch 16/500 - Train Loss: 0.1920, Train Accuracy: 0.9875, Test Loss: 0.2896, Test Accuracy: 0.9515
Epoch 17/500 - Train Loss: 0.1768, Train Accuracy: 0.9975, Test Loss: 0.3050, Test Accuracy: 0.9462
Epoch 18/500 - Train Loss: 0.1927, Train Accuracy: 0.9925, Test Loss: 0.2974, Test Accuracy: 0.9489
Epoch 19/500 - Train Loss: 0.1701, Train Accuracy: 0.9975, Test Loss: 0.2914, Test Accuracy: 0.9524
Epoch 20/500 - Train Loss: 0.1667, Train Accuracy: 0.9925, Test Loss: 0.2976, Test Accuracy: 0.9432
Epoch 21/500 - Train Loss: 0.1652, Train Accuracy: 0.9950, Test Loss: 0.3032, Test Accuracy: 0.9445
Epoch 22/500 - Train Loss: 0.1674, Train Accuracy: 0.9975, Test Loss: 0.3061, Test Accuracy: 0.9445
Epoch 23/500 - Train Loss: 0.1674, Train Accuracy: 0.9950, Test Loss: 0.2916, Test Accuracy: 0.9454
Epoch 24/500 - Train Loss: 0.1606, Train Accuracy: 0.9950, Test Loss: 0.3028, Test Accuracy: 0.9379
Epoch 25/500 - Train Loss: 0.1716, Train Accuracy: 0.9950, Test Loss: 0.2971, Test Accuracy: 0.9414
Epoch 26/500 - Train Loss: 0.1549, Train Accuracy: 0.9975, Test Loss: 0.3032, Test Accuracy: 0.9401
Epoch 27/500 - Train Loss: 0.1617, Train Accuracy: 0.9950, Test Loss: 0.3193, Test Accuracy: 0.9344
Epoch 28/500 - Train Loss: 0.1575, Train Accuracy: 1.0000, Test Loss: 0.3323, Test Accuracy: 0.9318
Epoch 29/500 - Train Loss: 0.1692, Train Accuracy: 0.9900, Test Loss: 0.3327, Test Accuracy: 0.9362
Epoch 30/500 - Train Loss: 0.1748, Train Accuracy: 0.9925, Test Loss: 0.3077, Test Accuracy: 0.9427
Epoch 31/500 - Train Loss: 0.1560, Train Accuracy: 0.9975, Test Loss: 0.2986, Test Accuracy: 0.9484

Early stopping triggered at epoch 31
Best test loss: 0.2896
Best test accuracy: 0.9524
Plot saved as trained_models/Sweep run/metrics/loss.png
Plot saved as trained_models/Sweep run/metrics/metrics.png
