wandb: Starting wandb agent 🕵️
2026-01-10 19:18:32,307 - wandb.wandb_agent - INFO - Running runs: []
2026-01-10 19:18:32,847 - wandb.wandb_agent - INFO - Agent received command: run
2026-01-10 19:18:32,847 - wandb.wandb_agent - INFO - Agent starting run with config:
	affine: 0.648434235423761
	blur: 0.2812236712120575
	brightness: 0.9843849230751016
	contrast: 1.127009269447838
	crop: 0.08917161867473489
	crop_scale: 0.7568384213125117
	flip: 0.19278460015722187
	gaussian_blur_kernel: 7
	gaussian_noise_std: 2.690447154678256
	grey: 0.5354979654826745
	hue: -0.011800127281344566
	jiggle: 0.31365943940371466
	rotate: 0.34725604884774586
	rotation: 15
	saturation: 0.607736536696285
	scale: 0.9278615900422092
	shear: 19
	translate_x: 0.007668841600249232
	translate_y: 0.25235957039881485
2026-01-10 19:18:32,851 - wandb.wandb_agent - INFO - About to run command: /usr/bin/env python train_data.py --affine=0.648434235423761 --blur=0.2812236712120575 --brightness=0.9843849230751016 --contrast=1.127009269447838 --crop=0.08917161867473489 --crop_scale=0.7568384213125117 --flip=0.19278460015722187 --gaussian_blur_kernel=7 --gaussian_noise_std=2.690447154678256 --grey=0.5354979654826745 --hue=-0.011800127281344566 --jiggle=0.31365943940371466 --rotate=0.34725604884774586 --rotation=15 --saturation=0.607736536696285 --scale=0.9278615900422092 --shear=19 --translate_x=0.007668841600249232 --translate_y=0.25235957039881485
wandb: Currently logged in as: arnaumarcosalmansa (mcv-team-6) to https://api.wandb.ai. Use `wandb login --relogin` to force relogin
wandb: WARNING Ignoring project 'C3-Week3' when running a sweep.
wandb: WARNING Ignoring entity 'mcv-team-6' when running a sweep.
2026-01-10 19:18:37,857 - wandb.wandb_agent - INFO - Running runs: ['abshpxpz']
wandb: setting up run abshpxpz
wandb: Tracking run with wandb version 0.23.1
wandb: Run data is saved locally in /export/home/group06/workspace/project-team-6/Week3/wandb/run-20260110_191837-abshpxpz
wandb: Run `wandb offline` to turn off syncing.
wandb: Syncing run Sweep run
wandb: ⭐️ View project at https://wandb.ai/mcv-team-6/C3-Week3
wandb: 🧹 View sweep at https://wandb.ai/mcv-team-6/C3-Week3/sweeps/g5vb4edr
wandb: 🚀 View run at https://wandb.ai/mcv-team-6/C3-Week3/runs/abshpxpz
Traceback (most recent call last):
  File "/export/home/group06/workspace/project-team-6/Week3/train_data.py", line 61, in <module>
    ka.ColorJitter(brightness=cfg.brightness,
  File "/ghome/group06/miniconda3/envs/c3/lib/python3.12/site-packages/kornia/augmentation/_2d/intensity/color_jitter.py", line 105, in __init__
    self._param_generator = rg.ColorJitterGenerator(brightness, contrast, saturation, hue)
                            ^^^^^^^^^^^^^^^^^^^^^^^^^^^^^^^^^^^^^^^^^^^^^^^^^^^^^^^^^^^^^^
  File "/ghome/group06/miniconda3/envs/c3/lib/python3.12/site-packages/kornia/augmentation/random_generator/base.py", line 34, in __call__
    obj.__post_init__()
  File "/ghome/group06/miniconda3/envs/c3/lib/python3.12/site-packages/kornia/augmentation/random_generator/base.py", line 48, in __post_init__
    self.set_rng_device_and_dtype()
  File "/ghome/group06/miniconda3/envs/c3/lib/python3.12/site-packages/kornia/augmentation/random_generator/base.py", line 64, in set_rng_device_and_dtype
    self.make_samplers(device, dtype)
  File "/ghome/group06/miniconda3/envs/c3/lib/python3.12/site-packages/kornia/augmentation/random_generator/_2d/color_jitter.py", line 86, in make_samplers
    hue: Tensor = _range_bound(self.hue, "hue", bounds=(-0.5, 0.5), device=device, dtype=dtype)
                  ^^^^^^^^^^^^^^^^^^^^^^^^^^^^^^^^^^^^^^^^^^^^^^^^^^^^^^^^^^^^^^^^^^^^^^^^^^^^^
  File "/ghome/group06/miniconda3/envs/c3/lib/python3.12/site-packages/kornia/augmentation/utils/param_validation.py", line 53, in _range_bound
    raise ValueError(f"If {name} is a single number, it must be non negative. Got {factor}.")
ValueError: If hue is a single number, it must be non negative. Got -0.011800127103924751.
2026-01-10 19:18:43,002 - wandb.wandb_agent - INFO - Cleaning up finished run: abshpxpz
wandb: Terminating and syncing runs. Press ctrl-c to kill.
