wandb: Starting wandb agent 🕵️
2026-01-10 20:08:43,974 - wandb.wandb_agent - INFO - Running runs: []
2026-01-10 20:08:44,357 - wandb.wandb_agent - INFO - Agent received command: run
2026-01-10 20:08:44,357 - wandb.wandb_agent - INFO - Agent starting run with config:
	affine: 0.03669787231174104
	blur: 0.4995097674777535
	brightness: 0.6939355489077754
	contrast: 0.8384337459193204
	crop: 0.113651920944721
	crop_scale: 0.9797314376639864
	flip: 0.4424726102151856
	gaussian_blur_kernel: 3
	gaussian_noise_std: 0.7592089794749562
	grey: 0.9230769141611368
	hue: -0.03951204425997368
	jiggle: 0.22731607643252297
	rotate: 0.7352408692854021
	rotation: 10
	saturation: 0.8847082928982157
	scale: 0.8306455423823662
	shear: 30
	translate_x: 0.05752944134543739
	translate_y: 0.22068558715497777
2026-01-10 20:08:44,361 - wandb.wandb_agent - INFO - About to run command: /usr/bin/env python train_data.py --affine=0.03669787231174104 --blur=0.4995097674777535 --brightness=0.6939355489077754 --contrast=0.8384337459193204 --crop=0.113651920944721 --crop_scale=0.9797314376639864 --flip=0.4424726102151856 --gaussian_blur_kernel=3 --gaussian_noise_std=0.7592089794749562 --grey=0.9230769141611368 --hue=-0.03951204425997368 --jiggle=0.22731607643252297 --rotate=0.7352408692854021 --rotation=10 --saturation=0.8847082928982157 --scale=0.8306455423823662 --shear=30 --translate_x=0.05752944134543739 --translate_y=0.22068558715497777
wandb: Currently logged in as: arnaumarcosalmansa (mcv-team-6) to https://api.wandb.ai. Use `wandb login --relogin` to force relogin
wandb: WARNING Ignoring project 'C3-Week3' when running a sweep.
wandb: WARNING Ignoring entity 'mcv-team-6' when running a sweep.
2026-01-10 20:08:49,368 - wandb.wandb_agent - INFO - Running runs: ['qewxb6gc']
wandb: setting up run qewxb6gc
wandb: Tracking run with wandb version 0.23.1
wandb: Run data is saved locally in /export/home/group06/workspace/project-team-6/Week3/wandb/run-20260110_200848-qewxb6gc
wandb: Run `wandb offline` to turn off syncing.
wandb: Syncing run Sweep run
wandb: ⭐️ View project at https://wandb.ai/mcv-team-6/C3-Week3
wandb: 🧹 View sweep at https://wandb.ai/mcv-team-6/C3-Week3/sweeps/g5vb4edr
wandb: 🚀 View run at https://wandb.ai/mcv-team-6/C3-Week3/runs/qewxb6gc
Traceback (most recent call last):
  File "/export/home/group06/workspace/project-team-6/Week3/train_data.py", line 61, in <module>
    ka.ColorJitter(brightness=cfg.brightness,
  File "/ghome/group06/miniconda3/envs/c3/lib/python3.12/site-packages/kornia/augmentation/_2d/intensity/color_jitter.py", line 105, in __init__
    self._param_generator = rg.ColorJitterGenerator(brightness, contrast, saturation, hue)
                            ^^^^^^^^^^^^^^^^^^^^^^^^^^^^^^^^^^^^^^^^^^^^^^^^^^^^^^^^^^^^^^
  File "/ghome/group06/miniconda3/envs/c3/lib/python3.12/site-packages/kornia/augmentation/random_generator/base.py", line 34, in __call__
    obj.__post_init__()
  File "/ghome/group06/miniconda3/envs/c3/lib/python3.12/site-packages/kornia/augmentation/random_generator/base.py", line 48, in __post_init__
    self.set_rng_device_and_dtype()
  File "/ghome/group06/miniconda3/envs/c3/lib/python3.12/site-packages/kornia/augmentation/random_generator/base.py", line 64, in set_rng_device_and_dtype
    self.make_samplers(device, dtype)
  File "/ghome/group06/miniconda3/envs/c3/lib/python3.12/site-packages/kornia/augmentation/random_generator/_2d/color_jitter.py", line 86, in make_samplers
    hue: Tensor = _range_bound(self.hue, "hue", bounds=(-0.5, 0.5), device=device, dtype=dtype)
                  ^^^^^^^^^^^^^^^^^^^^^^^^^^^^^^^^^^^^^^^^^^^^^^^^^^^^^^^^^^^^^^^^^^^^^^^^^^^^^
  File "/ghome/group06/miniconda3/envs/c3/lib/python3.12/site-packages/kornia/augmentation/utils/param_validation.py", line 53, in _range_bound
    raise ValueError(f"If {name} is a single number, it must be non negative. Got {factor}.")
ValueError: If hue is a single number, it must be non negative. Got -0.03951204568147659.
2026-01-10 20:08:54,508 - wandb.wandb_agent - INFO - Cleaning up finished run: qewxb6gc
wandb: Terminating and syncing runs. Press ctrl-c to kill.
