Using GPU 0: NVIDIA GeForce RTX 3090
Epoch 1/500 - Train Loss: 2.0032, Train Accuracy: 0.2000, Test Loss: 2.0220, Test Accuracy: 0.1805
Epoch 2/500 - Train Loss: 1.7664, Train Accuracy: 0.4775, Test Loss: 1.7487, Test Accuracy: 0.4703
Epoch 3/500 - Train Loss: 1.5911, Train Accuracy: 0.5725, Test Loss: 1.4838, Test Accuracy: 0.6289
Epoch 4/500 - Train Loss: 1.4222, Train Accuracy: 0.7025, Test Loss: 1.2641, Test Accuracy: 0.7439
Epoch 5/500 - Train Loss: 1.2508, Train Accuracy: 0.7600, Test Loss: 1.0958, Test Accuracy: 0.7924
Epoch 6/500 - Train Loss: 1.1241, Train Accuracy: 0.7850, Test Loss: 0.9399, Test Accuracy: 0.8418
Epoch 7/500 - Train Loss: 0.9919, Train Accuracy: 0.8325, Test Loss: 0.8199, Test Accuracy: 0.8693
Epoch 8/500 - Train Loss: 0.8753, Train Accuracy: 0.8475, Test Loss: 0.7273, Test Accuracy: 0.8816
Epoch 9/500 - Train Loss: 0.8027, Train Accuracy: 0.8600, Test Loss: 0.6441, Test Accuracy: 0.9003
Epoch 10/500 - Train Loss: 0.7386, Train Accuracy: 0.8775, Test Loss: 0.5722, Test Accuracy: 0.9113
Epoch 11/500 - Train Loss: 0.6844, Train Accuracy: 0.8875, Test Loss: 0.5148, Test Accuracy: 0.9226
Epoch 12/500 - Train Loss: 0.6305, Train Accuracy: 0.8800, Test Loss: 0.4762, Test Accuracy: 0.9288
Epoch 13/500 - Train Loss: 0.5847, Train Accuracy: 0.8925, Test Loss: 0.4478, Test Accuracy: 0.9301
Epoch 14/500 - Train Loss: 0.5361, Train Accuracy: 0.9200, Test Loss: 0.4214, Test Accuracy: 0.9353
Epoch 15/500 - Train Loss: 0.4845, Train Accuracy: 0.9150, Test Loss: 0.4039, Test Accuracy: 0.9371
Epoch 16/500 - Train Loss: 0.4648, Train Accuracy: 0.9450, Test Loss: 0.3840, Test Accuracy: 0.9375
Epoch 17/500 - Train Loss: 0.4269, Train Accuracy: 0.9450, Test Loss: 0.3708, Test Accuracy: 0.9397
Epoch 18/500 - Train Loss: 0.4029, Train Accuracy: 0.9450, Test Loss: 0.3662, Test Accuracy: 0.9388
Epoch 19/500 - Train Loss: 0.4056, Train Accuracy: 0.9325, Test Loss: 0.3570, Test Accuracy: 0.9414
Epoch 20/500 - Train Loss: 0.3969, Train Accuracy: 0.9450, Test Loss: 0.3455, Test Accuracy: 0.9423
Epoch 21/500 - Train Loss: 0.3650, Train Accuracy: 0.9475, Test Loss: 0.3411, Test Accuracy: 0.9427
Epoch 22/500 - Train Loss: 0.3366, Train Accuracy: 0.9525, Test Loss: 0.3367, Test Accuracy: 0.9427
Epoch 23/500 - Train Loss: 0.3443, Train Accuracy: 0.9500, Test Loss: 0.3273, Test Accuracy: 0.9449
Epoch 24/500 - Train Loss: 0.3266, Train Accuracy: 0.9625, Test Loss: 0.3206, Test Accuracy: 0.9454
Epoch 25/500 - Train Loss: 0.3104, Train Accuracy: 0.9625, Test Loss: 0.3181, Test Accuracy: 0.9489
Epoch 26/500 - Train Loss: 0.3074, Train Accuracy: 0.9500, Test Loss: 0.3145, Test Accuracy: 0.9476
Epoch 27/500 - Train Loss: 0.3150, Train Accuracy: 0.9500, Test Loss: 0.3106, Test Accuracy: 0.9489
Epoch 28/500 - Train Loss: 0.3036, Train Accuracy: 0.9500, Test Loss: 0.3133, Test Accuracy: 0.9476
Epoch 29/500 - Train Loss: 0.2717, Train Accuracy: 0.9725, Test Loss: 0.3156, Test Accuracy: 0.9454
Epoch 30/500 - Train Loss: 0.2662, Train Accuracy: 0.9725, Test Loss: 0.3162, Test Accuracy: 0.9462
Epoch 31/500 - Train Loss: 0.2729, Train Accuracy: 0.9700, Test Loss: 0.3036, Test Accuracy: 0.9493
Epoch 32/500 - Train Loss: 0.2692, Train Accuracy: 0.9775, Test Loss: 0.3061, Test Accuracy: 0.9502
Epoch 33/500 - Train Loss: 0.2743, Train Accuracy: 0.9675, Test Loss: 0.3094, Test Accuracy: 0.9476
Epoch 34/500 - Train Loss: 0.2689, Train Accuracy: 0.9625, Test Loss: 0.3086, Test Accuracy: 0.9471
Epoch 35/500 - Train Loss: 0.2285, Train Accuracy: 0.9850, Test Loss: 0.3084, Test Accuracy: 0.9449
Epoch 36/500 - Train Loss: 0.2202, Train Accuracy: 0.9825, Test Loss: 0.3022, Test Accuracy: 0.9467
Epoch 37/500 - Train Loss: 0.2438, Train Accuracy: 0.9700, Test Loss: 0.3030, Test Accuracy: 0.9462
Epoch 38/500 - Train Loss: 0.2593, Train Accuracy: 0.9700, Test Loss: 0.2969, Test Accuracy: 0.9484
Epoch 39/500 - Train Loss: 0.2347, Train Accuracy: 0.9700, Test Loss: 0.2980, Test Accuracy: 0.9515
Epoch 40/500 - Train Loss: 0.2329, Train Accuracy: 0.9800, Test Loss: 0.3001, Test Accuracy: 0.9480
Epoch 41/500 - Train Loss: 0.2369, Train Accuracy: 0.9725, Test Loss: 0.3002, Test Accuracy: 0.9506
Epoch 42/500 - Train Loss: 0.2645, Train Accuracy: 0.9600, Test Loss: 0.2966, Test Accuracy: 0.9506
Epoch 43/500 - Train Loss: 0.2431, Train Accuracy: 0.9800, Test Loss: 0.2996, Test Accuracy: 0.9524
Epoch 44/500 - Train Loss: 0.2249, Train Accuracy: 0.9800, Test Loss: 0.3004, Test Accuracy: 0.9484
Epoch 45/500 - Train Loss: 0.2161, Train Accuracy: 0.9800, Test Loss: 0.3046, Test Accuracy: 0.9449
Epoch 46/500 - Train Loss: 0.2303, Train Accuracy: 0.9725, Test Loss: 0.3018, Test Accuracy: 0.9449
Epoch 47/500 - Train Loss: 0.2328, Train Accuracy: 0.9700, Test Loss: 0.3054, Test Accuracy: 0.9458
Epoch 48/500 - Train Loss: 0.2770, Train Accuracy: 0.9525, Test Loss: 0.3017, Test Accuracy: 0.9493
Epoch 49/500 - Train Loss: 0.1949, Train Accuracy: 0.9900, Test Loss: 0.2991, Test Accuracy: 0.9502
Epoch 50/500 - Train Loss: 0.2138, Train Accuracy: 0.9800, Test Loss: 0.2985, Test Accuracy: 0.9449
Epoch 51/500 - Train Loss: 0.1979, Train Accuracy: 0.9925, Test Loss: 0.2974, Test Accuracy: 0.9493
Epoch 52/500 - Train Loss: 0.2069, Train Accuracy: 0.9900, Test Loss: 0.2974, Test Accuracy: 0.9480
Epoch 53/500 - Train Loss: 0.2173, Train Accuracy: 0.9750, Test Loss: 0.2979, Test Accuracy: 0.9502

Early stopping triggered at epoch 53
Best test loss: 0.2966
Best test accuracy: 0.9524
Plot saved as trained_models/Sweep_data run/metrics/loss.png
Plot saved as trained_models/Sweep_data run/metrics/metrics.png
