Using GPU 0: NVIDIA GeForce RTX 3090
[1;34mwandb[0m: 
[1;34mwandb[0m: 🚀 View run [33mSweep run[0m at: [34mhttps://wandb.ai/mcv-team-6/C3-Week3/runs/i7980ve7[0m
[1;34mwandb[0m: Find logs at: [1;35m../../../../../export/home/group06/workspace/project-team-6/Week3/wandb/run-20260110_205005-i7980ve7/logs[0m
Using GPU 0: NVIDIA GeForce RTX 3090
[1;34mwandb[0m: 
[1;34mwandb[0m: 🚀 View run [33mSweep run[0m at: [34mhttps://wandb.ai/mcv-team-6/C3-Week3/runs/51afabm4[0m
[1;34mwandb[0m: Find logs at: [1;35m../../../../../export/home/group06/workspace/project-team-6/Week3/wandb/run-20260110_205016-51afabm4/logs[0m
Using GPU 0: NVIDIA GeForce RTX 3090
Epoch 1/500 - Train Loss: 2.1795, Train Accuracy: 0.1250, Test Loss: 2.0753, Test Accuracy: 0.1364
Epoch 2/500 - Train Loss: 1.9734, Train Accuracy: 0.1925, Test Loss: 1.9692, Test Accuracy: 0.1888
Epoch 3/500 - Train Loss: 1.7935, Train Accuracy: 0.3250, Test Loss: 1.7770, Test Accuracy: 0.2959
Epoch 4/500 - Train Loss: 1.6071, Train Accuracy: 0.4900, Test Loss: 1.6057, Test Accuracy: 0.4156
Epoch 5/500 - Train Loss: 1.4676, Train Accuracy: 0.6075, Test Loss: 1.4448, Test Accuracy: 0.5240
Epoch 6/500 - Train Loss: 1.3562, Train Accuracy: 0.6875, Test Loss: 1.3020, Test Accuracy: 0.6250
Epoch 7/500 - Train Loss: 1.2187, Train Accuracy: 0.7425, Test Loss: 1.1805, Test Accuracy: 0.6976
Epoch 8/500 - Train Loss: 1.1144, Train Accuracy: 0.7600, Test Loss: 1.0612, Test Accuracy: 0.7601
Epoch 9/500 - Train Loss: 1.0460, Train Accuracy: 0.7800, Test Loss: 0.9600, Test Accuracy: 0.7937
Epoch 10/500 - Train Loss: 0.9409, Train Accuracy: 0.8200, Test Loss: 0.8729, Test Accuracy: 0.8317
Epoch 11/500 - Train Loss: 0.8641, Train Accuracy: 0.8225, Test Loss: 0.7926, Test Accuracy: 0.8549
Epoch 12/500 - Train Loss: 0.8113, Train Accuracy: 0.8400, Test Loss: 0.7201, Test Accuracy: 0.8663
Epoch 13/500 - Train Loss: 0.7354, Train Accuracy: 0.8550, Test Loss: 0.6579, Test Accuracy: 0.8741
Epoch 14/500 - Train Loss: 0.6823, Train Accuracy: 0.8775, Test Loss: 0.6128, Test Accuracy: 0.8820
Epoch 15/500 - Train Loss: 0.6429, Train Accuracy: 0.8600, Test Loss: 0.5710, Test Accuracy: 0.8903
Epoch 16/500 - Train Loss: 0.5974, Train Accuracy: 0.8800, Test Loss: 0.5380, Test Accuracy: 0.8960
Epoch 17/500 - Train Loss: 0.5640, Train Accuracy: 0.8900, Test Loss: 0.5038, Test Accuracy: 0.8999
Epoch 18/500 - Train Loss: 0.5412, Train Accuracy: 0.8975, Test Loss: 0.4838, Test Accuracy: 0.9047
Epoch 19/500 - Train Loss: 0.5170, Train Accuracy: 0.8900, Test Loss: 0.4487, Test Accuracy: 0.9104
Epoch 20/500 - Train Loss: 0.4897, Train Accuracy: 0.9150, Test Loss: 0.4396, Test Accuracy: 0.9126
Epoch 21/500 - Train Loss: 0.4591, Train Accuracy: 0.9250, Test Loss: 0.4278, Test Accuracy: 0.9135
Epoch 22/500 - Train Loss: 0.4955, Train Accuracy: 0.8975, Test Loss: 0.4152, Test Accuracy: 0.9143
Epoch 23/500 - Train Loss: 0.4741, Train Accuracy: 0.9150, Test Loss: 0.4069, Test Accuracy: 0.9165
Epoch 24/500 - Train Loss: 0.4415, Train Accuracy: 0.9150, Test Loss: 0.3885, Test Accuracy: 0.9213
Epoch 25/500 - Train Loss: 0.4330, Train Accuracy: 0.9150, Test Loss: 0.3844, Test Accuracy: 0.9240
Epoch 26/500 - Train Loss: 0.4342, Train Accuracy: 0.9225, Test Loss: 0.3772, Test Accuracy: 0.9231
Epoch 27/500 - Train Loss: 0.4051, Train Accuracy: 0.9350, Test Loss: 0.3785, Test Accuracy: 0.9200
Epoch 28/500 - Train Loss: 0.3674, Train Accuracy: 0.9400, Test Loss: 0.3705, Test Accuracy: 0.9222
Epoch 29/500 - Train Loss: 0.3401, Train Accuracy: 0.9500, Test Loss: 0.3692, Test Accuracy: 0.9178
Epoch 30/500 - Train Loss: 0.3323, Train Accuracy: 0.9550, Test Loss: 0.3613, Test Accuracy: 0.9196
Epoch 31/500 - Train Loss: 0.3358, Train Accuracy: 0.9400, Test Loss: 0.3603, Test Accuracy: 0.9240
Epoch 32/500 - Train Loss: 0.3242, Train Accuracy: 0.9575, Test Loss: 0.3482, Test Accuracy: 0.9266
Epoch 33/500 - Train Loss: 0.3641, Train Accuracy: 0.9450, Test Loss: 0.3460, Test Accuracy: 0.9283
Epoch 34/500 - Train Loss: 0.3343, Train Accuracy: 0.9375, Test Loss: 0.3451, Test Accuracy: 0.9270
Epoch 35/500 - Train Loss: 0.3226, Train Accuracy: 0.9475, Test Loss: 0.3477, Test Accuracy: 0.9288
Epoch 36/500 - Train Loss: 0.3087, Train Accuracy: 0.9550, Test Loss: 0.3445, Test Accuracy: 0.9292
Epoch 37/500 - Train Loss: 0.3155, Train Accuracy: 0.9525, Test Loss: 0.3376, Test Accuracy: 0.9296
Epoch 38/500 - Train Loss: 0.2919, Train Accuracy: 0.9675, Test Loss: 0.3310, Test Accuracy: 0.9336
Epoch 39/500 - Train Loss: 0.3357, Train Accuracy: 0.9350, Test Loss: 0.3381, Test Accuracy: 0.9296
Epoch 40/500 - Train Loss: 0.3136, Train Accuracy: 0.9550, Test Loss: 0.3374, Test Accuracy: 0.9327
Epoch 41/500 - Train Loss: 0.2828, Train Accuracy: 0.9625, Test Loss: 0.3359, Test Accuracy: 0.9353
Epoch 42/500 - Train Loss: 0.2673, Train Accuracy: 0.9675, Test Loss: 0.3288, Test Accuracy: 0.9340
Epoch 43/500 - Train Loss: 0.2810, Train Accuracy: 0.9525, Test Loss: 0.3229, Test Accuracy: 0.9353
Epoch 44/500 - Train Loss: 0.2607, Train Accuracy: 0.9650, Test Loss: 0.3159, Test Accuracy: 0.9384
Epoch 45/500 - Train Loss: 0.2638, Train Accuracy: 0.9750, Test Loss: 0.3254, Test Accuracy: 0.9309
Epoch 46/500 - Train Loss: 0.2591, Train Accuracy: 0.9700, Test Loss: 0.3328, Test Accuracy: 0.9296
Epoch 47/500 - Train Loss: 0.2505, Train Accuracy: 0.9700, Test Loss: 0.3265, Test Accuracy: 0.9314
Epoch 48/500 - Train Loss: 0.2457, Train Accuracy: 0.9800, Test Loss: 0.3268, Test Accuracy: 0.9309
Epoch 49/500 - Train Loss: 0.2388, Train Accuracy: 0.9725, Test Loss: 0.3345, Test Accuracy: 0.9270
Epoch 50/500 - Train Loss: 0.2303, Train Accuracy: 0.9825, Test Loss: 0.3275, Test Accuracy: 0.9292
Epoch 51/500 - Train Loss: 0.2169, Train Accuracy: 0.9875, Test Loss: 0.3241, Test Accuracy: 0.9375
Epoch 52/500 - Train Loss: 0.2268, Train Accuracy: 0.9725, Test Loss: 0.3250, Test Accuracy: 0.9366
Epoch 53/500 - Train Loss: 0.2145, Train Accuracy: 0.9875, Test Loss: 0.3298, Test Accuracy: 0.9344
Epoch 54/500 - Train Loss: 0.2378, Train Accuracy: 0.9750, Test Loss: 0.3198, Test Accuracy: 0.9344
Epoch 55/500 - Train Loss: 0.2344, Train Accuracy: 0.9750, Test Loss: 0.3181, Test Accuracy: 0.9397
Epoch 56/500 - Train Loss: 0.2079, Train Accuracy: 0.9850, Test Loss: 0.3163, Test Accuracy: 0.9419
Epoch 57/500 - Train Loss: 0.2422, Train Accuracy: 0.9700, Test Loss: 0.3156, Test Accuracy: 0.9379
Epoch 58/500 - Train Loss: 0.2323, Train Accuracy: 0.9750, Test Loss: 0.3263, Test Accuracy: 0.9305
Epoch 59/500 - Train Loss: 0.2500, Train Accuracy: 0.9700, Test Loss: 0.3218, Test Accuracy: 0.9371

Early stopping triggered at epoch 59
Best test loss: 0.3156
Best test accuracy: 0.9419
Plot saved as trained_models/Sweep_data run/metrics/loss.png
Plot saved as trained_models/Sweep_data run/metrics/metrics.png
Using GPU 0: NVIDIA GeForce RTX 3090
[1;34mwandb[0m: 
[1;34mwandb[0m: 🚀 View run [33mSweep run[0m at: [34mhttps://wandb.ai/mcv-team-6/C3-Week3/runs/myuac4uq[0m
[1;34mwandb[0m: Find logs at: [1;35m../../../../../export/home/group06/workspace/project-team-6/Week3/wandb/run-20260110_205358-myuac4uq/logs[0m
Using GPU 0: NVIDIA GeForce RTX 3090
[1;34mwandb[0m: 
[1;34mwandb[0m: 🚀 View run [33mSweep run[0m at: [34mhttps://wandb.ai/mcv-team-6/C3-Week3/runs/90f71hq4[0m
[1;34mwandb[0m: Find logs at: [1;35m../../../../../export/home/group06/workspace/project-team-6/Week3/wandb/run-20260110_205409-90f71hq4/logs[0m
Using GPU 0: NVIDIA GeForce RTX 3090
