wandb: Starting wandb agent 🕵️
2026-01-10 20:54:14,860 - wandb.wandb_agent - INFO - Running runs: []
2026-01-10 20:54:15,152 - wandb.wandb_agent - INFO - Agent received command: run
2026-01-10 20:54:15,152 - wandb.wandb_agent - INFO - Agent starting run with config:
	affine: 0.07301600481045167
	blur: 0.48023797613887587
	brightness: 1.121135606875073
	contrast: 1.0522434765683517
	crop: 0.3630536262815647
	crop_scale: 0.4358180225070365
	flip: 0.006804312324758088
	gaussian_blur_kernel: 5
	gaussian_noise_std: 0.28213860581683325
	grey: 0.3879565620589661
	hue: 0.07880385480275573
	jiggle: 0.2567186904359553
	rotate: 0.3630097729593783
	rotation: 22
	saturation: 1.3724959133347563
	scale: 1.1834045998805354
	shear: 30
	translate_x: 0.26110187125093953
	translate_y: 0.3952009250404527
2026-01-10 20:54:15,156 - wandb.wandb_agent - INFO - About to run command: /usr/bin/env python train_data.py --affine=0.07301600481045167 --blur=0.48023797613887587 --brightness=1.121135606875073 --contrast=1.0522434765683517 --crop=0.3630536262815647 --crop_scale=0.4358180225070365 --flip=0.006804312324758088 --gaussian_blur_kernel=5 --gaussian_noise_std=0.28213860581683325 --grey=0.3879565620589661 --hue=0.07880385480275573 --jiggle=0.2567186904359553 --rotate=0.3630097729593783 --rotation=22 --saturation=1.3724959133347563 --scale=1.1834045998805354 --shear=30 --translate_x=0.26110187125093953 --translate_y=0.3952009250404527
wandb: Currently logged in as: arnaumarcosalmansa (mcv-team-6) to https://api.wandb.ai. Use `wandb login --relogin` to force relogin
wandb: WARNING Ignoring project 'C3-Week3' when running a sweep.
wandb: WARNING Ignoring entity 'mcv-team-6' when running a sweep.
2026-01-10 20:54:20,162 - wandb.wandb_agent - INFO - Running runs: ['8t8x80o1']
wandb: setting up run 8t8x80o1
wandb: Tracking run with wandb version 0.23.1
wandb: Run data is saved locally in /export/home/group06/workspace/project-team-6/Week3/wandb/run-20260110_205419-8t8x80o1
wandb: Run `wandb offline` to turn off syncing.
wandb: Syncing run Sweep run
wandb: ⭐️ View project at https://wandb.ai/mcv-team-6/C3-Week3
wandb: 🧹 View sweep at https://wandb.ai/mcv-team-6/C3-Week3/sweeps/8yeenlu8
wandb: 🚀 View run at https://wandb.ai/mcv-team-6/C3-Week3/runs/8t8x80o1
TRAINING THE MODEL:   0%|          | 0/500 [00:00<?, ?it/s]TRAINING THE MODEL:   0%|          | 1/500 [00:04<37:22,  4.49s/it]TRAINING THE MODEL:   0%|          | 2/500 [00:07<30:52,  3.72s/it]TRAINING THE MODEL:   1%|          | 3/500 [00:10<28:42,  3.47s/it]TRAINING THE MODEL:   1%|          | 4/500 [00:13<27:38,  3.34s/it]TRAINING THE MODEL:   1%|          | 5/500 [00:17<27:07,  3.29s/it]TRAINING THE MODEL:   1%|          | 6/500 [00:20<26:48,  3.26s/it]TRAINING THE MODEL:   1%|▏         | 7/500 [00:23<26:30,  3.23s/it]TRAINING THE MODEL:   2%|▏         | 8/500 [00:26<26:19,  3.21s/it]TRAINING THE MODEL:   2%|▏         | 9/500 [00:29<26:09,  3.20s/it]slurmstepd: error: *** JOB 99660 ON dcc3090 CANCELLED AT 2026-01-10T20:54:55 ***
