wandb: Starting wandb agent 🕵️
2026-01-10 19:52:08,620 - wandb.wandb_agent - INFO - Running runs: []
2026-01-10 19:52:09,004 - wandb.wandb_agent - INFO - Agent received command: run
2026-01-10 19:52:09,005 - wandb.wandb_agent - INFO - Agent starting run with config:
	affine: 0.3837865476732645
	blur: 0.8628420660785584
	brightness: 1.373615083933421
	contrast: 1.026477387110202
	crop: 0.195344475725591
	crop_scale: 0.7731901930163492
	flip: 0.3568509490309918
	gaussian_blur_kernel: 7
	gaussian_noise_std: 1.3665829286341438
	grey: 0.18517580702743264
	hue: -0.09110167201258634
	jiggle: 0.8705507822955182
	rotate: 0.3237962748411859
	rotation: 31
	saturation: 0.7034033983350207
	scale: 0.8430430379342785
	shear: 24
	translate_x: 0.04259083917429174
	translate_y: 0.23549090431879588
2026-01-10 19:52:09,008 - wandb.wandb_agent - INFO - About to run command: /usr/bin/env python train_data.py --affine=0.3837865476732645 --blur=0.8628420660785584 --brightness=1.373615083933421 --contrast=1.026477387110202 --crop=0.195344475725591 --crop_scale=0.7731901930163492 --flip=0.3568509490309918 --gaussian_blur_kernel=7 --gaussian_noise_std=1.3665829286341438 --grey=0.18517580702743264 --hue=-0.09110167201258634 --jiggle=0.8705507822955182 --rotate=0.3237962748411859 --rotation=31 --saturation=0.7034033983350207 --scale=0.8430430379342785 --shear=24 --translate_x=0.04259083917429174 --translate_y=0.23549090431879588
wandb: Currently logged in as: arnaumarcosalmansa (mcv-team-6) to https://api.wandb.ai. Use `wandb login --relogin` to force relogin
wandb: WARNING Ignoring project 'C3-Week3' when running a sweep.
wandb: WARNING Ignoring entity 'mcv-team-6' when running a sweep.
wandb: setting up run 406k3cgt
2026-01-10 19:52:14,014 - wandb.wandb_agent - INFO - Running runs: ['406k3cgt']
wandb: Tracking run with wandb version 0.23.1
wandb: Run data is saved locally in /export/home/group06/workspace/project-team-6/Week3/wandb/run-20260110_195213-406k3cgt
wandb: Run `wandb offline` to turn off syncing.
wandb: Syncing run Sweep run
wandb: ⭐️ View project at https://wandb.ai/mcv-team-6/C3-Week3
wandb: 🧹 View sweep at https://wandb.ai/mcv-team-6/C3-Week3/sweeps/g5vb4edr
wandb: 🚀 View run at https://wandb.ai/mcv-team-6/C3-Week3/runs/406k3cgt
Traceback (most recent call last):
  File "/export/home/group06/workspace/project-team-6/Week3/train_data.py", line 61, in <module>
    ka.ColorJitter(brightness=cfg.brightness,
  File "/ghome/group06/miniconda3/envs/c3/lib/python3.12/site-packages/kornia/augmentation/_2d/intensity/color_jitter.py", line 105, in __init__
    self._param_generator = rg.ColorJitterGenerator(brightness, contrast, saturation, hue)
                            ^^^^^^^^^^^^^^^^^^^^^^^^^^^^^^^^^^^^^^^^^^^^^^^^^^^^^^^^^^^^^^
  File "/ghome/group06/miniconda3/envs/c3/lib/python3.12/site-packages/kornia/augmentation/random_generator/base.py", line 34, in __call__
    obj.__post_init__()
  File "/ghome/group06/miniconda3/envs/c3/lib/python3.12/site-packages/kornia/augmentation/random_generator/base.py", line 48, in __post_init__
    self.set_rng_device_and_dtype()
  File "/ghome/group06/miniconda3/envs/c3/lib/python3.12/site-packages/kornia/augmentation/random_generator/base.py", line 64, in set_rng_device_and_dtype
    self.make_samplers(device, dtype)
  File "/ghome/group06/miniconda3/envs/c3/lib/python3.12/site-packages/kornia/augmentation/random_generator/_2d/color_jitter.py", line 86, in make_samplers
    hue: Tensor = _range_bound(self.hue, "hue", bounds=(-0.5, 0.5), device=device, dtype=dtype)
                  ^^^^^^^^^^^^^^^^^^^^^^^^^^^^^^^^^^^^^^^^^^^^^^^^^^^^^^^^^^^^^^^^^^^^^^^^^^^^^
  File "/ghome/group06/miniconda3/envs/c3/lib/python3.12/site-packages/kornia/augmentation/utils/param_validation.py", line 53, in _range_bound
    raise ValueError(f"If {name} is a single number, it must be non negative. Got {factor}.")
ValueError: If hue is a single number, it must be non negative. Got -0.09110166877508163.
2026-01-10 19:52:19,159 - wandb.wandb_agent - INFO - Cleaning up finished run: 406k3cgt
wandb: Terminating and syncing runs. Press ctrl-c to kill.
