wandb: Starting wandb agent 🕵️
2026-01-10 20:36:16,866 - wandb.wandb_agent - INFO - Running runs: []
2026-01-10 20:36:17,224 - wandb.wandb_agent - INFO - Agent received command: run
2026-01-10 20:36:17,225 - wandb.wandb_agent - INFO - Agent starting run with config:
	affine: 0.022626259927441383
	blur: 0.21683857016305308
	brightness: 0.6592207386438785
	contrast: 0.8479299226793073
	crop: 0.7236493926936383
	crop_scale: 0.6867248394233443
	flip: 0.4463319138375881
	gaussian_blur_kernel: 5
	gaussian_noise_std: 2.5199082732194142
	grey: 0.8584311007407245
	hue: 0.09104542014481018
	jiggle: 0.8145476283122817
	rotate: 0.2917503436524086
	rotation: 32
	saturation: 1.3893791095768226
	scale: 0.8349441714751529
	shear: 17
	translate_x: 0.39304412340283545
	translate_y: 0.13997326894352022
2026-01-10 20:36:17,228 - wandb.wandb_agent - INFO - About to run command: /usr/bin/env python train_data.py --affine=0.022626259927441383 --blur=0.21683857016305308 --brightness=0.6592207386438785 --contrast=0.8479299226793073 --crop=0.7236493926936383 --crop_scale=0.6867248394233443 --flip=0.4463319138375881 --gaussian_blur_kernel=5 --gaussian_noise_std=2.5199082732194142 --grey=0.8584311007407245 --hue=0.09104542014481018 --jiggle=0.8145476283122817 --rotate=0.2917503436524086 --rotation=32 --saturation=1.3893791095768226 --scale=0.8349441714751529 --shear=17 --translate_x=0.39304412340283545 --translate_y=0.13997326894352022
wandb: Currently logged in as: arnaumarcosalmansa (mcv-team-6) to https://api.wandb.ai. Use `wandb login --relogin` to force relogin
wandb: WARNING Ignoring project 'C3-Week3' when running a sweep.
wandb: WARNING Ignoring entity 'mcv-team-6' when running a sweep.
wandb: Tracking run with wandb version 0.23.1
wandb: Run data is saved locally in /export/home/group06/workspace/project-team-6/Week3/wandb/run-20260110_203621-dg5i3zfw
wandb: Run `wandb offline` to turn off syncing.
wandb: Syncing run Sweep run
wandb: ⭐️ View project at https://wandb.ai/mcv-team-6/C3-Week3
wandb: 🧹 View sweep at https://wandb.ai/mcv-team-6/C3-Week3/sweeps/g5vb4edr
wandb: 🚀 View run at https://wandb.ai/mcv-team-6/C3-Week3/runs/dg5i3zfw
2026-01-10 20:36:22,232 - wandb.wandb_agent - INFO - Running runs: ['dg5i3zfw']
TRAINING THE MODEL:   0%|          | 0/500 [00:00<?, ?it/s]TRAINING THE MODEL:   0%|          | 1/500 [00:04<37:13,  4.48s/it]TRAINING THE MODEL:   0%|          | 2/500 [00:07<30:57,  3.73s/it]TRAINING THE MODEL:   1%|          | 3/500 [00:10<29:06,  3.51s/it]TRAINING THE MODEL:   1%|          | 4/500 [00:14<28:00,  3.39s/it]slurmstepd: error: *** JOB 99610 ON dcc3090 CANCELLED AT 2026-01-10T20:36:39 ***
