Using GPU 0: NVIDIA GeForce RTX 3090
Epoch 1/500 - Train Loss: 1.9903, Train Accuracy: 0.2625, Test Loss: 1.9854, Test Accuracy: 0.2181
Epoch 2/500 - Train Loss: 1.7711, Train Accuracy: 0.4525, Test Loss: 1.7408, Test Accuracy: 0.4554
Epoch 3/500 - Train Loss: 1.5751, Train Accuracy: 0.5825, Test Loss: 1.5308, Test Accuracy: 0.5905
Epoch 4/500 - Train Loss: 1.3982, Train Accuracy: 0.7025, Test Loss: 1.3364, Test Accuracy: 0.6971
Epoch 5/500 - Train Loss: 1.1984, Train Accuracy: 0.7950, Test Loss: 1.1581, Test Accuracy: 0.7675
Epoch 6/500 - Train Loss: 1.1032, Train Accuracy: 0.7925, Test Loss: 1.0165, Test Accuracy: 0.8099
Epoch 7/500 - Train Loss: 0.9690, Train Accuracy: 0.8150, Test Loss: 0.8957, Test Accuracy: 0.8400
Epoch 8/500 - Train Loss: 0.8475, Train Accuracy: 0.8675, Test Loss: 0.7876, Test Accuracy: 0.8706
Epoch 9/500 - Train Loss: 0.7791, Train Accuracy: 0.8825, Test Loss: 0.7018, Test Accuracy: 0.8903
Epoch 10/500 - Train Loss: 0.7131, Train Accuracy: 0.8925, Test Loss: 0.6357, Test Accuracy: 0.8964
Epoch 11/500 - Train Loss: 0.6259, Train Accuracy: 0.9150, Test Loss: 0.5727, Test Accuracy: 0.9117
Epoch 12/500 - Train Loss: 0.5955, Train Accuracy: 0.8925, Test Loss: 0.5266, Test Accuracy: 0.9218
Epoch 13/500 - Train Loss: 0.5695, Train Accuracy: 0.9125, Test Loss: 0.4848, Test Accuracy: 0.9270
Epoch 14/500 - Train Loss: 0.5372, Train Accuracy: 0.8925, Test Loss: 0.4595, Test Accuracy: 0.9292
Epoch 15/500 - Train Loss: 0.4921, Train Accuracy: 0.9325, Test Loss: 0.4310, Test Accuracy: 0.9314
Epoch 16/500 - Train Loss: 0.4593, Train Accuracy: 0.9175, Test Loss: 0.4105, Test Accuracy: 0.9340
Epoch 17/500 - Train Loss: 0.4327, Train Accuracy: 0.9450, Test Loss: 0.3937, Test Accuracy: 0.9358
Epoch 18/500 - Train Loss: 0.4159, Train Accuracy: 0.9275, Test Loss: 0.3846, Test Accuracy: 0.9397
Epoch 19/500 - Train Loss: 0.4151, Train Accuracy: 0.9275, Test Loss: 0.3700, Test Accuracy: 0.9432
Epoch 20/500 - Train Loss: 0.3710, Train Accuracy: 0.9500, Test Loss: 0.3655, Test Accuracy: 0.9414
Epoch 21/500 - Train Loss: 0.3741, Train Accuracy: 0.9425, Test Loss: 0.3567, Test Accuracy: 0.9401
Epoch 22/500 - Train Loss: 0.3431, Train Accuracy: 0.9575, Test Loss: 0.3505, Test Accuracy: 0.9427
Epoch 23/500 - Train Loss: 0.3544, Train Accuracy: 0.9450, Test Loss: 0.3466, Test Accuracy: 0.9423
Epoch 24/500 - Train Loss: 0.3594, Train Accuracy: 0.9375, Test Loss: 0.3374, Test Accuracy: 0.9458
Epoch 25/500 - Train Loss: 0.3207, Train Accuracy: 0.9625, Test Loss: 0.3303, Test Accuracy: 0.9458
Epoch 26/500 - Train Loss: 0.3318, Train Accuracy: 0.9500, Test Loss: 0.3332, Test Accuracy: 0.9445
Epoch 27/500 - Train Loss: 0.2884, Train Accuracy: 0.9675, Test Loss: 0.3283, Test Accuracy: 0.9427
Epoch 28/500 - Train Loss: 0.3081, Train Accuracy: 0.9600, Test Loss: 0.3274, Test Accuracy: 0.9436
Epoch 29/500 - Train Loss: 0.2723, Train Accuracy: 0.9750, Test Loss: 0.3246, Test Accuracy: 0.9445
Epoch 30/500 - Train Loss: 0.2562, Train Accuracy: 0.9675, Test Loss: 0.3262, Test Accuracy: 0.9419
Epoch 31/500 - Train Loss: 0.2603, Train Accuracy: 0.9750, Test Loss: 0.3242, Test Accuracy: 0.9384
Epoch 32/500 - Train Loss: 0.2523, Train Accuracy: 0.9775, Test Loss: 0.3269, Test Accuracy: 0.9384
Epoch 33/500 - Train Loss: 0.2588, Train Accuracy: 0.9725, Test Loss: 0.3217, Test Accuracy: 0.9419
Epoch 34/500 - Train Loss: 0.2493, Train Accuracy: 0.9825, Test Loss: 0.3221, Test Accuracy: 0.9410
Epoch 35/500 - Train Loss: 0.2230, Train Accuracy: 0.9825, Test Loss: 0.3164, Test Accuracy: 0.9427
Epoch 36/500 - Train Loss: 0.2234, Train Accuracy: 0.9875, Test Loss: 0.3103, Test Accuracy: 0.9476
Epoch 37/500 - Train Loss: 0.2222, Train Accuracy: 0.9800, Test Loss: 0.3083, Test Accuracy: 0.9449
Epoch 38/500 - Train Loss: 0.2389, Train Accuracy: 0.9800, Test Loss: 0.3087, Test Accuracy: 0.9467
Epoch 39/500 - Train Loss: 0.2364, Train Accuracy: 0.9725, Test Loss: 0.3145, Test Accuracy: 0.9419
Epoch 40/500 - Train Loss: 0.2312, Train Accuracy: 0.9725, Test Loss: 0.3090, Test Accuracy: 0.9467
Epoch 41/500 - Train Loss: 0.2397, Train Accuracy: 0.9600, Test Loss: 0.3072, Test Accuracy: 0.9423
Epoch 42/500 - Train Loss: 0.2261, Train Accuracy: 0.9825, Test Loss: 0.3087, Test Accuracy: 0.9445
Epoch 43/500 - Train Loss: 0.2353, Train Accuracy: 0.9775, Test Loss: 0.3123, Test Accuracy: 0.9427
Epoch 44/500 - Train Loss: 0.1955, Train Accuracy: 0.9925, Test Loss: 0.3112, Test Accuracy: 0.9414
Epoch 45/500 - Train Loss: 0.1958, Train Accuracy: 0.9900, Test Loss: 0.3054, Test Accuracy: 0.9462
Epoch 46/500 - Train Loss: 0.2083, Train Accuracy: 0.9875, Test Loss: 0.3096, Test Accuracy: 0.9471
Epoch 47/500 - Train Loss: 0.1999, Train Accuracy: 0.9850, Test Loss: 0.3119, Test Accuracy: 0.9471
Epoch 48/500 - Train Loss: 0.2083, Train Accuracy: 0.9875, Test Loss: 0.3134, Test Accuracy: 0.9436
Epoch 49/500 - Train Loss: 0.2012, Train Accuracy: 0.9825, Test Loss: 0.3208, Test Accuracy: 0.9423
Epoch 50/500 - Train Loss: 0.2105, Train Accuracy: 0.9825, Test Loss: 0.3188, Test Accuracy: 0.9410
Epoch 51/500 - Train Loss: 0.1848, Train Accuracy: 0.9925, Test Loss: 0.3192, Test Accuracy: 0.9436
Epoch 52/500 - Train Loss: 0.2088, Train Accuracy: 0.9900, Test Loss: 0.3270, Test Accuracy: 0.9366
Epoch 53/500 - Train Loss: 0.1828, Train Accuracy: 0.9925, Test Loss: 0.3142, Test Accuracy: 0.9427
Epoch 54/500 - Train Loss: 0.1859, Train Accuracy: 0.9900, Test Loss: 0.3153, Test Accuracy: 0.9401
Epoch 55/500 - Train Loss: 0.2093, Train Accuracy: 0.9800, Test Loss: 0.3106, Test Accuracy: 0.9449
Epoch 56/500 - Train Loss: 0.2118, Train Accuracy: 0.9775, Test Loss: 0.3130, Test Accuracy: 0.9441
Epoch 57/500 - Train Loss: 0.1855, Train Accuracy: 0.9925, Test Loss: 0.3119, Test Accuracy: 0.9462
Epoch 58/500 - Train Loss: 0.2001, Train Accuracy: 0.9850, Test Loss: 0.3068, Test Accuracy: 0.9480
Epoch 59/500 - Train Loss: 0.1850, Train Accuracy: 0.9875, Test Loss: 0.3145, Test Accuracy: 0.9436
Epoch 60/500 - Train Loss: 0.1813, Train Accuracy: 0.9900, Test Loss: 0.3136, Test Accuracy: 0.9445

Early stopping triggered at epoch 60
Best test loss: 0.3054
Best test accuracy: 0.9480
Plot saved as trained_models/Sweep_data run/metrics/loss.png
Plot saved as trained_models/Sweep_data run/metrics/metrics.png
