wandb: Starting wandb agent 🕵️
2026-01-10 19:07:54,730 - wandb.wandb_agent - INFO - Running runs: []
2026-01-10 19:07:55,359 - wandb.wandb_agent - INFO - Agent received command: run
2026-01-10 19:07:55,359 - wandb.wandb_agent - INFO - Agent starting run with config:
	affine: 0.1313704951006739
	blur: 0.08652412110508723
	brightness: 1.032354050812855
	contrast: 0.8582770908498243
	crop: 0.3917901445796428
	crop_scale: 0.6917292527994452
	flip: 0.4610893363411954
	gaussian_blur_kernel: 7
	gaussian_noise_std: 0.2576602620689542
	grey: 0.15844421401922304
	hue: -0.009456737056552145
	jiggle: 0.3119867314392568
	rotate: 0.24586872745557964
	rotation: 46
	saturation: 0.9524074022301604
	scale: 0.8772291697835229
	shear: 17
	translate_x: 0.05836879894358087
	translate_y: 0.20743030742708904
2026-01-10 19:07:55,363 - wandb.wandb_agent - INFO - About to run command: /usr/bin/env python train_data.py --affine=0.1313704951006739 --blur=0.08652412110508723 --brightness=1.032354050812855 --contrast=0.8582770908498243 --crop=0.3917901445796428 --crop_scale=0.6917292527994452 --flip=0.4610893363411954 --gaussian_blur_kernel=7 --gaussian_noise_std=0.2576602620689542 --grey=0.15844421401922304 --hue=-0.009456737056552145 --jiggle=0.3119867314392568 --rotate=0.24586872745557964 --rotation=46 --saturation=0.9524074022301604 --scale=0.8772291697835229 --shear=17 --translate_x=0.05836879894358087 --translate_y=0.20743030742708904
wandb: Currently logged in as: arnaumarcosalmansa (mcv-team-6) to https://api.wandb.ai. Use `wandb login --relogin` to force relogin
wandb: WARNING Ignoring project 'C3-Week3' when running a sweep.
wandb: WARNING Ignoring entity 'mcv-team-6' when running a sweep.
2026-01-10 19:08:00,368 - wandb.wandb_agent - INFO - Running runs: ['04kfprj1']
wandb: setting up run 04kfprj1
wandb: Tracking run with wandb version 0.23.1
wandb: Run data is saved locally in /export/home/group06/workspace/project-team-6/Week3/wandb/run-20260110_190759-04kfprj1
wandb: Run `wandb offline` to turn off syncing.
wandb: Syncing run Sweep run
wandb: ⭐️ View project at https://wandb.ai/mcv-team-6/C3-Week3
wandb: 🧹 View sweep at https://wandb.ai/mcv-team-6/C3-Week3/sweeps/g5vb4edr
wandb: 🚀 View run at https://wandb.ai/mcv-team-6/C3-Week3/runs/04kfprj1
Traceback (most recent call last):
  File "/export/home/group06/workspace/project-team-6/Week3/train_data.py", line 61, in <module>
    ka.ColorJitter(brightness=cfg.brightness,
  File "/ghome/group06/miniconda3/envs/c3/lib/python3.12/site-packages/kornia/augmentation/_2d/intensity/color_jitter.py", line 105, in __init__
    self._param_generator = rg.ColorJitterGenerator(brightness, contrast, saturation, hue)
                            ^^^^^^^^^^^^^^^^^^^^^^^^^^^^^^^^^^^^^^^^^^^^^^^^^^^^^^^^^^^^^^
  File "/ghome/group06/miniconda3/envs/c3/lib/python3.12/site-packages/kornia/augmentation/random_generator/base.py", line 34, in __call__
    obj.__post_init__()
  File "/ghome/group06/miniconda3/envs/c3/lib/python3.12/site-packages/kornia/augmentation/random_generator/base.py", line 48, in __post_init__
    self.set_rng_device_and_dtype()
  File "/ghome/group06/miniconda3/envs/c3/lib/python3.12/site-packages/kornia/augmentation/random_generator/base.py", line 64, in set_rng_device_and_dtype
    self.make_samplers(device, dtype)
  File "/ghome/group06/miniconda3/envs/c3/lib/python3.12/site-packages/kornia/augmentation/random_generator/_2d/color_jitter.py", line 86, in make_samplers
    hue: Tensor = _range_bound(self.hue, "hue", bounds=(-0.5, 0.5), device=device, dtype=dtype)
                  ^^^^^^^^^^^^^^^^^^^^^^^^^^^^^^^^^^^^^^^^^^^^^^^^^^^^^^^^^^^^^^^^^^^^^^^^^^^^^
  File "/ghome/group06/miniconda3/envs/c3/lib/python3.12/site-packages/kornia/augmentation/utils/param_validation.py", line 53, in _range_bound
    raise ValueError(f"If {name} is a single number, it must be non negative. Got {factor}.")
ValueError: If hue is a single number, it must be non negative. Got -0.009456736966967583.
2026-01-10 19:08:05,509 - wandb.wandb_agent - INFO - Cleaning up finished run: 04kfprj1
wandb: Terminating and syncing runs. Press ctrl-c to kill.
