Using GPU 0: NVIDIA GeForce RTX 3090
Epoch 1/500 - Train Loss: 2.0314, Train Accuracy: 0.2250, Test Loss: 1.9803, Test Accuracy: 0.3055
Epoch 2/500 - Train Loss: 1.8397, Train Accuracy: 0.3625, Test Loss: 1.7855, Test Accuracy: 0.4550
Epoch 3/500 - Train Loss: 1.6451, Train Accuracy: 0.5125, Test Loss: 1.5385, Test Accuracy: 0.6088
Epoch 4/500 - Train Loss: 1.4445, Train Accuracy: 0.6625, Test Loss: 1.3166, Test Accuracy: 0.7229
Epoch 5/500 - Train Loss: 1.3278, Train Accuracy: 0.7050, Test Loss: 1.1193, Test Accuracy: 0.7880
Epoch 6/500 - Train Loss: 1.1765, Train Accuracy: 0.7700, Test Loss: 0.9617, Test Accuracy: 0.8510
Epoch 7/500 - Train Loss: 1.0408, Train Accuracy: 0.8075, Test Loss: 0.8296, Test Accuracy: 0.8877
Epoch 8/500 - Train Loss: 0.9466, Train Accuracy: 0.8300, Test Loss: 0.7302, Test Accuracy: 0.8982
Epoch 9/500 - Train Loss: 0.8437, Train Accuracy: 0.8400, Test Loss: 0.6491, Test Accuracy: 0.9117
Epoch 10/500 - Train Loss: 0.7836, Train Accuracy: 0.8625, Test Loss: 0.5874, Test Accuracy: 0.9135
Epoch 11/500 - Train Loss: 0.7266, Train Accuracy: 0.8525, Test Loss: 0.5408, Test Accuracy: 0.9200
Epoch 12/500 - Train Loss: 0.6493, Train Accuracy: 0.8750, Test Loss: 0.5008, Test Accuracy: 0.9240
Epoch 13/500 - Train Loss: 0.6307, Train Accuracy: 0.8850, Test Loss: 0.4609, Test Accuracy: 0.9323
Epoch 14/500 - Train Loss: 0.5653, Train Accuracy: 0.8975, Test Loss: 0.4276, Test Accuracy: 0.9366
Epoch 15/500 - Train Loss: 0.5262, Train Accuracy: 0.9150, Test Loss: 0.3976, Test Accuracy: 0.9436
Epoch 16/500 - Train Loss: 0.5294, Train Accuracy: 0.9050, Test Loss: 0.3804, Test Accuracy: 0.9449
Epoch 17/500 - Train Loss: 0.5199, Train Accuracy: 0.8975, Test Loss: 0.3700, Test Accuracy: 0.9445
Epoch 18/500 - Train Loss: 0.4386, Train Accuracy: 0.9200, Test Loss: 0.3588, Test Accuracy: 0.9436
Epoch 19/500 - Train Loss: 0.4967, Train Accuracy: 0.8900, Test Loss: 0.3479, Test Accuracy: 0.9436
Epoch 20/500 - Train Loss: 0.4227, Train Accuracy: 0.9375, Test Loss: 0.3446, Test Accuracy: 0.9432
Epoch 21/500 - Train Loss: 0.4320, Train Accuracy: 0.9250, Test Loss: 0.3351, Test Accuracy: 0.9423
Epoch 22/500 - Train Loss: 0.4121, Train Accuracy: 0.9025, Test Loss: 0.3310, Test Accuracy: 0.9410
Epoch 23/500 - Train Loss: 0.3852, Train Accuracy: 0.9475, Test Loss: 0.3255, Test Accuracy: 0.9454
Epoch 24/500 - Train Loss: 0.3930, Train Accuracy: 0.9225, Test Loss: 0.3152, Test Accuracy: 0.9484
Epoch 25/500 - Train Loss: 0.3858, Train Accuracy: 0.9325, Test Loss: 0.3156, Test Accuracy: 0.9471
Epoch 26/500 - Train Loss: 0.3189, Train Accuracy: 0.9550, Test Loss: 0.3213, Test Accuracy: 0.9406
Epoch 27/500 - Train Loss: 0.3512, Train Accuracy: 0.9450, Test Loss: 0.3139, Test Accuracy: 0.9436
Epoch 28/500 - Train Loss: 0.3648, Train Accuracy: 0.9350, Test Loss: 0.3154, Test Accuracy: 0.9458
Epoch 29/500 - Train Loss: 0.3423, Train Accuracy: 0.9425, Test Loss: 0.3087, Test Accuracy: 0.9493
Epoch 30/500 - Train Loss: 0.3801, Train Accuracy: 0.9250, Test Loss: 0.3062, Test Accuracy: 0.9489
Epoch 31/500 - Train Loss: 0.3120, Train Accuracy: 0.9475, Test Loss: 0.2950, Test Accuracy: 0.9528
Epoch 32/500 - Train Loss: 0.3228, Train Accuracy: 0.9500, Test Loss: 0.2958, Test Accuracy: 0.9519
Epoch 33/500 - Train Loss: 0.3527, Train Accuracy: 0.9350, Test Loss: 0.2918, Test Accuracy: 0.9524
Epoch 34/500 - Train Loss: 0.2936, Train Accuracy: 0.9675, Test Loss: 0.2858, Test Accuracy: 0.9554
Epoch 35/500 - Train Loss: 0.3087, Train Accuracy: 0.9475, Test Loss: 0.2876, Test Accuracy: 0.9532
Epoch 36/500 - Train Loss: 0.2957, Train Accuracy: 0.9575, Test Loss: 0.2864, Test Accuracy: 0.9537
Epoch 37/500 - Train Loss: 0.3304, Train Accuracy: 0.9400, Test Loss: 0.2945, Test Accuracy: 0.9510
Epoch 38/500 - Train Loss: 0.3085, Train Accuracy: 0.9625, Test Loss: 0.2914, Test Accuracy: 0.9484
Epoch 39/500 - Train Loss: 0.2487, Train Accuracy: 0.9750, Test Loss: 0.2869, Test Accuracy: 0.9532
Epoch 40/500 - Train Loss: 0.2921, Train Accuracy: 0.9500, Test Loss: 0.2867, Test Accuracy: 0.9541
Epoch 41/500 - Train Loss: 0.3111, Train Accuracy: 0.9475, Test Loss: 0.2894, Test Accuracy: 0.9502
Epoch 42/500 - Train Loss: 0.2769, Train Accuracy: 0.9625, Test Loss: 0.2907, Test Accuracy: 0.9519
Epoch 43/500 - Train Loss: 0.2416, Train Accuracy: 0.9775, Test Loss: 0.2853, Test Accuracy: 0.9524
Epoch 44/500 - Train Loss: 0.2438, Train Accuracy: 0.9750, Test Loss: 0.2873, Test Accuracy: 0.9506
Epoch 45/500 - Train Loss: 0.2733, Train Accuracy: 0.9600, Test Loss: 0.2839, Test Accuracy: 0.9532
Epoch 46/500 - Train Loss: 0.2618, Train Accuracy: 0.9675, Test Loss: 0.2919, Test Accuracy: 0.9484
Epoch 47/500 - Train Loss: 0.3161, Train Accuracy: 0.9350, Test Loss: 0.3003, Test Accuracy: 0.9454
Epoch 48/500 - Train Loss: 0.2635, Train Accuracy: 0.9625, Test Loss: 0.2914, Test Accuracy: 0.9497
Epoch 49/500 - Train Loss: 0.2360, Train Accuracy: 0.9750, Test Loss: 0.2929, Test Accuracy: 0.9489
Epoch 50/500 - Train Loss: 0.2898, Train Accuracy: 0.9525, Test Loss: 0.2930, Test Accuracy: 0.9484
Epoch 51/500 - Train Loss: 0.3064, Train Accuracy: 0.9525, Test Loss: 0.2923, Test Accuracy: 0.9449
Epoch 52/500 - Train Loss: 0.2576, Train Accuracy: 0.9725, Test Loss: 0.2843, Test Accuracy: 0.9532
Epoch 53/500 - Train Loss: 0.2490, Train Accuracy: 0.9775, Test Loss: 0.2783, Test Accuracy: 0.9541
Epoch 54/500 - Train Loss: 0.2595, Train Accuracy: 0.9700, Test Loss: 0.2842, Test Accuracy: 0.9502
Epoch 55/500 - Train Loss: 0.2445, Train Accuracy: 0.9750, Test Loss: 0.2865, Test Accuracy: 0.9489
Epoch 56/500 - Train Loss: 0.2379, Train Accuracy: 0.9750, Test Loss: 0.2860, Test Accuracy: 0.9510
Epoch 57/500 - Train Loss: 0.2373, Train Accuracy: 0.9700, Test Loss: 0.2838, Test Accuracy: 0.9515
Epoch 58/500 - Train Loss: 0.2384, Train Accuracy: 0.9700, Test Loss: 0.2996, Test Accuracy: 0.9445
Epoch 59/500 - Train Loss: 0.2279, Train Accuracy: 0.9700, Test Loss: 0.3044, Test Accuracy: 0.9441
Epoch 60/500 - Train Loss: 0.2346, Train Accuracy: 0.9725, Test Loss: 0.2924, Test Accuracy: 0.9458
Epoch 61/500 - Train Loss: 0.2608, Train Accuracy: 0.9600, Test Loss: 0.2892, Test Accuracy: 0.9480
Epoch 62/500 - Train Loss: 0.2752, Train Accuracy: 0.9575, Test Loss: 0.3056, Test Accuracy: 0.9419
Epoch 63/500 - Train Loss: 0.2545, Train Accuracy: 0.9650, Test Loss: 0.2966, Test Accuracy: 0.9436
Epoch 64/500 - Train Loss: 0.2431, Train Accuracy: 0.9650, Test Loss: 0.2918, Test Accuracy: 0.9458
Epoch 65/500 - Train Loss: 0.2220, Train Accuracy: 0.9800, Test Loss: 0.2991, Test Accuracy: 0.9441
Epoch 66/500 - Train Loss: 0.2492, Train Accuracy: 0.9650, Test Loss: 0.3034, Test Accuracy: 0.9432
Epoch 67/500 - Train Loss: 0.2402, Train Accuracy: 0.9800, Test Loss: 0.3076, Test Accuracy: 0.9397
Epoch 68/500 - Train Loss: 0.1923, Train Accuracy: 0.9900, Test Loss: 0.2968, Test Accuracy: 0.9467

Early stopping triggered at epoch 68
Best test loss: 0.2783
Best test accuracy: 0.9554
Plot saved as trained_models/Sweep_data run/metrics/loss.png
Plot saved as trained_models/Sweep_data run/metrics/metrics.png
