Using GPU 0: NVIDIA GeForce RTX 3090
Epoch 1/500 - Train Loss: 2.0458, Train Accuracy: 0.1675, Test Loss: 2.0681, Test Accuracy: 0.1469
Epoch 2/500 - Train Loss: 1.8310, Train Accuracy: 0.3525, Test Loss: 1.8329, Test Accuracy: 0.4178
Epoch 3/500 - Train Loss: 1.6174, Train Accuracy: 0.5700, Test Loss: 1.5979, Test Accuracy: 0.5905
Epoch 4/500 - Train Loss: 1.4297, Train Accuracy: 0.6800, Test Loss: 1.3924, Test Accuracy: 0.6774
Epoch 5/500 - Train Loss: 1.2542, Train Accuracy: 0.7625, Test Loss: 1.2031, Test Accuracy: 0.7399
Epoch 6/500 - Train Loss: 1.1071, Train Accuracy: 0.8075, Test Loss: 1.0647, Test Accuracy: 0.7692
Epoch 7/500 - Train Loss: 0.9769, Train Accuracy: 0.8425, Test Loss: 0.9481, Test Accuracy: 0.8042
Epoch 8/500 - Train Loss: 0.8867, Train Accuracy: 0.8675, Test Loss: 0.8314, Test Accuracy: 0.8374
Epoch 9/500 - Train Loss: 0.7622, Train Accuracy: 0.8825, Test Loss: 0.7503, Test Accuracy: 0.8667
Epoch 10/500 - Train Loss: 0.6947, Train Accuracy: 0.9025, Test Loss: 0.6694, Test Accuracy: 0.8824
Epoch 11/500 - Train Loss: 0.6128, Train Accuracy: 0.9375, Test Loss: 0.6091, Test Accuracy: 0.8916
Epoch 12/500 - Train Loss: 0.5976, Train Accuracy: 0.9100, Test Loss: 0.5629, Test Accuracy: 0.8995
Epoch 13/500 - Train Loss: 0.5663, Train Accuracy: 0.8925, Test Loss: 0.5230, Test Accuracy: 0.9073
Epoch 14/500 - Train Loss: 0.5208, Train Accuracy: 0.9050, Test Loss: 0.4885, Test Accuracy: 0.9095
Epoch 15/500 - Train Loss: 0.4577, Train Accuracy: 0.9225, Test Loss: 0.4596, Test Accuracy: 0.9161
Epoch 16/500 - Train Loss: 0.4356, Train Accuracy: 0.9450, Test Loss: 0.4331, Test Accuracy: 0.9218
Epoch 17/500 - Train Loss: 0.4327, Train Accuracy: 0.9375, Test Loss: 0.4198, Test Accuracy: 0.9213
Epoch 18/500 - Train Loss: 0.3897, Train Accuracy: 0.9550, Test Loss: 0.4085, Test Accuracy: 0.9231
Epoch 19/500 - Train Loss: 0.3622, Train Accuracy: 0.9675, Test Loss: 0.3979, Test Accuracy: 0.9266
Epoch 20/500 - Train Loss: 0.3559, Train Accuracy: 0.9675, Test Loss: 0.3881, Test Accuracy: 0.9288
Epoch 21/500 - Train Loss: 0.3617, Train Accuracy: 0.9575, Test Loss: 0.3779, Test Accuracy: 0.9296
Epoch 22/500 - Train Loss: 0.3551, Train Accuracy: 0.9425, Test Loss: 0.3652, Test Accuracy: 0.9331
Epoch 23/500 - Train Loss: 0.3021, Train Accuracy: 0.9550, Test Loss: 0.3614, Test Accuracy: 0.9336
Epoch 24/500 - Train Loss: 0.2967, Train Accuracy: 0.9650, Test Loss: 0.3521, Test Accuracy: 0.9340
Epoch 25/500 - Train Loss: 0.3275, Train Accuracy: 0.9525, Test Loss: 0.3553, Test Accuracy: 0.9392
Epoch 26/500 - Train Loss: 0.2993, Train Accuracy: 0.9600, Test Loss: 0.3485, Test Accuracy: 0.9384
Epoch 27/500 - Train Loss: 0.2724, Train Accuracy: 0.9700, Test Loss: 0.3575, Test Accuracy: 0.9261
Epoch 28/500 - Train Loss: 0.2631, Train Accuracy: 0.9775, Test Loss: 0.3537, Test Accuracy: 0.9274
Epoch 29/500 - Train Loss: 0.2638, Train Accuracy: 0.9775, Test Loss: 0.3506, Test Accuracy: 0.9274
Epoch 30/500 - Train Loss: 0.2429, Train Accuracy: 0.9850, Test Loss: 0.3384, Test Accuracy: 0.9401
Epoch 31/500 - Train Loss: 0.2370, Train Accuracy: 0.9850, Test Loss: 0.3379, Test Accuracy: 0.9358
Epoch 32/500 - Train Loss: 0.2495, Train Accuracy: 0.9725, Test Loss: 0.3362, Test Accuracy: 0.9366
Epoch 33/500 - Train Loss: 0.2276, Train Accuracy: 0.9800, Test Loss: 0.3321, Test Accuracy: 0.9410
Epoch 34/500 - Train Loss: 0.2292, Train Accuracy: 0.9850, Test Loss: 0.3350, Test Accuracy: 0.9340
Epoch 35/500 - Train Loss: 0.2233, Train Accuracy: 0.9825, Test Loss: 0.3361, Test Accuracy: 0.9327
Epoch 36/500 - Train Loss: 0.2314, Train Accuracy: 0.9775, Test Loss: 0.3340, Test Accuracy: 0.9336
Epoch 37/500 - Train Loss: 0.2352, Train Accuracy: 0.9850, Test Loss: 0.3343, Test Accuracy: 0.9331
Epoch 38/500 - Train Loss: 0.2128, Train Accuracy: 0.9850, Test Loss: 0.3338, Test Accuracy: 0.9362
Epoch 39/500 - Train Loss: 0.2171, Train Accuracy: 0.9900, Test Loss: 0.3349, Test Accuracy: 0.9344
Epoch 40/500 - Train Loss: 0.2033, Train Accuracy: 0.9900, Test Loss: 0.3421, Test Accuracy: 0.9279
Epoch 41/500 - Train Loss: 0.2010, Train Accuracy: 0.9950, Test Loss: 0.3379, Test Accuracy: 0.9305
Epoch 42/500 - Train Loss: 0.2124, Train Accuracy: 0.9825, Test Loss: 0.3335, Test Accuracy: 0.9340
Epoch 43/500 - Train Loss: 0.2175, Train Accuracy: 0.9825, Test Loss: 0.3462, Test Accuracy: 0.9248
Epoch 44/500 - Train Loss: 0.2137, Train Accuracy: 0.9825, Test Loss: 0.3540, Test Accuracy: 0.9200
Epoch 45/500 - Train Loss: 0.1985, Train Accuracy: 0.9925, Test Loss: 0.3370, Test Accuracy: 0.9283
Epoch 46/500 - Train Loss: 0.2028, Train Accuracy: 0.9900, Test Loss: 0.3237, Test Accuracy: 0.9344
Epoch 47/500 - Train Loss: 0.2101, Train Accuracy: 0.9825, Test Loss: 0.3228, Test Accuracy: 0.9388
Epoch 48/500 - Train Loss: 0.2067, Train Accuracy: 0.9850, Test Loss: 0.3245, Test Accuracy: 0.9349
Epoch 49/500 - Train Loss: 0.1949, Train Accuracy: 0.9925, Test Loss: 0.3193, Test Accuracy: 0.9358
Epoch 50/500 - Train Loss: 0.1770, Train Accuracy: 0.9950, Test Loss: 0.3210, Test Accuracy: 0.9371
Epoch 51/500 - Train Loss: 0.2011, Train Accuracy: 0.9875, Test Loss: 0.3239, Test Accuracy: 0.9353
Epoch 52/500 - Train Loss: 0.1923, Train Accuracy: 0.9875, Test Loss: 0.3250, Test Accuracy: 0.9349
Epoch 53/500 - Train Loss: 0.1806, Train Accuracy: 0.9900, Test Loss: 0.3214, Test Accuracy: 0.9366
Epoch 54/500 - Train Loss: 0.1827, Train Accuracy: 0.9925, Test Loss: 0.3201, Test Accuracy: 0.9353
Epoch 55/500 - Train Loss: 0.1812, Train Accuracy: 0.9975, Test Loss: 0.3204, Test Accuracy: 0.9349
Epoch 56/500 - Train Loss: 0.1935, Train Accuracy: 0.9875, Test Loss: 0.3201, Test Accuracy: 0.9379
Epoch 57/500 - Train Loss: 0.1783, Train Accuracy: 0.9950, Test Loss: 0.3262, Test Accuracy: 0.9323
Epoch 58/500 - Train Loss: 0.1804, Train Accuracy: 0.9925, Test Loss: 0.3325, Test Accuracy: 0.9292
Epoch 59/500 - Train Loss: 0.1861, Train Accuracy: 0.9875, Test Loss: 0.3340, Test Accuracy: 0.9305
Epoch 60/500 - Train Loss: 0.1756, Train Accuracy: 0.9925, Test Loss: 0.3250, Test Accuracy: 0.9340
Epoch 61/500 - Train Loss: 0.1837, Train Accuracy: 0.9900, Test Loss: 0.3235, Test Accuracy: 0.9340
Epoch 62/500 - Train Loss: 0.1720, Train Accuracy: 0.9925, Test Loss: 0.3288, Test Accuracy: 0.9314
Epoch 63/500 - Train Loss: 0.1718, Train Accuracy: 0.9975, Test Loss: 0.3274, Test Accuracy: 0.9349
Epoch 64/500 - Train Loss: 0.1766, Train Accuracy: 0.9900, Test Loss: 0.3256, Test Accuracy: 0.9340

Early stopping triggered at epoch 64
Best test loss: 0.3193
Best test accuracy: 0.9410
Plot saved as trained_models/Sweep_data run/metrics/loss.png
Plot saved as trained_models/Sweep_data run/metrics/metrics.png
