Using GPU 0: NVIDIA GeForce RTX 3090
Epoch 1/500 - Train Loss: 2.0934, Train Accuracy: 0.1625, Test Loss: 2.0518, Test Accuracy: 0.1486
Epoch 2/500 - Train Loss: 1.9326, Train Accuracy: 0.2250, Test Loss: 1.8418, Test Accuracy: 0.2867
Epoch 3/500 - Train Loss: 1.7627, Train Accuracy: 0.3900, Test Loss: 1.6355, Test Accuracy: 0.5170
Epoch 4/500 - Train Loss: 1.6338, Train Accuracy: 0.5200, Test Loss: 1.4594, Test Accuracy: 0.6740
Epoch 5/500 - Train Loss: 1.4660, Train Accuracy: 0.6675, Test Loss: 1.3049, Test Accuracy: 0.7439
Epoch 6/500 - Train Loss: 1.4009, Train Accuracy: 0.6225, Test Loss: 1.1446, Test Accuracy: 0.8121
Epoch 7/500 - Train Loss: 1.2670, Train Accuracy: 0.7125, Test Loss: 1.0087, Test Accuracy: 0.8361
Epoch 8/500 - Train Loss: 1.1651, Train Accuracy: 0.7300, Test Loss: 0.8886, Test Accuracy: 0.8654
Epoch 9/500 - Train Loss: 1.1091, Train Accuracy: 0.7550, Test Loss: 0.7818, Test Accuracy: 0.8746
Epoch 10/500 - Train Loss: 0.9788, Train Accuracy: 0.7750, Test Loss: 0.7121, Test Accuracy: 0.8859
Epoch 11/500 - Train Loss: 0.9452, Train Accuracy: 0.8000, Test Loss: 0.6608, Test Accuracy: 0.8899
Epoch 12/500 - Train Loss: 0.9122, Train Accuracy: 0.7950, Test Loss: 0.6009, Test Accuracy: 0.8982
Epoch 13/500 - Train Loss: 0.7929, Train Accuracy: 0.8250, Test Loss: 0.5546, Test Accuracy: 0.9030
Epoch 14/500 - Train Loss: 0.7866, Train Accuracy: 0.8075, Test Loss: 0.5195, Test Accuracy: 0.9021
Epoch 15/500 - Train Loss: 0.7152, Train Accuracy: 0.8400, Test Loss: 0.4903, Test Accuracy: 0.9113
Epoch 16/500 - Train Loss: 0.7048, Train Accuracy: 0.8400, Test Loss: 0.4597, Test Accuracy: 0.9156
Epoch 17/500 - Train Loss: 0.7149, Train Accuracy: 0.8300, Test Loss: 0.4419, Test Accuracy: 0.9205
Epoch 18/500 - Train Loss: 0.6937, Train Accuracy: 0.8300, Test Loss: 0.4297, Test Accuracy: 0.9187
Epoch 19/500 - Train Loss: 0.6241, Train Accuracy: 0.8625, Test Loss: 0.4083, Test Accuracy: 0.9196
Epoch 20/500 - Train Loss: 0.5929, Train Accuracy: 0.8700, Test Loss: 0.4046, Test Accuracy: 0.9187
Epoch 21/500 - Train Loss: 0.6200, Train Accuracy: 0.8525, Test Loss: 0.3955, Test Accuracy: 0.9165
Epoch 22/500 - Train Loss: 0.6297, Train Accuracy: 0.8225, Test Loss: 0.3938, Test Accuracy: 0.9178
Epoch 23/500 - Train Loss: 0.5297, Train Accuracy: 0.8950, Test Loss: 0.3913, Test Accuracy: 0.9196
Epoch 24/500 - Train Loss: 0.5347, Train Accuracy: 0.8725, Test Loss: 0.3828, Test Accuracy: 0.9174
Epoch 25/500 - Train Loss: 0.5533, Train Accuracy: 0.8700, Test Loss: 0.3792, Test Accuracy: 0.9213
Epoch 26/500 - Train Loss: 0.5291, Train Accuracy: 0.8675, Test Loss: 0.3766, Test Accuracy: 0.9244
Epoch 27/500 - Train Loss: 0.5417, Train Accuracy: 0.8625, Test Loss: 0.3752, Test Accuracy: 0.9235
Epoch 28/500 - Train Loss: 0.4892, Train Accuracy: 0.9025, Test Loss: 0.3633, Test Accuracy: 0.9240
Epoch 29/500 - Train Loss: 0.4946, Train Accuracy: 0.8875, Test Loss: 0.3587, Test Accuracy: 0.9292
Epoch 30/500 - Train Loss: 0.5007, Train Accuracy: 0.8875, Test Loss: 0.3582, Test Accuracy: 0.9309
Epoch 31/500 - Train Loss: 0.4614, Train Accuracy: 0.8925, Test Loss: 0.3579, Test Accuracy: 0.9292
Epoch 32/500 - Train Loss: 0.4335, Train Accuracy: 0.9150, Test Loss: 0.3495, Test Accuracy: 0.9331
Epoch 33/500 - Train Loss: 0.4744, Train Accuracy: 0.8875, Test Loss: 0.3589, Test Accuracy: 0.9279
Epoch 34/500 - Train Loss: 0.4576, Train Accuracy: 0.8900, Test Loss: 0.3496, Test Accuracy: 0.9314
Epoch 35/500 - Train Loss: 0.4458, Train Accuracy: 0.8950, Test Loss: 0.3488, Test Accuracy: 0.9331
Epoch 36/500 - Train Loss: 0.4033, Train Accuracy: 0.9300, Test Loss: 0.3496, Test Accuracy: 0.9349
Epoch 37/500 - Train Loss: 0.4518, Train Accuracy: 0.8975, Test Loss: 0.3430, Test Accuracy: 0.9366
Epoch 38/500 - Train Loss: 0.4272, Train Accuracy: 0.9100, Test Loss: 0.3438, Test Accuracy: 0.9353
Epoch 39/500 - Train Loss: 0.4301, Train Accuracy: 0.8875, Test Loss: 0.3349, Test Accuracy: 0.9309
Epoch 40/500 - Train Loss: 0.4125, Train Accuracy: 0.9125, Test Loss: 0.3418, Test Accuracy: 0.9283
Epoch 41/500 - Train Loss: 0.4205, Train Accuracy: 0.9175, Test Loss: 0.3404, Test Accuracy: 0.9279
Epoch 42/500 - Train Loss: 0.3839, Train Accuracy: 0.9300, Test Loss: 0.3279, Test Accuracy: 0.9362
Epoch 43/500 - Train Loss: 0.3731, Train Accuracy: 0.9350, Test Loss: 0.3301, Test Accuracy: 0.9358
Epoch 44/500 - Train Loss: 0.3597, Train Accuracy: 0.9275, Test Loss: 0.3270, Test Accuracy: 0.9362
Epoch 45/500 - Train Loss: 0.3835, Train Accuracy: 0.9250, Test Loss: 0.3295, Test Accuracy: 0.9388
Epoch 46/500 - Train Loss: 0.3509, Train Accuracy: 0.9375, Test Loss: 0.3331, Test Accuracy: 0.9344
Epoch 47/500 - Train Loss: 0.4340, Train Accuracy: 0.8975, Test Loss: 0.3325, Test Accuracy: 0.9340
Epoch 48/500 - Train Loss: 0.3559, Train Accuracy: 0.9375, Test Loss: 0.3411, Test Accuracy: 0.9283
Epoch 49/500 - Train Loss: 0.3342, Train Accuracy: 0.9400, Test Loss: 0.3293, Test Accuracy: 0.9379
Epoch 50/500 - Train Loss: 0.3833, Train Accuracy: 0.9100, Test Loss: 0.3263, Test Accuracy: 0.9349
Epoch 51/500 - Train Loss: 0.3027, Train Accuracy: 0.9550, Test Loss: 0.3224, Test Accuracy: 0.9362
Epoch 52/500 - Train Loss: 0.3045, Train Accuracy: 0.9575, Test Loss: 0.3217, Test Accuracy: 0.9401
Epoch 53/500 - Train Loss: 0.3448, Train Accuracy: 0.9350, Test Loss: 0.3264, Test Accuracy: 0.9358
Epoch 54/500 - Train Loss: 0.3077, Train Accuracy: 0.9525, Test Loss: 0.3279, Test Accuracy: 0.9358
Epoch 55/500 - Train Loss: 0.3568, Train Accuracy: 0.9325, Test Loss: 0.3243, Test Accuracy: 0.9358
Epoch 56/500 - Train Loss: 0.3057, Train Accuracy: 0.9500, Test Loss: 0.3155, Test Accuracy: 0.9371
Epoch 57/500 - Train Loss: 0.3055, Train Accuracy: 0.9525, Test Loss: 0.3260, Test Accuracy: 0.9366
Epoch 58/500 - Train Loss: 0.3296, Train Accuracy: 0.9400, Test Loss: 0.3390, Test Accuracy: 0.9288
Epoch 59/500 - Train Loss: 0.3152, Train Accuracy: 0.9425, Test Loss: 0.3257, Test Accuracy: 0.9353
Epoch 60/500 - Train Loss: 0.3173, Train Accuracy: 0.9400, Test Loss: 0.3182, Test Accuracy: 0.9371
Epoch 61/500 - Train Loss: 0.3367, Train Accuracy: 0.9225, Test Loss: 0.3142, Test Accuracy: 0.9392
Epoch 62/500 - Train Loss: 0.3427, Train Accuracy: 0.9275, Test Loss: 0.3185, Test Accuracy: 0.9371
Epoch 63/500 - Train Loss: 0.3128, Train Accuracy: 0.9425, Test Loss: 0.3207, Test Accuracy: 0.9392
Epoch 64/500 - Train Loss: 0.2982, Train Accuracy: 0.9500, Test Loss: 0.3182, Test Accuracy: 0.9406
Epoch 65/500 - Train Loss: 0.2986, Train Accuracy: 0.9400, Test Loss: 0.3184, Test Accuracy: 0.9406
Epoch 66/500 - Train Loss: 0.3274, Train Accuracy: 0.9350, Test Loss: 0.3169, Test Accuracy: 0.9410
Epoch 67/500 - Train Loss: 0.3207, Train Accuracy: 0.9325, Test Loss: 0.3169, Test Accuracy: 0.9414
Epoch 68/500 - Train Loss: 0.2723, Train Accuracy: 0.9625, Test Loss: 0.3192, Test Accuracy: 0.9392
Epoch 69/500 - Train Loss: 0.3521, Train Accuracy: 0.9250, Test Loss: 0.3103, Test Accuracy: 0.9406
Epoch 70/500 - Train Loss: 0.2804, Train Accuracy: 0.9650, Test Loss: 0.3148, Test Accuracy: 0.9401
Epoch 71/500 - Train Loss: 0.2778, Train Accuracy: 0.9500, Test Loss: 0.3120, Test Accuracy: 0.9419
Epoch 72/500 - Train Loss: 0.2984, Train Accuracy: 0.9475, Test Loss: 0.3234, Test Accuracy: 0.9384
Epoch 73/500 - Train Loss: 0.2966, Train Accuracy: 0.9500, Test Loss: 0.3169, Test Accuracy: 0.9410
Epoch 74/500 - Train Loss: 0.3244, Train Accuracy: 0.9300, Test Loss: 0.3202, Test Accuracy: 0.9366
Epoch 75/500 - Train Loss: 0.3109, Train Accuracy: 0.9375, Test Loss: 0.3169, Test Accuracy: 0.9379
Epoch 76/500 - Train Loss: 0.3166, Train Accuracy: 0.9375, Test Loss: 0.3166, Test Accuracy: 0.9388
Epoch 77/500 - Train Loss: 0.3023, Train Accuracy: 0.9475, Test Loss: 0.3177, Test Accuracy: 0.9423
Epoch 78/500 - Train Loss: 0.2799, Train Accuracy: 0.9475, Test Loss: 0.3352, Test Accuracy: 0.9309
Epoch 79/500 - Train Loss: 0.2577, Train Accuracy: 0.9600, Test Loss: 0.3276, Test Accuracy: 0.9353
Epoch 80/500 - Train Loss: 0.2568, Train Accuracy: 0.9650, Test Loss: 0.3217, Test Accuracy: 0.9392
Epoch 81/500 - Train Loss: 0.2363, Train Accuracy: 0.9725, Test Loss: 0.3197, Test Accuracy: 0.9410
Epoch 82/500 - Train Loss: 0.2794, Train Accuracy: 0.9575, Test Loss: 0.3178, Test Accuracy: 0.9414
Epoch 83/500 - Train Loss: 0.2648, Train Accuracy: 0.9650, Test Loss: 0.3192, Test Accuracy: 0.9379
Epoch 84/500 - Train Loss: 0.2525, Train Accuracy: 0.9750, Test Loss: 0.3280, Test Accuracy: 0.9362

Early stopping triggered at epoch 84
Best test loss: 0.3103
Best test accuracy: 0.9423
Plot saved as trained_models/Sweep_data run/metrics/loss.png
Plot saved as trained_models/Sweep_data run/metrics/metrics.png
