Using GPU 0: NVIDIA GeForce RTX 3090
Epoch 1/500 - Train Loss: 2.0434, Train Accuracy: 0.2175, Test Loss: 2.0209, Test Accuracy: 0.2268
Epoch 2/500 - Train Loss: 1.8292, Train Accuracy: 0.4000, Test Loss: 1.8440, Test Accuracy: 0.3990
Epoch 3/500 - Train Loss: 1.6531, Train Accuracy: 0.5575, Test Loss: 1.6317, Test Accuracy: 0.5608
Epoch 4/500 - Train Loss: 1.5279, Train Accuracy: 0.6350, Test Loss: 1.4594, Test Accuracy: 0.6495
Epoch 5/500 - Train Loss: 1.4031, Train Accuracy: 0.7100, Test Loss: 1.3242, Test Accuracy: 0.7212
Epoch 6/500 - Train Loss: 1.2908, Train Accuracy: 0.7600, Test Loss: 1.2006, Test Accuracy: 0.7596
Epoch 7/500 - Train Loss: 1.2146, Train Accuracy: 0.7550, Test Loss: 1.1023, Test Accuracy: 0.7902
Epoch 8/500 - Train Loss: 1.1651, Train Accuracy: 0.7775, Test Loss: 1.0162, Test Accuracy: 0.8234
Epoch 9/500 - Train Loss: 1.0855, Train Accuracy: 0.7750, Test Loss: 0.9564, Test Accuracy: 0.8427
Epoch 10/500 - Train Loss: 1.0143, Train Accuracy: 0.8150, Test Loss: 0.9006, Test Accuracy: 0.8566
Epoch 11/500 - Train Loss: 0.9588, Train Accuracy: 0.8275, Test Loss: 0.8420, Test Accuracy: 0.8702
Epoch 12/500 - Train Loss: 0.9064, Train Accuracy: 0.8625, Test Loss: 0.8036, Test Accuracy: 0.8881
Epoch 13/500 - Train Loss: 0.8611, Train Accuracy: 0.8550, Test Loss: 0.7523, Test Accuracy: 0.9034
Epoch 14/500 - Train Loss: 0.8426, Train Accuracy: 0.8600, Test Loss: 0.7265, Test Accuracy: 0.9056
Epoch 15/500 - Train Loss: 0.8328, Train Accuracy: 0.8675, Test Loss: 0.6881, Test Accuracy: 0.9191
Epoch 16/500 - Train Loss: 0.7597, Train Accuracy: 0.8800, Test Loss: 0.6570, Test Accuracy: 0.9240
Epoch 17/500 - Train Loss: 0.7464, Train Accuracy: 0.8950, Test Loss: 0.6373, Test Accuracy: 0.9218
Epoch 18/500 - Train Loss: 0.7183, Train Accuracy: 0.8875, Test Loss: 0.6223, Test Accuracy: 0.9231
Epoch 19/500 - Train Loss: 0.7207, Train Accuracy: 0.8925, Test Loss: 0.6085, Test Accuracy: 0.9248
Epoch 20/500 - Train Loss: 0.6863, Train Accuracy: 0.8900, Test Loss: 0.5893, Test Accuracy: 0.9292
Epoch 21/500 - Train Loss: 0.6613, Train Accuracy: 0.9125, Test Loss: 0.5747, Test Accuracy: 0.9305
Epoch 22/500 - Train Loss: 0.6625, Train Accuracy: 0.9025, Test Loss: 0.5696, Test Accuracy: 0.9305
Epoch 23/500 - Train Loss: 0.6027, Train Accuracy: 0.9350, Test Loss: 0.5538, Test Accuracy: 0.9288
Epoch 24/500 - Train Loss: 0.5948, Train Accuracy: 0.9300, Test Loss: 0.5488, Test Accuracy: 0.9323
Epoch 25/500 - Train Loss: 0.6071, Train Accuracy: 0.9300, Test Loss: 0.5379, Test Accuracy: 0.9331
Epoch 26/500 - Train Loss: 0.5853, Train Accuracy: 0.9350, Test Loss: 0.5299, Test Accuracy: 0.9331
Epoch 27/500 - Train Loss: 0.5793, Train Accuracy: 0.9275, Test Loss: 0.5176, Test Accuracy: 0.9349
Epoch 28/500 - Train Loss: 0.5493, Train Accuracy: 0.9475, Test Loss: 0.5162, Test Accuracy: 0.9349
Epoch 29/500 - Train Loss: 0.5541, Train Accuracy: 0.9275, Test Loss: 0.5139, Test Accuracy: 0.9362
Epoch 30/500 - Train Loss: 0.5473, Train Accuracy: 0.9375, Test Loss: 0.5133, Test Accuracy: 0.9331
Epoch 31/500 - Train Loss: 0.5536, Train Accuracy: 0.9250, Test Loss: 0.5051, Test Accuracy: 0.9309
Epoch 32/500 - Train Loss: 0.5294, Train Accuracy: 0.9325, Test Loss: 0.5042, Test Accuracy: 0.9327
Epoch 33/500 - Train Loss: 0.5214, Train Accuracy: 0.9400, Test Loss: 0.4980, Test Accuracy: 0.9379
Epoch 34/500 - Train Loss: 0.5156, Train Accuracy: 0.9375, Test Loss: 0.5023, Test Accuracy: 0.9362
Epoch 35/500 - Train Loss: 0.4910, Train Accuracy: 0.9500, Test Loss: 0.4913, Test Accuracy: 0.9384
Epoch 36/500 - Train Loss: 0.4774, Train Accuracy: 0.9600, Test Loss: 0.4874, Test Accuracy: 0.9401
Epoch 37/500 - Train Loss: 0.4965, Train Accuracy: 0.9475, Test Loss: 0.4901, Test Accuracy: 0.9358
Epoch 38/500 - Train Loss: 0.5433, Train Accuracy: 0.9200, Test Loss: 0.4912, Test Accuracy: 0.9358
Epoch 39/500 - Train Loss: 0.4912, Train Accuracy: 0.9475, Test Loss: 0.4825, Test Accuracy: 0.9414
Epoch 40/500 - Train Loss: 0.4609, Train Accuracy: 0.9600, Test Loss: 0.4914, Test Accuracy: 0.9353
Epoch 41/500 - Train Loss: 0.4926, Train Accuracy: 0.9575, Test Loss: 0.4859, Test Accuracy: 0.9392
Epoch 42/500 - Train Loss: 0.4639, Train Accuracy: 0.9475, Test Loss: 0.4961, Test Accuracy: 0.9309
Epoch 43/500 - Train Loss: 0.4449, Train Accuracy: 0.9600, Test Loss: 0.4783, Test Accuracy: 0.9419
Epoch 44/500 - Train Loss: 0.4535, Train Accuracy: 0.9625, Test Loss: 0.4750, Test Accuracy: 0.9414
Epoch 45/500 - Train Loss: 0.4548, Train Accuracy: 0.9550, Test Loss: 0.4756, Test Accuracy: 0.9423
Epoch 46/500 - Train Loss: 0.4535, Train Accuracy: 0.9675, Test Loss: 0.4803, Test Accuracy: 0.9366
Epoch 47/500 - Train Loss: 0.4481, Train Accuracy: 0.9525, Test Loss: 0.4728, Test Accuracy: 0.9384
Epoch 48/500 - Train Loss: 0.4432, Train Accuracy: 0.9650, Test Loss: 0.4760, Test Accuracy: 0.9388
Epoch 49/500 - Train Loss: 0.4734, Train Accuracy: 0.9425, Test Loss: 0.4748, Test Accuracy: 0.9362
Epoch 50/500 - Train Loss: 0.4490, Train Accuracy: 0.9575, Test Loss: 0.4753, Test Accuracy: 0.9375
Epoch 51/500 - Train Loss: 0.4564, Train Accuracy: 0.9625, Test Loss: 0.4688, Test Accuracy: 0.9401
Epoch 52/500 - Train Loss: 0.4458, Train Accuracy: 0.9600, Test Loss: 0.4766, Test Accuracy: 0.9375
Epoch 53/500 - Train Loss: 0.4514, Train Accuracy: 0.9575, Test Loss: 0.4750, Test Accuracy: 0.9379
Epoch 54/500 - Train Loss: 0.3997, Train Accuracy: 0.9800, Test Loss: 0.4735, Test Accuracy: 0.9362
Epoch 55/500 - Train Loss: 0.4103, Train Accuracy: 0.9800, Test Loss: 0.4758, Test Accuracy: 0.9371
Epoch 56/500 - Train Loss: 0.4365, Train Accuracy: 0.9725, Test Loss: 0.4774, Test Accuracy: 0.9384
Epoch 57/500 - Train Loss: 0.3946, Train Accuracy: 0.9750, Test Loss: 0.4755, Test Accuracy: 0.9401
Epoch 58/500 - Train Loss: 0.4478, Train Accuracy: 0.9475, Test Loss: 0.4723, Test Accuracy: 0.9366
Epoch 59/500 - Train Loss: 0.4139, Train Accuracy: 0.9675, Test Loss: 0.4677, Test Accuracy: 0.9406
Epoch 60/500 - Train Loss: 0.4039, Train Accuracy: 0.9700, Test Loss: 0.4694, Test Accuracy: 0.9423
Epoch 61/500 - Train Loss: 0.4289, Train Accuracy: 0.9675, Test Loss: 0.4650, Test Accuracy: 0.9432
Epoch 62/500 - Train Loss: 0.4110, Train Accuracy: 0.9675, Test Loss: 0.4743, Test Accuracy: 0.9379
Epoch 63/500 - Train Loss: 0.4014, Train Accuracy: 0.9750, Test Loss: 0.4712, Test Accuracy: 0.9388
Epoch 64/500 - Train Loss: 0.4104, Train Accuracy: 0.9700, Test Loss: 0.4748, Test Accuracy: 0.9375
Epoch 65/500 - Train Loss: 0.4390, Train Accuracy: 0.9550, Test Loss: 0.4711, Test Accuracy: 0.9388
Epoch 66/500 - Train Loss: 0.4238, Train Accuracy: 0.9700, Test Loss: 0.4709, Test Accuracy: 0.9406
Epoch 67/500 - Train Loss: 0.3951, Train Accuracy: 0.9700, Test Loss: 0.4701, Test Accuracy: 0.9397
Epoch 68/500 - Train Loss: 0.4066, Train Accuracy: 0.9700, Test Loss: 0.4658, Test Accuracy: 0.9414
Epoch 69/500 - Train Loss: 0.3986, Train Accuracy: 0.9675, Test Loss: 0.4680, Test Accuracy: 0.9371
Epoch 70/500 - Train Loss: 0.4140, Train Accuracy: 0.9650, Test Loss: 0.4633, Test Accuracy: 0.9414
Epoch 71/500 - Train Loss: 0.4014, Train Accuracy: 0.9650, Test Loss: 0.4558, Test Accuracy: 0.9449
Epoch 72/500 - Train Loss: 0.3949, Train Accuracy: 0.9700, Test Loss: 0.4602, Test Accuracy: 0.9427
Epoch 73/500 - Train Loss: 0.4051, Train Accuracy: 0.9675, Test Loss: 0.4635, Test Accuracy: 0.9414
Epoch 74/500 - Train Loss: 0.4148, Train Accuracy: 0.9700, Test Loss: 0.4759, Test Accuracy: 0.9318
Epoch 75/500 - Train Loss: 0.4185, Train Accuracy: 0.9675, Test Loss: 0.4862, Test Accuracy: 0.9257
Epoch 76/500 - Train Loss: 0.3778, Train Accuracy: 0.9850, Test Loss: 0.4681, Test Accuracy: 0.9384
Epoch 77/500 - Train Loss: 0.3927, Train Accuracy: 0.9700, Test Loss: 0.4753, Test Accuracy: 0.9340
Epoch 78/500 - Train Loss: 0.3933, Train Accuracy: 0.9750, Test Loss: 0.4771, Test Accuracy: 0.9344
Epoch 79/500 - Train Loss: 0.4021, Train Accuracy: 0.9750, Test Loss: 0.4749, Test Accuracy: 0.9366
Epoch 80/500 - Train Loss: 0.3846, Train Accuracy: 0.9725, Test Loss: 0.4669, Test Accuracy: 0.9371
Epoch 81/500 - Train Loss: 0.3984, Train Accuracy: 0.9775, Test Loss: 0.4724, Test Accuracy: 0.9362
Epoch 82/500 - Train Loss: 0.3936, Train Accuracy: 0.9775, Test Loss: 0.4705, Test Accuracy: 0.9379
Epoch 83/500 - Train Loss: 0.3899, Train Accuracy: 0.9725, Test Loss: 0.4607, Test Accuracy: 0.9423
Epoch 84/500 - Train Loss: 0.3857, Train Accuracy: 0.9750, Test Loss: 0.4692, Test Accuracy: 0.9375
Epoch 85/500 - Train Loss: 0.3732, Train Accuracy: 0.9825, Test Loss: 0.4749, Test Accuracy: 0.9323
Epoch 86/500 - Train Loss: 0.3855, Train Accuracy: 0.9825, Test Loss: 0.4846, Test Accuracy: 0.9305

Early stopping triggered at epoch 86
Best test loss: 0.4558
Best test accuracy: 0.9449
Plot saved as trained_models/Sweep_data run/metrics/loss.png
Plot saved as trained_models/Sweep_data run/metrics/metrics.png
