wandb: Starting wandb agent 🕵️
2026-01-10 19:13:22,274 - wandb.wandb_agent - INFO - Running runs: []
2026-01-10 19:13:22,916 - wandb.wandb_agent - INFO - Agent received command: run
2026-01-10 19:13:22,916 - wandb.wandb_agent - INFO - Agent starting run with config:
	affine: 0.6415122775395776
	blur: 0.4995149394798243
	brightness: 1.031803548019964
	contrast: 1.104924192128594
	crop: 0.8749433747508459
	crop_scale: 0.954342777088344
	flip: 0.1586189344182939
	gaussian_blur_kernel: 7
	gaussian_noise_std: 1.2818645317565924
	grey: 0.5935748736063646
	hue: -0.01070854020581058
	jiggle: 0.12620113062522154
	rotate: 0.7769371181151065
	rotation: 25
	saturation: 0.9781952373426686
	scale: 0.9167676733717102
	shear: 15
	translate_x: 0.32543754005924397
	translate_y: 0.0853972721022076
2026-01-10 19:13:22,920 - wandb.wandb_agent - INFO - About to run command: /usr/bin/env python train_data.py --affine=0.6415122775395776 --blur=0.4995149394798243 --brightness=1.031803548019964 --contrast=1.104924192128594 --crop=0.8749433747508459 --crop_scale=0.954342777088344 --flip=0.1586189344182939 --gaussian_blur_kernel=7 --gaussian_noise_std=1.2818645317565924 --grey=0.5935748736063646 --hue=-0.01070854020581058 --jiggle=0.12620113062522154 --rotate=0.7769371181151065 --rotation=25 --saturation=0.9781952373426686 --scale=0.9167676733717102 --shear=15 --translate_x=0.32543754005924397 --translate_y=0.0853972721022076
wandb: Currently logged in as: arnaumarcosalmansa (mcv-team-6) to https://api.wandb.ai. Use `wandb login --relogin` to force relogin
wandb: WARNING Ignoring project 'C3-Week3' when running a sweep.
wandb: WARNING Ignoring entity 'mcv-team-6' when running a sweep.
2026-01-10 19:13:27,924 - wandb.wandb_agent - INFO - Running runs: ['4pre4tj9']
wandb: setting up run 4pre4tj9
wandb: Tracking run with wandb version 0.23.1
wandb: Run data is saved locally in /export/home/group06/workspace/project-team-6/Week3/wandb/run-20260110_191327-4pre4tj9
wandb: Run `wandb offline` to turn off syncing.
wandb: Syncing run Sweep run
wandb: ⭐️ View project at https://wandb.ai/mcv-team-6/C3-Week3
wandb: 🧹 View sweep at https://wandb.ai/mcv-team-6/C3-Week3/sweeps/g5vb4edr
wandb: 🚀 View run at https://wandb.ai/mcv-team-6/C3-Week3/runs/4pre4tj9
Traceback (most recent call last):
  File "/export/home/group06/workspace/project-team-6/Week3/train_data.py", line 61, in <module>
    ka.ColorJitter(brightness=cfg.brightness,
  File "/ghome/group06/miniconda3/envs/c3/lib/python3.12/site-packages/kornia/augmentation/_2d/intensity/color_jitter.py", line 105, in __init__
    self._param_generator = rg.ColorJitterGenerator(brightness, contrast, saturation, hue)
                            ^^^^^^^^^^^^^^^^^^^^^^^^^^^^^^^^^^^^^^^^^^^^^^^^^^^^^^^^^^^^^^
  File "/ghome/group06/miniconda3/envs/c3/lib/python3.12/site-packages/kornia/augmentation/random_generator/base.py", line 34, in __call__
    obj.__post_init__()
  File "/ghome/group06/miniconda3/envs/c3/lib/python3.12/site-packages/kornia/augmentation/random_generator/base.py", line 48, in __post_init__
    self.set_rng_device_and_dtype()
  File "/ghome/group06/miniconda3/envs/c3/lib/python3.12/site-packages/kornia/augmentation/random_generator/base.py", line 64, in set_rng_device_and_dtype
    self.make_samplers(device, dtype)
  File "/ghome/group06/miniconda3/envs/c3/lib/python3.12/site-packages/kornia/augmentation/random_generator/_2d/color_jitter.py", line 86, in make_samplers
    hue: Tensor = _range_bound(self.hue, "hue", bounds=(-0.5, 0.5), device=device, dtype=dtype)
                  ^^^^^^^^^^^^^^^^^^^^^^^^^^^^^^^^^^^^^^^^^^^^^^^^^^^^^^^^^^^^^^^^^^^^^^^^^^^^^
  File "/ghome/group06/miniconda3/envs/c3/lib/python3.12/site-packages/kornia/augmentation/utils/param_validation.py", line 53, in _range_bound
    raise ValueError(f"If {name} is a single number, it must be non negative. Got {factor}.")
ValueError: If hue is a single number, it must be non negative. Got -0.010708539746701717.
2026-01-10 19:13:33,078 - wandb.wandb_agent - INFO - Cleaning up finished run: 4pre4tj9
wandb: Terminating and syncing runs. Press ctrl-c to kill.
