wandb: Starting wandb agent 🕵️
2026-01-10 19:51:06,508 - wandb.wandb_agent - INFO - Running runs: []
2026-01-10 19:51:06,792 - wandb.wandb_agent - INFO - Agent received command: run
2026-01-10 19:51:06,793 - wandb.wandb_agent - INFO - Agent starting run with config:
	affine: 0.3200871220313557
	blur: 0.12944131352338817
	brightness: 0.8310155944801464
	contrast: 1.1606852067893207
	crop: 0.8177688080378608
	crop_scale: 0.9373848835537884
	flip: 0.8963327285806956
	gaussian_blur_kernel: 7
	gaussian_noise_std: 0.03507647927781887
	grey: 0.9906685122192754
	hue: -0.09408702927946802
	jiggle: 0.2815508953009467
	rotate: 0.12715056801168612
	rotation: 42
	saturation: 1.018596557177914
	scale: 1.124634202265887
	shear: 37
	translate_x: 0.001925210840338476
	translate_y: 0.024223122652446617
2026-01-10 19:51:06,796 - wandb.wandb_agent - INFO - About to run command: /usr/bin/env python train_data.py --affine=0.3200871220313557 --blur=0.12944131352338817 --brightness=0.8310155944801464 --contrast=1.1606852067893207 --crop=0.8177688080378608 --crop_scale=0.9373848835537884 --flip=0.8963327285806956 --gaussian_blur_kernel=7 --gaussian_noise_std=0.03507647927781887 --grey=0.9906685122192754 --hue=-0.09408702927946802 --jiggle=0.2815508953009467 --rotate=0.12715056801168612 --rotation=42 --saturation=1.018596557177914 --scale=1.124634202265887 --shear=37 --translate_x=0.001925210840338476 --translate_y=0.024223122652446617
wandb: Currently logged in as: arnaumarcosalmansa (mcv-team-6) to https://api.wandb.ai. Use `wandb login --relogin` to force relogin
wandb: WARNING Ignoring project 'C3-Week3' when running a sweep.
wandb: WARNING Ignoring entity 'mcv-team-6' when running a sweep.
2026-01-10 19:51:11,801 - wandb.wandb_agent - INFO - Running runs: ['fwhqspbh']
wandb: Tracking run with wandb version 0.23.1
wandb: Run data is saved locally in /export/home/group06/workspace/project-team-6/Week3/wandb/run-20260110_195111-fwhqspbh
wandb: Run `wandb offline` to turn off syncing.
wandb: Syncing run Sweep run
wandb: ⭐️ View project at https://wandb.ai/mcv-team-6/C3-Week3
wandb: 🧹 View sweep at https://wandb.ai/mcv-team-6/C3-Week3/sweeps/g5vb4edr
wandb: 🚀 View run at https://wandb.ai/mcv-team-6/C3-Week3/runs/fwhqspbh
Traceback (most recent call last):
  File "/export/home/group06/workspace/project-team-6/Week3/train_data.py", line 61, in <module>
    ka.ColorJitter(brightness=cfg.brightness,
  File "/ghome/group06/miniconda3/envs/c3/lib/python3.12/site-packages/kornia/augmentation/_2d/intensity/color_jitter.py", line 105, in __init__
    self._param_generator = rg.ColorJitterGenerator(brightness, contrast, saturation, hue)
                            ^^^^^^^^^^^^^^^^^^^^^^^^^^^^^^^^^^^^^^^^^^^^^^^^^^^^^^^^^^^^^^
  File "/ghome/group06/miniconda3/envs/c3/lib/python3.12/site-packages/kornia/augmentation/random_generator/base.py", line 34, in __call__
    obj.__post_init__()
  File "/ghome/group06/miniconda3/envs/c3/lib/python3.12/site-packages/kornia/augmentation/random_generator/base.py", line 48, in __post_init__
    self.set_rng_device_and_dtype()
  File "/ghome/group06/miniconda3/envs/c3/lib/python3.12/site-packages/kornia/augmentation/random_generator/base.py", line 64, in set_rng_device_and_dtype
    self.make_samplers(device, dtype)
  File "/ghome/group06/miniconda3/envs/c3/lib/python3.12/site-packages/kornia/augmentation/random_generator/_2d/color_jitter.py", line 86, in make_samplers
    hue: Tensor = _range_bound(self.hue, "hue", bounds=(-0.5, 0.5), device=device, dtype=dtype)
                  ^^^^^^^^^^^^^^^^^^^^^^^^^^^^^^^^^^^^^^^^^^^^^^^^^^^^^^^^^^^^^^^^^^^^^^^^^^^^^
  File "/ghome/group06/miniconda3/envs/c3/lib/python3.12/site-packages/kornia/augmentation/utils/param_validation.py", line 53, in _range_bound
    raise ValueError(f"If {name} is a single number, it must be non negative. Got {factor}.")
ValueError: If hue is a single number, it must be non negative. Got -0.09408702701330185.
2026-01-10 19:51:16,949 - wandb.wandb_agent - INFO - Cleaning up finished run: fwhqspbh
wandb: Terminating and syncing runs. Press ctrl-c to kill.
