Using GPU 0: NVIDIA GeForce RTX 3090
Epoch 1/500 - Train Loss: 2.0816, Train Accuracy: 0.1450, Test Loss: 2.0783, Test Accuracy: 0.2045
Epoch 2/500 - Train Loss: 1.8711, Train Accuracy: 0.2925, Test Loss: 1.8489, Test Accuracy: 0.4008
Epoch 3/500 - Train Loss: 1.7384, Train Accuracy: 0.4600, Test Loss: 1.6562, Test Accuracy: 0.5284
Epoch 4/500 - Train Loss: 1.6019, Train Accuracy: 0.5900, Test Loss: 1.5095, Test Accuracy: 0.6534
Epoch 5/500 - Train Loss: 1.4983, Train Accuracy: 0.6675, Test Loss: 1.3822, Test Accuracy: 0.7207
Epoch 6/500 - Train Loss: 1.3708, Train Accuracy: 0.7050, Test Loss: 1.2699, Test Accuracy: 0.7688
Epoch 7/500 - Train Loss: 1.2758, Train Accuracy: 0.7400, Test Loss: 1.1585, Test Accuracy: 0.8055
Epoch 8/500 - Train Loss: 1.2282, Train Accuracy: 0.7900, Test Loss: 1.0669, Test Accuracy: 0.8317
Epoch 9/500 - Train Loss: 1.1067, Train Accuracy: 0.8225, Test Loss: 1.0010, Test Accuracy: 0.8457
Epoch 10/500 - Train Loss: 1.0648, Train Accuracy: 0.8225, Test Loss: 0.9267, Test Accuracy: 0.8628
Epoch 11/500 - Train Loss: 0.9815, Train Accuracy: 0.8325, Test Loss: 0.8685, Test Accuracy: 0.8759
Epoch 12/500 - Train Loss: 0.9461, Train Accuracy: 0.8450, Test Loss: 0.8145, Test Accuracy: 0.8855
Epoch 13/500 - Train Loss: 0.8938, Train Accuracy: 0.8575, Test Loss: 0.7837, Test Accuracy: 0.8920
Epoch 14/500 - Train Loss: 0.8609, Train Accuracy: 0.8750, Test Loss: 0.7407, Test Accuracy: 0.9025
Epoch 15/500 - Train Loss: 0.8167, Train Accuracy: 0.8775, Test Loss: 0.6987, Test Accuracy: 0.9108
Epoch 16/500 - Train Loss: 0.7889, Train Accuracy: 0.8875, Test Loss: 0.6692, Test Accuracy: 0.9135
Epoch 17/500 - Train Loss: 0.7502, Train Accuracy: 0.8875, Test Loss: 0.6475, Test Accuracy: 0.9187
Epoch 18/500 - Train Loss: 0.7579, Train Accuracy: 0.8750, Test Loss: 0.6217, Test Accuracy: 0.9244
Epoch 19/500 - Train Loss: 0.6835, Train Accuracy: 0.9000, Test Loss: 0.6042, Test Accuracy: 0.9253
Epoch 20/500 - Train Loss: 0.6998, Train Accuracy: 0.8700, Test Loss: 0.5821, Test Accuracy: 0.9274
Epoch 21/500 - Train Loss: 0.6642, Train Accuracy: 0.9125, Test Loss: 0.5667, Test Accuracy: 0.9266
Epoch 22/500 - Train Loss: 0.6408, Train Accuracy: 0.9050, Test Loss: 0.5546, Test Accuracy: 0.9318
Epoch 23/500 - Train Loss: 0.6349, Train Accuracy: 0.9100, Test Loss: 0.5530, Test Accuracy: 0.9336
Epoch 24/500 - Train Loss: 0.6497, Train Accuracy: 0.9025, Test Loss: 0.5407, Test Accuracy: 0.9309
Epoch 25/500 - Train Loss: 0.5758, Train Accuracy: 0.9325, Test Loss: 0.5317, Test Accuracy: 0.9349
Epoch 26/500 - Train Loss: 0.5841, Train Accuracy: 0.9225, Test Loss: 0.5272, Test Accuracy: 0.9358
Epoch 27/500 - Train Loss: 0.5752, Train Accuracy: 0.9325, Test Loss: 0.5161, Test Accuracy: 0.9379
Epoch 28/500 - Train Loss: 0.5632, Train Accuracy: 0.9400, Test Loss: 0.5167, Test Accuracy: 0.9384
Epoch 29/500 - Train Loss: 0.5540, Train Accuracy: 0.9350, Test Loss: 0.5045, Test Accuracy: 0.9423
Epoch 30/500 - Train Loss: 0.5776, Train Accuracy: 0.9125, Test Loss: 0.4964, Test Accuracy: 0.9436
Epoch 31/500 - Train Loss: 0.5599, Train Accuracy: 0.9250, Test Loss: 0.4938, Test Accuracy: 0.9423
Epoch 32/500 - Train Loss: 0.5382, Train Accuracy: 0.9425, Test Loss: 0.4943, Test Accuracy: 0.9414
Epoch 33/500 - Train Loss: 0.5065, Train Accuracy: 0.9600, Test Loss: 0.4905, Test Accuracy: 0.9423
Epoch 34/500 - Train Loss: 0.5148, Train Accuracy: 0.9350, Test Loss: 0.4889, Test Accuracy: 0.9476
Epoch 35/500 - Train Loss: 0.5214, Train Accuracy: 0.9400, Test Loss: 0.4821, Test Accuracy: 0.9454
Epoch 36/500 - Train Loss: 0.5138, Train Accuracy: 0.9400, Test Loss: 0.4781, Test Accuracy: 0.9449
Epoch 37/500 - Train Loss: 0.4882, Train Accuracy: 0.9475, Test Loss: 0.4779, Test Accuracy: 0.9441
Epoch 38/500 - Train Loss: 0.4803, Train Accuracy: 0.9475, Test Loss: 0.4745, Test Accuracy: 0.9427
Epoch 39/500 - Train Loss: 0.4782, Train Accuracy: 0.9425, Test Loss: 0.4707, Test Accuracy: 0.9476
Epoch 40/500 - Train Loss: 0.4862, Train Accuracy: 0.9550, Test Loss: 0.4710, Test Accuracy: 0.9462
Epoch 41/500 - Train Loss: 0.4706, Train Accuracy: 0.9575, Test Loss: 0.4668, Test Accuracy: 0.9462
Epoch 42/500 - Train Loss: 0.4887, Train Accuracy: 0.9425, Test Loss: 0.4684, Test Accuracy: 0.9471
Epoch 43/500 - Train Loss: 0.4788, Train Accuracy: 0.9425, Test Loss: 0.4664, Test Accuracy: 0.9467
Epoch 44/500 - Train Loss: 0.4751, Train Accuracy: 0.9450, Test Loss: 0.4659, Test Accuracy: 0.9480
Epoch 45/500 - Train Loss: 0.4543, Train Accuracy: 0.9600, Test Loss: 0.4688, Test Accuracy: 0.9432
Epoch 46/500 - Train Loss: 0.4445, Train Accuracy: 0.9650, Test Loss: 0.4656, Test Accuracy: 0.9441
Epoch 47/500 - Train Loss: 0.4555, Train Accuracy: 0.9525, Test Loss: 0.4682, Test Accuracy: 0.9449
Epoch 48/500 - Train Loss: 0.4612, Train Accuracy: 0.9475, Test Loss: 0.4676, Test Accuracy: 0.9441
Epoch 49/500 - Train Loss: 0.4455, Train Accuracy: 0.9650, Test Loss: 0.4675, Test Accuracy: 0.9445
Epoch 50/500 - Train Loss: 0.4324, Train Accuracy: 0.9625, Test Loss: 0.4671, Test Accuracy: 0.9427
Epoch 51/500 - Train Loss: 0.4329, Train Accuracy: 0.9750, Test Loss: 0.4614, Test Accuracy: 0.9471
Epoch 52/500 - Train Loss: 0.4291, Train Accuracy: 0.9675, Test Loss: 0.4592, Test Accuracy: 0.9467
Epoch 53/500 - Train Loss: 0.4205, Train Accuracy: 0.9650, Test Loss: 0.4603, Test Accuracy: 0.9471
Epoch 54/500 - Train Loss: 0.4262, Train Accuracy: 0.9625, Test Loss: 0.4595, Test Accuracy: 0.9462
Epoch 55/500 - Train Loss: 0.4134, Train Accuracy: 0.9675, Test Loss: 0.4596, Test Accuracy: 0.9432
Epoch 56/500 - Train Loss: 0.4524, Train Accuracy: 0.9525, Test Loss: 0.4563, Test Accuracy: 0.9484
Epoch 57/500 - Train Loss: 0.4309, Train Accuracy: 0.9550, Test Loss: 0.4609, Test Accuracy: 0.9441
Epoch 58/500 - Train Loss: 0.4336, Train Accuracy: 0.9525, Test Loss: 0.4585, Test Accuracy: 0.9462
Epoch 59/500 - Train Loss: 0.4279, Train Accuracy: 0.9600, Test Loss: 0.4575, Test Accuracy: 0.9467
Epoch 60/500 - Train Loss: 0.4001, Train Accuracy: 0.9775, Test Loss: 0.4566, Test Accuracy: 0.9476
Epoch 61/500 - Train Loss: 0.4313, Train Accuracy: 0.9675, Test Loss: 0.4559, Test Accuracy: 0.9484
Epoch 62/500 - Train Loss: 0.4170, Train Accuracy: 0.9700, Test Loss: 0.4544, Test Accuracy: 0.9502
Epoch 63/500 - Train Loss: 0.4175, Train Accuracy: 0.9625, Test Loss: 0.4582, Test Accuracy: 0.9454
Epoch 64/500 - Train Loss: 0.4035, Train Accuracy: 0.9700, Test Loss: 0.4593, Test Accuracy: 0.9476
Epoch 65/500 - Train Loss: 0.4289, Train Accuracy: 0.9650, Test Loss: 0.4559, Test Accuracy: 0.9480
Epoch 66/500 - Train Loss: 0.3917, Train Accuracy: 0.9775, Test Loss: 0.4623, Test Accuracy: 0.9445
Epoch 67/500 - Train Loss: 0.4075, Train Accuracy: 0.9750, Test Loss: 0.4523, Test Accuracy: 0.9476
Epoch 68/500 - Train Loss: 0.4084, Train Accuracy: 0.9625, Test Loss: 0.4506, Test Accuracy: 0.9510
Epoch 69/500 - Train Loss: 0.3923, Train Accuracy: 0.9850, Test Loss: 0.4548, Test Accuracy: 0.9480
Epoch 70/500 - Train Loss: 0.4033, Train Accuracy: 0.9725, Test Loss: 0.4620, Test Accuracy: 0.9432
Epoch 71/500 - Train Loss: 0.3979, Train Accuracy: 0.9775, Test Loss: 0.4597, Test Accuracy: 0.9445
Epoch 72/500 - Train Loss: 0.3853, Train Accuracy: 0.9850, Test Loss: 0.4560, Test Accuracy: 0.9471
Epoch 73/500 - Train Loss: 0.3899, Train Accuracy: 0.9750, Test Loss: 0.4554, Test Accuracy: 0.9480
Epoch 74/500 - Train Loss: 0.4020, Train Accuracy: 0.9650, Test Loss: 0.4622, Test Accuracy: 0.9441
Epoch 75/500 - Train Loss: 0.4060, Train Accuracy: 0.9725, Test Loss: 0.4553, Test Accuracy: 0.9454
Epoch 76/500 - Train Loss: 0.3827, Train Accuracy: 0.9800, Test Loss: 0.4544, Test Accuracy: 0.9441
Epoch 77/500 - Train Loss: 0.3984, Train Accuracy: 0.9750, Test Loss: 0.4543, Test Accuracy: 0.9471
Epoch 78/500 - Train Loss: 0.3966, Train Accuracy: 0.9750, Test Loss: 0.4511, Test Accuracy: 0.9454
Epoch 79/500 - Train Loss: 0.3953, Train Accuracy: 0.9675, Test Loss: 0.4547, Test Accuracy: 0.9454
Epoch 80/500 - Train Loss: 0.3834, Train Accuracy: 0.9750, Test Loss: 0.4554, Test Accuracy: 0.9445
Epoch 81/500 - Train Loss: 0.3681, Train Accuracy: 0.9875, Test Loss: 0.4533, Test Accuracy: 0.9476
Epoch 82/500 - Train Loss: 0.3832, Train Accuracy: 0.9725, Test Loss: 0.4554, Test Accuracy: 0.9462
Epoch 83/500 - Train Loss: 0.4208, Train Accuracy: 0.9600, Test Loss: 0.4552, Test Accuracy: 0.9423

Early stopping triggered at epoch 83
Best test loss: 0.4506
Best test accuracy: 0.9510
Plot saved as trained_models/Sweep_data run/metrics/loss.png
Plot saved as trained_models/Sweep_data run/metrics/metrics.png
