wandb: Starting wandb agent 🕵️
2026-01-10 20:48:11,865 - wandb.wandb_agent - INFO - Running runs: []
2026-01-10 20:48:12,134 - wandb.wandb_agent - INFO - Agent received command: run
2026-01-10 20:48:12,135 - wandb.wandb_agent - INFO - Agent starting run with config:
	affine: 0.32731313957826746
	blur: 0.20843022759660657
	brightness: 1.243397802707377
	contrast: 1.1386274440354875
	crop: 0.2031214358475173
	crop_scale: 0.7057622956596563
	flip: 0.7875313195204876
	gaussian_blur_kernel: 9
	gaussian_noise_std: 1.1003726024743463
	grey: 0.452771808525018
	hue: -0.06572584681656818
	jiggle: 0.7712755585690678
	rotate: 0.5245894407010501
	rotation: 13
	saturation: 0.7489092945584187
	scale: 1.19085962326138
	shear: 8
	translate_x: 0.23360743724179017
	translate_y: 0.32366910632355617
2026-01-10 20:48:12,138 - wandb.wandb_agent - INFO - About to run command: /usr/bin/env python train_data.py --affine=0.32731313957826746 --blur=0.20843022759660657 --brightness=1.243397802707377 --contrast=1.1386274440354875 --crop=0.2031214358475173 --crop_scale=0.7057622956596563 --flip=0.7875313195204876 --gaussian_blur_kernel=9 --gaussian_noise_std=1.1003726024743463 --grey=0.452771808525018 --hue=-0.06572584681656818 --jiggle=0.7712755585690678 --rotate=0.5245894407010501 --rotation=13 --saturation=0.7489092945584187 --scale=1.19085962326138 --shear=8 --translate_x=0.23360743724179017 --translate_y=0.32366910632355617
wandb: Currently logged in as: arnaumarcosalmansa (mcv-team-6) to https://api.wandb.ai. Use `wandb login --relogin` to force relogin
wandb: WARNING Ignoring project 'C3-Week3' when running a sweep.
wandb: WARNING Ignoring entity 'mcv-team-6' when running a sweep.
wandb: Tracking run with wandb version 0.23.1
wandb: Run data is saved locally in /export/home/group06/workspace/project-team-6/Week3/wandb/run-20260110_204816-n935izj9
wandb: Run `wandb offline` to turn off syncing.
wandb: Syncing run Sweep run
wandb: ⭐️ View project at https://wandb.ai/mcv-team-6/C3-Week3
wandb: 🧹 View sweep at https://wandb.ai/mcv-team-6/C3-Week3/sweeps/8yeenlu8
wandb: 🚀 View run at https://wandb.ai/mcv-team-6/C3-Week3/runs/n935izj9
2026-01-10 20:48:17,144 - wandb.wandb_agent - INFO - Running runs: ['n935izj9']
Traceback (most recent call last):
  File "/export/home/group06/workspace/project-team-6/Week3/train_data.py", line 61, in <module>
    ka.ColorJitter(brightness=cfg.brightness,
  File "/ghome/group06/miniconda3/envs/c3/lib/python3.12/site-packages/kornia/augmentation/_2d/intensity/color_jitter.py", line 105, in __init__
    self._param_generator = rg.ColorJitterGenerator(brightness, contrast, saturation, hue)
                            ^^^^^^^^^^^^^^^^^^^^^^^^^^^^^^^^^^^^^^^^^^^^^^^^^^^^^^^^^^^^^^
  File "/ghome/group06/miniconda3/envs/c3/lib/python3.12/site-packages/kornia/augmentation/random_generator/base.py", line 34, in __call__
    obj.__post_init__()
  File "/ghome/group06/miniconda3/envs/c3/lib/python3.12/site-packages/kornia/augmentation/random_generator/base.py", line 48, in __post_init__
    self.set_rng_device_and_dtype()
  File "/ghome/group06/miniconda3/envs/c3/lib/python3.12/site-packages/kornia/augmentation/random_generator/base.py", line 64, in set_rng_device_and_dtype
    self.make_samplers(device, dtype)
  File "/ghome/group06/miniconda3/envs/c3/lib/python3.12/site-packages/kornia/augmentation/random_generator/_2d/color_jitter.py", line 86, in make_samplers
    hue: Tensor = _range_bound(self.hue, "hue", bounds=(-0.5, 0.5), device=device, dtype=dtype)
                  ^^^^^^^^^^^^^^^^^^^^^^^^^^^^^^^^^^^^^^^^^^^^^^^^^^^^^^^^^^^^^^^^^^^^^^^^^^^^^
  File "/ghome/group06/miniconda3/envs/c3/lib/python3.12/site-packages/kornia/augmentation/utils/param_validation.py", line 53, in _range_bound
    raise ValueError(f"If {name} is a single number, it must be non negative. Got {factor}.")
ValueError: If hue is a single number, it must be non negative. Got -0.06572584807872772.
2026-01-10 20:48:22,282 - wandb.wandb_agent - INFO - Cleaning up finished run: n935izj9
wandb: Terminating and syncing runs. Press ctrl-c to kill.
