Using GPU 0: NVIDIA GeForce RTX 3090
Epoch 1/500 - Train Loss: 2.0581, Train Accuracy: 0.1700, Test Loss: 1.9808, Test Accuracy: 0.2220
Epoch 2/500 - Train Loss: 1.8464, Train Accuracy: 0.3200, Test Loss: 1.7648, Test Accuracy: 0.3728
Epoch 3/500 - Train Loss: 1.6915, Train Accuracy: 0.4825, Test Loss: 1.5414, Test Accuracy: 0.5337
Epoch 4/500 - Train Loss: 1.5174, Train Accuracy: 0.6050, Test Loss: 1.3520, Test Accuracy: 0.6862
Epoch 5/500 - Train Loss: 1.3898, Train Accuracy: 0.7125, Test Loss: 1.1681, Test Accuracy: 0.7723
Epoch 6/500 - Train Loss: 1.2557, Train Accuracy: 0.7475, Test Loss: 1.0265, Test Accuracy: 0.8195
Epoch 7/500 - Train Loss: 1.1656, Train Accuracy: 0.7300, Test Loss: 0.8952, Test Accuracy: 0.8597
Epoch 8/500 - Train Loss: 1.0412, Train Accuracy: 0.8050, Test Loss: 0.7850, Test Accuracy: 0.8807
Epoch 9/500 - Train Loss: 0.9617, Train Accuracy: 0.8000, Test Loss: 0.6992, Test Accuracy: 0.8960
Epoch 10/500 - Train Loss: 0.9182, Train Accuracy: 0.8275, Test Loss: 0.6365, Test Accuracy: 0.9069
Epoch 11/500 - Train Loss: 0.8210, Train Accuracy: 0.8450, Test Loss: 0.5828, Test Accuracy: 0.9073
Epoch 12/500 - Train Loss: 0.7637, Train Accuracy: 0.8500, Test Loss: 0.5457, Test Accuracy: 0.9148
Epoch 13/500 - Train Loss: 0.7167, Train Accuracy: 0.8500, Test Loss: 0.5055, Test Accuracy: 0.9196
Epoch 14/500 - Train Loss: 0.6911, Train Accuracy: 0.8525, Test Loss: 0.4708, Test Accuracy: 0.9261
Epoch 15/500 - Train Loss: 0.6824, Train Accuracy: 0.8100, Test Loss: 0.4373, Test Accuracy: 0.9318
Epoch 16/500 - Train Loss: 0.6694, Train Accuracy: 0.8400, Test Loss: 0.4214, Test Accuracy: 0.9309
Epoch 17/500 - Train Loss: 0.5831, Train Accuracy: 0.8950, Test Loss: 0.4090, Test Accuracy: 0.9296
Epoch 18/500 - Train Loss: 0.5845, Train Accuracy: 0.8850, Test Loss: 0.3937, Test Accuracy: 0.9314
Epoch 19/500 - Train Loss: 0.5949, Train Accuracy: 0.8700, Test Loss: 0.3755, Test Accuracy: 0.9362
Epoch 20/500 - Train Loss: 0.5670, Train Accuracy: 0.8675, Test Loss: 0.3725, Test Accuracy: 0.9323
Epoch 21/500 - Train Loss: 0.5050, Train Accuracy: 0.8825, Test Loss: 0.3669, Test Accuracy: 0.9362
Epoch 22/500 - Train Loss: 0.4779, Train Accuracy: 0.9025, Test Loss: 0.3705, Test Accuracy: 0.9336
Epoch 23/500 - Train Loss: 0.4809, Train Accuracy: 0.9000, Test Loss: 0.3655, Test Accuracy: 0.9349
Epoch 24/500 - Train Loss: 0.4559, Train Accuracy: 0.9150, Test Loss: 0.3569, Test Accuracy: 0.9358
Epoch 25/500 - Train Loss: 0.4321, Train Accuracy: 0.9175, Test Loss: 0.3519, Test Accuracy: 0.9349
Epoch 26/500 - Train Loss: 0.4654, Train Accuracy: 0.8900, Test Loss: 0.3386, Test Accuracy: 0.9410
Epoch 27/500 - Train Loss: 0.4741, Train Accuracy: 0.8825, Test Loss: 0.3294, Test Accuracy: 0.9454
Epoch 28/500 - Train Loss: 0.4291, Train Accuracy: 0.9125, Test Loss: 0.3356, Test Accuracy: 0.9401
Epoch 29/500 - Train Loss: 0.3946, Train Accuracy: 0.9100, Test Loss: 0.3381, Test Accuracy: 0.9406
Epoch 30/500 - Train Loss: 0.3953, Train Accuracy: 0.9300, Test Loss: 0.3409, Test Accuracy: 0.9384
Epoch 31/500 - Train Loss: 0.3649, Train Accuracy: 0.9375, Test Loss: 0.3369, Test Accuracy: 0.9414
Epoch 32/500 - Train Loss: 0.3620, Train Accuracy: 0.9375, Test Loss: 0.3253, Test Accuracy: 0.9432
Epoch 33/500 - Train Loss: 0.3663, Train Accuracy: 0.9375, Test Loss: 0.3343, Test Accuracy: 0.9375
Epoch 34/500 - Train Loss: 0.3424, Train Accuracy: 0.9425, Test Loss: 0.3240, Test Accuracy: 0.9458
Epoch 35/500 - Train Loss: 0.3249, Train Accuracy: 0.9525, Test Loss: 0.3157, Test Accuracy: 0.9480
Epoch 36/500 - Train Loss: 0.3440, Train Accuracy: 0.9375, Test Loss: 0.3212, Test Accuracy: 0.9436
Epoch 37/500 - Train Loss: 0.3345, Train Accuracy: 0.9400, Test Loss: 0.3132, Test Accuracy: 0.9506
Epoch 38/500 - Train Loss: 0.3389, Train Accuracy: 0.9425, Test Loss: 0.3158, Test Accuracy: 0.9449
Epoch 39/500 - Train Loss: 0.3418, Train Accuracy: 0.9475, Test Loss: 0.3247, Test Accuracy: 0.9414
Epoch 40/500 - Train Loss: 0.3771, Train Accuracy: 0.9100, Test Loss: 0.3140, Test Accuracy: 0.9449
Epoch 41/500 - Train Loss: 0.3245, Train Accuracy: 0.9450, Test Loss: 0.3193, Test Accuracy: 0.9458
Epoch 42/500 - Train Loss: 0.3047, Train Accuracy: 0.9450, Test Loss: 0.3266, Test Accuracy: 0.9436
Epoch 43/500 - Train Loss: 0.3076, Train Accuracy: 0.9600, Test Loss: 0.3212, Test Accuracy: 0.9427
Epoch 44/500 - Train Loss: 0.2821, Train Accuracy: 0.9675, Test Loss: 0.3163, Test Accuracy: 0.9388
Epoch 45/500 - Train Loss: 0.2697, Train Accuracy: 0.9700, Test Loss: 0.3150, Test Accuracy: 0.9432
Epoch 46/500 - Train Loss: 0.3044, Train Accuracy: 0.9500, Test Loss: 0.3117, Test Accuracy: 0.9445
Epoch 47/500 - Train Loss: 0.3118, Train Accuracy: 0.9425, Test Loss: 0.3169, Test Accuracy: 0.9414
Epoch 48/500 - Train Loss: 0.3158, Train Accuracy: 0.9500, Test Loss: 0.3239, Test Accuracy: 0.9410
Epoch 49/500 - Train Loss: 0.3097, Train Accuracy: 0.9400, Test Loss: 0.3256, Test Accuracy: 0.9423
Epoch 50/500 - Train Loss: 0.2822, Train Accuracy: 0.9575, Test Loss: 0.3106, Test Accuracy: 0.9480
Epoch 51/500 - Train Loss: 0.2902, Train Accuracy: 0.9525, Test Loss: 0.3128, Test Accuracy: 0.9454
Epoch 52/500 - Train Loss: 0.2733, Train Accuracy: 0.9625, Test Loss: 0.3174, Test Accuracy: 0.9432
Epoch 53/500 - Train Loss: 0.3199, Train Accuracy: 0.9500, Test Loss: 0.3161, Test Accuracy: 0.9458
Epoch 54/500 - Train Loss: 0.2658, Train Accuracy: 0.9725, Test Loss: 0.3148, Test Accuracy: 0.9467
Epoch 55/500 - Train Loss: 0.2507, Train Accuracy: 0.9725, Test Loss: 0.3183, Test Accuracy: 0.9414
Epoch 56/500 - Train Loss: 0.2661, Train Accuracy: 0.9575, Test Loss: 0.3163, Test Accuracy: 0.9427
Epoch 57/500 - Train Loss: 0.2868, Train Accuracy: 0.9625, Test Loss: 0.3070, Test Accuracy: 0.9480
Epoch 58/500 - Train Loss: 0.2371, Train Accuracy: 0.9800, Test Loss: 0.3140, Test Accuracy: 0.9436
Epoch 59/500 - Train Loss: 0.2407, Train Accuracy: 0.9725, Test Loss: 0.3087, Test Accuracy: 0.9427
Epoch 60/500 - Train Loss: 0.2520, Train Accuracy: 0.9675, Test Loss: 0.3077, Test Accuracy: 0.9458
Epoch 61/500 - Train Loss: 0.2726, Train Accuracy: 0.9600, Test Loss: 0.3380, Test Accuracy: 0.9331
Epoch 62/500 - Train Loss: 0.2675, Train Accuracy: 0.9650, Test Loss: 0.3205, Test Accuracy: 0.9397
Epoch 63/500 - Train Loss: 0.2622, Train Accuracy: 0.9650, Test Loss: 0.3118, Test Accuracy: 0.9476
Epoch 64/500 - Train Loss: 0.2710, Train Accuracy: 0.9575, Test Loss: 0.3331, Test Accuracy: 0.9379
Epoch 65/500 - Train Loss: 0.2412, Train Accuracy: 0.9725, Test Loss: 0.3252, Test Accuracy: 0.9427
Epoch 66/500 - Train Loss: 0.2653, Train Accuracy: 0.9625, Test Loss: 0.3414, Test Accuracy: 0.9296
Epoch 67/500 - Train Loss: 0.2470, Train Accuracy: 0.9725, Test Loss: 0.3428, Test Accuracy: 0.9288
Epoch 68/500 - Train Loss: 0.2486, Train Accuracy: 0.9650, Test Loss: 0.3305, Test Accuracy: 0.9362
Epoch 69/500 - Train Loss: 0.2317, Train Accuracy: 0.9775, Test Loss: 0.3118, Test Accuracy: 0.9419
Epoch 70/500 - Train Loss: 0.2217, Train Accuracy: 0.9725, Test Loss: 0.3080, Test Accuracy: 0.9436
Epoch 71/500 - Train Loss: 0.2464, Train Accuracy: 0.9650, Test Loss: 0.3072, Test Accuracy: 0.9471
Epoch 72/500 - Train Loss: 0.2508, Train Accuracy: 0.9575, Test Loss: 0.3140, Test Accuracy: 0.9449

Early stopping triggered at epoch 72
Best test loss: 0.3070
Best test accuracy: 0.9506
Plot saved as trained_models/Sweep_data run/metrics/loss.png
Plot saved as trained_models/Sweep_data run/metrics/metrics.png
