Using GPU 0: NVIDIA GeForce RTX 3090
Epoch 1/500 - Train Loss: 2.0014, Train Accuracy: 0.2700, Test Loss: 1.9772, Test Accuracy: 0.2736
Epoch 2/500 - Train Loss: 1.7505, Train Accuracy: 0.4975, Test Loss: 1.7171, Test Accuracy: 0.5804
Epoch 3/500 - Train Loss: 1.5931, Train Accuracy: 0.6175, Test Loss: 1.5069, Test Accuracy: 0.7006
Epoch 4/500 - Train Loss: 1.4335, Train Accuracy: 0.6900, Test Loss: 1.3336, Test Accuracy: 0.7688
Epoch 5/500 - Train Loss: 1.3262, Train Accuracy: 0.7425, Test Loss: 1.1903, Test Accuracy: 0.8274
Epoch 6/500 - Train Loss: 1.2060, Train Accuracy: 0.8050, Test Loss: 1.0738, Test Accuracy: 0.8610
Epoch 7/500 - Train Loss: 1.1162, Train Accuracy: 0.8100, Test Loss: 0.9747, Test Accuracy: 0.8859
Epoch 8/500 - Train Loss: 0.9959, Train Accuracy: 0.8750, Test Loss: 0.8958, Test Accuracy: 0.9021
Epoch 9/500 - Train Loss: 0.9539, Train Accuracy: 0.8625, Test Loss: 0.8320, Test Accuracy: 0.9126
Epoch 10/500 - Train Loss: 0.8760, Train Accuracy: 0.8825, Test Loss: 0.7580, Test Accuracy: 0.9218
Epoch 11/500 - Train Loss: 0.8443, Train Accuracy: 0.8950, Test Loss: 0.7069, Test Accuracy: 0.9296
Epoch 12/500 - Train Loss: 0.7987, Train Accuracy: 0.9025, Test Loss: 0.6655, Test Accuracy: 0.9340
Epoch 13/500 - Train Loss: 0.7753, Train Accuracy: 0.8900, Test Loss: 0.6387, Test Accuracy: 0.9331
Epoch 14/500 - Train Loss: 0.7154, Train Accuracy: 0.9250, Test Loss: 0.6095, Test Accuracy: 0.9414
Epoch 15/500 - Train Loss: 0.7009, Train Accuracy: 0.9000, Test Loss: 0.5886, Test Accuracy: 0.9427
Epoch 16/500 - Train Loss: 0.6783, Train Accuracy: 0.9125, Test Loss: 0.5701, Test Accuracy: 0.9427
Epoch 17/500 - Train Loss: 0.6383, Train Accuracy: 0.9275, Test Loss: 0.5581, Test Accuracy: 0.9419
Epoch 18/500 - Train Loss: 0.6193, Train Accuracy: 0.9250, Test Loss: 0.5375, Test Accuracy: 0.9423
Epoch 19/500 - Train Loss: 0.5710, Train Accuracy: 0.9625, Test Loss: 0.5305, Test Accuracy: 0.9423
Epoch 20/500 - Train Loss: 0.5870, Train Accuracy: 0.9300, Test Loss: 0.5203, Test Accuracy: 0.9454
Epoch 21/500 - Train Loss: 0.5821, Train Accuracy: 0.9350, Test Loss: 0.5027, Test Accuracy: 0.9502
Epoch 22/500 - Train Loss: 0.5377, Train Accuracy: 0.9500, Test Loss: 0.5009, Test Accuracy: 0.9489
Epoch 23/500 - Train Loss: 0.5428, Train Accuracy: 0.9300, Test Loss: 0.5006, Test Accuracy: 0.9432
Epoch 24/500 - Train Loss: 0.5136, Train Accuracy: 0.9575, Test Loss: 0.4934, Test Accuracy: 0.9441
Epoch 25/500 - Train Loss: 0.5382, Train Accuracy: 0.9350, Test Loss: 0.4892, Test Accuracy: 0.9436
Epoch 26/500 - Train Loss: 0.5065, Train Accuracy: 0.9550, Test Loss: 0.4825, Test Accuracy: 0.9471
Epoch 27/500 - Train Loss: 0.5088, Train Accuracy: 0.9475, Test Loss: 0.4854, Test Accuracy: 0.9406
Epoch 28/500 - Train Loss: 0.4845, Train Accuracy: 0.9500, Test Loss: 0.4762, Test Accuracy: 0.9454
Epoch 29/500 - Train Loss: 0.4715, Train Accuracy: 0.9525, Test Loss: 0.4706, Test Accuracy: 0.9458
Epoch 30/500 - Train Loss: 0.4764, Train Accuracy: 0.9550, Test Loss: 0.4723, Test Accuracy: 0.9445
Epoch 31/500 - Train Loss: 0.4934, Train Accuracy: 0.9475, Test Loss: 0.4757, Test Accuracy: 0.9423
Epoch 32/500 - Train Loss: 0.4596, Train Accuracy: 0.9625, Test Loss: 0.4704, Test Accuracy: 0.9432
Epoch 33/500 - Train Loss: 0.4599, Train Accuracy: 0.9675, Test Loss: 0.4675, Test Accuracy: 0.9441
Epoch 34/500 - Train Loss: 0.4611, Train Accuracy: 0.9550, Test Loss: 0.4709, Test Accuracy: 0.9414
Epoch 35/500 - Train Loss: 0.4669, Train Accuracy: 0.9475, Test Loss: 0.4667, Test Accuracy: 0.9441
Epoch 36/500 - Train Loss: 0.4575, Train Accuracy: 0.9575, Test Loss: 0.4553, Test Accuracy: 0.9502
Epoch 37/500 - Train Loss: 0.4744, Train Accuracy: 0.9525, Test Loss: 0.4537, Test Accuracy: 0.9515
Epoch 38/500 - Train Loss: 0.4494, Train Accuracy: 0.9625, Test Loss: 0.4562, Test Accuracy: 0.9476
Epoch 39/500 - Train Loss: 0.4312, Train Accuracy: 0.9675, Test Loss: 0.4579, Test Accuracy: 0.9484
Epoch 40/500 - Train Loss: 0.4416, Train Accuracy: 0.9625, Test Loss: 0.4555, Test Accuracy: 0.9467
Epoch 41/500 - Train Loss: 0.4146, Train Accuracy: 0.9700, Test Loss: 0.4570, Test Accuracy: 0.9458
Epoch 42/500 - Train Loss: 0.4205, Train Accuracy: 0.9775, Test Loss: 0.4578, Test Accuracy: 0.9458
Epoch 43/500 - Train Loss: 0.4323, Train Accuracy: 0.9575, Test Loss: 0.4570, Test Accuracy: 0.9467
Epoch 44/500 - Train Loss: 0.4242, Train Accuracy: 0.9775, Test Loss: 0.4576, Test Accuracy: 0.9449
Epoch 45/500 - Train Loss: 0.4225, Train Accuracy: 0.9700, Test Loss: 0.4558, Test Accuracy: 0.9471
Epoch 46/500 - Train Loss: 0.4154, Train Accuracy: 0.9825, Test Loss: 0.4574, Test Accuracy: 0.9436
Epoch 47/500 - Train Loss: 0.4286, Train Accuracy: 0.9675, Test Loss: 0.4468, Test Accuracy: 0.9489
Epoch 48/500 - Train Loss: 0.4313, Train Accuracy: 0.9725, Test Loss: 0.4514, Test Accuracy: 0.9476
Epoch 49/500 - Train Loss: 0.3949, Train Accuracy: 0.9700, Test Loss: 0.4481, Test Accuracy: 0.9497
Epoch 50/500 - Train Loss: 0.4115, Train Accuracy: 0.9725, Test Loss: 0.4487, Test Accuracy: 0.9489
Epoch 51/500 - Train Loss: 0.3951, Train Accuracy: 0.9750, Test Loss: 0.4501, Test Accuracy: 0.9497
Epoch 52/500 - Train Loss: 0.3996, Train Accuracy: 0.9750, Test Loss: 0.4500, Test Accuracy: 0.9471
Epoch 53/500 - Train Loss: 0.3822, Train Accuracy: 0.9775, Test Loss: 0.4576, Test Accuracy: 0.9449
Epoch 54/500 - Train Loss: 0.3959, Train Accuracy: 0.9725, Test Loss: 0.4539, Test Accuracy: 0.9436
Epoch 55/500 - Train Loss: 0.4117, Train Accuracy: 0.9725, Test Loss: 0.4538, Test Accuracy: 0.9445
Epoch 56/500 - Train Loss: 0.4031, Train Accuracy: 0.9850, Test Loss: 0.4544, Test Accuracy: 0.9445
Epoch 57/500 - Train Loss: 0.3899, Train Accuracy: 0.9750, Test Loss: 0.4544, Test Accuracy: 0.9436
Epoch 58/500 - Train Loss: 0.3817, Train Accuracy: 0.9850, Test Loss: 0.4547, Test Accuracy: 0.9454
Epoch 59/500 - Train Loss: 0.3953, Train Accuracy: 0.9825, Test Loss: 0.4581, Test Accuracy: 0.9414
Epoch 60/500 - Train Loss: 0.4062, Train Accuracy: 0.9750, Test Loss: 0.4605, Test Accuracy: 0.9427
Epoch 61/500 - Train Loss: 0.3722, Train Accuracy: 0.9800, Test Loss: 0.4539, Test Accuracy: 0.9419
Epoch 62/500 - Train Loss: 0.3902, Train Accuracy: 0.9700, Test Loss: 0.4642, Test Accuracy: 0.9397

Early stopping triggered at epoch 62
Best test loss: 0.4468
Best test accuracy: 0.9515
Plot saved as trained_models/Sweep_data run/metrics/loss.png
Plot saved as trained_models/Sweep_data run/metrics/metrics.png
