Using GPU 0: NVIDIA GeForce RTX 3090
Epoch 1/500 - Train Loss: 2.0289, Train Accuracy: 0.1675, Test Loss: 2.0066, Test Accuracy: 0.1801
Epoch 2/500 - Train Loss: 1.8213, Train Accuracy: 0.3650, Test Loss: 1.7785, Test Accuracy: 0.4139
Epoch 3/500 - Train Loss: 1.6079, Train Accuracy: 0.5800, Test Loss: 1.5768, Test Accuracy: 0.5424
Epoch 4/500 - Train Loss: 1.4120, Train Accuracy: 0.6950, Test Loss: 1.3970, Test Accuracy: 0.6600
Epoch 5/500 - Train Loss: 1.2577, Train Accuracy: 0.7800, Test Loss: 1.2441, Test Accuracy: 0.7312
Epoch 6/500 - Train Loss: 1.1117, Train Accuracy: 0.7925, Test Loss: 1.1221, Test Accuracy: 0.7740
Epoch 7/500 - Train Loss: 0.9697, Train Accuracy: 0.8625, Test Loss: 0.9928, Test Accuracy: 0.8177
Epoch 8/500 - Train Loss: 0.9004, Train Accuracy: 0.8325, Test Loss: 0.8868, Test Accuracy: 0.8348
Epoch 9/500 - Train Loss: 0.8093, Train Accuracy: 0.8925, Test Loss: 0.7724, Test Accuracy: 0.8601
Epoch 10/500 - Train Loss: 0.7300, Train Accuracy: 0.8850, Test Loss: 0.6861, Test Accuracy: 0.8759
Epoch 11/500 - Train Loss: 0.6494, Train Accuracy: 0.8950, Test Loss: 0.6279, Test Accuracy: 0.8798
Epoch 12/500 - Train Loss: 0.6239, Train Accuracy: 0.8925, Test Loss: 0.5757, Test Accuracy: 0.8938
Epoch 13/500 - Train Loss: 0.5467, Train Accuracy: 0.9175, Test Loss: 0.5515, Test Accuracy: 0.8955
Epoch 14/500 - Train Loss: 0.5256, Train Accuracy: 0.9125, Test Loss: 0.4929, Test Accuracy: 0.9143
Epoch 15/500 - Train Loss: 0.5004, Train Accuracy: 0.9125, Test Loss: 0.4660, Test Accuracy: 0.9082
Epoch 16/500 - Train Loss: 0.4922, Train Accuracy: 0.9150, Test Loss: 0.4438, Test Accuracy: 0.9100
Epoch 17/500 - Train Loss: 0.4571, Train Accuracy: 0.9325, Test Loss: 0.4188, Test Accuracy: 0.9205
Epoch 18/500 - Train Loss: 0.4317, Train Accuracy: 0.9100, Test Loss: 0.4078, Test Accuracy: 0.9205
Epoch 19/500 - Train Loss: 0.4233, Train Accuracy: 0.9250, Test Loss: 0.4045, Test Accuracy: 0.9196
Epoch 20/500 - Train Loss: 0.3754, Train Accuracy: 0.9475, Test Loss: 0.3805, Test Accuracy: 0.9235
Epoch 21/500 - Train Loss: 0.3326, Train Accuracy: 0.9575, Test Loss: 0.3748, Test Accuracy: 0.9283
Epoch 22/500 - Train Loss: 0.3341, Train Accuracy: 0.9525, Test Loss: 0.3699, Test Accuracy: 0.9296
Epoch 23/500 - Train Loss: 0.3395, Train Accuracy: 0.9600, Test Loss: 0.3546, Test Accuracy: 0.9318
Epoch 24/500 - Train Loss: 0.3281, Train Accuracy: 0.9575, Test Loss: 0.3479, Test Accuracy: 0.9323
Epoch 25/500 - Train Loss: 0.2969, Train Accuracy: 0.9725, Test Loss: 0.3453, Test Accuracy: 0.9283
Epoch 26/500 - Train Loss: 0.3063, Train Accuracy: 0.9625, Test Loss: 0.3426, Test Accuracy: 0.9340
Epoch 27/500 - Train Loss: 0.2724, Train Accuracy: 0.9725, Test Loss: 0.3396, Test Accuracy: 0.9353
Epoch 28/500 - Train Loss: 0.2700, Train Accuracy: 0.9750, Test Loss: 0.3315, Test Accuracy: 0.9358
Epoch 29/500 - Train Loss: 0.2648, Train Accuracy: 0.9825, Test Loss: 0.3260, Test Accuracy: 0.9371
Epoch 30/500 - Train Loss: 0.2541, Train Accuracy: 0.9700, Test Loss: 0.3266, Test Accuracy: 0.9401
Epoch 31/500 - Train Loss: 0.2717, Train Accuracy: 0.9750, Test Loss: 0.3252, Test Accuracy: 0.9379
Epoch 32/500 - Train Loss: 0.2419, Train Accuracy: 0.9800, Test Loss: 0.3184, Test Accuracy: 0.9379
Epoch 33/500 - Train Loss: 0.2487, Train Accuracy: 0.9700, Test Loss: 0.3181, Test Accuracy: 0.9353
Epoch 34/500 - Train Loss: 0.2435, Train Accuracy: 0.9775, Test Loss: 0.3200, Test Accuracy: 0.9340
Epoch 35/500 - Train Loss: 0.2172, Train Accuracy: 0.9900, Test Loss: 0.3173, Test Accuracy: 0.9375
Epoch 36/500 - Train Loss: 0.2286, Train Accuracy: 0.9825, Test Loss: 0.3145, Test Accuracy: 0.9366
Epoch 37/500 - Train Loss: 0.2173, Train Accuracy: 0.9850, Test Loss: 0.3186, Test Accuracy: 0.9375
Epoch 38/500 - Train Loss: 0.2307, Train Accuracy: 0.9800, Test Loss: 0.3121, Test Accuracy: 0.9362
Epoch 39/500 - Train Loss: 0.2022, Train Accuracy: 0.9900, Test Loss: 0.3157, Test Accuracy: 0.9358
Epoch 40/500 - Train Loss: 0.2068, Train Accuracy: 0.9775, Test Loss: 0.3247, Test Accuracy: 0.9353
Epoch 41/500 - Train Loss: 0.2208, Train Accuracy: 0.9825, Test Loss: 0.3250, Test Accuracy: 0.9327
Epoch 42/500 - Train Loss: 0.2188, Train Accuracy: 0.9750, Test Loss: 0.3117, Test Accuracy: 0.9397
Epoch 43/500 - Train Loss: 0.2093, Train Accuracy: 0.9875, Test Loss: 0.3086, Test Accuracy: 0.9410
Epoch 44/500 - Train Loss: 0.2171, Train Accuracy: 0.9825, Test Loss: 0.3139, Test Accuracy: 0.9375
Epoch 45/500 - Train Loss: 0.2032, Train Accuracy: 0.9850, Test Loss: 0.3123, Test Accuracy: 0.9375
Epoch 46/500 - Train Loss: 0.2137, Train Accuracy: 0.9800, Test Loss: 0.3064, Test Accuracy: 0.9388
Epoch 47/500 - Train Loss: 0.2023, Train Accuracy: 0.9825, Test Loss: 0.2989, Test Accuracy: 0.9406
Epoch 48/500 - Train Loss: 0.1793, Train Accuracy: 0.9925, Test Loss: 0.2988, Test Accuracy: 0.9414
Epoch 49/500 - Train Loss: 0.1931, Train Accuracy: 0.9875, Test Loss: 0.3038, Test Accuracy: 0.9406
Epoch 50/500 - Train Loss: 0.1901, Train Accuracy: 0.9950, Test Loss: 0.3079, Test Accuracy: 0.9397
Epoch 51/500 - Train Loss: 0.1785, Train Accuracy: 0.9950, Test Loss: 0.3269, Test Accuracy: 0.9318
Epoch 52/500 - Train Loss: 0.1776, Train Accuracy: 0.9950, Test Loss: 0.3291, Test Accuracy: 0.9331
Epoch 53/500 - Train Loss: 0.1770, Train Accuracy: 0.9975, Test Loss: 0.3147, Test Accuracy: 0.9358
Epoch 54/500 - Train Loss: 0.1792, Train Accuracy: 0.9925, Test Loss: 0.3104, Test Accuracy: 0.9375
Epoch 55/500 - Train Loss: 0.1944, Train Accuracy: 0.9900, Test Loss: 0.3055, Test Accuracy: 0.9379
Epoch 56/500 - Train Loss: 0.1703, Train Accuracy: 1.0000, Test Loss: 0.3126, Test Accuracy: 0.9397
Epoch 57/500 - Train Loss: 0.1781, Train Accuracy: 0.9975, Test Loss: 0.3188, Test Accuracy: 0.9375
Epoch 58/500 - Train Loss: 0.2127, Train Accuracy: 0.9825, Test Loss: 0.3195, Test Accuracy: 0.9366
Epoch 59/500 - Train Loss: 0.1917, Train Accuracy: 0.9875, Test Loss: 0.3207, Test Accuracy: 0.9392
Epoch 60/500 - Train Loss: 0.1857, Train Accuracy: 0.9850, Test Loss: 0.3095, Test Accuracy: 0.9397
Epoch 61/500 - Train Loss: 0.1958, Train Accuracy: 0.9825, Test Loss: 0.3097, Test Accuracy: 0.9397
Epoch 62/500 - Train Loss: 0.1806, Train Accuracy: 0.9950, Test Loss: 0.3166, Test Accuracy: 0.9379

Early stopping triggered at epoch 62
Best test loss: 0.2988
Best test accuracy: 0.9414
Plot saved as trained_models/Sweep_data run/metrics/loss.png
Plot saved as trained_models/Sweep_data run/metrics/metrics.png
