Using GPU 0: NVIDIA GeForce RTX 3090
Epoch 1/500 - Train Loss: 2.0442, Train Accuracy: 0.1725, Test Loss: 2.0399, Test Accuracy: 0.1455
Epoch 2/500 - Train Loss: 1.9085, Train Accuracy: 0.3150, Test Loss: 1.8526, Test Accuracy: 0.3671
Epoch 3/500 - Train Loss: 1.8127, Train Accuracy: 0.4125, Test Loss: 1.7011, Test Accuracy: 0.4939
Epoch 4/500 - Train Loss: 1.6948, Train Accuracy: 0.5425, Test Loss: 1.5732, Test Accuracy: 0.5992
Epoch 5/500 - Train Loss: 1.6022, Train Accuracy: 0.6050, Test Loss: 1.4649, Test Accuracy: 0.6674
Epoch 6/500 - Train Loss: 1.5119, Train Accuracy: 0.6300, Test Loss: 1.3754, Test Accuracy: 0.7260
Epoch 7/500 - Train Loss: 1.4249, Train Accuracy: 0.6750, Test Loss: 1.2908, Test Accuracy: 0.7531
Epoch 8/500 - Train Loss: 1.3517, Train Accuracy: 0.7200, Test Loss: 1.2056, Test Accuracy: 0.7810
Epoch 9/500 - Train Loss: 1.2655, Train Accuracy: 0.7525, Test Loss: 1.1206, Test Accuracy: 0.8064
Epoch 10/500 - Train Loss: 1.1982, Train Accuracy: 0.7775, Test Loss: 1.0515, Test Accuracy: 0.8265
Epoch 11/500 - Train Loss: 1.1231, Train Accuracy: 0.7950, Test Loss: 0.9752, Test Accuracy: 0.8518
Epoch 12/500 - Train Loss: 1.0779, Train Accuracy: 0.8250, Test Loss: 0.9170, Test Accuracy: 0.8593
Epoch 13/500 - Train Loss: 1.0322, Train Accuracy: 0.8100, Test Loss: 0.8638, Test Accuracy: 0.8680
Epoch 14/500 - Train Loss: 1.0007, Train Accuracy: 0.8300, Test Loss: 0.8096, Test Accuracy: 0.8890
Epoch 15/500 - Train Loss: 0.9487, Train Accuracy: 0.8300, Test Loss: 0.7897, Test Accuracy: 0.8938
Epoch 16/500 - Train Loss: 0.9115, Train Accuracy: 0.8475, Test Loss: 0.7544, Test Accuracy: 0.8955
Epoch 17/500 - Train Loss: 0.8543, Train Accuracy: 0.8450, Test Loss: 0.7348, Test Accuracy: 0.8951
Epoch 18/500 - Train Loss: 0.8232, Train Accuracy: 0.8775, Test Loss: 0.7003, Test Accuracy: 0.9012
Epoch 19/500 - Train Loss: 0.8123, Train Accuracy: 0.8725, Test Loss: 0.6755, Test Accuracy: 0.8977
Epoch 20/500 - Train Loss: 0.7772, Train Accuracy: 0.8800, Test Loss: 0.6547, Test Accuracy: 0.9073
Epoch 21/500 - Train Loss: 0.7726, Train Accuracy: 0.8550, Test Loss: 0.6369, Test Accuracy: 0.9122
Epoch 22/500 - Train Loss: 0.7015, Train Accuracy: 0.8875, Test Loss: 0.6123, Test Accuracy: 0.9222
Epoch 23/500 - Train Loss: 0.7398, Train Accuracy: 0.8700, Test Loss: 0.5953, Test Accuracy: 0.9222
Epoch 24/500 - Train Loss: 0.7104, Train Accuracy: 0.8875, Test Loss: 0.5882, Test Accuracy: 0.9240
Epoch 25/500 - Train Loss: 0.6792, Train Accuracy: 0.8975, Test Loss: 0.5738, Test Accuracy: 0.9305
Epoch 26/500 - Train Loss: 0.6585, Train Accuracy: 0.8825, Test Loss: 0.5701, Test Accuracy: 0.9288
Epoch 27/500 - Train Loss: 0.6431, Train Accuracy: 0.9025, Test Loss: 0.5703, Test Accuracy: 0.9257
Epoch 28/500 - Train Loss: 0.6295, Train Accuracy: 0.9075, Test Loss: 0.5516, Test Accuracy: 0.9349
Epoch 29/500 - Train Loss: 0.6509, Train Accuracy: 0.8925, Test Loss: 0.5355, Test Accuracy: 0.9358
Epoch 30/500 - Train Loss: 0.6300, Train Accuracy: 0.9050, Test Loss: 0.5359, Test Accuracy: 0.9358
Epoch 31/500 - Train Loss: 0.6085, Train Accuracy: 0.9050, Test Loss: 0.5356, Test Accuracy: 0.9340
Epoch 32/500 - Train Loss: 0.6014, Train Accuracy: 0.9025, Test Loss: 0.5248, Test Accuracy: 0.9379
Epoch 33/500 - Train Loss: 0.6192, Train Accuracy: 0.8975, Test Loss: 0.5191, Test Accuracy: 0.9375
Epoch 34/500 - Train Loss: 0.5647, Train Accuracy: 0.9275, Test Loss: 0.5180, Test Accuracy: 0.9406
Epoch 35/500 - Train Loss: 0.5535, Train Accuracy: 0.9200, Test Loss: 0.5099, Test Accuracy: 0.9388
Epoch 36/500 - Train Loss: 0.5803, Train Accuracy: 0.9125, Test Loss: 0.5075, Test Accuracy: 0.9371
Epoch 37/500 - Train Loss: 0.5480, Train Accuracy: 0.9325, Test Loss: 0.5034, Test Accuracy: 0.9406
Epoch 38/500 - Train Loss: 0.5413, Train Accuracy: 0.9175, Test Loss: 0.5031, Test Accuracy: 0.9436
Epoch 39/500 - Train Loss: 0.5284, Train Accuracy: 0.9375, Test Loss: 0.4986, Test Accuracy: 0.9392
Epoch 40/500 - Train Loss: 0.5403, Train Accuracy: 0.9325, Test Loss: 0.4987, Test Accuracy: 0.9401
Epoch 41/500 - Train Loss: 0.5349, Train Accuracy: 0.9375, Test Loss: 0.4945, Test Accuracy: 0.9445
Epoch 42/500 - Train Loss: 0.5491, Train Accuracy: 0.9300, Test Loss: 0.4939, Test Accuracy: 0.9445
Epoch 43/500 - Train Loss: 0.5155, Train Accuracy: 0.9475, Test Loss: 0.4951, Test Accuracy: 0.9401
Epoch 44/500 - Train Loss: 0.5569, Train Accuracy: 0.9050, Test Loss: 0.4888, Test Accuracy: 0.9436
Epoch 45/500 - Train Loss: 0.5231, Train Accuracy: 0.9400, Test Loss: 0.4910, Test Accuracy: 0.9449
Epoch 46/500 - Train Loss: 0.4845, Train Accuracy: 0.9525, Test Loss: 0.4817, Test Accuracy: 0.9484
Epoch 47/500 - Train Loss: 0.5185, Train Accuracy: 0.9400, Test Loss: 0.4869, Test Accuracy: 0.9410
Epoch 48/500 - Train Loss: 0.4812, Train Accuracy: 0.9450, Test Loss: 0.4809, Test Accuracy: 0.9489
Epoch 49/500 - Train Loss: 0.4741, Train Accuracy: 0.9450, Test Loss: 0.4809, Test Accuracy: 0.9449
Epoch 50/500 - Train Loss: 0.5034, Train Accuracy: 0.9450, Test Loss: 0.4771, Test Accuracy: 0.9467
Epoch 51/500 - Train Loss: 0.4968, Train Accuracy: 0.9425, Test Loss: 0.4712, Test Accuracy: 0.9515
Epoch 52/500 - Train Loss: 0.4596, Train Accuracy: 0.9450, Test Loss: 0.4722, Test Accuracy: 0.9471
Epoch 53/500 - Train Loss: 0.4639, Train Accuracy: 0.9525, Test Loss: 0.4760, Test Accuracy: 0.9458
Epoch 54/500 - Train Loss: 0.4973, Train Accuracy: 0.9375, Test Loss: 0.4748, Test Accuracy: 0.9467
Epoch 55/500 - Train Loss: 0.5009, Train Accuracy: 0.9225, Test Loss: 0.4707, Test Accuracy: 0.9471
Epoch 56/500 - Train Loss: 0.4601, Train Accuracy: 0.9575, Test Loss: 0.4632, Test Accuracy: 0.9493
Epoch 57/500 - Train Loss: 0.4524, Train Accuracy: 0.9625, Test Loss: 0.4668, Test Accuracy: 0.9480
Epoch 58/500 - Train Loss: 0.4715, Train Accuracy: 0.9425, Test Loss: 0.4676, Test Accuracy: 0.9480
Epoch 59/500 - Train Loss: 0.4707, Train Accuracy: 0.9500, Test Loss: 0.4711, Test Accuracy: 0.9467
Epoch 60/500 - Train Loss: 0.4419, Train Accuracy: 0.9625, Test Loss: 0.4678, Test Accuracy: 0.9445
Epoch 61/500 - Train Loss: 0.4691, Train Accuracy: 0.9450, Test Loss: 0.4622, Test Accuracy: 0.9510
Epoch 62/500 - Train Loss: 0.4645, Train Accuracy: 0.9475, Test Loss: 0.4658, Test Accuracy: 0.9471
Epoch 63/500 - Train Loss: 0.4627, Train Accuracy: 0.9375, Test Loss: 0.4691, Test Accuracy: 0.9419
Epoch 64/500 - Train Loss: 0.4763, Train Accuracy: 0.9400, Test Loss: 0.4717, Test Accuracy: 0.9436
Epoch 65/500 - Train Loss: 0.4523, Train Accuracy: 0.9525, Test Loss: 0.4745, Test Accuracy: 0.9432
Epoch 66/500 - Train Loss: 0.4491, Train Accuracy: 0.9600, Test Loss: 0.4598, Test Accuracy: 0.9493
Epoch 67/500 - Train Loss: 0.4415, Train Accuracy: 0.9550, Test Loss: 0.4584, Test Accuracy: 0.9476
Epoch 68/500 - Train Loss: 0.4428, Train Accuracy: 0.9575, Test Loss: 0.4610, Test Accuracy: 0.9454
Epoch 69/500 - Train Loss: 0.4360, Train Accuracy: 0.9700, Test Loss: 0.4650, Test Accuracy: 0.9441
Epoch 70/500 - Train Loss: 0.4222, Train Accuracy: 0.9750, Test Loss: 0.4683, Test Accuracy: 0.9432
Epoch 71/500 - Train Loss: 0.4329, Train Accuracy: 0.9550, Test Loss: 0.4764, Test Accuracy: 0.9392
Epoch 72/500 - Train Loss: 0.4431, Train Accuracy: 0.9525, Test Loss: 0.4657, Test Accuracy: 0.9471
Epoch 73/500 - Train Loss: 0.4140, Train Accuracy: 0.9725, Test Loss: 0.4713, Test Accuracy: 0.9410
Epoch 74/500 - Train Loss: 0.4469, Train Accuracy: 0.9550, Test Loss: 0.4755, Test Accuracy: 0.9384
Epoch 75/500 - Train Loss: 0.4341, Train Accuracy: 0.9600, Test Loss: 0.4708, Test Accuracy: 0.9379
Epoch 76/500 - Train Loss: 0.4476, Train Accuracy: 0.9600, Test Loss: 0.4619, Test Accuracy: 0.9436
Epoch 77/500 - Train Loss: 0.4382, Train Accuracy: 0.9500, Test Loss: 0.4711, Test Accuracy: 0.9379
Epoch 78/500 - Train Loss: 0.4337, Train Accuracy: 0.9500, Test Loss: 0.4775, Test Accuracy: 0.9366
Epoch 79/500 - Train Loss: 0.4276, Train Accuracy: 0.9625, Test Loss: 0.4729, Test Accuracy: 0.9371
Epoch 80/500 - Train Loss: 0.4227, Train Accuracy: 0.9625, Test Loss: 0.4634, Test Accuracy: 0.9436
Epoch 81/500 - Train Loss: 0.4354, Train Accuracy: 0.9550, Test Loss: 0.4639, Test Accuracy: 0.9423
Epoch 82/500 - Train Loss: 0.4163, Train Accuracy: 0.9650, Test Loss: 0.4695, Test Accuracy: 0.9384

Early stopping triggered at epoch 82
Best test loss: 0.4584
Best test accuracy: 0.9515
Plot saved as trained_models/Sweep_data run/metrics/loss.png
Plot saved as trained_models/Sweep_data run/metrics/metrics.png
