wandb: Starting wandb agent 🕵️
2026-01-10 19:36:38,529 - wandb.wandb_agent - INFO - Running runs: []
2026-01-10 19:36:38,833 - wandb.wandb_agent - INFO - Agent received command: run
2026-01-10 19:36:38,833 - wandb.wandb_agent - INFO - Agent starting run with config:
	affine: 0.11195766018937048
	blur: 0.9512801194468417
	brightness: 1.2187862442943107
	contrast: 1.3027680348534405
	crop: 0.49918389199076174
	crop_scale: 0.2761487888484056
	flip: 0.5893252829178484
	gaussian_blur_kernel: 5
	gaussian_noise_std: 0.2935285447907374
	grey: 0.4741741091676722
	hue: -0.011788742190161378
	jiggle: 0.22932129581627436
	rotate: 0.11395993449790633
	rotation: 45
	saturation: 1.012501536136861
	scale: 1.1048335154313107
	shear: 34
	translate_x: 0.22018287074114465
	translate_y: 0.3958358722393728
2026-01-10 19:36:38,837 - wandb.wandb_agent - INFO - About to run command: /usr/bin/env python train_data.py --affine=0.11195766018937048 --blur=0.9512801194468417 --brightness=1.2187862442943107 --contrast=1.3027680348534405 --crop=0.49918389199076174 --crop_scale=0.2761487888484056 --flip=0.5893252829178484 --gaussian_blur_kernel=5 --gaussian_noise_std=0.2935285447907374 --grey=0.4741741091676722 --hue=-0.011788742190161378 --jiggle=0.22932129581627436 --rotate=0.11395993449790633 --rotation=45 --saturation=1.012501536136861 --scale=1.1048335154313107 --shear=34 --translate_x=0.22018287074114465 --translate_y=0.3958358722393728
wandb: Currently logged in as: arnaumarcosalmansa (mcv-team-6) to https://api.wandb.ai. Use `wandb login --relogin` to force relogin
wandb: WARNING Ignoring project 'C3-Week3' when running a sweep.
wandb: WARNING Ignoring entity 'mcv-team-6' when running a sweep.
wandb: setting up run aiunt1in
wandb: Tracking run with wandb version 0.23.1
wandb: Run data is saved locally in /export/home/group06/workspace/project-team-6/Week3/wandb/run-20260110_193643-aiunt1in
wandb: Run `wandb offline` to turn off syncing.
wandb: Syncing run Sweep run
wandb: ⭐️ View project at https://wandb.ai/mcv-team-6/C3-Week3
wandb: 🧹 View sweep at https://wandb.ai/mcv-team-6/C3-Week3/sweeps/g5vb4edr
wandb: 🚀 View run at https://wandb.ai/mcv-team-6/C3-Week3/runs/aiunt1in
2026-01-10 19:36:43,840 - wandb.wandb_agent - INFO - Running runs: ['aiunt1in']
Traceback (most recent call last):
  File "/export/home/group06/workspace/project-team-6/Week3/train_data.py", line 61, in <module>
    ka.ColorJitter(brightness=cfg.brightness,
  File "/ghome/group06/miniconda3/envs/c3/lib/python3.12/site-packages/kornia/augmentation/_2d/intensity/color_jitter.py", line 105, in __init__
    self._param_generator = rg.ColorJitterGenerator(brightness, contrast, saturation, hue)
                            ^^^^^^^^^^^^^^^^^^^^^^^^^^^^^^^^^^^^^^^^^^^^^^^^^^^^^^^^^^^^^^
  File "/ghome/group06/miniconda3/envs/c3/lib/python3.12/site-packages/kornia/augmentation/random_generator/base.py", line 34, in __call__
    obj.__post_init__()
  File "/ghome/group06/miniconda3/envs/c3/lib/python3.12/site-packages/kornia/augmentation/random_generator/base.py", line 48, in __post_init__
    self.set_rng_device_and_dtype()
  File "/ghome/group06/miniconda3/envs/c3/lib/python3.12/site-packages/kornia/augmentation/random_generator/base.py", line 64, in set_rng_device_and_dtype
    self.make_samplers(device, dtype)
  File "/ghome/group06/miniconda3/envs/c3/lib/python3.12/site-packages/kornia/augmentation/random_generator/_2d/color_jitter.py", line 86, in make_samplers
    hue: Tensor = _range_bound(self.hue, "hue", bounds=(-0.5, 0.5), device=device, dtype=dtype)
                  ^^^^^^^^^^^^^^^^^^^^^^^^^^^^^^^^^^^^^^^^^^^^^^^^^^^^^^^^^^^^^^^^^^^^^^^^^^^^^
  File "/ghome/group06/miniconda3/envs/c3/lib/python3.12/site-packages/kornia/augmentation/utils/param_validation.py", line 53, in _range_bound
    raise ValueError(f"If {name} is a single number, it must be non negative. Got {factor}.")
ValueError: If hue is a single number, it must be non negative. Got -0.011788742616772652.
2026-01-10 19:36:48,985 - wandb.wandb_agent - INFO - Cleaning up finished run: aiunt1in
wandb: Terminating and syncing runs. Press ctrl-c to kill.
