wandb: Starting wandb agent 🕵️
2026-01-10 20:40:33,882 - wandb.wandb_agent - INFO - Running runs: []
2026-01-10 20:40:34,384 - wandb.wandb_agent - INFO - Agent received command: run
2026-01-10 20:40:34,384 - wandb.wandb_agent - INFO - Agent starting run with config:
	affine: 0.9439173601260176
	blur: 0.4211113206029946
	brightness: 1.1527691674606797
	contrast: 1.2100098779666215
	crop: 0.324062569856282
	crop_scale: 0.5300403550218704
	flip: 0.2997754100987401
	gaussian_blur_kernel: 7
	gaussian_noise_std: 0.24610972245309515
	grey: 0.7068714619450284
	hue: -0.05594174896799806
	jiggle: 0.12432173549804716
	rotate: 0.9382033051009908
	rotation: 16
	saturation: 0.6568108248957379
	scale: 1.1642222927314043
	shear: 16
	translate_x: 0.3559044270729971
	translate_y: 0.35434839316596944
2026-01-10 20:40:34,388 - wandb.wandb_agent - INFO - About to run command: /usr/bin/env python train_data.py --affine=0.9439173601260176 --blur=0.4211113206029946 --brightness=1.1527691674606797 --contrast=1.2100098779666215 --crop=0.324062569856282 --crop_scale=0.5300403550218704 --flip=0.2997754100987401 --gaussian_blur_kernel=7 --gaussian_noise_std=0.24610972245309515 --grey=0.7068714619450284 --hue=-0.05594174896799806 --jiggle=0.12432173549804716 --rotate=0.9382033051009908 --rotation=16 --saturation=0.6568108248957379 --scale=1.1642222927314043 --shear=16 --translate_x=0.3559044270729971 --translate_y=0.35434839316596944
wandb: Currently logged in as: arnaumarcosalmansa (mcv-team-6) to https://api.wandb.ai. Use `wandb login --relogin` to force relogin
wandb: WARNING Ignoring project 'C3-Week3' when running a sweep.
wandb: WARNING Ignoring entity 'mcv-team-6' when running a sweep.
2026-01-10 20:40:39,395 - wandb.wandb_agent - INFO - Running runs: ['mvvdvui4']
wandb: setting up run mvvdvui4
wandb: Tracking run with wandb version 0.23.1
wandb: Run data is saved locally in /export/home/group06/workspace/project-team-6/Week3/wandb/run-20260110_204038-mvvdvui4
wandb: Run `wandb offline` to turn off syncing.
wandb: Syncing run Sweep run
wandb: ⭐️ View project at https://wandb.ai/mcv-team-6/C3-Week3
wandb: 🧹 View sweep at https://wandb.ai/mcv-team-6/C3-Week3/sweeps/8yeenlu8
wandb: 🚀 View run at https://wandb.ai/mcv-team-6/C3-Week3/runs/mvvdvui4
Traceback (most recent call last):
  File "/export/home/group06/workspace/project-team-6/Week3/train_data.py", line 61, in <module>
    ka.ColorJitter(brightness=cfg.brightness,
  File "/ghome/group06/miniconda3/envs/c3/lib/python3.12/site-packages/kornia/augmentation/_2d/intensity/color_jitter.py", line 105, in __init__
    self._param_generator = rg.ColorJitterGenerator(brightness, contrast, saturation, hue)
                            ^^^^^^^^^^^^^^^^^^^^^^^^^^^^^^^^^^^^^^^^^^^^^^^^^^^^^^^^^^^^^^
  File "/ghome/group06/miniconda3/envs/c3/lib/python3.12/site-packages/kornia/augmentation/random_generator/base.py", line 34, in __call__
    obj.__post_init__()
  File "/ghome/group06/miniconda3/envs/c3/lib/python3.12/site-packages/kornia/augmentation/random_generator/base.py", line 48, in __post_init__
    self.set_rng_device_and_dtype()
  File "/ghome/group06/miniconda3/envs/c3/lib/python3.12/site-packages/kornia/augmentation/random_generator/base.py", line 64, in set_rng_device_and_dtype
    self.make_samplers(device, dtype)
  File "/ghome/group06/miniconda3/envs/c3/lib/python3.12/site-packages/kornia/augmentation/random_generator/_2d/color_jitter.py", line 86, in make_samplers
    hue: Tensor = _range_bound(self.hue, "hue", bounds=(-0.5, 0.5), device=device, dtype=dtype)
                  ^^^^^^^^^^^^^^^^^^^^^^^^^^^^^^^^^^^^^^^^^^^^^^^^^^^^^^^^^^^^^^^^^^^^^^^^^^^^^
  File "/ghome/group06/miniconda3/envs/c3/lib/python3.12/site-packages/kornia/augmentation/utils/param_validation.py", line 53, in _range_bound
    raise ValueError(f"If {name} is a single number, it must be non negative. Got {factor}.")
ValueError: If hue is a single number, it must be non negative. Got -0.05594174936413765.
2026-01-10 20:40:44,549 - wandb.wandb_agent - INFO - Cleaning up finished run: mvvdvui4
wandb: Terminating and syncing runs. Press ctrl-c to kill.
