Using GPU 0: NVIDIA GeForce RTX 3090
Epoch 1/500 - Train Loss: 2.0610, Train Accuracy: 0.2100, Test Loss: 2.0436, Test Accuracy: 0.1753
Epoch 2/500 - Train Loss: 1.8643, Train Accuracy: 0.3300, Test Loss: 1.8116, Test Accuracy: 0.3728
Epoch 3/500 - Train Loss: 1.6611, Train Accuracy: 0.5125, Test Loss: 1.5793, Test Accuracy: 0.5337
Epoch 4/500 - Train Loss: 1.4929, Train Accuracy: 0.6200, Test Loss: 1.3675, Test Accuracy: 0.6512
Epoch 5/500 - Train Loss: 1.3278, Train Accuracy: 0.7125, Test Loss: 1.1879, Test Accuracy: 0.7465
Epoch 6/500 - Train Loss: 1.1799, Train Accuracy: 0.7700, Test Loss: 1.0412, Test Accuracy: 0.8199
Epoch 7/500 - Train Loss: 1.0839, Train Accuracy: 0.7950, Test Loss: 0.9076, Test Accuracy: 0.8584
Epoch 8/500 - Train Loss: 0.9745, Train Accuracy: 0.8025, Test Loss: 0.8105, Test Accuracy: 0.8802
Epoch 9/500 - Train Loss: 0.9005, Train Accuracy: 0.8225, Test Loss: 0.7226, Test Accuracy: 0.9078
Epoch 10/500 - Train Loss: 0.8558, Train Accuracy: 0.8350, Test Loss: 0.6438, Test Accuracy: 0.9135
Epoch 11/500 - Train Loss: 0.7434, Train Accuracy: 0.8625, Test Loss: 0.5956, Test Accuracy: 0.9191
Epoch 12/500 - Train Loss: 0.7071, Train Accuracy: 0.8700, Test Loss: 0.5679, Test Accuracy: 0.9161
Epoch 13/500 - Train Loss: 0.6639, Train Accuracy: 0.8675, Test Loss: 0.5212, Test Accuracy: 0.9253
Epoch 14/500 - Train Loss: 0.6225, Train Accuracy: 0.8850, Test Loss: 0.4872, Test Accuracy: 0.9244
Epoch 15/500 - Train Loss: 0.5702, Train Accuracy: 0.9150, Test Loss: 0.4616, Test Accuracy: 0.9296
Epoch 16/500 - Train Loss: 0.5433, Train Accuracy: 0.9150, Test Loss: 0.4403, Test Accuracy: 0.9274
Epoch 17/500 - Train Loss: 0.5048, Train Accuracy: 0.9100, Test Loss: 0.4266, Test Accuracy: 0.9283
Epoch 18/500 - Train Loss: 0.5301, Train Accuracy: 0.9025, Test Loss: 0.4026, Test Accuracy: 0.9340
Epoch 19/500 - Train Loss: 0.5047, Train Accuracy: 0.9075, Test Loss: 0.3932, Test Accuracy: 0.9309
Epoch 20/500 - Train Loss: 0.4673, Train Accuracy: 0.9200, Test Loss: 0.3851, Test Accuracy: 0.9358
Epoch 21/500 - Train Loss: 0.4483, Train Accuracy: 0.9075, Test Loss: 0.3686, Test Accuracy: 0.9406
Epoch 22/500 - Train Loss: 0.4436, Train Accuracy: 0.9250, Test Loss: 0.3607, Test Accuracy: 0.9344
Epoch 23/500 - Train Loss: 0.4316, Train Accuracy: 0.9225, Test Loss: 0.3555, Test Accuracy: 0.9432
Epoch 24/500 - Train Loss: 0.4087, Train Accuracy: 0.9375, Test Loss: 0.3476, Test Accuracy: 0.9414
Epoch 25/500 - Train Loss: 0.3691, Train Accuracy: 0.9450, Test Loss: 0.3380, Test Accuracy: 0.9427
Epoch 26/500 - Train Loss: 0.3994, Train Accuracy: 0.9375, Test Loss: 0.3377, Test Accuracy: 0.9414
Epoch 27/500 - Train Loss: 0.3696, Train Accuracy: 0.9325, Test Loss: 0.3292, Test Accuracy: 0.9432
Epoch 28/500 - Train Loss: 0.3766, Train Accuracy: 0.9400, Test Loss: 0.3225, Test Accuracy: 0.9462
Epoch 29/500 - Train Loss: 0.3503, Train Accuracy: 0.9375, Test Loss: 0.3190, Test Accuracy: 0.9436
Epoch 30/500 - Train Loss: 0.3592, Train Accuracy: 0.9375, Test Loss: 0.3186, Test Accuracy: 0.9471
Epoch 31/500 - Train Loss: 0.3664, Train Accuracy: 0.9475, Test Loss: 0.3225, Test Accuracy: 0.9423
Epoch 32/500 - Train Loss: 0.3512, Train Accuracy: 0.9350, Test Loss: 0.3189, Test Accuracy: 0.9432
Epoch 33/500 - Train Loss: 0.3154, Train Accuracy: 0.9600, Test Loss: 0.3105, Test Accuracy: 0.9467
Epoch 34/500 - Train Loss: 0.3310, Train Accuracy: 0.9425, Test Loss: 0.3123, Test Accuracy: 0.9467
Epoch 35/500 - Train Loss: 0.2897, Train Accuracy: 0.9675, Test Loss: 0.3095, Test Accuracy: 0.9467
Epoch 36/500 - Train Loss: 0.3124, Train Accuracy: 0.9500, Test Loss: 0.3048, Test Accuracy: 0.9467
Epoch 37/500 - Train Loss: 0.2958, Train Accuracy: 0.9550, Test Loss: 0.3048, Test Accuracy: 0.9480
Epoch 38/500 - Train Loss: 0.3069, Train Accuracy: 0.9525, Test Loss: 0.3063, Test Accuracy: 0.9462
Epoch 39/500 - Train Loss: 0.3013, Train Accuracy: 0.9475, Test Loss: 0.3068, Test Accuracy: 0.9423
Epoch 40/500 - Train Loss: 0.3238, Train Accuracy: 0.9450, Test Loss: 0.3121, Test Accuracy: 0.9445
Epoch 41/500 - Train Loss: 0.2785, Train Accuracy: 0.9675, Test Loss: 0.3147, Test Accuracy: 0.9436
Epoch 42/500 - Train Loss: 0.2839, Train Accuracy: 0.9575, Test Loss: 0.3122, Test Accuracy: 0.9454
Epoch 43/500 - Train Loss: 0.2907, Train Accuracy: 0.9575, Test Loss: 0.3099, Test Accuracy: 0.9458
Epoch 44/500 - Train Loss: 0.3042, Train Accuracy: 0.9475, Test Loss: 0.3134, Test Accuracy: 0.9458
Epoch 45/500 - Train Loss: 0.3051, Train Accuracy: 0.9500, Test Loss: 0.3126, Test Accuracy: 0.9449
Epoch 46/500 - Train Loss: 0.2712, Train Accuracy: 0.9650, Test Loss: 0.3125, Test Accuracy: 0.9427
Epoch 47/500 - Train Loss: 0.2443, Train Accuracy: 0.9775, Test Loss: 0.3069, Test Accuracy: 0.9449
Epoch 48/500 - Train Loss: 0.2529, Train Accuracy: 0.9750, Test Loss: 0.3071, Test Accuracy: 0.9476
Epoch 49/500 - Train Loss: 0.2538, Train Accuracy: 0.9700, Test Loss: 0.3078, Test Accuracy: 0.9419
Epoch 50/500 - Train Loss: 0.2448, Train Accuracy: 0.9700, Test Loss: 0.3096, Test Accuracy: 0.9423
Epoch 51/500 - Train Loss: 0.2439, Train Accuracy: 0.9725, Test Loss: 0.3049, Test Accuracy: 0.9441

Early stopping triggered at epoch 51
Best test loss: 0.3048
Best test accuracy: 0.9480
Plot saved as trained_models/Sweep_data run/metrics/loss.png
Plot saved as trained_models/Sweep_data run/metrics/metrics.png
