wandb: Starting wandb agent 🕵️
2026-01-10 19:47:30,564 - wandb.wandb_agent - INFO - Running runs: []
2026-01-10 19:47:30,888 - wandb.wandb_agent - INFO - Agent received command: run
2026-01-10 19:47:30,888 - wandb.wandb_agent - INFO - Agent starting run with config:
	affine: 0.941300766167546
	blur: 0.35607687042466574
	brightness: 0.8725052696968573
	contrast: 0.8907419152430034
	crop: 0.17102745777737338
	crop_scale: 0.41047578590176487
	flip: 0.40569830730806433
	gaussian_blur_kernel: 5
	gaussian_noise_std: 2.674735249246385
	grey: 0.2598050540627467
	hue: -0.015395009460596493
	jiggle: 0.12952115197524017
	rotate: 0.02086628989875161
	rotation: 19
	saturation: 1.360127854739975
	scale: 1.0830447566225756
	shear: 34
	translate_x: 0.3450020764328666
	translate_y: 0.3383769640772781
2026-01-10 19:47:30,891 - wandb.wandb_agent - INFO - About to run command: /usr/bin/env python train_data.py --affine=0.941300766167546 --blur=0.35607687042466574 --brightness=0.8725052696968573 --contrast=0.8907419152430034 --crop=0.17102745777737338 --crop_scale=0.41047578590176487 --flip=0.40569830730806433 --gaussian_blur_kernel=5 --gaussian_noise_std=2.674735249246385 --grey=0.2598050540627467 --hue=-0.015395009460596493 --jiggle=0.12952115197524017 --rotate=0.02086628989875161 --rotation=19 --saturation=1.360127854739975 --scale=1.0830447566225756 --shear=34 --translate_x=0.3450020764328666 --translate_y=0.3383769640772781
wandb: Currently logged in as: arnaumarcosalmansa (mcv-team-6) to https://api.wandb.ai. Use `wandb login --relogin` to force relogin
wandb: WARNING Ignoring project 'C3-Week3' when running a sweep.
wandb: WARNING Ignoring entity 'mcv-team-6' when running a sweep.
2026-01-10 19:47:35,898 - wandb.wandb_agent - INFO - Running runs: ['3jwkhc2t']
wandb: setting up run 3jwkhc2t
wandb: Tracking run with wandb version 0.23.1
wandb: Run data is saved locally in /export/home/group06/workspace/project-team-6/Week3/wandb/run-20260110_194735-3jwkhc2t
wandb: Run `wandb offline` to turn off syncing.
wandb: Syncing run Sweep run
wandb: ⭐️ View project at https://wandb.ai/mcv-team-6/C3-Week3
wandb: 🧹 View sweep at https://wandb.ai/mcv-team-6/C3-Week3/sweeps/g5vb4edr
wandb: 🚀 View run at https://wandb.ai/mcv-team-6/C3-Week3/runs/3jwkhc2t
Traceback (most recent call last):
  File "/export/home/group06/workspace/project-team-6/Week3/train_data.py", line 61, in <module>
    ka.ColorJitter(brightness=cfg.brightness,
  File "/ghome/group06/miniconda3/envs/c3/lib/python3.12/site-packages/kornia/augmentation/_2d/intensity/color_jitter.py", line 105, in __init__
    self._param_generator = rg.ColorJitterGenerator(brightness, contrast, saturation, hue)
                            ^^^^^^^^^^^^^^^^^^^^^^^^^^^^^^^^^^^^^^^^^^^^^^^^^^^^^^^^^^^^^^
  File "/ghome/group06/miniconda3/envs/c3/lib/python3.12/site-packages/kornia/augmentation/random_generator/base.py", line 34, in __call__
    obj.__post_init__()
  File "/ghome/group06/miniconda3/envs/c3/lib/python3.12/site-packages/kornia/augmentation/random_generator/base.py", line 48, in __post_init__
    self.set_rng_device_and_dtype()
  File "/ghome/group06/miniconda3/envs/c3/lib/python3.12/site-packages/kornia/augmentation/random_generator/base.py", line 64, in set_rng_device_and_dtype
    self.make_samplers(device, dtype)
  File "/ghome/group06/miniconda3/envs/c3/lib/python3.12/site-packages/kornia/augmentation/random_generator/_2d/color_jitter.py", line 86, in make_samplers
    hue: Tensor = _range_bound(self.hue, "hue", bounds=(-0.5, 0.5), device=device, dtype=dtype)
                  ^^^^^^^^^^^^^^^^^^^^^^^^^^^^^^^^^^^^^^^^^^^^^^^^^^^^^^^^^^^^^^^^^^^^^^^^^^^^^
  File "/ghome/group06/miniconda3/envs/c3/lib/python3.12/site-packages/kornia/augmentation/utils/param_validation.py", line 53, in _range_bound
    raise ValueError(f"If {name} is a single number, it must be non negative. Got {factor}.")
ValueError: If hue is a single number, it must be non negative. Got -0.015395009890198708.
2026-01-10 19:47:41,032 - wandb.wandb_agent - INFO - Cleaning up finished run: 3jwkhc2t
wandb: Terminating and syncing runs. Press ctrl-c to kill.
