wandb: Starting wandb agent 🕵️
2026-01-10 16:53:07,338 - wandb.wandb_agent - INFO - Running runs: []
2026-01-10 16:53:07,676 - wandb.wandb_agent - INFO - Agent received command: run
2026-01-10 16:53:07,676 - wandb.wandb_agent - INFO - Agent starting run with config:
	batch_size: 64
	label_smoothing: 0.1488019688407618
	lr: 0.0003217288051910028
	optimizer: Adamax
	weight_decay: 0.00016358029023719878
2026-01-10 16:53:07,678 - wandb.wandb_agent - INFO - About to run command: /usr/bin/env python train.py --batch_size=64 --label_smoothing=0.1488019688407618 --lr=0.0003217288051910028 --optimizer=Adamax --weight_decay=0.00016358029023719878
wandb: Currently logged in as: arnaumarcosalmansa (mcv-team-6) to https://api.wandb.ai. Use `wandb login --relogin` to force relogin
wandb: WARNING Ignoring project 'C3-Week3' when running a sweep.
wandb: WARNING Ignoring entity 'mcv-team-6' when running a sweep.
2026-01-10 16:53:12,682 - wandb.wandb_agent - INFO - Running runs: ['g71ouzju']
wandb: setting up run g71ouzju
wandb: Tracking run with wandb version 0.23.1
wandb: Run data is saved locally in /export/home/group06/workspace/project-team-6/Week3/wandb/run-20260110_165312-g71ouzju
wandb: Run `wandb offline` to turn off syncing.
wandb: Syncing run Sweep run
wandb: ⭐️ View project at https://wandb.ai/mcv-team-6/C3-Week3
wandb: 🧹 View sweep at https://wandb.ai/mcv-team-6/C3-Week3/sweeps/dudentne
wandb: 🚀 View run at https://wandb.ai/mcv-team-6/C3-Week3/runs/g71ouzju
Traceback (most recent call last):
  File "/export/home/group06/workspace/project-team-6/Week3/train.py", line 82, in <module>
    optimizer = torch.optim.Adamax(trainable_params, lr=LR, weight_decay=weight_decay)
                ^^^^^^^^^^^^^^^^^^^^^^^^^^^^^^^^^^^^^^^^^^^^^^^^^^^^^^^^^^^^^^^^^^^^^^
  File "/ghome/group06/miniconda3/envs/c3/lib/python3.12/site-packages/torch/optim/adamax.py", line 61, in __init__
    super().__init__(params, defaults)
  File "/ghome/group06/miniconda3/envs/c3/lib/python3.12/site-packages/torch/optim/optimizer.py", line 362, in __init__
    raise ValueError("optimizer got an empty parameter list")
ValueError: optimizer got an empty parameter list
2026-01-10 16:53:22,982 - wandb.wandb_agent - INFO - Cleaning up finished run: g71ouzju
2026-01-10 16:53:23,359 - wandb.wandb_agent - INFO - Agent received command: run
2026-01-10 16:53:23,359 - wandb.wandb_agent - INFO - Agent starting run with config:
	batch_size: 128
	label_smoothing: 0.0315046773652591
	lr: 1.4816738055040772e-05
	optimizer: RMSprop
	weight_decay: 0.002801215379505246
2026-01-10 16:53:23,361 - wandb.wandb_agent - INFO - About to run command: /usr/bin/env python train.py --batch_size=128 --label_smoothing=0.0315046773652591 --lr=1.4816738055040772e-05 --optimizer=RMSprop --weight_decay=0.002801215379505246
wandb: Currently logged in as: arnaumarcosalmansa (mcv-team-6) to https://api.wandb.ai. Use `wandb login --relogin` to force relogin
wandb: WARNING Ignoring project 'C3-Week3' when running a sweep.
wandb: WARNING Ignoring entity 'mcv-team-6' when running a sweep.
2026-01-10 16:53:28,366 - wandb.wandb_agent - INFO - Running runs: ['p2uzmhoy']
wandb: setting up run p2uzmhoy
wandb: Tracking run with wandb version 0.23.1
wandb: Run data is saved locally in /export/home/group06/workspace/project-team-6/Week3/wandb/run-20260110_165327-p2uzmhoy
wandb: Run `wandb offline` to turn off syncing.
wandb: Syncing run Sweep run
wandb: ⭐️ View project at https://wandb.ai/mcv-team-6/C3-Week3
wandb: 🧹 View sweep at https://wandb.ai/mcv-team-6/C3-Week3/sweeps/dudentne
wandb: 🚀 View run at https://wandb.ai/mcv-team-6/C3-Week3/runs/p2uzmhoy
Traceback (most recent call last):
  File "/export/home/group06/workspace/project-team-6/Week3/train.py", line 70, in <module>
    optimizer = torch.optim.RMSprop(trainable_params, lr=LR, weight_decay=weight_decay)
                ^^^^^^^^^^^^^^^^^^^^^^^^^^^^^^^^^^^^^^^^^^^^^^^^^^^^^^^^^^^^^^^^^^^^^^^
  File "/ghome/group06/miniconda3/envs/c3/lib/python3.12/site-packages/torch/optim/rmsprop.py", line 62, in __init__
    super().__init__(params, defaults)
  File "/ghome/group06/miniconda3/envs/c3/lib/python3.12/site-packages/torch/optim/optimizer.py", line 362, in __init__
    raise ValueError("optimizer got an empty parameter list")
ValueError: optimizer got an empty parameter list
2026-01-10 16:53:38,659 - wandb.wandb_agent - INFO - Cleaning up finished run: p2uzmhoy
2026-01-10 16:53:39,206 - wandb.wandb_agent - INFO - Agent received command: run
2026-01-10 16:53:39,207 - wandb.wandb_agent - INFO - Agent starting run with config:
	batch_size: 128
	label_smoothing: 0.1021428494356935
	lr: 0.0035120644074321003
	optimizer: AdamW
	weight_decay: 3.2006604498038894e-06
2026-01-10 16:53:39,208 - wandb.wandb_agent - INFO - About to run command: /usr/bin/env python train.py --batch_size=128 --label_smoothing=0.1021428494356935 --lr=0.0035120644074321003 --optimizer=AdamW --weight_decay=3.2006604498038894e-06
wandb: Currently logged in as: arnaumarcosalmansa (mcv-team-6) to https://api.wandb.ai. Use `wandb login --relogin` to force relogin
wandb: WARNING Ignoring project 'C3-Week3' when running a sweep.
wandb: WARNING Ignoring entity 'mcv-team-6' when running a sweep.
2026-01-10 16:53:44,215 - wandb.wandb_agent - INFO - Running runs: ['qpb0hdeq']
wandb: setting up run qpb0hdeq
wandb: Tracking run with wandb version 0.23.1
wandb: Run data is saved locally in /export/home/group06/workspace/project-team-6/Week3/wandb/run-20260110_165343-qpb0hdeq
wandb: Run `wandb offline` to turn off syncing.
wandb: Syncing run Sweep run
wandb: ⭐️ View project at https://wandb.ai/mcv-team-6/C3-Week3
wandb: 🧹 View sweep at https://wandb.ai/mcv-team-6/C3-Week3/sweeps/dudentne
wandb: 🚀 View run at https://wandb.ai/mcv-team-6/C3-Week3/runs/qpb0hdeq
Traceback (most recent call last):
  File "/export/home/group06/workspace/project-team-6/Week3/train.py", line 88, in <module>
    optimizer = torch.optim.AdamW(trainable_params, lr=LR, weight_decay=weight_decay)
                ^^^^^^^^^^^^^^^^^^^^^^^^^^^^^^^^^^^^^^^^^^^^^^^^^^^^^^^^^^^^^^^^^^^^^
  File "/ghome/group06/miniconda3/envs/c3/lib/python3.12/site-packages/torch/optim/adamw.py", line 72, in __init__
    super().__init__(params, defaults)
  File "/ghome/group06/miniconda3/envs/c3/lib/python3.12/site-packages/torch/optim/optimizer.py", line 362, in __init__
    raise ValueError("optimizer got an empty parameter list")
ValueError: optimizer got an empty parameter list
2026-01-10 16:53:49,360 - wandb.wandb_agent - ERROR - Detected 3 failed runs in the first 60 seconds, shutting down.
2026-01-10 16:53:49,360 - wandb.wandb_agent - INFO - To disable this check set WANDB_AGENT_DISABLE_FLAPPING=true
wandb: Terminating and syncing runs. Press ctrl-c to kill.
