Using GPU 0: NVIDIA GeForce RTX 3090
Epoch 1/500 - Train Loss: 1.9867, Train Accuracy: 0.2950, Test Loss: 1.9824, Test Accuracy: 0.2889
Epoch 2/500 - Train Loss: 1.8001, Train Accuracy: 0.4450, Test Loss: 1.7686, Test Accuracy: 0.4974
Epoch 3/500 - Train Loss: 1.6611, Train Accuracy: 0.5475, Test Loss: 1.5977, Test Accuracy: 0.6093
Epoch 4/500 - Train Loss: 1.5047, Train Accuracy: 0.6675, Test Loss: 1.4416, Test Accuracy: 0.6958
Epoch 5/500 - Train Loss: 1.4092, Train Accuracy: 0.6925, Test Loss: 1.3145, Test Accuracy: 0.7452
Epoch 6/500 - Train Loss: 1.3179, Train Accuracy: 0.7450, Test Loss: 1.2163, Test Accuracy: 0.7806
Epoch 7/500 - Train Loss: 1.2148, Train Accuracy: 0.7750, Test Loss: 1.1166, Test Accuracy: 0.8134
Epoch 8/500 - Train Loss: 1.1639, Train Accuracy: 0.7850, Test Loss: 1.0302, Test Accuracy: 0.8278
Epoch 9/500 - Train Loss: 1.0876, Train Accuracy: 0.8075, Test Loss: 0.9586, Test Accuracy: 0.8505
Epoch 10/500 - Train Loss: 1.0236, Train Accuracy: 0.8150, Test Loss: 0.8961, Test Accuracy: 0.8628
Epoch 11/500 - Train Loss: 1.0106, Train Accuracy: 0.8125, Test Loss: 0.8459, Test Accuracy: 0.8693
Epoch 12/500 - Train Loss: 0.9075, Train Accuracy: 0.8500, Test Loss: 0.7959, Test Accuracy: 0.8802
Epoch 13/500 - Train Loss: 0.8885, Train Accuracy: 0.8425, Test Loss: 0.7489, Test Accuracy: 0.8942
Epoch 14/500 - Train Loss: 0.8388, Train Accuracy: 0.8575, Test Loss: 0.7223, Test Accuracy: 0.9047
Epoch 15/500 - Train Loss: 0.8050, Train Accuracy: 0.8650, Test Loss: 0.6873, Test Accuracy: 0.9095
Epoch 16/500 - Train Loss: 0.7528, Train Accuracy: 0.8825, Test Loss: 0.6567, Test Accuracy: 0.9170
Epoch 17/500 - Train Loss: 0.7711, Train Accuracy: 0.8775, Test Loss: 0.6350, Test Accuracy: 0.9165
Epoch 18/500 - Train Loss: 0.7282, Train Accuracy: 0.8925, Test Loss: 0.6164, Test Accuracy: 0.9218
Epoch 19/500 - Train Loss: 0.7320, Train Accuracy: 0.8800, Test Loss: 0.6017, Test Accuracy: 0.9235
Epoch 20/500 - Train Loss: 0.7012, Train Accuracy: 0.9025, Test Loss: 0.5854, Test Accuracy: 0.9235
Epoch 21/500 - Train Loss: 0.6718, Train Accuracy: 0.8875, Test Loss: 0.5805, Test Accuracy: 0.9209
Epoch 22/500 - Train Loss: 0.6528, Train Accuracy: 0.9000, Test Loss: 0.5669, Test Accuracy: 0.9240
Epoch 23/500 - Train Loss: 0.6893, Train Accuracy: 0.8625, Test Loss: 0.5586, Test Accuracy: 0.9257
Epoch 24/500 - Train Loss: 0.5931, Train Accuracy: 0.9350, Test Loss: 0.5523, Test Accuracy: 0.9288
Epoch 25/500 - Train Loss: 0.6371, Train Accuracy: 0.8950, Test Loss: 0.5428, Test Accuracy: 0.9296
Epoch 26/500 - Train Loss: 0.6305, Train Accuracy: 0.8925, Test Loss: 0.5363, Test Accuracy: 0.9270
Epoch 27/500 - Train Loss: 0.6072, Train Accuracy: 0.9225, Test Loss: 0.5243, Test Accuracy: 0.9349
Epoch 28/500 - Train Loss: 0.5928, Train Accuracy: 0.9175, Test Loss: 0.5196, Test Accuracy: 0.9344
Epoch 29/500 - Train Loss: 0.5681, Train Accuracy: 0.9125, Test Loss: 0.5145, Test Accuracy: 0.9366
Epoch 30/500 - Train Loss: 0.5772, Train Accuracy: 0.9125, Test Loss: 0.5119, Test Accuracy: 0.9366
Epoch 31/500 - Train Loss: 0.5796, Train Accuracy: 0.9125, Test Loss: 0.5092, Test Accuracy: 0.9349
Epoch 32/500 - Train Loss: 0.5370, Train Accuracy: 0.9550, Test Loss: 0.5073, Test Accuracy: 0.9349
Epoch 33/500 - Train Loss: 0.5584, Train Accuracy: 0.9225, Test Loss: 0.5010, Test Accuracy: 0.9353
Epoch 34/500 - Train Loss: 0.5432, Train Accuracy: 0.9225, Test Loss: 0.4999, Test Accuracy: 0.9358
Epoch 35/500 - Train Loss: 0.5388, Train Accuracy: 0.9375, Test Loss: 0.4955, Test Accuracy: 0.9388
Epoch 36/500 - Train Loss: 0.5127, Train Accuracy: 0.9350, Test Loss: 0.4938, Test Accuracy: 0.9384
Epoch 37/500 - Train Loss: 0.5086, Train Accuracy: 0.9450, Test Loss: 0.4942, Test Accuracy: 0.9388
Epoch 38/500 - Train Loss: 0.5355, Train Accuracy: 0.9250, Test Loss: 0.5013, Test Accuracy: 0.9340
Epoch 39/500 - Train Loss: 0.4717, Train Accuracy: 0.9550, Test Loss: 0.4879, Test Accuracy: 0.9392
Epoch 40/500 - Train Loss: 0.5188, Train Accuracy: 0.9425, Test Loss: 0.4830, Test Accuracy: 0.9388
Epoch 41/500 - Train Loss: 0.4748, Train Accuracy: 0.9575, Test Loss: 0.4801, Test Accuracy: 0.9419
Epoch 42/500 - Train Loss: 0.4978, Train Accuracy: 0.9450, Test Loss: 0.4805, Test Accuracy: 0.9375
Epoch 43/500 - Train Loss: 0.4907, Train Accuracy: 0.9350, Test Loss: 0.4822, Test Accuracy: 0.9379
Epoch 44/500 - Train Loss: 0.5069, Train Accuracy: 0.9475, Test Loss: 0.4796, Test Accuracy: 0.9384
Epoch 45/500 - Train Loss: 0.4652, Train Accuracy: 0.9575, Test Loss: 0.4756, Test Accuracy: 0.9432
Epoch 46/500 - Train Loss: 0.4443, Train Accuracy: 0.9675, Test Loss: 0.4725, Test Accuracy: 0.9458
Epoch 47/500 - Train Loss: 0.4768, Train Accuracy: 0.9550, Test Loss: 0.4720, Test Accuracy: 0.9401
Epoch 48/500 - Train Loss: 0.4350, Train Accuracy: 0.9700, Test Loss: 0.4697, Test Accuracy: 0.9427
Epoch 49/500 - Train Loss: 0.4452, Train Accuracy: 0.9575, Test Loss: 0.4707, Test Accuracy: 0.9445
Epoch 50/500 - Train Loss: 0.4659, Train Accuracy: 0.9475, Test Loss: 0.4669, Test Accuracy: 0.9445
Epoch 51/500 - Train Loss: 0.4352, Train Accuracy: 0.9675, Test Loss: 0.4634, Test Accuracy: 0.9462
Epoch 52/500 - Train Loss: 0.4786, Train Accuracy: 0.9450, Test Loss: 0.4634, Test Accuracy: 0.9471
Epoch 53/500 - Train Loss: 0.4398, Train Accuracy: 0.9575, Test Loss: 0.4626, Test Accuracy: 0.9467
Epoch 54/500 - Train Loss: 0.4430, Train Accuracy: 0.9600, Test Loss: 0.4609, Test Accuracy: 0.9454
Epoch 55/500 - Train Loss: 0.4738, Train Accuracy: 0.9450, Test Loss: 0.4661, Test Accuracy: 0.9406
Epoch 56/500 - Train Loss: 0.4095, Train Accuracy: 0.9750, Test Loss: 0.4730, Test Accuracy: 0.9388
Epoch 57/500 - Train Loss: 0.4144, Train Accuracy: 0.9725, Test Loss: 0.4706, Test Accuracy: 0.9392
Epoch 58/500 - Train Loss: 0.4501, Train Accuracy: 0.9575, Test Loss: 0.4753, Test Accuracy: 0.9371
Epoch 59/500 - Train Loss: 0.4288, Train Accuracy: 0.9650, Test Loss: 0.4686, Test Accuracy: 0.9406
Epoch 60/500 - Train Loss: 0.4439, Train Accuracy: 0.9525, Test Loss: 0.4621, Test Accuracy: 0.9432
Epoch 61/500 - Train Loss: 0.4303, Train Accuracy: 0.9675, Test Loss: 0.4654, Test Accuracy: 0.9432
Epoch 62/500 - Train Loss: 0.4235, Train Accuracy: 0.9600, Test Loss: 0.4681, Test Accuracy: 0.9414
Epoch 63/500 - Train Loss: 0.4317, Train Accuracy: 0.9650, Test Loss: 0.4642, Test Accuracy: 0.9401
Epoch 64/500 - Train Loss: 0.4285, Train Accuracy: 0.9600, Test Loss: 0.4620, Test Accuracy: 0.9427
Epoch 65/500 - Train Loss: 0.4357, Train Accuracy: 0.9625, Test Loss: 0.4674, Test Accuracy: 0.9388
Epoch 66/500 - Train Loss: 0.3993, Train Accuracy: 0.9750, Test Loss: 0.4641, Test Accuracy: 0.9414
Epoch 67/500 - Train Loss: 0.4133, Train Accuracy: 0.9725, Test Loss: 0.4622, Test Accuracy: 0.9445
Epoch 68/500 - Train Loss: 0.4416, Train Accuracy: 0.9525, Test Loss: 0.4592, Test Accuracy: 0.9480
Epoch 69/500 - Train Loss: 0.4313, Train Accuracy: 0.9625, Test Loss: 0.4658, Test Accuracy: 0.9384
Epoch 70/500 - Train Loss: 0.4324, Train Accuracy: 0.9625, Test Loss: 0.4641, Test Accuracy: 0.9397
Epoch 71/500 - Train Loss: 0.4441, Train Accuracy: 0.9575, Test Loss: 0.4703, Test Accuracy: 0.9371
Epoch 72/500 - Train Loss: 0.4043, Train Accuracy: 0.9800, Test Loss: 0.4712, Test Accuracy: 0.9371
Epoch 73/500 - Train Loss: 0.4035, Train Accuracy: 0.9725, Test Loss: 0.4656, Test Accuracy: 0.9392
Epoch 74/500 - Train Loss: 0.4224, Train Accuracy: 0.9600, Test Loss: 0.4696, Test Accuracy: 0.9379
Epoch 75/500 - Train Loss: 0.4154, Train Accuracy: 0.9700, Test Loss: 0.4665, Test Accuracy: 0.9406
Epoch 76/500 - Train Loss: 0.3913, Train Accuracy: 0.9825, Test Loss: 0.4671, Test Accuracy: 0.9406
Epoch 77/500 - Train Loss: 0.4431, Train Accuracy: 0.9475, Test Loss: 0.4654, Test Accuracy: 0.9445
Epoch 78/500 - Train Loss: 0.4104, Train Accuracy: 0.9750, Test Loss: 0.4612, Test Accuracy: 0.9445
Epoch 79/500 - Train Loss: 0.4135, Train Accuracy: 0.9675, Test Loss: 0.4620, Test Accuracy: 0.9414
Epoch 80/500 - Train Loss: 0.4083, Train Accuracy: 0.9650, Test Loss: 0.4611, Test Accuracy: 0.9423
Epoch 81/500 - Train Loss: 0.4135, Train Accuracy: 0.9650, Test Loss: 0.4633, Test Accuracy: 0.9423
Epoch 82/500 - Train Loss: 0.3834, Train Accuracy: 0.9800, Test Loss: 0.4627, Test Accuracy: 0.9436
Epoch 83/500 - Train Loss: 0.3983, Train Accuracy: 0.9750, Test Loss: 0.4634, Test Accuracy: 0.9414

Early stopping triggered at epoch 83
Best test loss: 0.4592
Best test accuracy: 0.9480
Plot saved as trained_models/Sweep_data run/metrics/loss.png
Plot saved as trained_models/Sweep_data run/metrics/metrics.png
