Using GPU 0: NVIDIA GeForce RTX 3090
Epoch 1/500 - Train Loss: 2.0522, Train Accuracy: 0.2025, Test Loss: 2.0009, Test Accuracy: 0.1936
Epoch 2/500 - Train Loss: 1.9042, Train Accuracy: 0.3375, Test Loss: 1.7948, Test Accuracy: 0.3772
Epoch 3/500 - Train Loss: 1.7780, Train Accuracy: 0.4175, Test Loss: 1.6543, Test Accuracy: 0.5271
Epoch 4/500 - Train Loss: 1.6545, Train Accuracy: 0.5000, Test Loss: 1.5433, Test Accuracy: 0.6062
Epoch 5/500 - Train Loss: 1.5509, Train Accuracy: 0.6100, Test Loss: 1.4427, Test Accuracy: 0.6691
Epoch 6/500 - Train Loss: 1.4851, Train Accuracy: 0.6275, Test Loss: 1.3549, Test Accuracy: 0.7111
Epoch 7/500 - Train Loss: 1.3816, Train Accuracy: 0.6725, Test Loss: 1.2691, Test Accuracy: 0.7378
Epoch 8/500 - Train Loss: 1.3369, Train Accuracy: 0.6925, Test Loss: 1.1969, Test Accuracy: 0.7666
Epoch 9/500 - Train Loss: 1.2858, Train Accuracy: 0.7175, Test Loss: 1.1199, Test Accuracy: 0.7898
Epoch 10/500 - Train Loss: 1.2349, Train Accuracy: 0.7175, Test Loss: 1.0545, Test Accuracy: 0.8134
Epoch 11/500 - Train Loss: 1.1406, Train Accuracy: 0.7750, Test Loss: 1.0052, Test Accuracy: 0.8330
Epoch 12/500 - Train Loss: 1.1221, Train Accuracy: 0.7525, Test Loss: 0.9499, Test Accuracy: 0.8505
Epoch 13/500 - Train Loss: 1.0944, Train Accuracy: 0.7475, Test Loss: 0.8991, Test Accuracy: 0.8636
Epoch 14/500 - Train Loss: 1.0344, Train Accuracy: 0.7900, Test Loss: 0.8599, Test Accuracy: 0.8746
Epoch 15/500 - Train Loss: 0.9980, Train Accuracy: 0.7925, Test Loss: 0.8239, Test Accuracy: 0.8776
Epoch 16/500 - Train Loss: 0.9795, Train Accuracy: 0.8075, Test Loss: 0.7910, Test Accuracy: 0.8877
Epoch 17/500 - Train Loss: 0.9241, Train Accuracy: 0.8325, Test Loss: 0.7629, Test Accuracy: 0.8872
Epoch 18/500 - Train Loss: 0.9187, Train Accuracy: 0.8100, Test Loss: 0.7322, Test Accuracy: 0.8899
Epoch 19/500 - Train Loss: 0.8984, Train Accuracy: 0.8125, Test Loss: 0.7131, Test Accuracy: 0.8990
Epoch 20/500 - Train Loss: 0.8197, Train Accuracy: 0.8425, Test Loss: 0.6842, Test Accuracy: 0.9008
Epoch 21/500 - Train Loss: 0.8351, Train Accuracy: 0.8450, Test Loss: 0.6611, Test Accuracy: 0.9069
Epoch 22/500 - Train Loss: 0.8547, Train Accuracy: 0.8225, Test Loss: 0.6423, Test Accuracy: 0.9073
Epoch 23/500 - Train Loss: 0.8084, Train Accuracy: 0.8200, Test Loss: 0.6244, Test Accuracy: 0.9152
Epoch 24/500 - Train Loss: 0.7928, Train Accuracy: 0.8475, Test Loss: 0.6172, Test Accuracy: 0.9152
Epoch 25/500 - Train Loss: 0.7877, Train Accuracy: 0.8250, Test Loss: 0.6065, Test Accuracy: 0.9130
Epoch 26/500 - Train Loss: 0.7487, Train Accuracy: 0.8700, Test Loss: 0.5886, Test Accuracy: 0.9235
Epoch 27/500 - Train Loss: 0.7307, Train Accuracy: 0.8650, Test Loss: 0.5823, Test Accuracy: 0.9191
Epoch 28/500 - Train Loss: 0.7315, Train Accuracy: 0.8575, Test Loss: 0.5778, Test Accuracy: 0.9231
Epoch 29/500 - Train Loss: 0.7448, Train Accuracy: 0.8450, Test Loss: 0.5580, Test Accuracy: 0.9213
Epoch 30/500 - Train Loss: 0.7439, Train Accuracy: 0.8425, Test Loss: 0.5542, Test Accuracy: 0.9261
Epoch 31/500 - Train Loss: 0.6999, Train Accuracy: 0.8625, Test Loss: 0.5530, Test Accuracy: 0.9183
Epoch 32/500 - Train Loss: 0.6703, Train Accuracy: 0.8775, Test Loss: 0.5487, Test Accuracy: 0.9196
Epoch 33/500 - Train Loss: 0.7053, Train Accuracy: 0.8750, Test Loss: 0.5349, Test Accuracy: 0.9253
Epoch 34/500 - Train Loss: 0.6193, Train Accuracy: 0.8975, Test Loss: 0.5333, Test Accuracy: 0.9274
Epoch 35/500 - Train Loss: 0.6659, Train Accuracy: 0.8700, Test Loss: 0.5288, Test Accuracy: 0.9266
Epoch 36/500 - Train Loss: 0.6656, Train Accuracy: 0.8750, Test Loss: 0.5311, Test Accuracy: 0.9261
Epoch 37/500 - Train Loss: 0.6782, Train Accuracy: 0.8675, Test Loss: 0.5346, Test Accuracy: 0.9213
Epoch 38/500 - Train Loss: 0.6062, Train Accuracy: 0.9150, Test Loss: 0.5219, Test Accuracy: 0.9296
Epoch 39/500 - Train Loss: 0.6151, Train Accuracy: 0.8925, Test Loss: 0.5153, Test Accuracy: 0.9314
Epoch 40/500 - Train Loss: 0.6140, Train Accuracy: 0.9025, Test Loss: 0.5125, Test Accuracy: 0.9292
Epoch 41/500 - Train Loss: 0.6093, Train Accuracy: 0.8975, Test Loss: 0.5180, Test Accuracy: 0.9257
Epoch 42/500 - Train Loss: 0.6083, Train Accuracy: 0.9025, Test Loss: 0.5112, Test Accuracy: 0.9323
Epoch 43/500 - Train Loss: 0.6065, Train Accuracy: 0.8975, Test Loss: 0.5120, Test Accuracy: 0.9266
Epoch 44/500 - Train Loss: 0.6223, Train Accuracy: 0.8925, Test Loss: 0.5037, Test Accuracy: 0.9388
Epoch 45/500 - Train Loss: 0.5937, Train Accuracy: 0.9175, Test Loss: 0.5040, Test Accuracy: 0.9331
Epoch 46/500 - Train Loss: 0.6087, Train Accuracy: 0.8850, Test Loss: 0.5035, Test Accuracy: 0.9353
Epoch 47/500 - Train Loss: 0.6077, Train Accuracy: 0.8875, Test Loss: 0.5023, Test Accuracy: 0.9362
Epoch 48/500 - Train Loss: 0.6035, Train Accuracy: 0.8875, Test Loss: 0.4985, Test Accuracy: 0.9344
Epoch 49/500 - Train Loss: 0.5983, Train Accuracy: 0.8925, Test Loss: 0.4905, Test Accuracy: 0.9397
Epoch 50/500 - Train Loss: 0.5753, Train Accuracy: 0.9125, Test Loss: 0.4905, Test Accuracy: 0.9379
Epoch 51/500 - Train Loss: 0.5565, Train Accuracy: 0.9100, Test Loss: 0.5017, Test Accuracy: 0.9340
Epoch 52/500 - Train Loss: 0.5898, Train Accuracy: 0.8850, Test Loss: 0.4899, Test Accuracy: 0.9414
Epoch 53/500 - Train Loss: 0.5899, Train Accuracy: 0.9100, Test Loss: 0.4886, Test Accuracy: 0.9436
Epoch 54/500 - Train Loss: 0.5710, Train Accuracy: 0.9025, Test Loss: 0.4871, Test Accuracy: 0.9427
Epoch 55/500 - Train Loss: 0.5880, Train Accuracy: 0.8975, Test Loss: 0.4947, Test Accuracy: 0.9301
Epoch 56/500 - Train Loss: 0.5876, Train Accuracy: 0.8925, Test Loss: 0.4935, Test Accuracy: 0.9375
Epoch 57/500 - Train Loss: 0.5609, Train Accuracy: 0.9200, Test Loss: 0.4968, Test Accuracy: 0.9336
Epoch 58/500 - Train Loss: 0.5733, Train Accuracy: 0.9000, Test Loss: 0.4973, Test Accuracy: 0.9327
Epoch 59/500 - Train Loss: 0.5690, Train Accuracy: 0.9050, Test Loss: 0.4982, Test Accuracy: 0.9314
Epoch 60/500 - Train Loss: 0.5565, Train Accuracy: 0.9075, Test Loss: 0.4962, Test Accuracy: 0.9379
Epoch 61/500 - Train Loss: 0.5173, Train Accuracy: 0.9325, Test Loss: 0.4937, Test Accuracy: 0.9392
Epoch 62/500 - Train Loss: 0.5857, Train Accuracy: 0.9125, Test Loss: 0.4914, Test Accuracy: 0.9371
Epoch 63/500 - Train Loss: 0.5373, Train Accuracy: 0.9150, Test Loss: 0.4895, Test Accuracy: 0.9379
Epoch 64/500 - Train Loss: 0.5509, Train Accuracy: 0.9250, Test Loss: 0.4847, Test Accuracy: 0.9406
Epoch 65/500 - Train Loss: 0.5312, Train Accuracy: 0.9225, Test Loss: 0.4909, Test Accuracy: 0.9375
Epoch 66/500 - Train Loss: 0.5493, Train Accuracy: 0.8950, Test Loss: 0.4899, Test Accuracy: 0.9358
Epoch 67/500 - Train Loss: 0.4871, Train Accuracy: 0.9425, Test Loss: 0.4925, Test Accuracy: 0.9323
Epoch 68/500 - Train Loss: 0.5038, Train Accuracy: 0.9300, Test Loss: 0.4882, Test Accuracy: 0.9384
Epoch 69/500 - Train Loss: 0.5234, Train Accuracy: 0.9200, Test Loss: 0.4817, Test Accuracy: 0.9419
Epoch 70/500 - Train Loss: 0.5179, Train Accuracy: 0.9300, Test Loss: 0.4830, Test Accuracy: 0.9414
Epoch 71/500 - Train Loss: 0.5140, Train Accuracy: 0.9250, Test Loss: 0.4933, Test Accuracy: 0.9353
Epoch 72/500 - Train Loss: 0.5220, Train Accuracy: 0.9225, Test Loss: 0.5014, Test Accuracy: 0.9266
Epoch 73/500 - Train Loss: 0.4879, Train Accuracy: 0.9325, Test Loss: 0.5115, Test Accuracy: 0.9196
Epoch 74/500 - Train Loss: 0.5012, Train Accuracy: 0.9325, Test Loss: 0.4948, Test Accuracy: 0.9331
Epoch 75/500 - Train Loss: 0.4954, Train Accuracy: 0.9300, Test Loss: 0.4805, Test Accuracy: 0.9401
Epoch 76/500 - Train Loss: 0.4730, Train Accuracy: 0.9500, Test Loss: 0.4807, Test Accuracy: 0.9384
Epoch 77/500 - Train Loss: 0.4941, Train Accuracy: 0.9325, Test Loss: 0.4836, Test Accuracy: 0.9379
Epoch 78/500 - Train Loss: 0.4679, Train Accuracy: 0.9500, Test Loss: 0.4827, Test Accuracy: 0.9392
Epoch 79/500 - Train Loss: 0.4975, Train Accuracy: 0.9325, Test Loss: 0.4882, Test Accuracy: 0.9323
Epoch 80/500 - Train Loss: 0.4884, Train Accuracy: 0.9250, Test Loss: 0.4889, Test Accuracy: 0.9336
Epoch 81/500 - Train Loss: 0.4996, Train Accuracy: 0.9500, Test Loss: 0.4929, Test Accuracy: 0.9327
Epoch 82/500 - Train Loss: 0.4915, Train Accuracy: 0.9450, Test Loss: 0.4888, Test Accuracy: 0.9323
Epoch 83/500 - Train Loss: 0.5106, Train Accuracy: 0.9250, Test Loss: 0.4961, Test Accuracy: 0.9305
Epoch 84/500 - Train Loss: 0.5009, Train Accuracy: 0.9325, Test Loss: 0.4856, Test Accuracy: 0.9366
Epoch 85/500 - Train Loss: 0.4994, Train Accuracy: 0.9275, Test Loss: 0.4805, Test Accuracy: 0.9397
Epoch 86/500 - Train Loss: 0.4877, Train Accuracy: 0.9275, Test Loss: 0.4806, Test Accuracy: 0.9388
Epoch 87/500 - Train Loss: 0.4994, Train Accuracy: 0.9325, Test Loss: 0.4812, Test Accuracy: 0.9358
Epoch 88/500 - Train Loss: 0.4925, Train Accuracy: 0.9375, Test Loss: 0.4878, Test Accuracy: 0.9340
Epoch 89/500 - Train Loss: 0.4736, Train Accuracy: 0.9425, Test Loss: 0.4989, Test Accuracy: 0.9257
Epoch 90/500 - Train Loss: 0.4821, Train Accuracy: 0.9250, Test Loss: 0.4860, Test Accuracy: 0.9344

Early stopping triggered at epoch 90
Best test loss: 0.4805
Best test accuracy: 0.9436
Plot saved as trained_models/Sweep_data run/metrics/loss.png
Plot saved as trained_models/Sweep_data run/metrics/metrics.png
