Using GPU 0: NVIDIA GeForce RTX 3090
Epoch 1/500 - Train Loss: 2.0357, Train Accuracy: 0.1875, Test Loss: 2.0221, Test Accuracy: 0.2216
Epoch 2/500 - Train Loss: 1.8084, Train Accuracy: 0.4300, Test Loss: 1.7596, Test Accuracy: 0.5192
Epoch 3/500 - Train Loss: 1.6130, Train Accuracy: 0.6225, Test Loss: 1.4964, Test Accuracy: 0.7146
Epoch 4/500 - Train Loss: 1.4370, Train Accuracy: 0.7325, Test Loss: 1.2529, Test Accuracy: 0.8116
Epoch 5/500 - Train Loss: 1.2459, Train Accuracy: 0.7900, Test Loss: 1.0508, Test Accuracy: 0.8453
Epoch 6/500 - Train Loss: 1.1200, Train Accuracy: 0.8150, Test Loss: 0.8986, Test Accuracy: 0.8684
Epoch 7/500 - Train Loss: 0.9773, Train Accuracy: 0.8650, Test Loss: 0.7765, Test Accuracy: 0.8885
Epoch 8/500 - Train Loss: 0.8952, Train Accuracy: 0.8725, Test Loss: 0.6825, Test Accuracy: 0.8999
Epoch 9/500 - Train Loss: 0.8069, Train Accuracy: 0.8625, Test Loss: 0.6036, Test Accuracy: 0.9043
Epoch 10/500 - Train Loss: 0.7281, Train Accuracy: 0.8975, Test Loss: 0.5436, Test Accuracy: 0.9073
Epoch 11/500 - Train Loss: 0.6733, Train Accuracy: 0.9000, Test Loss: 0.5009, Test Accuracy: 0.9122
Epoch 12/500 - Train Loss: 0.6183, Train Accuracy: 0.9050, Test Loss: 0.4705, Test Accuracy: 0.9196
Epoch 13/500 - Train Loss: 0.5580, Train Accuracy: 0.9125, Test Loss: 0.4358, Test Accuracy: 0.9222
Epoch 14/500 - Train Loss: 0.5275, Train Accuracy: 0.9025, Test Loss: 0.4088, Test Accuracy: 0.9323
Epoch 15/500 - Train Loss: 0.4998, Train Accuracy: 0.9150, Test Loss: 0.3818, Test Accuracy: 0.9344
Epoch 16/500 - Train Loss: 0.4456, Train Accuracy: 0.9300, Test Loss: 0.3632, Test Accuracy: 0.9406
Epoch 17/500 - Train Loss: 0.4368, Train Accuracy: 0.9325, Test Loss: 0.3505, Test Accuracy: 0.9410
Epoch 18/500 - Train Loss: 0.4199, Train Accuracy: 0.9425, Test Loss: 0.3412, Test Accuracy: 0.9414
Epoch 19/500 - Train Loss: 0.4245, Train Accuracy: 0.9500, Test Loss: 0.3319, Test Accuracy: 0.9436
Epoch 20/500 - Train Loss: 0.3935, Train Accuracy: 0.9375, Test Loss: 0.3295, Test Accuracy: 0.9436
Epoch 21/500 - Train Loss: 0.3495, Train Accuracy: 0.9575, Test Loss: 0.3187, Test Accuracy: 0.9480
Epoch 22/500 - Train Loss: 0.3469, Train Accuracy: 0.9450, Test Loss: 0.3121, Test Accuracy: 0.9454
Epoch 23/500 - Train Loss: 0.3272, Train Accuracy: 0.9550, Test Loss: 0.3112, Test Accuracy: 0.9449
Epoch 24/500 - Train Loss: 0.3502, Train Accuracy: 0.9400, Test Loss: 0.3093, Test Accuracy: 0.9436
Epoch 25/500 - Train Loss: 0.3095, Train Accuracy: 0.9650, Test Loss: 0.3048, Test Accuracy: 0.9471
Epoch 26/500 - Train Loss: 0.3324, Train Accuracy: 0.9525, Test Loss: 0.3059, Test Accuracy: 0.9471
Epoch 27/500 - Train Loss: 0.2896, Train Accuracy: 0.9725, Test Loss: 0.3092, Test Accuracy: 0.9427
Epoch 28/500 - Train Loss: 0.2770, Train Accuracy: 0.9775, Test Loss: 0.3076, Test Accuracy: 0.9445
Epoch 29/500 - Train Loss: 0.2570, Train Accuracy: 0.9775, Test Loss: 0.3066, Test Accuracy: 0.9436
Epoch 30/500 - Train Loss: 0.2629, Train Accuracy: 0.9750, Test Loss: 0.3019, Test Accuracy: 0.9445
Epoch 31/500 - Train Loss: 0.2709, Train Accuracy: 0.9750, Test Loss: 0.2993, Test Accuracy: 0.9493
Epoch 32/500 - Train Loss: 0.2796, Train Accuracy: 0.9650, Test Loss: 0.3014, Test Accuracy: 0.9458
Epoch 33/500 - Train Loss: 0.2667, Train Accuracy: 0.9700, Test Loss: 0.2944, Test Accuracy: 0.9471
Epoch 34/500 - Train Loss: 0.2608, Train Accuracy: 0.9725, Test Loss: 0.2917, Test Accuracy: 0.9489
Epoch 35/500 - Train Loss: 0.2782, Train Accuracy: 0.9575, Test Loss: 0.2925, Test Accuracy: 0.9476
Epoch 36/500 - Train Loss: 0.2875, Train Accuracy: 0.9525, Test Loss: 0.2938, Test Accuracy: 0.9480
Epoch 37/500 - Train Loss: 0.2399, Train Accuracy: 0.9825, Test Loss: 0.2967, Test Accuracy: 0.9449
Epoch 38/500 - Train Loss: 0.2554, Train Accuracy: 0.9725, Test Loss: 0.2924, Test Accuracy: 0.9458
Epoch 39/500 - Train Loss: 0.2351, Train Accuracy: 0.9700, Test Loss: 0.2931, Test Accuracy: 0.9467
Epoch 40/500 - Train Loss: 0.2481, Train Accuracy: 0.9700, Test Loss: 0.2961, Test Accuracy: 0.9467
Epoch 41/500 - Train Loss: 0.2304, Train Accuracy: 0.9850, Test Loss: 0.2974, Test Accuracy: 0.9471
Epoch 42/500 - Train Loss: 0.2074, Train Accuracy: 0.9900, Test Loss: 0.2941, Test Accuracy: 0.9467
Epoch 43/500 - Train Loss: 0.2268, Train Accuracy: 0.9775, Test Loss: 0.2870, Test Accuracy: 0.9493
Epoch 44/500 - Train Loss: 0.2127, Train Accuracy: 0.9725, Test Loss: 0.2860, Test Accuracy: 0.9497
Epoch 45/500 - Train Loss: 0.2275, Train Accuracy: 0.9725, Test Loss: 0.2903, Test Accuracy: 0.9497
Epoch 46/500 - Train Loss: 0.2595, Train Accuracy: 0.9675, Test Loss: 0.2895, Test Accuracy: 0.9489
Epoch 47/500 - Train Loss: 0.2172, Train Accuracy: 0.9850, Test Loss: 0.2982, Test Accuracy: 0.9449
Epoch 48/500 - Train Loss: 0.2354, Train Accuracy: 0.9725, Test Loss: 0.3023, Test Accuracy: 0.9432
Epoch 49/500 - Train Loss: 0.1920, Train Accuracy: 0.9900, Test Loss: 0.2907, Test Accuracy: 0.9471
Epoch 50/500 - Train Loss: 0.2163, Train Accuracy: 0.9775, Test Loss: 0.2895, Test Accuracy: 0.9510
Epoch 51/500 - Train Loss: 0.1991, Train Accuracy: 0.9800, Test Loss: 0.2863, Test Accuracy: 0.9515
Epoch 52/500 - Train Loss: 0.1930, Train Accuracy: 0.9925, Test Loss: 0.2882, Test Accuracy: 0.9502
Epoch 53/500 - Train Loss: 0.2083, Train Accuracy: 0.9825, Test Loss: 0.2903, Test Accuracy: 0.9497
Epoch 54/500 - Train Loss: 0.2088, Train Accuracy: 0.9775, Test Loss: 0.2855, Test Accuracy: 0.9484
Epoch 55/500 - Train Loss: 0.2113, Train Accuracy: 0.9825, Test Loss: 0.2899, Test Accuracy: 0.9506
Epoch 56/500 - Train Loss: 0.1935, Train Accuracy: 0.9900, Test Loss: 0.2830, Test Accuracy: 0.9524
Epoch 57/500 - Train Loss: 0.2124, Train Accuracy: 0.9800, Test Loss: 0.2867, Test Accuracy: 0.9497
Epoch 58/500 - Train Loss: 0.2069, Train Accuracy: 0.9825, Test Loss: 0.2886, Test Accuracy: 0.9519
Epoch 59/500 - Train Loss: 0.1864, Train Accuracy: 0.9900, Test Loss: 0.2876, Test Accuracy: 0.9524
Epoch 60/500 - Train Loss: 0.1871, Train Accuracy: 0.9900, Test Loss: 0.2837, Test Accuracy: 0.9497
Epoch 61/500 - Train Loss: 0.1849, Train Accuracy: 0.9850, Test Loss: 0.2864, Test Accuracy: 0.9506
Epoch 62/500 - Train Loss: 0.1897, Train Accuracy: 0.9850, Test Loss: 0.2869, Test Accuracy: 0.9515
Epoch 63/500 - Train Loss: 0.1740, Train Accuracy: 0.9950, Test Loss: 0.2822, Test Accuracy: 0.9528
Epoch 64/500 - Train Loss: 0.2116, Train Accuracy: 0.9775, Test Loss: 0.2867, Test Accuracy: 0.9515
Epoch 65/500 - Train Loss: 0.1988, Train Accuracy: 0.9800, Test Loss: 0.2888, Test Accuracy: 0.9497
Epoch 66/500 - Train Loss: 0.2017, Train Accuracy: 0.9800, Test Loss: 0.2882, Test Accuracy: 0.9484
Epoch 67/500 - Train Loss: 0.1842, Train Accuracy: 0.9900, Test Loss: 0.2884, Test Accuracy: 0.9493
Epoch 68/500 - Train Loss: 0.1791, Train Accuracy: 0.9900, Test Loss: 0.2899, Test Accuracy: 0.9506
Epoch 69/500 - Train Loss: 0.1824, Train Accuracy: 0.9925, Test Loss: 0.2883, Test Accuracy: 0.9506
Epoch 70/500 - Train Loss: 0.1888, Train Accuracy: 0.9900, Test Loss: 0.2897, Test Accuracy: 0.9497
Epoch 71/500 - Train Loss: 0.1711, Train Accuracy: 0.9925, Test Loss: 0.2863, Test Accuracy: 0.9480

Early stopping triggered at epoch 71
Best test loss: 0.2822
Best test accuracy: 0.9528
Plot saved as trained_models/Sweep_data run/metrics/loss.png
Plot saved as trained_models/Sweep_data run/metrics/metrics.png
