Using GPU 0: NVIDIA GeForce RTX 3090
Epoch 1/500 - Train Loss: 2.1145, Train Accuracy: 0.1500, Test Loss: 2.0781, Test Accuracy: 0.1167
Epoch 2/500 - Train Loss: 1.9110, Train Accuracy: 0.3025, Test Loss: 1.9249, Test Accuracy: 0.3129
Epoch 3/500 - Train Loss: 1.7561, Train Accuracy: 0.4400, Test Loss: 1.7588, Test Accuracy: 0.4506
Epoch 4/500 - Train Loss: 1.6608, Train Accuracy: 0.5175, Test Loss: 1.6015, Test Accuracy: 0.5800
Epoch 5/500 - Train Loss: 1.5363, Train Accuracy: 0.6400, Test Loss: 1.4853, Test Accuracy: 0.6543
Epoch 6/500 - Train Loss: 1.4116, Train Accuracy: 0.7150, Test Loss: 1.3916, Test Accuracy: 0.7002
Epoch 7/500 - Train Loss: 1.3067, Train Accuracy: 0.7500, Test Loss: 1.2838, Test Accuracy: 0.7382
Epoch 8/500 - Train Loss: 1.2181, Train Accuracy: 0.7775, Test Loss: 1.1906, Test Accuracy: 0.7819
Epoch 9/500 - Train Loss: 1.1820, Train Accuracy: 0.7925, Test Loss: 1.1079, Test Accuracy: 0.8024
Epoch 10/500 - Train Loss: 1.1058, Train Accuracy: 0.8175, Test Loss: 1.0269, Test Accuracy: 0.8330
Epoch 11/500 - Train Loss: 1.0447, Train Accuracy: 0.8175, Test Loss: 0.9678, Test Accuracy: 0.8418
Epoch 12/500 - Train Loss: 0.9742, Train Accuracy: 0.8300, Test Loss: 0.9059, Test Accuracy: 0.8571
Epoch 13/500 - Train Loss: 0.9469, Train Accuracy: 0.8375, Test Loss: 0.8713, Test Accuracy: 0.8641
Epoch 14/500 - Train Loss: 0.8942, Train Accuracy: 0.8475, Test Loss: 0.8293, Test Accuracy: 0.8763
Epoch 15/500 - Train Loss: 0.8689, Train Accuracy: 0.8675, Test Loss: 0.7921, Test Accuracy: 0.8798
Epoch 16/500 - Train Loss: 0.8227, Train Accuracy: 0.8650, Test Loss: 0.7715, Test Accuracy: 0.8802
Epoch 17/500 - Train Loss: 0.8119, Train Accuracy: 0.8550, Test Loss: 0.7381, Test Accuracy: 0.8894
Epoch 18/500 - Train Loss: 0.7492, Train Accuracy: 0.8775, Test Loss: 0.7062, Test Accuracy: 0.9012
Epoch 19/500 - Train Loss: 0.7256, Train Accuracy: 0.8850, Test Loss: 0.6902, Test Accuracy: 0.9047
Epoch 20/500 - Train Loss: 0.7065, Train Accuracy: 0.8900, Test Loss: 0.6657, Test Accuracy: 0.9143
Epoch 21/500 - Train Loss: 0.7124, Train Accuracy: 0.8700, Test Loss: 0.6380, Test Accuracy: 0.9165
Epoch 22/500 - Train Loss: 0.6830, Train Accuracy: 0.9025, Test Loss: 0.6259, Test Accuracy: 0.9200
Epoch 23/500 - Train Loss: 0.6525, Train Accuracy: 0.9050, Test Loss: 0.6119, Test Accuracy: 0.9200
Epoch 24/500 - Train Loss: 0.6285, Train Accuracy: 0.9250, Test Loss: 0.6008, Test Accuracy: 0.9200
Epoch 25/500 - Train Loss: 0.6125, Train Accuracy: 0.9150, Test Loss: 0.5806, Test Accuracy: 0.9253
Epoch 26/500 - Train Loss: 0.6526, Train Accuracy: 0.8975, Test Loss: 0.5777, Test Accuracy: 0.9213
Epoch 27/500 - Train Loss: 0.6184, Train Accuracy: 0.8975, Test Loss: 0.5633, Test Accuracy: 0.9235
Epoch 28/500 - Train Loss: 0.5624, Train Accuracy: 0.9275, Test Loss: 0.5473, Test Accuracy: 0.9283
Epoch 29/500 - Train Loss: 0.5682, Train Accuracy: 0.9275, Test Loss: 0.5401, Test Accuracy: 0.9288
Epoch 30/500 - Train Loss: 0.5941, Train Accuracy: 0.9150, Test Loss: 0.5417, Test Accuracy: 0.9279
Epoch 31/500 - Train Loss: 0.5547, Train Accuracy: 0.9325, Test Loss: 0.5347, Test Accuracy: 0.9296
Epoch 32/500 - Train Loss: 0.5626, Train Accuracy: 0.9125, Test Loss: 0.5316, Test Accuracy: 0.9309
Epoch 33/500 - Train Loss: 0.5455, Train Accuracy: 0.9400, Test Loss: 0.5198, Test Accuracy: 0.9323
Epoch 34/500 - Train Loss: 0.5467, Train Accuracy: 0.9275, Test Loss: 0.5207, Test Accuracy: 0.9314
Epoch 35/500 - Train Loss: 0.5310, Train Accuracy: 0.9400, Test Loss: 0.5222, Test Accuracy: 0.9309
Epoch 36/500 - Train Loss: 0.4954, Train Accuracy: 0.9550, Test Loss: 0.5130, Test Accuracy: 0.9318
Epoch 37/500 - Train Loss: 0.5006, Train Accuracy: 0.9575, Test Loss: 0.5033, Test Accuracy: 0.9340
Epoch 38/500 - Train Loss: 0.5117, Train Accuracy: 0.9525, Test Loss: 0.5048, Test Accuracy: 0.9340
Epoch 39/500 - Train Loss: 0.4996, Train Accuracy: 0.9325, Test Loss: 0.4990, Test Accuracy: 0.9340
Epoch 40/500 - Train Loss: 0.5093, Train Accuracy: 0.9450, Test Loss: 0.4910, Test Accuracy: 0.9362
Epoch 41/500 - Train Loss: 0.4911, Train Accuracy: 0.9500, Test Loss: 0.4892, Test Accuracy: 0.9349
Epoch 42/500 - Train Loss: 0.4579, Train Accuracy: 0.9650, Test Loss: 0.4873, Test Accuracy: 0.9379
Epoch 43/500 - Train Loss: 0.4809, Train Accuracy: 0.9500, Test Loss: 0.4945, Test Accuracy: 0.9340
Epoch 44/500 - Train Loss: 0.4917, Train Accuracy: 0.9450, Test Loss: 0.4885, Test Accuracy: 0.9349
Epoch 45/500 - Train Loss: 0.4758, Train Accuracy: 0.9575, Test Loss: 0.4903, Test Accuracy: 0.9366
Epoch 46/500 - Train Loss: 0.4737, Train Accuracy: 0.9425, Test Loss: 0.4829, Test Accuracy: 0.9384
Epoch 47/500 - Train Loss: 0.4616, Train Accuracy: 0.9525, Test Loss: 0.4867, Test Accuracy: 0.9384
Epoch 48/500 - Train Loss: 0.4418, Train Accuracy: 0.9700, Test Loss: 0.4846, Test Accuracy: 0.9406
Epoch 49/500 - Train Loss: 0.4585, Train Accuracy: 0.9500, Test Loss: 0.4815, Test Accuracy: 0.9401
Epoch 50/500 - Train Loss: 0.4375, Train Accuracy: 0.9675, Test Loss: 0.4800, Test Accuracy: 0.9392
Epoch 51/500 - Train Loss: 0.4316, Train Accuracy: 0.9650, Test Loss: 0.4817, Test Accuracy: 0.9427
Epoch 52/500 - Train Loss: 0.4498, Train Accuracy: 0.9500, Test Loss: 0.4830, Test Accuracy: 0.9423
Epoch 53/500 - Train Loss: 0.4734, Train Accuracy: 0.9500, Test Loss: 0.4828, Test Accuracy: 0.9414
Epoch 54/500 - Train Loss: 0.4379, Train Accuracy: 0.9675, Test Loss: 0.4790, Test Accuracy: 0.9423
Epoch 55/500 - Train Loss: 0.4559, Train Accuracy: 0.9525, Test Loss: 0.4764, Test Accuracy: 0.9419
Epoch 56/500 - Train Loss: 0.4223, Train Accuracy: 0.9775, Test Loss: 0.4841, Test Accuracy: 0.9388
Epoch 57/500 - Train Loss: 0.4445, Train Accuracy: 0.9575, Test Loss: 0.4723, Test Accuracy: 0.9414
Epoch 58/500 - Train Loss: 0.4601, Train Accuracy: 0.9525, Test Loss: 0.4772, Test Accuracy: 0.9410
Epoch 59/500 - Train Loss: 0.4206, Train Accuracy: 0.9650, Test Loss: 0.4756, Test Accuracy: 0.9445
Epoch 60/500 - Train Loss: 0.4152, Train Accuracy: 0.9675, Test Loss: 0.4692, Test Accuracy: 0.9427
Epoch 61/500 - Train Loss: 0.4265, Train Accuracy: 0.9625, Test Loss: 0.4695, Test Accuracy: 0.9454
Epoch 62/500 - Train Loss: 0.4247, Train Accuracy: 0.9700, Test Loss: 0.4720, Test Accuracy: 0.9419
Epoch 63/500 - Train Loss: 0.4564, Train Accuracy: 0.9450, Test Loss: 0.4735, Test Accuracy: 0.9427
Epoch 64/500 - Train Loss: 0.4106, Train Accuracy: 0.9675, Test Loss: 0.4712, Test Accuracy: 0.9423
Epoch 65/500 - Train Loss: 0.4699, Train Accuracy: 0.9375, Test Loss: 0.4727, Test Accuracy: 0.9410
Epoch 66/500 - Train Loss: 0.4234, Train Accuracy: 0.9625, Test Loss: 0.4763, Test Accuracy: 0.9423
Epoch 67/500 - Train Loss: 0.3978, Train Accuracy: 0.9825, Test Loss: 0.4712, Test Accuracy: 0.9419
Epoch 68/500 - Train Loss: 0.4152, Train Accuracy: 0.9750, Test Loss: 0.4644, Test Accuracy: 0.9467
Epoch 69/500 - Train Loss: 0.3998, Train Accuracy: 0.9775, Test Loss: 0.4692, Test Accuracy: 0.9445
Epoch 70/500 - Train Loss: 0.4304, Train Accuracy: 0.9600, Test Loss: 0.4729, Test Accuracy: 0.9436
Epoch 71/500 - Train Loss: 0.4140, Train Accuracy: 0.9725, Test Loss: 0.4713, Test Accuracy: 0.9445
Epoch 72/500 - Train Loss: 0.4288, Train Accuracy: 0.9675, Test Loss: 0.4758, Test Accuracy: 0.9392
Epoch 73/500 - Train Loss: 0.4240, Train Accuracy: 0.9725, Test Loss: 0.4716, Test Accuracy: 0.9441
Epoch 74/500 - Train Loss: 0.4039, Train Accuracy: 0.9775, Test Loss: 0.4694, Test Accuracy: 0.9441
Epoch 75/500 - Train Loss: 0.4178, Train Accuracy: 0.9650, Test Loss: 0.4765, Test Accuracy: 0.9401
Epoch 76/500 - Train Loss: 0.4141, Train Accuracy: 0.9675, Test Loss: 0.4646, Test Accuracy: 0.9454
Epoch 77/500 - Train Loss: 0.4359, Train Accuracy: 0.9575, Test Loss: 0.4673, Test Accuracy: 0.9454
Epoch 78/500 - Train Loss: 0.4150, Train Accuracy: 0.9550, Test Loss: 0.4711, Test Accuracy: 0.9449
Epoch 79/500 - Train Loss: 0.4016, Train Accuracy: 0.9700, Test Loss: 0.4729, Test Accuracy: 0.9427
Epoch 80/500 - Train Loss: 0.4186, Train Accuracy: 0.9625, Test Loss: 0.4704, Test Accuracy: 0.9449
Epoch 81/500 - Train Loss: 0.4023, Train Accuracy: 0.9700, Test Loss: 0.4685, Test Accuracy: 0.9445
Epoch 82/500 - Train Loss: 0.4092, Train Accuracy: 0.9725, Test Loss: 0.4736, Test Accuracy: 0.9449
Epoch 83/500 - Train Loss: 0.3861, Train Accuracy: 0.9825, Test Loss: 0.4723, Test Accuracy: 0.9423

Early stopping triggered at epoch 83
Best test loss: 0.4644
Best test accuracy: 0.9467
Plot saved as trained_models/Sweep_data run/metrics/loss.png
Plot saved as trained_models/Sweep_data run/metrics/metrics.png
