Using GPU 0: NVIDIA GeForce RTX 3090
Epoch 1/500 - Train Loss: 1.2022, Train Accuracy: 0.6575, Test Loss: 1.7793, Test Accuracy: 0.4340
Epoch 2/500 - Train Loss: 0.3636, Train Accuracy: 0.9200, Test Loss: 0.9730, Test Accuracy: 0.6962
Epoch 3/500 - Train Loss: 0.2624, Train Accuracy: 0.9325, Test Loss: 0.5989, Test Accuracy: 0.8383
Epoch 4/500 - Train Loss: 0.2835, Train Accuracy: 0.9350, Test Loss: 0.3432, Test Accuracy: 0.9148
Epoch 5/500 - Train Loss: 0.2071, Train Accuracy: 0.9600, Test Loss: 0.5645, Test Accuracy: 0.8518
Epoch 6/500 - Train Loss: 0.2096, Train Accuracy: 0.9750, Test Loss: 0.3549, Test Accuracy: 0.9139
Epoch 7/500 - Train Loss: 0.1764, Train Accuracy: 0.9700, Test Loss: 1.4942, Test Accuracy: 0.5865
Epoch 8/500 - Train Loss: 0.2845, Train Accuracy: 0.9400, Test Loss: 1.1784, Test Accuracy: 0.6709
Epoch 9/500 - Train Loss: 0.1618, Train Accuracy: 0.9825, Test Loss: 1.6659, Test Accuracy: 0.6250
Epoch 10/500 - Train Loss: 0.2277, Train Accuracy: 0.9600, Test Loss: 0.7367, Test Accuracy: 0.7933
Epoch 11/500 - Train Loss: 0.1700, Train Accuracy: 0.9875, Test Loss: 0.3926, Test Accuracy: 0.8969
Epoch 12/500 - Train Loss: 0.1982, Train Accuracy: 0.9525, Test Loss: 0.5184, Test Accuracy: 0.8514
Epoch 13/500 - Train Loss: 0.1842, Train Accuracy: 0.9625, Test Loss: 0.5576, Test Accuracy: 0.8457
Epoch 14/500 - Train Loss: 0.1549, Train Accuracy: 0.9825, Test Loss: 0.5292, Test Accuracy: 0.8606
Epoch 15/500 - Train Loss: 0.1437, Train Accuracy: 0.9800, Test Loss: 0.4201, Test Accuracy: 0.8890
Epoch 16/500 - Train Loss: 0.2157, Train Accuracy: 0.9675, Test Loss: 0.7421, Test Accuracy: 0.8090
Epoch 17/500 - Train Loss: 0.2202, Train Accuracy: 0.9525, Test Loss: 1.2981, Test Accuracy: 0.7417
Epoch 18/500 - Train Loss: 0.1798, Train Accuracy: 0.9575, Test Loss: 1.3925, Test Accuracy: 0.6853
Epoch 19/500 - Train Loss: 0.1873, Train Accuracy: 0.9725, Test Loss: 0.5129, Test Accuracy: 0.8505

Early stopping triggered at epoch 19
Best test loss: 0.4201
Best test accuracy: 0.8890
Plot saved as trained_models/Sweep run/metrics/loss.png
Plot saved as trained_models/Sweep run/metrics/metrics.png
