wandb: Starting wandb agent 🕵️
2026-01-10 19:03:25,574 - wandb.wandb_agent - INFO - Running runs: []
2026-01-10 19:03:26,081 - wandb.wandb_agent - INFO - Agent received command: run
2026-01-10 19:03:26,081 - wandb.wandb_agent - INFO - Agent starting run with config:
	affine: 0.17869066053443383
	blur: 0.7662493044142208
	brightness: 0.7571086410323458
	contrast: 1.2745241910853555
	crop: 0.2780942779941622
	crop_scale: 0.8714762087084944
	flip: 0.8120144639302838
	gaussian_blur_kernel: 5
	gaussian_noise_std: 1.025202990392586
	grey: 0.4135757221642627
	hue: -0.06818877071339842
	jiggle: 0.2365571957088275
	rotate: 0.7106535269394519
	rotation: 10
	saturation: 0.6348246313800455
	scale: 0.9696106164207152
	shear: 28
	translate_x: 0.04424868661145753
	translate_y: 0.18306007002132813
2026-01-10 19:03:26,085 - wandb.wandb_agent - INFO - About to run command: /usr/bin/env python train_data.py --affine=0.17869066053443383 --blur=0.7662493044142208 --brightness=0.7571086410323458 --contrast=1.2745241910853555 --crop=0.2780942779941622 --crop_scale=0.8714762087084944 --flip=0.8120144639302838 --gaussian_blur_kernel=5 --gaussian_noise_std=1.025202990392586 --grey=0.4135757221642627 --hue=-0.06818877071339842 --jiggle=0.2365571957088275 --rotate=0.7106535269394519 --rotation=10 --saturation=0.6348246313800455 --scale=0.9696106164207152 --shear=28 --translate_x=0.04424868661145753 --translate_y=0.18306007002132813
wandb: Currently logged in as: arnaumarcosalmansa (mcv-team-6) to https://api.wandb.ai. Use `wandb login --relogin` to force relogin
wandb: WARNING Ignoring project 'C3-Week3' when running a sweep.
wandb: WARNING Ignoring entity 'mcv-team-6' when running a sweep.
2026-01-10 19:03:31,091 - wandb.wandb_agent - INFO - Running runs: ['u9eap327']
wandb: setting up run u9eap327
wandb: Tracking run with wandb version 0.23.1
wandb: Run data is saved locally in /export/home/group06/workspace/project-team-6/Week3/wandb/run-20260110_190330-u9eap327
wandb: Run `wandb offline` to turn off syncing.
wandb: Syncing run Sweep run
wandb: ⭐️ View project at https://wandb.ai/mcv-team-6/C3-Week3
wandb: 🧹 View sweep at https://wandb.ai/mcv-team-6/C3-Week3/sweeps/g5vb4edr
wandb: 🚀 View run at https://wandb.ai/mcv-team-6/C3-Week3/runs/u9eap327
Traceback (most recent call last):
  File "/export/home/group06/workspace/project-team-6/Week3/train_data.py", line 61, in <module>
    ka.ColorJitter(brightness=cfg.brightness,
  File "/ghome/group06/miniconda3/envs/c3/lib/python3.12/site-packages/kornia/augmentation/_2d/intensity/color_jitter.py", line 105, in __init__
    self._param_generator = rg.ColorJitterGenerator(brightness, contrast, saturation, hue)
                            ^^^^^^^^^^^^^^^^^^^^^^^^^^^^^^^^^^^^^^^^^^^^^^^^^^^^^^^^^^^^^^
  File "/ghome/group06/miniconda3/envs/c3/lib/python3.12/site-packages/kornia/augmentation/random_generator/base.py", line 34, in __call__
    obj.__post_init__()
  File "/ghome/group06/miniconda3/envs/c3/lib/python3.12/site-packages/kornia/augmentation/random_generator/base.py", line 48, in __post_init__
    self.set_rng_device_and_dtype()
  File "/ghome/group06/miniconda3/envs/c3/lib/python3.12/site-packages/kornia/augmentation/random_generator/base.py", line 64, in set_rng_device_and_dtype
    self.make_samplers(device, dtype)
  File "/ghome/group06/miniconda3/envs/c3/lib/python3.12/site-packages/kornia/augmentation/random_generator/_2d/color_jitter.py", line 86, in make_samplers
    hue: Tensor = _range_bound(self.hue, "hue", bounds=(-0.5, 0.5), device=device, dtype=dtype)
                  ^^^^^^^^^^^^^^^^^^^^^^^^^^^^^^^^^^^^^^^^^^^^^^^^^^^^^^^^^^^^^^^^^^^^^^^^^^^^^
  File "/ghome/group06/miniconda3/envs/c3/lib/python3.12/site-packages/kornia/augmentation/utils/param_validation.py", line 53, in _range_bound
    raise ValueError(f"If {name} is a single number, it must be non negative. Got {factor}.")
ValueError: If hue is a single number, it must be non negative. Got -0.06818877160549164.
2026-01-10 19:03:36,234 - wandb.wandb_agent - INFO - Cleaning up finished run: u9eap327
wandb: Terminating and syncing runs. Press ctrl-c to kill.
