Using GPU 0: NVIDIA GeForce RTX 3090
Epoch 1/500 - Train Loss: 1.8432, Train Accuracy: 0.3650, Test Loss: 2.0210, Test Accuracy: 0.2351
Epoch 2/500 - Train Loss: 1.1891, Train Accuracy: 0.7850, Test Loss: 1.5589, Test Accuracy: 0.6831
Epoch 3/500 - Train Loss: 0.7581, Train Accuracy: 0.9350, Test Loss: 1.0178, Test Accuracy: 0.8737
Epoch 4/500 - Train Loss: 0.5884, Train Accuracy: 0.9450, Test Loss: 0.7052, Test Accuracy: 0.9205
Epoch 5/500 - Train Loss: 0.4765, Train Accuracy: 0.9625, Test Loss: 0.5577, Test Accuracy: 0.9292
Epoch 6/500 - Train Loss: 0.4080, Train Accuracy: 0.9650, Test Loss: 0.4922, Test Accuracy: 0.9371
Epoch 7/500 - Train Loss: 0.3813, Train Accuracy: 0.9800, Test Loss: 0.4520, Test Accuracy: 0.9489
Epoch 8/500 - Train Loss: 0.3673, Train Accuracy: 0.9850, Test Loss: 0.4437, Test Accuracy: 0.9467
Epoch 9/500 - Train Loss: 0.3374, Train Accuracy: 0.9925, Test Loss: 0.4443, Test Accuracy: 0.9462
Epoch 10/500 - Train Loss: 0.3363, Train Accuracy: 0.9950, Test Loss: 0.4332, Test Accuracy: 0.9502
Epoch 11/500 - Train Loss: 0.3153, Train Accuracy: 0.9975, Test Loss: 0.4485, Test Accuracy: 0.9419
Epoch 12/500 - Train Loss: 0.3347, Train Accuracy: 0.9875, Test Loss: 0.4398, Test Accuracy: 0.9432
Epoch 13/500 - Train Loss: 0.3070, Train Accuracy: 0.9925, Test Loss: 0.4510, Test Accuracy: 0.9414
Epoch 14/500 - Train Loss: 0.3143, Train Accuracy: 0.9975, Test Loss: 0.4447, Test Accuracy: 0.9410
Epoch 15/500 - Train Loss: 0.3291, Train Accuracy: 0.9925, Test Loss: 0.4617, Test Accuracy: 0.9375
Epoch 16/500 - Train Loss: 0.3241, Train Accuracy: 0.9925, Test Loss: 0.4353, Test Accuracy: 0.9436
Epoch 17/500 - Train Loss: 0.3117, Train Accuracy: 0.9975, Test Loss: 0.4421, Test Accuracy: 0.9419
Epoch 18/500 - Train Loss: 0.3217, Train Accuracy: 0.9950, Test Loss: 0.4375, Test Accuracy: 0.9449
Epoch 19/500 - Train Loss: 0.3030, Train Accuracy: 1.0000, Test Loss: 0.4330, Test Accuracy: 0.9471
Epoch 20/500 - Train Loss: 0.3025, Train Accuracy: 1.0000, Test Loss: 0.4242, Test Accuracy: 0.9502
Epoch 21/500 - Train Loss: 0.3002, Train Accuracy: 0.9950, Test Loss: 0.4347, Test Accuracy: 0.9392
Epoch 22/500 - Train Loss: 0.3052, Train Accuracy: 0.9975, Test Loss: 0.4391, Test Accuracy: 0.9419
Epoch 23/500 - Train Loss: 0.3109, Train Accuracy: 0.9900, Test Loss: 0.4230, Test Accuracy: 0.9471
Epoch 24/500 - Train Loss: 0.2979, Train Accuracy: 0.9975, Test Loss: 0.4300, Test Accuracy: 0.9419
Epoch 25/500 - Train Loss: 0.3071, Train Accuracy: 0.9950, Test Loss: 0.4345, Test Accuracy: 0.9410
Epoch 26/500 - Train Loss: 0.2948, Train Accuracy: 0.9975, Test Loss: 0.4345, Test Accuracy: 0.9410
Epoch 27/500 - Train Loss: 0.3013, Train Accuracy: 0.9950, Test Loss: 0.4374, Test Accuracy: 0.9406
Epoch 28/500 - Train Loss: 0.2993, Train Accuracy: 1.0000, Test Loss: 0.4301, Test Accuracy: 0.9467
Epoch 29/500 - Train Loss: 0.3060, Train Accuracy: 0.9900, Test Loss: 0.4667, Test Accuracy: 0.9336
Epoch 30/500 - Train Loss: 0.3212, Train Accuracy: 0.9875, Test Loss: 0.4423, Test Accuracy: 0.9401
Epoch 31/500 - Train Loss: 0.2933, Train Accuracy: 1.0000, Test Loss: 0.4422, Test Accuracy: 0.9414
Epoch 32/500 - Train Loss: 0.2997, Train Accuracy: 0.9975, Test Loss: 0.4387, Test Accuracy: 0.9419
Epoch 33/500 - Train Loss: 0.2919, Train Accuracy: 1.0000, Test Loss: 0.4536, Test Accuracy: 0.9336
Epoch 34/500 - Train Loss: 0.3022, Train Accuracy: 0.9950, Test Loss: 0.4870, Test Accuracy: 0.9196
Epoch 35/500 - Train Loss: 0.2985, Train Accuracy: 1.0000, Test Loss: 0.4547, Test Accuracy: 0.9292
Epoch 36/500 - Train Loss: 0.2938, Train Accuracy: 0.9975, Test Loss: 0.4456, Test Accuracy: 0.9349
Epoch 37/500 - Train Loss: 0.2956, Train Accuracy: 0.9975, Test Loss: 0.4573, Test Accuracy: 0.9309
Epoch 38/500 - Train Loss: 0.2910, Train Accuracy: 1.0000, Test Loss: 0.4469, Test Accuracy: 0.9379

Early stopping triggered at epoch 38
Best test loss: 0.4230
Best test accuracy: 0.9502
Plot saved as trained_models/Sweep run/metrics/loss.png
Plot saved as trained_models/Sweep run/metrics/metrics.png
