Using GPU 0: NVIDIA GeForce RTX 3090
Epoch 1/500 - Train Loss: 2.0577, Train Accuracy: 0.1875, Test Loss: 2.0210, Test Accuracy: 0.2107
Epoch 2/500 - Train Loss: 1.8626, Train Accuracy: 0.3300, Test Loss: 1.8471, Test Accuracy: 0.3706
Epoch 3/500 - Train Loss: 1.6830, Train Accuracy: 0.4875, Test Loss: 1.6423, Test Accuracy: 0.5223
Epoch 4/500 - Train Loss: 1.5717, Train Accuracy: 0.5925, Test Loss: 1.4657, Test Accuracy: 0.6320
Epoch 5/500 - Train Loss: 1.4654, Train Accuracy: 0.6700, Test Loss: 1.3242, Test Accuracy: 0.7216
Epoch 6/500 - Train Loss: 1.3422, Train Accuracy: 0.7450, Test Loss: 1.1960, Test Accuracy: 0.7845
Epoch 7/500 - Train Loss: 1.2572, Train Accuracy: 0.7575, Test Loss: 1.0930, Test Accuracy: 0.8269
Epoch 8/500 - Train Loss: 1.1511, Train Accuracy: 0.8000, Test Loss: 1.0103, Test Accuracy: 0.8562
Epoch 9/500 - Train Loss: 1.0804, Train Accuracy: 0.8125, Test Loss: 0.9260, Test Accuracy: 0.8763
Epoch 10/500 - Train Loss: 1.0204, Train Accuracy: 0.8525, Test Loss: 0.8687, Test Accuracy: 0.8877
Epoch 11/500 - Train Loss: 0.9977, Train Accuracy: 0.8350, Test Loss: 0.8117, Test Accuracy: 0.9038
Epoch 12/500 - Train Loss: 0.9054, Train Accuracy: 0.8500, Test Loss: 0.7581, Test Accuracy: 0.9174
Epoch 13/500 - Train Loss: 0.8837, Train Accuracy: 0.8625, Test Loss: 0.7226, Test Accuracy: 0.9222
Epoch 14/500 - Train Loss: 0.8248, Train Accuracy: 0.8900, Test Loss: 0.6867, Test Accuracy: 0.9253
Epoch 15/500 - Train Loss: 0.7821, Train Accuracy: 0.8950, Test Loss: 0.6498, Test Accuracy: 0.9283
Epoch 16/500 - Train Loss: 0.7914, Train Accuracy: 0.8800, Test Loss: 0.6248, Test Accuracy: 0.9266
Epoch 17/500 - Train Loss: 0.7335, Train Accuracy: 0.8950, Test Loss: 0.6061, Test Accuracy: 0.9292
Epoch 18/500 - Train Loss: 0.7206, Train Accuracy: 0.9125, Test Loss: 0.5923, Test Accuracy: 0.9331
Epoch 19/500 - Train Loss: 0.7034, Train Accuracy: 0.8975, Test Loss: 0.5794, Test Accuracy: 0.9279
Epoch 20/500 - Train Loss: 0.6675, Train Accuracy: 0.9050, Test Loss: 0.5651, Test Accuracy: 0.9283
Epoch 21/500 - Train Loss: 0.6617, Train Accuracy: 0.9125, Test Loss: 0.5563, Test Accuracy: 0.9336
Epoch 22/500 - Train Loss: 0.6532, Train Accuracy: 0.8950, Test Loss: 0.5438, Test Accuracy: 0.9327
Epoch 23/500 - Train Loss: 0.6245, Train Accuracy: 0.9150, Test Loss: 0.5339, Test Accuracy: 0.9358
Epoch 24/500 - Train Loss: 0.6071, Train Accuracy: 0.9075, Test Loss: 0.5308, Test Accuracy: 0.9366
Epoch 25/500 - Train Loss: 0.6005, Train Accuracy: 0.9200, Test Loss: 0.5233, Test Accuracy: 0.9366
Epoch 26/500 - Train Loss: 0.5702, Train Accuracy: 0.9475, Test Loss: 0.5115, Test Accuracy: 0.9379
Epoch 27/500 - Train Loss: 0.5852, Train Accuracy: 0.9325, Test Loss: 0.5057, Test Accuracy: 0.9401
Epoch 28/500 - Train Loss: 0.5615, Train Accuracy: 0.9325, Test Loss: 0.5036, Test Accuracy: 0.9419
Epoch 29/500 - Train Loss: 0.6110, Train Accuracy: 0.9000, Test Loss: 0.4998, Test Accuracy: 0.9401
Epoch 30/500 - Train Loss: 0.5691, Train Accuracy: 0.9275, Test Loss: 0.4971, Test Accuracy: 0.9384
Epoch 31/500 - Train Loss: 0.5667, Train Accuracy: 0.9225, Test Loss: 0.4951, Test Accuracy: 0.9436
Epoch 32/500 - Train Loss: 0.5286, Train Accuracy: 0.9425, Test Loss: 0.4858, Test Accuracy: 0.9436
Epoch 33/500 - Train Loss: 0.5121, Train Accuracy: 0.9450, Test Loss: 0.4906, Test Accuracy: 0.9414
Epoch 34/500 - Train Loss: 0.5202, Train Accuracy: 0.9350, Test Loss: 0.4862, Test Accuracy: 0.9401
Epoch 35/500 - Train Loss: 0.5107, Train Accuracy: 0.9350, Test Loss: 0.4795, Test Accuracy: 0.9449
Epoch 36/500 - Train Loss: 0.5050, Train Accuracy: 0.9425, Test Loss: 0.4796, Test Accuracy: 0.9419
Epoch 37/500 - Train Loss: 0.4865, Train Accuracy: 0.9550, Test Loss: 0.4738, Test Accuracy: 0.9432
Epoch 38/500 - Train Loss: 0.4932, Train Accuracy: 0.9575, Test Loss: 0.4731, Test Accuracy: 0.9449
Epoch 39/500 - Train Loss: 0.4570, Train Accuracy: 0.9525, Test Loss: 0.4746, Test Accuracy: 0.9436
Epoch 40/500 - Train Loss: 0.4773, Train Accuracy: 0.9575, Test Loss: 0.4766, Test Accuracy: 0.9423
Epoch 41/500 - Train Loss: 0.4599, Train Accuracy: 0.9625, Test Loss: 0.4714, Test Accuracy: 0.9445
Epoch 42/500 - Train Loss: 0.4967, Train Accuracy: 0.9550, Test Loss: 0.4739, Test Accuracy: 0.9427
Epoch 43/500 - Train Loss: 0.4921, Train Accuracy: 0.9350, Test Loss: 0.4674, Test Accuracy: 0.9471
Epoch 44/500 - Train Loss: 0.4755, Train Accuracy: 0.9500, Test Loss: 0.4608, Test Accuracy: 0.9497
Epoch 45/500 - Train Loss: 0.4581, Train Accuracy: 0.9475, Test Loss: 0.4672, Test Accuracy: 0.9484
Epoch 46/500 - Train Loss: 0.4489, Train Accuracy: 0.9550, Test Loss: 0.4621, Test Accuracy: 0.9480
Epoch 47/500 - Train Loss: 0.4542, Train Accuracy: 0.9650, Test Loss: 0.4735, Test Accuracy: 0.9423
Epoch 48/500 - Train Loss: 0.5031, Train Accuracy: 0.9300, Test Loss: 0.4736, Test Accuracy: 0.9406
Epoch 49/500 - Train Loss: 0.4483, Train Accuracy: 0.9625, Test Loss: 0.4655, Test Accuracy: 0.9454
Epoch 50/500 - Train Loss: 0.4615, Train Accuracy: 0.9450, Test Loss: 0.4715, Test Accuracy: 0.9423
Epoch 51/500 - Train Loss: 0.4602, Train Accuracy: 0.9525, Test Loss: 0.4685, Test Accuracy: 0.9445
Epoch 52/500 - Train Loss: 0.4484, Train Accuracy: 0.9750, Test Loss: 0.4722, Test Accuracy: 0.9436
Epoch 53/500 - Train Loss: 0.4563, Train Accuracy: 0.9575, Test Loss: 0.4647, Test Accuracy: 0.9458
Epoch 54/500 - Train Loss: 0.4566, Train Accuracy: 0.9425, Test Loss: 0.4600, Test Accuracy: 0.9476
Epoch 55/500 - Train Loss: 0.4576, Train Accuracy: 0.9500, Test Loss: 0.4618, Test Accuracy: 0.9484
Epoch 56/500 - Train Loss: 0.4225, Train Accuracy: 0.9725, Test Loss: 0.4629, Test Accuracy: 0.9454
Epoch 57/500 - Train Loss: 0.4224, Train Accuracy: 0.9800, Test Loss: 0.4605, Test Accuracy: 0.9484
Epoch 58/500 - Train Loss: 0.4394, Train Accuracy: 0.9650, Test Loss: 0.4644, Test Accuracy: 0.9441
Epoch 59/500 - Train Loss: 0.4271, Train Accuracy: 0.9625, Test Loss: 0.4614, Test Accuracy: 0.9462

Early stopping triggered at epoch 59
Best test loss: 0.4600
Best test accuracy: 0.9497
Plot saved as trained_models/Sweep_data run/metrics/loss.png
Plot saved as trained_models/Sweep_data run/metrics/metrics.png
