Using GPU 0: NVIDIA GeForce RTX 3090
Epoch 1/500 - Train Loss: 1.2329, Train Accuracy: 0.6375, Test Loss: 1.2785, Test Accuracy: 0.7054
Epoch 2/500 - Train Loss: 0.4087, Train Accuracy: 0.9175, Test Loss: 0.4040, Test Accuracy: 0.9038
Epoch 3/500 - Train Loss: 0.2372, Train Accuracy: 0.9550, Test Loss: 0.2358, Test Accuracy: 0.9401
Epoch 4/500 - Train Loss: 0.1577, Train Accuracy: 0.9800, Test Loss: 0.2187, Test Accuracy: 0.9401
Epoch 5/500 - Train Loss: 0.1541, Train Accuracy: 0.9650, Test Loss: 0.2004, Test Accuracy: 0.9476
Epoch 6/500 - Train Loss: 0.1047, Train Accuracy: 0.9850, Test Loss: 0.1923, Test Accuracy: 0.9480
Epoch 7/500 - Train Loss: 0.0844, Train Accuracy: 0.9925, Test Loss: 0.2089, Test Accuracy: 0.9379
Epoch 8/500 - Train Loss: 0.0903, Train Accuracy: 0.9850, Test Loss: 0.2320, Test Accuracy: 0.9353
Epoch 9/500 - Train Loss: 0.0888, Train Accuracy: 0.9850, Test Loss: 0.2100, Test Accuracy: 0.9401
Epoch 10/500 - Train Loss: 0.0893, Train Accuracy: 0.9875, Test Loss: 0.1983, Test Accuracy: 0.9419
Epoch 11/500 - Train Loss: 0.0647, Train Accuracy: 0.9850, Test Loss: 0.2141, Test Accuracy: 0.9401
Epoch 12/500 - Train Loss: 0.0867, Train Accuracy: 0.9850, Test Loss: 0.1945, Test Accuracy: 0.9462
Epoch 13/500 - Train Loss: 0.0707, Train Accuracy: 0.9875, Test Loss: 0.2063, Test Accuracy: 0.9414
Epoch 14/500 - Train Loss: 0.0637, Train Accuracy: 0.9900, Test Loss: 0.2089, Test Accuracy: 0.9414
Epoch 15/500 - Train Loss: 0.0538, Train Accuracy: 0.9950, Test Loss: 0.2019, Test Accuracy: 0.9449
Epoch 16/500 - Train Loss: 0.0476, Train Accuracy: 0.9950, Test Loss: 0.1976, Test Accuracy: 0.9423
Epoch 17/500 - Train Loss: 0.0454, Train Accuracy: 0.9975, Test Loss: 0.2106, Test Accuracy: 0.9371
Epoch 18/500 - Train Loss: 0.0588, Train Accuracy: 0.9925, Test Loss: 0.1974, Test Accuracy: 0.9427
Epoch 19/500 - Train Loss: 0.0481, Train Accuracy: 0.9950, Test Loss: 0.2115, Test Accuracy: 0.9410
Epoch 20/500 - Train Loss: 0.0472, Train Accuracy: 0.9975, Test Loss: 0.2136, Test Accuracy: 0.9366
Epoch 21/500 - Train Loss: 0.0444, Train Accuracy: 0.9975, Test Loss: 0.2179, Test Accuracy: 0.9353

Early stopping triggered at epoch 21
Best test loss: 0.1945
Best test accuracy: 0.9462
Plot saved as trained_models/Sweep run/metrics/loss.png
Plot saved as trained_models/Sweep run/metrics/metrics.png
