Using GPU 0: NVIDIA GeForce RTX 3090
Epoch 1/500 - Train Loss: 2.0495, Train Accuracy: 0.2025, Test Loss: 1.9949, Test Accuracy: 0.2771
Epoch 2/500 - Train Loss: 1.7936, Train Accuracy: 0.3400, Test Loss: 1.7748, Test Accuracy: 0.4052
Epoch 3/500 - Train Loss: 1.5752, Train Accuracy: 0.5400, Test Loss: 1.5376, Test Accuracy: 0.5695
Epoch 4/500 - Train Loss: 1.4154, Train Accuracy: 0.6775, Test Loss: 1.3336, Test Accuracy: 0.7002
Epoch 5/500 - Train Loss: 1.2588, Train Accuracy: 0.7575, Test Loss: 1.1193, Test Accuracy: 0.7758
Epoch 6/500 - Train Loss: 1.0808, Train Accuracy: 0.8400, Test Loss: 0.9437, Test Accuracy: 0.8282
Epoch 7/500 - Train Loss: 0.9816, Train Accuracy: 0.8175, Test Loss: 0.8177, Test Accuracy: 0.8645
Epoch 8/500 - Train Loss: 0.8840, Train Accuracy: 0.8600, Test Loss: 0.7300, Test Accuracy: 0.8820
Epoch 9/500 - Train Loss: 0.8238, Train Accuracy: 0.8600, Test Loss: 0.6562, Test Accuracy: 0.9030
Epoch 10/500 - Train Loss: 0.7485, Train Accuracy: 0.8625, Test Loss: 0.5936, Test Accuracy: 0.9165
Epoch 11/500 - Train Loss: 0.6990, Train Accuracy: 0.8750, Test Loss: 0.5404, Test Accuracy: 0.9200
Epoch 12/500 - Train Loss: 0.6457, Train Accuracy: 0.8725, Test Loss: 0.5065, Test Accuracy: 0.9191
Epoch 13/500 - Train Loss: 0.5999, Train Accuracy: 0.9000, Test Loss: 0.4704, Test Accuracy: 0.9288
Epoch 14/500 - Train Loss: 0.5629, Train Accuracy: 0.8850, Test Loss: 0.4484, Test Accuracy: 0.9274
Epoch 15/500 - Train Loss: 0.5298, Train Accuracy: 0.9000, Test Loss: 0.4304, Test Accuracy: 0.9336
Epoch 16/500 - Train Loss: 0.5000, Train Accuracy: 0.9075, Test Loss: 0.4121, Test Accuracy: 0.9358
Epoch 17/500 - Train Loss: 0.5225, Train Accuracy: 0.8850, Test Loss: 0.3977, Test Accuracy: 0.9336
Epoch 18/500 - Train Loss: 0.4694, Train Accuracy: 0.9175, Test Loss: 0.3908, Test Accuracy: 0.9323
Epoch 19/500 - Train Loss: 0.4360, Train Accuracy: 0.9350, Test Loss: 0.3748, Test Accuracy: 0.9362
Epoch 20/500 - Train Loss: 0.4539, Train Accuracy: 0.9175, Test Loss: 0.3682, Test Accuracy: 0.9349
Epoch 21/500 - Train Loss: 0.4348, Train Accuracy: 0.9275, Test Loss: 0.3677, Test Accuracy: 0.9336
Epoch 22/500 - Train Loss: 0.4162, Train Accuracy: 0.9300, Test Loss: 0.3607, Test Accuracy: 0.9358
Epoch 23/500 - Train Loss: 0.3757, Train Accuracy: 0.9275, Test Loss: 0.3591, Test Accuracy: 0.9340
Epoch 24/500 - Train Loss: 0.3608, Train Accuracy: 0.9400, Test Loss: 0.3524, Test Accuracy: 0.9358
Epoch 25/500 - Train Loss: 0.3558, Train Accuracy: 0.9450, Test Loss: 0.3470, Test Accuracy: 0.9366
Epoch 26/500 - Train Loss: 0.3293, Train Accuracy: 0.9700, Test Loss: 0.3553, Test Accuracy: 0.9327
Epoch 27/500 - Train Loss: 0.3354, Train Accuracy: 0.9350, Test Loss: 0.3423, Test Accuracy: 0.9366
Epoch 28/500 - Train Loss: 0.3323, Train Accuracy: 0.9500, Test Loss: 0.3447, Test Accuracy: 0.9375
Epoch 29/500 - Train Loss: 0.3140, Train Accuracy: 0.9550, Test Loss: 0.3376, Test Accuracy: 0.9362
Epoch 30/500 - Train Loss: 0.3251, Train Accuracy: 0.9525, Test Loss: 0.3395, Test Accuracy: 0.9353
Epoch 31/500 - Train Loss: 0.2785, Train Accuracy: 0.9800, Test Loss: 0.3463, Test Accuracy: 0.9305
Epoch 32/500 - Train Loss: 0.2804, Train Accuracy: 0.9600, Test Loss: 0.3320, Test Accuracy: 0.9392
Epoch 33/500 - Train Loss: 0.2936, Train Accuracy: 0.9675, Test Loss: 0.3297, Test Accuracy: 0.9414
Epoch 34/500 - Train Loss: 0.2666, Train Accuracy: 0.9625, Test Loss: 0.3286, Test Accuracy: 0.9388
Epoch 35/500 - Train Loss: 0.3077, Train Accuracy: 0.9550, Test Loss: 0.3269, Test Accuracy: 0.9384
Epoch 36/500 - Train Loss: 0.2977, Train Accuracy: 0.9550, Test Loss: 0.3293, Test Accuracy: 0.9392
Epoch 37/500 - Train Loss: 0.2687, Train Accuracy: 0.9725, Test Loss: 0.3290, Test Accuracy: 0.9410
Epoch 38/500 - Train Loss: 0.2670, Train Accuracy: 0.9625, Test Loss: 0.3312, Test Accuracy: 0.9410
Epoch 39/500 - Train Loss: 0.2634, Train Accuracy: 0.9725, Test Loss: 0.3258, Test Accuracy: 0.9392
Epoch 40/500 - Train Loss: 0.2441, Train Accuracy: 0.9750, Test Loss: 0.3283, Test Accuracy: 0.9388
Epoch 41/500 - Train Loss: 0.2588, Train Accuracy: 0.9625, Test Loss: 0.3320, Test Accuracy: 0.9371
Epoch 42/500 - Train Loss: 0.2518, Train Accuracy: 0.9775, Test Loss: 0.3346, Test Accuracy: 0.9358
Epoch 43/500 - Train Loss: 0.2536, Train Accuracy: 0.9625, Test Loss: 0.3245, Test Accuracy: 0.9423
Epoch 44/500 - Train Loss: 0.2569, Train Accuracy: 0.9700, Test Loss: 0.3247, Test Accuracy: 0.9414
Epoch 45/500 - Train Loss: 0.2559, Train Accuracy: 0.9675, Test Loss: 0.3191, Test Accuracy: 0.9401
Epoch 46/500 - Train Loss: 0.2230, Train Accuracy: 0.9800, Test Loss: 0.3216, Test Accuracy: 0.9388
Epoch 47/500 - Train Loss: 0.2439, Train Accuracy: 0.9775, Test Loss: 0.3247, Test Accuracy: 0.9392
Epoch 48/500 - Train Loss: 0.2328, Train Accuracy: 0.9750, Test Loss: 0.3287, Test Accuracy: 0.9358
Epoch 49/500 - Train Loss: 0.2369, Train Accuracy: 0.9650, Test Loss: 0.3276, Test Accuracy: 0.9362
Epoch 50/500 - Train Loss: 0.2343, Train Accuracy: 0.9750, Test Loss: 0.3260, Test Accuracy: 0.9388
Epoch 51/500 - Train Loss: 0.2212, Train Accuracy: 0.9850, Test Loss: 0.3341, Test Accuracy: 0.9336
Epoch 52/500 - Train Loss: 0.2396, Train Accuracy: 0.9725, Test Loss: 0.3325, Test Accuracy: 0.9362
Epoch 53/500 - Train Loss: 0.2303, Train Accuracy: 0.9750, Test Loss: 0.3284, Test Accuracy: 0.9349
Epoch 54/500 - Train Loss: 0.2159, Train Accuracy: 0.9900, Test Loss: 0.3306, Test Accuracy: 0.9349
Epoch 55/500 - Train Loss: 0.2264, Train Accuracy: 0.9750, Test Loss: 0.3299, Test Accuracy: 0.9362
Epoch 56/500 - Train Loss: 0.2103, Train Accuracy: 0.9900, Test Loss: 0.3227, Test Accuracy: 0.9371
Epoch 57/500 - Train Loss: 0.2215, Train Accuracy: 0.9800, Test Loss: 0.3204, Test Accuracy: 0.9379
Epoch 58/500 - Train Loss: 0.2338, Train Accuracy: 0.9825, Test Loss: 0.3248, Test Accuracy: 0.9358
Epoch 59/500 - Train Loss: 0.2213, Train Accuracy: 0.9800, Test Loss: 0.3247, Test Accuracy: 0.9397
Epoch 60/500 - Train Loss: 0.2240, Train Accuracy: 0.9700, Test Loss: 0.3252, Test Accuracy: 0.9414

Early stopping triggered at epoch 60
Best test loss: 0.3191
Best test accuracy: 0.9423
Plot saved as trained_models/Sweep_data run/metrics/loss.png
Plot saved as trained_models/Sweep_data run/metrics/metrics.png
