Using GPU 0: NVIDIA GeForce RTX 3090
Epoch 1/500 - Train Loss: 1.9798, Train Accuracy: 0.2100, Test Loss: 1.9878, Test Accuracy: 0.2736
Epoch 2/500 - Train Loss: 1.7011, Train Accuracy: 0.4775, Test Loss: 1.6889, Test Accuracy: 0.5262
Epoch 3/500 - Train Loss: 1.4967, Train Accuracy: 0.6950, Test Loss: 1.4349, Test Accuracy: 0.7063
Epoch 4/500 - Train Loss: 1.3622, Train Accuracy: 0.7375, Test Loss: 1.2371, Test Accuracy: 0.7941
Epoch 5/500 - Train Loss: 1.2102, Train Accuracy: 0.8150, Test Loss: 1.0938, Test Accuracy: 0.8462
Epoch 6/500 - Train Loss: 1.0850, Train Accuracy: 0.8350, Test Loss: 0.9878, Test Accuracy: 0.8693
Epoch 7/500 - Train Loss: 0.9951, Train Accuracy: 0.8800, Test Loss: 0.8964, Test Accuracy: 0.8890
Epoch 8/500 - Train Loss: 0.9367, Train Accuracy: 0.8700, Test Loss: 0.8250, Test Accuracy: 0.9030
Epoch 9/500 - Train Loss: 0.8728, Train Accuracy: 0.8750, Test Loss: 0.7578, Test Accuracy: 0.9126
Epoch 10/500 - Train Loss: 0.7889, Train Accuracy: 0.9150, Test Loss: 0.7190, Test Accuracy: 0.9165
Epoch 11/500 - Train Loss: 0.7783, Train Accuracy: 0.8850, Test Loss: 0.6741, Test Accuracy: 0.9205
Epoch 12/500 - Train Loss: 0.7526, Train Accuracy: 0.9075, Test Loss: 0.6383, Test Accuracy: 0.9253
Epoch 13/500 - Train Loss: 0.6795, Train Accuracy: 0.9400, Test Loss: 0.6167, Test Accuracy: 0.9309
Epoch 14/500 - Train Loss: 0.6632, Train Accuracy: 0.9375, Test Loss: 0.5926, Test Accuracy: 0.9375
Epoch 15/500 - Train Loss: 0.6200, Train Accuracy: 0.9500, Test Loss: 0.5764, Test Accuracy: 0.9371
Epoch 16/500 - Train Loss: 0.6115, Train Accuracy: 0.9375, Test Loss: 0.5583, Test Accuracy: 0.9388
Epoch 17/500 - Train Loss: 0.6126, Train Accuracy: 0.9375, Test Loss: 0.5478, Test Accuracy: 0.9397
Epoch 18/500 - Train Loss: 0.5694, Train Accuracy: 0.9575, Test Loss: 0.5412, Test Accuracy: 0.9388
Epoch 19/500 - Train Loss: 0.5533, Train Accuracy: 0.9575, Test Loss: 0.5218, Test Accuracy: 0.9423
Epoch 20/500 - Train Loss: 0.5519, Train Accuracy: 0.9450, Test Loss: 0.5162, Test Accuracy: 0.9414
Epoch 21/500 - Train Loss: 0.5318, Train Accuracy: 0.9525, Test Loss: 0.5198, Test Accuracy: 0.9388
Epoch 22/500 - Train Loss: 0.5191, Train Accuracy: 0.9450, Test Loss: 0.5155, Test Accuracy: 0.9375
Epoch 23/500 - Train Loss: 0.5084, Train Accuracy: 0.9600, Test Loss: 0.4975, Test Accuracy: 0.9467
Epoch 24/500 - Train Loss: 0.4848, Train Accuracy: 0.9675, Test Loss: 0.4927, Test Accuracy: 0.9427
Epoch 25/500 - Train Loss: 0.4818, Train Accuracy: 0.9650, Test Loss: 0.4831, Test Accuracy: 0.9489
Epoch 26/500 - Train Loss: 0.4769, Train Accuracy: 0.9675, Test Loss: 0.4863, Test Accuracy: 0.9445
Epoch 27/500 - Train Loss: 0.4713, Train Accuracy: 0.9650, Test Loss: 0.4797, Test Accuracy: 0.9467
Epoch 28/500 - Train Loss: 0.4745, Train Accuracy: 0.9500, Test Loss: 0.4810, Test Accuracy: 0.9458
Epoch 29/500 - Train Loss: 0.4606, Train Accuracy: 0.9675, Test Loss: 0.4721, Test Accuracy: 0.9493
Epoch 30/500 - Train Loss: 0.4432, Train Accuracy: 0.9700, Test Loss: 0.4692, Test Accuracy: 0.9493
Epoch 31/500 - Train Loss: 0.4399, Train Accuracy: 0.9800, Test Loss: 0.4642, Test Accuracy: 0.9515
Epoch 32/500 - Train Loss: 0.4293, Train Accuracy: 0.9700, Test Loss: 0.4604, Test Accuracy: 0.9515
Epoch 33/500 - Train Loss: 0.4379, Train Accuracy: 0.9725, Test Loss: 0.4639, Test Accuracy: 0.9471
Epoch 34/500 - Train Loss: 0.4230, Train Accuracy: 0.9800, Test Loss: 0.4646, Test Accuracy: 0.9493
Epoch 35/500 - Train Loss: 0.4286, Train Accuracy: 0.9750, Test Loss: 0.4680, Test Accuracy: 0.9449
Epoch 36/500 - Train Loss: 0.4183, Train Accuracy: 0.9800, Test Loss: 0.4660, Test Accuracy: 0.9441
Epoch 37/500 - Train Loss: 0.4279, Train Accuracy: 0.9700, Test Loss: 0.4631, Test Accuracy: 0.9471
Epoch 38/500 - Train Loss: 0.4187, Train Accuracy: 0.9675, Test Loss: 0.4598, Test Accuracy: 0.9484
Epoch 39/500 - Train Loss: 0.4165, Train Accuracy: 0.9750, Test Loss: 0.4589, Test Accuracy: 0.9489
Epoch 40/500 - Train Loss: 0.4064, Train Accuracy: 0.9850, Test Loss: 0.4589, Test Accuracy: 0.9476
Epoch 41/500 - Train Loss: 0.4171, Train Accuracy: 0.9775, Test Loss: 0.4584, Test Accuracy: 0.9454
Epoch 42/500 - Train Loss: 0.3925, Train Accuracy: 0.9800, Test Loss: 0.4591, Test Accuracy: 0.9467
Epoch 43/500 - Train Loss: 0.3981, Train Accuracy: 0.9825, Test Loss: 0.4582, Test Accuracy: 0.9476
Epoch 44/500 - Train Loss: 0.3972, Train Accuracy: 0.9800, Test Loss: 0.4531, Test Accuracy: 0.9519
Epoch 45/500 - Train Loss: 0.3972, Train Accuracy: 0.9775, Test Loss: 0.4612, Test Accuracy: 0.9449
Epoch 46/500 - Train Loss: 0.3786, Train Accuracy: 0.9925, Test Loss: 0.4483, Test Accuracy: 0.9506
Epoch 47/500 - Train Loss: 0.3901, Train Accuracy: 0.9775, Test Loss: 0.4495, Test Accuracy: 0.9484
Epoch 48/500 - Train Loss: 0.3766, Train Accuracy: 0.9875, Test Loss: 0.4564, Test Accuracy: 0.9436
Epoch 49/500 - Train Loss: 0.3871, Train Accuracy: 0.9800, Test Loss: 0.4521, Test Accuracy: 0.9467
Epoch 50/500 - Train Loss: 0.3823, Train Accuracy: 0.9875, Test Loss: 0.4507, Test Accuracy: 0.9493
Epoch 51/500 - Train Loss: 0.3926, Train Accuracy: 0.9800, Test Loss: 0.4529, Test Accuracy: 0.9489
Epoch 52/500 - Train Loss: 0.3638, Train Accuracy: 0.9900, Test Loss: 0.4566, Test Accuracy: 0.9493
Epoch 53/500 - Train Loss: 0.3684, Train Accuracy: 0.9925, Test Loss: 0.4485, Test Accuracy: 0.9480
Epoch 54/500 - Train Loss: 0.3908, Train Accuracy: 0.9825, Test Loss: 0.4506, Test Accuracy: 0.9497
Epoch 55/500 - Train Loss: 0.3604, Train Accuracy: 0.9900, Test Loss: 0.4489, Test Accuracy: 0.9502
Epoch 56/500 - Train Loss: 0.3657, Train Accuracy: 0.9925, Test Loss: 0.4510, Test Accuracy: 0.9445
Epoch 57/500 - Train Loss: 0.3683, Train Accuracy: 0.9900, Test Loss: 0.4529, Test Accuracy: 0.9458
Epoch 58/500 - Train Loss: 0.3700, Train Accuracy: 0.9850, Test Loss: 0.4500, Test Accuracy: 0.9441
Epoch 59/500 - Train Loss: 0.3541, Train Accuracy: 0.9950, Test Loss: 0.4479, Test Accuracy: 0.9471
Epoch 60/500 - Train Loss: 0.3801, Train Accuracy: 0.9800, Test Loss: 0.4553, Test Accuracy: 0.9458
Epoch 61/500 - Train Loss: 0.3608, Train Accuracy: 0.9900, Test Loss: 0.4603, Test Accuracy: 0.9406

Early stopping triggered at epoch 61
Best test loss: 0.4479
Best test accuracy: 0.9519
Plot saved as trained_models/Sweep_data run/metrics/loss.png
Plot saved as trained_models/Sweep_data run/metrics/metrics.png
