Using GPU 0: NVIDIA GeForce RTX 3090
Epoch 1/500 - Train Loss: 2.0431, Train Accuracy: 0.1775, Test Loss: 2.0235, Test Accuracy: 0.2408
Epoch 2/500 - Train Loss: 1.8444, Train Accuracy: 0.3275, Test Loss: 1.7985, Test Accuracy: 0.4698
Epoch 3/500 - Train Loss: 1.6684, Train Accuracy: 0.4650, Test Loss: 1.5747, Test Accuracy: 0.6167
Epoch 4/500 - Train Loss: 1.4895, Train Accuracy: 0.6400, Test Loss: 1.3666, Test Accuracy: 0.7207
Epoch 5/500 - Train Loss: 1.3302, Train Accuracy: 0.7500, Test Loss: 1.1981, Test Accuracy: 0.8020
Epoch 6/500 - Train Loss: 1.2599, Train Accuracy: 0.7050, Test Loss: 1.0542, Test Accuracy: 0.8309
Epoch 7/500 - Train Loss: 1.1148, Train Accuracy: 0.8100, Test Loss: 0.9320, Test Accuracy: 0.8545
Epoch 8/500 - Train Loss: 1.0073, Train Accuracy: 0.8075, Test Loss: 0.8337, Test Accuracy: 0.8741
Epoch 9/500 - Train Loss: 0.9261, Train Accuracy: 0.8250, Test Loss: 0.7570, Test Accuracy: 0.8767
Epoch 10/500 - Train Loss: 0.8603, Train Accuracy: 0.8350, Test Loss: 0.6902, Test Accuracy: 0.8885
Epoch 11/500 - Train Loss: 0.7845, Train Accuracy: 0.8450, Test Loss: 0.6079, Test Accuracy: 0.9038
Epoch 12/500 - Train Loss: 0.7861, Train Accuracy: 0.8375, Test Loss: 0.5661, Test Accuracy: 0.9126
Epoch 13/500 - Train Loss: 0.6893, Train Accuracy: 0.8700, Test Loss: 0.5149, Test Accuracy: 0.9148
Epoch 14/500 - Train Loss: 0.6472, Train Accuracy: 0.8650, Test Loss: 0.4846, Test Accuracy: 0.9200
Epoch 15/500 - Train Loss: 0.6713, Train Accuracy: 0.8500, Test Loss: 0.4629, Test Accuracy: 0.9187
Epoch 16/500 - Train Loss: 0.5582, Train Accuracy: 0.9050, Test Loss: 0.4339, Test Accuracy: 0.9235
Epoch 17/500 - Train Loss: 0.5594, Train Accuracy: 0.8850, Test Loss: 0.4087, Test Accuracy: 0.9301
Epoch 18/500 - Train Loss: 0.5414, Train Accuracy: 0.8850, Test Loss: 0.3961, Test Accuracy: 0.9283
Epoch 19/500 - Train Loss: 0.5051, Train Accuracy: 0.9150, Test Loss: 0.3952, Test Accuracy: 0.9248
Epoch 20/500 - Train Loss: 0.5433, Train Accuracy: 0.8625, Test Loss: 0.3848, Test Accuracy: 0.9266
Epoch 21/500 - Train Loss: 0.5194, Train Accuracy: 0.8975, Test Loss: 0.3692, Test Accuracy: 0.9336
Epoch 22/500 - Train Loss: 0.4540, Train Accuracy: 0.9125, Test Loss: 0.3612, Test Accuracy: 0.9353
Epoch 23/500 - Train Loss: 0.4340, Train Accuracy: 0.9175, Test Loss: 0.3547, Test Accuracy: 0.9362
Epoch 24/500 - Train Loss: 0.4197, Train Accuracy: 0.9325, Test Loss: 0.3611, Test Accuracy: 0.9292
Epoch 25/500 - Train Loss: 0.4583, Train Accuracy: 0.9175, Test Loss: 0.3573, Test Accuracy: 0.9279
Epoch 26/500 - Train Loss: 0.4016, Train Accuracy: 0.9250, Test Loss: 0.3485, Test Accuracy: 0.9336
Epoch 27/500 - Train Loss: 0.3720, Train Accuracy: 0.9275, Test Loss: 0.3494, Test Accuracy: 0.9349
Epoch 28/500 - Train Loss: 0.3458, Train Accuracy: 0.9375, Test Loss: 0.3423, Test Accuracy: 0.9340
Epoch 29/500 - Train Loss: 0.3788, Train Accuracy: 0.9325, Test Loss: 0.3388, Test Accuracy: 0.9353
Epoch 30/500 - Train Loss: 0.3679, Train Accuracy: 0.9375, Test Loss: 0.3349, Test Accuracy: 0.9358
Epoch 31/500 - Train Loss: 0.3563, Train Accuracy: 0.9375, Test Loss: 0.3273, Test Accuracy: 0.9406
Epoch 32/500 - Train Loss: 0.3624, Train Accuracy: 0.9400, Test Loss: 0.3267, Test Accuracy: 0.9392
Epoch 33/500 - Train Loss: 0.3488, Train Accuracy: 0.9400, Test Loss: 0.3308, Test Accuracy: 0.9388
Epoch 34/500 - Train Loss: 0.3317, Train Accuracy: 0.9450, Test Loss: 0.3319, Test Accuracy: 0.9379
Epoch 35/500 - Train Loss: 0.3468, Train Accuracy: 0.9550, Test Loss: 0.3258, Test Accuracy: 0.9410
Epoch 36/500 - Train Loss: 0.3146, Train Accuracy: 0.9600, Test Loss: 0.3281, Test Accuracy: 0.9353
Epoch 37/500 - Train Loss: 0.3269, Train Accuracy: 0.9525, Test Loss: 0.3218, Test Accuracy: 0.9401
Epoch 38/500 - Train Loss: 0.3201, Train Accuracy: 0.9450, Test Loss: 0.3278, Test Accuracy: 0.9371
Epoch 39/500 - Train Loss: 0.2823, Train Accuracy: 0.9650, Test Loss: 0.3191, Test Accuracy: 0.9419
Epoch 40/500 - Train Loss: 0.2723, Train Accuracy: 0.9700, Test Loss: 0.3209, Test Accuracy: 0.9401
Epoch 41/500 - Train Loss: 0.3065, Train Accuracy: 0.9500, Test Loss: 0.3197, Test Accuracy: 0.9410
Epoch 42/500 - Train Loss: 0.2808, Train Accuracy: 0.9650, Test Loss: 0.3334, Test Accuracy: 0.9379
Epoch 43/500 - Train Loss: 0.2694, Train Accuracy: 0.9675, Test Loss: 0.3232, Test Accuracy: 0.9423
Epoch 44/500 - Train Loss: 0.2869, Train Accuracy: 0.9625, Test Loss: 0.3144, Test Accuracy: 0.9414
Epoch 45/500 - Train Loss: 0.2798, Train Accuracy: 0.9625, Test Loss: 0.3100, Test Accuracy: 0.9445
Epoch 46/500 - Train Loss: 0.2756, Train Accuracy: 0.9600, Test Loss: 0.3102, Test Accuracy: 0.9414
Epoch 47/500 - Train Loss: 0.2651, Train Accuracy: 0.9600, Test Loss: 0.3113, Test Accuracy: 0.9432
Epoch 48/500 - Train Loss: 0.2635, Train Accuracy: 0.9575, Test Loss: 0.3113, Test Accuracy: 0.9423
Epoch 49/500 - Train Loss: 0.2554, Train Accuracy: 0.9675, Test Loss: 0.3136, Test Accuracy: 0.9414
Epoch 50/500 - Train Loss: 0.2536, Train Accuracy: 0.9700, Test Loss: 0.3169, Test Accuracy: 0.9384
Epoch 51/500 - Train Loss: 0.2720, Train Accuracy: 0.9675, Test Loss: 0.3090, Test Accuracy: 0.9432
Epoch 52/500 - Train Loss: 0.2590, Train Accuracy: 0.9675, Test Loss: 0.3130, Test Accuracy: 0.9432
Epoch 53/500 - Train Loss: 0.2892, Train Accuracy: 0.9550, Test Loss: 0.3080, Test Accuracy: 0.9427
Epoch 54/500 - Train Loss: 0.2697, Train Accuracy: 0.9650, Test Loss: 0.3129, Test Accuracy: 0.9414
Epoch 55/500 - Train Loss: 0.2563, Train Accuracy: 0.9750, Test Loss: 0.3140, Test Accuracy: 0.9410
Epoch 56/500 - Train Loss: 0.2325, Train Accuracy: 0.9825, Test Loss: 0.3210, Test Accuracy: 0.9366
Epoch 57/500 - Train Loss: 0.2412, Train Accuracy: 0.9675, Test Loss: 0.3187, Test Accuracy: 0.9340
Epoch 58/500 - Train Loss: 0.2770, Train Accuracy: 0.9575, Test Loss: 0.3296, Test Accuracy: 0.9323
Epoch 59/500 - Train Loss: 0.2466, Train Accuracy: 0.9800, Test Loss: 0.3205, Test Accuracy: 0.9379
Epoch 60/500 - Train Loss: 0.2512, Train Accuracy: 0.9550, Test Loss: 0.3102, Test Accuracy: 0.9441
Epoch 61/500 - Train Loss: 0.2224, Train Accuracy: 0.9900, Test Loss: 0.3142, Test Accuracy: 0.9401
Epoch 62/500 - Train Loss: 0.2601, Train Accuracy: 0.9550, Test Loss: 0.3112, Test Accuracy: 0.9427
Epoch 63/500 - Train Loss: 0.2068, Train Accuracy: 0.9875, Test Loss: 0.3065, Test Accuracy: 0.9471
Epoch 64/500 - Train Loss: 0.2559, Train Accuracy: 0.9575, Test Loss: 0.3119, Test Accuracy: 0.9401
Epoch 65/500 - Train Loss: 0.2320, Train Accuracy: 0.9650, Test Loss: 0.3334, Test Accuracy: 0.9331
Epoch 66/500 - Train Loss: 0.2187, Train Accuracy: 0.9750, Test Loss: 0.3255, Test Accuracy: 0.9353
Epoch 67/500 - Train Loss: 0.2037, Train Accuracy: 0.9825, Test Loss: 0.3240, Test Accuracy: 0.9318
Epoch 68/500 - Train Loss: 0.2547, Train Accuracy: 0.9650, Test Loss: 0.3063, Test Accuracy: 0.9458
Epoch 69/500 - Train Loss: 0.2190, Train Accuracy: 0.9725, Test Loss: 0.3042, Test Accuracy: 0.9458
Epoch 70/500 - Train Loss: 0.2185, Train Accuracy: 0.9775, Test Loss: 0.3163, Test Accuracy: 0.9379
Epoch 71/500 - Train Loss: 0.2233, Train Accuracy: 0.9625, Test Loss: 0.3127, Test Accuracy: 0.9406
Epoch 72/500 - Train Loss: 0.2287, Train Accuracy: 0.9675, Test Loss: 0.3193, Test Accuracy: 0.9414
Epoch 73/500 - Train Loss: 0.2109, Train Accuracy: 0.9850, Test Loss: 0.3182, Test Accuracy: 0.9419
Epoch 74/500 - Train Loss: 0.2167, Train Accuracy: 0.9825, Test Loss: 0.3179, Test Accuracy: 0.9397
Epoch 75/500 - Train Loss: 0.2053, Train Accuracy: 0.9875, Test Loss: 0.3154, Test Accuracy: 0.9388
Epoch 76/500 - Train Loss: 0.2389, Train Accuracy: 0.9600, Test Loss: 0.3175, Test Accuracy: 0.9384
Epoch 77/500 - Train Loss: 0.2097, Train Accuracy: 0.9800, Test Loss: 0.3190, Test Accuracy: 0.9392
Epoch 78/500 - Train Loss: 0.1950, Train Accuracy: 0.9775, Test Loss: 0.3223, Test Accuracy: 0.9414
Epoch 79/500 - Train Loss: 0.2150, Train Accuracy: 0.9825, Test Loss: 0.3255, Test Accuracy: 0.9353
Epoch 80/500 - Train Loss: 0.2077, Train Accuracy: 0.9775, Test Loss: 0.3227, Test Accuracy: 0.9392
Epoch 81/500 - Train Loss: 0.2067, Train Accuracy: 0.9850, Test Loss: 0.3300, Test Accuracy: 0.9331
Epoch 82/500 - Train Loss: 0.2014, Train Accuracy: 0.9850, Test Loss: 0.3246, Test Accuracy: 0.9331
Epoch 83/500 - Train Loss: 0.1982, Train Accuracy: 0.9850, Test Loss: 0.3312, Test Accuracy: 0.9331
Epoch 84/500 - Train Loss: 0.2264, Train Accuracy: 0.9750, Test Loss: 0.3256, Test Accuracy: 0.9336

Early stopping triggered at epoch 84
Best test loss: 0.3042
Best test accuracy: 0.9471
Plot saved as trained_models/Sweep_data run/metrics/loss.png
Plot saved as trained_models/Sweep_data run/metrics/metrics.png
