Using GPU 0: NVIDIA GeForce RTX 3090
Epoch 1/500 - Train Loss: 2.0159, Train Accuracy: 0.2450, Test Loss: 2.0069, Test Accuracy: 0.2539
Epoch 2/500 - Train Loss: 1.7942, Train Accuracy: 0.4450, Test Loss: 1.7587, Test Accuracy: 0.5323
Epoch 3/500 - Train Loss: 1.6434, Train Accuracy: 0.5350, Test Loss: 1.6152, Test Accuracy: 0.5962
Epoch 4/500 - Train Loss: 1.5118, Train Accuracy: 0.6275, Test Loss: 1.4861, Test Accuracy: 0.6853
Epoch 5/500 - Train Loss: 1.3863, Train Accuracy: 0.7400, Test Loss: 1.3774, Test Accuracy: 0.7251
Epoch 6/500 - Train Loss: 1.2952, Train Accuracy: 0.7500, Test Loss: 1.2918, Test Accuracy: 0.7688
Epoch 7/500 - Train Loss: 1.2134, Train Accuracy: 0.7550, Test Loss: 1.2084, Test Accuracy: 0.7998
Epoch 8/500 - Train Loss: 1.1544, Train Accuracy: 0.7925, Test Loss: 1.1498, Test Accuracy: 0.8108
Epoch 9/500 - Train Loss: 1.0891, Train Accuracy: 0.8025, Test Loss: 1.0724, Test Accuracy: 0.8352
Epoch 10/500 - Train Loss: 1.0342, Train Accuracy: 0.8100, Test Loss: 0.9928, Test Accuracy: 0.8483
Epoch 11/500 - Train Loss: 0.9573, Train Accuracy: 0.8450, Test Loss: 0.9236, Test Accuracy: 0.8623
Epoch 12/500 - Train Loss: 0.9196, Train Accuracy: 0.8675, Test Loss: 0.8964, Test Accuracy: 0.8575
Epoch 13/500 - Train Loss: 0.8778, Train Accuracy: 0.8500, Test Loss: 0.8456, Test Accuracy: 0.8789
Epoch 14/500 - Train Loss: 0.8537, Train Accuracy: 0.8725, Test Loss: 0.8136, Test Accuracy: 0.8885
Epoch 15/500 - Train Loss: 0.7942, Train Accuracy: 0.8725, Test Loss: 0.7610, Test Accuracy: 0.8986
Epoch 16/500 - Train Loss: 0.7606, Train Accuracy: 0.8750, Test Loss: 0.7289, Test Accuracy: 0.8982
Epoch 17/500 - Train Loss: 0.7636, Train Accuracy: 0.8650, Test Loss: 0.7145, Test Accuracy: 0.8990
Epoch 18/500 - Train Loss: 0.7097, Train Accuracy: 0.8825, Test Loss: 0.6796, Test Accuracy: 0.9091
Epoch 19/500 - Train Loss: 0.6782, Train Accuracy: 0.9100, Test Loss: 0.6648, Test Accuracy: 0.9060
Epoch 20/500 - Train Loss: 0.6687, Train Accuracy: 0.9100, Test Loss: 0.6342, Test Accuracy: 0.9122
Epoch 21/500 - Train Loss: 0.6912, Train Accuracy: 0.8750, Test Loss: 0.6152, Test Accuracy: 0.9135
Epoch 22/500 - Train Loss: 0.6794, Train Accuracy: 0.8975, Test Loss: 0.6035, Test Accuracy: 0.9170
Epoch 23/500 - Train Loss: 0.6588, Train Accuracy: 0.9025, Test Loss: 0.5858, Test Accuracy: 0.9226
Epoch 24/500 - Train Loss: 0.5802, Train Accuracy: 0.9250, Test Loss: 0.5827, Test Accuracy: 0.9200
Epoch 25/500 - Train Loss: 0.6289, Train Accuracy: 0.9050, Test Loss: 0.5680, Test Accuracy: 0.9205
Epoch 26/500 - Train Loss: 0.6104, Train Accuracy: 0.9050, Test Loss: 0.5684, Test Accuracy: 0.9187
Epoch 27/500 - Train Loss: 0.6214, Train Accuracy: 0.9050, Test Loss: 0.5539, Test Accuracy: 0.9226
Epoch 28/500 - Train Loss: 0.6299, Train Accuracy: 0.9000, Test Loss: 0.5470, Test Accuracy: 0.9257
Epoch 29/500 - Train Loss: 0.5467, Train Accuracy: 0.9325, Test Loss: 0.5398, Test Accuracy: 0.9279
Epoch 30/500 - Train Loss: 0.5900, Train Accuracy: 0.8925, Test Loss: 0.5340, Test Accuracy: 0.9314
Epoch 31/500 - Train Loss: 0.5730, Train Accuracy: 0.9325, Test Loss: 0.5345, Test Accuracy: 0.9248
Epoch 32/500 - Train Loss: 0.5652, Train Accuracy: 0.9125, Test Loss: 0.5282, Test Accuracy: 0.9288
Epoch 33/500 - Train Loss: 0.5189, Train Accuracy: 0.9525, Test Loss: 0.5257, Test Accuracy: 0.9296
Epoch 34/500 - Train Loss: 0.5079, Train Accuracy: 0.9425, Test Loss: 0.5173, Test Accuracy: 0.9318
Epoch 35/500 - Train Loss: 0.5313, Train Accuracy: 0.9250, Test Loss: 0.5101, Test Accuracy: 0.9336
Epoch 36/500 - Train Loss: 0.5512, Train Accuracy: 0.9125, Test Loss: 0.5143, Test Accuracy: 0.9305
Epoch 37/500 - Train Loss: 0.5587, Train Accuracy: 0.9200, Test Loss: 0.5091, Test Accuracy: 0.9288
Epoch 38/500 - Train Loss: 0.5104, Train Accuracy: 0.9400, Test Loss: 0.5003, Test Accuracy: 0.9327
Epoch 39/500 - Train Loss: 0.4813, Train Accuracy: 0.9550, Test Loss: 0.4976, Test Accuracy: 0.9331
Epoch 40/500 - Train Loss: 0.5192, Train Accuracy: 0.9300, Test Loss: 0.4995, Test Accuracy: 0.9344
Epoch 41/500 - Train Loss: 0.5117, Train Accuracy: 0.9275, Test Loss: 0.4924, Test Accuracy: 0.9358
Epoch 42/500 - Train Loss: 0.4992, Train Accuracy: 0.9400, Test Loss: 0.4934, Test Accuracy: 0.9344
Epoch 43/500 - Train Loss: 0.4544, Train Accuracy: 0.9575, Test Loss: 0.4834, Test Accuracy: 0.9397
Epoch 44/500 - Train Loss: 0.4993, Train Accuracy: 0.9225, Test Loss: 0.4856, Test Accuracy: 0.9371
Epoch 45/500 - Train Loss: 0.4639, Train Accuracy: 0.9525, Test Loss: 0.4897, Test Accuracy: 0.9318
Epoch 46/500 - Train Loss: 0.4432, Train Accuracy: 0.9650, Test Loss: 0.4882, Test Accuracy: 0.9331
Epoch 47/500 - Train Loss: 0.4852, Train Accuracy: 0.9425, Test Loss: 0.4859, Test Accuracy: 0.9336
Epoch 48/500 - Train Loss: 0.4774, Train Accuracy: 0.9525, Test Loss: 0.4839, Test Accuracy: 0.9336
Epoch 49/500 - Train Loss: 0.4764, Train Accuracy: 0.9475, Test Loss: 0.4785, Test Accuracy: 0.9375
Epoch 50/500 - Train Loss: 0.4443, Train Accuracy: 0.9550, Test Loss: 0.4780, Test Accuracy: 0.9401
Epoch 51/500 - Train Loss: 0.4660, Train Accuracy: 0.9575, Test Loss: 0.4753, Test Accuracy: 0.9392
Epoch 52/500 - Train Loss: 0.4593, Train Accuracy: 0.9575, Test Loss: 0.4744, Test Accuracy: 0.9384
Epoch 53/500 - Train Loss: 0.4754, Train Accuracy: 0.9625, Test Loss: 0.4817, Test Accuracy: 0.9362
Epoch 54/500 - Train Loss: 0.4887, Train Accuracy: 0.9500, Test Loss: 0.4769, Test Accuracy: 0.9371
Epoch 55/500 - Train Loss: 0.4617, Train Accuracy: 0.9475, Test Loss: 0.4754, Test Accuracy: 0.9388
Epoch 56/500 - Train Loss: 0.4338, Train Accuracy: 0.9600, Test Loss: 0.4726, Test Accuracy: 0.9375
Epoch 57/500 - Train Loss: 0.4305, Train Accuracy: 0.9725, Test Loss: 0.4776, Test Accuracy: 0.9353
Epoch 58/500 - Train Loss: 0.4430, Train Accuracy: 0.9650, Test Loss: 0.4710, Test Accuracy: 0.9392
Epoch 59/500 - Train Loss: 0.4472, Train Accuracy: 0.9700, Test Loss: 0.4760, Test Accuracy: 0.9371
Epoch 60/500 - Train Loss: 0.4257, Train Accuracy: 0.9725, Test Loss: 0.4751, Test Accuracy: 0.9375
Epoch 61/500 - Train Loss: 0.4709, Train Accuracy: 0.9575, Test Loss: 0.4734, Test Accuracy: 0.9371
Epoch 62/500 - Train Loss: 0.4312, Train Accuracy: 0.9625, Test Loss: 0.4703, Test Accuracy: 0.9371
Epoch 63/500 - Train Loss: 0.4589, Train Accuracy: 0.9500, Test Loss: 0.4727, Test Accuracy: 0.9397
Epoch 64/500 - Train Loss: 0.4626, Train Accuracy: 0.9550, Test Loss: 0.4774, Test Accuracy: 0.9366
Epoch 65/500 - Train Loss: 0.4199, Train Accuracy: 0.9625, Test Loss: 0.4785, Test Accuracy: 0.9353
Epoch 66/500 - Train Loss: 0.3871, Train Accuracy: 0.9800, Test Loss: 0.4777, Test Accuracy: 0.9384
Epoch 67/500 - Train Loss: 0.4243, Train Accuracy: 0.9675, Test Loss: 0.4746, Test Accuracy: 0.9392
Epoch 68/500 - Train Loss: 0.4267, Train Accuracy: 0.9700, Test Loss: 0.4781, Test Accuracy: 0.9362
Epoch 69/500 - Train Loss: 0.4156, Train Accuracy: 0.9750, Test Loss: 0.4714, Test Accuracy: 0.9371
Epoch 70/500 - Train Loss: 0.4210, Train Accuracy: 0.9650, Test Loss: 0.4738, Test Accuracy: 0.9371
Epoch 71/500 - Train Loss: 0.3999, Train Accuracy: 0.9775, Test Loss: 0.4690, Test Accuracy: 0.9401
Epoch 72/500 - Train Loss: 0.4035, Train Accuracy: 0.9775, Test Loss: 0.4730, Test Accuracy: 0.9353
Epoch 73/500 - Train Loss: 0.4269, Train Accuracy: 0.9650, Test Loss: 0.4713, Test Accuracy: 0.9358
Epoch 74/500 - Train Loss: 0.4303, Train Accuracy: 0.9650, Test Loss: 0.4720, Test Accuracy: 0.9388
Epoch 75/500 - Train Loss: 0.4018, Train Accuracy: 0.9725, Test Loss: 0.4721, Test Accuracy: 0.9371
Epoch 76/500 - Train Loss: 0.4001, Train Accuracy: 0.9750, Test Loss: 0.4719, Test Accuracy: 0.9401
Epoch 77/500 - Train Loss: 0.4071, Train Accuracy: 0.9825, Test Loss: 0.4779, Test Accuracy: 0.9349
Epoch 78/500 - Train Loss: 0.3983, Train Accuracy: 0.9775, Test Loss: 0.4798, Test Accuracy: 0.9323
Epoch 79/500 - Train Loss: 0.4064, Train Accuracy: 0.9700, Test Loss: 0.4734, Test Accuracy: 0.9344
Epoch 80/500 - Train Loss: 0.4304, Train Accuracy: 0.9575, Test Loss: 0.4680, Test Accuracy: 0.9401
Epoch 81/500 - Train Loss: 0.4384, Train Accuracy: 0.9625, Test Loss: 0.4714, Test Accuracy: 0.9371
Epoch 82/500 - Train Loss: 0.4224, Train Accuracy: 0.9575, Test Loss: 0.4639, Test Accuracy: 0.9414
Epoch 83/500 - Train Loss: 0.4022, Train Accuracy: 0.9675, Test Loss: 0.4677, Test Accuracy: 0.9410
Epoch 84/500 - Train Loss: 0.3963, Train Accuracy: 0.9725, Test Loss: 0.4721, Test Accuracy: 0.9362
Epoch 85/500 - Train Loss: 0.3783, Train Accuracy: 0.9775, Test Loss: 0.4671, Test Accuracy: 0.9375
Epoch 86/500 - Train Loss: 0.4178, Train Accuracy: 0.9550, Test Loss: 0.4698, Test Accuracy: 0.9375
Epoch 87/500 - Train Loss: 0.4151, Train Accuracy: 0.9575, Test Loss: 0.4714, Test Accuracy: 0.9384
Epoch 88/500 - Train Loss: 0.4355, Train Accuracy: 0.9600, Test Loss: 0.4783, Test Accuracy: 0.9358
Epoch 89/500 - Train Loss: 0.4043, Train Accuracy: 0.9725, Test Loss: 0.4742, Test Accuracy: 0.9366
Epoch 90/500 - Train Loss: 0.3895, Train Accuracy: 0.9850, Test Loss: 0.4699, Test Accuracy: 0.9375
Epoch 91/500 - Train Loss: 0.4166, Train Accuracy: 0.9700, Test Loss: 0.4680, Test Accuracy: 0.9406
Epoch 92/500 - Train Loss: 0.4737, Train Accuracy: 0.9425, Test Loss: 0.4757, Test Accuracy: 0.9336
Epoch 93/500 - Train Loss: 0.4228, Train Accuracy: 0.9650, Test Loss: 0.4735, Test Accuracy: 0.9353
Epoch 94/500 - Train Loss: 0.3715, Train Accuracy: 0.9825, Test Loss: 0.4681, Test Accuracy: 0.9379
Epoch 95/500 - Train Loss: 0.3884, Train Accuracy: 0.9825, Test Loss: 0.4691, Test Accuracy: 0.9366
Epoch 96/500 - Train Loss: 0.4112, Train Accuracy: 0.9700, Test Loss: 0.4718, Test Accuracy: 0.9366
Epoch 97/500 - Train Loss: 0.3731, Train Accuracy: 0.9825, Test Loss: 0.4682, Test Accuracy: 0.9366

Early stopping triggered at epoch 97
Best test loss: 0.4639
Best test accuracy: 0.9414
Plot saved as trained_models/Sweep_data run/metrics/loss.png
Plot saved as trained_models/Sweep_data run/metrics/metrics.png
