Using GPU 0: NVIDIA GeForce RTX 3090
Epoch 1/500 - Train Loss: 2.1097, Train Accuracy: 0.1425, Test Loss: 2.1055, Test Accuracy: 0.1407
Epoch 2/500 - Train Loss: 1.8760, Train Accuracy: 0.3100, Test Loss: 1.8895, Test Accuracy: 0.3156
Epoch 3/500 - Train Loss: 1.6804, Train Accuracy: 0.4725, Test Loss: 1.6550, Test Accuracy: 0.4698
Epoch 4/500 - Train Loss: 1.5291, Train Accuracy: 0.5900, Test Loss: 1.4334, Test Accuracy: 0.6281
Epoch 5/500 - Train Loss: 1.3783, Train Accuracy: 0.6800, Test Loss: 1.2582, Test Accuracy: 0.7142
Epoch 6/500 - Train Loss: 1.2195, Train Accuracy: 0.7575, Test Loss: 1.1047, Test Accuracy: 0.7631
Epoch 7/500 - Train Loss: 1.1112, Train Accuracy: 0.7800, Test Loss: 0.9896, Test Accuracy: 0.7955
Epoch 8/500 - Train Loss: 0.9686, Train Accuracy: 0.8400, Test Loss: 0.8757, Test Accuracy: 0.8300
Epoch 9/500 - Train Loss: 0.8979, Train Accuracy: 0.8400, Test Loss: 0.7869, Test Accuracy: 0.8488
Epoch 10/500 - Train Loss: 0.8031, Train Accuracy: 0.8450, Test Loss: 0.7148, Test Accuracy: 0.8663
Epoch 11/500 - Train Loss: 0.7633, Train Accuracy: 0.8600, Test Loss: 0.6349, Test Accuracy: 0.8881
Epoch 12/500 - Train Loss: 0.6810, Train Accuracy: 0.8750, Test Loss: 0.5806, Test Accuracy: 0.9038
Epoch 13/500 - Train Loss: 0.6273, Train Accuracy: 0.8850, Test Loss: 0.5464, Test Accuracy: 0.9104
Epoch 14/500 - Train Loss: 0.5983, Train Accuracy: 0.8875, Test Loss: 0.5067, Test Accuracy: 0.9183
Epoch 15/500 - Train Loss: 0.5282, Train Accuracy: 0.9325, Test Loss: 0.4754, Test Accuracy: 0.9218
Epoch 16/500 - Train Loss: 0.5028, Train Accuracy: 0.9175, Test Loss: 0.4513, Test Accuracy: 0.9244
Epoch 17/500 - Train Loss: 0.4857, Train Accuracy: 0.9225, Test Loss: 0.4295, Test Accuracy: 0.9305
Epoch 18/500 - Train Loss: 0.4759, Train Accuracy: 0.9200, Test Loss: 0.4200, Test Accuracy: 0.9261
Epoch 19/500 - Train Loss: 0.4516, Train Accuracy: 0.9375, Test Loss: 0.4054, Test Accuracy: 0.9318
Epoch 20/500 - Train Loss: 0.4215, Train Accuracy: 0.9575, Test Loss: 0.3991, Test Accuracy: 0.9309
Epoch 21/500 - Train Loss: 0.4087, Train Accuracy: 0.9275, Test Loss: 0.3858, Test Accuracy: 0.9318
Epoch 22/500 - Train Loss: 0.3820, Train Accuracy: 0.9550, Test Loss: 0.3800, Test Accuracy: 0.9292
Epoch 23/500 - Train Loss: 0.3800, Train Accuracy: 0.9300, Test Loss: 0.3700, Test Accuracy: 0.9318
Epoch 24/500 - Train Loss: 0.3708, Train Accuracy: 0.9500, Test Loss: 0.3635, Test Accuracy: 0.9331
Epoch 25/500 - Train Loss: 0.3853, Train Accuracy: 0.9425, Test Loss: 0.3709, Test Accuracy: 0.9283
Epoch 26/500 - Train Loss: 0.3499, Train Accuracy: 0.9475, Test Loss: 0.3677, Test Accuracy: 0.9279
Epoch 27/500 - Train Loss: 0.3265, Train Accuracy: 0.9550, Test Loss: 0.3629, Test Accuracy: 0.9279
Epoch 28/500 - Train Loss: 0.3577, Train Accuracy: 0.9475, Test Loss: 0.3529, Test Accuracy: 0.9292
Epoch 29/500 - Train Loss: 0.3362, Train Accuracy: 0.9550, Test Loss: 0.3411, Test Accuracy: 0.9344
Epoch 30/500 - Train Loss: 0.2887, Train Accuracy: 0.9725, Test Loss: 0.3373, Test Accuracy: 0.9384
Epoch 31/500 - Train Loss: 0.2989, Train Accuracy: 0.9550, Test Loss: 0.3339, Test Accuracy: 0.9366
Epoch 32/500 - Train Loss: 0.2940, Train Accuracy: 0.9675, Test Loss: 0.3284, Test Accuracy: 0.9379
Epoch 33/500 - Train Loss: 0.2890, Train Accuracy: 0.9675, Test Loss: 0.3319, Test Accuracy: 0.9353
Epoch 34/500 - Train Loss: 0.3066, Train Accuracy: 0.9600, Test Loss: 0.3260, Test Accuracy: 0.9388
Epoch 35/500 - Train Loss: 0.2896, Train Accuracy: 0.9575, Test Loss: 0.3189, Test Accuracy: 0.9436
Epoch 36/500 - Train Loss: 0.2766, Train Accuracy: 0.9650, Test Loss: 0.3233, Test Accuracy: 0.9384
Epoch 37/500 - Train Loss: 0.2781, Train Accuracy: 0.9575, Test Loss: 0.3156, Test Accuracy: 0.9406
Epoch 38/500 - Train Loss: 0.2404, Train Accuracy: 0.9700, Test Loss: 0.3235, Test Accuracy: 0.9305
Epoch 39/500 - Train Loss: 0.2730, Train Accuracy: 0.9600, Test Loss: 0.3234, Test Accuracy: 0.9366
Epoch 40/500 - Train Loss: 0.2557, Train Accuracy: 0.9800, Test Loss: 0.3144, Test Accuracy: 0.9401
Epoch 41/500 - Train Loss: 0.2674, Train Accuracy: 0.9675, Test Loss: 0.3193, Test Accuracy: 0.9414
Epoch 42/500 - Train Loss: 0.2227, Train Accuracy: 0.9850, Test Loss: 0.3227, Test Accuracy: 0.9406
Epoch 43/500 - Train Loss: 0.2431, Train Accuracy: 0.9825, Test Loss: 0.3215, Test Accuracy: 0.9397
Epoch 44/500 - Train Loss: 0.2127, Train Accuracy: 0.9825, Test Loss: 0.3172, Test Accuracy: 0.9362
Epoch 45/500 - Train Loss: 0.2563, Train Accuracy: 0.9725, Test Loss: 0.3160, Test Accuracy: 0.9388
Epoch 46/500 - Train Loss: 0.2245, Train Accuracy: 0.9800, Test Loss: 0.3087, Test Accuracy: 0.9427
Epoch 47/500 - Train Loss: 0.2507, Train Accuracy: 0.9775, Test Loss: 0.3188, Test Accuracy: 0.9379
Epoch 48/500 - Train Loss: 0.2207, Train Accuracy: 0.9850, Test Loss: 0.3118, Test Accuracy: 0.9392
Epoch 49/500 - Train Loss: 0.2272, Train Accuracy: 0.9800, Test Loss: 0.3218, Test Accuracy: 0.9344
Epoch 50/500 - Train Loss: 0.2282, Train Accuracy: 0.9775, Test Loss: 0.3071, Test Accuracy: 0.9384
Epoch 51/500 - Train Loss: 0.1995, Train Accuracy: 0.9850, Test Loss: 0.3061, Test Accuracy: 0.9406
Epoch 52/500 - Train Loss: 0.2274, Train Accuracy: 0.9900, Test Loss: 0.3009, Test Accuracy: 0.9392
Epoch 53/500 - Train Loss: 0.2202, Train Accuracy: 0.9750, Test Loss: 0.3035, Test Accuracy: 0.9462
Epoch 54/500 - Train Loss: 0.2406, Train Accuracy: 0.9775, Test Loss: 0.3062, Test Accuracy: 0.9462
Epoch 55/500 - Train Loss: 0.2226, Train Accuracy: 0.9750, Test Loss: 0.3011, Test Accuracy: 0.9432
Epoch 56/500 - Train Loss: 0.2084, Train Accuracy: 0.9775, Test Loss: 0.3071, Test Accuracy: 0.9414
Epoch 57/500 - Train Loss: 0.2215, Train Accuracy: 0.9775, Test Loss: 0.3134, Test Accuracy: 0.9371
Epoch 58/500 - Train Loss: 0.2289, Train Accuracy: 0.9775, Test Loss: 0.3280, Test Accuracy: 0.9344
Epoch 59/500 - Train Loss: 0.2170, Train Accuracy: 0.9800, Test Loss: 0.3194, Test Accuracy: 0.9353
Epoch 60/500 - Train Loss: 0.1955, Train Accuracy: 0.9875, Test Loss: 0.3022, Test Accuracy: 0.9423
Epoch 61/500 - Train Loss: 0.1969, Train Accuracy: 0.9925, Test Loss: 0.3110, Test Accuracy: 0.9379
Epoch 62/500 - Train Loss: 0.1928, Train Accuracy: 0.9900, Test Loss: 0.3186, Test Accuracy: 0.9349
Epoch 63/500 - Train Loss: 0.2192, Train Accuracy: 0.9750, Test Loss: 0.3027, Test Accuracy: 0.9414
Epoch 64/500 - Train Loss: 0.1966, Train Accuracy: 0.9850, Test Loss: 0.3041, Test Accuracy: 0.9427
Epoch 65/500 - Train Loss: 0.2166, Train Accuracy: 0.9850, Test Loss: 0.3188, Test Accuracy: 0.9362
Epoch 66/500 - Train Loss: 0.1971, Train Accuracy: 0.9850, Test Loss: 0.3211, Test Accuracy: 0.9318
Epoch 67/500 - Train Loss: 0.2099, Train Accuracy: 0.9825, Test Loss: 0.3205, Test Accuracy: 0.9318

Early stopping triggered at epoch 67
Best test loss: 0.3009
Best test accuracy: 0.9462
Plot saved as trained_models/Sweep_data run/metrics/loss.png
Plot saved as trained_models/Sweep_data run/metrics/metrics.png
