Using GPU 0: NVIDIA GeForce RTX 3090
Epoch 1/500 - Train Loss: 2.1496, Train Accuracy: 0.1300, Test Loss: 2.0686, Test Accuracy: 0.2312
Epoch 2/500 - Train Loss: 1.9476, Train Accuracy: 0.2675, Test Loss: 1.9360, Test Accuracy: 0.2701
Epoch 3/500 - Train Loss: 1.7422, Train Accuracy: 0.4425, Test Loss: 1.7864, Test Accuracy: 0.3497
Epoch 4/500 - Train Loss: 1.6174, Train Accuracy: 0.5450, Test Loss: 1.6230, Test Accuracy: 0.4738
Epoch 5/500 - Train Loss: 1.4739, Train Accuracy: 0.5950, Test Loss: 1.4794, Test Accuracy: 0.5874
Epoch 6/500 - Train Loss: 1.3533, Train Accuracy: 0.6775, Test Loss: 1.3612, Test Accuracy: 0.6748
Epoch 7/500 - Train Loss: 1.2016, Train Accuracy: 0.7750, Test Loss: 1.2353, Test Accuracy: 0.7386
Epoch 8/500 - Train Loss: 1.0985, Train Accuracy: 0.7825, Test Loss: 1.1182, Test Accuracy: 0.7933
Epoch 9/500 - Train Loss: 1.0276, Train Accuracy: 0.7975, Test Loss: 1.0003, Test Accuracy: 0.8099
Epoch 10/500 - Train Loss: 0.9300, Train Accuracy: 0.7900, Test Loss: 0.9032, Test Accuracy: 0.8326
Epoch 11/500 - Train Loss: 0.8281, Train Accuracy: 0.8500, Test Loss: 0.8258, Test Accuracy: 0.8435
Epoch 12/500 - Train Loss: 0.7883, Train Accuracy: 0.8575, Test Loss: 0.7498, Test Accuracy: 0.8580
Epoch 13/500 - Train Loss: 0.7599, Train Accuracy: 0.8375, Test Loss: 0.6860, Test Accuracy: 0.8759
Epoch 14/500 - Train Loss: 0.6946, Train Accuracy: 0.8700, Test Loss: 0.6351, Test Accuracy: 0.8807
Epoch 15/500 - Train Loss: 0.6476, Train Accuracy: 0.8700, Test Loss: 0.5940, Test Accuracy: 0.8864
Epoch 16/500 - Train Loss: 0.6262, Train Accuracy: 0.8750, Test Loss: 0.5537, Test Accuracy: 0.8916
Epoch 17/500 - Train Loss: 0.5915, Train Accuracy: 0.8725, Test Loss: 0.5185, Test Accuracy: 0.8942
Epoch 18/500 - Train Loss: 0.5510, Train Accuracy: 0.8750, Test Loss: 0.4933, Test Accuracy: 0.9056
Epoch 19/500 - Train Loss: 0.5347, Train Accuracy: 0.8875, Test Loss: 0.4678, Test Accuracy: 0.9087
Epoch 20/500 - Train Loss: 0.4756, Train Accuracy: 0.9250, Test Loss: 0.4499, Test Accuracy: 0.9100
Epoch 21/500 - Train Loss: 0.4485, Train Accuracy: 0.9275, Test Loss: 0.4399, Test Accuracy: 0.9156
Epoch 22/500 - Train Loss: 0.4441, Train Accuracy: 0.9100, Test Loss: 0.4208, Test Accuracy: 0.9209
Epoch 23/500 - Train Loss: 0.4197, Train Accuracy: 0.9275, Test Loss: 0.4053, Test Accuracy: 0.9235
Epoch 24/500 - Train Loss: 0.3977, Train Accuracy: 0.9400, Test Loss: 0.4011, Test Accuracy: 0.9231
Epoch 25/500 - Train Loss: 0.4092, Train Accuracy: 0.9375, Test Loss: 0.3861, Test Accuracy: 0.9283
Epoch 26/500 - Train Loss: 0.3998, Train Accuracy: 0.9325, Test Loss: 0.3818, Test Accuracy: 0.9261
Epoch 27/500 - Train Loss: 0.3869, Train Accuracy: 0.9275, Test Loss: 0.3851, Test Accuracy: 0.9231
Epoch 28/500 - Train Loss: 0.3910, Train Accuracy: 0.9300, Test Loss: 0.3738, Test Accuracy: 0.9244
Epoch 29/500 - Train Loss: 0.3296, Train Accuracy: 0.9550, Test Loss: 0.3616, Test Accuracy: 0.9266
Epoch 30/500 - Train Loss: 0.3325, Train Accuracy: 0.9475, Test Loss: 0.3649, Test Accuracy: 0.9244
Epoch 31/500 - Train Loss: 0.3212, Train Accuracy: 0.9550, Test Loss: 0.3768, Test Accuracy: 0.9235
Epoch 32/500 - Train Loss: 0.3391, Train Accuracy: 0.9475, Test Loss: 0.3613, Test Accuracy: 0.9270
Epoch 33/500 - Train Loss: 0.3201, Train Accuracy: 0.9625, Test Loss: 0.3514, Test Accuracy: 0.9305
Epoch 34/500 - Train Loss: 0.3188, Train Accuracy: 0.9500, Test Loss: 0.3500, Test Accuracy: 0.9292
Epoch 35/500 - Train Loss: 0.3125, Train Accuracy: 0.9550, Test Loss: 0.3516, Test Accuracy: 0.9261
Epoch 36/500 - Train Loss: 0.3015, Train Accuracy: 0.9550, Test Loss: 0.3573, Test Accuracy: 0.9222
Epoch 37/500 - Train Loss: 0.3361, Train Accuracy: 0.9475, Test Loss: 0.3504, Test Accuracy: 0.9279
Epoch 38/500 - Train Loss: 0.2770, Train Accuracy: 0.9700, Test Loss: 0.3389, Test Accuracy: 0.9327
Epoch 39/500 - Train Loss: 0.2929, Train Accuracy: 0.9575, Test Loss: 0.3485, Test Accuracy: 0.9257
Epoch 40/500 - Train Loss: 0.2638, Train Accuracy: 0.9725, Test Loss: 0.3492, Test Accuracy: 0.9248
Epoch 41/500 - Train Loss: 0.2735, Train Accuracy: 0.9575, Test Loss: 0.3430, Test Accuracy: 0.9279
Epoch 42/500 - Train Loss: 0.2703, Train Accuracy: 0.9650, Test Loss: 0.3384, Test Accuracy: 0.9279
Epoch 43/500 - Train Loss: 0.2686, Train Accuracy: 0.9575, Test Loss: 0.3380, Test Accuracy: 0.9283
Epoch 44/500 - Train Loss: 0.2506, Train Accuracy: 0.9675, Test Loss: 0.3269, Test Accuracy: 0.9318
Epoch 45/500 - Train Loss: 0.2616, Train Accuracy: 0.9625, Test Loss: 0.3217, Test Accuracy: 0.9336
Epoch 46/500 - Train Loss: 0.2438, Train Accuracy: 0.9750, Test Loss: 0.3258, Test Accuracy: 0.9305
Epoch 47/500 - Train Loss: 0.2497, Train Accuracy: 0.9725, Test Loss: 0.3252, Test Accuracy: 0.9318
Epoch 48/500 - Train Loss: 0.2776, Train Accuracy: 0.9650, Test Loss: 0.3295, Test Accuracy: 0.9327
Epoch 49/500 - Train Loss: 0.2636, Train Accuracy: 0.9750, Test Loss: 0.3324, Test Accuracy: 0.9305
Epoch 50/500 - Train Loss: 0.2684, Train Accuracy: 0.9550, Test Loss: 0.3574, Test Accuracy: 0.9244
Epoch 51/500 - Train Loss: 0.2569, Train Accuracy: 0.9675, Test Loss: 0.3405, Test Accuracy: 0.9253
Epoch 52/500 - Train Loss: 0.2391, Train Accuracy: 0.9700, Test Loss: 0.3310, Test Accuracy: 0.9279
Epoch 53/500 - Train Loss: 0.2431, Train Accuracy: 0.9775, Test Loss: 0.3329, Test Accuracy: 0.9279
Epoch 54/500 - Train Loss: 0.2566, Train Accuracy: 0.9700, Test Loss: 0.3404, Test Accuracy: 0.9253
Epoch 55/500 - Train Loss: 0.2275, Train Accuracy: 0.9725, Test Loss: 0.3418, Test Accuracy: 0.9248
Epoch 56/500 - Train Loss: 0.2342, Train Accuracy: 0.9725, Test Loss: 0.3503, Test Accuracy: 0.9253
Epoch 57/500 - Train Loss: 0.2302, Train Accuracy: 0.9800, Test Loss: 0.3437, Test Accuracy: 0.9266
Epoch 58/500 - Train Loss: 0.2085, Train Accuracy: 0.9775, Test Loss: 0.3318, Test Accuracy: 0.9261
Epoch 59/500 - Train Loss: 0.2199, Train Accuracy: 0.9800, Test Loss: 0.3304, Test Accuracy: 0.9283
Epoch 60/500 - Train Loss: 0.2291, Train Accuracy: 0.9750, Test Loss: 0.3305, Test Accuracy: 0.9323

Early stopping triggered at epoch 60
Best test loss: 0.3217
Best test accuracy: 0.9336
Plot saved as trained_models/Sweep_data run/metrics/loss.png
Plot saved as trained_models/Sweep_data run/metrics/metrics.png
