Using GPU 0: NVIDIA GeForce RTX 3090
Epoch 1/500 - Train Loss: 2.0601, Train Accuracy: 0.1575, Test Loss: 2.0389, Test Accuracy: 0.1543
Epoch 2/500 - Train Loss: 1.7846, Train Accuracy: 0.3500, Test Loss: 1.7506, Test Accuracy: 0.4497
Epoch 3/500 - Train Loss: 1.5859, Train Accuracy: 0.5625, Test Loss: 1.4742, Test Accuracy: 0.6219
Epoch 4/500 - Train Loss: 1.3924, Train Accuracy: 0.6825, Test Loss: 1.2487, Test Accuracy: 0.7334
Epoch 5/500 - Train Loss: 1.2343, Train Accuracy: 0.7500, Test Loss: 1.0716, Test Accuracy: 0.7968
Epoch 6/500 - Train Loss: 1.0845, Train Accuracy: 0.8175, Test Loss: 0.9340, Test Accuracy: 0.8274
Epoch 7/500 - Train Loss: 0.9428, Train Accuracy: 0.8775, Test Loss: 0.8121, Test Accuracy: 0.8584
Epoch 8/500 - Train Loss: 0.8535, Train Accuracy: 0.8575, Test Loss: 0.7255, Test Accuracy: 0.8767
Epoch 9/500 - Train Loss: 0.7808, Train Accuracy: 0.8775, Test Loss: 0.6594, Test Accuracy: 0.8990
Epoch 10/500 - Train Loss: 0.7143, Train Accuracy: 0.8850, Test Loss: 0.5890, Test Accuracy: 0.9178
Epoch 11/500 - Train Loss: 0.6164, Train Accuracy: 0.9200, Test Loss: 0.5343, Test Accuracy: 0.9301
Epoch 12/500 - Train Loss: 0.5913, Train Accuracy: 0.9100, Test Loss: 0.4884, Test Accuracy: 0.9340
Epoch 13/500 - Train Loss: 0.5559, Train Accuracy: 0.9200, Test Loss: 0.4511, Test Accuracy: 0.9414
Epoch 14/500 - Train Loss: 0.5169, Train Accuracy: 0.9200, Test Loss: 0.4185, Test Accuracy: 0.9406
Epoch 15/500 - Train Loss: 0.4462, Train Accuracy: 0.9375, Test Loss: 0.4010, Test Accuracy: 0.9454
Epoch 16/500 - Train Loss: 0.4610, Train Accuracy: 0.9225, Test Loss: 0.3885, Test Accuracy: 0.9458
Epoch 17/500 - Train Loss: 0.4300, Train Accuracy: 0.9425, Test Loss: 0.3728, Test Accuracy: 0.9467
Epoch 18/500 - Train Loss: 0.4034, Train Accuracy: 0.9375, Test Loss: 0.3568, Test Accuracy: 0.9493
Epoch 19/500 - Train Loss: 0.3817, Train Accuracy: 0.9500, Test Loss: 0.3462, Test Accuracy: 0.9489
Epoch 20/500 - Train Loss: 0.3743, Train Accuracy: 0.9475, Test Loss: 0.3351, Test Accuracy: 0.9489
Epoch 21/500 - Train Loss: 0.3350, Train Accuracy: 0.9550, Test Loss: 0.3284, Test Accuracy: 0.9519
Epoch 22/500 - Train Loss: 0.3365, Train Accuracy: 0.9475, Test Loss: 0.3331, Test Accuracy: 0.9467
Epoch 23/500 - Train Loss: 0.3363, Train Accuracy: 0.9575, Test Loss: 0.3249, Test Accuracy: 0.9497
Epoch 24/500 - Train Loss: 0.3086, Train Accuracy: 0.9750, Test Loss: 0.3169, Test Accuracy: 0.9510
Epoch 25/500 - Train Loss: 0.3253, Train Accuracy: 0.9450, Test Loss: 0.3077, Test Accuracy: 0.9510
Epoch 26/500 - Train Loss: 0.2722, Train Accuracy: 0.9775, Test Loss: 0.3012, Test Accuracy: 0.9528
Epoch 27/500 - Train Loss: 0.2451, Train Accuracy: 0.9800, Test Loss: 0.2998, Test Accuracy: 0.9545
Epoch 28/500 - Train Loss: 0.2871, Train Accuracy: 0.9625, Test Loss: 0.2955, Test Accuracy: 0.9528
Epoch 29/500 - Train Loss: 0.2661, Train Accuracy: 0.9675, Test Loss: 0.2960, Test Accuracy: 0.9519
Epoch 30/500 - Train Loss: 0.2839, Train Accuracy: 0.9700, Test Loss: 0.2981, Test Accuracy: 0.9537
Epoch 31/500 - Train Loss: 0.2753, Train Accuracy: 0.9675, Test Loss: 0.2924, Test Accuracy: 0.9559
Epoch 32/500 - Train Loss: 0.2619, Train Accuracy: 0.9650, Test Loss: 0.2892, Test Accuracy: 0.9519
Epoch 33/500 - Train Loss: 0.2559, Train Accuracy: 0.9650, Test Loss: 0.2959, Test Accuracy: 0.9471
Epoch 34/500 - Train Loss: 0.2644, Train Accuracy: 0.9725, Test Loss: 0.2925, Test Accuracy: 0.9497
Epoch 35/500 - Train Loss: 0.2506, Train Accuracy: 0.9650, Test Loss: 0.2874, Test Accuracy: 0.9545
Epoch 36/500 - Train Loss: 0.2570, Train Accuracy: 0.9750, Test Loss: 0.2870, Test Accuracy: 0.9528
Epoch 37/500 - Train Loss: 0.2464, Train Accuracy: 0.9775, Test Loss: 0.2817, Test Accuracy: 0.9554
Epoch 38/500 - Train Loss: 0.2390, Train Accuracy: 0.9675, Test Loss: 0.2853, Test Accuracy: 0.9537
Epoch 39/500 - Train Loss: 0.2665, Train Accuracy: 0.9600, Test Loss: 0.2876, Test Accuracy: 0.9502
Epoch 40/500 - Train Loss: 0.2863, Train Accuracy: 0.9550, Test Loss: 0.2824, Test Accuracy: 0.9524
Epoch 41/500 - Train Loss: 0.2288, Train Accuracy: 0.9750, Test Loss: 0.2816, Test Accuracy: 0.9550
Epoch 42/500 - Train Loss: 0.2098, Train Accuracy: 0.9875, Test Loss: 0.2793, Test Accuracy: 0.9550
Epoch 43/500 - Train Loss: 0.2015, Train Accuracy: 0.9800, Test Loss: 0.2821, Test Accuracy: 0.9554
Epoch 44/500 - Train Loss: 0.2403, Train Accuracy: 0.9725, Test Loss: 0.2798, Test Accuracy: 0.9572
Epoch 45/500 - Train Loss: 0.2038, Train Accuracy: 0.9875, Test Loss: 0.2757, Test Accuracy: 0.9580
Epoch 46/500 - Train Loss: 0.2074, Train Accuracy: 0.9900, Test Loss: 0.2805, Test Accuracy: 0.9550
Epoch 47/500 - Train Loss: 0.2410, Train Accuracy: 0.9650, Test Loss: 0.2828, Test Accuracy: 0.9519
Epoch 48/500 - Train Loss: 0.2366, Train Accuracy: 0.9700, Test Loss: 0.2829, Test Accuracy: 0.9528
Epoch 49/500 - Train Loss: 0.1992, Train Accuracy: 0.9875, Test Loss: 0.2841, Test Accuracy: 0.9519
Epoch 50/500 - Train Loss: 0.2028, Train Accuracy: 0.9825, Test Loss: 0.2913, Test Accuracy: 0.9471
Epoch 51/500 - Train Loss: 0.2130, Train Accuracy: 0.9800, Test Loss: 0.2809, Test Accuracy: 0.9567
Epoch 52/500 - Train Loss: 0.1907, Train Accuracy: 0.9875, Test Loss: 0.2767, Test Accuracy: 0.9559
Epoch 53/500 - Train Loss: 0.2123, Train Accuracy: 0.9800, Test Loss: 0.2777, Test Accuracy: 0.9567
Epoch 54/500 - Train Loss: 0.2017, Train Accuracy: 0.9900, Test Loss: 0.2819, Test Accuracy: 0.9528
Epoch 55/500 - Train Loss: 0.2112, Train Accuracy: 0.9825, Test Loss: 0.2795, Test Accuracy: 0.9554
Epoch 56/500 - Train Loss: 0.1934, Train Accuracy: 0.9900, Test Loss: 0.2809, Test Accuracy: 0.9550
Epoch 57/500 - Train Loss: 0.2194, Train Accuracy: 0.9675, Test Loss: 0.2849, Test Accuracy: 0.9515
Epoch 58/500 - Train Loss: 0.2039, Train Accuracy: 0.9800, Test Loss: 0.2778, Test Accuracy: 0.9537
Epoch 59/500 - Train Loss: 0.1906, Train Accuracy: 0.9875, Test Loss: 0.2751, Test Accuracy: 0.9554
Epoch 60/500 - Train Loss: 0.1992, Train Accuracy: 0.9850, Test Loss: 0.2757, Test Accuracy: 0.9563

Early stopping triggered at epoch 60
Best test loss: 0.2751
Best test accuracy: 0.9580
Plot saved as trained_models/Sweep_data run/metrics/loss.png
Plot saved as trained_models/Sweep_data run/metrics/metrics.png
