Using GPU 0: NVIDIA GeForce RTX 3090
Epoch 1/500 - Train Loss: 2.0942, Train Accuracy: 0.2000, Test Loss: 2.0630, Test Accuracy: 0.2098
Epoch 2/500 - Train Loss: 1.9059, Train Accuracy: 0.3025, Test Loss: 2.0135, Test Accuracy: 0.2688
Epoch 3/500 - Train Loss: 1.7523, Train Accuracy: 0.4150, Test Loss: 1.8994, Test Accuracy: 0.3269
Epoch 4/500 - Train Loss: 1.6200, Train Accuracy: 0.5550, Test Loss: 1.7482, Test Accuracy: 0.4060
Epoch 5/500 - Train Loss: 1.4919, Train Accuracy: 0.6000, Test Loss: 1.6217, Test Accuracy: 0.4589
Epoch 6/500 - Train Loss: 1.3814, Train Accuracy: 0.6600, Test Loss: 1.5024, Test Accuracy: 0.5262
Epoch 7/500 - Train Loss: 1.2513, Train Accuracy: 0.7250, Test Loss: 1.3983, Test Accuracy: 0.5948
Epoch 8/500 - Train Loss: 1.1717, Train Accuracy: 0.7375, Test Loss: 1.2978, Test Accuracy: 0.6355
Epoch 9/500 - Train Loss: 1.0854, Train Accuracy: 0.7950, Test Loss: 1.2127, Test Accuracy: 0.6761
Epoch 10/500 - Train Loss: 0.9946, Train Accuracy: 0.7775, Test Loss: 1.0991, Test Accuracy: 0.7181
Epoch 11/500 - Train Loss: 0.8983, Train Accuracy: 0.8275, Test Loss: 1.0062, Test Accuracy: 0.7557
Epoch 12/500 - Train Loss: 0.8453, Train Accuracy: 0.8150, Test Loss: 0.9401, Test Accuracy: 0.7771
Epoch 13/500 - Train Loss: 0.8429, Train Accuracy: 0.7825, Test Loss: 0.8500, Test Accuracy: 0.7959
Epoch 14/500 - Train Loss: 0.7713, Train Accuracy: 0.8125, Test Loss: 0.8277, Test Accuracy: 0.8073
Epoch 15/500 - Train Loss: 0.7240, Train Accuracy: 0.8350, Test Loss: 0.7620, Test Accuracy: 0.8282
Epoch 16/500 - Train Loss: 0.6718, Train Accuracy: 0.8625, Test Loss: 0.7343, Test Accuracy: 0.8317
Epoch 17/500 - Train Loss: 0.6472, Train Accuracy: 0.8525, Test Loss: 0.6782, Test Accuracy: 0.8396
Epoch 18/500 - Train Loss: 0.6121, Train Accuracy: 0.8650, Test Loss: 0.6633, Test Accuracy: 0.8492
Epoch 19/500 - Train Loss: 0.5646, Train Accuracy: 0.8950, Test Loss: 0.6575, Test Accuracy: 0.8466
Epoch 20/500 - Train Loss: 0.5274, Train Accuracy: 0.9000, Test Loss: 0.6373, Test Accuracy: 0.8601
Epoch 21/500 - Train Loss: 0.5565, Train Accuracy: 0.8675, Test Loss: 0.5470, Test Accuracy: 0.8776
Epoch 22/500 - Train Loss: 0.5279, Train Accuracy: 0.8900, Test Loss: 0.5653, Test Accuracy: 0.8733
Epoch 23/500 - Train Loss: 0.5125, Train Accuracy: 0.8825, Test Loss: 0.5888, Test Accuracy: 0.8606
Epoch 24/500 - Train Loss: 0.5360, Train Accuracy: 0.8775, Test Loss: 0.5457, Test Accuracy: 0.8763
Epoch 25/500 - Train Loss: 0.4697, Train Accuracy: 0.9100, Test Loss: 0.5102, Test Accuracy: 0.8859
Epoch 26/500 - Train Loss: 0.4894, Train Accuracy: 0.8975, Test Loss: 0.5071, Test Accuracy: 0.8877
Epoch 27/500 - Train Loss: 0.4463, Train Accuracy: 0.9225, Test Loss: 0.5264, Test Accuracy: 0.8754
Epoch 28/500 - Train Loss: 0.4068, Train Accuracy: 0.9275, Test Loss: 0.4925, Test Accuracy: 0.8851
Epoch 29/500 - Train Loss: 0.4273, Train Accuracy: 0.9200, Test Loss: 0.5311, Test Accuracy: 0.8684
Epoch 30/500 - Train Loss: 0.3919, Train Accuracy: 0.9250, Test Loss: 0.5157, Test Accuracy: 0.8728
Epoch 31/500 - Train Loss: 0.4547, Train Accuracy: 0.8950, Test Loss: 0.4787, Test Accuracy: 0.8942
Epoch 32/500 - Train Loss: 0.4323, Train Accuracy: 0.9025, Test Loss: 0.4729, Test Accuracy: 0.8903
Epoch 33/500 - Train Loss: 0.3792, Train Accuracy: 0.9250, Test Loss: 0.4856, Test Accuracy: 0.8816
Epoch 34/500 - Train Loss: 0.3666, Train Accuracy: 0.9350, Test Loss: 0.5718, Test Accuracy: 0.8444
Epoch 35/500 - Train Loss: 0.3577, Train Accuracy: 0.9375, Test Loss: 0.5237, Test Accuracy: 0.8562
Epoch 36/500 - Train Loss: 0.3942, Train Accuracy: 0.9175, Test Loss: 0.5145, Test Accuracy: 0.8606
Epoch 37/500 - Train Loss: 0.3833, Train Accuracy: 0.9225, Test Loss: 0.4717, Test Accuracy: 0.8864
Epoch 38/500 - Train Loss: 0.4036, Train Accuracy: 0.9375, Test Loss: 0.4672, Test Accuracy: 0.8851
Epoch 39/500 - Train Loss: 0.3405, Train Accuracy: 0.9450, Test Loss: 0.4560, Test Accuracy: 0.8942
Epoch 40/500 - Train Loss: 0.3475, Train Accuracy: 0.9350, Test Loss: 0.4507, Test Accuracy: 0.8920
Epoch 41/500 - Train Loss: 0.3079, Train Accuracy: 0.9575, Test Loss: 0.4831, Test Accuracy: 0.8746
Epoch 42/500 - Train Loss: 0.3490, Train Accuracy: 0.9250, Test Loss: 0.4577, Test Accuracy: 0.8833
Epoch 43/500 - Train Loss: 0.3177, Train Accuracy: 0.9500, Test Loss: 0.5013, Test Accuracy: 0.8689
Epoch 44/500 - Train Loss: 0.3071, Train Accuracy: 0.9425, Test Loss: 0.4792, Test Accuracy: 0.8728
Epoch 45/500 - Train Loss: 0.3166, Train Accuracy: 0.9525, Test Loss: 0.5051, Test Accuracy: 0.8619
Epoch 46/500 - Train Loss: 0.2860, Train Accuracy: 0.9625, Test Loss: 0.4496, Test Accuracy: 0.8872
Epoch 47/500 - Train Loss: 0.2816, Train Accuracy: 0.9600, Test Loss: 0.4752, Test Accuracy: 0.8772
Epoch 48/500 - Train Loss: 0.2871, Train Accuracy: 0.9700, Test Loss: 0.4386, Test Accuracy: 0.8947
Epoch 49/500 - Train Loss: 0.3177, Train Accuracy: 0.9475, Test Loss: 0.5087, Test Accuracy: 0.8610
Epoch 50/500 - Train Loss: 0.2791, Train Accuracy: 0.9575, Test Loss: 0.4760, Test Accuracy: 0.8820
Epoch 51/500 - Train Loss: 0.3054, Train Accuracy: 0.9600, Test Loss: 0.4731, Test Accuracy: 0.8807
Epoch 52/500 - Train Loss: 0.2434, Train Accuracy: 0.9750, Test Loss: 0.4326, Test Accuracy: 0.8969
Epoch 53/500 - Train Loss: 0.2968, Train Accuracy: 0.9450, Test Loss: 0.4619, Test Accuracy: 0.8885
Epoch 54/500 - Train Loss: 0.2585, Train Accuracy: 0.9650, Test Loss: 0.4538, Test Accuracy: 0.8920
Epoch 55/500 - Train Loss: 0.3043, Train Accuracy: 0.9475, Test Loss: 0.4132, Test Accuracy: 0.9012
Epoch 56/500 - Train Loss: 0.2782, Train Accuracy: 0.9600, Test Loss: 0.4453, Test Accuracy: 0.8929
Epoch 57/500 - Train Loss: 0.2606, Train Accuracy: 0.9650, Test Loss: 0.4659, Test Accuracy: 0.8798
Epoch 58/500 - Train Loss: 0.2936, Train Accuracy: 0.9525, Test Loss: 0.4582, Test Accuracy: 0.8859
Epoch 59/500 - Train Loss: 0.2527, Train Accuracy: 0.9625, Test Loss: 0.4440, Test Accuracy: 0.8929
Epoch 60/500 - Train Loss: 0.2460, Train Accuracy: 0.9675, Test Loss: 0.4059, Test Accuracy: 0.9065
Epoch 61/500 - Train Loss: 0.2502, Train Accuracy: 0.9650, Test Loss: 0.3939, Test Accuracy: 0.9091
Epoch 62/500 - Train Loss: 0.2348, Train Accuracy: 0.9725, Test Loss: 0.4186, Test Accuracy: 0.8986
Epoch 63/500 - Train Loss: 0.2255, Train Accuracy: 0.9825, Test Loss: 0.4050, Test Accuracy: 0.9082
Epoch 64/500 - Train Loss: 0.3070, Train Accuracy: 0.9425, Test Loss: 0.4066, Test Accuracy: 0.9073
Epoch 65/500 - Train Loss: 0.2995, Train Accuracy: 0.9450, Test Loss: 0.3919, Test Accuracy: 0.9073
Epoch 66/500 - Train Loss: 0.2228, Train Accuracy: 0.9800, Test Loss: 0.3709, Test Accuracy: 0.9165
Epoch 67/500 - Train Loss: 0.2216, Train Accuracy: 0.9775, Test Loss: 0.3784, Test Accuracy: 0.9139
Epoch 68/500 - Train Loss: 0.2411, Train Accuracy: 0.9700, Test Loss: 0.3795, Test Accuracy: 0.9139
Epoch 69/500 - Train Loss: 0.2437, Train Accuracy: 0.9675, Test Loss: 0.3771, Test Accuracy: 0.9139
Epoch 70/500 - Train Loss: 0.2168, Train Accuracy: 0.9825, Test Loss: 0.3969, Test Accuracy: 0.9117
Epoch 71/500 - Train Loss: 0.2271, Train Accuracy: 0.9800, Test Loss: 0.3950, Test Accuracy: 0.9087
Epoch 72/500 - Train Loss: 0.2383, Train Accuracy: 0.9700, Test Loss: 0.4093, Test Accuracy: 0.9052
Epoch 73/500 - Train Loss: 0.2127, Train Accuracy: 0.9875, Test Loss: 0.4292, Test Accuracy: 0.8960
Epoch 74/500 - Train Loss: 0.3051, Train Accuracy: 0.9425, Test Loss: 0.4125, Test Accuracy: 0.9104
Epoch 75/500 - Train Loss: 0.2333, Train Accuracy: 0.9750, Test Loss: 0.3950, Test Accuracy: 0.9139
Epoch 76/500 - Train Loss: 0.2348, Train Accuracy: 0.9625, Test Loss: 0.4222, Test Accuracy: 0.9017
Epoch 77/500 - Train Loss: 0.2397, Train Accuracy: 0.9750, Test Loss: 0.4717, Test Accuracy: 0.8802
Epoch 78/500 - Train Loss: 0.2481, Train Accuracy: 0.9775, Test Loss: 0.4320, Test Accuracy: 0.8955
Epoch 79/500 - Train Loss: 0.2197, Train Accuracy: 0.9850, Test Loss: 0.4667, Test Accuracy: 0.8864
Epoch 80/500 - Train Loss: 0.2102, Train Accuracy: 0.9850, Test Loss: 0.4603, Test Accuracy: 0.8846
Epoch 81/500 - Train Loss: 0.1980, Train Accuracy: 0.9875, Test Loss: 0.4614, Test Accuracy: 0.8820

Early stopping triggered at epoch 81
Best test loss: 0.3709
Best test accuracy: 0.9165
Plot saved as trained_models/Sweep_data run/metrics/loss.png
Plot saved as trained_models/Sweep_data run/metrics/metrics.png
