Using GPU 0: NVIDIA GeForce RTX 3090
Epoch 1/500 - Train Loss: 2.0874, Train Accuracy: 0.1525, Test Loss: 2.0478, Test Accuracy: 0.1534
Epoch 2/500 - Train Loss: 1.9091, Train Accuracy: 0.3050, Test Loss: 1.8580, Test Accuracy: 0.4248
Epoch 3/500 - Train Loss: 1.7302, Train Accuracy: 0.5050, Test Loss: 1.6640, Test Accuracy: 0.5157
Epoch 4/500 - Train Loss: 1.5546, Train Accuracy: 0.6125, Test Loss: 1.4899, Test Accuracy: 0.6316
Epoch 5/500 - Train Loss: 1.4529, Train Accuracy: 0.6175, Test Loss: 1.3133, Test Accuracy: 0.7242
Epoch 6/500 - Train Loss: 1.2634, Train Accuracy: 0.7575, Test Loss: 1.1774, Test Accuracy: 0.7740
Epoch 7/500 - Train Loss: 1.1818, Train Accuracy: 0.7600, Test Loss: 1.0686, Test Accuracy: 0.8073
Epoch 8/500 - Train Loss: 1.0543, Train Accuracy: 0.8125, Test Loss: 0.9560, Test Accuracy: 0.8383
Epoch 9/500 - Train Loss: 0.9893, Train Accuracy: 0.8000, Test Loss: 0.8747, Test Accuracy: 0.8580
Epoch 10/500 - Train Loss: 0.8782, Train Accuracy: 0.8300, Test Loss: 0.8054, Test Accuracy: 0.8728
Epoch 11/500 - Train Loss: 0.8479, Train Accuracy: 0.8250, Test Loss: 0.7242, Test Accuracy: 0.8903
Epoch 12/500 - Train Loss: 0.7543, Train Accuracy: 0.8450, Test Loss: 0.6702, Test Accuracy: 0.8973
Epoch 13/500 - Train Loss: 0.7108, Train Accuracy: 0.8575, Test Loss: 0.6080, Test Accuracy: 0.9073
Epoch 14/500 - Train Loss: 0.6755, Train Accuracy: 0.8725, Test Loss: 0.5680, Test Accuracy: 0.9065
Epoch 15/500 - Train Loss: 0.6288, Train Accuracy: 0.8825, Test Loss: 0.5399, Test Accuracy: 0.9135
Epoch 16/500 - Train Loss: 0.6159, Train Accuracy: 0.8800, Test Loss: 0.5092, Test Accuracy: 0.9148
Epoch 17/500 - Train Loss: 0.5441, Train Accuracy: 0.8875, Test Loss: 0.4817, Test Accuracy: 0.9152
Epoch 18/500 - Train Loss: 0.5209, Train Accuracy: 0.9050, Test Loss: 0.4575, Test Accuracy: 0.9152
Epoch 19/500 - Train Loss: 0.5142, Train Accuracy: 0.8950, Test Loss: 0.4299, Test Accuracy: 0.9226
Epoch 20/500 - Train Loss: 0.4989, Train Accuracy: 0.8900, Test Loss: 0.4228, Test Accuracy: 0.9213
Epoch 21/500 - Train Loss: 0.4676, Train Accuracy: 0.9225, Test Loss: 0.4036, Test Accuracy: 0.9261
Epoch 22/500 - Train Loss: 0.4534, Train Accuracy: 0.9275, Test Loss: 0.3882, Test Accuracy: 0.9314
Epoch 23/500 - Train Loss: 0.4526, Train Accuracy: 0.9150, Test Loss: 0.3741, Test Accuracy: 0.9318
Epoch 24/500 - Train Loss: 0.4612, Train Accuracy: 0.9100, Test Loss: 0.3755, Test Accuracy: 0.9296
Epoch 25/500 - Train Loss: 0.4219, Train Accuracy: 0.9325, Test Loss: 0.3673, Test Accuracy: 0.9362
Epoch 26/500 - Train Loss: 0.4335, Train Accuracy: 0.9150, Test Loss: 0.3619, Test Accuracy: 0.9344
Epoch 27/500 - Train Loss: 0.3846, Train Accuracy: 0.9350, Test Loss: 0.3650, Test Accuracy: 0.9314
Epoch 28/500 - Train Loss: 0.4185, Train Accuracy: 0.9000, Test Loss: 0.3554, Test Accuracy: 0.9331
Epoch 29/500 - Train Loss: 0.3859, Train Accuracy: 0.9375, Test Loss: 0.3452, Test Accuracy: 0.9397
Epoch 30/500 - Train Loss: 0.3568, Train Accuracy: 0.9425, Test Loss: 0.3494, Test Accuracy: 0.9340
Epoch 31/500 - Train Loss: 0.3641, Train Accuracy: 0.9400, Test Loss: 0.3404, Test Accuracy: 0.9362
Epoch 32/500 - Train Loss: 0.3294, Train Accuracy: 0.9425, Test Loss: 0.3341, Test Accuracy: 0.9401
Epoch 33/500 - Train Loss: 0.3390, Train Accuracy: 0.9375, Test Loss: 0.3260, Test Accuracy: 0.9401
Epoch 34/500 - Train Loss: 0.3413, Train Accuracy: 0.9425, Test Loss: 0.3220, Test Accuracy: 0.9410
Epoch 35/500 - Train Loss: 0.3453, Train Accuracy: 0.9425, Test Loss: 0.3165, Test Accuracy: 0.9410
Epoch 36/500 - Train Loss: 0.3473, Train Accuracy: 0.9375, Test Loss: 0.3196, Test Accuracy: 0.9397
Epoch 37/500 - Train Loss: 0.3311, Train Accuracy: 0.9450, Test Loss: 0.3207, Test Accuracy: 0.9401
Epoch 38/500 - Train Loss: 0.2884, Train Accuracy: 0.9650, Test Loss: 0.3286, Test Accuracy: 0.9379
Epoch 39/500 - Train Loss: 0.3039, Train Accuracy: 0.9625, Test Loss: 0.3239, Test Accuracy: 0.9397
Epoch 40/500 - Train Loss: 0.2929, Train Accuracy: 0.9525, Test Loss: 0.3145, Test Accuracy: 0.9401
Epoch 41/500 - Train Loss: 0.2868, Train Accuracy: 0.9550, Test Loss: 0.3139, Test Accuracy: 0.9401
Epoch 42/500 - Train Loss: 0.2897, Train Accuracy: 0.9600, Test Loss: 0.3105, Test Accuracy: 0.9454
Epoch 43/500 - Train Loss: 0.3433, Train Accuracy: 0.9425, Test Loss: 0.3242, Test Accuracy: 0.9331
Epoch 44/500 - Train Loss: 0.3167, Train Accuracy: 0.9475, Test Loss: 0.3420, Test Accuracy: 0.9235
Epoch 45/500 - Train Loss: 0.3051, Train Accuracy: 0.9500, Test Loss: 0.3107, Test Accuracy: 0.9436
Epoch 46/500 - Train Loss: 0.2852, Train Accuracy: 0.9525, Test Loss: 0.3026, Test Accuracy: 0.9454
Epoch 47/500 - Train Loss: 0.2794, Train Accuracy: 0.9625, Test Loss: 0.3025, Test Accuracy: 0.9441
Epoch 48/500 - Train Loss: 0.2575, Train Accuracy: 0.9700, Test Loss: 0.3053, Test Accuracy: 0.9436
Epoch 49/500 - Train Loss: 0.2920, Train Accuracy: 0.9550, Test Loss: 0.3048, Test Accuracy: 0.9445
Epoch 50/500 - Train Loss: 0.2575, Train Accuracy: 0.9675, Test Loss: 0.3051, Test Accuracy: 0.9436
Epoch 51/500 - Train Loss: 0.2477, Train Accuracy: 0.9750, Test Loss: 0.3082, Test Accuracy: 0.9419
Epoch 52/500 - Train Loss: 0.2773, Train Accuracy: 0.9550, Test Loss: 0.3129, Test Accuracy: 0.9384
Epoch 53/500 - Train Loss: 0.2541, Train Accuracy: 0.9700, Test Loss: 0.3132, Test Accuracy: 0.9414
Epoch 54/500 - Train Loss: 0.2658, Train Accuracy: 0.9575, Test Loss: 0.3068, Test Accuracy: 0.9436
Epoch 55/500 - Train Loss: 0.2840, Train Accuracy: 0.9575, Test Loss: 0.3077, Test Accuracy: 0.9445
Epoch 56/500 - Train Loss: 0.2389, Train Accuracy: 0.9725, Test Loss: 0.3077, Test Accuracy: 0.9414
Epoch 57/500 - Train Loss: 0.2650, Train Accuracy: 0.9550, Test Loss: 0.3035, Test Accuracy: 0.9454
Epoch 58/500 - Train Loss: 0.2788, Train Accuracy: 0.9625, Test Loss: 0.3229, Test Accuracy: 0.9358
Epoch 59/500 - Train Loss: 0.2328, Train Accuracy: 0.9750, Test Loss: 0.3114, Test Accuracy: 0.9384
Epoch 60/500 - Train Loss: 0.2858, Train Accuracy: 0.9500, Test Loss: 0.3040, Test Accuracy: 0.9427
Epoch 61/500 - Train Loss: 0.2669, Train Accuracy: 0.9600, Test Loss: 0.3127, Test Accuracy: 0.9379

Early stopping triggered at epoch 61
Best test loss: 0.3025
Best test accuracy: 0.9454
Plot saved as trained_models/Sweep_data run/metrics/loss.png
Plot saved as trained_models/Sweep_data run/metrics/metrics.png
