Using GPU 0: NVIDIA GeForce RTX 3090
Epoch 1/500 - Train Loss: 2.0966, Train Accuracy: 0.1550, Test Loss: 2.0641, Test Accuracy: 0.1740
Epoch 2/500 - Train Loss: 1.8906, Train Accuracy: 0.2825, Test Loss: 1.8748, Test Accuracy: 0.3129
Epoch 3/500 - Train Loss: 1.7009, Train Accuracy: 0.4525, Test Loss: 1.6098, Test Accuracy: 0.4996
Epoch 4/500 - Train Loss: 1.5242, Train Accuracy: 0.6350, Test Loss: 1.3930, Test Accuracy: 0.6215
Epoch 5/500 - Train Loss: 1.3928, Train Accuracy: 0.6850, Test Loss: 1.2029, Test Accuracy: 0.7225
Epoch 6/500 - Train Loss: 1.2814, Train Accuracy: 0.7125, Test Loss: 1.0450, Test Accuracy: 0.7771
Epoch 7/500 - Train Loss: 1.1434, Train Accuracy: 0.7825, Test Loss: 0.9401, Test Accuracy: 0.7959
Epoch 8/500 - Train Loss: 1.0509, Train Accuracy: 0.7875, Test Loss: 0.8155, Test Accuracy: 0.8510
Epoch 9/500 - Train Loss: 0.9278, Train Accuracy: 0.8225, Test Loss: 0.7089, Test Accuracy: 0.8772
Epoch 10/500 - Train Loss: 0.8446, Train Accuracy: 0.8200, Test Loss: 0.6395, Test Accuracy: 0.8969
Epoch 11/500 - Train Loss: 0.8000, Train Accuracy: 0.8350, Test Loss: 0.5784, Test Accuracy: 0.8969
Epoch 12/500 - Train Loss: 0.7225, Train Accuracy: 0.8750, Test Loss: 0.5401, Test Accuracy: 0.9012
Epoch 13/500 - Train Loss: 0.6803, Train Accuracy: 0.8625, Test Loss: 0.5004, Test Accuracy: 0.9152
Epoch 14/500 - Train Loss: 0.6451, Train Accuracy: 0.8825, Test Loss: 0.4688, Test Accuracy: 0.9213
Epoch 15/500 - Train Loss: 0.5650, Train Accuracy: 0.8975, Test Loss: 0.4428, Test Accuracy: 0.9244
Epoch 16/500 - Train Loss: 0.5403, Train Accuracy: 0.9000, Test Loss: 0.4215, Test Accuracy: 0.9274
Epoch 17/500 - Train Loss: 0.5626, Train Accuracy: 0.8925, Test Loss: 0.3960, Test Accuracy: 0.9344
Epoch 18/500 - Train Loss: 0.5039, Train Accuracy: 0.9100, Test Loss: 0.3882, Test Accuracy: 0.9305
Epoch 19/500 - Train Loss: 0.4889, Train Accuracy: 0.9150, Test Loss: 0.3715, Test Accuracy: 0.9344
Epoch 20/500 - Train Loss: 0.4699, Train Accuracy: 0.9200, Test Loss: 0.3648, Test Accuracy: 0.9349
Epoch 21/500 - Train Loss: 0.4731, Train Accuracy: 0.9075, Test Loss: 0.3539, Test Accuracy: 0.9384
Epoch 22/500 - Train Loss: 0.4209, Train Accuracy: 0.9350, Test Loss: 0.3434, Test Accuracy: 0.9401
Epoch 23/500 - Train Loss: 0.4073, Train Accuracy: 0.9375, Test Loss: 0.3398, Test Accuracy: 0.9388
Epoch 24/500 - Train Loss: 0.4395, Train Accuracy: 0.9125, Test Loss: 0.3330, Test Accuracy: 0.9392
Epoch 25/500 - Train Loss: 0.4088, Train Accuracy: 0.9250, Test Loss: 0.3223, Test Accuracy: 0.9441
Epoch 26/500 - Train Loss: 0.3941, Train Accuracy: 0.9250, Test Loss: 0.3180, Test Accuracy: 0.9432
Epoch 27/500 - Train Loss: 0.3892, Train Accuracy: 0.9250, Test Loss: 0.3170, Test Accuracy: 0.9419
Epoch 28/500 - Train Loss: 0.3408, Train Accuracy: 0.9525, Test Loss: 0.3140, Test Accuracy: 0.9449
Epoch 29/500 - Train Loss: 0.3303, Train Accuracy: 0.9450, Test Loss: 0.3136, Test Accuracy: 0.9467
Epoch 30/500 - Train Loss: 0.3217, Train Accuracy: 0.9600, Test Loss: 0.3093, Test Accuracy: 0.9458
Epoch 31/500 - Train Loss: 0.3049, Train Accuracy: 0.9650, Test Loss: 0.3053, Test Accuracy: 0.9471
Epoch 32/500 - Train Loss: 0.3340, Train Accuracy: 0.9475, Test Loss: 0.3011, Test Accuracy: 0.9471
Epoch 33/500 - Train Loss: 0.3280, Train Accuracy: 0.9525, Test Loss: 0.2981, Test Accuracy: 0.9528
Epoch 34/500 - Train Loss: 0.3260, Train Accuracy: 0.9450, Test Loss: 0.3126, Test Accuracy: 0.9458
Epoch 35/500 - Train Loss: 0.3127, Train Accuracy: 0.9450, Test Loss: 0.3012, Test Accuracy: 0.9458
Epoch 36/500 - Train Loss: 0.2982, Train Accuracy: 0.9575, Test Loss: 0.2955, Test Accuracy: 0.9537
Epoch 37/500 - Train Loss: 0.2808, Train Accuracy: 0.9600, Test Loss: 0.2922, Test Accuracy: 0.9554
Epoch 38/500 - Train Loss: 0.2663, Train Accuracy: 0.9675, Test Loss: 0.2979, Test Accuracy: 0.9524
Epoch 39/500 - Train Loss: 0.2809, Train Accuracy: 0.9625, Test Loss: 0.3024, Test Accuracy: 0.9480
Epoch 40/500 - Train Loss: 0.2953, Train Accuracy: 0.9600, Test Loss: 0.2954, Test Accuracy: 0.9528
Epoch 41/500 - Train Loss: 0.2681, Train Accuracy: 0.9650, Test Loss: 0.2893, Test Accuracy: 0.9545
Epoch 42/500 - Train Loss: 0.2699, Train Accuracy: 0.9675, Test Loss: 0.2869, Test Accuracy: 0.9567
Epoch 43/500 - Train Loss: 0.2803, Train Accuracy: 0.9650, Test Loss: 0.2874, Test Accuracy: 0.9519
Epoch 44/500 - Train Loss: 0.2780, Train Accuracy: 0.9625, Test Loss: 0.2859, Test Accuracy: 0.9515
Epoch 45/500 - Train Loss: 0.2507, Train Accuracy: 0.9750, Test Loss: 0.2872, Test Accuracy: 0.9510
Epoch 46/500 - Train Loss: 0.2615, Train Accuracy: 0.9650, Test Loss: 0.2875, Test Accuracy: 0.9489
Epoch 47/500 - Train Loss: 0.2749, Train Accuracy: 0.9600, Test Loss: 0.2886, Test Accuracy: 0.9528
Epoch 48/500 - Train Loss: 0.2469, Train Accuracy: 0.9725, Test Loss: 0.2898, Test Accuracy: 0.9493
Epoch 49/500 - Train Loss: 0.2294, Train Accuracy: 0.9800, Test Loss: 0.2913, Test Accuracy: 0.9454
Epoch 50/500 - Train Loss: 0.2571, Train Accuracy: 0.9675, Test Loss: 0.2929, Test Accuracy: 0.9476
Epoch 51/500 - Train Loss: 0.2431, Train Accuracy: 0.9700, Test Loss: 0.2917, Test Accuracy: 0.9462
Epoch 52/500 - Train Loss: 0.2519, Train Accuracy: 0.9675, Test Loss: 0.2900, Test Accuracy: 0.9493
Epoch 53/500 - Train Loss: 0.2465, Train Accuracy: 0.9700, Test Loss: 0.2857, Test Accuracy: 0.9510
Epoch 54/500 - Train Loss: 0.2552, Train Accuracy: 0.9675, Test Loss: 0.2938, Test Accuracy: 0.9489
Epoch 55/500 - Train Loss: 0.2248, Train Accuracy: 0.9800, Test Loss: 0.2888, Test Accuracy: 0.9506
Epoch 56/500 - Train Loss: 0.2126, Train Accuracy: 0.9750, Test Loss: 0.2867, Test Accuracy: 0.9493
Epoch 57/500 - Train Loss: 0.2266, Train Accuracy: 0.9750, Test Loss: 0.2913, Test Accuracy: 0.9458
Epoch 58/500 - Train Loss: 0.2446, Train Accuracy: 0.9675, Test Loss: 0.2858, Test Accuracy: 0.9510
Epoch 59/500 - Train Loss: 0.2603, Train Accuracy: 0.9625, Test Loss: 0.2893, Test Accuracy: 0.9519
Epoch 60/500 - Train Loss: 0.2302, Train Accuracy: 0.9700, Test Loss: 0.2908, Test Accuracy: 0.9506
Epoch 61/500 - Train Loss: 0.2087, Train Accuracy: 0.9850, Test Loss: 0.2874, Test Accuracy: 0.9528
Epoch 62/500 - Train Loss: 0.2345, Train Accuracy: 0.9700, Test Loss: 0.2855, Test Accuracy: 0.9545
Epoch 63/500 - Train Loss: 0.2369, Train Accuracy: 0.9675, Test Loss: 0.2871, Test Accuracy: 0.9476
Epoch 64/500 - Train Loss: 0.2363, Train Accuracy: 0.9725, Test Loss: 0.2930, Test Accuracy: 0.9432
Epoch 65/500 - Train Loss: 0.2149, Train Accuracy: 0.9750, Test Loss: 0.2821, Test Accuracy: 0.9545
Epoch 66/500 - Train Loss: 0.1943, Train Accuracy: 0.9800, Test Loss: 0.2800, Test Accuracy: 0.9502
Epoch 67/500 - Train Loss: 0.2204, Train Accuracy: 0.9725, Test Loss: 0.2801, Test Accuracy: 0.9545
Epoch 68/500 - Train Loss: 0.2342, Train Accuracy: 0.9750, Test Loss: 0.2905, Test Accuracy: 0.9484
Epoch 69/500 - Train Loss: 0.2043, Train Accuracy: 0.9900, Test Loss: 0.2878, Test Accuracy: 0.9524
Epoch 70/500 - Train Loss: 0.2107, Train Accuracy: 0.9725, Test Loss: 0.2835, Test Accuracy: 0.9537
Epoch 71/500 - Train Loss: 0.2219, Train Accuracy: 0.9725, Test Loss: 0.2961, Test Accuracy: 0.9489
Epoch 72/500 - Train Loss: 0.2235, Train Accuracy: 0.9725, Test Loss: 0.2927, Test Accuracy: 0.9502
Epoch 73/500 - Train Loss: 0.2227, Train Accuracy: 0.9775, Test Loss: 0.2861, Test Accuracy: 0.9502
Epoch 74/500 - Train Loss: 0.1871, Train Accuracy: 0.9925, Test Loss: 0.2835, Test Accuracy: 0.9528
Epoch 75/500 - Train Loss: 0.2183, Train Accuracy: 0.9725, Test Loss: 0.2949, Test Accuracy: 0.9449
Epoch 76/500 - Train Loss: 0.2366, Train Accuracy: 0.9650, Test Loss: 0.2923, Test Accuracy: 0.9462
Epoch 77/500 - Train Loss: 0.2469, Train Accuracy: 0.9675, Test Loss: 0.2998, Test Accuracy: 0.9441
Epoch 78/500 - Train Loss: 0.1965, Train Accuracy: 0.9900, Test Loss: 0.3014, Test Accuracy: 0.9445
Epoch 79/500 - Train Loss: 0.2065, Train Accuracy: 0.9800, Test Loss: 0.2974, Test Accuracy: 0.9454
Epoch 80/500 - Train Loss: 0.2249, Train Accuracy: 0.9650, Test Loss: 0.2908, Test Accuracy: 0.9510
Epoch 81/500 - Train Loss: 0.2207, Train Accuracy: 0.9725, Test Loss: 0.2972, Test Accuracy: 0.9432

Early stopping triggered at epoch 81
Best test loss: 0.2800
Best test accuracy: 0.9567
Plot saved as trained_models/Sweep_data run/metrics/loss.png
Plot saved as trained_models/Sweep_data run/metrics/metrics.png
