wandb: Starting wandb agent 🕵️
2026-01-10 19:31:43,710 - wandb.wandb_agent - INFO - Running runs: []
2026-01-10 19:31:44,013 - wandb.wandb_agent - INFO - Agent received command: run
2026-01-10 19:31:44,013 - wandb.wandb_agent - INFO - Agent starting run with config:
	affine: 0.9769025987112184
	blur: 0.3523270816421674
	brightness: 1.042433558341899
	contrast: 0.6499752388741841
	crop: 0.4175684335388685
	crop_scale: 0.9693550442760326
	flip: 0.7274922261836684
	gaussian_blur_kernel: 3
	gaussian_noise_std: 2.496243039926924
	grey: 0.06840174951054045
	hue: -0.085667302431368
	jiggle: 0.8367865050492571
	rotate: 0.8780619569990067
	rotation: 44
	saturation: 0.8483465797250165
	scale: 1.029836413761208
	shear: 38
	translate_x: 0.3362793470216501
	translate_y: 0.2972806190431643
2026-01-10 19:31:44,017 - wandb.wandb_agent - INFO - About to run command: /usr/bin/env python train_data.py --affine=0.9769025987112184 --blur=0.3523270816421674 --brightness=1.042433558341899 --contrast=0.6499752388741841 --crop=0.4175684335388685 --crop_scale=0.9693550442760326 --flip=0.7274922261836684 --gaussian_blur_kernel=3 --gaussian_noise_std=2.496243039926924 --grey=0.06840174951054045 --hue=-0.085667302431368 --jiggle=0.8367865050492571 --rotate=0.8780619569990067 --rotation=44 --saturation=0.8483465797250165 --scale=1.029836413761208 --shear=38 --translate_x=0.3362793470216501 --translate_y=0.2972806190431643
wandb: Currently logged in as: arnaumarcosalmansa (mcv-team-6) to https://api.wandb.ai. Use `wandb login --relogin` to force relogin
wandb: WARNING Ignoring project 'C3-Week3' when running a sweep.
wandb: WARNING Ignoring entity 'mcv-team-6' when running a sweep.
2026-01-10 19:31:49,024 - wandb.wandb_agent - INFO - Running runs: ['8tl8khgx']
wandb: setting up run 8tl8khgx
wandb: Tracking run with wandb version 0.23.1
wandb: Run data is saved locally in /export/home/group06/workspace/project-team-6/Week3/wandb/run-20260110_193148-8tl8khgx
wandb: Run `wandb offline` to turn off syncing.
wandb: Syncing run Sweep run
wandb: ⭐️ View project at https://wandb.ai/mcv-team-6/C3-Week3
wandb: 🧹 View sweep at https://wandb.ai/mcv-team-6/C3-Week3/sweeps/g5vb4edr
wandb: 🚀 View run at https://wandb.ai/mcv-team-6/C3-Week3/runs/8tl8khgx
Traceback (most recent call last):
  File "/export/home/group06/workspace/project-team-6/Week3/train_data.py", line 61, in <module>
    ka.ColorJitter(brightness=cfg.brightness,
  File "/ghome/group06/miniconda3/envs/c3/lib/python3.12/site-packages/kornia/augmentation/_2d/intensity/color_jitter.py", line 105, in __init__
    self._param_generator = rg.ColorJitterGenerator(brightness, contrast, saturation, hue)
                            ^^^^^^^^^^^^^^^^^^^^^^^^^^^^^^^^^^^^^^^^^^^^^^^^^^^^^^^^^^^^^^
  File "/ghome/group06/miniconda3/envs/c3/lib/python3.12/site-packages/kornia/augmentation/random_generator/base.py", line 34, in __call__
    obj.__post_init__()
  File "/ghome/group06/miniconda3/envs/c3/lib/python3.12/site-packages/kornia/augmentation/random_generator/base.py", line 48, in __post_init__
    self.set_rng_device_and_dtype()
  File "/ghome/group06/miniconda3/envs/c3/lib/python3.12/site-packages/kornia/augmentation/random_generator/base.py", line 64, in set_rng_device_and_dtype
    self.make_samplers(device, dtype)
  File "/ghome/group06/miniconda3/envs/c3/lib/python3.12/site-packages/kornia/augmentation/random_generator/_2d/color_jitter.py", line 86, in make_samplers
    hue: Tensor = _range_bound(self.hue, "hue", bounds=(-0.5, 0.5), device=device, dtype=dtype)
                  ^^^^^^^^^^^^^^^^^^^^^^^^^^^^^^^^^^^^^^^^^^^^^^^^^^^^^^^^^^^^^^^^^^^^^^^^^^^^^
  File "/ghome/group06/miniconda3/envs/c3/lib/python3.12/site-packages/kornia/augmentation/utils/param_validation.py", line 53, in _range_bound
    raise ValueError(f"If {name} is a single number, it must be non negative. Got {factor}.")
ValueError: If hue is a single number, it must be non negative. Got -0.08566730469465256.
2026-01-10 19:31:54,182 - wandb.wandb_agent - INFO - Cleaning up finished run: 8tl8khgx
wandb: Terminating and syncing runs. Press ctrl-c to kill.
