Using GPU 0: NVIDIA GeForce RTX 3090
Epoch 1/500 - Train Loss: 2.0290, Train Accuracy: 0.1975, Test Loss: 2.0705, Test Accuracy: 0.1635
Epoch 2/500 - Train Loss: 1.8337, Train Accuracy: 0.3525, Test Loss: 1.8538, Test Accuracy: 0.3566
Epoch 3/500 - Train Loss: 1.6606, Train Accuracy: 0.5075, Test Loss: 1.6006, Test Accuracy: 0.5428
Epoch 4/500 - Train Loss: 1.4677, Train Accuracy: 0.6450, Test Loss: 1.3662, Test Accuracy: 0.6932
Epoch 5/500 - Train Loss: 1.3416, Train Accuracy: 0.7125, Test Loss: 1.1686, Test Accuracy: 0.7574
Epoch 6/500 - Train Loss: 1.1957, Train Accuracy: 0.7625, Test Loss: 1.0109, Test Accuracy: 0.8051
Epoch 7/500 - Train Loss: 1.0575, Train Accuracy: 0.8075, Test Loss: 0.9061, Test Accuracy: 0.8243
Epoch 8/500 - Train Loss: 0.9878, Train Accuracy: 0.8100, Test Loss: 0.8096, Test Accuracy: 0.8580
Epoch 9/500 - Train Loss: 0.8996, Train Accuracy: 0.8350, Test Loss: 0.7318, Test Accuracy: 0.8816
Epoch 10/500 - Train Loss: 0.8087, Train Accuracy: 0.8525, Test Loss: 0.6678, Test Accuracy: 0.8990
Epoch 11/500 - Train Loss: 0.7611, Train Accuracy: 0.8500, Test Loss: 0.6045, Test Accuracy: 0.9065
Epoch 12/500 - Train Loss: 0.7145, Train Accuracy: 0.8400, Test Loss: 0.5614, Test Accuracy: 0.9065
Epoch 13/500 - Train Loss: 0.6411, Train Accuracy: 0.8650, Test Loss: 0.5195, Test Accuracy: 0.9139
Epoch 14/500 - Train Loss: 0.6292, Train Accuracy: 0.8875, Test Loss: 0.4889, Test Accuracy: 0.9209
Epoch 15/500 - Train Loss: 0.6005, Train Accuracy: 0.8850, Test Loss: 0.4518, Test Accuracy: 0.9301
Epoch 16/500 - Train Loss: 0.5695, Train Accuracy: 0.9000, Test Loss: 0.4328, Test Accuracy: 0.9327
Epoch 17/500 - Train Loss: 0.5359, Train Accuracy: 0.8850, Test Loss: 0.4112, Test Accuracy: 0.9314
Epoch 18/500 - Train Loss: 0.5055, Train Accuracy: 0.9125, Test Loss: 0.3984, Test Accuracy: 0.9349
Epoch 19/500 - Train Loss: 0.4490, Train Accuracy: 0.9250, Test Loss: 0.3840, Test Accuracy: 0.9366
Epoch 20/500 - Train Loss: 0.4689, Train Accuracy: 0.9100, Test Loss: 0.3815, Test Accuracy: 0.9358
Epoch 21/500 - Train Loss: 0.4734, Train Accuracy: 0.9150, Test Loss: 0.3772, Test Accuracy: 0.9379
Epoch 22/500 - Train Loss: 0.4165, Train Accuracy: 0.9350, Test Loss: 0.3660, Test Accuracy: 0.9419
Epoch 23/500 - Train Loss: 0.4242, Train Accuracy: 0.9100, Test Loss: 0.3580, Test Accuracy: 0.9397
Epoch 24/500 - Train Loss: 0.4194, Train Accuracy: 0.9175, Test Loss: 0.3494, Test Accuracy: 0.9436
Epoch 25/500 - Train Loss: 0.4061, Train Accuracy: 0.9425, Test Loss: 0.3572, Test Accuracy: 0.9375
Epoch 26/500 - Train Loss: 0.3904, Train Accuracy: 0.9300, Test Loss: 0.3383, Test Accuracy: 0.9445
Epoch 27/500 - Train Loss: 0.4031, Train Accuracy: 0.9300, Test Loss: 0.3416, Test Accuracy: 0.9410
Epoch 28/500 - Train Loss: 0.3791, Train Accuracy: 0.9250, Test Loss: 0.3353, Test Accuracy: 0.9414
Epoch 29/500 - Train Loss: 0.3228, Train Accuracy: 0.9425, Test Loss: 0.3308, Test Accuracy: 0.9401
Epoch 30/500 - Train Loss: 0.3442, Train Accuracy: 0.9275, Test Loss: 0.3264, Test Accuracy: 0.9427
Epoch 31/500 - Train Loss: 0.3373, Train Accuracy: 0.9425, Test Loss: 0.3277, Test Accuracy: 0.9392
Epoch 32/500 - Train Loss: 0.3611, Train Accuracy: 0.9375, Test Loss: 0.3207, Test Accuracy: 0.9427
Epoch 33/500 - Train Loss: 0.3498, Train Accuracy: 0.9400, Test Loss: 0.3172, Test Accuracy: 0.9454
Epoch 34/500 - Train Loss: 0.3188, Train Accuracy: 0.9425, Test Loss: 0.3177, Test Accuracy: 0.9432
Epoch 35/500 - Train Loss: 0.3745, Train Accuracy: 0.9250, Test Loss: 0.3313, Test Accuracy: 0.9349
Epoch 36/500 - Train Loss: 0.3100, Train Accuracy: 0.9550, Test Loss: 0.3627, Test Accuracy: 0.9161
Epoch 37/500 - Train Loss: 0.2967, Train Accuracy: 0.9600, Test Loss: 0.3224, Test Accuracy: 0.9371
Epoch 38/500 - Train Loss: 0.3184, Train Accuracy: 0.9475, Test Loss: 0.3155, Test Accuracy: 0.9414
Epoch 39/500 - Train Loss: 0.3351, Train Accuracy: 0.9350, Test Loss: 0.3396, Test Accuracy: 0.9292
Epoch 40/500 - Train Loss: 0.3124, Train Accuracy: 0.9475, Test Loss: 0.3209, Test Accuracy: 0.9358
Epoch 41/500 - Train Loss: 0.2820, Train Accuracy: 0.9625, Test Loss: 0.3265, Test Accuracy: 0.9358
Epoch 42/500 - Train Loss: 0.2912, Train Accuracy: 0.9625, Test Loss: 0.3234, Test Accuracy: 0.9392
Epoch 43/500 - Train Loss: 0.3051, Train Accuracy: 0.9400, Test Loss: 0.3398, Test Accuracy: 0.9274
Epoch 44/500 - Train Loss: 0.2831, Train Accuracy: 0.9600, Test Loss: 0.3357, Test Accuracy: 0.9296
Epoch 45/500 - Train Loss: 0.2685, Train Accuracy: 0.9650, Test Loss: 0.3258, Test Accuracy: 0.9327
Epoch 46/500 - Train Loss: 0.2484, Train Accuracy: 0.9650, Test Loss: 0.3223, Test Accuracy: 0.9353
Epoch 47/500 - Train Loss: 0.2793, Train Accuracy: 0.9575, Test Loss: 0.3358, Test Accuracy: 0.9296
Epoch 48/500 - Train Loss: 0.2650, Train Accuracy: 0.9750, Test Loss: 0.3415, Test Accuracy: 0.9253
Epoch 49/500 - Train Loss: 0.2655, Train Accuracy: 0.9600, Test Loss: 0.3229, Test Accuracy: 0.9323
Epoch 50/500 - Train Loss: 0.2591, Train Accuracy: 0.9600, Test Loss: 0.3167, Test Accuracy: 0.9358
Epoch 51/500 - Train Loss: 0.2736, Train Accuracy: 0.9750, Test Loss: 0.3095, Test Accuracy: 0.9423
Epoch 52/500 - Train Loss: 0.2512, Train Accuracy: 0.9700, Test Loss: 0.3169, Test Accuracy: 0.9366
Epoch 53/500 - Train Loss: 0.2421, Train Accuracy: 0.9650, Test Loss: 0.3484, Test Accuracy: 0.9213
Epoch 54/500 - Train Loss: 0.2541, Train Accuracy: 0.9700, Test Loss: 0.3361, Test Accuracy: 0.9274
Epoch 55/500 - Train Loss: 0.2369, Train Accuracy: 0.9675, Test Loss: 0.3187, Test Accuracy: 0.9375
Epoch 56/500 - Train Loss: 0.2369, Train Accuracy: 0.9725, Test Loss: 0.3146, Test Accuracy: 0.9388
Epoch 57/500 - Train Loss: 0.2463, Train Accuracy: 0.9775, Test Loss: 0.3136, Test Accuracy: 0.9379
Epoch 58/500 - Train Loss: 0.2053, Train Accuracy: 0.9900, Test Loss: 0.3257, Test Accuracy: 0.9340
Epoch 59/500 - Train Loss: 0.2232, Train Accuracy: 0.9750, Test Loss: 0.3286, Test Accuracy: 0.9327
Epoch 60/500 - Train Loss: 0.2309, Train Accuracy: 0.9800, Test Loss: 0.3307, Test Accuracy: 0.9314
Epoch 61/500 - Train Loss: 0.2328, Train Accuracy: 0.9800, Test Loss: 0.3213, Test Accuracy: 0.9371
Epoch 62/500 - Train Loss: 0.2240, Train Accuracy: 0.9850, Test Loss: 0.3177, Test Accuracy: 0.9392
Epoch 63/500 - Train Loss: 0.2312, Train Accuracy: 0.9775, Test Loss: 0.3250, Test Accuracy: 0.9379
Epoch 64/500 - Train Loss: 0.2270, Train Accuracy: 0.9750, Test Loss: 0.3172, Test Accuracy: 0.9410
Epoch 65/500 - Train Loss: 0.2521, Train Accuracy: 0.9650, Test Loss: 0.3714, Test Accuracy: 0.9161
Epoch 66/500 - Train Loss: 0.2112, Train Accuracy: 0.9850, Test Loss: 0.3658, Test Accuracy: 0.9165

Early stopping triggered at epoch 66
Best test loss: 0.3095
Best test accuracy: 0.9454
Plot saved as trained_models/Sweep_data run/metrics/loss.png
Plot saved as trained_models/Sweep_data run/metrics/metrics.png
