Using GPU 0: NVIDIA GeForce RTX 3090
Epoch 1/500 - Train Loss: 2.0934, Train Accuracy: 0.1825, Test Loss: 2.0365, Test Accuracy: 0.1840
Epoch 2/500 - Train Loss: 1.8079, Train Accuracy: 0.3800, Test Loss: 1.8003, Test Accuracy: 0.3816
Epoch 3/500 - Train Loss: 1.5865, Train Accuracy: 0.5575, Test Loss: 1.5528, Test Accuracy: 0.5638
Epoch 4/500 - Train Loss: 1.3755, Train Accuracy: 0.7150, Test Loss: 1.3528, Test Accuracy: 0.6897
Epoch 5/500 - Train Loss: 1.1953, Train Accuracy: 0.7850, Test Loss: 1.1759, Test Accuracy: 0.7601
Epoch 6/500 - Train Loss: 1.0399, Train Accuracy: 0.8250, Test Loss: 1.0371, Test Accuracy: 0.8138
Epoch 7/500 - Train Loss: 0.8853, Train Accuracy: 0.8650, Test Loss: 0.9090, Test Accuracy: 0.8601
Epoch 8/500 - Train Loss: 0.8262, Train Accuracy: 0.8725, Test Loss: 0.8162, Test Accuracy: 0.8811
Epoch 9/500 - Train Loss: 0.7360, Train Accuracy: 0.8900, Test Loss: 0.7335, Test Accuracy: 0.8894
Epoch 10/500 - Train Loss: 0.6636, Train Accuracy: 0.9075, Test Loss: 0.6598, Test Accuracy: 0.9034
Epoch 11/500 - Train Loss: 0.5902, Train Accuracy: 0.9250, Test Loss: 0.5993, Test Accuracy: 0.9174
Epoch 12/500 - Train Loss: 0.5453, Train Accuracy: 0.9225, Test Loss: 0.5575, Test Accuracy: 0.9152
Epoch 13/500 - Train Loss: 0.5156, Train Accuracy: 0.9425, Test Loss: 0.5128, Test Accuracy: 0.9270
Epoch 14/500 - Train Loss: 0.4762, Train Accuracy: 0.9300, Test Loss: 0.4826, Test Accuracy: 0.9296
Epoch 15/500 - Train Loss: 0.4468, Train Accuracy: 0.9425, Test Loss: 0.4578, Test Accuracy: 0.9296
Epoch 16/500 - Train Loss: 0.4299, Train Accuracy: 0.9450, Test Loss: 0.4362, Test Accuracy: 0.9309
Epoch 17/500 - Train Loss: 0.3709, Train Accuracy: 0.9525, Test Loss: 0.4225, Test Accuracy: 0.9309
Epoch 18/500 - Train Loss: 0.4024, Train Accuracy: 0.9375, Test Loss: 0.4017, Test Accuracy: 0.9358
Epoch 19/500 - Train Loss: 0.3823, Train Accuracy: 0.9375, Test Loss: 0.3898, Test Accuracy: 0.9309
Epoch 20/500 - Train Loss: 0.3542, Train Accuracy: 0.9575, Test Loss: 0.3789, Test Accuracy: 0.9309
Epoch 21/500 - Train Loss: 0.3465, Train Accuracy: 0.9550, Test Loss: 0.3687, Test Accuracy: 0.9340
Epoch 22/500 - Train Loss: 0.3135, Train Accuracy: 0.9675, Test Loss: 0.3587, Test Accuracy: 0.9384
Epoch 23/500 - Train Loss: 0.3108, Train Accuracy: 0.9775, Test Loss: 0.3608, Test Accuracy: 0.9344
Epoch 24/500 - Train Loss: 0.2610, Train Accuracy: 0.9800, Test Loss: 0.3494, Test Accuracy: 0.9397
Epoch 25/500 - Train Loss: 0.2676, Train Accuracy: 0.9800, Test Loss: 0.3454, Test Accuracy: 0.9388
Epoch 26/500 - Train Loss: 0.2555, Train Accuracy: 0.9825, Test Loss: 0.3410, Test Accuracy: 0.9384
Epoch 27/500 - Train Loss: 0.2473, Train Accuracy: 0.9825, Test Loss: 0.3332, Test Accuracy: 0.9419
Epoch 28/500 - Train Loss: 0.2475, Train Accuracy: 0.9750, Test Loss: 0.3314, Test Accuracy: 0.9388
Epoch 29/500 - Train Loss: 0.2338, Train Accuracy: 0.9900, Test Loss: 0.3417, Test Accuracy: 0.9353
Epoch 30/500 - Train Loss: 0.2356, Train Accuracy: 0.9875, Test Loss: 0.3350, Test Accuracy: 0.9392
Epoch 31/500 - Train Loss: 0.2122, Train Accuracy: 0.9925, Test Loss: 0.3273, Test Accuracy: 0.9427
Epoch 32/500 - Train Loss: 0.2382, Train Accuracy: 0.9900, Test Loss: 0.3251, Test Accuracy: 0.9392
Epoch 33/500 - Train Loss: 0.2247, Train Accuracy: 0.9875, Test Loss: 0.3229, Test Accuracy: 0.9414
Epoch 34/500 - Train Loss: 0.2184, Train Accuracy: 0.9850, Test Loss: 0.3179, Test Accuracy: 0.9414
Epoch 35/500 - Train Loss: 0.2242, Train Accuracy: 0.9825, Test Loss: 0.3212, Test Accuracy: 0.9414
Epoch 36/500 - Train Loss: 0.2081, Train Accuracy: 0.9900, Test Loss: 0.3276, Test Accuracy: 0.9406
Epoch 37/500 - Train Loss: 0.1927, Train Accuracy: 0.9975, Test Loss: 0.3171, Test Accuracy: 0.9432
Epoch 38/500 - Train Loss: 0.2000, Train Accuracy: 0.9950, Test Loss: 0.3143, Test Accuracy: 0.9432
Epoch 39/500 - Train Loss: 0.1979, Train Accuracy: 0.9925, Test Loss: 0.3214, Test Accuracy: 0.9406
Epoch 40/500 - Train Loss: 0.1936, Train Accuracy: 0.9875, Test Loss: 0.3244, Test Accuracy: 0.9427
Epoch 41/500 - Train Loss: 0.2000, Train Accuracy: 0.9875, Test Loss: 0.3193, Test Accuracy: 0.9406
Epoch 42/500 - Train Loss: 0.1973, Train Accuracy: 0.9875, Test Loss: 0.3111, Test Accuracy: 0.9432
Epoch 43/500 - Train Loss: 0.1806, Train Accuracy: 0.9950, Test Loss: 0.3106, Test Accuracy: 0.9445
Epoch 44/500 - Train Loss: 0.1817, Train Accuracy: 0.9950, Test Loss: 0.3086, Test Accuracy: 0.9436
Epoch 45/500 - Train Loss: 0.1885, Train Accuracy: 0.9925, Test Loss: 0.3101, Test Accuracy: 0.9441
Epoch 46/500 - Train Loss: 0.1806, Train Accuracy: 0.9975, Test Loss: 0.3095, Test Accuracy: 0.9414
Epoch 47/500 - Train Loss: 0.1832, Train Accuracy: 0.9950, Test Loss: 0.3114, Test Accuracy: 0.9436
Epoch 48/500 - Train Loss: 0.1894, Train Accuracy: 0.9925, Test Loss: 0.3107, Test Accuracy: 0.9414
Epoch 49/500 - Train Loss: 0.1846, Train Accuracy: 0.9950, Test Loss: 0.3129, Test Accuracy: 0.9353
Epoch 50/500 - Train Loss: 0.1737, Train Accuracy: 0.9950, Test Loss: 0.3094, Test Accuracy: 0.9410
Epoch 51/500 - Train Loss: 0.1784, Train Accuracy: 0.9975, Test Loss: 0.3102, Test Accuracy: 0.9419
Epoch 52/500 - Train Loss: 0.1741, Train Accuracy: 0.9975, Test Loss: 0.3174, Test Accuracy: 0.9375
Epoch 53/500 - Train Loss: 0.1824, Train Accuracy: 0.9925, Test Loss: 0.3128, Test Accuracy: 0.9406
Epoch 54/500 - Train Loss: 0.1783, Train Accuracy: 0.9900, Test Loss: 0.3173, Test Accuracy: 0.9392
Epoch 55/500 - Train Loss: 0.1632, Train Accuracy: 0.9950, Test Loss: 0.3216, Test Accuracy: 0.9375
Epoch 56/500 - Train Loss: 0.1624, Train Accuracy: 1.0000, Test Loss: 0.3288, Test Accuracy: 0.9318
Epoch 57/500 - Train Loss: 0.1713, Train Accuracy: 0.9975, Test Loss: 0.3286, Test Accuracy: 0.9340
Epoch 58/500 - Train Loss: 0.1592, Train Accuracy: 0.9950, Test Loss: 0.3256, Test Accuracy: 0.9349
Epoch 59/500 - Train Loss: 0.1746, Train Accuracy: 0.9975, Test Loss: 0.3177, Test Accuracy: 0.9392

Early stopping triggered at epoch 59
Best test loss: 0.3086
Best test accuracy: 0.9445
Plot saved as trained_models/Sweep_data run/metrics/loss.png
Plot saved as trained_models/Sweep_data run/metrics/metrics.png
