wandb: Starting wandb agent 🕵️
2026-01-10 17:00:50,038 - wandb.wandb_agent - INFO - Running runs: []
2026-01-10 17:00:51,937 - wandb.wandb_agent - INFO - Agent received command: run
2026-01-10 17:00:51,937 - wandb.wandb_agent - INFO - Agent starting run with config:
	batch_size: 32
	label_smoothing: 0.18148857747033095
	lr: 1.3869089618795402e-05
	optimizer: Adadelta
	weight_decay: 0.0009824757507205387
2026-01-10 17:00:51,939 - wandb.wandb_agent - INFO - About to run command: /usr/bin/env python train.py --batch_size=32 --label_smoothing=0.18148857747033095 --lr=1.3869089618795402e-05 --optimizer=Adadelta --weight_decay=0.0009824757507205387
wandb: Currently logged in as: arnaumarcosalmansa (mcv-team-6) to https://api.wandb.ai. Use `wandb login --relogin` to force relogin
wandb: WARNING Ignoring project 'C3-Week3' when running a sweep.
wandb: WARNING Ignoring entity 'mcv-team-6' when running a sweep.
2026-01-10 17:00:56,945 - wandb.wandb_agent - INFO - Running runs: ['28rc0vwn']
wandb: Tracking run with wandb version 0.23.1
wandb: Run data is saved locally in /export/home/group06/workspace/project-team-6/Week3/wandb/run-20260110_170056-28rc0vwn
wandb: Run `wandb offline` to turn off syncing.
wandb: Syncing run Sweep run
wandb: ⭐️ View project at https://wandb.ai/mcv-team-6/C3-Week3
wandb: 🧹 View sweep at https://wandb.ai/mcv-team-6/C3-Week3/sweeps/k5ns8jzl
wandb: 🚀 View run at https://wandb.ai/mcv-team-6/C3-Week3/runs/28rc0vwn
TRAINING THE MODEL:   0%|          | 0/500 [00:00<?, ?it/s]TRAINING THE MODEL:   0%|          | 1/500 [00:04<36:57,  4.44s/it]TRAINING THE MODEL:   0%|          | 2/500 [00:07<30:31,  3.68s/it]TRAINING THE MODEL:   1%|          | 3/500 [00:10<28:27,  3.43s/it]TRAINING THE MODEL:   1%|          | 4/500 [00:13<27:28,  3.32s/it]TRAINING THE MODEL:   1%|          | 5/500 [00:17<26:53,  3.26s/it]TRAINING THE MODEL:   1%|          | 6/500 [00:20<26:30,  3.22s/it]TRAINING THE MODEL:   1%|▏         | 7/500 [00:23<26:17,  3.20s/it]TRAINING THE MODEL:   2%|▏         | 8/500 [00:26<26:06,  3.18s/it]TRAINING THE MODEL:   2%|▏         | 9/500 [00:29<25:57,  3.17s/it]TRAINING THE MODEL:   2%|▏         | 10/500 [00:32<25:50,  3.16s/it]TRAINING THE MODEL:   2%|▏         | 11/500 [00:35<25:44,  3.16s/it]TRAINING THE MODEL:   2%|▏         | 12/500 [00:39<25:45,  3.17s/it]TRAINING THE MODEL:   3%|▎         | 13/500 [00:42<25:40,  3.16s/it]TRAINING THE MODEL:   3%|▎         | 14/500 [00:45<25:40,  3.17s/it]TRAINING THE MODEL:   3%|▎         | 15/500 [00:48<25:34,  3.16s/it]TRAINING THE MODEL:   3%|▎         | 15/500 [00:51<27:53,  3.45s/it]
wandb: updating run metadata
wandb: uploading config.yaml
wandb: uploading console lines 4-22
wandb: 
wandb: Run history:
wandb:          epoch ▁▁▂▂▃▃▄▄▅▅▆▆▇▇██
wandb:  test_accuracy ▄▁██▇▆▆▇▆▇▆▆▆▆▆▆
wandb:      test_loss ▁▂▃▅▇▇▇▇█▇▇▆▇▇▇█
wandb: train_accuracy ▃▆▁▅▂▃▃▂▃▇▅▃▁▃█▅
wandb:     train_loss ▁▁▁▅▃▁▃▄▂▅▂█▄▇▆▁
wandb: 
wandb: Run summary:
wandb:          epoch 15
wandb:  test_accuracy 0.15778
wandb:      test_loss 2.14607
wandb: train_accuracy 0.1475
wandb:     train_loss 2.14663
wandb: 
wandb: 🚀 View run Sweep run at: https://wandb.ai/mcv-team-6/C3-Week3/runs/28rc0vwn
wandb: ⭐️ View project at: https://wandb.ai/mcv-team-6/C3-Week3
wandb: Synced 5 W&B file(s), 0 media file(s), 0 artifact file(s) and 0 other file(s)
wandb: Find logs at: ./wandb/run-20260110_170056-28rc0vwn/logs
2026-01-10 17:01:58,733 - wandb.wandb_agent - INFO - Cleaning up finished run: 28rc0vwn
wandb: Terminating and syncing runs. Press ctrl-c to kill.
