wandb: Starting wandb agent 🕵️
2026-01-10 20:23:50,454 - wandb.wandb_agent - INFO - Running runs: []
2026-01-10 20:23:50,784 - wandb.wandb_agent - INFO - Agent received command: run
2026-01-10 20:23:50,785 - wandb.wandb_agent - INFO - Agent starting run with config:
	affine: 0.34447825822228006
	blur: 0.9778362092128824
	brightness: 0.8771989345563803
	contrast: 0.6675748955387847
	crop: 0.11564545171510454
	crop_scale: 0.46967780002864745
	flip: 0.14657738847790225
	gaussian_blur_kernel: 3
	gaussian_noise_std: 2.39799954661927
	grey: 0.8794909148782061
	hue: -0.001606229855724589
	jiggle: 0.34434190921239693
	rotate: 0.7270427272991794
	rotation: 10
	saturation: 1.0392901479329737
	scale: 0.8352648869214458
	shear: 26
	translate_x: 0.30485648276251515
	translate_y: 0.2643499819849804
2026-01-10 20:23:50,789 - wandb.wandb_agent - INFO - About to run command: /usr/bin/env python train_data.py --affine=0.34447825822228006 --blur=0.9778362092128824 --brightness=0.8771989345563803 --contrast=0.6675748955387847 --crop=0.11564545171510454 --crop_scale=0.46967780002864745 --flip=0.14657738847790225 --gaussian_blur_kernel=3 --gaussian_noise_std=2.39799954661927 --grey=0.8794909148782061 --hue=-0.001606229855724589 --jiggle=0.34434190921239693 --rotate=0.7270427272991794 --rotation=10 --saturation=1.0392901479329737 --scale=0.8352648869214458 --shear=26 --translate_x=0.30485648276251515 --translate_y=0.2643499819849804
wandb: Currently logged in as: arnaumarcosalmansa (mcv-team-6) to https://api.wandb.ai. Use `wandb login --relogin` to force relogin
wandb: WARNING Ignoring project 'C3-Week3' when running a sweep.
wandb: WARNING Ignoring entity 'mcv-team-6' when running a sweep.
2026-01-10 20:23:55,792 - wandb.wandb_agent - INFO - Running runs: ['iktmy8ww']
wandb: setting up run iktmy8ww
wandb: Tracking run with wandb version 0.23.1
wandb: Run data is saved locally in /export/home/group06/workspace/project-team-6/Week3/wandb/run-20260110_202355-iktmy8ww
wandb: Run `wandb offline` to turn off syncing.
wandb: Syncing run Sweep run
wandb: ⭐️ View project at https://wandb.ai/mcv-team-6/C3-Week3
wandb: 🧹 View sweep at https://wandb.ai/mcv-team-6/C3-Week3/sweeps/g5vb4edr
wandb: 🚀 View run at https://wandb.ai/mcv-team-6/C3-Week3/runs/iktmy8ww
Traceback (most recent call last):
  File "/export/home/group06/workspace/project-team-6/Week3/train_data.py", line 61, in <module>
    ka.ColorJitter(brightness=cfg.brightness,
  File "/ghome/group06/miniconda3/envs/c3/lib/python3.12/site-packages/kornia/augmentation/_2d/intensity/color_jitter.py", line 105, in __init__
    self._param_generator = rg.ColorJitterGenerator(brightness, contrast, saturation, hue)
                            ^^^^^^^^^^^^^^^^^^^^^^^^^^^^^^^^^^^^^^^^^^^^^^^^^^^^^^^^^^^^^^
  File "/ghome/group06/miniconda3/envs/c3/lib/python3.12/site-packages/kornia/augmentation/random_generator/base.py", line 34, in __call__
    obj.__post_init__()
  File "/ghome/group06/miniconda3/envs/c3/lib/python3.12/site-packages/kornia/augmentation/random_generator/base.py", line 48, in __post_init__
    self.set_rng_device_and_dtype()
  File "/ghome/group06/miniconda3/envs/c3/lib/python3.12/site-packages/kornia/augmentation/random_generator/base.py", line 64, in set_rng_device_and_dtype
    self.make_samplers(device, dtype)
  File "/ghome/group06/miniconda3/envs/c3/lib/python3.12/site-packages/kornia/augmentation/random_generator/_2d/color_jitter.py", line 86, in make_samplers
    hue: Tensor = _range_bound(self.hue, "hue", bounds=(-0.5, 0.5), device=device, dtype=dtype)
                  ^^^^^^^^^^^^^^^^^^^^^^^^^^^^^^^^^^^^^^^^^^^^^^^^^^^^^^^^^^^^^^^^^^^^^^^^^^^^^
  File "/ghome/group06/miniconda3/envs/c3/lib/python3.12/site-packages/kornia/augmentation/utils/param_validation.py", line 53, in _range_bound
    raise ValueError(f"If {name} is a single number, it must be non negative. Got {factor}.")
ValueError: If hue is a single number, it must be non negative. Got -0.0016062298091128469.
2026-01-10 20:24:00,948 - wandb.wandb_agent - INFO - Cleaning up finished run: iktmy8ww
wandb: Terminating and syncing runs. Press ctrl-c to kill.
