wandb: Starting wandb agent 🕵️
2026-01-10 20:49:10,234 - wandb.wandb_agent - INFO - Running runs: []
2026-01-10 20:49:10,698 - wandb.wandb_agent - INFO - Agent received command: run
2026-01-10 20:49:10,698 - wandb.wandb_agent - INFO - Agent starting run with config:
	affine: 0.058154454617832085
	blur: 0.4526797224310455
	brightness: 1.3556892201275912
	contrast: 0.7479449825305151
	crop: 0.2588357178361941
	crop_scale: 0.3708928198568512
	flip: 0.6297168658446676
	gaussian_blur_kernel: 3
	gaussian_noise_std: 2.0317438741264384
	grey: 0.6963361045049217
	hue: -0.050010019217247376
	jiggle: 0.6545556830606107
	rotate: 0.22434612677006335
	rotation: 24
	saturation: 1.1114350154286674
	scale: 1.1563268795751362
	shear: 32
	translate_x: 0.12272445995902737
	translate_y: 0.37984958275916814
2026-01-10 20:49:10,702 - wandb.wandb_agent - INFO - About to run command: /usr/bin/env python train_data.py --affine=0.058154454617832085 --blur=0.4526797224310455 --brightness=1.3556892201275912 --contrast=0.7479449825305151 --crop=0.2588357178361941 --crop_scale=0.3708928198568512 --flip=0.6297168658446676 --gaussian_blur_kernel=3 --gaussian_noise_std=2.0317438741264384 --grey=0.6963361045049217 --hue=-0.050010019217247376 --jiggle=0.6545556830606107 --rotate=0.22434612677006335 --rotation=24 --saturation=1.1114350154286674 --scale=1.1563268795751362 --shear=32 --translate_x=0.12272445995902737 --translate_y=0.37984958275916814
wandb: Currently logged in as: arnaumarcosalmansa (mcv-team-6) to https://api.wandb.ai. Use `wandb login --relogin` to force relogin
wandb: WARNING Ignoring project 'C3-Week3' when running a sweep.
wandb: WARNING Ignoring entity 'mcv-team-6' when running a sweep.
2026-01-10 20:49:15,709 - wandb.wandb_agent - INFO - Running runs: ['szxt96ss']
wandb: setting up run szxt96ss
wandb: Tracking run with wandb version 0.23.1
wandb: Run data is saved locally in /export/home/group06/workspace/project-team-6/Week3/wandb/run-20260110_204914-szxt96ss
wandb: Run `wandb offline` to turn off syncing.
wandb: Syncing run Sweep run
wandb: ⭐️ View project at https://wandb.ai/mcv-team-6/C3-Week3
wandb: 🧹 View sweep at https://wandb.ai/mcv-team-6/C3-Week3/sweeps/8yeenlu8
wandb: 🚀 View run at https://wandb.ai/mcv-team-6/C3-Week3/runs/szxt96ss
Traceback (most recent call last):
  File "/export/home/group06/workspace/project-team-6/Week3/train_data.py", line 61, in <module>
    ka.ColorJitter(brightness=cfg.brightness,
  File "/ghome/group06/miniconda3/envs/c3/lib/python3.12/site-packages/kornia/augmentation/_2d/intensity/color_jitter.py", line 105, in __init__
    self._param_generator = rg.ColorJitterGenerator(brightness, contrast, saturation, hue)
                            ^^^^^^^^^^^^^^^^^^^^^^^^^^^^^^^^^^^^^^^^^^^^^^^^^^^^^^^^^^^^^^
  File "/ghome/group06/miniconda3/envs/c3/lib/python3.12/site-packages/kornia/augmentation/random_generator/base.py", line 34, in __call__
    obj.__post_init__()
  File "/ghome/group06/miniconda3/envs/c3/lib/python3.12/site-packages/kornia/augmentation/random_generator/base.py", line 48, in __post_init__
    self.set_rng_device_and_dtype()
  File "/ghome/group06/miniconda3/envs/c3/lib/python3.12/site-packages/kornia/augmentation/random_generator/base.py", line 64, in set_rng_device_and_dtype
    self.make_samplers(device, dtype)
  File "/ghome/group06/miniconda3/envs/c3/lib/python3.12/site-packages/kornia/augmentation/random_generator/_2d/color_jitter.py", line 86, in make_samplers
    hue: Tensor = _range_bound(self.hue, "hue", bounds=(-0.5, 0.5), device=device, dtype=dtype)
                  ^^^^^^^^^^^^^^^^^^^^^^^^^^^^^^^^^^^^^^^^^^^^^^^^^^^^^^^^^^^^^^^^^^^^^^^^^^^^^
  File "/ghome/group06/miniconda3/envs/c3/lib/python3.12/site-packages/kornia/augmentation/utils/param_validation.py", line 53, in _range_bound
    raise ValueError(f"If {name} is a single number, it must be non negative. Got {factor}.")
ValueError: If hue is a single number, it must be non negative. Got -0.050010018050670624.
2026-01-10 20:49:20,856 - wandb.wandb_agent - INFO - Cleaning up finished run: szxt96ss
wandb: Terminating and syncing runs. Press ctrl-c to kill.
