wandb: Starting wandb agent 🕵️
2026-01-10 20:40:16,360 - wandb.wandb_agent - INFO - Running runs: []
2026-01-10 20:40:16,942 - wandb.wandb_agent - INFO - Agent received command: run
2026-01-10 20:40:16,942 - wandb.wandb_agent - INFO - Agent starting run with config:
	affine: 0.13332273862434396
	blur: 0.014421221373926764
	brightness: 1.1300184695524758
	contrast: 0.7561614031517999
	crop: 0.6396776708326938
	crop_scale: 0.8731390363780571
	flip: 0.7000728777697846
	gaussian_blur_kernel: 3
	gaussian_noise_std: 1.5314064473361182
	grey: 0.17657802239748666
	hue: -0.0007442692562126679
	jiggle: 0.6547940348718297
	rotate: 0.8916827928673632
	rotation: 33
	saturation: 1.3048456944507376
	scale: 0.9356022770057512
	shear: 11
	translate_x: 0.021493457283289663
	translate_y: 0.3515557279491808
2026-01-10 20:40:16,945 - wandb.wandb_agent - INFO - About to run command: /usr/bin/env python train_data.py --affine=0.13332273862434396 --blur=0.014421221373926764 --brightness=1.1300184695524758 --contrast=0.7561614031517999 --crop=0.6396776708326938 --crop_scale=0.8731390363780571 --flip=0.7000728777697846 --gaussian_blur_kernel=3 --gaussian_noise_std=1.5314064473361182 --grey=0.17657802239748666 --hue=-0.0007442692562126679 --jiggle=0.6547940348718297 --rotate=0.8916827928673632 --rotation=33 --saturation=1.3048456944507376 --scale=0.9356022770057512 --shear=11 --translate_x=0.021493457283289663 --translate_y=0.3515557279491808
wandb: Currently logged in as: arnaumarcosalmansa (mcv-team-6) to https://api.wandb.ai. Use `wandb login --relogin` to force relogin
wandb: WARNING Ignoring project 'C3-Week3' when running a sweep.
wandb: WARNING Ignoring entity 'mcv-team-6' when running a sweep.
2026-01-10 20:40:21,952 - wandb.wandb_agent - INFO - Running runs: ['73fkpkwe']
wandb: setting up run 73fkpkwe
wandb: Tracking run with wandb version 0.23.1
wandb: Run data is saved locally in /export/home/group06/workspace/project-team-6/Week3/wandb/run-20260110_204021-73fkpkwe
wandb: Run `wandb offline` to turn off syncing.
wandb: Syncing run Sweep run
wandb: ⭐️ View project at https://wandb.ai/mcv-team-6/C3-Week3
wandb: 🧹 View sweep at https://wandb.ai/mcv-team-6/C3-Week3/sweeps/8yeenlu8
wandb: 🚀 View run at https://wandb.ai/mcv-team-6/C3-Week3/runs/73fkpkwe
Traceback (most recent call last):
  File "/export/home/group06/workspace/project-team-6/Week3/train_data.py", line 61, in <module>
    ka.ColorJitter(brightness=cfg.brightness,
  File "/ghome/group06/miniconda3/envs/c3/lib/python3.12/site-packages/kornia/augmentation/_2d/intensity/color_jitter.py", line 105, in __init__
    self._param_generator = rg.ColorJitterGenerator(brightness, contrast, saturation, hue)
                            ^^^^^^^^^^^^^^^^^^^^^^^^^^^^^^^^^^^^^^^^^^^^^^^^^^^^^^^^^^^^^^
  File "/ghome/group06/miniconda3/envs/c3/lib/python3.12/site-packages/kornia/augmentation/random_generator/base.py", line 34, in __call__
    obj.__post_init__()
  File "/ghome/group06/miniconda3/envs/c3/lib/python3.12/site-packages/kornia/augmentation/random_generator/base.py", line 48, in __post_init__
    self.set_rng_device_and_dtype()
  File "/ghome/group06/miniconda3/envs/c3/lib/python3.12/site-packages/kornia/augmentation/random_generator/base.py", line 64, in set_rng_device_and_dtype
    self.make_samplers(device, dtype)
  File "/ghome/group06/miniconda3/envs/c3/lib/python3.12/site-packages/kornia/augmentation/random_generator/_2d/color_jitter.py", line 86, in make_samplers
    hue: Tensor = _range_bound(self.hue, "hue", bounds=(-0.5, 0.5), device=device, dtype=dtype)
                  ^^^^^^^^^^^^^^^^^^^^^^^^^^^^^^^^^^^^^^^^^^^^^^^^^^^^^^^^^^^^^^^^^^^^^^^^^^^^^
  File "/ghome/group06/miniconda3/envs/c3/lib/python3.12/site-packages/kornia/augmentation/utils/param_validation.py", line 53, in _range_bound
    raise ValueError(f"If {name} is a single number, it must be non negative. Got {factor}.")
ValueError: If hue is a single number, it must be non negative. Got -0.0007442692294716835.
2026-01-10 20:40:27,099 - wandb.wandb_agent - INFO - Cleaning up finished run: 73fkpkwe
wandb: Terminating and syncing runs. Press ctrl-c to kill.
