wandb: Starting wandb agent 🕵️
2026-01-10 20:00:56,631 - wandb.wandb_agent - INFO - Running runs: []
2026-01-10 20:00:57,016 - wandb.wandb_agent - INFO - Agent received command: run
2026-01-10 20:00:57,016 - wandb.wandb_agent - INFO - Agent starting run with config:
	affine: 0.5599711736761608
	blur: 0.4202189578263984
	brightness: 1.39899709850489
	contrast: 1.2424257731647756
	crop: 0.7569396511564273
	crop_scale: 0.6566131581194915
	flip: 0.7092783786707213
	gaussian_blur_kernel: 3
	gaussian_noise_std: 0.7832801463782494
	grey: 0.55672474996432
	hue: -0.07179855696668447
	jiggle: 0.7241820527708768
	rotate: 0.763280251344783
	rotation: 42
	saturation: 0.8318153370817418
	scale: 0.8530944767475326
	shear: 11
	translate_x: 0.18210790976175303
	translate_y: 0.10271230341307992
2026-01-10 20:00:57,020 - wandb.wandb_agent - INFO - About to run command: /usr/bin/env python train_data.py --affine=0.5599711736761608 --blur=0.4202189578263984 --brightness=1.39899709850489 --contrast=1.2424257731647756 --crop=0.7569396511564273 --crop_scale=0.6566131581194915 --flip=0.7092783786707213 --gaussian_blur_kernel=3 --gaussian_noise_std=0.7832801463782494 --grey=0.55672474996432 --hue=-0.07179855696668447 --jiggle=0.7241820527708768 --rotate=0.763280251344783 --rotation=42 --saturation=0.8318153370817418 --scale=0.8530944767475326 --shear=11 --translate_x=0.18210790976175303 --translate_y=0.10271230341307992
wandb: Currently logged in as: arnaumarcosalmansa (mcv-team-6) to https://api.wandb.ai. Use `wandb login --relogin` to force relogin
wandb: WARNING Ignoring project 'C3-Week3' when running a sweep.
wandb: WARNING Ignoring entity 'mcv-team-6' when running a sweep.
2026-01-10 20:01:02,027 - wandb.wandb_agent - INFO - Running runs: ['q4yv9ehf']
wandb: setting up run q4yv9ehf
wandb: Tracking run with wandb version 0.23.1
wandb: Run data is saved locally in /export/home/group06/workspace/project-team-6/Week3/wandb/run-20260110_200101-q4yv9ehf
wandb: Run `wandb offline` to turn off syncing.
wandb: Syncing run Sweep run
wandb: ⭐️ View project at https://wandb.ai/mcv-team-6/C3-Week3
wandb: 🧹 View sweep at https://wandb.ai/mcv-team-6/C3-Week3/sweeps/g5vb4edr
wandb: 🚀 View run at https://wandb.ai/mcv-team-6/C3-Week3/runs/q4yv9ehf
Traceback (most recent call last):
  File "/export/home/group06/workspace/project-team-6/Week3/train_data.py", line 61, in <module>
    ka.ColorJitter(brightness=cfg.brightness,
  File "/ghome/group06/miniconda3/envs/c3/lib/python3.12/site-packages/kornia/augmentation/_2d/intensity/color_jitter.py", line 105, in __init__
    self._param_generator = rg.ColorJitterGenerator(brightness, contrast, saturation, hue)
                            ^^^^^^^^^^^^^^^^^^^^^^^^^^^^^^^^^^^^^^^^^^^^^^^^^^^^^^^^^^^^^^
  File "/ghome/group06/miniconda3/envs/c3/lib/python3.12/site-packages/kornia/augmentation/random_generator/base.py", line 34, in __call__
    obj.__post_init__()
  File "/ghome/group06/miniconda3/envs/c3/lib/python3.12/site-packages/kornia/augmentation/random_generator/base.py", line 48, in __post_init__
    self.set_rng_device_and_dtype()
  File "/ghome/group06/miniconda3/envs/c3/lib/python3.12/site-packages/kornia/augmentation/random_generator/base.py", line 64, in set_rng_device_and_dtype
    self.make_samplers(device, dtype)
  File "/ghome/group06/miniconda3/envs/c3/lib/python3.12/site-packages/kornia/augmentation/random_generator/_2d/color_jitter.py", line 86, in make_samplers
    hue: Tensor = _range_bound(self.hue, "hue", bounds=(-0.5, 0.5), device=device, dtype=dtype)
                  ^^^^^^^^^^^^^^^^^^^^^^^^^^^^^^^^^^^^^^^^^^^^^^^^^^^^^^^^^^^^^^^^^^^^^^^^^^^^^
  File "/ghome/group06/miniconda3/envs/c3/lib/python3.12/site-packages/kornia/augmentation/utils/param_validation.py", line 53, in _range_bound
    raise ValueError(f"If {name} is a single number, it must be non negative. Got {factor}.")
ValueError: If hue is a single number, it must be non negative. Got -0.07179855555295944.
2026-01-10 20:01:07,183 - wandb.wandb_agent - INFO - Cleaning up finished run: q4yv9ehf
wandb: Terminating and syncing runs. Press ctrl-c to kill.
