Using GPU 0: NVIDIA GeForce RTX 3090
Epoch 1/500 - Train Loss: 1.9665, Train Accuracy: 0.2825, Test Loss: 2.0055, Test Accuracy: 0.2622
Epoch 2/500 - Train Loss: 1.7406, Train Accuracy: 0.4950, Test Loss: 1.7446, Test Accuracy: 0.5747
Epoch 3/500 - Train Loss: 1.5788, Train Accuracy: 0.6600, Test Loss: 1.5254, Test Accuracy: 0.6997
Epoch 4/500 - Train Loss: 1.4300, Train Accuracy: 0.7375, Test Loss: 1.3348, Test Accuracy: 0.7880
Epoch 5/500 - Train Loss: 1.3410, Train Accuracy: 0.7450, Test Loss: 1.1904, Test Accuracy: 0.8309
Epoch 6/500 - Train Loss: 1.2307, Train Accuracy: 0.8050, Test Loss: 1.0802, Test Accuracy: 0.8518
Epoch 7/500 - Train Loss: 1.1259, Train Accuracy: 0.8450, Test Loss: 0.9826, Test Accuracy: 0.8772
Epoch 8/500 - Train Loss: 1.0334, Train Accuracy: 0.8625, Test Loss: 0.9094, Test Accuracy: 0.8899
Epoch 9/500 - Train Loss: 0.9884, Train Accuracy: 0.8450, Test Loss: 0.8453, Test Accuracy: 0.9030
Epoch 10/500 - Train Loss: 0.9105, Train Accuracy: 0.8800, Test Loss: 0.7899, Test Accuracy: 0.9130
Epoch 11/500 - Train Loss: 0.8448, Train Accuracy: 0.9050, Test Loss: 0.7435, Test Accuracy: 0.9200
Epoch 12/500 - Train Loss: 0.8136, Train Accuracy: 0.8900, Test Loss: 0.6993, Test Accuracy: 0.9240
Epoch 13/500 - Train Loss: 0.7626, Train Accuracy: 0.8975, Test Loss: 0.6593, Test Accuracy: 0.9266
Epoch 14/500 - Train Loss: 0.7471, Train Accuracy: 0.9100, Test Loss: 0.6382, Test Accuracy: 0.9349
Epoch 15/500 - Train Loss: 0.7097, Train Accuracy: 0.9075, Test Loss: 0.6138, Test Accuracy: 0.9392
Epoch 16/500 - Train Loss: 0.6811, Train Accuracy: 0.9275, Test Loss: 0.5885, Test Accuracy: 0.9401
Epoch 17/500 - Train Loss: 0.6794, Train Accuracy: 0.9075, Test Loss: 0.5742, Test Accuracy: 0.9414
Epoch 18/500 - Train Loss: 0.6206, Train Accuracy: 0.9325, Test Loss: 0.5555, Test Accuracy: 0.9462
Epoch 19/500 - Train Loss: 0.5927, Train Accuracy: 0.9325, Test Loss: 0.5463, Test Accuracy: 0.9458
Epoch 20/500 - Train Loss: 0.6217, Train Accuracy: 0.9250, Test Loss: 0.5294, Test Accuracy: 0.9462
Epoch 21/500 - Train Loss: 0.5994, Train Accuracy: 0.9125, Test Loss: 0.5198, Test Accuracy: 0.9497
Epoch 22/500 - Train Loss: 0.5706, Train Accuracy: 0.9400, Test Loss: 0.5131, Test Accuracy: 0.9484
Epoch 23/500 - Train Loss: 0.5532, Train Accuracy: 0.9400, Test Loss: 0.5051, Test Accuracy: 0.9489
Epoch 24/500 - Train Loss: 0.5568, Train Accuracy: 0.9375, Test Loss: 0.5007, Test Accuracy: 0.9506
Epoch 25/500 - Train Loss: 0.5332, Train Accuracy: 0.9450, Test Loss: 0.4900, Test Accuracy: 0.9497
Epoch 26/500 - Train Loss: 0.5241, Train Accuracy: 0.9350, Test Loss: 0.4890, Test Accuracy: 0.9510
Epoch 27/500 - Train Loss: 0.4930, Train Accuracy: 0.9550, Test Loss: 0.4865, Test Accuracy: 0.9515
Epoch 28/500 - Train Loss: 0.4679, Train Accuracy: 0.9675, Test Loss: 0.4811, Test Accuracy: 0.9506
Epoch 29/500 - Train Loss: 0.4849, Train Accuracy: 0.9600, Test Loss: 0.4784, Test Accuracy: 0.9493
Epoch 30/500 - Train Loss: 0.4886, Train Accuracy: 0.9500, Test Loss: 0.4714, Test Accuracy: 0.9519
Epoch 31/500 - Train Loss: 0.4947, Train Accuracy: 0.9350, Test Loss: 0.4748, Test Accuracy: 0.9519
Epoch 32/500 - Train Loss: 0.4763, Train Accuracy: 0.9575, Test Loss: 0.4721, Test Accuracy: 0.9524
Epoch 33/500 - Train Loss: 0.4769, Train Accuracy: 0.9475, Test Loss: 0.4634, Test Accuracy: 0.9510
Epoch 34/500 - Train Loss: 0.4554, Train Accuracy: 0.9600, Test Loss: 0.4626, Test Accuracy: 0.9515
Epoch 35/500 - Train Loss: 0.4559, Train Accuracy: 0.9650, Test Loss: 0.4625, Test Accuracy: 0.9519
Epoch 36/500 - Train Loss: 0.4309, Train Accuracy: 0.9675, Test Loss: 0.4639, Test Accuracy: 0.9515
Epoch 37/500 - Train Loss: 0.4401, Train Accuracy: 0.9725, Test Loss: 0.4609, Test Accuracy: 0.9545
Epoch 38/500 - Train Loss: 0.4261, Train Accuracy: 0.9725, Test Loss: 0.4593, Test Accuracy: 0.9537
Epoch 39/500 - Train Loss: 0.4501, Train Accuracy: 0.9600, Test Loss: 0.4581, Test Accuracy: 0.9528
Epoch 40/500 - Train Loss: 0.4257, Train Accuracy: 0.9725, Test Loss: 0.4554, Test Accuracy: 0.9545
Epoch 41/500 - Train Loss: 0.4183, Train Accuracy: 0.9750, Test Loss: 0.4532, Test Accuracy: 0.9541
Epoch 42/500 - Train Loss: 0.4289, Train Accuracy: 0.9625, Test Loss: 0.4479, Test Accuracy: 0.9524
Epoch 43/500 - Train Loss: 0.4224, Train Accuracy: 0.9725, Test Loss: 0.4472, Test Accuracy: 0.9506
Epoch 44/500 - Train Loss: 0.4033, Train Accuracy: 0.9750, Test Loss: 0.4469, Test Accuracy: 0.9528
Epoch 45/500 - Train Loss: 0.4227, Train Accuracy: 0.9750, Test Loss: 0.4477, Test Accuracy: 0.9506
Epoch 46/500 - Train Loss: 0.4028, Train Accuracy: 0.9725, Test Loss: 0.4480, Test Accuracy: 0.9502
Epoch 47/500 - Train Loss: 0.4554, Train Accuracy: 0.9475, Test Loss: 0.4453, Test Accuracy: 0.9545
Epoch 48/500 - Train Loss: 0.3992, Train Accuracy: 0.9800, Test Loss: 0.4460, Test Accuracy: 0.9480
Epoch 49/500 - Train Loss: 0.4182, Train Accuracy: 0.9725, Test Loss: 0.4445, Test Accuracy: 0.9554
Epoch 50/500 - Train Loss: 0.4140, Train Accuracy: 0.9700, Test Loss: 0.4427, Test Accuracy: 0.9515
Epoch 51/500 - Train Loss: 0.4147, Train Accuracy: 0.9725, Test Loss: 0.4410, Test Accuracy: 0.9532
Epoch 52/500 - Train Loss: 0.3989, Train Accuracy: 0.9725, Test Loss: 0.4457, Test Accuracy: 0.9510
Epoch 53/500 - Train Loss: 0.4254, Train Accuracy: 0.9625, Test Loss: 0.4413, Test Accuracy: 0.9515
Epoch 54/500 - Train Loss: 0.3862, Train Accuracy: 0.9875, Test Loss: 0.4534, Test Accuracy: 0.9454
Epoch 55/500 - Train Loss: 0.4037, Train Accuracy: 0.9775, Test Loss: 0.4431, Test Accuracy: 0.9515
Epoch 56/500 - Train Loss: 0.4005, Train Accuracy: 0.9750, Test Loss: 0.4435, Test Accuracy: 0.9510
Epoch 57/500 - Train Loss: 0.3903, Train Accuracy: 0.9800, Test Loss: 0.4413, Test Accuracy: 0.9510
Epoch 58/500 - Train Loss: 0.3946, Train Accuracy: 0.9750, Test Loss: 0.4457, Test Accuracy: 0.9515
Epoch 59/500 - Train Loss: 0.3979, Train Accuracy: 0.9725, Test Loss: 0.4451, Test Accuracy: 0.9502
Epoch 60/500 - Train Loss: 0.3949, Train Accuracy: 0.9800, Test Loss: 0.4452, Test Accuracy: 0.9502
Epoch 61/500 - Train Loss: 0.3865, Train Accuracy: 0.9875, Test Loss: 0.4417, Test Accuracy: 0.9524
Epoch 62/500 - Train Loss: 0.3965, Train Accuracy: 0.9800, Test Loss: 0.4393, Test Accuracy: 0.9528
Epoch 63/500 - Train Loss: 0.3769, Train Accuracy: 0.9850, Test Loss: 0.4446, Test Accuracy: 0.9506
Epoch 64/500 - Train Loss: 0.3996, Train Accuracy: 0.9775, Test Loss: 0.4394, Test Accuracy: 0.9502
Epoch 65/500 - Train Loss: 0.3689, Train Accuracy: 0.9875, Test Loss: 0.4421, Test Accuracy: 0.9502
Epoch 66/500 - Train Loss: 0.3859, Train Accuracy: 0.9875, Test Loss: 0.4412, Test Accuracy: 0.9515
Epoch 67/500 - Train Loss: 0.3736, Train Accuracy: 0.9850, Test Loss: 0.4386, Test Accuracy: 0.9510
Epoch 68/500 - Train Loss: 0.3772, Train Accuracy: 0.9825, Test Loss: 0.4365, Test Accuracy: 0.9519
Epoch 69/500 - Train Loss: 0.3717, Train Accuracy: 0.9825, Test Loss: 0.4396, Test Accuracy: 0.9510
Epoch 70/500 - Train Loss: 0.3721, Train Accuracy: 0.9850, Test Loss: 0.4407, Test Accuracy: 0.9519
Epoch 71/500 - Train Loss: 0.3684, Train Accuracy: 0.9875, Test Loss: 0.4415, Test Accuracy: 0.9510
Epoch 72/500 - Train Loss: 0.3740, Train Accuracy: 0.9825, Test Loss: 0.4401, Test Accuracy: 0.9493
Epoch 73/500 - Train Loss: 0.3582, Train Accuracy: 0.9925, Test Loss: 0.4393, Test Accuracy: 0.9493
Epoch 74/500 - Train Loss: 0.3842, Train Accuracy: 0.9800, Test Loss: 0.4424, Test Accuracy: 0.9502
Epoch 75/500 - Train Loss: 0.3731, Train Accuracy: 0.9825, Test Loss: 0.4408, Test Accuracy: 0.9510
Epoch 76/500 - Train Loss: 0.3721, Train Accuracy: 0.9800, Test Loss: 0.4388, Test Accuracy: 0.9502
Epoch 77/500 - Train Loss: 0.3622, Train Accuracy: 0.9900, Test Loss: 0.4376, Test Accuracy: 0.9484
Epoch 78/500 - Train Loss: 0.3701, Train Accuracy: 0.9850, Test Loss: 0.4388, Test Accuracy: 0.9524
Epoch 79/500 - Train Loss: 0.3666, Train Accuracy: 0.9850, Test Loss: 0.4404, Test Accuracy: 0.9489
Epoch 80/500 - Train Loss: 0.3710, Train Accuracy: 0.9800, Test Loss: 0.4398, Test Accuracy: 0.9471
Epoch 81/500 - Train Loss: 0.3930, Train Accuracy: 0.9700, Test Loss: 0.4423, Test Accuracy: 0.9497
Epoch 82/500 - Train Loss: 0.3461, Train Accuracy: 0.9925, Test Loss: 0.4402, Test Accuracy: 0.9497
Epoch 83/500 - Train Loss: 0.3639, Train Accuracy: 0.9900, Test Loss: 0.4404, Test Accuracy: 0.9497

Early stopping triggered at epoch 83
Best test loss: 0.4365
Best test accuracy: 0.9554
Plot saved as trained_models/Sweep_data run/metrics/loss.png
Plot saved as trained_models/Sweep_data run/metrics/metrics.png
