Using GPU 0: NVIDIA GeForce RTX 3090
Epoch 1/500 - Train Loss: 2.0276, Train Accuracy: 0.1725, Test Loss: 2.0135, Test Accuracy: 0.2181
Epoch 2/500 - Train Loss: 1.7554, Train Accuracy: 0.3925, Test Loss: 1.7143, Test Accuracy: 0.4904
Epoch 3/500 - Train Loss: 1.5175, Train Accuracy: 0.6375, Test Loss: 1.4587, Test Accuracy: 0.6495
Epoch 4/500 - Train Loss: 1.3279, Train Accuracy: 0.7200, Test Loss: 1.2764, Test Accuracy: 0.7316
Epoch 5/500 - Train Loss: 1.1471, Train Accuracy: 0.8025, Test Loss: 1.1183, Test Accuracy: 0.7968
Epoch 6/500 - Train Loss: 1.0086, Train Accuracy: 0.8500, Test Loss: 0.9684, Test Accuracy: 0.8475
Epoch 7/500 - Train Loss: 0.8778, Train Accuracy: 0.8650, Test Loss: 0.8582, Test Accuracy: 0.8776
Epoch 8/500 - Train Loss: 0.8269, Train Accuracy: 0.8625, Test Loss: 0.7586, Test Accuracy: 0.8964
Epoch 9/500 - Train Loss: 0.7105, Train Accuracy: 0.8875, Test Loss: 0.6742, Test Accuracy: 0.9082
Epoch 10/500 - Train Loss: 0.6646, Train Accuracy: 0.9000, Test Loss: 0.6141, Test Accuracy: 0.9152
Epoch 11/500 - Train Loss: 0.5704, Train Accuracy: 0.9250, Test Loss: 0.5703, Test Accuracy: 0.9253
Epoch 12/500 - Train Loss: 0.5425, Train Accuracy: 0.9175, Test Loss: 0.5234, Test Accuracy: 0.9336
Epoch 13/500 - Train Loss: 0.4670, Train Accuracy: 0.9350, Test Loss: 0.4818, Test Accuracy: 0.9353
Epoch 14/500 - Train Loss: 0.4702, Train Accuracy: 0.9275, Test Loss: 0.4596, Test Accuracy: 0.9353
Epoch 15/500 - Train Loss: 0.4618, Train Accuracy: 0.9275, Test Loss: 0.4326, Test Accuracy: 0.9397
Epoch 16/500 - Train Loss: 0.4257, Train Accuracy: 0.9475, Test Loss: 0.4124, Test Accuracy: 0.9371
Epoch 17/500 - Train Loss: 0.4229, Train Accuracy: 0.9275, Test Loss: 0.3924, Test Accuracy: 0.9388
Epoch 18/500 - Train Loss: 0.3886, Train Accuracy: 0.9350, Test Loss: 0.3827, Test Accuracy: 0.9401
Epoch 19/500 - Train Loss: 0.4022, Train Accuracy: 0.9475, Test Loss: 0.3699, Test Accuracy: 0.9349
Epoch 20/500 - Train Loss: 0.3647, Train Accuracy: 0.9600, Test Loss: 0.3622, Test Accuracy: 0.9392
Epoch 21/500 - Train Loss: 0.3158, Train Accuracy: 0.9575, Test Loss: 0.3584, Test Accuracy: 0.9379
Epoch 22/500 - Train Loss: 0.3163, Train Accuracy: 0.9625, Test Loss: 0.3464, Test Accuracy: 0.9414
Epoch 23/500 - Train Loss: 0.3059, Train Accuracy: 0.9625, Test Loss: 0.3402, Test Accuracy: 0.9458
Epoch 24/500 - Train Loss: 0.2920, Train Accuracy: 0.9625, Test Loss: 0.3314, Test Accuracy: 0.9432
Epoch 25/500 - Train Loss: 0.2867, Train Accuracy: 0.9625, Test Loss: 0.3281, Test Accuracy: 0.9441
Epoch 26/500 - Train Loss: 0.2661, Train Accuracy: 0.9750, Test Loss: 0.3216, Test Accuracy: 0.9449
Epoch 27/500 - Train Loss: 0.2692, Train Accuracy: 0.9825, Test Loss: 0.3204, Test Accuracy: 0.9458
Epoch 28/500 - Train Loss: 0.2580, Train Accuracy: 0.9675, Test Loss: 0.3150, Test Accuracy: 0.9449
Epoch 29/500 - Train Loss: 0.2498, Train Accuracy: 0.9900, Test Loss: 0.3114, Test Accuracy: 0.9467
Epoch 30/500 - Train Loss: 0.2664, Train Accuracy: 0.9675, Test Loss: 0.3048, Test Accuracy: 0.9467
Epoch 31/500 - Train Loss: 0.2364, Train Accuracy: 0.9825, Test Loss: 0.3040, Test Accuracy: 0.9497
Epoch 32/500 - Train Loss: 0.2556, Train Accuracy: 0.9725, Test Loss: 0.3021, Test Accuracy: 0.9480
Epoch 33/500 - Train Loss: 0.2262, Train Accuracy: 0.9800, Test Loss: 0.3042, Test Accuracy: 0.9476
Epoch 34/500 - Train Loss: 0.2436, Train Accuracy: 0.9775, Test Loss: 0.3152, Test Accuracy: 0.9397
Epoch 35/500 - Train Loss: 0.2202, Train Accuracy: 0.9850, Test Loss: 0.3105, Test Accuracy: 0.9427
Epoch 36/500 - Train Loss: 0.2231, Train Accuracy: 0.9775, Test Loss: 0.3100, Test Accuracy: 0.9414
Epoch 37/500 - Train Loss: 0.2228, Train Accuracy: 0.9825, Test Loss: 0.3064, Test Accuracy: 0.9419
Epoch 38/500 - Train Loss: 0.2362, Train Accuracy: 0.9775, Test Loss: 0.3014, Test Accuracy: 0.9423
Epoch 39/500 - Train Loss: 0.2220, Train Accuracy: 0.9825, Test Loss: 0.3043, Test Accuracy: 0.9441
Epoch 40/500 - Train Loss: 0.2167, Train Accuracy: 0.9800, Test Loss: 0.3047, Test Accuracy: 0.9432
Epoch 41/500 - Train Loss: 0.2262, Train Accuracy: 0.9825, Test Loss: 0.3019, Test Accuracy: 0.9467
Epoch 42/500 - Train Loss: 0.2044, Train Accuracy: 0.9875, Test Loss: 0.3050, Test Accuracy: 0.9462
Epoch 43/500 - Train Loss: 0.2145, Train Accuracy: 0.9850, Test Loss: 0.3107, Test Accuracy: 0.9397
Epoch 44/500 - Train Loss: 0.2021, Train Accuracy: 0.9850, Test Loss: 0.3075, Test Accuracy: 0.9432
Epoch 45/500 - Train Loss: 0.2245, Train Accuracy: 0.9800, Test Loss: 0.3076, Test Accuracy: 0.9419
Epoch 46/500 - Train Loss: 0.2095, Train Accuracy: 0.9850, Test Loss: 0.3101, Test Accuracy: 0.9410
Epoch 47/500 - Train Loss: 0.2002, Train Accuracy: 0.9875, Test Loss: 0.3046, Test Accuracy: 0.9419

Early stopping triggered at epoch 47
Best test loss: 0.3014
Best test accuracy: 0.9497
Plot saved as trained_models/Sweep_data run/metrics/loss.png
Plot saved as trained_models/Sweep_data run/metrics/metrics.png
