Using GPU 0: NVIDIA GeForce RTX 3090
Epoch 1/500 - Train Loss: 2.1046, Train Accuracy: 0.1475, Test Loss: 2.0900, Test Accuracy: 0.1565
Epoch 2/500 - Train Loss: 1.9893, Train Accuracy: 0.2350, Test Loss: 2.0775, Test Accuracy: 0.1923
Epoch 3/500 - Train Loss: 1.9057, Train Accuracy: 0.3125, Test Loss: 2.0329, Test Accuracy: 0.2395
Epoch 4/500 - Train Loss: 1.8125, Train Accuracy: 0.3950, Test Loss: 1.9516, Test Accuracy: 0.2876
Epoch 5/500 - Train Loss: 1.7441, Train Accuracy: 0.4500, Test Loss: 1.8542, Test Accuracy: 0.3855
Epoch 6/500 - Train Loss: 1.6347, Train Accuracy: 0.5425, Test Loss: 1.7529, Test Accuracy: 0.4781
Epoch 7/500 - Train Loss: 1.5690, Train Accuracy: 0.6175, Test Loss: 1.6593, Test Accuracy: 0.5677
Epoch 8/500 - Train Loss: 1.4958, Train Accuracy: 0.6275, Test Loss: 1.5676, Test Accuracy: 0.6263
Epoch 9/500 - Train Loss: 1.4128, Train Accuracy: 0.7050, Test Loss: 1.4819, Test Accuracy: 0.6753
Epoch 10/500 - Train Loss: 1.3464, Train Accuracy: 0.7300, Test Loss: 1.4047, Test Accuracy: 0.7037
Epoch 11/500 - Train Loss: 1.2725, Train Accuracy: 0.7625, Test Loss: 1.3327, Test Accuracy: 0.7356
Epoch 12/500 - Train Loss: 1.2039, Train Accuracy: 0.8075, Test Loss: 1.2631, Test Accuracy: 0.7592
Epoch 13/500 - Train Loss: 1.1619, Train Accuracy: 0.8050, Test Loss: 1.2061, Test Accuracy: 0.7710
Epoch 14/500 - Train Loss: 1.1126, Train Accuracy: 0.8450, Test Loss: 1.1385, Test Accuracy: 0.7981
Epoch 15/500 - Train Loss: 1.0614, Train Accuracy: 0.8500, Test Loss: 1.0821, Test Accuracy: 0.8103
Epoch 16/500 - Train Loss: 1.0079, Train Accuracy: 0.8475, Test Loss: 1.0280, Test Accuracy: 0.8322
Epoch 17/500 - Train Loss: 0.9575, Train Accuracy: 0.8625, Test Loss: 0.9818, Test Accuracy: 0.8405
Epoch 18/500 - Train Loss: 0.8846, Train Accuracy: 0.8900, Test Loss: 0.9304, Test Accuracy: 0.8562
Epoch 19/500 - Train Loss: 0.8610, Train Accuracy: 0.9150, Test Loss: 0.8889, Test Accuracy: 0.8663
Epoch 20/500 - Train Loss: 0.8121, Train Accuracy: 0.9150, Test Loss: 0.8586, Test Accuracy: 0.8711
Epoch 21/500 - Train Loss: 0.7862, Train Accuracy: 0.8925, Test Loss: 0.8198, Test Accuracy: 0.8794
Epoch 22/500 - Train Loss: 0.7483, Train Accuracy: 0.8975, Test Loss: 0.7842, Test Accuracy: 0.8811
Epoch 23/500 - Train Loss: 0.7208, Train Accuracy: 0.9200, Test Loss: 0.7564, Test Accuracy: 0.8868
Epoch 24/500 - Train Loss: 0.6794, Train Accuracy: 0.9175, Test Loss: 0.7259, Test Accuracy: 0.8964
Epoch 25/500 - Train Loss: 0.6624, Train Accuracy: 0.9275, Test Loss: 0.6982, Test Accuracy: 0.9017
Epoch 26/500 - Train Loss: 0.6323, Train Accuracy: 0.9175, Test Loss: 0.6746, Test Accuracy: 0.9069
Epoch 27/500 - Train Loss: 0.5992, Train Accuracy: 0.9325, Test Loss: 0.6482, Test Accuracy: 0.9143
Epoch 28/500 - Train Loss: 0.5993, Train Accuracy: 0.9275, Test Loss: 0.6276, Test Accuracy: 0.9126
Epoch 29/500 - Train Loss: 0.5579, Train Accuracy: 0.9475, Test Loss: 0.6045, Test Accuracy: 0.9178
Epoch 30/500 - Train Loss: 0.5610, Train Accuracy: 0.9350, Test Loss: 0.5859, Test Accuracy: 0.9218
Epoch 31/500 - Train Loss: 0.5425, Train Accuracy: 0.9275, Test Loss: 0.5690, Test Accuracy: 0.9196
Epoch 32/500 - Train Loss: 0.5001, Train Accuracy: 0.9525, Test Loss: 0.5517, Test Accuracy: 0.9235
Epoch 33/500 - Train Loss: 0.4905, Train Accuracy: 0.9525, Test Loss: 0.5421, Test Accuracy: 0.9209
Epoch 34/500 - Train Loss: 0.4599, Train Accuracy: 0.9675, Test Loss: 0.5256, Test Accuracy: 0.9248
Epoch 35/500 - Train Loss: 0.4500, Train Accuracy: 0.9550, Test Loss: 0.5147, Test Accuracy: 0.9235
Epoch 36/500 - Train Loss: 0.4587, Train Accuracy: 0.9475, Test Loss: 0.4978, Test Accuracy: 0.9253
Epoch 37/500 - Train Loss: 0.4236, Train Accuracy: 0.9600, Test Loss: 0.4912, Test Accuracy: 0.9226
Epoch 38/500 - Train Loss: 0.4204, Train Accuracy: 0.9475, Test Loss: 0.4731, Test Accuracy: 0.9270
Epoch 39/500 - Train Loss: 0.4069, Train Accuracy: 0.9650, Test Loss: 0.4599, Test Accuracy: 0.9305
Epoch 40/500 - Train Loss: 0.3905, Train Accuracy: 0.9600, Test Loss: 0.4511, Test Accuracy: 0.9323
Epoch 41/500 - Train Loss: 0.3741, Train Accuracy: 0.9750, Test Loss: 0.4434, Test Accuracy: 0.9344
Epoch 42/500 - Train Loss: 0.3724, Train Accuracy: 0.9625, Test Loss: 0.4345, Test Accuracy: 0.9327
Epoch 43/500 - Train Loss: 0.3572, Train Accuracy: 0.9700, Test Loss: 0.4244, Test Accuracy: 0.9379
Epoch 44/500 - Train Loss: 0.3455, Train Accuracy: 0.9575, Test Loss: 0.4188, Test Accuracy: 0.9340
Epoch 45/500 - Train Loss: 0.3238, Train Accuracy: 0.9725, Test Loss: 0.4116, Test Accuracy: 0.9331
Epoch 46/500 - Train Loss: 0.3297, Train Accuracy: 0.9775, Test Loss: 0.4076, Test Accuracy: 0.9323
Epoch 47/500 - Train Loss: 0.3253, Train Accuracy: 0.9750, Test Loss: 0.3978, Test Accuracy: 0.9340
Epoch 48/500 - Train Loss: 0.3155, Train Accuracy: 0.9775, Test Loss: 0.3918, Test Accuracy: 0.9358
Epoch 49/500 - Train Loss: 0.3132, Train Accuracy: 0.9725, Test Loss: 0.3877, Test Accuracy: 0.9353
Epoch 50/500 - Train Loss: 0.3107, Train Accuracy: 0.9750, Test Loss: 0.3789, Test Accuracy: 0.9379
Epoch 51/500 - Train Loss: 0.3064, Train Accuracy: 0.9775, Test Loss: 0.3738, Test Accuracy: 0.9371
Epoch 52/500 - Train Loss: 0.2783, Train Accuracy: 0.9775, Test Loss: 0.3684, Test Accuracy: 0.9375
Epoch 53/500 - Train Loss: 0.2805, Train Accuracy: 0.9825, Test Loss: 0.3641, Test Accuracy: 0.9410
Epoch 54/500 - Train Loss: 0.2862, Train Accuracy: 0.9750, Test Loss: 0.3571, Test Accuracy: 0.9388
Epoch 55/500 - Train Loss: 0.2717, Train Accuracy: 0.9800, Test Loss: 0.3510, Test Accuracy: 0.9414
Epoch 56/500 - Train Loss: 0.2723, Train Accuracy: 0.9725, Test Loss: 0.3474, Test Accuracy: 0.9436
Epoch 57/500 - Train Loss: 0.2582, Train Accuracy: 0.9900, Test Loss: 0.3449, Test Accuracy: 0.9436
Epoch 58/500 - Train Loss: 0.2645, Train Accuracy: 0.9850, Test Loss: 0.3415, Test Accuracy: 0.9471
Epoch 59/500 - Train Loss: 0.2656, Train Accuracy: 0.9800, Test Loss: 0.3384, Test Accuracy: 0.9454
Epoch 60/500 - Train Loss: 0.2445, Train Accuracy: 0.9875, Test Loss: 0.3412, Test Accuracy: 0.9414
Epoch 61/500 - Train Loss: 0.2374, Train Accuracy: 0.9875, Test Loss: 0.3400, Test Accuracy: 0.9406
Epoch 62/500 - Train Loss: 0.2352, Train Accuracy: 0.9850, Test Loss: 0.3351, Test Accuracy: 0.9432
Epoch 63/500 - Train Loss: 0.2256, Train Accuracy: 0.9900, Test Loss: 0.3340, Test Accuracy: 0.9406
Epoch 64/500 - Train Loss: 0.2338, Train Accuracy: 0.9800, Test Loss: 0.3334, Test Accuracy: 0.9397
Epoch 65/500 - Train Loss: 0.2292, Train Accuracy: 0.9825, Test Loss: 0.3304, Test Accuracy: 0.9419
Epoch 66/500 - Train Loss: 0.2276, Train Accuracy: 0.9900, Test Loss: 0.3244, Test Accuracy: 0.9449
Epoch 67/500 - Train Loss: 0.2151, Train Accuracy: 0.9950, Test Loss: 0.3245, Test Accuracy: 0.9441
Epoch 68/500 - Train Loss: 0.2148, Train Accuracy: 0.9875, Test Loss: 0.3176, Test Accuracy: 0.9480
Epoch 69/500 - Train Loss: 0.2168, Train Accuracy: 0.9825, Test Loss: 0.3183, Test Accuracy: 0.9427
Epoch 70/500 - Train Loss: 0.2178, Train Accuracy: 0.9850, Test Loss: 0.3182, Test Accuracy: 0.9432
Epoch 71/500 - Train Loss: 0.2104, Train Accuracy: 0.9875, Test Loss: 0.3158, Test Accuracy: 0.9436
Epoch 72/500 - Train Loss: 0.2158, Train Accuracy: 0.9800, Test Loss: 0.3143, Test Accuracy: 0.9419
Epoch 73/500 - Train Loss: 0.2044, Train Accuracy: 0.9850, Test Loss: 0.3157, Test Accuracy: 0.9410
Epoch 74/500 - Train Loss: 0.2054, Train Accuracy: 0.9900, Test Loss: 0.3111, Test Accuracy: 0.9454
Epoch 75/500 - Train Loss: 0.1956, Train Accuracy: 0.9925, Test Loss: 0.3088, Test Accuracy: 0.9480
Epoch 76/500 - Train Loss: 0.2038, Train Accuracy: 0.9925, Test Loss: 0.3065, Test Accuracy: 0.9489
Epoch 77/500 - Train Loss: 0.1973, Train Accuracy: 0.9925, Test Loss: 0.3059, Test Accuracy: 0.9449
Epoch 78/500 - Train Loss: 0.1849, Train Accuracy: 0.9925, Test Loss: 0.3046, Test Accuracy: 0.9484
Epoch 79/500 - Train Loss: 0.1935, Train Accuracy: 0.9925, Test Loss: 0.3053, Test Accuracy: 0.9497
Epoch 80/500 - Train Loss: 0.1857, Train Accuracy: 0.9900, Test Loss: 0.3008, Test Accuracy: 0.9489
Epoch 81/500 - Train Loss: 0.1903, Train Accuracy: 0.9925, Test Loss: 0.2998, Test Accuracy: 0.9480
Epoch 82/500 - Train Loss: 0.1952, Train Accuracy: 0.9875, Test Loss: 0.3003, Test Accuracy: 0.9476
Epoch 83/500 - Train Loss: 0.1989, Train Accuracy: 0.9875, Test Loss: 0.2962, Test Accuracy: 0.9497
Epoch 84/500 - Train Loss: 0.1793, Train Accuracy: 0.9925, Test Loss: 0.2964, Test Accuracy: 0.9449
Epoch 85/500 - Train Loss: 0.1769, Train Accuracy: 0.9950, Test Loss: 0.2938, Test Accuracy: 0.9476
Epoch 86/500 - Train Loss: 0.1772, Train Accuracy: 0.9925, Test Loss: 0.2921, Test Accuracy: 0.9480
Epoch 87/500 - Train Loss: 0.1763, Train Accuracy: 0.9950, Test Loss: 0.2908, Test Accuracy: 0.9515
Epoch 88/500 - Train Loss: 0.1747, Train Accuracy: 0.9925, Test Loss: 0.2898, Test Accuracy: 0.9515
Epoch 89/500 - Train Loss: 0.1950, Train Accuracy: 0.9925, Test Loss: 0.2926, Test Accuracy: 0.9489
Epoch 90/500 - Train Loss: 0.1749, Train Accuracy: 0.9950, Test Loss: 0.2888, Test Accuracy: 0.9519
Epoch 91/500 - Train Loss: 0.1745, Train Accuracy: 0.9900, Test Loss: 0.2879, Test Accuracy: 0.9528
Epoch 92/500 - Train Loss: 0.1795, Train Accuracy: 0.9900, Test Loss: 0.2879, Test Accuracy: 0.9493
Epoch 93/500 - Train Loss: 0.1769, Train Accuracy: 0.9925, Test Loss: 0.2900, Test Accuracy: 0.9467
Epoch 94/500 - Train Loss: 0.1776, Train Accuracy: 0.9900, Test Loss: 0.2860, Test Accuracy: 0.9528
Epoch 95/500 - Train Loss: 0.1710, Train Accuracy: 0.9925, Test Loss: 0.2877, Test Accuracy: 0.9493
Epoch 96/500 - Train Loss: 0.1764, Train Accuracy: 0.9850, Test Loss: 0.2900, Test Accuracy: 0.9489
Epoch 97/500 - Train Loss: 0.1650, Train Accuracy: 0.9975, Test Loss: 0.2821, Test Accuracy: 0.9541
Epoch 98/500 - Train Loss: 0.1574, Train Accuracy: 0.9975, Test Loss: 0.2810, Test Accuracy: 0.9537
Epoch 99/500 - Train Loss: 0.1587, Train Accuracy: 0.9975, Test Loss: 0.2827, Test Accuracy: 0.9506
Epoch 100/500 - Train Loss: 0.1584, Train Accuracy: 0.9950, Test Loss: 0.2815, Test Accuracy: 0.9497
Epoch 101/500 - Train Loss: 0.1652, Train Accuracy: 0.9925, Test Loss: 0.2819, Test Accuracy: 0.9493
Epoch 102/500 - Train Loss: 0.1558, Train Accuracy: 0.9975, Test Loss: 0.2831, Test Accuracy: 0.9502
Epoch 103/500 - Train Loss: 0.1549, Train Accuracy: 0.9975, Test Loss: 0.2858, Test Accuracy: 0.9497
Epoch 104/500 - Train Loss: 0.1586, Train Accuracy: 0.9950, Test Loss: 0.2895, Test Accuracy: 0.9458
Epoch 105/500 - Train Loss: 0.1471, Train Accuracy: 0.9975, Test Loss: 0.2894, Test Accuracy: 0.9436
Epoch 106/500 - Train Loss: 0.1497, Train Accuracy: 0.9975, Test Loss: 0.2882, Test Accuracy: 0.9458
Epoch 107/500 - Train Loss: 0.1556, Train Accuracy: 0.9950, Test Loss: 0.2896, Test Accuracy: 0.9454
Epoch 108/500 - Train Loss: 0.1579, Train Accuracy: 0.9950, Test Loss: 0.2878, Test Accuracy: 0.9476
Epoch 109/500 - Train Loss: 0.1576, Train Accuracy: 0.9950, Test Loss: 0.2905, Test Accuracy: 0.9467
Epoch 110/500 - Train Loss: 0.1502, Train Accuracy: 0.9975, Test Loss: 0.2928, Test Accuracy: 0.9449
Epoch 111/500 - Train Loss: 0.1530, Train Accuracy: 0.9900, Test Loss: 0.2920, Test Accuracy: 0.9441
Epoch 112/500 - Train Loss: 0.1439, Train Accuracy: 0.9975, Test Loss: 0.2883, Test Accuracy: 0.9449
Epoch 113/500 - Train Loss: 0.1493, Train Accuracy: 0.9950, Test Loss: 0.2948, Test Accuracy: 0.9423

Early stopping triggered at epoch 113
Best test loss: 0.2810
Best test accuracy: 0.9541
Plot saved as trained_models/Sweep run/metrics/loss.png
Plot saved as trained_models/Sweep run/metrics/metrics.png
