wandb: Starting wandb agent 🕵️
2026-01-10 20:53:27,234 - wandb.wandb_agent - INFO - Running runs: []
2026-01-10 20:53:27,570 - wandb.wandb_agent - INFO - Agent received command: run
2026-01-10 20:53:27,570 - wandb.wandb_agent - INFO - Agent starting run with config:
	affine: 0.45588695671410695
	blur: 0.997591296213434
	brightness: 1.0114216804842449
	contrast: 1.272205078727764
	crop: 0.3838150159163387
	crop_scale: 0.7893388555644536
	flip: 0.3296025741966979
	gaussian_blur_kernel: 5
	gaussian_noise_std: 0.9641004343340144
	grey: 0.9296094035984486
	hue: -0.025685855447149505
	jiggle: 0.18236408374885135
	rotate: 0.010491034439157776
	rotation: 39
	saturation: 1.1402591565912297
	scale: 0.9769301964684304
	shear: 32
	translate_x: 0.35271927783458074
	translate_y: 0.1821498562501522
2026-01-10 20:53:27,574 - wandb.wandb_agent - INFO - About to run command: /usr/bin/env python train_data.py --affine=0.45588695671410695 --blur=0.997591296213434 --brightness=1.0114216804842449 --contrast=1.272205078727764 --crop=0.3838150159163387 --crop_scale=0.7893388555644536 --flip=0.3296025741966979 --gaussian_blur_kernel=5 --gaussian_noise_std=0.9641004343340144 --grey=0.9296094035984486 --hue=-0.025685855447149505 --jiggle=0.18236408374885135 --rotate=0.010491034439157776 --rotation=39 --saturation=1.1402591565912297 --scale=0.9769301964684304 --shear=32 --translate_x=0.35271927783458074 --translate_y=0.1821498562501522
wandb: Currently logged in as: arnaumarcosalmansa (mcv-team-6) to https://api.wandb.ai. Use `wandb login --relogin` to force relogin
wandb: WARNING Ignoring project 'C3-Week3' when running a sweep.
wandb: WARNING Ignoring entity 'mcv-team-6' when running a sweep.
2026-01-10 20:53:32,581 - wandb.wandb_agent - INFO - Running runs: ['dhtwj6kr']
wandb: setting up run dhtwj6kr
wandb: Tracking run with wandb version 0.23.1
wandb: Run data is saved locally in /export/home/group06/workspace/project-team-6/Week3/wandb/run-20260110_205331-dhtwj6kr
wandb: Run `wandb offline` to turn off syncing.
wandb: Syncing run Sweep run
wandb: ⭐️ View project at https://wandb.ai/mcv-team-6/C3-Week3
wandb: 🧹 View sweep at https://wandb.ai/mcv-team-6/C3-Week3/sweeps/8yeenlu8
wandb: 🚀 View run at https://wandb.ai/mcv-team-6/C3-Week3/runs/dhtwj6kr
Traceback (most recent call last):
  File "/export/home/group06/workspace/project-team-6/Week3/train_data.py", line 61, in <module>
    ka.ColorJitter(brightness=cfg.brightness,
  File "/ghome/group06/miniconda3/envs/c3/lib/python3.12/site-packages/kornia/augmentation/_2d/intensity/color_jitter.py", line 105, in __init__
    self._param_generator = rg.ColorJitterGenerator(brightness, contrast, saturation, hue)
                            ^^^^^^^^^^^^^^^^^^^^^^^^^^^^^^^^^^^^^^^^^^^^^^^^^^^^^^^^^^^^^^
  File "/ghome/group06/miniconda3/envs/c3/lib/python3.12/site-packages/kornia/augmentation/random_generator/base.py", line 34, in __call__
    obj.__post_init__()
  File "/ghome/group06/miniconda3/envs/c3/lib/python3.12/site-packages/kornia/augmentation/random_generator/base.py", line 48, in __post_init__
    self.set_rng_device_and_dtype()
  File "/ghome/group06/miniconda3/envs/c3/lib/python3.12/site-packages/kornia/augmentation/random_generator/base.py", line 64, in set_rng_device_and_dtype
    self.make_samplers(device, dtype)
  File "/ghome/group06/miniconda3/envs/c3/lib/python3.12/site-packages/kornia/augmentation/random_generator/_2d/color_jitter.py", line 86, in make_samplers
    hue: Tensor = _range_bound(self.hue, "hue", bounds=(-0.5, 0.5), device=device, dtype=dtype)
                  ^^^^^^^^^^^^^^^^^^^^^^^^^^^^^^^^^^^^^^^^^^^^^^^^^^^^^^^^^^^^^^^^^^^^^^^^^^^^^
  File "/ghome/group06/miniconda3/envs/c3/lib/python3.12/site-packages/kornia/augmentation/utils/param_validation.py", line 53, in _range_bound
    raise ValueError(f"If {name} is a single number, it must be non negative. Got {factor}.")
ValueError: If hue is a single number, it must be non negative. Got -0.025685856118798256.
2026-01-10 20:53:37,730 - wandb.wandb_agent - INFO - Cleaning up finished run: dhtwj6kr
wandb: Terminating and syncing runs. Press ctrl-c to kill.
