Using GPU 0: NVIDIA GeForce RTX 3090
Epoch 1/500 - Train Loss: 1.1024, Train Accuracy: 0.6425, Test Loss: 1.7794, Test Accuracy: 0.4052
Epoch 2/500 - Train Loss: 0.5119, Train Accuracy: 0.8800, Test Loss: 1.2887, Test Accuracy: 0.5717
Epoch 3/500 - Train Loss: 0.5185, Train Accuracy: 0.8850, Test Loss: 2.0786, Test Accuracy: 0.5271
Epoch 4/500 - Train Loss: 0.6125, Train Accuracy: 0.8625, Test Loss: 0.9414, Test Accuracy: 0.7308
Epoch 5/500 - Train Loss: 0.4539, Train Accuracy: 0.9175, Test Loss: 0.7033, Test Accuracy: 0.8383
Epoch 6/500 - Train Loss: 0.3116, Train Accuracy: 0.9650, Test Loss: 0.7845, Test Accuracy: 0.8396
Epoch 7/500 - Train Loss: 0.3071, Train Accuracy: 0.9575, Test Loss: 1.4749, Test Accuracy: 0.5651
Epoch 8/500 - Train Loss: 0.3570, Train Accuracy: 0.9425, Test Loss: 1.3206, Test Accuracy: 0.6569
Epoch 9/500 - Train Loss: 0.4002, Train Accuracy: 0.9250, Test Loss: 0.8050, Test Accuracy: 0.8038
Epoch 10/500 - Train Loss: 0.3140, Train Accuracy: 0.9575, Test Loss: 0.5468, Test Accuracy: 0.8615
Epoch 11/500 - Train Loss: 0.2601, Train Accuracy: 0.9800, Test Loss: 0.4995, Test Accuracy: 0.8986
Epoch 12/500 - Train Loss: 0.2901, Train Accuracy: 0.9650, Test Loss: 0.7483, Test Accuracy: 0.8003
Epoch 13/500 - Train Loss: 0.3109, Train Accuracy: 0.9550, Test Loss: 0.9514, Test Accuracy: 0.7408
Epoch 14/500 - Train Loss: 0.3224, Train Accuracy: 0.9550, Test Loss: 0.5705, Test Accuracy: 0.8549
Epoch 15/500 - Train Loss: 0.2928, Train Accuracy: 0.9675, Test Loss: 1.1322, Test Accuracy: 0.7120
Epoch 16/500 - Train Loss: 0.3457, Train Accuracy: 0.9425, Test Loss: 0.5960, Test Accuracy: 0.8680
Epoch 17/500 - Train Loss: 0.2616, Train Accuracy: 0.9775, Test Loss: 0.8774, Test Accuracy: 0.7937
Epoch 18/500 - Train Loss: 0.3054, Train Accuracy: 0.9575, Test Loss: 2.2120, Test Accuracy: 0.6049
Epoch 19/500 - Train Loss: 0.4538, Train Accuracy: 0.9050, Test Loss: 1.7617, Test Accuracy: 0.6198
Epoch 20/500 - Train Loss: 0.4220, Train Accuracy: 0.9250, Test Loss: 0.7232, Test Accuracy: 0.8195
Epoch 21/500 - Train Loss: 0.2711, Train Accuracy: 0.9775, Test Loss: 1.5016, Test Accuracy: 0.5857
Epoch 22/500 - Train Loss: 0.3796, Train Accuracy: 0.9375, Test Loss: 0.5469, Test Accuracy: 0.8829
Epoch 23/500 - Train Loss: 0.2869, Train Accuracy: 0.9700, Test Loss: 0.6250, Test Accuracy: 0.8584
Epoch 24/500 - Train Loss: 0.2825, Train Accuracy: 0.9750, Test Loss: 0.6452, Test Accuracy: 0.8518
Epoch 25/500 - Train Loss: 0.2915, Train Accuracy: 0.9750, Test Loss: 0.8074, Test Accuracy: 0.8055
Epoch 26/500 - Train Loss: 0.2845, Train Accuracy: 0.9725, Test Loss: 0.7710, Test Accuracy: 0.8020

Early stopping triggered at epoch 26
Best test loss: 0.5469
Best test accuracy: 0.8829
Plot saved as trained_models/Sweep run/metrics/loss.png
Plot saved as trained_models/Sweep run/metrics/metrics.png
