wandb: Starting wandb agent 🕵️
2026-01-10 19:25:01,005 - wandb.wandb_agent - INFO - Running runs: []
2026-01-10 19:25:01,312 - wandb.wandb_agent - INFO - Agent received command: run
2026-01-10 19:25:01,313 - wandb.wandb_agent - INFO - Agent starting run with config:
	affine: 0.35932737878168985
	blur: 0.5403904735670814
	brightness: 1.2369609891504976
	contrast: 1.0779805997752514
	crop: 0.18198075101813083
	crop_scale: 0.5196018244229808
	flip: 0.8525201399243457
	gaussian_blur_kernel: 7
	gaussian_noise_std: 2.6870776950624284
	grey: 0.8439761521967001
	hue: -0.08340359687092372
	jiggle: 0.025457687246869695
	rotate: 0.9866990647431167
	rotation: 44
	saturation: 0.717217952073433
	scale: 0.8483951562390175
	shear: 15
	translate_x: 0.09327296313819264
	translate_y: 0.282985835214771
2026-01-10 19:25:01,317 - wandb.wandb_agent - INFO - About to run command: /usr/bin/env python train_data.py --affine=0.35932737878168985 --blur=0.5403904735670814 --brightness=1.2369609891504976 --contrast=1.0779805997752514 --crop=0.18198075101813083 --crop_scale=0.5196018244229808 --flip=0.8525201399243457 --gaussian_blur_kernel=7 --gaussian_noise_std=2.6870776950624284 --grey=0.8439761521967001 --hue=-0.08340359687092372 --jiggle=0.025457687246869695 --rotate=0.9866990647431167 --rotation=44 --saturation=0.717217952073433 --scale=0.8483951562390175 --shear=15 --translate_x=0.09327296313819264 --translate_y=0.282985835214771
wandb: Currently logged in as: arnaumarcosalmansa (mcv-team-6) to https://api.wandb.ai. Use `wandb login --relogin` to force relogin
wandb: WARNING Ignoring project 'C3-Week3' when running a sweep.
wandb: WARNING Ignoring entity 'mcv-team-6' when running a sweep.
wandb: setting up run vu4l7c6q
2026-01-10 19:25:06,323 - wandb.wandb_agent - INFO - Running runs: ['vu4l7c6q']
wandb: Tracking run with wandb version 0.23.1
wandb: Run data is saved locally in /export/home/group06/workspace/project-team-6/Week3/wandb/run-20260110_192505-vu4l7c6q
wandb: Run `wandb offline` to turn off syncing.
wandb: Syncing run Sweep run
wandb: ⭐️ View project at https://wandb.ai/mcv-team-6/C3-Week3
wandb: 🧹 View sweep at https://wandb.ai/mcv-team-6/C3-Week3/sweeps/g5vb4edr
wandb: 🚀 View run at https://wandb.ai/mcv-team-6/C3-Week3/runs/vu4l7c6q
Traceback (most recent call last):
  File "/export/home/group06/workspace/project-team-6/Week3/train_data.py", line 61, in <module>
    ka.ColorJitter(brightness=cfg.brightness,
  File "/ghome/group06/miniconda3/envs/c3/lib/python3.12/site-packages/kornia/augmentation/_2d/intensity/color_jitter.py", line 105, in __init__
    self._param_generator = rg.ColorJitterGenerator(brightness, contrast, saturation, hue)
                            ^^^^^^^^^^^^^^^^^^^^^^^^^^^^^^^^^^^^^^^^^^^^^^^^^^^^^^^^^^^^^^
  File "/ghome/group06/miniconda3/envs/c3/lib/python3.12/site-packages/kornia/augmentation/random_generator/base.py", line 34, in __call__
    obj.__post_init__()
  File "/ghome/group06/miniconda3/envs/c3/lib/python3.12/site-packages/kornia/augmentation/random_generator/base.py", line 48, in __post_init__
    self.set_rng_device_and_dtype()
  File "/ghome/group06/miniconda3/envs/c3/lib/python3.12/site-packages/kornia/augmentation/random_generator/base.py", line 64, in set_rng_device_and_dtype
    self.make_samplers(device, dtype)
  File "/ghome/group06/miniconda3/envs/c3/lib/python3.12/site-packages/kornia/augmentation/random_generator/_2d/color_jitter.py", line 86, in make_samplers
    hue: Tensor = _range_bound(self.hue, "hue", bounds=(-0.5, 0.5), device=device, dtype=dtype)
                  ^^^^^^^^^^^^^^^^^^^^^^^^^^^^^^^^^^^^^^^^^^^^^^^^^^^^^^^^^^^^^^^^^^^^^^^^^^^^^
  File "/ghome/group06/miniconda3/envs/c3/lib/python3.12/site-packages/kornia/augmentation/utils/param_validation.py", line 53, in _range_bound
    raise ValueError(f"If {name} is a single number, it must be non negative. Got {factor}.")
ValueError: If hue is a single number, it must be non negative. Got -0.08340359479188919.
2026-01-10 19:25:11,464 - wandb.wandb_agent - INFO - Cleaning up finished run: vu4l7c6q
wandb: Terminating and syncing runs. Press ctrl-c to kill.
