Using GPU 0: NVIDIA GeForce RTX 3090
Epoch 1/500 - Train Loss: 2.0413, Train Accuracy: 0.1775, Test Loss: 2.0166, Test Accuracy: 0.1442
Epoch 2/500 - Train Loss: 1.7981, Train Accuracy: 0.3450, Test Loss: 1.7737, Test Accuracy: 0.3623
Epoch 3/500 - Train Loss: 1.5782, Train Accuracy: 0.5775, Test Loss: 1.5195, Test Accuracy: 0.5835
Epoch 4/500 - Train Loss: 1.4133, Train Accuracy: 0.6925, Test Loss: 1.2941, Test Accuracy: 0.7190
Epoch 5/500 - Train Loss: 1.2197, Train Accuracy: 0.7925, Test Loss: 1.0874, Test Accuracy: 0.8059
Epoch 6/500 - Train Loss: 1.0600, Train Accuracy: 0.8375, Test Loss: 0.9276, Test Accuracy: 0.8540
Epoch 7/500 - Train Loss: 0.9603, Train Accuracy: 0.8175, Test Loss: 0.8083, Test Accuracy: 0.8842
Epoch 8/500 - Train Loss: 0.8686, Train Accuracy: 0.8575, Test Loss: 0.6999, Test Accuracy: 0.9095
Epoch 9/500 - Train Loss: 0.7549, Train Accuracy: 0.8800, Test Loss: 0.6215, Test Accuracy: 0.9187
Epoch 10/500 - Train Loss: 0.6974, Train Accuracy: 0.8850, Test Loss: 0.5695, Test Accuracy: 0.9226
Epoch 11/500 - Train Loss: 0.6168, Train Accuracy: 0.9050, Test Loss: 0.5348, Test Accuracy: 0.9231
Epoch 12/500 - Train Loss: 0.5547, Train Accuracy: 0.9200, Test Loss: 0.4963, Test Accuracy: 0.9292
Epoch 13/500 - Train Loss: 0.5348, Train Accuracy: 0.9150, Test Loss: 0.4550, Test Accuracy: 0.9358
Epoch 14/500 - Train Loss: 0.4775, Train Accuracy: 0.9300, Test Loss: 0.4331, Test Accuracy: 0.9349
Epoch 15/500 - Train Loss: 0.4906, Train Accuracy: 0.9300, Test Loss: 0.4096, Test Accuracy: 0.9379
Epoch 16/500 - Train Loss: 0.4346, Train Accuracy: 0.9325, Test Loss: 0.3951, Test Accuracy: 0.9419
Epoch 17/500 - Train Loss: 0.3945, Train Accuracy: 0.9675, Test Loss: 0.3773, Test Accuracy: 0.9454
Epoch 18/500 - Train Loss: 0.4067, Train Accuracy: 0.9425, Test Loss: 0.3649, Test Accuracy: 0.9432
Epoch 19/500 - Train Loss: 0.3536, Train Accuracy: 0.9550, Test Loss: 0.3585, Test Accuracy: 0.9427
Epoch 20/500 - Train Loss: 0.3614, Train Accuracy: 0.9450, Test Loss: 0.3541, Test Accuracy: 0.9379
Epoch 21/500 - Train Loss: 0.3648, Train Accuracy: 0.9450, Test Loss: 0.3435, Test Accuracy: 0.9467
Epoch 22/500 - Train Loss: 0.3318, Train Accuracy: 0.9625, Test Loss: 0.3491, Test Accuracy: 0.9410
Epoch 23/500 - Train Loss: 0.3003, Train Accuracy: 0.9650, Test Loss: 0.3374, Test Accuracy: 0.9436
Epoch 24/500 - Train Loss: 0.3358, Train Accuracy: 0.9525, Test Loss: 0.3234, Test Accuracy: 0.9489
Epoch 25/500 - Train Loss: 0.3160, Train Accuracy: 0.9550, Test Loss: 0.3161, Test Accuracy: 0.9506
Epoch 26/500 - Train Loss: 0.2978, Train Accuracy: 0.9650, Test Loss: 0.3178, Test Accuracy: 0.9476
Epoch 27/500 - Train Loss: 0.2771, Train Accuracy: 0.9725, Test Loss: 0.3130, Test Accuracy: 0.9471
Epoch 28/500 - Train Loss: 0.3096, Train Accuracy: 0.9650, Test Loss: 0.3149, Test Accuracy: 0.9454
Epoch 29/500 - Train Loss: 0.2618, Train Accuracy: 0.9750, Test Loss: 0.3098, Test Accuracy: 0.9441
Epoch 30/500 - Train Loss: 0.2565, Train Accuracy: 0.9725, Test Loss: 0.3078, Test Accuracy: 0.9432
Epoch 31/500 - Train Loss: 0.2641, Train Accuracy: 0.9725, Test Loss: 0.3023, Test Accuracy: 0.9471
Epoch 32/500 - Train Loss: 0.2388, Train Accuracy: 0.9775, Test Loss: 0.2980, Test Accuracy: 0.9506
Epoch 33/500 - Train Loss: 0.2328, Train Accuracy: 0.9750, Test Loss: 0.2993, Test Accuracy: 0.9489
Epoch 34/500 - Train Loss: 0.2468, Train Accuracy: 0.9775, Test Loss: 0.3020, Test Accuracy: 0.9510
Epoch 35/500 - Train Loss: 0.2254, Train Accuracy: 0.9800, Test Loss: 0.3015, Test Accuracy: 0.9476
Epoch 36/500 - Train Loss: 0.2032, Train Accuracy: 0.9950, Test Loss: 0.3047, Test Accuracy: 0.9497
Epoch 37/500 - Train Loss: 0.2252, Train Accuracy: 0.9875, Test Loss: 0.3176, Test Accuracy: 0.9388
Epoch 38/500 - Train Loss: 0.2273, Train Accuracy: 0.9825, Test Loss: 0.3183, Test Accuracy: 0.9371
Epoch 39/500 - Train Loss: 0.2164, Train Accuracy: 0.9825, Test Loss: 0.3094, Test Accuracy: 0.9436
Epoch 40/500 - Train Loss: 0.2099, Train Accuracy: 0.9925, Test Loss: 0.3049, Test Accuracy: 0.9484
Epoch 41/500 - Train Loss: 0.2316, Train Accuracy: 0.9775, Test Loss: 0.2945, Test Accuracy: 0.9515
Epoch 42/500 - Train Loss: 0.2118, Train Accuracy: 0.9900, Test Loss: 0.3051, Test Accuracy: 0.9471
Epoch 43/500 - Train Loss: 0.2281, Train Accuracy: 0.9800, Test Loss: 0.3044, Test Accuracy: 0.9476
Epoch 44/500 - Train Loss: 0.2017, Train Accuracy: 0.9850, Test Loss: 0.3116, Test Accuracy: 0.9410
Epoch 45/500 - Train Loss: 0.2156, Train Accuracy: 0.9875, Test Loss: 0.3081, Test Accuracy: 0.9401
Epoch 46/500 - Train Loss: 0.2037, Train Accuracy: 0.9850, Test Loss: 0.3163, Test Accuracy: 0.9358
Epoch 47/500 - Train Loss: 0.1909, Train Accuracy: 0.9900, Test Loss: 0.3126, Test Accuracy: 0.9419
Epoch 48/500 - Train Loss: 0.2145, Train Accuracy: 0.9725, Test Loss: 0.3071, Test Accuracy: 0.9414
Epoch 49/500 - Train Loss: 0.2092, Train Accuracy: 0.9875, Test Loss: 0.3417, Test Accuracy: 0.9261
Epoch 50/500 - Train Loss: 0.1975, Train Accuracy: 0.9900, Test Loss: 0.3243, Test Accuracy: 0.9296
Epoch 51/500 - Train Loss: 0.2007, Train Accuracy: 0.9850, Test Loss: 0.3241, Test Accuracy: 0.9296
Epoch 52/500 - Train Loss: 0.1882, Train Accuracy: 0.9900, Test Loss: 0.3219, Test Accuracy: 0.9314
Epoch 53/500 - Train Loss: 0.1829, Train Accuracy: 0.9875, Test Loss: 0.3144, Test Accuracy: 0.9392
Epoch 54/500 - Train Loss: 0.1866, Train Accuracy: 0.9925, Test Loss: 0.3089, Test Accuracy: 0.9445
Epoch 55/500 - Train Loss: 0.2217, Train Accuracy: 0.9775, Test Loss: 0.2961, Test Accuracy: 0.9432
Epoch 56/500 - Train Loss: 0.1967, Train Accuracy: 0.9875, Test Loss: 0.2965, Test Accuracy: 0.9410

Early stopping triggered at epoch 56
Best test loss: 0.2945
Best test accuracy: 0.9515
Plot saved as trained_models/Sweep_data run/metrics/loss.png
Plot saved as trained_models/Sweep_data run/metrics/metrics.png
