Using GPU 0: NVIDIA GeForce RTX 3090
Epoch 1/500 - Train Loss: 2.0139, Train Accuracy: 0.2425, Test Loss: 1.9853, Test Accuracy: 0.2548
Epoch 2/500 - Train Loss: 1.7767, Train Accuracy: 0.3675, Test Loss: 1.7647, Test Accuracy: 0.4358
Epoch 3/500 - Train Loss: 1.5794, Train Accuracy: 0.4925, Test Loss: 1.5630, Test Accuracy: 0.5664
Epoch 4/500 - Train Loss: 1.4030, Train Accuracy: 0.6500, Test Loss: 1.3992, Test Accuracy: 0.6442
Epoch 5/500 - Train Loss: 1.2523, Train Accuracy: 0.7125, Test Loss: 1.2687, Test Accuracy: 0.6967
Epoch 6/500 - Train Loss: 1.1300, Train Accuracy: 0.7725, Test Loss: 1.1713, Test Accuracy: 0.7369
Epoch 7/500 - Train Loss: 1.0236, Train Accuracy: 0.8125, Test Loss: 1.0690, Test Accuracy: 0.7705
Epoch 8/500 - Train Loss: 0.9121, Train Accuracy: 0.8250, Test Loss: 0.9793, Test Accuracy: 0.7959
Epoch 9/500 - Train Loss: 0.8180, Train Accuracy: 0.8375, Test Loss: 0.9071, Test Accuracy: 0.8138
Epoch 10/500 - Train Loss: 0.7486, Train Accuracy: 0.8600, Test Loss: 0.8277, Test Accuracy: 0.8282
Epoch 11/500 - Train Loss: 0.7405, Train Accuracy: 0.8500, Test Loss: 0.7663, Test Accuracy: 0.8531
Epoch 12/500 - Train Loss: 0.6659, Train Accuracy: 0.8900, Test Loss: 0.7172, Test Accuracy: 0.8593
Epoch 13/500 - Train Loss: 0.6021, Train Accuracy: 0.9050, Test Loss: 0.6762, Test Accuracy: 0.8649
Epoch 14/500 - Train Loss: 0.5683, Train Accuracy: 0.9025, Test Loss: 0.6018, Test Accuracy: 0.8781
Epoch 15/500 - Train Loss: 0.5361, Train Accuracy: 0.9050, Test Loss: 0.5616, Test Accuracy: 0.8890
Epoch 16/500 - Train Loss: 0.5035, Train Accuracy: 0.9275, Test Loss: 0.5349, Test Accuracy: 0.8868
Epoch 17/500 - Train Loss: 0.4676, Train Accuracy: 0.9200, Test Loss: 0.5139, Test Accuracy: 0.8894
Epoch 18/500 - Train Loss: 0.4481, Train Accuracy: 0.9350, Test Loss: 0.4879, Test Accuracy: 0.9030
Epoch 19/500 - Train Loss: 0.4449, Train Accuracy: 0.9075, Test Loss: 0.4654, Test Accuracy: 0.9034
Epoch 20/500 - Train Loss: 0.4125, Train Accuracy: 0.9400, Test Loss: 0.4719, Test Accuracy: 0.8973
Epoch 21/500 - Train Loss: 0.3908, Train Accuracy: 0.9350, Test Loss: 0.4544, Test Accuracy: 0.9038
Epoch 22/500 - Train Loss: 0.3862, Train Accuracy: 0.9650, Test Loss: 0.4631, Test Accuracy: 0.8973
Epoch 23/500 - Train Loss: 0.3957, Train Accuracy: 0.9300, Test Loss: 0.4176, Test Accuracy: 0.9139
Epoch 24/500 - Train Loss: 0.3149, Train Accuracy: 0.9650, Test Loss: 0.4183, Test Accuracy: 0.9100
Epoch 25/500 - Train Loss: 0.3381, Train Accuracy: 0.9525, Test Loss: 0.4016, Test Accuracy: 0.9156
Epoch 26/500 - Train Loss: 0.3252, Train Accuracy: 0.9550, Test Loss: 0.3958, Test Accuracy: 0.9196
Epoch 27/500 - Train Loss: 0.3384, Train Accuracy: 0.9500, Test Loss: 0.3851, Test Accuracy: 0.9218
Epoch 28/500 - Train Loss: 0.3366, Train Accuracy: 0.9425, Test Loss: 0.3971, Test Accuracy: 0.9196
Epoch 29/500 - Train Loss: 0.2976, Train Accuracy: 0.9600, Test Loss: 0.4071, Test Accuracy: 0.9095
Epoch 30/500 - Train Loss: 0.3159, Train Accuracy: 0.9500, Test Loss: 0.3800, Test Accuracy: 0.9218
Epoch 31/500 - Train Loss: 0.2705, Train Accuracy: 0.9825, Test Loss: 0.3787, Test Accuracy: 0.9218
Epoch 32/500 - Train Loss: 0.2763, Train Accuracy: 0.9700, Test Loss: 0.3763, Test Accuracy: 0.9240
Epoch 33/500 - Train Loss: 0.2902, Train Accuracy: 0.9625, Test Loss: 0.3648, Test Accuracy: 0.9253
Epoch 34/500 - Train Loss: 0.2682, Train Accuracy: 0.9625, Test Loss: 0.3618, Test Accuracy: 0.9261
Epoch 35/500 - Train Loss: 0.2769, Train Accuracy: 0.9650, Test Loss: 0.3532, Test Accuracy: 0.9283
Epoch 36/500 - Train Loss: 0.2617, Train Accuracy: 0.9625, Test Loss: 0.3547, Test Accuracy: 0.9270
Epoch 37/500 - Train Loss: 0.2599, Train Accuracy: 0.9775, Test Loss: 0.3553, Test Accuracy: 0.9270
Epoch 38/500 - Train Loss: 0.2383, Train Accuracy: 0.9825, Test Loss: 0.3572, Test Accuracy: 0.9270
Epoch 39/500 - Train Loss: 0.2728, Train Accuracy: 0.9550, Test Loss: 0.3595, Test Accuracy: 0.9200
Epoch 40/500 - Train Loss: 0.2425, Train Accuracy: 0.9725, Test Loss: 0.3617, Test Accuracy: 0.9270
Epoch 41/500 - Train Loss: 0.2416, Train Accuracy: 0.9825, Test Loss: 0.3599, Test Accuracy: 0.9253
Epoch 42/500 - Train Loss: 0.2302, Train Accuracy: 0.9825, Test Loss: 0.3862, Test Accuracy: 0.9135
Epoch 43/500 - Train Loss: 0.2281, Train Accuracy: 0.9800, Test Loss: 0.3769, Test Accuracy: 0.9156
Epoch 44/500 - Train Loss: 0.2203, Train Accuracy: 0.9725, Test Loss: 0.3931, Test Accuracy: 0.9073
Epoch 45/500 - Train Loss: 0.2371, Train Accuracy: 0.9750, Test Loss: 0.3724, Test Accuracy: 0.9196
Epoch 46/500 - Train Loss: 0.2265, Train Accuracy: 0.9800, Test Loss: 0.3511, Test Accuracy: 0.9261
Epoch 47/500 - Train Loss: 0.2146, Train Accuracy: 0.9875, Test Loss: 0.3368, Test Accuracy: 0.9340
Epoch 48/500 - Train Loss: 0.2207, Train Accuracy: 0.9725, Test Loss: 0.3356, Test Accuracy: 0.9296
Epoch 49/500 - Train Loss: 0.2287, Train Accuracy: 0.9750, Test Loss: 0.3447, Test Accuracy: 0.9266
Epoch 50/500 - Train Loss: 0.2198, Train Accuracy: 0.9825, Test Loss: 0.3366, Test Accuracy: 0.9327
Epoch 51/500 - Train Loss: 0.2066, Train Accuracy: 0.9850, Test Loss: 0.3412, Test Accuracy: 0.9309
Epoch 52/500 - Train Loss: 0.2215, Train Accuracy: 0.9800, Test Loss: 0.3328, Test Accuracy: 0.9323
Epoch 53/500 - Train Loss: 0.2086, Train Accuracy: 0.9900, Test Loss: 0.3394, Test Accuracy: 0.9270
Epoch 54/500 - Train Loss: 0.1962, Train Accuracy: 0.9875, Test Loss: 0.3507, Test Accuracy: 0.9266
Epoch 55/500 - Train Loss: 0.1996, Train Accuracy: 0.9900, Test Loss: 0.3518, Test Accuracy: 0.9248
Epoch 56/500 - Train Loss: 0.1880, Train Accuracy: 0.9875, Test Loss: 0.3457, Test Accuracy: 0.9240
Epoch 57/500 - Train Loss: 0.2172, Train Accuracy: 0.9800, Test Loss: 0.3284, Test Accuracy: 0.9323
Epoch 58/500 - Train Loss: 0.2129, Train Accuracy: 0.9800, Test Loss: 0.3382, Test Accuracy: 0.9344
Epoch 59/500 - Train Loss: 0.1902, Train Accuracy: 0.9900, Test Loss: 0.3335, Test Accuracy: 0.9323
Epoch 60/500 - Train Loss: 0.2006, Train Accuracy: 0.9825, Test Loss: 0.3320, Test Accuracy: 0.9362
Epoch 61/500 - Train Loss: 0.2051, Train Accuracy: 0.9850, Test Loss: 0.3447, Test Accuracy: 0.9274
Epoch 62/500 - Train Loss: 0.1839, Train Accuracy: 0.9875, Test Loss: 0.3451, Test Accuracy: 0.9257
Epoch 63/500 - Train Loss: 0.1809, Train Accuracy: 0.9900, Test Loss: 0.3402, Test Accuracy: 0.9323
Epoch 64/500 - Train Loss: 0.2051, Train Accuracy: 0.9800, Test Loss: 0.3416, Test Accuracy: 0.9323
Epoch 65/500 - Train Loss: 0.1915, Train Accuracy: 0.9900, Test Loss: 0.3432, Test Accuracy: 0.9279
Epoch 66/500 - Train Loss: 0.1862, Train Accuracy: 0.9900, Test Loss: 0.3403, Test Accuracy: 0.9301
Epoch 67/500 - Train Loss: 0.1797, Train Accuracy: 0.9950, Test Loss: 0.3441, Test Accuracy: 0.9288
Epoch 68/500 - Train Loss: 0.1817, Train Accuracy: 0.9950, Test Loss: 0.3497, Test Accuracy: 0.9279
Epoch 69/500 - Train Loss: 0.1793, Train Accuracy: 0.9900, Test Loss: 0.3432, Test Accuracy: 0.9283
Epoch 70/500 - Train Loss: 0.1888, Train Accuracy: 0.9900, Test Loss: 0.3394, Test Accuracy: 0.9296
Epoch 71/500 - Train Loss: 0.1761, Train Accuracy: 0.9950, Test Loss: 0.3528, Test Accuracy: 0.9261
Epoch 72/500 - Train Loss: 0.1835, Train Accuracy: 0.9900, Test Loss: 0.3670, Test Accuracy: 0.9191

Early stopping triggered at epoch 72
Best test loss: 0.3284
Best test accuracy: 0.9362
Plot saved as trained_models/Sweep_data run/metrics/loss.png
Plot saved as trained_models/Sweep_data run/metrics/metrics.png
