wandb: Starting wandb agent 🕵️
2026-01-10 19:24:02,734 - wandb.wandb_agent - INFO - Running runs: []
2026-01-10 19:24:03,170 - wandb.wandb_agent - INFO - Agent received command: run
2026-01-10 19:24:03,170 - wandb.wandb_agent - INFO - Agent starting run with config:
	affine: 0.589523168438821
	blur: 0.910171814307263
	brightness: 1.107905018821184
	contrast: 1.360795988041471
	crop: 0.5794133357230592
	crop_scale: 0.7997826505113812
	flip: 0.8887423889798652
	gaussian_blur_kernel: 7
	gaussian_noise_std: 2.686658439397725
	grey: 0.6796576024863209
	hue: -0.03972332075621148
	jiggle: 0.7618189814776222
	rotate: 0.19353338109028703
	rotation: 12
	saturation: 0.8152478537140699
	scale: 0.8653743560528098
	shear: 13
	translate_x: 0.2252615369234341
	translate_y: 0.0028003355629224293
2026-01-10 19:24:03,174 - wandb.wandb_agent - INFO - About to run command: /usr/bin/env python train_data.py --affine=0.589523168438821 --blur=0.910171814307263 --brightness=1.107905018821184 --contrast=1.360795988041471 --crop=0.5794133357230592 --crop_scale=0.7997826505113812 --flip=0.8887423889798652 --gaussian_blur_kernel=7 --gaussian_noise_std=2.686658439397725 --grey=0.6796576024863209 --hue=-0.03972332075621148 --jiggle=0.7618189814776222 --rotate=0.19353338109028703 --rotation=12 --saturation=0.8152478537140699 --scale=0.8653743560528098 --shear=13 --translate_x=0.2252615369234341 --translate_y=0.0028003355629224293
wandb: Currently logged in as: arnaumarcosalmansa (mcv-team-6) to https://api.wandb.ai. Use `wandb login --relogin` to force relogin
wandb: WARNING Ignoring project 'C3-Week3' when running a sweep.
wandb: WARNING Ignoring entity 'mcv-team-6' when running a sweep.
2026-01-10 19:24:08,181 - wandb.wandb_agent - INFO - Running runs: ['mx2humpu']
wandb: setting up run mx2humpu
wandb: Tracking run with wandb version 0.23.1
wandb: Run data is saved locally in /export/home/group06/workspace/project-team-6/Week3/wandb/run-20260110_192407-mx2humpu
wandb: Run `wandb offline` to turn off syncing.
wandb: Syncing run Sweep run
wandb: ⭐️ View project at https://wandb.ai/mcv-team-6/C3-Week3
wandb: 🧹 View sweep at https://wandb.ai/mcv-team-6/C3-Week3/sweeps/g5vb4edr
wandb: 🚀 View run at https://wandb.ai/mcv-team-6/C3-Week3/runs/mx2humpu
Traceback (most recent call last):
  File "/export/home/group06/workspace/project-team-6/Week3/train_data.py", line 61, in <module>
    ka.ColorJitter(brightness=cfg.brightness,
  File "/ghome/group06/miniconda3/envs/c3/lib/python3.12/site-packages/kornia/augmentation/_2d/intensity/color_jitter.py", line 105, in __init__
    self._param_generator = rg.ColorJitterGenerator(brightness, contrast, saturation, hue)
                            ^^^^^^^^^^^^^^^^^^^^^^^^^^^^^^^^^^^^^^^^^^^^^^^^^^^^^^^^^^^^^^
  File "/ghome/group06/miniconda3/envs/c3/lib/python3.12/site-packages/kornia/augmentation/random_generator/base.py", line 34, in __call__
    obj.__post_init__()
  File "/ghome/group06/miniconda3/envs/c3/lib/python3.12/site-packages/kornia/augmentation/random_generator/base.py", line 48, in __post_init__
    self.set_rng_device_and_dtype()
  File "/ghome/group06/miniconda3/envs/c3/lib/python3.12/site-packages/kornia/augmentation/random_generator/base.py", line 64, in set_rng_device_and_dtype
    self.make_samplers(device, dtype)
  File "/ghome/group06/miniconda3/envs/c3/lib/python3.12/site-packages/kornia/augmentation/random_generator/_2d/color_jitter.py", line 86, in make_samplers
    hue: Tensor = _range_bound(self.hue, "hue", bounds=(-0.5, 0.5), device=device, dtype=dtype)
                  ^^^^^^^^^^^^^^^^^^^^^^^^^^^^^^^^^^^^^^^^^^^^^^^^^^^^^^^^^^^^^^^^^^^^^^^^^^^^^
  File "/ghome/group06/miniconda3/envs/c3/lib/python3.12/site-packages/kornia/augmentation/utils/param_validation.py", line 53, in _range_bound
    raise ValueError(f"If {name} is a single number, it must be non negative. Got {factor}.")
ValueError: If hue is a single number, it must be non negative. Got -0.03972332179546356.
2026-01-10 19:24:13,331 - wandb.wandb_agent - INFO - Cleaning up finished run: mx2humpu
wandb: Terminating and syncing runs. Press ctrl-c to kill.
