Using GPU 0: NVIDIA GeForce RTX 3090
Epoch 1/500 - Train Loss: 2.1716, Train Accuracy: 0.1425, Test Loss: 2.0848, Test Accuracy: 0.1805
Epoch 2/500 - Train Loss: 1.9244, Train Accuracy: 0.2425, Test Loss: 1.9151, Test Accuracy: 0.3094
Epoch 3/500 - Train Loss: 1.7344, Train Accuracy: 0.4425, Test Loss: 1.7161, Test Accuracy: 0.4528
Epoch 4/500 - Train Loss: 1.5570, Train Accuracy: 0.5950, Test Loss: 1.5971, Test Accuracy: 0.5372
Epoch 5/500 - Train Loss: 1.4213, Train Accuracy: 0.6725, Test Loss: 1.4621, Test Accuracy: 0.6429
Epoch 6/500 - Train Loss: 1.2857, Train Accuracy: 0.7075, Test Loss: 1.4110, Test Accuracy: 0.6748
Epoch 7/500 - Train Loss: 1.1810, Train Accuracy: 0.7725, Test Loss: 1.3437, Test Accuracy: 0.6980
Epoch 8/500 - Train Loss: 1.0749, Train Accuracy: 0.7750, Test Loss: 1.2611, Test Accuracy: 0.7159
Epoch 9/500 - Train Loss: 0.9783, Train Accuracy: 0.8125, Test Loss: 1.2328, Test Accuracy: 0.6971
Epoch 10/500 - Train Loss: 0.8847, Train Accuracy: 0.8175, Test Loss: 1.1239, Test Accuracy: 0.7421
Epoch 11/500 - Train Loss: 0.8389, Train Accuracy: 0.8325, Test Loss: 0.9180, Test Accuracy: 0.8295
Epoch 12/500 - Train Loss: 0.7636, Train Accuracy: 0.8525, Test Loss: 0.8022, Test Accuracy: 0.8623
Epoch 13/500 - Train Loss: 0.6950, Train Accuracy: 0.8800, Test Loss: 0.8746, Test Accuracy: 0.8348
Epoch 14/500 - Train Loss: 0.6789, Train Accuracy: 0.8450, Test Loss: 0.8071, Test Accuracy: 0.8448
Epoch 15/500 - Train Loss: 0.6197, Train Accuracy: 0.9025, Test Loss: 0.7618, Test Accuracy: 0.8636
Epoch 16/500 - Train Loss: 0.6133, Train Accuracy: 0.8625, Test Loss: 0.8141, Test Accuracy: 0.8374
Epoch 17/500 - Train Loss: 0.5315, Train Accuracy: 0.9050, Test Loss: 0.8033, Test Accuracy: 0.8300
Epoch 18/500 - Train Loss: 0.5124, Train Accuracy: 0.9050, Test Loss: 0.7478, Test Accuracy: 0.8448
Epoch 19/500 - Train Loss: 0.5557, Train Accuracy: 0.8775, Test Loss: 0.8413, Test Accuracy: 0.8020
Epoch 20/500 - Train Loss: 0.4906, Train Accuracy: 0.9000, Test Loss: 0.6196, Test Accuracy: 0.8807
Epoch 21/500 - Train Loss: 0.4492, Train Accuracy: 0.9275, Test Loss: 0.6730, Test Accuracy: 0.8593
Epoch 22/500 - Train Loss: 0.4631, Train Accuracy: 0.9075, Test Loss: 0.5285, Test Accuracy: 0.8982
Epoch 23/500 - Train Loss: 0.4663, Train Accuracy: 0.9050, Test Loss: 0.5731, Test Accuracy: 0.8733
Epoch 24/500 - Train Loss: 0.4394, Train Accuracy: 0.9200, Test Loss: 0.5319, Test Accuracy: 0.8916
Epoch 25/500 - Train Loss: 0.3986, Train Accuracy: 0.9325, Test Loss: 0.5553, Test Accuracy: 0.8899
Epoch 26/500 - Train Loss: 0.4535, Train Accuracy: 0.9125, Test Loss: 0.6658, Test Accuracy: 0.8317
Epoch 27/500 - Train Loss: 0.3920, Train Accuracy: 0.9275, Test Loss: 0.7514, Test Accuracy: 0.7994
Epoch 28/500 - Train Loss: 0.3482, Train Accuracy: 0.9500, Test Loss: 0.4959, Test Accuracy: 0.8947
Epoch 29/500 - Train Loss: 0.3879, Train Accuracy: 0.9250, Test Loss: 0.5400, Test Accuracy: 0.8719
Epoch 30/500 - Train Loss: 0.3852, Train Accuracy: 0.9225, Test Loss: 0.5396, Test Accuracy: 0.8702
Epoch 31/500 - Train Loss: 0.3622, Train Accuracy: 0.9425, Test Loss: 0.4852, Test Accuracy: 0.8890
Epoch 32/500 - Train Loss: 0.3739, Train Accuracy: 0.9250, Test Loss: 0.4596, Test Accuracy: 0.8990
Epoch 33/500 - Train Loss: 0.3509, Train Accuracy: 0.9325, Test Loss: 0.4957, Test Accuracy: 0.8846
Epoch 34/500 - Train Loss: 0.3703, Train Accuracy: 0.9325, Test Loss: 0.5827, Test Accuracy: 0.8448
Epoch 35/500 - Train Loss: 0.3354, Train Accuracy: 0.9325, Test Loss: 0.5833, Test Accuracy: 0.8352
Epoch 36/500 - Train Loss: 0.3146, Train Accuracy: 0.9475, Test Loss: 0.4857, Test Accuracy: 0.8767
Epoch 37/500 - Train Loss: 0.3028, Train Accuracy: 0.9600, Test Loss: 0.5176, Test Accuracy: 0.8571
Epoch 38/500 - Train Loss: 0.3255, Train Accuracy: 0.9450, Test Loss: 0.4161, Test Accuracy: 0.9017
Epoch 39/500 - Train Loss: 0.3267, Train Accuracy: 0.9450, Test Loss: 0.4015, Test Accuracy: 0.9143
Epoch 40/500 - Train Loss: 0.3041, Train Accuracy: 0.9550, Test Loss: 0.4002, Test Accuracy: 0.9130
Epoch 41/500 - Train Loss: 0.3001, Train Accuracy: 0.9575, Test Loss: 0.3951, Test Accuracy: 0.9143
Epoch 42/500 - Train Loss: 0.3305, Train Accuracy: 0.9450, Test Loss: 0.4049, Test Accuracy: 0.9060
Epoch 43/500 - Train Loss: 0.3185, Train Accuracy: 0.9350, Test Loss: 0.4509, Test Accuracy: 0.8916
Epoch 44/500 - Train Loss: 0.2799, Train Accuracy: 0.9625, Test Loss: 0.4291, Test Accuracy: 0.9003
Epoch 45/500 - Train Loss: 0.3082, Train Accuracy: 0.9425, Test Loss: 0.4202, Test Accuracy: 0.8947
Epoch 46/500 - Train Loss: 0.2764, Train Accuracy: 0.9725, Test Loss: 0.3901, Test Accuracy: 0.9152
Epoch 47/500 - Train Loss: 0.2667, Train Accuracy: 0.9775, Test Loss: 0.4683, Test Accuracy: 0.8842
Epoch 48/500 - Train Loss: 0.2456, Train Accuracy: 0.9800, Test Loss: 0.4017, Test Accuracy: 0.9047
Epoch 49/500 - Train Loss: 0.3195, Train Accuracy: 0.9475, Test Loss: 0.4581, Test Accuracy: 0.8794
Epoch 50/500 - Train Loss: 0.2638, Train Accuracy: 0.9650, Test Loss: 0.4086, Test Accuracy: 0.9012
Epoch 51/500 - Train Loss: 0.2798, Train Accuracy: 0.9600, Test Loss: 0.5082, Test Accuracy: 0.8663
Epoch 52/500 - Train Loss: 0.2427, Train Accuracy: 0.9650, Test Loss: 0.4145, Test Accuracy: 0.8995
Epoch 53/500 - Train Loss: 0.2370, Train Accuracy: 0.9775, Test Loss: 0.4540, Test Accuracy: 0.8851
Epoch 54/500 - Train Loss: 0.2571, Train Accuracy: 0.9625, Test Loss: 0.4335, Test Accuracy: 0.8885
Epoch 55/500 - Train Loss: 0.2538, Train Accuracy: 0.9625, Test Loss: 0.4381, Test Accuracy: 0.8955
Epoch 56/500 - Train Loss: 0.2421, Train Accuracy: 0.9775, Test Loss: 0.3519, Test Accuracy: 0.9279
Epoch 57/500 - Train Loss: 0.2608, Train Accuracy: 0.9575, Test Loss: 0.3507, Test Accuracy: 0.9244
Epoch 58/500 - Train Loss: 0.2355, Train Accuracy: 0.9700, Test Loss: 0.3838, Test Accuracy: 0.9152
Epoch 59/500 - Train Loss: 0.2371, Train Accuracy: 0.9725, Test Loss: 0.3955, Test Accuracy: 0.9122
Epoch 60/500 - Train Loss: 0.2455, Train Accuracy: 0.9650, Test Loss: 0.3755, Test Accuracy: 0.9143
Epoch 61/500 - Train Loss: 0.2505, Train Accuracy: 0.9600, Test Loss: 0.3757, Test Accuracy: 0.9143
Epoch 62/500 - Train Loss: 0.2154, Train Accuracy: 0.9750, Test Loss: 0.3848, Test Accuracy: 0.9122
Epoch 63/500 - Train Loss: 0.2525, Train Accuracy: 0.9575, Test Loss: 0.3925, Test Accuracy: 0.9052
Epoch 64/500 - Train Loss: 0.2243, Train Accuracy: 0.9775, Test Loss: 0.4366, Test Accuracy: 0.8916
Epoch 65/500 - Train Loss: 0.2126, Train Accuracy: 0.9850, Test Loss: 0.4279, Test Accuracy: 0.8942
Epoch 66/500 - Train Loss: 0.2286, Train Accuracy: 0.9800, Test Loss: 0.4314, Test Accuracy: 0.8907
Epoch 67/500 - Train Loss: 0.2234, Train Accuracy: 0.9800, Test Loss: 0.3692, Test Accuracy: 0.9148
Epoch 68/500 - Train Loss: 0.2392, Train Accuracy: 0.9750, Test Loss: 0.4247, Test Accuracy: 0.8920
Epoch 69/500 - Train Loss: 0.2206, Train Accuracy: 0.9750, Test Loss: 0.4435, Test Accuracy: 0.8890
Epoch 70/500 - Train Loss: 0.2364, Train Accuracy: 0.9650, Test Loss: 0.3853, Test Accuracy: 0.9108
Epoch 71/500 - Train Loss: 0.2271, Train Accuracy: 0.9750, Test Loss: 0.4128, Test Accuracy: 0.8955
Epoch 72/500 - Train Loss: 0.2227, Train Accuracy: 0.9775, Test Loss: 0.4573, Test Accuracy: 0.8811

Early stopping triggered at epoch 72
Best test loss: 0.3507
Best test accuracy: 0.9279
Plot saved as trained_models/Sweep_data run/metrics/loss.png
Plot saved as trained_models/Sweep_data run/metrics/metrics.png
