Using GPU 0: NVIDIA GeForce RTX 3090
Epoch 1/500 - Train Loss: 1.9870, Train Accuracy: 0.2175, Test Loss: 1.9575, Test Accuracy: 0.2898
Epoch 2/500 - Train Loss: 1.7848, Train Accuracy: 0.4125, Test Loss: 1.7252, Test Accuracy: 0.5232
Epoch 3/500 - Train Loss: 1.6050, Train Accuracy: 0.5450, Test Loss: 1.4914, Test Accuracy: 0.6801
Epoch 4/500 - Train Loss: 1.3794, Train Accuracy: 0.7200, Test Loss: 1.3041, Test Accuracy: 0.7649
Epoch 5/500 - Train Loss: 1.2526, Train Accuracy: 0.7450, Test Loss: 1.1569, Test Accuracy: 0.7889
Epoch 6/500 - Train Loss: 1.0968, Train Accuracy: 0.7875, Test Loss: 1.0244, Test Accuracy: 0.8383
Epoch 7/500 - Train Loss: 1.0121, Train Accuracy: 0.8175, Test Loss: 0.9255, Test Accuracy: 0.8571
Epoch 8/500 - Train Loss: 0.8928, Train Accuracy: 0.8675, Test Loss: 0.8495, Test Accuracy: 0.8824
Epoch 9/500 - Train Loss: 0.8299, Train Accuracy: 0.8575, Test Loss: 0.7611, Test Accuracy: 0.8903
Epoch 10/500 - Train Loss: 0.7600, Train Accuracy: 0.8650, Test Loss: 0.6706, Test Accuracy: 0.9034
Epoch 11/500 - Train Loss: 0.6896, Train Accuracy: 0.8900, Test Loss: 0.6242, Test Accuracy: 0.9065
Epoch 12/500 - Train Loss: 0.6645, Train Accuracy: 0.8725, Test Loss: 0.5780, Test Accuracy: 0.9073
Epoch 13/500 - Train Loss: 0.5888, Train Accuracy: 0.9075, Test Loss: 0.5321, Test Accuracy: 0.9183
Epoch 14/500 - Train Loss: 0.5616, Train Accuracy: 0.8925, Test Loss: 0.4960, Test Accuracy: 0.9205
Epoch 15/500 - Train Loss: 0.4910, Train Accuracy: 0.9250, Test Loss: 0.4702, Test Accuracy: 0.9253
Epoch 16/500 - Train Loss: 0.4608, Train Accuracy: 0.9300, Test Loss: 0.4449, Test Accuracy: 0.9301
Epoch 17/500 - Train Loss: 0.4642, Train Accuracy: 0.9350, Test Loss: 0.4339, Test Accuracy: 0.9253
Epoch 18/500 - Train Loss: 0.4442, Train Accuracy: 0.9175, Test Loss: 0.4156, Test Accuracy: 0.9283
Epoch 19/500 - Train Loss: 0.4394, Train Accuracy: 0.9200, Test Loss: 0.4122, Test Accuracy: 0.9248
Epoch 20/500 - Train Loss: 0.4156, Train Accuracy: 0.9350, Test Loss: 0.3851, Test Accuracy: 0.9349
Epoch 21/500 - Train Loss: 0.4403, Train Accuracy: 0.9025, Test Loss: 0.3859, Test Accuracy: 0.9270
Epoch 22/500 - Train Loss: 0.3761, Train Accuracy: 0.9475, Test Loss: 0.3664, Test Accuracy: 0.9309
Epoch 23/500 - Train Loss: 0.3634, Train Accuracy: 0.9525, Test Loss: 0.3652, Test Accuracy: 0.9270
Epoch 24/500 - Train Loss: 0.4417, Train Accuracy: 0.9075, Test Loss: 0.3710, Test Accuracy: 0.9240
Epoch 25/500 - Train Loss: 0.3785, Train Accuracy: 0.9350, Test Loss: 0.3569, Test Accuracy: 0.9279
Epoch 26/500 - Train Loss: 0.3459, Train Accuracy: 0.9600, Test Loss: 0.3603, Test Accuracy: 0.9292
Epoch 27/500 - Train Loss: 0.3355, Train Accuracy: 0.9500, Test Loss: 0.3511, Test Accuracy: 0.9279
Epoch 28/500 - Train Loss: 0.3498, Train Accuracy: 0.9350, Test Loss: 0.3556, Test Accuracy: 0.9292
Epoch 29/500 - Train Loss: 0.3284, Train Accuracy: 0.9525, Test Loss: 0.3640, Test Accuracy: 0.9222
Epoch 30/500 - Train Loss: 0.2909, Train Accuracy: 0.9750, Test Loss: 0.3411, Test Accuracy: 0.9336
Epoch 31/500 - Train Loss: 0.2762, Train Accuracy: 0.9600, Test Loss: 0.3430, Test Accuracy: 0.9314
Epoch 32/500 - Train Loss: 0.2961, Train Accuracy: 0.9475, Test Loss: 0.3463, Test Accuracy: 0.9296
Epoch 33/500 - Train Loss: 0.2764, Train Accuracy: 0.9700, Test Loss: 0.3462, Test Accuracy: 0.9305
Epoch 34/500 - Train Loss: 0.2814, Train Accuracy: 0.9675, Test Loss: 0.3508, Test Accuracy: 0.9279
Epoch 35/500 - Train Loss: 0.2668, Train Accuracy: 0.9650, Test Loss: 0.3285, Test Accuracy: 0.9349
Epoch 36/500 - Train Loss: 0.2831, Train Accuracy: 0.9575, Test Loss: 0.3372, Test Accuracy: 0.9318
Epoch 37/500 - Train Loss: 0.2720, Train Accuracy: 0.9700, Test Loss: 0.3314, Test Accuracy: 0.9358
Epoch 38/500 - Train Loss: 0.2732, Train Accuracy: 0.9675, Test Loss: 0.3298, Test Accuracy: 0.9323
Epoch 39/500 - Train Loss: 0.2788, Train Accuracy: 0.9550, Test Loss: 0.3544, Test Accuracy: 0.9283
Epoch 40/500 - Train Loss: 0.2652, Train Accuracy: 0.9550, Test Loss: 0.3303, Test Accuracy: 0.9362
Epoch 41/500 - Train Loss: 0.2556, Train Accuracy: 0.9650, Test Loss: 0.3438, Test Accuracy: 0.9314
Epoch 42/500 - Train Loss: 0.2601, Train Accuracy: 0.9600, Test Loss: 0.3292, Test Accuracy: 0.9318
Epoch 43/500 - Train Loss: 0.2337, Train Accuracy: 0.9700, Test Loss: 0.3188, Test Accuracy: 0.9397
Epoch 44/500 - Train Loss: 0.2236, Train Accuracy: 0.9850, Test Loss: 0.3323, Test Accuracy: 0.9349
Epoch 45/500 - Train Loss: 0.2632, Train Accuracy: 0.9725, Test Loss: 0.3386, Test Accuracy: 0.9314
Epoch 46/500 - Train Loss: 0.2401, Train Accuracy: 0.9750, Test Loss: 0.3379, Test Accuracy: 0.9301
Epoch 47/500 - Train Loss: 0.2148, Train Accuracy: 0.9800, Test Loss: 0.3291, Test Accuracy: 0.9327
Epoch 48/500 - Train Loss: 0.2377, Train Accuracy: 0.9675, Test Loss: 0.3471, Test Accuracy: 0.9309
Epoch 49/500 - Train Loss: 0.2514, Train Accuracy: 0.9675, Test Loss: 0.3520, Test Accuracy: 0.9253
Epoch 50/500 - Train Loss: 0.2116, Train Accuracy: 0.9850, Test Loss: 0.3436, Test Accuracy: 0.9261
Epoch 51/500 - Train Loss: 0.2064, Train Accuracy: 0.9825, Test Loss: 0.3200, Test Accuracy: 0.9358
Epoch 52/500 - Train Loss: 0.1894, Train Accuracy: 0.9950, Test Loss: 0.3260, Test Accuracy: 0.9340
Epoch 53/500 - Train Loss: 0.2219, Train Accuracy: 0.9800, Test Loss: 0.3227, Test Accuracy: 0.9344
Epoch 54/500 - Train Loss: 0.2207, Train Accuracy: 0.9800, Test Loss: 0.3261, Test Accuracy: 0.9279
Epoch 55/500 - Train Loss: 0.2131, Train Accuracy: 0.9775, Test Loss: 0.3307, Test Accuracy: 0.9327
Epoch 56/500 - Train Loss: 0.1976, Train Accuracy: 0.9825, Test Loss: 0.3298, Test Accuracy: 0.9296
Epoch 57/500 - Train Loss: 0.2060, Train Accuracy: 0.9825, Test Loss: 0.3228, Test Accuracy: 0.9323
Epoch 58/500 - Train Loss: 0.1950, Train Accuracy: 0.9850, Test Loss: 0.3208, Test Accuracy: 0.9336

Early stopping triggered at epoch 58
Best test loss: 0.3188
Best test accuracy: 0.9397
Plot saved as trained_models/Sweep_data run/metrics/loss.png
Plot saved as trained_models/Sweep_data run/metrics/metrics.png
