wandb: Starting wandb agent 🕵️
2026-01-10 20:18:20,395 - wandb.wandb_agent - INFO - Running runs: []
2026-01-10 20:18:20,719 - wandb.wandb_agent - INFO - Agent received command: run
2026-01-10 20:18:20,720 - wandb.wandb_agent - INFO - Agent starting run with config:
	affine: 0.9034862200785518
	blur: 0.915292502672607
	brightness: 0.9810492204789724
	contrast: 0.9964719464578482
	crop: 0.9320134029160884
	crop_scale: 0.29088270659229964
	flip: 0.136121706994076
	gaussian_blur_kernel: 7
	gaussian_noise_std: 2.640879195010471
	grey: 0.4821419574880307
	hue: -0.07893165512176388
	jiggle: 0.3924956006384833
	rotate: 0.044645708378525994
	rotation: 34
	saturation: 1.3329252944957397
	scale: 1.0727058532177018
	shear: 38
	translate_x: 0.26551987737887495
	translate_y: 0.12300334296025447
2026-01-10 20:18:20,724 - wandb.wandb_agent - INFO - About to run command: /usr/bin/env python train_data.py --affine=0.9034862200785518 --blur=0.915292502672607 --brightness=0.9810492204789724 --contrast=0.9964719464578482 --crop=0.9320134029160884 --crop_scale=0.29088270659229964 --flip=0.136121706994076 --gaussian_blur_kernel=7 --gaussian_noise_std=2.640879195010471 --grey=0.4821419574880307 --hue=-0.07893165512176388 --jiggle=0.3924956006384833 --rotate=0.044645708378525994 --rotation=34 --saturation=1.3329252944957397 --scale=1.0727058532177018 --shear=38 --translate_x=0.26551987737887495 --translate_y=0.12300334296025447
wandb: Currently logged in as: arnaumarcosalmansa (mcv-team-6) to https://api.wandb.ai. Use `wandb login --relogin` to force relogin
wandb: WARNING Ignoring project 'C3-Week3' when running a sweep.
wandb: WARNING Ignoring entity 'mcv-team-6' when running a sweep.
wandb: setting up run i06czzin
wandb: Tracking run with wandb version 0.23.1
wandb: Run data is saved locally in /export/home/group06/workspace/project-team-6/Week3/wandb/run-20260110_201824-i06czzin
wandb: Run `wandb offline` to turn off syncing.
wandb: Syncing run Sweep run
wandb: ⭐️ View project at https://wandb.ai/mcv-team-6/C3-Week3
wandb: 🧹 View sweep at https://wandb.ai/mcv-team-6/C3-Week3/sweeps/g5vb4edr
wandb: 🚀 View run at https://wandb.ai/mcv-team-6/C3-Week3/runs/i06czzin
2026-01-10 20:18:25,730 - wandb.wandb_agent - INFO - Running runs: ['i06czzin']
Traceback (most recent call last):
  File "/export/home/group06/workspace/project-team-6/Week3/train_data.py", line 61, in <module>
    ka.ColorJitter(brightness=cfg.brightness,
  File "/ghome/group06/miniconda3/envs/c3/lib/python3.12/site-packages/kornia/augmentation/_2d/intensity/color_jitter.py", line 105, in __init__
    self._param_generator = rg.ColorJitterGenerator(brightness, contrast, saturation, hue)
                            ^^^^^^^^^^^^^^^^^^^^^^^^^^^^^^^^^^^^^^^^^^^^^^^^^^^^^^^^^^^^^^
  File "/ghome/group06/miniconda3/envs/c3/lib/python3.12/site-packages/kornia/augmentation/random_generator/base.py", line 34, in __call__
    obj.__post_init__()
  File "/ghome/group06/miniconda3/envs/c3/lib/python3.12/site-packages/kornia/augmentation/random_generator/base.py", line 48, in __post_init__
    self.set_rng_device_and_dtype()
  File "/ghome/group06/miniconda3/envs/c3/lib/python3.12/site-packages/kornia/augmentation/random_generator/base.py", line 64, in set_rng_device_and_dtype
    self.make_samplers(device, dtype)
  File "/ghome/group06/miniconda3/envs/c3/lib/python3.12/site-packages/kornia/augmentation/random_generator/_2d/color_jitter.py", line 86, in make_samplers
    hue: Tensor = _range_bound(self.hue, "hue", bounds=(-0.5, 0.5), device=device, dtype=dtype)
                  ^^^^^^^^^^^^^^^^^^^^^^^^^^^^^^^^^^^^^^^^^^^^^^^^^^^^^^^^^^^^^^^^^^^^^^^^^^^^^
  File "/ghome/group06/miniconda3/envs/c3/lib/python3.12/site-packages/kornia/augmentation/utils/param_validation.py", line 53, in _range_bound
    raise ValueError(f"If {name} is a single number, it must be non negative. Got {factor}.")
ValueError: If hue is a single number, it must be non negative. Got -0.07893165200948715.
2026-01-10 20:18:30,877 - wandb.wandb_agent - INFO - Cleaning up finished run: i06czzin
wandb: Terminating and syncing runs. Press ctrl-c to kill.
