Using GPU 0: NVIDIA GeForce RTX 3090
Epoch 1/500 - Train Loss: 2.4826, Train Accuracy: 0.2175, Test Loss: 35118.6781, Test Accuracy: 0.1128
Epoch 2/500 - Train Loss: 2.0404, Train Accuracy: 0.2750, Test Loss: 134.8903, Test Accuracy: 0.1355
Epoch 3/500 - Train Loss: 1.7095, Train Accuracy: 0.4175, Test Loss: 3.7893, Test Accuracy: 0.3964
Epoch 4/500 - Train Loss: 1.6414, Train Accuracy: 0.4450, Test Loss: 2.6173, Test Accuracy: 0.3746
Epoch 5/500 - Train Loss: 1.5185, Train Accuracy: 0.4850, Test Loss: 1.7198, Test Accuracy: 0.4371
Epoch 6/500 - Train Loss: 1.4394, Train Accuracy: 0.5275, Test Loss: 1.9168, Test Accuracy: 0.3833
Epoch 7/500 - Train Loss: 1.4224, Train Accuracy: 0.4775, Test Loss: 1.6877, Test Accuracy: 0.4187
Epoch 8/500 - Train Loss: 1.5348, Train Accuracy: 0.4725, Test Loss: 32.6800, Test Accuracy: 0.3422
Epoch 9/500 - Train Loss: 1.3835, Train Accuracy: 0.5350, Test Loss: 1.7656, Test Accuracy: 0.4899
Epoch 10/500 - Train Loss: 1.3356, Train Accuracy: 0.5800, Test Loss: 1.4774, Test Accuracy: 0.5319
Epoch 11/500 - Train Loss: 1.2208, Train Accuracy: 0.6400, Test Loss: 3.6800, Test Accuracy: 0.3239
Epoch 12/500 - Train Loss: 1.1717, Train Accuracy: 0.6600, Test Loss: 1.5652, Test Accuracy: 0.5787
Epoch 13/500 - Train Loss: 1.1269, Train Accuracy: 0.6600, Test Loss: 2.4348, Test Accuracy: 0.6272
Epoch 14/500 - Train Loss: 1.0771, Train Accuracy: 0.6650, Test Loss: 1.2154, Test Accuracy: 0.6176
Epoch 15/500 - Train Loss: 1.1390, Train Accuracy: 0.6775, Test Loss: 1.5664, Test Accuracy: 0.5979
Epoch 16/500 - Train Loss: 1.0334, Train Accuracy: 0.6800, Test Loss: 1.4415, Test Accuracy: 0.6031
Epoch 17/500 - Train Loss: 1.1501, Train Accuracy: 0.6775, Test Loss: 3.0653, Test Accuracy: 0.5140
Epoch 18/500 - Train Loss: 1.0733, Train Accuracy: 0.7150, Test Loss: 8.2449, Test Accuracy: 0.2067
Epoch 19/500 - Train Loss: 1.0964, Train Accuracy: 0.6675, Test Loss: 2.8785, Test Accuracy: 0.3422
Epoch 20/500 - Train Loss: 1.0822, Train Accuracy: 0.6950, Test Loss: 1.5956, Test Accuracy: 0.5691
Epoch 21/500 - Train Loss: 0.8378, Train Accuracy: 0.7500, Test Loss: 1.5298, Test Accuracy: 0.6254
Epoch 22/500 - Train Loss: 0.8705, Train Accuracy: 0.7500, Test Loss: 1.3765, Test Accuracy: 0.6372
Epoch 23/500 - Train Loss: 0.8935, Train Accuracy: 0.7425, Test Loss: 1.0536, Test Accuracy: 0.7181
Epoch 24/500 - Train Loss: 0.8683, Train Accuracy: 0.7625, Test Loss: 0.9763, Test Accuracy: 0.7692
Epoch 25/500 - Train Loss: 0.8005, Train Accuracy: 0.7600, Test Loss: 1.2954, Test Accuracy: 0.6167
Epoch 26/500 - Train Loss: 0.9474, Train Accuracy: 0.7250, Test Loss: 1.3745, Test Accuracy: 0.5970
Epoch 27/500 - Train Loss: 0.8306, Train Accuracy: 0.7750, Test Loss: 0.9912, Test Accuracy: 0.7461
Epoch 28/500 - Train Loss: 0.7965, Train Accuracy: 0.7875, Test Loss: 0.8893, Test Accuracy: 0.7758
Epoch 29/500 - Train Loss: 0.7636, Train Accuracy: 0.8100, Test Loss: 1.0401, Test Accuracy: 0.7163
Epoch 30/500 - Train Loss: 0.8010, Train Accuracy: 0.7975, Test Loss: 1.2076, Test Accuracy: 0.6748
Epoch 31/500 - Train Loss: 0.8066, Train Accuracy: 0.7850, Test Loss: 1.2147, Test Accuracy: 0.7120
Epoch 32/500 - Train Loss: 0.8951, Train Accuracy: 0.7600, Test Loss: 0.8958, Test Accuracy: 0.7697
Epoch 33/500 - Train Loss: 0.7353, Train Accuracy: 0.8350, Test Loss: 1.0405, Test Accuracy: 0.7133
Epoch 34/500 - Train Loss: 0.7543, Train Accuracy: 0.8425, Test Loss: 1.2473, Test Accuracy: 0.6814
Epoch 35/500 - Train Loss: 0.7657, Train Accuracy: 0.8150, Test Loss: 1.0778, Test Accuracy: 0.7303
Epoch 36/500 - Train Loss: 0.6622, Train Accuracy: 0.8350, Test Loss: 0.9700, Test Accuracy: 0.7579
Epoch 37/500 - Train Loss: 0.6836, Train Accuracy: 0.8350, Test Loss: 0.8539, Test Accuracy: 0.7806
Epoch 38/500 - Train Loss: 0.7229, Train Accuracy: 0.8225, Test Loss: 1.0145, Test Accuracy: 0.7517
Epoch 39/500 - Train Loss: 0.7103, Train Accuracy: 0.8250, Test Loss: 1.0678, Test Accuracy: 0.7321
Epoch 40/500 - Train Loss: 0.6724, Train Accuracy: 0.8425, Test Loss: 0.8710, Test Accuracy: 0.7740
Epoch 41/500 - Train Loss: 0.6904, Train Accuracy: 0.8450, Test Loss: 1.2267, Test Accuracy: 0.7010
Epoch 42/500 - Train Loss: 0.7594, Train Accuracy: 0.8125, Test Loss: 1.3498, Test Accuracy: 0.6359
Epoch 43/500 - Train Loss: 0.7375, Train Accuracy: 0.8250, Test Loss: 1.4190, Test Accuracy: 0.6534
Epoch 44/500 - Train Loss: 0.6675, Train Accuracy: 0.8350, Test Loss: 0.8802, Test Accuracy: 0.7810
Epoch 45/500 - Train Loss: 0.6119, Train Accuracy: 0.8900, Test Loss: 1.2892, Test Accuracy: 0.6434
Epoch 46/500 - Train Loss: 0.6212, Train Accuracy: 0.8625, Test Loss: 1.2700, Test Accuracy: 0.6512
Epoch 47/500 - Train Loss: 0.6289, Train Accuracy: 0.8825, Test Loss: 0.9726, Test Accuracy: 0.7448
Epoch 48/500 - Train Loss: 0.5795, Train Accuracy: 0.8875, Test Loss: 1.0292, Test Accuracy: 0.7290
Epoch 49/500 - Train Loss: 0.6142, Train Accuracy: 0.8675, Test Loss: 1.1950, Test Accuracy: 0.6945
Epoch 50/500 - Train Loss: 0.6412, Train Accuracy: 0.8750, Test Loss: 1.0382, Test Accuracy: 0.7373
Epoch 51/500 - Train Loss: 0.7464, Train Accuracy: 0.8125, Test Loss: 0.9327, Test Accuracy: 0.7705
Epoch 52/500 - Train Loss: 0.6600, Train Accuracy: 0.8425, Test Loss: 0.9069, Test Accuracy: 0.7906

Early stopping triggered at epoch 52
Best test loss: 0.8539
Best test accuracy: 0.7906
Plot saved as trained_models/Sweep run/metrics/loss.png
Plot saved as trained_models/Sweep run/metrics/metrics.png
