Using GPU 0: NVIDIA GeForce RTX 3090
Epoch 1/500 - Train Loss: 2.0948, Train Accuracy: 0.1650, Test Loss: 2.0171, Test Accuracy: 0.2115
Epoch 2/500 - Train Loss: 1.9105, Train Accuracy: 0.2850, Test Loss: 1.8366, Test Accuracy: 0.3636
Epoch 3/500 - Train Loss: 1.7735, Train Accuracy: 0.4250, Test Loss: 1.6749, Test Accuracy: 0.5122
Epoch 4/500 - Train Loss: 1.6501, Train Accuracy: 0.5175, Test Loss: 1.5497, Test Accuracy: 0.6289
Epoch 5/500 - Train Loss: 1.5384, Train Accuracy: 0.6125, Test Loss: 1.4389, Test Accuracy: 0.7032
Epoch 6/500 - Train Loss: 1.4460, Train Accuracy: 0.6825, Test Loss: 1.3408, Test Accuracy: 0.7531
Epoch 7/500 - Train Loss: 1.3675, Train Accuracy: 0.6775, Test Loss: 1.2551, Test Accuracy: 0.7920
Epoch 8/500 - Train Loss: 1.2628, Train Accuracy: 0.7725, Test Loss: 1.1694, Test Accuracy: 0.8099
Epoch 9/500 - Train Loss: 1.2019, Train Accuracy: 0.7700, Test Loss: 1.1009, Test Accuracy: 0.8287
Epoch 10/500 - Train Loss: 1.1549, Train Accuracy: 0.7775, Test Loss: 1.0287, Test Accuracy: 0.8540
Epoch 11/500 - Train Loss: 1.1007, Train Accuracy: 0.7975, Test Loss: 0.9826, Test Accuracy: 0.8597
Epoch 12/500 - Train Loss: 1.0393, Train Accuracy: 0.8350, Test Loss: 0.9308, Test Accuracy: 0.8741
Epoch 13/500 - Train Loss: 0.9655, Train Accuracy: 0.8425, Test Loss: 0.8814, Test Accuracy: 0.8737
Epoch 14/500 - Train Loss: 0.9441, Train Accuracy: 0.8400, Test Loss: 0.8277, Test Accuracy: 0.8864
Epoch 15/500 - Train Loss: 0.9021, Train Accuracy: 0.8425, Test Loss: 0.7979, Test Accuracy: 0.8916
Epoch 16/500 - Train Loss: 0.8849, Train Accuracy: 0.8250, Test Loss: 0.7567, Test Accuracy: 0.8942
Epoch 17/500 - Train Loss: 0.8299, Train Accuracy: 0.8700, Test Loss: 0.7291, Test Accuracy: 0.8960
Epoch 18/500 - Train Loss: 0.7889, Train Accuracy: 0.8775, Test Loss: 0.6948, Test Accuracy: 0.9052
Epoch 19/500 - Train Loss: 0.7911, Train Accuracy: 0.8625, Test Loss: 0.6708, Test Accuracy: 0.9056
Epoch 20/500 - Train Loss: 0.7640, Train Accuracy: 0.8750, Test Loss: 0.6533, Test Accuracy: 0.9108
Epoch 21/500 - Train Loss: 0.7432, Train Accuracy: 0.8775, Test Loss: 0.6350, Test Accuracy: 0.9104
Epoch 22/500 - Train Loss: 0.7184, Train Accuracy: 0.8850, Test Loss: 0.6151, Test Accuracy: 0.9156
Epoch 23/500 - Train Loss: 0.7027, Train Accuracy: 0.8850, Test Loss: 0.5964, Test Accuracy: 0.9191
Epoch 24/500 - Train Loss: 0.7122, Train Accuracy: 0.8900, Test Loss: 0.5846, Test Accuracy: 0.9222
Epoch 25/500 - Train Loss: 0.6266, Train Accuracy: 0.9225, Test Loss: 0.5750, Test Accuracy: 0.9253
Epoch 26/500 - Train Loss: 0.6190, Train Accuracy: 0.9275, Test Loss: 0.5599, Test Accuracy: 0.9253
Epoch 27/500 - Train Loss: 0.6020, Train Accuracy: 0.9150, Test Loss: 0.5590, Test Accuracy: 0.9283
Epoch 28/500 - Train Loss: 0.5989, Train Accuracy: 0.9100, Test Loss: 0.5448, Test Accuracy: 0.9288
Epoch 29/500 - Train Loss: 0.6297, Train Accuracy: 0.8950, Test Loss: 0.5419, Test Accuracy: 0.9288
Epoch 30/500 - Train Loss: 0.5904, Train Accuracy: 0.9250, Test Loss: 0.5365, Test Accuracy: 0.9323
Epoch 31/500 - Train Loss: 0.5881, Train Accuracy: 0.9175, Test Loss: 0.5298, Test Accuracy: 0.9358
Epoch 32/500 - Train Loss: 0.5433, Train Accuracy: 0.9450, Test Loss: 0.5220, Test Accuracy: 0.9362
Epoch 33/500 - Train Loss: 0.5612, Train Accuracy: 0.9300, Test Loss: 0.5171, Test Accuracy: 0.9362
Epoch 34/500 - Train Loss: 0.5560, Train Accuracy: 0.9200, Test Loss: 0.5113, Test Accuracy: 0.9401
Epoch 35/500 - Train Loss: 0.5780, Train Accuracy: 0.9250, Test Loss: 0.5083, Test Accuracy: 0.9375
Epoch 36/500 - Train Loss: 0.5400, Train Accuracy: 0.9175, Test Loss: 0.5090, Test Accuracy: 0.9349
Epoch 37/500 - Train Loss: 0.5625, Train Accuracy: 0.9400, Test Loss: 0.5087, Test Accuracy: 0.9340
Epoch 38/500 - Train Loss: 0.5413, Train Accuracy: 0.9300, Test Loss: 0.5045, Test Accuracy: 0.9371
Epoch 39/500 - Train Loss: 0.5214, Train Accuracy: 0.9450, Test Loss: 0.5031, Test Accuracy: 0.9401
Epoch 40/500 - Train Loss: 0.5296, Train Accuracy: 0.9400, Test Loss: 0.4950, Test Accuracy: 0.9441
Epoch 41/500 - Train Loss: 0.5334, Train Accuracy: 0.9250, Test Loss: 0.4930, Test Accuracy: 0.9441
Epoch 42/500 - Train Loss: 0.4927, Train Accuracy: 0.9500, Test Loss: 0.4900, Test Accuracy: 0.9427
Epoch 43/500 - Train Loss: 0.5293, Train Accuracy: 0.9350, Test Loss: 0.4929, Test Accuracy: 0.9366
Epoch 44/500 - Train Loss: 0.5030, Train Accuracy: 0.9325, Test Loss: 0.4867, Test Accuracy: 0.9414
Epoch 45/500 - Train Loss: 0.4971, Train Accuracy: 0.9400, Test Loss: 0.4810, Test Accuracy: 0.9406
Epoch 46/500 - Train Loss: 0.4725, Train Accuracy: 0.9525, Test Loss: 0.4814, Test Accuracy: 0.9427
Epoch 47/500 - Train Loss: 0.4872, Train Accuracy: 0.9550, Test Loss: 0.4775, Test Accuracy: 0.9441
Epoch 48/500 - Train Loss: 0.4696, Train Accuracy: 0.9575, Test Loss: 0.4760, Test Accuracy: 0.9436
Epoch 49/500 - Train Loss: 0.4857, Train Accuracy: 0.9525, Test Loss: 0.4777, Test Accuracy: 0.9419
Epoch 50/500 - Train Loss: 0.4843, Train Accuracy: 0.9475, Test Loss: 0.4759, Test Accuracy: 0.9445
Epoch 51/500 - Train Loss: 0.4497, Train Accuracy: 0.9700, Test Loss: 0.4746, Test Accuracy: 0.9462
Epoch 52/500 - Train Loss: 0.4552, Train Accuracy: 0.9700, Test Loss: 0.4722, Test Accuracy: 0.9445
Epoch 53/500 - Train Loss: 0.4885, Train Accuracy: 0.9425, Test Loss: 0.4722, Test Accuracy: 0.9458
Epoch 54/500 - Train Loss: 0.4866, Train Accuracy: 0.9450, Test Loss: 0.4766, Test Accuracy: 0.9401
Epoch 55/500 - Train Loss: 0.4437, Train Accuracy: 0.9600, Test Loss: 0.4778, Test Accuracy: 0.9406
Epoch 56/500 - Train Loss: 0.4495, Train Accuracy: 0.9550, Test Loss: 0.4747, Test Accuracy: 0.9441
Epoch 57/500 - Train Loss: 0.4755, Train Accuracy: 0.9450, Test Loss: 0.4719, Test Accuracy: 0.9458
Epoch 58/500 - Train Loss: 0.4609, Train Accuracy: 0.9575, Test Loss: 0.4675, Test Accuracy: 0.9471
Epoch 59/500 - Train Loss: 0.4393, Train Accuracy: 0.9700, Test Loss: 0.4709, Test Accuracy: 0.9471
Epoch 60/500 - Train Loss: 0.4393, Train Accuracy: 0.9700, Test Loss: 0.4664, Test Accuracy: 0.9497
Epoch 61/500 - Train Loss: 0.4397, Train Accuracy: 0.9625, Test Loss: 0.4664, Test Accuracy: 0.9493
Epoch 62/500 - Train Loss: 0.4538, Train Accuracy: 0.9575, Test Loss: 0.4684, Test Accuracy: 0.9467
Epoch 63/500 - Train Loss: 0.4251, Train Accuracy: 0.9675, Test Loss: 0.4697, Test Accuracy: 0.9436
Epoch 64/500 - Train Loss: 0.4310, Train Accuracy: 0.9600, Test Loss: 0.4693, Test Accuracy: 0.9419
Epoch 65/500 - Train Loss: 0.4378, Train Accuracy: 0.9600, Test Loss: 0.4696, Test Accuracy: 0.9432
Epoch 66/500 - Train Loss: 0.4060, Train Accuracy: 0.9775, Test Loss: 0.4695, Test Accuracy: 0.9454
Epoch 67/500 - Train Loss: 0.4120, Train Accuracy: 0.9775, Test Loss: 0.4660, Test Accuracy: 0.9480
Epoch 68/500 - Train Loss: 0.4307, Train Accuracy: 0.9600, Test Loss: 0.4667, Test Accuracy: 0.9462
Epoch 69/500 - Train Loss: 0.4082, Train Accuracy: 0.9825, Test Loss: 0.4646, Test Accuracy: 0.9441
Epoch 70/500 - Train Loss: 0.4053, Train Accuracy: 0.9650, Test Loss: 0.4625, Test Accuracy: 0.9462
Epoch 71/500 - Train Loss: 0.4292, Train Accuracy: 0.9650, Test Loss: 0.4667, Test Accuracy: 0.9445
Epoch 72/500 - Train Loss: 0.4219, Train Accuracy: 0.9675, Test Loss: 0.4660, Test Accuracy: 0.9471
Epoch 73/500 - Train Loss: 0.3926, Train Accuracy: 0.9750, Test Loss: 0.4657, Test Accuracy: 0.9467
Epoch 74/500 - Train Loss: 0.3988, Train Accuracy: 0.9800, Test Loss: 0.4696, Test Accuracy: 0.9427
Epoch 75/500 - Train Loss: 0.4016, Train Accuracy: 0.9750, Test Loss: 0.4668, Test Accuracy: 0.9441
Epoch 76/500 - Train Loss: 0.4318, Train Accuracy: 0.9550, Test Loss: 0.4710, Test Accuracy: 0.9432
Epoch 77/500 - Train Loss: 0.4180, Train Accuracy: 0.9600, Test Loss: 0.4694, Test Accuracy: 0.9449
Epoch 78/500 - Train Loss: 0.4126, Train Accuracy: 0.9625, Test Loss: 0.4636, Test Accuracy: 0.9458
Epoch 79/500 - Train Loss: 0.4106, Train Accuracy: 0.9675, Test Loss: 0.4680, Test Accuracy: 0.9410
Epoch 80/500 - Train Loss: 0.4142, Train Accuracy: 0.9800, Test Loss: 0.4632, Test Accuracy: 0.9458
Epoch 81/500 - Train Loss: 0.4085, Train Accuracy: 0.9725, Test Loss: 0.4646, Test Accuracy: 0.9445
Epoch 82/500 - Train Loss: 0.4040, Train Accuracy: 0.9800, Test Loss: 0.4607, Test Accuracy: 0.9484
Epoch 83/500 - Train Loss: 0.3950, Train Accuracy: 0.9775, Test Loss: 0.4635, Test Accuracy: 0.9476
Epoch 84/500 - Train Loss: 0.4019, Train Accuracy: 0.9675, Test Loss: 0.4625, Test Accuracy: 0.9476
Epoch 85/500 - Train Loss: 0.3873, Train Accuracy: 0.9825, Test Loss: 0.4663, Test Accuracy: 0.9432
Epoch 86/500 - Train Loss: 0.3745, Train Accuracy: 0.9825, Test Loss: 0.4673, Test Accuracy: 0.9445
Epoch 87/500 - Train Loss: 0.3822, Train Accuracy: 0.9775, Test Loss: 0.4693, Test Accuracy: 0.9414
Epoch 88/500 - Train Loss: 0.3783, Train Accuracy: 0.9850, Test Loss: 0.4680, Test Accuracy: 0.9423
Epoch 89/500 - Train Loss: 0.3987, Train Accuracy: 0.9675, Test Loss: 0.4653, Test Accuracy: 0.9445
Epoch 90/500 - Train Loss: 0.3824, Train Accuracy: 0.9850, Test Loss: 0.4682, Test Accuracy: 0.9462
Epoch 91/500 - Train Loss: 0.3874, Train Accuracy: 0.9800, Test Loss: 0.4619, Test Accuracy: 0.9449
Epoch 92/500 - Train Loss: 0.4194, Train Accuracy: 0.9625, Test Loss: 0.4650, Test Accuracy: 0.9462
Epoch 93/500 - Train Loss: 0.3931, Train Accuracy: 0.9725, Test Loss: 0.4697, Test Accuracy: 0.9414
Epoch 94/500 - Train Loss: 0.3737, Train Accuracy: 0.9725, Test Loss: 0.4672, Test Accuracy: 0.9427
Epoch 95/500 - Train Loss: 0.4007, Train Accuracy: 0.9650, Test Loss: 0.4712, Test Accuracy: 0.9410
Epoch 96/500 - Train Loss: 0.3817, Train Accuracy: 0.9825, Test Loss: 0.4674, Test Accuracy: 0.9423
Epoch 97/500 - Train Loss: 0.4102, Train Accuracy: 0.9550, Test Loss: 0.4624, Test Accuracy: 0.9489

Early stopping triggered at epoch 97
Best test loss: 0.4607
Best test accuracy: 0.9497
Plot saved as trained_models/Sweep_data run/metrics/loss.png
Plot saved as trained_models/Sweep_data run/metrics/metrics.png
