Using GPU 0: NVIDIA GeForce RTX 3090
Epoch 1/500 - Train Loss: 2.0840, Train Accuracy: 0.1600, Test Loss: 2.0780, Test Accuracy: 0.1412
Epoch 2/500 - Train Loss: 1.9031, Train Accuracy: 0.3350, Test Loss: 1.9630, Test Accuracy: 0.2504
Epoch 3/500 - Train Loss: 1.7986, Train Accuracy: 0.4050, Test Loss: 1.8196, Test Accuracy: 0.3566
Epoch 4/500 - Train Loss: 1.6749, Train Accuracy: 0.5425, Test Loss: 1.6932, Test Accuracy: 0.4996
Epoch 5/500 - Train Loss: 1.5852, Train Accuracy: 0.6025, Test Loss: 1.5866, Test Accuracy: 0.5909
Epoch 6/500 - Train Loss: 1.4974, Train Accuracy: 0.6975, Test Loss: 1.4962, Test Accuracy: 0.6447
Epoch 7/500 - Train Loss: 1.4218, Train Accuracy: 0.6925, Test Loss: 1.4073, Test Accuracy: 0.6923
Epoch 8/500 - Train Loss: 1.3337, Train Accuracy: 0.7125, Test Loss: 1.3215, Test Accuracy: 0.7225
Epoch 9/500 - Train Loss: 1.2904, Train Accuracy: 0.7275, Test Loss: 1.2623, Test Accuracy: 0.7303
Epoch 10/500 - Train Loss: 1.2028, Train Accuracy: 0.8075, Test Loss: 1.1903, Test Accuracy: 0.7469
Epoch 11/500 - Train Loss: 1.1120, Train Accuracy: 0.7850, Test Loss: 1.1253, Test Accuracy: 0.7723
Epoch 12/500 - Train Loss: 1.0920, Train Accuracy: 0.7800, Test Loss: 1.0666, Test Accuracy: 0.7863
Epoch 13/500 - Train Loss: 1.0651, Train Accuracy: 0.8050, Test Loss: 1.0042, Test Accuracy: 0.8007
Epoch 14/500 - Train Loss: 0.9908, Train Accuracy: 0.8200, Test Loss: 0.9575, Test Accuracy: 0.8212
Epoch 15/500 - Train Loss: 0.9363, Train Accuracy: 0.8575, Test Loss: 0.9030, Test Accuracy: 0.8378
Epoch 16/500 - Train Loss: 0.9124, Train Accuracy: 0.8300, Test Loss: 0.8615, Test Accuracy: 0.8431
Epoch 17/500 - Train Loss: 0.8843, Train Accuracy: 0.8525, Test Loss: 0.8188, Test Accuracy: 0.8514
Epoch 18/500 - Train Loss: 0.8394, Train Accuracy: 0.8725, Test Loss: 0.7885, Test Accuracy: 0.8593
Epoch 19/500 - Train Loss: 0.8141, Train Accuracy: 0.8850, Test Loss: 0.7614, Test Accuracy: 0.8645
Epoch 20/500 - Train Loss: 0.7910, Train Accuracy: 0.8850, Test Loss: 0.7374, Test Accuracy: 0.8733
Epoch 21/500 - Train Loss: 0.7752, Train Accuracy: 0.8575, Test Loss: 0.7136, Test Accuracy: 0.8763
Epoch 22/500 - Train Loss: 0.7224, Train Accuracy: 0.8750, Test Loss: 0.7007, Test Accuracy: 0.8728
Epoch 23/500 - Train Loss: 0.7251, Train Accuracy: 0.8775, Test Loss: 0.6827, Test Accuracy: 0.8776
Epoch 24/500 - Train Loss: 0.6885, Train Accuracy: 0.9050, Test Loss: 0.6603, Test Accuracy: 0.8833
Epoch 25/500 - Train Loss: 0.7001, Train Accuracy: 0.8875, Test Loss: 0.6406, Test Accuracy: 0.8899
Epoch 26/500 - Train Loss: 0.6622, Train Accuracy: 0.8900, Test Loss: 0.6263, Test Accuracy: 0.8951
Epoch 27/500 - Train Loss: 0.6618, Train Accuracy: 0.8925, Test Loss: 0.6155, Test Accuracy: 0.8947
Epoch 28/500 - Train Loss: 0.6446, Train Accuracy: 0.9125, Test Loss: 0.6016, Test Accuracy: 0.8977
Epoch 29/500 - Train Loss: 0.6207, Train Accuracy: 0.9050, Test Loss: 0.5930, Test Accuracy: 0.8995
Epoch 30/500 - Train Loss: 0.6219, Train Accuracy: 0.9000, Test Loss: 0.5830, Test Accuracy: 0.9034
Epoch 31/500 - Train Loss: 0.6152, Train Accuracy: 0.9000, Test Loss: 0.5784, Test Accuracy: 0.9021
Epoch 32/500 - Train Loss: 0.6334, Train Accuracy: 0.9050, Test Loss: 0.5764, Test Accuracy: 0.9012
Epoch 33/500 - Train Loss: 0.5923, Train Accuracy: 0.9125, Test Loss: 0.5655, Test Accuracy: 0.9060
Epoch 34/500 - Train Loss: 0.5701, Train Accuracy: 0.9275, Test Loss: 0.5600, Test Accuracy: 0.9060
Epoch 35/500 - Train Loss: 0.6136, Train Accuracy: 0.8975, Test Loss: 0.5532, Test Accuracy: 0.9130
Epoch 36/500 - Train Loss: 0.5952, Train Accuracy: 0.8975, Test Loss: 0.5531, Test Accuracy: 0.9104
Epoch 37/500 - Train Loss: 0.5505, Train Accuracy: 0.9150, Test Loss: 0.5557, Test Accuracy: 0.9113
Epoch 38/500 - Train Loss: 0.5481, Train Accuracy: 0.9275, Test Loss: 0.5471, Test Accuracy: 0.9117
Epoch 39/500 - Train Loss: 0.5926, Train Accuracy: 0.9075, Test Loss: 0.5459, Test Accuracy: 0.9087
Epoch 40/500 - Train Loss: 0.5392, Train Accuracy: 0.9375, Test Loss: 0.5409, Test Accuracy: 0.9161
Epoch 41/500 - Train Loss: 0.5235, Train Accuracy: 0.9325, Test Loss: 0.5303, Test Accuracy: 0.9205
Epoch 42/500 - Train Loss: 0.5100, Train Accuracy: 0.9450, Test Loss: 0.5331, Test Accuracy: 0.9196
Epoch 43/500 - Train Loss: 0.5229, Train Accuracy: 0.9300, Test Loss: 0.5293, Test Accuracy: 0.9200
Epoch 44/500 - Train Loss: 0.5038, Train Accuracy: 0.9450, Test Loss: 0.5240, Test Accuracy: 0.9196
Epoch 45/500 - Train Loss: 0.4993, Train Accuracy: 0.9500, Test Loss: 0.5261, Test Accuracy: 0.9183
Epoch 46/500 - Train Loss: 0.4966, Train Accuracy: 0.9550, Test Loss: 0.5242, Test Accuracy: 0.9191
Epoch 47/500 - Train Loss: 0.4919, Train Accuracy: 0.9425, Test Loss: 0.5253, Test Accuracy: 0.9209
Epoch 48/500 - Train Loss: 0.4902, Train Accuracy: 0.9375, Test Loss: 0.5250, Test Accuracy: 0.9218
Epoch 49/500 - Train Loss: 0.4701, Train Accuracy: 0.9450, Test Loss: 0.5206, Test Accuracy: 0.9174
Epoch 50/500 - Train Loss: 0.4909, Train Accuracy: 0.9425, Test Loss: 0.5174, Test Accuracy: 0.9218
Epoch 51/500 - Train Loss: 0.5004, Train Accuracy: 0.9425, Test Loss: 0.5157, Test Accuracy: 0.9222
Epoch 52/500 - Train Loss: 0.4889, Train Accuracy: 0.9425, Test Loss: 0.5155, Test Accuracy: 0.9205
Epoch 53/500 - Train Loss: 0.4771, Train Accuracy: 0.9500, Test Loss: 0.5173, Test Accuracy: 0.9200
Epoch 54/500 - Train Loss: 0.4666, Train Accuracy: 0.9600, Test Loss: 0.5153, Test Accuracy: 0.9200
Epoch 55/500 - Train Loss: 0.4575, Train Accuracy: 0.9525, Test Loss: 0.5157, Test Accuracy: 0.9213
Epoch 56/500 - Train Loss: 0.4801, Train Accuracy: 0.9250, Test Loss: 0.5150, Test Accuracy: 0.9191
Epoch 57/500 - Train Loss: 0.4820, Train Accuracy: 0.9425, Test Loss: 0.5195, Test Accuracy: 0.9178
Epoch 58/500 - Train Loss: 0.4441, Train Accuracy: 0.9625, Test Loss: 0.5130, Test Accuracy: 0.9213
Epoch 59/500 - Train Loss: 0.4693, Train Accuracy: 0.9550, Test Loss: 0.5109, Test Accuracy: 0.9218
Epoch 60/500 - Train Loss: 0.4456, Train Accuracy: 0.9575, Test Loss: 0.5154, Test Accuracy: 0.9200
Epoch 61/500 - Train Loss: 0.4628, Train Accuracy: 0.9475, Test Loss: 0.5120, Test Accuracy: 0.9205
Epoch 62/500 - Train Loss: 0.4553, Train Accuracy: 0.9450, Test Loss: 0.5151, Test Accuracy: 0.9205
Epoch 63/500 - Train Loss: 0.4662, Train Accuracy: 0.9475, Test Loss: 0.5077, Test Accuracy: 0.9253
Epoch 64/500 - Train Loss: 0.4753, Train Accuracy: 0.9500, Test Loss: 0.5139, Test Accuracy: 0.9222
Epoch 65/500 - Train Loss: 0.4372, Train Accuracy: 0.9625, Test Loss: 0.5096, Test Accuracy: 0.9253
Epoch 66/500 - Train Loss: 0.4380, Train Accuracy: 0.9575, Test Loss: 0.5103, Test Accuracy: 0.9244
Epoch 67/500 - Train Loss: 0.4416, Train Accuracy: 0.9550, Test Loss: 0.5150, Test Accuracy: 0.9205
Epoch 68/500 - Train Loss: 0.4143, Train Accuracy: 0.9650, Test Loss: 0.5058, Test Accuracy: 0.9261
Epoch 69/500 - Train Loss: 0.4359, Train Accuracy: 0.9625, Test Loss: 0.5081, Test Accuracy: 0.9235
Epoch 70/500 - Train Loss: 0.4220, Train Accuracy: 0.9550, Test Loss: 0.5108, Test Accuracy: 0.9240
Epoch 71/500 - Train Loss: 0.4702, Train Accuracy: 0.9450, Test Loss: 0.5057, Test Accuracy: 0.9244
Epoch 72/500 - Train Loss: 0.4254, Train Accuracy: 0.9675, Test Loss: 0.5083, Test Accuracy: 0.9270
Epoch 73/500 - Train Loss: 0.4246, Train Accuracy: 0.9550, Test Loss: 0.5083, Test Accuracy: 0.9209
Epoch 74/500 - Train Loss: 0.4203, Train Accuracy: 0.9600, Test Loss: 0.5027, Test Accuracy: 0.9240
Epoch 75/500 - Train Loss: 0.4292, Train Accuracy: 0.9550, Test Loss: 0.5049, Test Accuracy: 0.9240
Epoch 76/500 - Train Loss: 0.4248, Train Accuracy: 0.9600, Test Loss: 0.5032, Test Accuracy: 0.9283
Epoch 77/500 - Train Loss: 0.4136, Train Accuracy: 0.9675, Test Loss: 0.5031, Test Accuracy: 0.9244
Epoch 78/500 - Train Loss: 0.4300, Train Accuracy: 0.9625, Test Loss: 0.5024, Test Accuracy: 0.9253
Epoch 79/500 - Train Loss: 0.4002, Train Accuracy: 0.9750, Test Loss: 0.5007, Test Accuracy: 0.9296
Epoch 80/500 - Train Loss: 0.4234, Train Accuracy: 0.9600, Test Loss: 0.5032, Test Accuracy: 0.9244
Epoch 81/500 - Train Loss: 0.3972, Train Accuracy: 0.9800, Test Loss: 0.5013, Test Accuracy: 0.9296
Epoch 82/500 - Train Loss: 0.4187, Train Accuracy: 0.9600, Test Loss: 0.5021, Test Accuracy: 0.9244
Epoch 83/500 - Train Loss: 0.4218, Train Accuracy: 0.9725, Test Loss: 0.5034, Test Accuracy: 0.9253
Epoch 84/500 - Train Loss: 0.4120, Train Accuracy: 0.9800, Test Loss: 0.5034, Test Accuracy: 0.9266
Epoch 85/500 - Train Loss: 0.3859, Train Accuracy: 0.9800, Test Loss: 0.4996, Test Accuracy: 0.9266
Epoch 86/500 - Train Loss: 0.4281, Train Accuracy: 0.9575, Test Loss: 0.5023, Test Accuracy: 0.9261
Epoch 87/500 - Train Loss: 0.4029, Train Accuracy: 0.9750, Test Loss: 0.4954, Test Accuracy: 0.9266
Epoch 88/500 - Train Loss: 0.4186, Train Accuracy: 0.9575, Test Loss: 0.4997, Test Accuracy: 0.9292
Epoch 89/500 - Train Loss: 0.4169, Train Accuracy: 0.9650, Test Loss: 0.4969, Test Accuracy: 0.9266
Epoch 90/500 - Train Loss: 0.4043, Train Accuracy: 0.9725, Test Loss: 0.5016, Test Accuracy: 0.9270
Epoch 91/500 - Train Loss: 0.4137, Train Accuracy: 0.9575, Test Loss: 0.5033, Test Accuracy: 0.9248
Epoch 92/500 - Train Loss: 0.4024, Train Accuracy: 0.9700, Test Loss: 0.5024, Test Accuracy: 0.9261
Epoch 93/500 - Train Loss: 0.3900, Train Accuracy: 0.9800, Test Loss: 0.5039, Test Accuracy: 0.9248
Epoch 94/500 - Train Loss: 0.4047, Train Accuracy: 0.9625, Test Loss: 0.5075, Test Accuracy: 0.9222
Epoch 95/500 - Train Loss: 0.4089, Train Accuracy: 0.9725, Test Loss: 0.5023, Test Accuracy: 0.9266
Epoch 96/500 - Train Loss: 0.4075, Train Accuracy: 0.9725, Test Loss: 0.5005, Test Accuracy: 0.9274
Epoch 97/500 - Train Loss: 0.3988, Train Accuracy: 0.9725, Test Loss: 0.4999, Test Accuracy: 0.9274
Epoch 98/500 - Train Loss: 0.3802, Train Accuracy: 0.9825, Test Loss: 0.4976, Test Accuracy: 0.9283
Epoch 99/500 - Train Loss: 0.3920, Train Accuracy: 0.9700, Test Loss: 0.4999, Test Accuracy: 0.9279
Epoch 100/500 - Train Loss: 0.3964, Train Accuracy: 0.9775, Test Loss: 0.4980, Test Accuracy: 0.9266
Epoch 101/500 - Train Loss: 0.3875, Train Accuracy: 0.9800, Test Loss: 0.4992, Test Accuracy: 0.9274
Epoch 102/500 - Train Loss: 0.3968, Train Accuracy: 0.9825, Test Loss: 0.4985, Test Accuracy: 0.9279

Early stopping triggered at epoch 102
Best test loss: 0.4954
Best test accuracy: 0.9296
Plot saved as trained_models/Sweep_data run/metrics/loss.png
Plot saved as trained_models/Sweep_data run/metrics/metrics.png
