wandb: Starting wandb agent 🕵️
2026-01-10 20:40:50,980 - wandb.wandb_agent - INFO - Running runs: []
2026-01-10 20:40:51,363 - wandb.wandb_agent - INFO - Agent received command: run
2026-01-10 20:40:51,363 - wandb.wandb_agent - INFO - Agent starting run with config:
	affine: 0.0836660927679046
	blur: 0.6686248048536544
	brightness: 0.965634238802866
	contrast: 1.224997503805591
	crop: 0.6711044027294212
	crop_scale: 0.6351847109866037
	flip: 0.9817776200662056
	gaussian_blur_kernel: 5
	gaussian_noise_std: 2.9440502633523624
	grey: 0.1952979700475568
	hue: -0.010999847676263566
	jiggle: 0.5880796706026244
	rotate: 0.02660772015814894
	rotation: 47
	saturation: 0.7680379133769751
	scale: 0.9406940415718048
	shear: 28
	translate_x: 0.3425044238858297
	translate_y: 0.2962511837102486
2026-01-10 20:40:51,367 - wandb.wandb_agent - INFO - About to run command: /usr/bin/env python train_data.py --affine=0.0836660927679046 --blur=0.6686248048536544 --brightness=0.965634238802866 --contrast=1.224997503805591 --crop=0.6711044027294212 --crop_scale=0.6351847109866037 --flip=0.9817776200662056 --gaussian_blur_kernel=5 --gaussian_noise_std=2.9440502633523624 --grey=0.1952979700475568 --hue=-0.010999847676263566 --jiggle=0.5880796706026244 --rotate=0.02660772015814894 --rotation=47 --saturation=0.7680379133769751 --scale=0.9406940415718048 --shear=28 --translate_x=0.3425044238858297 --translate_y=0.2962511837102486
wandb: Currently logged in as: arnaumarcosalmansa (mcv-team-6) to https://api.wandb.ai. Use `wandb login --relogin` to force relogin
wandb: WARNING Ignoring project 'C3-Week3' when running a sweep.
wandb: WARNING Ignoring entity 'mcv-team-6' when running a sweep.
2026-01-10 20:40:56,374 - wandb.wandb_agent - INFO - Running runs: ['cd2f9hxb']
wandb: setting up run cd2f9hxb
wandb: Tracking run with wandb version 0.23.1
wandb: Run data is saved locally in /export/home/group06/workspace/project-team-6/Week3/wandb/run-20260110_204055-cd2f9hxb
wandb: Run `wandb offline` to turn off syncing.
wandb: Syncing run Sweep run
wandb: ⭐️ View project at https://wandb.ai/mcv-team-6/C3-Week3
wandb: 🧹 View sweep at https://wandb.ai/mcv-team-6/C3-Week3/sweeps/8yeenlu8
wandb: 🚀 View run at https://wandb.ai/mcv-team-6/C3-Week3/runs/cd2f9hxb
Traceback (most recent call last):
  File "/export/home/group06/workspace/project-team-6/Week3/train_data.py", line 61, in <module>
    ka.ColorJitter(brightness=cfg.brightness,
  File "/ghome/group06/miniconda3/envs/c3/lib/python3.12/site-packages/kornia/augmentation/_2d/intensity/color_jitter.py", line 105, in __init__
    self._param_generator = rg.ColorJitterGenerator(brightness, contrast, saturation, hue)
                            ^^^^^^^^^^^^^^^^^^^^^^^^^^^^^^^^^^^^^^^^^^^^^^^^^^^^^^^^^^^^^^
  File "/ghome/group06/miniconda3/envs/c3/lib/python3.12/site-packages/kornia/augmentation/random_generator/base.py", line 34, in __call__
    obj.__post_init__()
  File "/ghome/group06/miniconda3/envs/c3/lib/python3.12/site-packages/kornia/augmentation/random_generator/base.py", line 48, in __post_init__
    self.set_rng_device_and_dtype()
  File "/ghome/group06/miniconda3/envs/c3/lib/python3.12/site-packages/kornia/augmentation/random_generator/base.py", line 64, in set_rng_device_and_dtype
    self.make_samplers(device, dtype)
  File "/ghome/group06/miniconda3/envs/c3/lib/python3.12/site-packages/kornia/augmentation/random_generator/_2d/color_jitter.py", line 86, in make_samplers
    hue: Tensor = _range_bound(self.hue, "hue", bounds=(-0.5, 0.5), device=device, dtype=dtype)
                  ^^^^^^^^^^^^^^^^^^^^^^^^^^^^^^^^^^^^^^^^^^^^^^^^^^^^^^^^^^^^^^^^^^^^^^^^^^^^^
  File "/ghome/group06/miniconda3/envs/c3/lib/python3.12/site-packages/kornia/augmentation/utils/param_validation.py", line 53, in _range_bound
    raise ValueError(f"If {name} is a single number, it must be non negative. Got {factor}.")
ValueError: If hue is a single number, it must be non negative. Got -0.010999848134815693.
2026-01-10 20:41:01,518 - wandb.wandb_agent - INFO - Cleaning up finished run: cd2f9hxb
wandb: Terminating and syncing runs. Press ctrl-c to kill.
