Using GPU 0: NVIDIA GeForce RTX 3090
Epoch 1/500 - Train Loss: 2.0424, Train Accuracy: 0.2125, Test Loss: 1.9911, Test Accuracy: 0.2762
Epoch 2/500 - Train Loss: 1.8391, Train Accuracy: 0.3300, Test Loss: 1.7763, Test Accuracy: 0.3846
Epoch 3/500 - Train Loss: 1.6649, Train Accuracy: 0.4925, Test Loss: 1.5649, Test Accuracy: 0.5345
Epoch 4/500 - Train Loss: 1.5129, Train Accuracy: 0.5925, Test Loss: 1.3812, Test Accuracy: 0.6818
Epoch 5/500 - Train Loss: 1.3226, Train Accuracy: 0.7000, Test Loss: 1.2334, Test Accuracy: 0.7469
Epoch 6/500 - Train Loss: 1.1996, Train Accuracy: 0.7575, Test Loss: 1.0814, Test Accuracy: 0.8160
Epoch 7/500 - Train Loss: 1.1008, Train Accuracy: 0.8275, Test Loss: 0.9468, Test Accuracy: 0.8483
Epoch 8/500 - Train Loss: 0.9674, Train Accuracy: 0.8350, Test Loss: 0.8182, Test Accuracy: 0.8728
Epoch 9/500 - Train Loss: 0.9017, Train Accuracy: 0.8400, Test Loss: 0.7355, Test Accuracy: 0.8885
Epoch 10/500 - Train Loss: 0.8313, Train Accuracy: 0.8650, Test Loss: 0.6545, Test Accuracy: 0.9003
Epoch 11/500 - Train Loss: 0.7586, Train Accuracy: 0.8625, Test Loss: 0.5953, Test Accuracy: 0.9065
Epoch 12/500 - Train Loss: 0.7078, Train Accuracy: 0.8625, Test Loss: 0.5554, Test Accuracy: 0.9135
Epoch 13/500 - Train Loss: 0.6422, Train Accuracy: 0.8975, Test Loss: 0.5165, Test Accuracy: 0.9152
Epoch 14/500 - Train Loss: 0.6097, Train Accuracy: 0.9075, Test Loss: 0.4855, Test Accuracy: 0.9183
Epoch 15/500 - Train Loss: 0.5938, Train Accuracy: 0.9025, Test Loss: 0.4633, Test Accuracy: 0.9226
Epoch 16/500 - Train Loss: 0.5219, Train Accuracy: 0.9075, Test Loss: 0.4521, Test Accuracy: 0.9226
Epoch 17/500 - Train Loss: 0.5002, Train Accuracy: 0.9125, Test Loss: 0.4321, Test Accuracy: 0.9183
Epoch 18/500 - Train Loss: 0.4570, Train Accuracy: 0.9200, Test Loss: 0.4151, Test Accuracy: 0.9274
Epoch 19/500 - Train Loss: 0.4797, Train Accuracy: 0.9125, Test Loss: 0.4015, Test Accuracy: 0.9261
Epoch 20/500 - Train Loss: 0.4446, Train Accuracy: 0.9325, Test Loss: 0.3956, Test Accuracy: 0.9244
Epoch 21/500 - Train Loss: 0.4277, Train Accuracy: 0.9375, Test Loss: 0.3919, Test Accuracy: 0.9226
Epoch 22/500 - Train Loss: 0.4273, Train Accuracy: 0.9350, Test Loss: 0.3836, Test Accuracy: 0.9257
Epoch 23/500 - Train Loss: 0.4031, Train Accuracy: 0.9300, Test Loss: 0.3798, Test Accuracy: 0.9279
Epoch 24/500 - Train Loss: 0.3780, Train Accuracy: 0.9450, Test Loss: 0.3754, Test Accuracy: 0.9266
Epoch 25/500 - Train Loss: 0.3638, Train Accuracy: 0.9475, Test Loss: 0.3684, Test Accuracy: 0.9257
Epoch 26/500 - Train Loss: 0.3507, Train Accuracy: 0.9450, Test Loss: 0.3778, Test Accuracy: 0.9196
Epoch 27/500 - Train Loss: 0.3571, Train Accuracy: 0.9450, Test Loss: 0.3631, Test Accuracy: 0.9266
Epoch 28/500 - Train Loss: 0.3374, Train Accuracy: 0.9525, Test Loss: 0.3510, Test Accuracy: 0.9305
Epoch 29/500 - Train Loss: 0.3212, Train Accuracy: 0.9525, Test Loss: 0.3468, Test Accuracy: 0.9318
Epoch 30/500 - Train Loss: 0.3183, Train Accuracy: 0.9475, Test Loss: 0.3506, Test Accuracy: 0.9292
Epoch 31/500 - Train Loss: 0.3358, Train Accuracy: 0.9450, Test Loss: 0.3389, Test Accuracy: 0.9353
Epoch 32/500 - Train Loss: 0.2743, Train Accuracy: 0.9775, Test Loss: 0.3458, Test Accuracy: 0.9279
Epoch 33/500 - Train Loss: 0.2893, Train Accuracy: 0.9775, Test Loss: 0.3463, Test Accuracy: 0.9301
Epoch 34/500 - Train Loss: 0.2890, Train Accuracy: 0.9625, Test Loss: 0.3450, Test Accuracy: 0.9301
Epoch 35/500 - Train Loss: 0.2931, Train Accuracy: 0.9625, Test Loss: 0.3614, Test Accuracy: 0.9244
Epoch 36/500 - Train Loss: 0.3032, Train Accuracy: 0.9575, Test Loss: 0.3424, Test Accuracy: 0.9323
Epoch 37/500 - Train Loss: 0.2852, Train Accuracy: 0.9625, Test Loss: 0.3460, Test Accuracy: 0.9266
Epoch 38/500 - Train Loss: 0.2779, Train Accuracy: 0.9650, Test Loss: 0.3490, Test Accuracy: 0.9292
Epoch 39/500 - Train Loss: 0.2620, Train Accuracy: 0.9750, Test Loss: 0.3428, Test Accuracy: 0.9314
Epoch 40/500 - Train Loss: 0.2749, Train Accuracy: 0.9650, Test Loss: 0.3374, Test Accuracy: 0.9318
Epoch 41/500 - Train Loss: 0.2702, Train Accuracy: 0.9700, Test Loss: 0.3381, Test Accuracy: 0.9327
Epoch 42/500 - Train Loss: 0.2575, Train Accuracy: 0.9625, Test Loss: 0.3297, Test Accuracy: 0.9353
Epoch 43/500 - Train Loss: 0.2376, Train Accuracy: 0.9800, Test Loss: 0.3321, Test Accuracy: 0.9349
Epoch 44/500 - Train Loss: 0.2339, Train Accuracy: 0.9800, Test Loss: 0.3323, Test Accuracy: 0.9344
Epoch 45/500 - Train Loss: 0.2579, Train Accuracy: 0.9675, Test Loss: 0.3377, Test Accuracy: 0.9296
Epoch 46/500 - Train Loss: 0.2396, Train Accuracy: 0.9825, Test Loss: 0.3425, Test Accuracy: 0.9288
Epoch 47/500 - Train Loss: 0.2498, Train Accuracy: 0.9750, Test Loss: 0.3331, Test Accuracy: 0.9340
Epoch 48/500 - Train Loss: 0.2455, Train Accuracy: 0.9725, Test Loss: 0.3468, Test Accuracy: 0.9266
Epoch 49/500 - Train Loss: 0.2242, Train Accuracy: 0.9900, Test Loss: 0.3359, Test Accuracy: 0.9331
Epoch 50/500 - Train Loss: 0.2321, Train Accuracy: 0.9750, Test Loss: 0.3404, Test Accuracy: 0.9283
Epoch 51/500 - Train Loss: 0.2123, Train Accuracy: 0.9875, Test Loss: 0.3380, Test Accuracy: 0.9309
Epoch 52/500 - Train Loss: 0.2176, Train Accuracy: 0.9800, Test Loss: 0.3269, Test Accuracy: 0.9344
Epoch 53/500 - Train Loss: 0.2410, Train Accuracy: 0.9675, Test Loss: 0.3290, Test Accuracy: 0.9344
Epoch 54/500 - Train Loss: 0.2629, Train Accuracy: 0.9625, Test Loss: 0.3259, Test Accuracy: 0.9344
Epoch 55/500 - Train Loss: 0.2263, Train Accuracy: 0.9775, Test Loss: 0.3312, Test Accuracy: 0.9323
Epoch 56/500 - Train Loss: 0.2331, Train Accuracy: 0.9750, Test Loss: 0.3410, Test Accuracy: 0.9296
Epoch 57/500 - Train Loss: 0.2285, Train Accuracy: 0.9775, Test Loss: 0.3425, Test Accuracy: 0.9296
Epoch 58/500 - Train Loss: 0.2094, Train Accuracy: 0.9875, Test Loss: 0.3315, Test Accuracy: 0.9327
Epoch 59/500 - Train Loss: 0.2220, Train Accuracy: 0.9700, Test Loss: 0.3323, Test Accuracy: 0.9323
Epoch 60/500 - Train Loss: 0.2350, Train Accuracy: 0.9650, Test Loss: 0.3318, Test Accuracy: 0.9305
Epoch 61/500 - Train Loss: 0.2179, Train Accuracy: 0.9750, Test Loss: 0.3391, Test Accuracy: 0.9279
Epoch 62/500 - Train Loss: 0.2069, Train Accuracy: 0.9875, Test Loss: 0.3398, Test Accuracy: 0.9261
Epoch 63/500 - Train Loss: 0.1974, Train Accuracy: 0.9900, Test Loss: 0.3384, Test Accuracy: 0.9288
Epoch 64/500 - Train Loss: 0.2104, Train Accuracy: 0.9800, Test Loss: 0.3238, Test Accuracy: 0.9327
Epoch 65/500 - Train Loss: 0.2274, Train Accuracy: 0.9750, Test Loss: 0.3206, Test Accuracy: 0.9358
Epoch 66/500 - Train Loss: 0.2040, Train Accuracy: 0.9825, Test Loss: 0.3192, Test Accuracy: 0.9323
Epoch 67/500 - Train Loss: 0.2092, Train Accuracy: 0.9825, Test Loss: 0.3320, Test Accuracy: 0.9274
Epoch 68/500 - Train Loss: 0.1962, Train Accuracy: 0.9875, Test Loss: 0.3361, Test Accuracy: 0.9231
Epoch 69/500 - Train Loss: 0.1967, Train Accuracy: 0.9825, Test Loss: 0.3352, Test Accuracy: 0.9270
Epoch 70/500 - Train Loss: 0.2037, Train Accuracy: 0.9900, Test Loss: 0.3374, Test Accuracy: 0.9261
Epoch 71/500 - Train Loss: 0.2092, Train Accuracy: 0.9800, Test Loss: 0.3358, Test Accuracy: 0.9279
Epoch 72/500 - Train Loss: 0.1805, Train Accuracy: 0.9950, Test Loss: 0.3378, Test Accuracy: 0.9253
Epoch 73/500 - Train Loss: 0.2035, Train Accuracy: 0.9825, Test Loss: 0.3332, Test Accuracy: 0.9248
Epoch 74/500 - Train Loss: 0.1845, Train Accuracy: 0.9925, Test Loss: 0.3289, Test Accuracy: 0.9279
Epoch 75/500 - Train Loss: 0.1998, Train Accuracy: 0.9850, Test Loss: 0.3252, Test Accuracy: 0.9323
Epoch 76/500 - Train Loss: 0.2025, Train Accuracy: 0.9800, Test Loss: 0.3305, Test Accuracy: 0.9279
Epoch 77/500 - Train Loss: 0.1930, Train Accuracy: 0.9850, Test Loss: 0.3417, Test Accuracy: 0.9218
Epoch 78/500 - Train Loss: 0.1920, Train Accuracy: 0.9850, Test Loss: 0.3435, Test Accuracy: 0.9244
Epoch 79/500 - Train Loss: 0.1838, Train Accuracy: 0.9875, Test Loss: 0.3358, Test Accuracy: 0.9279
Epoch 80/500 - Train Loss: 0.2055, Train Accuracy: 0.9750, Test Loss: 0.3350, Test Accuracy: 0.9323
Epoch 81/500 - Train Loss: 0.1978, Train Accuracy: 0.9875, Test Loss: 0.3314, Test Accuracy: 0.9318

Early stopping triggered at epoch 81
Best test loss: 0.3192
Best test accuracy: 0.9358
Plot saved as trained_models/Sweep_data run/metrics/loss.png
Plot saved as trained_models/Sweep_data run/metrics/metrics.png
