wandb: Starting wandb agent 🕵️
2026-01-10 19:59:12,638 - wandb.wandb_agent - INFO - Running runs: []
2026-01-10 19:59:12,980 - wandb.wandb_agent - INFO - Agent received command: run
2026-01-10 19:59:12,980 - wandb.wandb_agent - INFO - Agent starting run with config:
	affine: 0.6780333614582046
	blur: 0.7694151286291988
	brightness: 1.286046825626311
	contrast: 1.334847246215508
	crop: 0.751652219466101
	crop_scale: 0.46341165150218666
	flip: 0.6459080684791165
	gaussian_blur_kernel: 7
	gaussian_noise_std: 0.05334749692494356
	grey: 0.542452990993975
	hue: -0.037742765087543775
	jiggle: 0.5758691026062377
	rotate: 0.5898162198406866
	rotation: 32
	saturation: 1.1841629954902664
	scale: 0.9577396421337904
	shear: 13
	translate_x: 0.15025234106458263
	translate_y: 0.23228494705818667
2026-01-10 19:59:12,983 - wandb.wandb_agent - INFO - About to run command: /usr/bin/env python train_data.py --affine=0.6780333614582046 --blur=0.7694151286291988 --brightness=1.286046825626311 --contrast=1.334847246215508 --crop=0.751652219466101 --crop_scale=0.46341165150218666 --flip=0.6459080684791165 --gaussian_blur_kernel=7 --gaussian_noise_std=0.05334749692494356 --grey=0.542452990993975 --hue=-0.037742765087543775 --jiggle=0.5758691026062377 --rotate=0.5898162198406866 --rotation=32 --saturation=1.1841629954902664 --scale=0.9577396421337904 --shear=13 --translate_x=0.15025234106458263 --translate_y=0.23228494705818667
wandb: Currently logged in as: arnaumarcosalmansa (mcv-team-6) to https://api.wandb.ai. Use `wandb login --relogin` to force relogin
wandb: WARNING Ignoring project 'C3-Week3' when running a sweep.
wandb: WARNING Ignoring entity 'mcv-team-6' when running a sweep.
wandb: setting up run opqevr7g
wandb: Tracking run with wandb version 0.23.1
wandb: Run data is saved locally in /export/home/group06/workspace/project-team-6/Week3/wandb/run-20260110_195917-opqevr7g
wandb: Run `wandb offline` to turn off syncing.
wandb: Syncing run Sweep run
wandb: ⭐️ View project at https://wandb.ai/mcv-team-6/C3-Week3
wandb: 🧹 View sweep at https://wandb.ai/mcv-team-6/C3-Week3/sweeps/g5vb4edr
wandb: 🚀 View run at https://wandb.ai/mcv-team-6/C3-Week3/runs/opqevr7g
2026-01-10 19:59:17,990 - wandb.wandb_agent - INFO - Running runs: ['opqevr7g']
Traceback (most recent call last):
  File "/export/home/group06/workspace/project-team-6/Week3/train_data.py", line 61, in <module>
    ka.ColorJitter(brightness=cfg.brightness,
  File "/ghome/group06/miniconda3/envs/c3/lib/python3.12/site-packages/kornia/augmentation/_2d/intensity/color_jitter.py", line 105, in __init__
    self._param_generator = rg.ColorJitterGenerator(brightness, contrast, saturation, hue)
                            ^^^^^^^^^^^^^^^^^^^^^^^^^^^^^^^^^^^^^^^^^^^^^^^^^^^^^^^^^^^^^^
  File "/ghome/group06/miniconda3/envs/c3/lib/python3.12/site-packages/kornia/augmentation/random_generator/base.py", line 34, in __call__
    obj.__post_init__()
  File "/ghome/group06/miniconda3/envs/c3/lib/python3.12/site-packages/kornia/augmentation/random_generator/base.py", line 48, in __post_init__
    self.set_rng_device_and_dtype()
  File "/ghome/group06/miniconda3/envs/c3/lib/python3.12/site-packages/kornia/augmentation/random_generator/base.py", line 64, in set_rng_device_and_dtype
    self.make_samplers(device, dtype)
  File "/ghome/group06/miniconda3/envs/c3/lib/python3.12/site-packages/kornia/augmentation/random_generator/_2d/color_jitter.py", line 86, in make_samplers
    hue: Tensor = _range_bound(self.hue, "hue", bounds=(-0.5, 0.5), device=device, dtype=dtype)
                  ^^^^^^^^^^^^^^^^^^^^^^^^^^^^^^^^^^^^^^^^^^^^^^^^^^^^^^^^^^^^^^^^^^^^^^^^^^^^^
  File "/ghome/group06/miniconda3/envs/c3/lib/python3.12/site-packages/kornia/augmentation/utils/param_validation.py", line 53, in _range_bound
    raise ValueError(f"If {name} is a single number, it must be non negative. Got {factor}.")
ValueError: If hue is a single number, it must be non negative. Got -0.03774276375770569.
2026-01-10 19:59:23,136 - wandb.wandb_agent - INFO - Cleaning up finished run: opqevr7g
wandb: Terminating and syncing runs. Press ctrl-c to kill.
