Using GPU 0: NVIDIA GeForce RTX 3090
Epoch 1/500 - Train Loss: 2.1583, Train Accuracy: 0.1500, Test Loss: 2.0209, Test Accuracy: 0.2233
Epoch 2/500 - Train Loss: 2.0006, Train Accuracy: 0.2225, Test Loss: 1.9131, Test Accuracy: 0.2858
Epoch 3/500 - Train Loss: 1.8450, Train Accuracy: 0.3375, Test Loss: 1.7452, Test Accuracy: 0.4397
Epoch 4/500 - Train Loss: 1.6727, Train Accuracy: 0.4750, Test Loss: 1.5662, Test Accuracy: 0.5747
Epoch 5/500 - Train Loss: 1.5750, Train Accuracy: 0.5250, Test Loss: 1.4127, Test Accuracy: 0.6770
Epoch 6/500 - Train Loss: 1.4398, Train Accuracy: 0.6000, Test Loss: 1.2749, Test Accuracy: 0.7343
Epoch 7/500 - Train Loss: 1.3153, Train Accuracy: 0.7075, Test Loss: 1.1664, Test Accuracy: 0.7653
Epoch 8/500 - Train Loss: 1.2242, Train Accuracy: 0.6950, Test Loss: 1.0693, Test Accuracy: 0.7837
Epoch 9/500 - Train Loss: 1.1226, Train Accuracy: 0.7525, Test Loss: 0.9681, Test Accuracy: 0.8169
Epoch 10/500 - Train Loss: 1.0321, Train Accuracy: 0.7900, Test Loss: 0.9162, Test Accuracy: 0.8300
Epoch 11/500 - Train Loss: 0.9656, Train Accuracy: 0.7875, Test Loss: 0.8614, Test Accuracy: 0.8370
Epoch 12/500 - Train Loss: 0.8993, Train Accuracy: 0.8050, Test Loss: 0.7763, Test Accuracy: 0.8505
Epoch 13/500 - Train Loss: 0.8390, Train Accuracy: 0.8175, Test Loss: 0.7342, Test Accuracy: 0.8536
Epoch 14/500 - Train Loss: 0.7705, Train Accuracy: 0.8650, Test Loss: 0.6897, Test Accuracy: 0.8649
Epoch 15/500 - Train Loss: 0.7784, Train Accuracy: 0.8250, Test Loss: 0.6426, Test Accuracy: 0.8746
Epoch 16/500 - Train Loss: 0.7102, Train Accuracy: 0.8675, Test Loss: 0.5907, Test Accuracy: 0.8885
Epoch 17/500 - Train Loss: 0.7030, Train Accuracy: 0.8475, Test Loss: 0.5516, Test Accuracy: 0.8920
Epoch 18/500 - Train Loss: 0.6480, Train Accuracy: 0.8600, Test Loss: 0.5604, Test Accuracy: 0.8851
Epoch 19/500 - Train Loss: 0.6367, Train Accuracy: 0.8700, Test Loss: 0.5308, Test Accuracy: 0.8916
Epoch 20/500 - Train Loss: 0.6020, Train Accuracy: 0.8775, Test Loss: 0.5154, Test Accuracy: 0.9008
Epoch 21/500 - Train Loss: 0.5364, Train Accuracy: 0.8975, Test Loss: 0.4904, Test Accuracy: 0.9021
Epoch 22/500 - Train Loss: 0.5692, Train Accuracy: 0.8800, Test Loss: 0.4624, Test Accuracy: 0.9038
Epoch 23/500 - Train Loss: 0.4964, Train Accuracy: 0.8975, Test Loss: 0.4419, Test Accuracy: 0.9082
Epoch 24/500 - Train Loss: 0.5076, Train Accuracy: 0.8900, Test Loss: 0.4560, Test Accuracy: 0.8990
Epoch 25/500 - Train Loss: 0.5153, Train Accuracy: 0.8900, Test Loss: 0.4486, Test Accuracy: 0.8951
Epoch 26/500 - Train Loss: 0.4754, Train Accuracy: 0.9100, Test Loss: 0.4236, Test Accuracy: 0.9043
Epoch 27/500 - Train Loss: 0.5157, Train Accuracy: 0.8975, Test Loss: 0.4199, Test Accuracy: 0.9095
Epoch 28/500 - Train Loss: 0.4552, Train Accuracy: 0.8975, Test Loss: 0.4121, Test Accuracy: 0.9126
Epoch 29/500 - Train Loss: 0.4199, Train Accuracy: 0.9100, Test Loss: 0.4105, Test Accuracy: 0.9113
Epoch 30/500 - Train Loss: 0.4190, Train Accuracy: 0.9125, Test Loss: 0.4196, Test Accuracy: 0.9017
Epoch 31/500 - Train Loss: 0.4530, Train Accuracy: 0.8875, Test Loss: 0.4232, Test Accuracy: 0.8995
Epoch 32/500 - Train Loss: 0.4089, Train Accuracy: 0.9250, Test Loss: 0.4114, Test Accuracy: 0.9047
Epoch 33/500 - Train Loss: 0.3871, Train Accuracy: 0.9225, Test Loss: 0.4191, Test Accuracy: 0.8977
Epoch 34/500 - Train Loss: 0.4100, Train Accuracy: 0.9050, Test Loss: 0.3807, Test Accuracy: 0.9135
Epoch 35/500 - Train Loss: 0.4006, Train Accuracy: 0.9150, Test Loss: 0.3932, Test Accuracy: 0.9095
Epoch 36/500 - Train Loss: 0.3772, Train Accuracy: 0.9300, Test Loss: 0.4086, Test Accuracy: 0.9021
Epoch 37/500 - Train Loss: 0.3777, Train Accuracy: 0.9375, Test Loss: 0.4029, Test Accuracy: 0.9034
Epoch 38/500 - Train Loss: 0.3455, Train Accuracy: 0.9500, Test Loss: 0.3842, Test Accuracy: 0.9113
Epoch 39/500 - Train Loss: 0.3865, Train Accuracy: 0.9300, Test Loss: 0.3936, Test Accuracy: 0.9034
Epoch 40/500 - Train Loss: 0.3729, Train Accuracy: 0.9325, Test Loss: 0.3897, Test Accuracy: 0.9078
Epoch 41/500 - Train Loss: 0.3805, Train Accuracy: 0.9225, Test Loss: 0.3797, Test Accuracy: 0.9117
Epoch 42/500 - Train Loss: 0.3752, Train Accuracy: 0.9125, Test Loss: 0.3699, Test Accuracy: 0.9174
Epoch 43/500 - Train Loss: 0.3442, Train Accuracy: 0.9425, Test Loss: 0.3609, Test Accuracy: 0.9257
Epoch 44/500 - Train Loss: 0.3758, Train Accuracy: 0.9225, Test Loss: 0.3739, Test Accuracy: 0.9148
Epoch 45/500 - Train Loss: 0.3292, Train Accuracy: 0.9375, Test Loss: 0.3834, Test Accuracy: 0.9143
Epoch 46/500 - Train Loss: 0.3297, Train Accuracy: 0.9375, Test Loss: 0.3875, Test Accuracy: 0.9104
Epoch 47/500 - Train Loss: 0.3539, Train Accuracy: 0.9400, Test Loss: 0.3798, Test Accuracy: 0.9152
Epoch 48/500 - Train Loss: 0.3222, Train Accuracy: 0.9525, Test Loss: 0.3452, Test Accuracy: 0.9301
Epoch 49/500 - Train Loss: 0.3266, Train Accuracy: 0.9300, Test Loss: 0.3500, Test Accuracy: 0.9305
Epoch 50/500 - Train Loss: 0.3217, Train Accuracy: 0.9500, Test Loss: 0.3507, Test Accuracy: 0.9274
Epoch 51/500 - Train Loss: 0.3330, Train Accuracy: 0.9450, Test Loss: 0.3552, Test Accuracy: 0.9266
Epoch 52/500 - Train Loss: 0.2864, Train Accuracy: 0.9575, Test Loss: 0.3585, Test Accuracy: 0.9248
Epoch 53/500 - Train Loss: 0.3017, Train Accuracy: 0.9500, Test Loss: 0.3395, Test Accuracy: 0.9327
Epoch 54/500 - Train Loss: 0.3281, Train Accuracy: 0.9350, Test Loss: 0.3460, Test Accuracy: 0.9266
Epoch 55/500 - Train Loss: 0.2855, Train Accuracy: 0.9650, Test Loss: 0.3549, Test Accuracy: 0.9244
Epoch 56/500 - Train Loss: 0.2712, Train Accuracy: 0.9575, Test Loss: 0.3406, Test Accuracy: 0.9314
Epoch 57/500 - Train Loss: 0.2653, Train Accuracy: 0.9675, Test Loss: 0.3475, Test Accuracy: 0.9301
Epoch 58/500 - Train Loss: 0.2822, Train Accuracy: 0.9475, Test Loss: 0.3522, Test Accuracy: 0.9283
Epoch 59/500 - Train Loss: 0.3205, Train Accuracy: 0.9250, Test Loss: 0.3819, Test Accuracy: 0.9087
Epoch 60/500 - Train Loss: 0.2861, Train Accuracy: 0.9550, Test Loss: 0.3819, Test Accuracy: 0.9113
Epoch 61/500 - Train Loss: 0.2570, Train Accuracy: 0.9725, Test Loss: 0.3513, Test Accuracy: 0.9314
Epoch 62/500 - Train Loss: 0.2811, Train Accuracy: 0.9525, Test Loss: 0.3557, Test Accuracy: 0.9240
Epoch 63/500 - Train Loss: 0.2563, Train Accuracy: 0.9650, Test Loss: 0.3562, Test Accuracy: 0.9222
Epoch 64/500 - Train Loss: 0.2289, Train Accuracy: 0.9800, Test Loss: 0.3445, Test Accuracy: 0.9261
Epoch 65/500 - Train Loss: 0.2739, Train Accuracy: 0.9550, Test Loss: 0.3460, Test Accuracy: 0.9296
Epoch 66/500 - Train Loss: 0.2599, Train Accuracy: 0.9650, Test Loss: 0.3708, Test Accuracy: 0.9183
Epoch 67/500 - Train Loss: 0.2404, Train Accuracy: 0.9675, Test Loss: 0.3553, Test Accuracy: 0.9248
Epoch 68/500 - Train Loss: 0.2421, Train Accuracy: 0.9650, Test Loss: 0.3463, Test Accuracy: 0.9257

Early stopping triggered at epoch 68
Best test loss: 0.3395
Best test accuracy: 0.9327
Plot saved as trained_models/Sweep_data run/metrics/loss.png
Plot saved as trained_models/Sweep_data run/metrics/metrics.png
