Using GPU 0: NVIDIA GeForce RTX 3090
Epoch 1/500 - Train Loss: 2.1144, Train Accuracy: 0.1400, Test Loss: 2.0135, Test Accuracy: 0.2635
Epoch 2/500 - Train Loss: 1.8791, Train Accuracy: 0.3150, Test Loss: 1.8357, Test Accuracy: 0.3947
Epoch 3/500 - Train Loss: 1.6719, Train Accuracy: 0.4975, Test Loss: 1.6257, Test Accuracy: 0.5441
Epoch 4/500 - Train Loss: 1.4726, Train Accuracy: 0.6375, Test Loss: 1.4385, Test Accuracy: 0.6613
Epoch 5/500 - Train Loss: 1.3207, Train Accuracy: 0.6950, Test Loss: 1.2815, Test Accuracy: 0.7303
Epoch 6/500 - Train Loss: 1.1800, Train Accuracy: 0.7600, Test Loss: 1.1657, Test Accuracy: 0.7736
Epoch 7/500 - Train Loss: 1.0466, Train Accuracy: 0.7800, Test Loss: 1.0434, Test Accuracy: 0.8064
Epoch 8/500 - Train Loss: 0.9448, Train Accuracy: 0.8400, Test Loss: 0.9409, Test Accuracy: 0.8352
Epoch 9/500 - Train Loss: 0.8624, Train Accuracy: 0.8550, Test Loss: 0.8539, Test Accuracy: 0.8466
Epoch 10/500 - Train Loss: 0.7771, Train Accuracy: 0.8750, Test Loss: 0.7536, Test Accuracy: 0.8829
Epoch 11/500 - Train Loss: 0.7091, Train Accuracy: 0.8700, Test Loss: 0.6898, Test Accuracy: 0.8859
Epoch 12/500 - Train Loss: 0.6625, Train Accuracy: 0.9025, Test Loss: 0.6409, Test Accuracy: 0.8763
Epoch 13/500 - Train Loss: 0.6077, Train Accuracy: 0.9025, Test Loss: 0.5774, Test Accuracy: 0.8969
Epoch 14/500 - Train Loss: 0.5598, Train Accuracy: 0.9025, Test Loss: 0.5429, Test Accuracy: 0.8912
Epoch 15/500 - Train Loss: 0.5070, Train Accuracy: 0.9300, Test Loss: 0.5133, Test Accuracy: 0.9012
Epoch 16/500 - Train Loss: 0.4793, Train Accuracy: 0.9300, Test Loss: 0.4770, Test Accuracy: 0.9034
Epoch 17/500 - Train Loss: 0.4697, Train Accuracy: 0.9150, Test Loss: 0.4477, Test Accuracy: 0.9148
Epoch 18/500 - Train Loss: 0.4217, Train Accuracy: 0.9400, Test Loss: 0.4227, Test Accuracy: 0.9235
Epoch 19/500 - Train Loss: 0.4202, Train Accuracy: 0.9450, Test Loss: 0.4047, Test Accuracy: 0.9235
Epoch 20/500 - Train Loss: 0.4364, Train Accuracy: 0.9225, Test Loss: 0.4020, Test Accuracy: 0.9183
Epoch 21/500 - Train Loss: 0.3878, Train Accuracy: 0.9500, Test Loss: 0.3953, Test Accuracy: 0.9196
Epoch 22/500 - Train Loss: 0.3777, Train Accuracy: 0.9500, Test Loss: 0.3764, Test Accuracy: 0.9270
Epoch 23/500 - Train Loss: 0.3649, Train Accuracy: 0.9400, Test Loss: 0.3631, Test Accuracy: 0.9296
Epoch 24/500 - Train Loss: 0.3549, Train Accuracy: 0.9450, Test Loss: 0.3578, Test Accuracy: 0.9296
Epoch 25/500 - Train Loss: 0.3346, Train Accuracy: 0.9550, Test Loss: 0.3610, Test Accuracy: 0.9257
Epoch 26/500 - Train Loss: 0.3093, Train Accuracy: 0.9650, Test Loss: 0.3629, Test Accuracy: 0.9200
Epoch 27/500 - Train Loss: 0.3352, Train Accuracy: 0.9500, Test Loss: 0.3556, Test Accuracy: 0.9270
Epoch 28/500 - Train Loss: 0.2954, Train Accuracy: 0.9550, Test Loss: 0.3431, Test Accuracy: 0.9309
Epoch 29/500 - Train Loss: 0.3103, Train Accuracy: 0.9600, Test Loss: 0.3495, Test Accuracy: 0.9240
Epoch 30/500 - Train Loss: 0.2837, Train Accuracy: 0.9725, Test Loss: 0.3485, Test Accuracy: 0.9270
Epoch 31/500 - Train Loss: 0.2908, Train Accuracy: 0.9600, Test Loss: 0.3491, Test Accuracy: 0.9261
Epoch 32/500 - Train Loss: 0.2875, Train Accuracy: 0.9700, Test Loss: 0.3503, Test Accuracy: 0.9235
Epoch 33/500 - Train Loss: 0.2610, Train Accuracy: 0.9850, Test Loss: 0.3468, Test Accuracy: 0.9235
Epoch 34/500 - Train Loss: 0.2514, Train Accuracy: 0.9775, Test Loss: 0.3413, Test Accuracy: 0.9274
Epoch 35/500 - Train Loss: 0.2507, Train Accuracy: 0.9775, Test Loss: 0.3380, Test Accuracy: 0.9274
Epoch 36/500 - Train Loss: 0.2669, Train Accuracy: 0.9725, Test Loss: 0.3337, Test Accuracy: 0.9301
Epoch 37/500 - Train Loss: 0.2751, Train Accuracy: 0.9700, Test Loss: 0.3194, Test Accuracy: 0.9371
Epoch 38/500 - Train Loss: 0.2372, Train Accuracy: 0.9825, Test Loss: 0.3166, Test Accuracy: 0.9371
Epoch 39/500 - Train Loss: 0.2538, Train Accuracy: 0.9625, Test Loss: 0.3110, Test Accuracy: 0.9392
Epoch 40/500 - Train Loss: 0.2244, Train Accuracy: 0.9800, Test Loss: 0.3247, Test Accuracy: 0.9336
Epoch 41/500 - Train Loss: 0.2416, Train Accuracy: 0.9725, Test Loss: 0.3171, Test Accuracy: 0.9327
Epoch 42/500 - Train Loss: 0.2188, Train Accuracy: 0.9875, Test Loss: 0.3186, Test Accuracy: 0.9344
Epoch 43/500 - Train Loss: 0.2189, Train Accuracy: 0.9775, Test Loss: 0.3308, Test Accuracy: 0.9279
Epoch 44/500 - Train Loss: 0.2310, Train Accuracy: 0.9750, Test Loss: 0.3353, Test Accuracy: 0.9253
Epoch 45/500 - Train Loss: 0.2041, Train Accuracy: 0.9925, Test Loss: 0.3245, Test Accuracy: 0.9353
Epoch 46/500 - Train Loss: 0.2452, Train Accuracy: 0.9675, Test Loss: 0.3257, Test Accuracy: 0.9318
Epoch 47/500 - Train Loss: 0.2235, Train Accuracy: 0.9800, Test Loss: 0.3173, Test Accuracy: 0.9392
Epoch 48/500 - Train Loss: 0.2448, Train Accuracy: 0.9825, Test Loss: 0.3334, Test Accuracy: 0.9296
Epoch 49/500 - Train Loss: 0.2202, Train Accuracy: 0.9750, Test Loss: 0.3240, Test Accuracy: 0.9327
Epoch 50/500 - Train Loss: 0.2105, Train Accuracy: 0.9875, Test Loss: 0.3136, Test Accuracy: 0.9366
Epoch 51/500 - Train Loss: 0.2064, Train Accuracy: 0.9800, Test Loss: 0.3316, Test Accuracy: 0.9309
Epoch 52/500 - Train Loss: 0.2361, Train Accuracy: 0.9750, Test Loss: 0.3506, Test Accuracy: 0.9235
Epoch 53/500 - Train Loss: 0.2072, Train Accuracy: 0.9800, Test Loss: 0.3407, Test Accuracy: 0.9292
Epoch 54/500 - Train Loss: 0.2330, Train Accuracy: 0.9775, Test Loss: 0.3198, Test Accuracy: 0.9388

Early stopping triggered at epoch 54
Best test loss: 0.3110
Best test accuracy: 0.9392
Plot saved as trained_models/Sweep_data run/metrics/loss.png
Plot saved as trained_models/Sweep_data run/metrics/metrics.png
