wandb: Starting wandb agent 🕵️
2026-01-10 20:48:45,667 - wandb.wandb_agent - INFO - Running runs: []
2026-01-10 20:48:45,979 - wandb.wandb_agent - INFO - Agent received command: run
2026-01-10 20:48:45,979 - wandb.wandb_agent - INFO - Agent starting run with config:
	affine: 0.4950763848846118
	blur: 0.5912625792435388
	brightness: 1.1650349272305345
	contrast: 1.1325856613171648
	crop: 0.2923100658439496
	crop_scale: 0.6207419640557618
	flip: 0.570248882742577
	gaussian_blur_kernel: 9
	gaussian_noise_std: 0.8692366439966043
	grey: 0.9636875425185903
	hue: -0.05996042911437021
	jiggle: 0.4121147350290134
	rotate: 0.5254542892330806
	rotation: 3
	saturation: 0.6230438836955168
	scale: 0.996744644684682
	shear: 29
	translate_x: 0.07114794129025484
	translate_y: 0.3178253327207208
2026-01-10 20:48:45,982 - wandb.wandb_agent - INFO - About to run command: /usr/bin/env python train_data.py --affine=0.4950763848846118 --blur=0.5912625792435388 --brightness=1.1650349272305345 --contrast=1.1325856613171648 --crop=0.2923100658439496 --crop_scale=0.6207419640557618 --flip=0.570248882742577 --gaussian_blur_kernel=9 --gaussian_noise_std=0.8692366439966043 --grey=0.9636875425185903 --hue=-0.05996042911437021 --jiggle=0.4121147350290134 --rotate=0.5254542892330806 --rotation=3 --saturation=0.6230438836955168 --scale=0.996744644684682 --shear=29 --translate_x=0.07114794129025484 --translate_y=0.3178253327207208
wandb: Currently logged in as: arnaumarcosalmansa (mcv-team-6) to https://api.wandb.ai. Use `wandb login --relogin` to force relogin
wandb: WARNING Ignoring project 'C3-Week3' when running a sweep.
wandb: WARNING Ignoring entity 'mcv-team-6' when running a sweep.
2026-01-10 20:48:50,989 - wandb.wandb_agent - INFO - Running runs: ['s8vr03wg']
wandb: setting up run s8vr03wg
wandb: Tracking run with wandb version 0.23.1
wandb: Run data is saved locally in /export/home/group06/workspace/project-team-6/Week3/wandb/run-20260110_204850-s8vr03wg
wandb: Run `wandb offline` to turn off syncing.
wandb: Syncing run Sweep run
wandb: ⭐️ View project at https://wandb.ai/mcv-team-6/C3-Week3
wandb: 🧹 View sweep at https://wandb.ai/mcv-team-6/C3-Week3/sweeps/8yeenlu8
wandb: 🚀 View run at https://wandb.ai/mcv-team-6/C3-Week3/runs/s8vr03wg
Traceback (most recent call last):
  File "/export/home/group06/workspace/project-team-6/Week3/train_data.py", line 61, in <module>
    ka.ColorJitter(brightness=cfg.brightness,
  File "/ghome/group06/miniconda3/envs/c3/lib/python3.12/site-packages/kornia/augmentation/_2d/intensity/color_jitter.py", line 105, in __init__
    self._param_generator = rg.ColorJitterGenerator(brightness, contrast, saturation, hue)
                            ^^^^^^^^^^^^^^^^^^^^^^^^^^^^^^^^^^^^^^^^^^^^^^^^^^^^^^^^^^^^^^
  File "/ghome/group06/miniconda3/envs/c3/lib/python3.12/site-packages/kornia/augmentation/random_generator/base.py", line 34, in __call__
    obj.__post_init__()
  File "/ghome/group06/miniconda3/envs/c3/lib/python3.12/site-packages/kornia/augmentation/random_generator/base.py", line 48, in __post_init__
    self.set_rng_device_and_dtype()
  File "/ghome/group06/miniconda3/envs/c3/lib/python3.12/site-packages/kornia/augmentation/random_generator/base.py", line 64, in set_rng_device_and_dtype
    self.make_samplers(device, dtype)
  File "/ghome/group06/miniconda3/envs/c3/lib/python3.12/site-packages/kornia/augmentation/random_generator/_2d/color_jitter.py", line 86, in make_samplers
    hue: Tensor = _range_bound(self.hue, "hue", bounds=(-0.5, 0.5), device=device, dtype=dtype)
                  ^^^^^^^^^^^^^^^^^^^^^^^^^^^^^^^^^^^^^^^^^^^^^^^^^^^^^^^^^^^^^^^^^^^^^^^^^^^^^
  File "/ghome/group06/miniconda3/envs/c3/lib/python3.12/site-packages/kornia/augmentation/utils/param_validation.py", line 53, in _range_bound
    raise ValueError(f"If {name} is a single number, it must be non negative. Got {factor}.")
ValueError: If hue is a single number, it must be non negative. Got -0.05996042862534523.
2026-01-10 20:48:56,155 - wandb.wandb_agent - INFO - Cleaning up finished run: s8vr03wg
wandb: Terminating and syncing runs. Press ctrl-c to kill.
