wandb: Starting wandb agent 🕵️
2026-01-10 20:07:39,980 - wandb.wandb_agent - INFO - Running runs: []
2026-01-10 20:07:40,315 - wandb.wandb_agent - INFO - Agent received command: run
2026-01-10 20:07:40,315 - wandb.wandb_agent - INFO - Agent starting run with config:
	affine: 0.5251554380092963
	blur: 0.028263294854424137
	brightness: 0.7635229520770475
	contrast: 0.9676521956195524
	crop: 0.7425903414038617
	crop_scale: 0.3880730545795074
	flip: 0.35097271879300773
	gaussian_blur_kernel: 5
	gaussian_noise_std: 2.9694505886447935
	grey: 0.053886063871287915
	hue: -0.02310832871297916
	jiggle: 0.2538037741103065
	rotate: 0.116986975346262
	rotation: 48
	saturation: 0.9444594042578944
	scale: 0.8409515194343393
	shear: 3
	translate_x: 0.18121301957570687
	translate_y: 0.32927363056403697
2026-01-10 20:07:40,319 - wandb.wandb_agent - INFO - About to run command: /usr/bin/env python train_data.py --affine=0.5251554380092963 --blur=0.028263294854424137 --brightness=0.7635229520770475 --contrast=0.9676521956195524 --crop=0.7425903414038617 --crop_scale=0.3880730545795074 --flip=0.35097271879300773 --gaussian_blur_kernel=5 --gaussian_noise_std=2.9694505886447935 --grey=0.053886063871287915 --hue=-0.02310832871297916 --jiggle=0.2538037741103065 --rotate=0.116986975346262 --rotation=48 --saturation=0.9444594042578944 --scale=0.8409515194343393 --shear=3 --translate_x=0.18121301957570687 --translate_y=0.32927363056403697
wandb: Currently logged in as: arnaumarcosalmansa (mcv-team-6) to https://api.wandb.ai. Use `wandb login --relogin` to force relogin
wandb: WARNING Ignoring project 'C3-Week3' when running a sweep.
wandb: WARNING Ignoring entity 'mcv-team-6' when running a sweep.
2026-01-10 20:07:45,325 - wandb.wandb_agent - INFO - Running runs: ['7zrkxyem']
wandb: setting up run 7zrkxyem
wandb: Tracking run with wandb version 0.23.1
wandb: Run data is saved locally in /export/home/group06/workspace/project-team-6/Week3/wandb/run-20260110_200744-7zrkxyem
wandb: Run `wandb offline` to turn off syncing.
wandb: Syncing run Sweep run
wandb: ⭐️ View project at https://wandb.ai/mcv-team-6/C3-Week3
wandb: 🧹 View sweep at https://wandb.ai/mcv-team-6/C3-Week3/sweeps/g5vb4edr
wandb: 🚀 View run at https://wandb.ai/mcv-team-6/C3-Week3/runs/7zrkxyem
Traceback (most recent call last):
  File "/export/home/group06/workspace/project-team-6/Week3/train_data.py", line 61, in <module>
    ka.ColorJitter(brightness=cfg.brightness,
  File "/ghome/group06/miniconda3/envs/c3/lib/python3.12/site-packages/kornia/augmentation/_2d/intensity/color_jitter.py", line 105, in __init__
    self._param_generator = rg.ColorJitterGenerator(brightness, contrast, saturation, hue)
                            ^^^^^^^^^^^^^^^^^^^^^^^^^^^^^^^^^^^^^^^^^^^^^^^^^^^^^^^^^^^^^^
  File "/ghome/group06/miniconda3/envs/c3/lib/python3.12/site-packages/kornia/augmentation/random_generator/base.py", line 34, in __call__
    obj.__post_init__()
  File "/ghome/group06/miniconda3/envs/c3/lib/python3.12/site-packages/kornia/augmentation/random_generator/base.py", line 48, in __post_init__
    self.set_rng_device_and_dtype()
  File "/ghome/group06/miniconda3/envs/c3/lib/python3.12/site-packages/kornia/augmentation/random_generator/base.py", line 64, in set_rng_device_and_dtype
    self.make_samplers(device, dtype)
  File "/ghome/group06/miniconda3/envs/c3/lib/python3.12/site-packages/kornia/augmentation/random_generator/_2d/color_jitter.py", line 86, in make_samplers
    hue: Tensor = _range_bound(self.hue, "hue", bounds=(-0.5, 0.5), device=device, dtype=dtype)
                  ^^^^^^^^^^^^^^^^^^^^^^^^^^^^^^^^^^^^^^^^^^^^^^^^^^^^^^^^^^^^^^^^^^^^^^^^^^^^^
  File "/ghome/group06/miniconda3/envs/c3/lib/python3.12/site-packages/kornia/augmentation/utils/param_validation.py", line 53, in _range_bound
    raise ValueError(f"If {name} is a single number, it must be non negative. Got {factor}.")
ValueError: If hue is a single number, it must be non negative. Got -0.023108329623937607.
2026-01-10 20:07:50,460 - wandb.wandb_agent - INFO - Cleaning up finished run: 7zrkxyem
wandb: Terminating and syncing runs. Press ctrl-c to kill.
