wandb: Starting wandb agent 🕵️
2026-01-10 19:14:36,107 - wandb.wandb_agent - INFO - Running runs: []
2026-01-10 19:14:36,490 - wandb.wandb_agent - INFO - Agent received command: run
2026-01-10 19:14:36,490 - wandb.wandb_agent - INFO - Agent starting run with config:
	affine: 0.44312294785024886
	blur: 0.5489273805918687
	brightness: 0.8313778481342164
	contrast: 1.3355644659968284
	crop: 0.5593436911861627
	crop_scale: 0.42558577114420393
	flip: 0.26094665635595016
	gaussian_blur_kernel: 3
	gaussian_noise_std: 0.7813948478584861
	grey: 0.15240400455347303
	hue: -0.01499670312059001
	jiggle: 0.423134922449349
	rotate: 0.274671687365721
	rotation: 40
	saturation: 1.227843434684675
	scale: 1.0444693769173434
	shear: 26
	translate_x: 0.3220271403436918
	translate_y: 0.20500785300173177
2026-01-10 19:14:36,494 - wandb.wandb_agent - INFO - About to run command: /usr/bin/env python train_data.py --affine=0.44312294785024886 --blur=0.5489273805918687 --brightness=0.8313778481342164 --contrast=1.3355644659968284 --crop=0.5593436911861627 --crop_scale=0.42558577114420393 --flip=0.26094665635595016 --gaussian_blur_kernel=3 --gaussian_noise_std=0.7813948478584861 --grey=0.15240400455347303 --hue=-0.01499670312059001 --jiggle=0.423134922449349 --rotate=0.274671687365721 --rotation=40 --saturation=1.227843434684675 --scale=1.0444693769173434 --shear=26 --translate_x=0.3220271403436918 --translate_y=0.20500785300173177
wandb: Currently logged in as: arnaumarcosalmansa (mcv-team-6) to https://api.wandb.ai. Use `wandb login --relogin` to force relogin
wandb: WARNING Ignoring project 'C3-Week3' when running a sweep.
wandb: WARNING Ignoring entity 'mcv-team-6' when running a sweep.
2026-01-10 19:14:41,501 - wandb.wandb_agent - INFO - Running runs: ['2zc8lkuw']
wandb: setting up run 2zc8lkuw
wandb: Tracking run with wandb version 0.23.1
wandb: Run data is saved locally in /export/home/group06/workspace/project-team-6/Week3/wandb/run-20260110_191440-2zc8lkuw
wandb: Run `wandb offline` to turn off syncing.
wandb: Syncing run Sweep run
wandb: ⭐️ View project at https://wandb.ai/mcv-team-6/C3-Week3
wandb: 🧹 View sweep at https://wandb.ai/mcv-team-6/C3-Week3/sweeps/g5vb4edr
wandb: 🚀 View run at https://wandb.ai/mcv-team-6/C3-Week3/runs/2zc8lkuw
Traceback (most recent call last):
  File "/export/home/group06/workspace/project-team-6/Week3/train_data.py", line 61, in <module>
    ka.ColorJitter(brightness=cfg.brightness,
  File "/ghome/group06/miniconda3/envs/c3/lib/python3.12/site-packages/kornia/augmentation/_2d/intensity/color_jitter.py", line 105, in __init__
    self._param_generator = rg.ColorJitterGenerator(brightness, contrast, saturation, hue)
                            ^^^^^^^^^^^^^^^^^^^^^^^^^^^^^^^^^^^^^^^^^^^^^^^^^^^^^^^^^^^^^^
  File "/ghome/group06/miniconda3/envs/c3/lib/python3.12/site-packages/kornia/augmentation/random_generator/base.py", line 34, in __call__
    obj.__post_init__()
  File "/ghome/group06/miniconda3/envs/c3/lib/python3.12/site-packages/kornia/augmentation/random_generator/base.py", line 48, in __post_init__
    self.set_rng_device_and_dtype()
  File "/ghome/group06/miniconda3/envs/c3/lib/python3.12/site-packages/kornia/augmentation/random_generator/base.py", line 64, in set_rng_device_and_dtype
    self.make_samplers(device, dtype)
  File "/ghome/group06/miniconda3/envs/c3/lib/python3.12/site-packages/kornia/augmentation/random_generator/_2d/color_jitter.py", line 86, in make_samplers
    hue: Tensor = _range_bound(self.hue, "hue", bounds=(-0.5, 0.5), device=device, dtype=dtype)
                  ^^^^^^^^^^^^^^^^^^^^^^^^^^^^^^^^^^^^^^^^^^^^^^^^^^^^^^^^^^^^^^^^^^^^^^^^^^^^^
  File "/ghome/group06/miniconda3/envs/c3/lib/python3.12/site-packages/kornia/augmentation/utils/param_validation.py", line 53, in _range_bound
    raise ValueError(f"If {name} is a single number, it must be non negative. Got {factor}.")
ValueError: If hue is a single number, it must be non negative. Got -0.014996702782809734.
2026-01-10 19:14:46,646 - wandb.wandb_agent - INFO - Cleaning up finished run: 2zc8lkuw
wandb: Terminating and syncing runs. Press ctrl-c to kill.
