Using GPU 0: NVIDIA GeForce RTX 3090
Epoch 1/500 - Train Loss: 2.0853, Train Accuracy: 0.1875, Test Loss: 2.0363, Test Accuracy: 0.1604
Epoch 2/500 - Train Loss: 1.8569, Train Accuracy: 0.3675, Test Loss: 1.8497, Test Accuracy: 0.4030
Epoch 3/500 - Train Loss: 1.7505, Train Accuracy: 0.4575, Test Loss: 1.6558, Test Accuracy: 0.5376
Epoch 4/500 - Train Loss: 1.6029, Train Accuracy: 0.5650, Test Loss: 1.4995, Test Accuracy: 0.6517
Epoch 5/500 - Train Loss: 1.5023, Train Accuracy: 0.6575, Test Loss: 1.3550, Test Accuracy: 0.7325
Epoch 6/500 - Train Loss: 1.3884, Train Accuracy: 0.7150, Test Loss: 1.2352, Test Accuracy: 0.7771
Epoch 7/500 - Train Loss: 1.2774, Train Accuracy: 0.7725, Test Loss: 1.1297, Test Accuracy: 0.8121
Epoch 8/500 - Train Loss: 1.2131, Train Accuracy: 0.7650, Test Loss: 1.0394, Test Accuracy: 0.8335
Epoch 9/500 - Train Loss: 1.1397, Train Accuracy: 0.8100, Test Loss: 0.9757, Test Accuracy: 0.8645
Epoch 10/500 - Train Loss: 1.0848, Train Accuracy: 0.8150, Test Loss: 0.9113, Test Accuracy: 0.8693
Epoch 11/500 - Train Loss: 1.0266, Train Accuracy: 0.8400, Test Loss: 0.8454, Test Accuracy: 0.8824
Epoch 12/500 - Train Loss: 1.0069, Train Accuracy: 0.8300, Test Loss: 0.7987, Test Accuracy: 0.8890
Epoch 13/500 - Train Loss: 0.9434, Train Accuracy: 0.8300, Test Loss: 0.7578, Test Accuracy: 0.9082
Epoch 14/500 - Train Loss: 0.9001, Train Accuracy: 0.8400, Test Loss: 0.7268, Test Accuracy: 0.9095
Epoch 15/500 - Train Loss: 0.8244, Train Accuracy: 0.8900, Test Loss: 0.6952, Test Accuracy: 0.9108
Epoch 16/500 - Train Loss: 0.7913, Train Accuracy: 0.8850, Test Loss: 0.6688, Test Accuracy: 0.9135
Epoch 17/500 - Train Loss: 0.8199, Train Accuracy: 0.8575, Test Loss: 0.6547, Test Accuracy: 0.9183
Epoch 18/500 - Train Loss: 0.7636, Train Accuracy: 0.8825, Test Loss: 0.6286, Test Accuracy: 0.9244
Epoch 19/500 - Train Loss: 0.7285, Train Accuracy: 0.8925, Test Loss: 0.6063, Test Accuracy: 0.9279
Epoch 20/500 - Train Loss: 0.7247, Train Accuracy: 0.8825, Test Loss: 0.5885, Test Accuracy: 0.9318
Epoch 21/500 - Train Loss: 0.7020, Train Accuracy: 0.8850, Test Loss: 0.5748, Test Accuracy: 0.9305
Epoch 22/500 - Train Loss: 0.7052, Train Accuracy: 0.8850, Test Loss: 0.5681, Test Accuracy: 0.9283
Epoch 23/500 - Train Loss: 0.6821, Train Accuracy: 0.8850, Test Loss: 0.5554, Test Accuracy: 0.9327
Epoch 24/500 - Train Loss: 0.6574, Train Accuracy: 0.9050, Test Loss: 0.5461, Test Accuracy: 0.9344
Epoch 25/500 - Train Loss: 0.6471, Train Accuracy: 0.9050, Test Loss: 0.5424, Test Accuracy: 0.9296
Epoch 26/500 - Train Loss: 0.6303, Train Accuracy: 0.9125, Test Loss: 0.5326, Test Accuracy: 0.9331
Epoch 27/500 - Train Loss: 0.6057, Train Accuracy: 0.9150, Test Loss: 0.5285, Test Accuracy: 0.9336
Epoch 28/500 - Train Loss: 0.6107, Train Accuracy: 0.9175, Test Loss: 0.5205, Test Accuracy: 0.9362
Epoch 29/500 - Train Loss: 0.6047, Train Accuracy: 0.9175, Test Loss: 0.5161, Test Accuracy: 0.9362
Epoch 30/500 - Train Loss: 0.6272, Train Accuracy: 0.8950, Test Loss: 0.5140, Test Accuracy: 0.9362
Epoch 31/500 - Train Loss: 0.5977, Train Accuracy: 0.9150, Test Loss: 0.5127, Test Accuracy: 0.9375
Epoch 32/500 - Train Loss: 0.5802, Train Accuracy: 0.9075, Test Loss: 0.5026, Test Accuracy: 0.9392
Epoch 33/500 - Train Loss: 0.5794, Train Accuracy: 0.9125, Test Loss: 0.5067, Test Accuracy: 0.9344
Epoch 34/500 - Train Loss: 0.5504, Train Accuracy: 0.9300, Test Loss: 0.5050, Test Accuracy: 0.9309
Epoch 35/500 - Train Loss: 0.5435, Train Accuracy: 0.9275, Test Loss: 0.5084, Test Accuracy: 0.9288
Epoch 36/500 - Train Loss: 0.5553, Train Accuracy: 0.9250, Test Loss: 0.5015, Test Accuracy: 0.9327
Epoch 37/500 - Train Loss: 0.5560, Train Accuracy: 0.9375, Test Loss: 0.4964, Test Accuracy: 0.9379
Epoch 38/500 - Train Loss: 0.5557, Train Accuracy: 0.9150, Test Loss: 0.4941, Test Accuracy: 0.9379
Epoch 39/500 - Train Loss: 0.5099, Train Accuracy: 0.9425, Test Loss: 0.4918, Test Accuracy: 0.9371
Epoch 40/500 - Train Loss: 0.5412, Train Accuracy: 0.9150, Test Loss: 0.4929, Test Accuracy: 0.9366
Epoch 41/500 - Train Loss: 0.5311, Train Accuracy: 0.9400, Test Loss: 0.4884, Test Accuracy: 0.9397
Epoch 42/500 - Train Loss: 0.5255, Train Accuracy: 0.9500, Test Loss: 0.4865, Test Accuracy: 0.9353
Epoch 43/500 - Train Loss: 0.5284, Train Accuracy: 0.9275, Test Loss: 0.4850, Test Accuracy: 0.9353
Epoch 44/500 - Train Loss: 0.5063, Train Accuracy: 0.9350, Test Loss: 0.4857, Test Accuracy: 0.9375
Epoch 45/500 - Train Loss: 0.5255, Train Accuracy: 0.9400, Test Loss: 0.4903, Test Accuracy: 0.9336
Epoch 46/500 - Train Loss: 0.5023, Train Accuracy: 0.9500, Test Loss: 0.4828, Test Accuracy: 0.9371
Epoch 47/500 - Train Loss: 0.5201, Train Accuracy: 0.9325, Test Loss: 0.4855, Test Accuracy: 0.9340
Epoch 48/500 - Train Loss: 0.5021, Train Accuracy: 0.9300, Test Loss: 0.4848, Test Accuracy: 0.9362
Epoch 49/500 - Train Loss: 0.4822, Train Accuracy: 0.9450, Test Loss: 0.4781, Test Accuracy: 0.9410
Epoch 50/500 - Train Loss: 0.5114, Train Accuracy: 0.9300, Test Loss: 0.4814, Test Accuracy: 0.9375
Epoch 51/500 - Train Loss: 0.4824, Train Accuracy: 0.9450, Test Loss: 0.4850, Test Accuracy: 0.9314
Epoch 52/500 - Train Loss: 0.4688, Train Accuracy: 0.9600, Test Loss: 0.4877, Test Accuracy: 0.9314
Epoch 53/500 - Train Loss: 0.4973, Train Accuracy: 0.9325, Test Loss: 0.4809, Test Accuracy: 0.9344
Epoch 54/500 - Train Loss: 0.5106, Train Accuracy: 0.9175, Test Loss: 0.4936, Test Accuracy: 0.9301
Epoch 55/500 - Train Loss: 0.4492, Train Accuracy: 0.9600, Test Loss: 0.4896, Test Accuracy: 0.9314
Epoch 56/500 - Train Loss: 0.4700, Train Accuracy: 0.9525, Test Loss: 0.4907, Test Accuracy: 0.9318
Epoch 57/500 - Train Loss: 0.4842, Train Accuracy: 0.9400, Test Loss: 0.4765, Test Accuracy: 0.9388
Epoch 58/500 - Train Loss: 0.5055, Train Accuracy: 0.9325, Test Loss: 0.4887, Test Accuracy: 0.9323
Epoch 59/500 - Train Loss: 0.4498, Train Accuracy: 0.9675, Test Loss: 0.4832, Test Accuracy: 0.9344
Epoch 60/500 - Train Loss: 0.4828, Train Accuracy: 0.9375, Test Loss: 0.4760, Test Accuracy: 0.9371
Epoch 61/500 - Train Loss: 0.4416, Train Accuracy: 0.9575, Test Loss: 0.4730, Test Accuracy: 0.9392
Epoch 62/500 - Train Loss: 0.4336, Train Accuracy: 0.9750, Test Loss: 0.4759, Test Accuracy: 0.9375
Epoch 63/500 - Train Loss: 0.4703, Train Accuracy: 0.9425, Test Loss: 0.4730, Test Accuracy: 0.9375
Epoch 64/500 - Train Loss: 0.4500, Train Accuracy: 0.9525, Test Loss: 0.4761, Test Accuracy: 0.9375
Epoch 65/500 - Train Loss: 0.4280, Train Accuracy: 0.9675, Test Loss: 0.4755, Test Accuracy: 0.9349
Epoch 66/500 - Train Loss: 0.4298, Train Accuracy: 0.9650, Test Loss: 0.4794, Test Accuracy: 0.9358
Epoch 67/500 - Train Loss: 0.4410, Train Accuracy: 0.9625, Test Loss: 0.4717, Test Accuracy: 0.9392
Epoch 68/500 - Train Loss: 0.4741, Train Accuracy: 0.9350, Test Loss: 0.4833, Test Accuracy: 0.9366
Epoch 69/500 - Train Loss: 0.4373, Train Accuracy: 0.9575, Test Loss: 0.4806, Test Accuracy: 0.9336
Epoch 70/500 - Train Loss: 0.4284, Train Accuracy: 0.9650, Test Loss: 0.4733, Test Accuracy: 0.9362
Epoch 71/500 - Train Loss: 0.4616, Train Accuracy: 0.9475, Test Loss: 0.4734, Test Accuracy: 0.9379
Epoch 72/500 - Train Loss: 0.4266, Train Accuracy: 0.9600, Test Loss: 0.4747, Test Accuracy: 0.9388
Epoch 73/500 - Train Loss: 0.4292, Train Accuracy: 0.9625, Test Loss: 0.4788, Test Accuracy: 0.9331
Epoch 74/500 - Train Loss: 0.4477, Train Accuracy: 0.9525, Test Loss: 0.4878, Test Accuracy: 0.9253
Epoch 75/500 - Train Loss: 0.4316, Train Accuracy: 0.9575, Test Loss: 0.4788, Test Accuracy: 0.9340
Epoch 76/500 - Train Loss: 0.3942, Train Accuracy: 0.9775, Test Loss: 0.4807, Test Accuracy: 0.9296
Epoch 77/500 - Train Loss: 0.4332, Train Accuracy: 0.9625, Test Loss: 0.4805, Test Accuracy: 0.9323
Epoch 78/500 - Train Loss: 0.4445, Train Accuracy: 0.9450, Test Loss: 0.4770, Test Accuracy: 0.9323
Epoch 79/500 - Train Loss: 0.4299, Train Accuracy: 0.9625, Test Loss: 0.4848, Test Accuracy: 0.9301
Epoch 80/500 - Train Loss: 0.4609, Train Accuracy: 0.9500, Test Loss: 0.4749, Test Accuracy: 0.9331
Epoch 81/500 - Train Loss: 0.4645, Train Accuracy: 0.9400, Test Loss: 0.4787, Test Accuracy: 0.9340
Epoch 82/500 - Train Loss: 0.4189, Train Accuracy: 0.9675, Test Loss: 0.4790, Test Accuracy: 0.9353

Early stopping triggered at epoch 82
Best test loss: 0.4717
Best test accuracy: 0.9410
Plot saved as trained_models/Sweep_data run/metrics/loss.png
Plot saved as trained_models/Sweep_data run/metrics/metrics.png
