Using GPU 0: NVIDIA GeForce RTX 3090
Epoch 1/500 - Train Loss: 1.6767, Train Accuracy: 0.4975, Test Loss: 2.0223, Test Accuracy: 0.3077
Epoch 2/500 - Train Loss: 0.9007, Train Accuracy: 0.9025, Test Loss: 1.8193, Test Accuracy: 0.3816
Epoch 3/500 - Train Loss: 0.8240, Train Accuracy: 0.9425, Test Loss: 1.3790, Test Accuracy: 0.6718
Epoch 4/500 - Train Loss: 0.7999, Train Accuracy: 0.9625, Test Loss: 1.2510, Test Accuracy: 0.7295
Epoch 5/500 - Train Loss: 0.7746, Train Accuracy: 0.9575, Test Loss: 1.0037, Test Accuracy: 0.8510
Epoch 6/500 - Train Loss: 0.7305, Train Accuracy: 0.9825, Test Loss: 0.9868, Test Accuracy: 0.8518
Epoch 7/500 - Train Loss: 0.7422, Train Accuracy: 0.9700, Test Loss: 0.9181, Test Accuracy: 0.8811
Epoch 8/500 - Train Loss: 0.7265, Train Accuracy: 0.9800, Test Loss: 0.8432, Test Accuracy: 0.9087
Epoch 9/500 - Train Loss: 0.7201, Train Accuracy: 0.9750, Test Loss: 0.8763, Test Accuracy: 0.8907
Epoch 10/500 - Train Loss: 0.7082, Train Accuracy: 0.9850, Test Loss: 0.9209, Test Accuracy: 0.8641
Epoch 11/500 - Train Loss: 0.7072, Train Accuracy: 0.9800, Test Loss: 0.8918, Test Accuracy: 0.8842
Epoch 12/500 - Train Loss: 0.6955, Train Accuracy: 0.9800, Test Loss: 0.9109, Test Accuracy: 0.8711
Epoch 13/500 - Train Loss: 0.6960, Train Accuracy: 0.9875, Test Loss: 0.9281, Test Accuracy: 0.8702
Epoch 14/500 - Train Loss: 0.7103, Train Accuracy: 0.9775, Test Loss: 0.8643, Test Accuracy: 0.8964
Epoch 15/500 - Train Loss: 0.7055, Train Accuracy: 0.9750, Test Loss: 0.8781, Test Accuracy: 0.8881
Epoch 16/500 - Train Loss: 0.7326, Train Accuracy: 0.9650, Test Loss: 0.8541, Test Accuracy: 0.9087
Epoch 17/500 - Train Loss: 0.7122, Train Accuracy: 0.9800, Test Loss: 0.8932, Test Accuracy: 0.8846
Epoch 18/500 - Train Loss: 0.6745, Train Accuracy: 0.9975, Test Loss: 0.8865, Test Accuracy: 0.8846
Epoch 19/500 - Train Loss: 0.6730, Train Accuracy: 0.9950, Test Loss: 0.8326, Test Accuracy: 0.9104
Epoch 20/500 - Train Loss: 0.6935, Train Accuracy: 0.9850, Test Loss: 0.8190, Test Accuracy: 0.9196
Epoch 21/500 - Train Loss: 0.6768, Train Accuracy: 0.9875, Test Loss: 0.8050, Test Accuracy: 0.9274
Epoch 22/500 - Train Loss: 0.6760, Train Accuracy: 0.9925, Test Loss: 0.8076, Test Accuracy: 0.9240
Epoch 23/500 - Train Loss: 0.6751, Train Accuracy: 0.9925, Test Loss: 0.8104, Test Accuracy: 0.9196
Epoch 24/500 - Train Loss: 0.6652, Train Accuracy: 0.9950, Test Loss: 0.8397, Test Accuracy: 0.9069
Epoch 25/500 - Train Loss: 0.6943, Train Accuracy: 0.9750, Test Loss: 0.8132, Test Accuracy: 0.9183
Epoch 26/500 - Train Loss: 0.6984, Train Accuracy: 0.9775, Test Loss: 0.8720, Test Accuracy: 0.8955
Epoch 27/500 - Train Loss: 0.7000, Train Accuracy: 0.9850, Test Loss: 0.8679, Test Accuracy: 0.8916
Epoch 28/500 - Train Loss: 0.6916, Train Accuracy: 0.9925, Test Loss: 0.9399, Test Accuracy: 0.8588
Epoch 29/500 - Train Loss: 0.6896, Train Accuracy: 0.9900, Test Loss: 0.9512, Test Accuracy: 0.8514
Epoch 30/500 - Train Loss: 0.6890, Train Accuracy: 0.9875, Test Loss: 0.8595, Test Accuracy: 0.8999
Epoch 31/500 - Train Loss: 0.6840, Train Accuracy: 0.9900, Test Loss: 0.8273, Test Accuracy: 0.9170
Epoch 32/500 - Train Loss: 0.6774, Train Accuracy: 0.9875, Test Loss: 0.8606, Test Accuracy: 0.8969
Epoch 33/500 - Train Loss: 0.6756, Train Accuracy: 0.9950, Test Loss: 0.9849, Test Accuracy: 0.8488
Epoch 34/500 - Train Loss: 0.7154, Train Accuracy: 0.9750, Test Loss: 0.8939, Test Accuracy: 0.8829
Epoch 35/500 - Train Loss: 0.6816, Train Accuracy: 0.9825, Test Loss: 1.0795, Test Accuracy: 0.7885
Epoch 36/500 - Train Loss: 0.6927, Train Accuracy: 0.9925, Test Loss: 0.9205, Test Accuracy: 0.8610

Early stopping triggered at epoch 36
Best test loss: 0.8050
Best test accuracy: 0.9274
Plot saved as trained_models/Sweep run/metrics/loss.png
Plot saved as trained_models/Sweep run/metrics/metrics.png
