Using GPU 0: NVIDIA GeForce RTX 3090
Epoch 1/500 - Train Loss: 2.0494, Train Accuracy: 0.1925, Test Loss: 2.0150, Test Accuracy: 0.2168
Epoch 2/500 - Train Loss: 1.8298, Train Accuracy: 0.3575, Test Loss: 1.8110, Test Accuracy: 0.4021
Epoch 3/500 - Train Loss: 1.6467, Train Accuracy: 0.5400, Test Loss: 1.6256, Test Accuracy: 0.5765
Epoch 4/500 - Train Loss: 1.5345, Train Accuracy: 0.6000, Test Loss: 1.4767, Test Accuracy: 0.6792
Epoch 5/500 - Train Loss: 1.4079, Train Accuracy: 0.6925, Test Loss: 1.3378, Test Accuracy: 0.7526
Epoch 6/500 - Train Loss: 1.2948, Train Accuracy: 0.7525, Test Loss: 1.2311, Test Accuracy: 0.8024
Epoch 7/500 - Train Loss: 1.1916, Train Accuracy: 0.7800, Test Loss: 1.1328, Test Accuracy: 0.8304
Epoch 8/500 - Train Loss: 1.1040, Train Accuracy: 0.8300, Test Loss: 1.0533, Test Accuracy: 0.8453
Epoch 9/500 - Train Loss: 1.0756, Train Accuracy: 0.8200, Test Loss: 0.9756, Test Accuracy: 0.8649
Epoch 10/500 - Train Loss: 0.9939, Train Accuracy: 0.8525, Test Loss: 0.9009, Test Accuracy: 0.8789
Epoch 11/500 - Train Loss: 0.9593, Train Accuracy: 0.8500, Test Loss: 0.8360, Test Accuracy: 0.8907
Epoch 12/500 - Train Loss: 0.8944, Train Accuracy: 0.8825, Test Loss: 0.7869, Test Accuracy: 0.8960
Epoch 13/500 - Train Loss: 0.8546, Train Accuracy: 0.8675, Test Loss: 0.7484, Test Accuracy: 0.9082
Epoch 14/500 - Train Loss: 0.8149, Train Accuracy: 0.8800, Test Loss: 0.7080, Test Accuracy: 0.9117
Epoch 15/500 - Train Loss: 0.8108, Train Accuracy: 0.8650, Test Loss: 0.6783, Test Accuracy: 0.9152
Epoch 16/500 - Train Loss: 0.7524, Train Accuracy: 0.8875, Test Loss: 0.6450, Test Accuracy: 0.9135
Epoch 17/500 - Train Loss: 0.7392, Train Accuracy: 0.8950, Test Loss: 0.6287, Test Accuracy: 0.9187
Epoch 18/500 - Train Loss: 0.7067, Train Accuracy: 0.9050, Test Loss: 0.6057, Test Accuracy: 0.9218
Epoch 19/500 - Train Loss: 0.7008, Train Accuracy: 0.8850, Test Loss: 0.5959, Test Accuracy: 0.9257
Epoch 20/500 - Train Loss: 0.6431, Train Accuracy: 0.9125, Test Loss: 0.5826, Test Accuracy: 0.9270
Epoch 21/500 - Train Loss: 0.6560, Train Accuracy: 0.9075, Test Loss: 0.5698, Test Accuracy: 0.9309
Epoch 22/500 - Train Loss: 0.6252, Train Accuracy: 0.9300, Test Loss: 0.5627, Test Accuracy: 0.9327
Epoch 23/500 - Train Loss: 0.6037, Train Accuracy: 0.9125, Test Loss: 0.5542, Test Accuracy: 0.9296
Epoch 24/500 - Train Loss: 0.6451, Train Accuracy: 0.9050, Test Loss: 0.5446, Test Accuracy: 0.9301
Epoch 25/500 - Train Loss: 0.5975, Train Accuracy: 0.9300, Test Loss: 0.5361, Test Accuracy: 0.9340
Epoch 26/500 - Train Loss: 0.5912, Train Accuracy: 0.9025, Test Loss: 0.5259, Test Accuracy: 0.9353
Epoch 27/500 - Train Loss: 0.5501, Train Accuracy: 0.9425, Test Loss: 0.5282, Test Accuracy: 0.9349
Epoch 28/500 - Train Loss: 0.5704, Train Accuracy: 0.9225, Test Loss: 0.5229, Test Accuracy: 0.9349
Epoch 29/500 - Train Loss: 0.5390, Train Accuracy: 0.9375, Test Loss: 0.5159, Test Accuracy: 0.9344
Epoch 30/500 - Train Loss: 0.5433, Train Accuracy: 0.9375, Test Loss: 0.5126, Test Accuracy: 0.9353
Epoch 31/500 - Train Loss: 0.5252, Train Accuracy: 0.9375, Test Loss: 0.5092, Test Accuracy: 0.9358
Epoch 32/500 - Train Loss: 0.5107, Train Accuracy: 0.9375, Test Loss: 0.5048, Test Accuracy: 0.9353
Epoch 33/500 - Train Loss: 0.5293, Train Accuracy: 0.9450, Test Loss: 0.5055, Test Accuracy: 0.9353
Epoch 34/500 - Train Loss: 0.5037, Train Accuracy: 0.9450, Test Loss: 0.4986, Test Accuracy: 0.9379
Epoch 35/500 - Train Loss: 0.5249, Train Accuracy: 0.9275, Test Loss: 0.4961, Test Accuracy: 0.9375
Epoch 36/500 - Train Loss: 0.5186, Train Accuracy: 0.9425, Test Loss: 0.4938, Test Accuracy: 0.9392
Epoch 37/500 - Train Loss: 0.4810, Train Accuracy: 0.9550, Test Loss: 0.4912, Test Accuracy: 0.9392
Epoch 38/500 - Train Loss: 0.4848, Train Accuracy: 0.9475, Test Loss: 0.4934, Test Accuracy: 0.9362
Epoch 39/500 - Train Loss: 0.5101, Train Accuracy: 0.9350, Test Loss: 0.4914, Test Accuracy: 0.9401
Epoch 40/500 - Train Loss: 0.4719, Train Accuracy: 0.9500, Test Loss: 0.4861, Test Accuracy: 0.9410
Epoch 41/500 - Train Loss: 0.4570, Train Accuracy: 0.9650, Test Loss: 0.4827, Test Accuracy: 0.9414
Epoch 42/500 - Train Loss: 0.4578, Train Accuracy: 0.9675, Test Loss: 0.4813, Test Accuracy: 0.9401
Epoch 43/500 - Train Loss: 0.4566, Train Accuracy: 0.9575, Test Loss: 0.4773, Test Accuracy: 0.9410
Epoch 44/500 - Train Loss: 0.4405, Train Accuracy: 0.9625, Test Loss: 0.4814, Test Accuracy: 0.9366
Epoch 45/500 - Train Loss: 0.4440, Train Accuracy: 0.9600, Test Loss: 0.4789, Test Accuracy: 0.9401
Epoch 46/500 - Train Loss: 0.4335, Train Accuracy: 0.9700, Test Loss: 0.4802, Test Accuracy: 0.9384
Epoch 47/500 - Train Loss: 0.4374, Train Accuracy: 0.9625, Test Loss: 0.4756, Test Accuracy: 0.9436
Epoch 48/500 - Train Loss: 0.4546, Train Accuracy: 0.9650, Test Loss: 0.4732, Test Accuracy: 0.9445
Epoch 49/500 - Train Loss: 0.4255, Train Accuracy: 0.9750, Test Loss: 0.4729, Test Accuracy: 0.9414
Epoch 50/500 - Train Loss: 0.4515, Train Accuracy: 0.9550, Test Loss: 0.4699, Test Accuracy: 0.9432
Epoch 51/500 - Train Loss: 0.4223, Train Accuracy: 0.9750, Test Loss: 0.4758, Test Accuracy: 0.9401
Epoch 52/500 - Train Loss: 0.4006, Train Accuracy: 0.9800, Test Loss: 0.4765, Test Accuracy: 0.9384
Epoch 53/500 - Train Loss: 0.4213, Train Accuracy: 0.9625, Test Loss: 0.4774, Test Accuracy: 0.9388
Epoch 54/500 - Train Loss: 0.4137, Train Accuracy: 0.9750, Test Loss: 0.4732, Test Accuracy: 0.9397
Epoch 55/500 - Train Loss: 0.4371, Train Accuracy: 0.9575, Test Loss: 0.4726, Test Accuracy: 0.9397
Epoch 56/500 - Train Loss: 0.4169, Train Accuracy: 0.9675, Test Loss: 0.4733, Test Accuracy: 0.9401
Epoch 57/500 - Train Loss: 0.4309, Train Accuracy: 0.9625, Test Loss: 0.4706, Test Accuracy: 0.9397
Epoch 58/500 - Train Loss: 0.4114, Train Accuracy: 0.9750, Test Loss: 0.4691, Test Accuracy: 0.9406
Epoch 59/500 - Train Loss: 0.3796, Train Accuracy: 0.9850, Test Loss: 0.4758, Test Accuracy: 0.9388
Epoch 60/500 - Train Loss: 0.4087, Train Accuracy: 0.9675, Test Loss: 0.4675, Test Accuracy: 0.9406
Epoch 61/500 - Train Loss: 0.4251, Train Accuracy: 0.9650, Test Loss: 0.4629, Test Accuracy: 0.9445
Epoch 62/500 - Train Loss: 0.4328, Train Accuracy: 0.9600, Test Loss: 0.4677, Test Accuracy: 0.9419
Epoch 63/500 - Train Loss: 0.4205, Train Accuracy: 0.9575, Test Loss: 0.4632, Test Accuracy: 0.9445
Epoch 64/500 - Train Loss: 0.4248, Train Accuracy: 0.9575, Test Loss: 0.4704, Test Accuracy: 0.9397
Epoch 65/500 - Train Loss: 0.3902, Train Accuracy: 0.9750, Test Loss: 0.4668, Test Accuracy: 0.9419
Epoch 66/500 - Train Loss: 0.4390, Train Accuracy: 0.9700, Test Loss: 0.4677, Test Accuracy: 0.9401
Epoch 67/500 - Train Loss: 0.3954, Train Accuracy: 0.9775, Test Loss: 0.4676, Test Accuracy: 0.9397
Epoch 68/500 - Train Loss: 0.4044, Train Accuracy: 0.9800, Test Loss: 0.4674, Test Accuracy: 0.9397
Epoch 69/500 - Train Loss: 0.3898, Train Accuracy: 0.9775, Test Loss: 0.4679, Test Accuracy: 0.9414
Epoch 70/500 - Train Loss: 0.3781, Train Accuracy: 0.9875, Test Loss: 0.4660, Test Accuracy: 0.9410
Epoch 71/500 - Train Loss: 0.3969, Train Accuracy: 0.9725, Test Loss: 0.4611, Test Accuracy: 0.9436
Epoch 72/500 - Train Loss: 0.4148, Train Accuracy: 0.9700, Test Loss: 0.4627, Test Accuracy: 0.9423
Epoch 73/500 - Train Loss: 0.3795, Train Accuracy: 0.9725, Test Loss: 0.4649, Test Accuracy: 0.9410
Epoch 74/500 - Train Loss: 0.3858, Train Accuracy: 0.9750, Test Loss: 0.4583, Test Accuracy: 0.9449
Epoch 75/500 - Train Loss: 0.3995, Train Accuracy: 0.9750, Test Loss: 0.4600, Test Accuracy: 0.9432
Epoch 76/500 - Train Loss: 0.3992, Train Accuracy: 0.9725, Test Loss: 0.4609, Test Accuracy: 0.9449
Epoch 77/500 - Train Loss: 0.3662, Train Accuracy: 0.9875, Test Loss: 0.4579, Test Accuracy: 0.9462
Epoch 78/500 - Train Loss: 0.3920, Train Accuracy: 0.9800, Test Loss: 0.4589, Test Accuracy: 0.9449
Epoch 79/500 - Train Loss: 0.3775, Train Accuracy: 0.9850, Test Loss: 0.4591, Test Accuracy: 0.9436
Epoch 80/500 - Train Loss: 0.3728, Train Accuracy: 0.9800, Test Loss: 0.4608, Test Accuracy: 0.9432
Epoch 81/500 - Train Loss: 0.3802, Train Accuracy: 0.9775, Test Loss: 0.4626, Test Accuracy: 0.9441
Epoch 82/500 - Train Loss: 0.3880, Train Accuracy: 0.9825, Test Loss: 0.4640, Test Accuracy: 0.9423
Epoch 83/500 - Train Loss: 0.3779, Train Accuracy: 0.9825, Test Loss: 0.4615, Test Accuracy: 0.9406
Epoch 84/500 - Train Loss: 0.3951, Train Accuracy: 0.9775, Test Loss: 0.4633, Test Accuracy: 0.9441
Epoch 85/500 - Train Loss: 0.3915, Train Accuracy: 0.9800, Test Loss: 0.4629, Test Accuracy: 0.9419
Epoch 86/500 - Train Loss: 0.3985, Train Accuracy: 0.9675, Test Loss: 0.4637, Test Accuracy: 0.9441
Epoch 87/500 - Train Loss: 0.3756, Train Accuracy: 0.9800, Test Loss: 0.4638, Test Accuracy: 0.9410
Epoch 88/500 - Train Loss: 0.3696, Train Accuracy: 0.9925, Test Loss: 0.4641, Test Accuracy: 0.9392
Epoch 89/500 - Train Loss: 0.3702, Train Accuracy: 0.9825, Test Loss: 0.4644, Test Accuracy: 0.9423

Early stopping triggered at epoch 89
Best test loss: 0.4579
Best test accuracy: 0.9462
Plot saved as trained_models/Sweep_data run/metrics/loss.png
Plot saved as trained_models/Sweep_data run/metrics/metrics.png
