Using GPU 0: NVIDIA GeForce RTX 3090
Epoch 1/500 - Train Loss: 2.0251, Train Accuracy: 0.1750, Test Loss: 1.9855, Test Accuracy: 0.2426
Epoch 2/500 - Train Loss: 1.7929, Train Accuracy: 0.3925, Test Loss: 1.7163, Test Accuracy: 0.5227
Epoch 3/500 - Train Loss: 1.5966, Train Accuracy: 0.5975, Test Loss: 1.4501, Test Accuracy: 0.7168
Epoch 4/500 - Train Loss: 1.4019, Train Accuracy: 0.7125, Test Loss: 1.2461, Test Accuracy: 0.7941
Epoch 5/500 - Train Loss: 1.2324, Train Accuracy: 0.7800, Test Loss: 1.0647, Test Accuracy: 0.8352
Epoch 6/500 - Train Loss: 1.0822, Train Accuracy: 0.8400, Test Loss: 0.9229, Test Accuracy: 0.8711
Epoch 7/500 - Train Loss: 0.9510, Train Accuracy: 0.8700, Test Loss: 0.7935, Test Accuracy: 0.8929
Epoch 8/500 - Train Loss: 0.8732, Train Accuracy: 0.8600, Test Loss: 0.7038, Test Accuracy: 0.9003
Epoch 9/500 - Train Loss: 0.7579, Train Accuracy: 0.8925, Test Loss: 0.6253, Test Accuracy: 0.9139
Epoch 10/500 - Train Loss: 0.6957, Train Accuracy: 0.9050, Test Loss: 0.5779, Test Accuracy: 0.9148
Epoch 11/500 - Train Loss: 0.6463, Train Accuracy: 0.8900, Test Loss: 0.5221, Test Accuracy: 0.9231
Epoch 12/500 - Train Loss: 0.6009, Train Accuracy: 0.8925, Test Loss: 0.4814, Test Accuracy: 0.9279
Epoch 13/500 - Train Loss: 0.5313, Train Accuracy: 0.9200, Test Loss: 0.4579, Test Accuracy: 0.9279
Epoch 14/500 - Train Loss: 0.4946, Train Accuracy: 0.9325, Test Loss: 0.4310, Test Accuracy: 0.9318
Epoch 15/500 - Train Loss: 0.4881, Train Accuracy: 0.9325, Test Loss: 0.4129, Test Accuracy: 0.9362
Epoch 16/500 - Train Loss: 0.4196, Train Accuracy: 0.9400, Test Loss: 0.3999, Test Accuracy: 0.9349
Epoch 17/500 - Train Loss: 0.4209, Train Accuracy: 0.9475, Test Loss: 0.3876, Test Accuracy: 0.9362
Epoch 18/500 - Train Loss: 0.4130, Train Accuracy: 0.9525, Test Loss: 0.3754, Test Accuracy: 0.9362
Epoch 19/500 - Train Loss: 0.3892, Train Accuracy: 0.9400, Test Loss: 0.3653, Test Accuracy: 0.9371
Epoch 20/500 - Train Loss: 0.3603, Train Accuracy: 0.9600, Test Loss: 0.3630, Test Accuracy: 0.9344
Epoch 21/500 - Train Loss: 0.3607, Train Accuracy: 0.9500, Test Loss: 0.3572, Test Accuracy: 0.9340
Epoch 22/500 - Train Loss: 0.3293, Train Accuracy: 0.9600, Test Loss: 0.3570, Test Accuracy: 0.9344
Epoch 23/500 - Train Loss: 0.3198, Train Accuracy: 0.9775, Test Loss: 0.3472, Test Accuracy: 0.9358
Epoch 24/500 - Train Loss: 0.2921, Train Accuracy: 0.9700, Test Loss: 0.3429, Test Accuracy: 0.9353
Epoch 25/500 - Train Loss: 0.3175, Train Accuracy: 0.9600, Test Loss: 0.3381, Test Accuracy: 0.9397
Epoch 26/500 - Train Loss: 0.3008, Train Accuracy: 0.9625, Test Loss: 0.3338, Test Accuracy: 0.9392
Epoch 27/500 - Train Loss: 0.2990, Train Accuracy: 0.9625, Test Loss: 0.3293, Test Accuracy: 0.9423
Epoch 28/500 - Train Loss: 0.2967, Train Accuracy: 0.9675, Test Loss: 0.3300, Test Accuracy: 0.9406
Epoch 29/500 - Train Loss: 0.2629, Train Accuracy: 0.9800, Test Loss: 0.3278, Test Accuracy: 0.9388
Epoch 30/500 - Train Loss: 0.2558, Train Accuracy: 0.9725, Test Loss: 0.3190, Test Accuracy: 0.9414
Epoch 31/500 - Train Loss: 0.2640, Train Accuracy: 0.9700, Test Loss: 0.3200, Test Accuracy: 0.9401
Epoch 32/500 - Train Loss: 0.3034, Train Accuracy: 0.9525, Test Loss: 0.3249, Test Accuracy: 0.9344
Epoch 33/500 - Train Loss: 0.2353, Train Accuracy: 0.9800, Test Loss: 0.3178, Test Accuracy: 0.9384
Epoch 34/500 - Train Loss: 0.2417, Train Accuracy: 0.9800, Test Loss: 0.3282, Test Accuracy: 0.9336
Epoch 35/500 - Train Loss: 0.2642, Train Accuracy: 0.9625, Test Loss: 0.3233, Test Accuracy: 0.9366
Epoch 36/500 - Train Loss: 0.2275, Train Accuracy: 0.9825, Test Loss: 0.3227, Test Accuracy: 0.9388
Epoch 37/500 - Train Loss: 0.2406, Train Accuracy: 0.9700, Test Loss: 0.3193, Test Accuracy: 0.9375
Epoch 38/500 - Train Loss: 0.2376, Train Accuracy: 0.9725, Test Loss: 0.3113, Test Accuracy: 0.9427
Epoch 39/500 - Train Loss: 0.2433, Train Accuracy: 0.9700, Test Loss: 0.3101, Test Accuracy: 0.9388
Epoch 40/500 - Train Loss: 0.2364, Train Accuracy: 0.9875, Test Loss: 0.3150, Test Accuracy: 0.9362
Epoch 41/500 - Train Loss: 0.2186, Train Accuracy: 0.9850, Test Loss: 0.3087, Test Accuracy: 0.9410
Epoch 42/500 - Train Loss: 0.2172, Train Accuracy: 0.9850, Test Loss: 0.3170, Test Accuracy: 0.9362
Epoch 43/500 - Train Loss: 0.2187, Train Accuracy: 0.9900, Test Loss: 0.3164, Test Accuracy: 0.9353
Epoch 44/500 - Train Loss: 0.2295, Train Accuracy: 0.9725, Test Loss: 0.3104, Test Accuracy: 0.9406
Epoch 45/500 - Train Loss: 0.2314, Train Accuracy: 0.9800, Test Loss: 0.3115, Test Accuracy: 0.9401
Epoch 46/500 - Train Loss: 0.2224, Train Accuracy: 0.9775, Test Loss: 0.3128, Test Accuracy: 0.9410
Epoch 47/500 - Train Loss: 0.2343, Train Accuracy: 0.9675, Test Loss: 0.3240, Test Accuracy: 0.9340
Epoch 48/500 - Train Loss: 0.2018, Train Accuracy: 0.9875, Test Loss: 0.3136, Test Accuracy: 0.9375
Epoch 49/500 - Train Loss: 0.1928, Train Accuracy: 0.9975, Test Loss: 0.3174, Test Accuracy: 0.9366
Epoch 50/500 - Train Loss: 0.2241, Train Accuracy: 0.9775, Test Loss: 0.3163, Test Accuracy: 0.9358
Epoch 51/500 - Train Loss: 0.1926, Train Accuracy: 0.9925, Test Loss: 0.3181, Test Accuracy: 0.9371
Epoch 52/500 - Train Loss: 0.2355, Train Accuracy: 0.9750, Test Loss: 0.3183, Test Accuracy: 0.9397
Epoch 53/500 - Train Loss: 0.2355, Train Accuracy: 0.9700, Test Loss: 0.3205, Test Accuracy: 0.9362
Epoch 54/500 - Train Loss: 0.1883, Train Accuracy: 0.9925, Test Loss: 0.3227, Test Accuracy: 0.9366
Epoch 55/500 - Train Loss: 0.1869, Train Accuracy: 0.9950, Test Loss: 0.3217, Test Accuracy: 0.9384
Epoch 56/500 - Train Loss: 0.1816, Train Accuracy: 0.9975, Test Loss: 0.3201, Test Accuracy: 0.9362

Early stopping triggered at epoch 56
Best test loss: 0.3087
Best test accuracy: 0.9427
Plot saved as trained_models/Sweep_data run/metrics/loss.png
Plot saved as trained_models/Sweep_data run/metrics/metrics.png
