wandb: Starting wandb agent 🕵️
2026-01-10 19:51:17,571 - wandb.wandb_agent - INFO - Running runs: []
2026-01-10 19:51:17,934 - wandb.wandb_agent - INFO - Agent received command: run
2026-01-10 19:51:17,934 - wandb.wandb_agent - INFO - Agent starting run with config:
	affine: 0.27959481829009536
	blur: 0.6168513071728247
	brightness: 0.6046012655483771
	contrast: 1.350058545848181
	crop: 0.32952457433552884
	crop_scale: 0.6278166134610359
	flip: 0.8833139874320923
	gaussian_blur_kernel: 3
	gaussian_noise_std: 2.2727657259406504
	grey: 0.4840282640769029
	hue: -0.034497713858231624
	jiggle: 0.5644005285897237
	rotate: 0.4812624443480935
	rotation: 27
	saturation: 1.0003588539252593
	scale: 1.0751049174116325
	shear: 30
	translate_x: 0.012490943835445734
	translate_y: 0.10921138879057708
2026-01-10 19:51:17,938 - wandb.wandb_agent - INFO - About to run command: /usr/bin/env python train_data.py --affine=0.27959481829009536 --blur=0.6168513071728247 --brightness=0.6046012655483771 --contrast=1.350058545848181 --crop=0.32952457433552884 --crop_scale=0.6278166134610359 --flip=0.8833139874320923 --gaussian_blur_kernel=3 --gaussian_noise_std=2.2727657259406504 --grey=0.4840282640769029 --hue=-0.034497713858231624 --jiggle=0.5644005285897237 --rotate=0.4812624443480935 --rotation=27 --saturation=1.0003588539252593 --scale=1.0751049174116325 --shear=30 --translate_x=0.012490943835445734 --translate_y=0.10921138879057708
wandb: Currently logged in as: arnaumarcosalmansa (mcv-team-6) to https://api.wandb.ai. Use `wandb login --relogin` to force relogin
wandb: WARNING Ignoring project 'C3-Week3' when running a sweep.
wandb: WARNING Ignoring entity 'mcv-team-6' when running a sweep.
2026-01-10 19:51:22,945 - wandb.wandb_agent - INFO - Running runs: ['3uuz37el']
wandb: setting up run 3uuz37el
wandb: Tracking run with wandb version 0.23.1
wandb: Run data is saved locally in /export/home/group06/workspace/project-team-6/Week3/wandb/run-20260110_195122-3uuz37el
wandb: Run `wandb offline` to turn off syncing.
wandb: Syncing run Sweep run
wandb: ⭐️ View project at https://wandb.ai/mcv-team-6/C3-Week3
wandb: 🧹 View sweep at https://wandb.ai/mcv-team-6/C3-Week3/sweeps/g5vb4edr
wandb: 🚀 View run at https://wandb.ai/mcv-team-6/C3-Week3/runs/3uuz37el
Traceback (most recent call last):
  File "/export/home/group06/workspace/project-team-6/Week3/train_data.py", line 61, in <module>
    ka.ColorJitter(brightness=cfg.brightness,
  File "/ghome/group06/miniconda3/envs/c3/lib/python3.12/site-packages/kornia/augmentation/_2d/intensity/color_jitter.py", line 105, in __init__
    self._param_generator = rg.ColorJitterGenerator(brightness, contrast, saturation, hue)
                            ^^^^^^^^^^^^^^^^^^^^^^^^^^^^^^^^^^^^^^^^^^^^^^^^^^^^^^^^^^^^^^
  File "/ghome/group06/miniconda3/envs/c3/lib/python3.12/site-packages/kornia/augmentation/random_generator/base.py", line 34, in __call__
    obj.__post_init__()
  File "/ghome/group06/miniconda3/envs/c3/lib/python3.12/site-packages/kornia/augmentation/random_generator/base.py", line 48, in __post_init__
    self.set_rng_device_and_dtype()
  File "/ghome/group06/miniconda3/envs/c3/lib/python3.12/site-packages/kornia/augmentation/random_generator/base.py", line 64, in set_rng_device_and_dtype
    self.make_samplers(device, dtype)
  File "/ghome/group06/miniconda3/envs/c3/lib/python3.12/site-packages/kornia/augmentation/random_generator/_2d/color_jitter.py", line 86, in make_samplers
    hue: Tensor = _range_bound(self.hue, "hue", bounds=(-0.5, 0.5), device=device, dtype=dtype)
                  ^^^^^^^^^^^^^^^^^^^^^^^^^^^^^^^^^^^^^^^^^^^^^^^^^^^^^^^^^^^^^^^^^^^^^^^^^^^^^
  File "/ghome/group06/miniconda3/envs/c3/lib/python3.12/site-packages/kornia/augmentation/utils/param_validation.py", line 53, in _range_bound
    raise ValueError(f"If {name} is a single number, it must be non negative. Got {factor}.")
ValueError: If hue is a single number, it must be non negative. Got -0.034497715532779694.
2026-01-10 19:51:28,093 - wandb.wandb_agent - INFO - Cleaning up finished run: 3uuz37el
wandb: Terminating and syncing runs. Press ctrl-c to kill.
