Using GPU 0: NVIDIA GeForce RTX 3090
Epoch 1/500 - Train Loss: 2.0582, Train Accuracy: 0.1825, Test Loss: 2.0113, Test Accuracy: 0.2592
Epoch 2/500 - Train Loss: 1.8046, Train Accuracy: 0.3850, Test Loss: 1.7854, Test Accuracy: 0.4401
Epoch 3/500 - Train Loss: 1.6103, Train Accuracy: 0.5525, Test Loss: 1.5526, Test Accuracy: 0.6272
Epoch 4/500 - Train Loss: 1.4185, Train Accuracy: 0.6825, Test Loss: 1.3568, Test Accuracy: 0.7321
Epoch 5/500 - Train Loss: 1.2530, Train Accuracy: 0.7750, Test Loss: 1.1754, Test Accuracy: 0.8086
Epoch 6/500 - Train Loss: 1.1076, Train Accuracy: 0.8150, Test Loss: 1.0287, Test Accuracy: 0.8357
Epoch 7/500 - Train Loss: 0.9518, Train Accuracy: 0.8650, Test Loss: 0.9129, Test Accuracy: 0.8663
Epoch 8/500 - Train Loss: 0.8482, Train Accuracy: 0.8500, Test Loss: 0.7991, Test Accuracy: 0.8829
Epoch 9/500 - Train Loss: 0.7614, Train Accuracy: 0.8750, Test Loss: 0.7217, Test Accuracy: 0.8986
Epoch 10/500 - Train Loss: 0.7003, Train Accuracy: 0.8800, Test Loss: 0.6534, Test Accuracy: 0.9091
Epoch 11/500 - Train Loss: 0.6231, Train Accuracy: 0.9250, Test Loss: 0.5974, Test Accuracy: 0.9139
Epoch 12/500 - Train Loss: 0.5777, Train Accuracy: 0.9250, Test Loss: 0.5501, Test Accuracy: 0.9170
Epoch 13/500 - Train Loss: 0.5670, Train Accuracy: 0.9050, Test Loss: 0.5034, Test Accuracy: 0.9205
Epoch 14/500 - Train Loss: 0.5237, Train Accuracy: 0.9200, Test Loss: 0.4726, Test Accuracy: 0.9301
Epoch 15/500 - Train Loss: 0.4546, Train Accuracy: 0.9500, Test Loss: 0.4514, Test Accuracy: 0.9318
Epoch 16/500 - Train Loss: 0.4618, Train Accuracy: 0.9350, Test Loss: 0.4271, Test Accuracy: 0.9344
Epoch 17/500 - Train Loss: 0.4101, Train Accuracy: 0.9475, Test Loss: 0.4015, Test Accuracy: 0.9388
Epoch 18/500 - Train Loss: 0.4191, Train Accuracy: 0.9325, Test Loss: 0.3870, Test Accuracy: 0.9362
Epoch 19/500 - Train Loss: 0.3533, Train Accuracy: 0.9650, Test Loss: 0.3793, Test Accuracy: 0.9375
Epoch 20/500 - Train Loss: 0.3384, Train Accuracy: 0.9725, Test Loss: 0.3639, Test Accuracy: 0.9419
Epoch 21/500 - Train Loss: 0.3303, Train Accuracy: 0.9600, Test Loss: 0.3581, Test Accuracy: 0.9410
Epoch 22/500 - Train Loss: 0.3076, Train Accuracy: 0.9825, Test Loss: 0.3507, Test Accuracy: 0.9401
Epoch 23/500 - Train Loss: 0.3188, Train Accuracy: 0.9625, Test Loss: 0.3493, Test Accuracy: 0.9401
Epoch 24/500 - Train Loss: 0.3236, Train Accuracy: 0.9650, Test Loss: 0.3505, Test Accuracy: 0.9353
Epoch 25/500 - Train Loss: 0.3175, Train Accuracy: 0.9600, Test Loss: 0.3346, Test Accuracy: 0.9419
Epoch 26/500 - Train Loss: 0.2715, Train Accuracy: 0.9775, Test Loss: 0.3230, Test Accuracy: 0.9476
Epoch 27/500 - Train Loss: 0.2769, Train Accuracy: 0.9700, Test Loss: 0.3164, Test Accuracy: 0.9449
Epoch 28/500 - Train Loss: 0.2739, Train Accuracy: 0.9750, Test Loss: 0.3134, Test Accuracy: 0.9462
Epoch 29/500 - Train Loss: 0.2522, Train Accuracy: 0.9725, Test Loss: 0.3176, Test Accuracy: 0.9427
Epoch 30/500 - Train Loss: 0.2344, Train Accuracy: 0.9825, Test Loss: 0.3101, Test Accuracy: 0.9484
Epoch 31/500 - Train Loss: 0.2638, Train Accuracy: 0.9725, Test Loss: 0.3088, Test Accuracy: 0.9462
Epoch 32/500 - Train Loss: 0.2362, Train Accuracy: 0.9900, Test Loss: 0.3099, Test Accuracy: 0.9484
Epoch 33/500 - Train Loss: 0.2308, Train Accuracy: 0.9775, Test Loss: 0.3142, Test Accuracy: 0.9414
Epoch 34/500 - Train Loss: 0.2630, Train Accuracy: 0.9650, Test Loss: 0.3175, Test Accuracy: 0.9419
Epoch 35/500 - Train Loss: 0.2262, Train Accuracy: 0.9800, Test Loss: 0.3235, Test Accuracy: 0.9388
Epoch 36/500 - Train Loss: 0.2301, Train Accuracy: 0.9825, Test Loss: 0.3131, Test Accuracy: 0.9366
Epoch 37/500 - Train Loss: 0.2189, Train Accuracy: 0.9875, Test Loss: 0.3037, Test Accuracy: 0.9454
Epoch 38/500 - Train Loss: 0.2334, Train Accuracy: 0.9800, Test Loss: 0.3073, Test Accuracy: 0.9423
Epoch 39/500 - Train Loss: 0.2267, Train Accuracy: 0.9800, Test Loss: 0.2973, Test Accuracy: 0.9484
Epoch 40/500 - Train Loss: 0.2125, Train Accuracy: 0.9900, Test Loss: 0.2974, Test Accuracy: 0.9489
Epoch 41/500 - Train Loss: 0.2146, Train Accuracy: 0.9925, Test Loss: 0.2965, Test Accuracy: 0.9480
Epoch 42/500 - Train Loss: 0.2073, Train Accuracy: 0.9900, Test Loss: 0.2886, Test Accuracy: 0.9510
Epoch 43/500 - Train Loss: 0.2108, Train Accuracy: 0.9850, Test Loss: 0.2853, Test Accuracy: 0.9515
Epoch 44/500 - Train Loss: 0.2093, Train Accuracy: 0.9825, Test Loss: 0.2871, Test Accuracy: 0.9506
Epoch 45/500 - Train Loss: 0.2054, Train Accuracy: 0.9850, Test Loss: 0.2929, Test Accuracy: 0.9502
Epoch 46/500 - Train Loss: 0.1954, Train Accuracy: 0.9900, Test Loss: 0.3058, Test Accuracy: 0.9401
Epoch 47/500 - Train Loss: 0.2146, Train Accuracy: 0.9800, Test Loss: 0.2978, Test Accuracy: 0.9441
Epoch 48/500 - Train Loss: 0.2110, Train Accuracy: 0.9750, Test Loss: 0.2889, Test Accuracy: 0.9506
Epoch 49/500 - Train Loss: 0.2170, Train Accuracy: 0.9775, Test Loss: 0.2927, Test Accuracy: 0.9471
Epoch 50/500 - Train Loss: 0.2003, Train Accuracy: 0.9875, Test Loss: 0.2928, Test Accuracy: 0.9454
Epoch 51/500 - Train Loss: 0.1873, Train Accuracy: 0.9950, Test Loss: 0.3044, Test Accuracy: 0.9436
Epoch 52/500 - Train Loss: 0.1878, Train Accuracy: 0.9925, Test Loss: 0.2980, Test Accuracy: 0.9432
Epoch 53/500 - Train Loss: 0.1941, Train Accuracy: 0.9925, Test Loss: 0.2939, Test Accuracy: 0.9454
Epoch 54/500 - Train Loss: 0.1967, Train Accuracy: 0.9825, Test Loss: 0.3106, Test Accuracy: 0.9375
Epoch 55/500 - Train Loss: 0.1880, Train Accuracy: 0.9900, Test Loss: 0.3131, Test Accuracy: 0.9379
Epoch 56/500 - Train Loss: 0.1862, Train Accuracy: 0.9925, Test Loss: 0.2973, Test Accuracy: 0.9432
Epoch 57/500 - Train Loss: 0.1835, Train Accuracy: 0.9950, Test Loss: 0.2936, Test Accuracy: 0.9445
Epoch 58/500 - Train Loss: 0.1798, Train Accuracy: 0.9925, Test Loss: 0.2933, Test Accuracy: 0.9462

Early stopping triggered at epoch 58
Best test loss: 0.2853
Best test accuracy: 0.9515
Plot saved as trained_models/Sweep_data run/metrics/loss.png
Plot saved as trained_models/Sweep_data run/metrics/metrics.png
