Using GPU 0: NVIDIA GeForce RTX 3090
Epoch 1/500 - Train Loss: 2.1364, Train Accuracy: 0.1725, Test Loss: 2.0577, Test Accuracy: 0.1198
Epoch 2/500 - Train Loss: 1.9598, Train Accuracy: 0.2675, Test Loss: 1.8356, Test Accuracy: 0.3881
Epoch 3/500 - Train Loss: 1.7800, Train Accuracy: 0.4400, Test Loss: 1.6483, Test Accuracy: 0.4987
Epoch 4/500 - Train Loss: 1.6428, Train Accuracy: 0.5025, Test Loss: 1.4823, Test Accuracy: 0.6023
Epoch 5/500 - Train Loss: 1.5601, Train Accuracy: 0.5325, Test Loss: 1.3148, Test Accuracy: 0.6735
Epoch 6/500 - Train Loss: 1.3720, Train Accuracy: 0.6375, Test Loss: 1.1909, Test Accuracy: 0.7198
Epoch 7/500 - Train Loss: 1.2820, Train Accuracy: 0.6875, Test Loss: 1.0851, Test Accuracy: 0.7601
Epoch 8/500 - Train Loss: 1.1476, Train Accuracy: 0.7650, Test Loss: 0.9774, Test Accuracy: 0.8038
Epoch 9/500 - Train Loss: 1.1050, Train Accuracy: 0.7500, Test Loss: 0.8608, Test Accuracy: 0.8448
Epoch 10/500 - Train Loss: 1.0307, Train Accuracy: 0.7525, Test Loss: 0.7888, Test Accuracy: 0.8588
Epoch 11/500 - Train Loss: 0.9672, Train Accuracy: 0.7725, Test Loss: 0.7021, Test Accuracy: 0.8907
Epoch 12/500 - Train Loss: 0.8864, Train Accuracy: 0.7825, Test Loss: 0.6541, Test Accuracy: 0.8995
Epoch 13/500 - Train Loss: 0.8111, Train Accuracy: 0.8275, Test Loss: 0.6040, Test Accuracy: 0.8999
Epoch 14/500 - Train Loss: 0.7929, Train Accuracy: 0.8350, Test Loss: 0.5579, Test Accuracy: 0.9165
Epoch 15/500 - Train Loss: 0.7340, Train Accuracy: 0.8450, Test Loss: 0.5175, Test Accuracy: 0.9183
Epoch 16/500 - Train Loss: 0.6999, Train Accuracy: 0.8425, Test Loss: 0.4868, Test Accuracy: 0.9240
Epoch 17/500 - Train Loss: 0.6728, Train Accuracy: 0.8425, Test Loss: 0.4571, Test Accuracy: 0.9253
Epoch 18/500 - Train Loss: 0.6648, Train Accuracy: 0.8425, Test Loss: 0.4344, Test Accuracy: 0.9314
Epoch 19/500 - Train Loss: 0.6387, Train Accuracy: 0.8475, Test Loss: 0.4083, Test Accuracy: 0.9323
Epoch 20/500 - Train Loss: 0.6040, Train Accuracy: 0.8750, Test Loss: 0.4114, Test Accuracy: 0.9358
Epoch 21/500 - Train Loss: 0.5606, Train Accuracy: 0.8775, Test Loss: 0.3964, Test Accuracy: 0.9388
Epoch 22/500 - Train Loss: 0.5504, Train Accuracy: 0.8750, Test Loss: 0.3860, Test Accuracy: 0.9358
Epoch 23/500 - Train Loss: 0.5307, Train Accuracy: 0.9000, Test Loss: 0.3689, Test Accuracy: 0.9414
Epoch 24/500 - Train Loss: 0.5403, Train Accuracy: 0.8775, Test Loss: 0.3605, Test Accuracy: 0.9436
Epoch 25/500 - Train Loss: 0.5079, Train Accuracy: 0.8850, Test Loss: 0.3526, Test Accuracy: 0.9441
Epoch 26/500 - Train Loss: 0.5312, Train Accuracy: 0.8625, Test Loss: 0.3557, Test Accuracy: 0.9410
Epoch 27/500 - Train Loss: 0.4983, Train Accuracy: 0.8875, Test Loss: 0.3476, Test Accuracy: 0.9458
Epoch 28/500 - Train Loss: 0.4378, Train Accuracy: 0.9050, Test Loss: 0.3390, Test Accuracy: 0.9458
Epoch 29/500 - Train Loss: 0.4535, Train Accuracy: 0.9025, Test Loss: 0.3343, Test Accuracy: 0.9458
Epoch 30/500 - Train Loss: 0.4586, Train Accuracy: 0.8850, Test Loss: 0.3288, Test Accuracy: 0.9436
Epoch 31/500 - Train Loss: 0.4667, Train Accuracy: 0.8925, Test Loss: 0.3257, Test Accuracy: 0.9476
Epoch 32/500 - Train Loss: 0.4210, Train Accuracy: 0.9100, Test Loss: 0.3248, Test Accuracy: 0.9441
Epoch 33/500 - Train Loss: 0.3901, Train Accuracy: 0.9200, Test Loss: 0.3274, Test Accuracy: 0.9484
Epoch 34/500 - Train Loss: 0.4241, Train Accuracy: 0.9000, Test Loss: 0.3212, Test Accuracy: 0.9493
Epoch 35/500 - Train Loss: 0.3746, Train Accuracy: 0.9175, Test Loss: 0.3192, Test Accuracy: 0.9445
Epoch 36/500 - Train Loss: 0.3728, Train Accuracy: 0.9325, Test Loss: 0.3231, Test Accuracy: 0.9384
Epoch 37/500 - Train Loss: 0.3611, Train Accuracy: 0.9300, Test Loss: 0.3110, Test Accuracy: 0.9462
Epoch 38/500 - Train Loss: 0.4045, Train Accuracy: 0.9075, Test Loss: 0.3070, Test Accuracy: 0.9471
Epoch 39/500 - Train Loss: 0.4083, Train Accuracy: 0.9100, Test Loss: 0.3165, Test Accuracy: 0.9449
Epoch 40/500 - Train Loss: 0.3602, Train Accuracy: 0.9325, Test Loss: 0.3149, Test Accuracy: 0.9432
Epoch 41/500 - Train Loss: 0.3779, Train Accuracy: 0.9250, Test Loss: 0.3159, Test Accuracy: 0.9401
Epoch 42/500 - Train Loss: 0.3688, Train Accuracy: 0.9200, Test Loss: 0.3104, Test Accuracy: 0.9427
Epoch 43/500 - Train Loss: 0.3870, Train Accuracy: 0.9175, Test Loss: 0.3233, Test Accuracy: 0.9384
Epoch 44/500 - Train Loss: 0.3551, Train Accuracy: 0.9375, Test Loss: 0.3088, Test Accuracy: 0.9436
Epoch 45/500 - Train Loss: 0.3293, Train Accuracy: 0.9575, Test Loss: 0.3124, Test Accuracy: 0.9401
Epoch 46/500 - Train Loss: 0.3219, Train Accuracy: 0.9550, Test Loss: 0.3040, Test Accuracy: 0.9449
Epoch 47/500 - Train Loss: 0.3499, Train Accuracy: 0.9250, Test Loss: 0.3022, Test Accuracy: 0.9462
Epoch 48/500 - Train Loss: 0.3240, Train Accuracy: 0.9400, Test Loss: 0.3117, Test Accuracy: 0.9432
Epoch 49/500 - Train Loss: 0.3493, Train Accuracy: 0.9300, Test Loss: 0.3188, Test Accuracy: 0.9375
Epoch 50/500 - Train Loss: 0.3001, Train Accuracy: 0.9600, Test Loss: 0.3119, Test Accuracy: 0.9436
Epoch 51/500 - Train Loss: 0.3465, Train Accuracy: 0.9375, Test Loss: 0.3264, Test Accuracy: 0.9353
Epoch 52/500 - Train Loss: 0.3493, Train Accuracy: 0.9325, Test Loss: 0.3178, Test Accuracy: 0.9375
Epoch 53/500 - Train Loss: 0.3216, Train Accuracy: 0.9425, Test Loss: 0.3141, Test Accuracy: 0.9406
Epoch 54/500 - Train Loss: 0.3401, Train Accuracy: 0.9400, Test Loss: 0.3200, Test Accuracy: 0.9388
Epoch 55/500 - Train Loss: 0.3061, Train Accuracy: 0.9500, Test Loss: 0.3207, Test Accuracy: 0.9371
Epoch 56/500 - Train Loss: 0.3410, Train Accuracy: 0.9425, Test Loss: 0.3203, Test Accuracy: 0.9344
Epoch 57/500 - Train Loss: 0.3712, Train Accuracy: 0.9175, Test Loss: 0.3089, Test Accuracy: 0.9414
Epoch 58/500 - Train Loss: 0.3328, Train Accuracy: 0.9375, Test Loss: 0.3137, Test Accuracy: 0.9392
Epoch 59/500 - Train Loss: 0.2851, Train Accuracy: 0.9600, Test Loss: 0.3113, Test Accuracy: 0.9388
Epoch 60/500 - Train Loss: 0.2785, Train Accuracy: 0.9650, Test Loss: 0.3074, Test Accuracy: 0.9397
Epoch 61/500 - Train Loss: 0.3029, Train Accuracy: 0.9575, Test Loss: 0.3119, Test Accuracy: 0.9379
Epoch 62/500 - Train Loss: 0.3293, Train Accuracy: 0.9275, Test Loss: 0.3049, Test Accuracy: 0.9414

Early stopping triggered at epoch 62
Best test loss: 0.3022
Best test accuracy: 0.9493
Plot saved as trained_models/Sweep_data run/metrics/loss.png
Plot saved as trained_models/Sweep_data run/metrics/metrics.png
