Using GPU 0: NVIDIA GeForce RTX 3090
Epoch 1/500 - Train Loss: 2.0837, Train Accuracy: 0.1600, Test Loss: 2.0865, Test Accuracy: 0.1652
Epoch 2/500 - Train Loss: 1.8772, Train Accuracy: 0.3450, Test Loss: 1.9428, Test Accuracy: 0.2574
Epoch 3/500 - Train Loss: 1.6619, Train Accuracy: 0.5275, Test Loss: 1.7398, Test Accuracy: 0.3868
Epoch 4/500 - Train Loss: 1.5076, Train Accuracy: 0.6075, Test Loss: 1.5463, Test Accuracy: 0.5463
Epoch 5/500 - Train Loss: 1.3659, Train Accuracy: 0.6725, Test Loss: 1.3713, Test Accuracy: 0.6552
Epoch 6/500 - Train Loss: 1.1971, Train Accuracy: 0.7525, Test Loss: 1.2149, Test Accuracy: 0.7251
Epoch 7/500 - Train Loss: 1.1211, Train Accuracy: 0.7500, Test Loss: 1.0706, Test Accuracy: 0.7928
Epoch 8/500 - Train Loss: 1.0003, Train Accuracy: 0.7775, Test Loss: 0.9537, Test Accuracy: 0.8234
Epoch 9/500 - Train Loss: 0.8924, Train Accuracy: 0.8200, Test Loss: 0.8623, Test Accuracy: 0.8370
Epoch 10/500 - Train Loss: 0.8685, Train Accuracy: 0.8325, Test Loss: 0.7723, Test Accuracy: 0.8606
Epoch 11/500 - Train Loss: 0.7655, Train Accuracy: 0.8300, Test Loss: 0.7075, Test Accuracy: 0.8623
Epoch 12/500 - Train Loss: 0.7333, Train Accuracy: 0.8425, Test Loss: 0.6480, Test Accuracy: 0.8759
Epoch 13/500 - Train Loss: 0.6569, Train Accuracy: 0.8800, Test Loss: 0.6074, Test Accuracy: 0.8899
Epoch 14/500 - Train Loss: 0.6624, Train Accuracy: 0.8475, Test Loss: 0.5730, Test Accuracy: 0.8973
Epoch 15/500 - Train Loss: 0.5664, Train Accuracy: 0.9100, Test Loss: 0.5247, Test Accuracy: 0.9126
Epoch 16/500 - Train Loss: 0.5635, Train Accuracy: 0.9000, Test Loss: 0.4983, Test Accuracy: 0.9117
Epoch 17/500 - Train Loss: 0.5542, Train Accuracy: 0.8825, Test Loss: 0.4700, Test Accuracy: 0.9218
Epoch 18/500 - Train Loss: 0.5547, Train Accuracy: 0.8925, Test Loss: 0.4552, Test Accuracy: 0.9283
Epoch 19/500 - Train Loss: 0.5135, Train Accuracy: 0.8950, Test Loss: 0.4280, Test Accuracy: 0.9318
Epoch 20/500 - Train Loss: 0.5276, Train Accuracy: 0.8975, Test Loss: 0.4119, Test Accuracy: 0.9261
Epoch 21/500 - Train Loss: 0.4726, Train Accuracy: 0.9075, Test Loss: 0.4132, Test Accuracy: 0.9288
Epoch 22/500 - Train Loss: 0.4613, Train Accuracy: 0.9150, Test Loss: 0.4018, Test Accuracy: 0.9301
Epoch 23/500 - Train Loss: 0.4508, Train Accuracy: 0.9025, Test Loss: 0.3863, Test Accuracy: 0.9344
Epoch 24/500 - Train Loss: 0.4119, Train Accuracy: 0.9325, Test Loss: 0.3824, Test Accuracy: 0.9331
Epoch 25/500 - Train Loss: 0.4077, Train Accuracy: 0.9350, Test Loss: 0.3735, Test Accuracy: 0.9362
Epoch 26/500 - Train Loss: 0.4001, Train Accuracy: 0.9300, Test Loss: 0.3630, Test Accuracy: 0.9375
Epoch 27/500 - Train Loss: 0.3686, Train Accuracy: 0.9425, Test Loss: 0.3552, Test Accuracy: 0.9392
Epoch 28/500 - Train Loss: 0.3390, Train Accuracy: 0.9475, Test Loss: 0.3449, Test Accuracy: 0.9410
Epoch 29/500 - Train Loss: 0.3484, Train Accuracy: 0.9500, Test Loss: 0.3434, Test Accuracy: 0.9375
Epoch 30/500 - Train Loss: 0.3557, Train Accuracy: 0.9425, Test Loss: 0.3385, Test Accuracy: 0.9392
Epoch 31/500 - Train Loss: 0.3318, Train Accuracy: 0.9500, Test Loss: 0.3349, Test Accuracy: 0.9423
Epoch 32/500 - Train Loss: 0.3625, Train Accuracy: 0.9475, Test Loss: 0.3405, Test Accuracy: 0.9392
Epoch 33/500 - Train Loss: 0.3221, Train Accuracy: 0.9525, Test Loss: 0.3421, Test Accuracy: 0.9362
Epoch 34/500 - Train Loss: 0.3108, Train Accuracy: 0.9575, Test Loss: 0.3305, Test Accuracy: 0.9392
Epoch 35/500 - Train Loss: 0.3385, Train Accuracy: 0.9400, Test Loss: 0.3260, Test Accuracy: 0.9423
Epoch 36/500 - Train Loss: 0.3497, Train Accuracy: 0.9325, Test Loss: 0.3299, Test Accuracy: 0.9406
Epoch 37/500 - Train Loss: 0.2794, Train Accuracy: 0.9725, Test Loss: 0.3352, Test Accuracy: 0.9340
Epoch 38/500 - Train Loss: 0.3041, Train Accuracy: 0.9500, Test Loss: 0.3399, Test Accuracy: 0.9314
Epoch 39/500 - Train Loss: 0.3135, Train Accuracy: 0.9525, Test Loss: 0.3275, Test Accuracy: 0.9371
Epoch 40/500 - Train Loss: 0.3049, Train Accuracy: 0.9600, Test Loss: 0.3407, Test Accuracy: 0.9331
Epoch 41/500 - Train Loss: 0.2766, Train Accuracy: 0.9625, Test Loss: 0.3322, Test Accuracy: 0.9340
Epoch 42/500 - Train Loss: 0.2900, Train Accuracy: 0.9425, Test Loss: 0.3233, Test Accuracy: 0.9410
Epoch 43/500 - Train Loss: 0.2694, Train Accuracy: 0.9600, Test Loss: 0.3311, Test Accuracy: 0.9353
Epoch 44/500 - Train Loss: 0.3015, Train Accuracy: 0.9525, Test Loss: 0.3750, Test Accuracy: 0.9143
Epoch 45/500 - Train Loss: 0.2513, Train Accuracy: 0.9725, Test Loss: 0.3431, Test Accuracy: 0.9323
Epoch 46/500 - Train Loss: 0.2955, Train Accuracy: 0.9475, Test Loss: 0.3273, Test Accuracy: 0.9384
Epoch 47/500 - Train Loss: 0.2683, Train Accuracy: 0.9650, Test Loss: 0.3271, Test Accuracy: 0.9362
Epoch 48/500 - Train Loss: 0.2369, Train Accuracy: 0.9675, Test Loss: 0.3091, Test Accuracy: 0.9436
Epoch 49/500 - Train Loss: 0.2616, Train Accuracy: 0.9675, Test Loss: 0.3152, Test Accuracy: 0.9427
Epoch 50/500 - Train Loss: 0.2750, Train Accuracy: 0.9575, Test Loss: 0.3142, Test Accuracy: 0.9427
Epoch 51/500 - Train Loss: 0.2504, Train Accuracy: 0.9625, Test Loss: 0.3096, Test Accuracy: 0.9445
Epoch 52/500 - Train Loss: 0.2914, Train Accuracy: 0.9525, Test Loss: 0.3107, Test Accuracy: 0.9432
Epoch 53/500 - Train Loss: 0.2624, Train Accuracy: 0.9700, Test Loss: 0.3301, Test Accuracy: 0.9336
Epoch 54/500 - Train Loss: 0.2521, Train Accuracy: 0.9575, Test Loss: 0.3336, Test Accuracy: 0.9318
Epoch 55/500 - Train Loss: 0.2440, Train Accuracy: 0.9725, Test Loss: 0.3261, Test Accuracy: 0.9318
Epoch 56/500 - Train Loss: 0.2891, Train Accuracy: 0.9500, Test Loss: 0.3143, Test Accuracy: 0.9392
Epoch 57/500 - Train Loss: 0.2615, Train Accuracy: 0.9675, Test Loss: 0.3153, Test Accuracy: 0.9410
Epoch 58/500 - Train Loss: 0.2391, Train Accuracy: 0.9700, Test Loss: 0.3162, Test Accuracy: 0.9392
Epoch 59/500 - Train Loss: 0.2339, Train Accuracy: 0.9750, Test Loss: 0.3187, Test Accuracy: 0.9401
Epoch 60/500 - Train Loss: 0.2632, Train Accuracy: 0.9675, Test Loss: 0.3208, Test Accuracy: 0.9375
Epoch 61/500 - Train Loss: 0.2328, Train Accuracy: 0.9825, Test Loss: 0.3191, Test Accuracy: 0.9353
Epoch 62/500 - Train Loss: 0.2540, Train Accuracy: 0.9675, Test Loss: 0.3435, Test Accuracy: 0.9270
Epoch 63/500 - Train Loss: 0.2527, Train Accuracy: 0.9675, Test Loss: 0.3447, Test Accuracy: 0.9270

Early stopping triggered at epoch 63
Best test loss: 0.3091
Best test accuracy: 0.9445
Plot saved as trained_models/Sweep_data run/metrics/loss.png
Plot saved as trained_models/Sweep_data run/metrics/metrics.png
