Using GPU 0: NVIDIA GeForce RTX 3090
Epoch 1/500 - Train Loss: 2.0451, Train Accuracy: 0.1925, Test Loss: 2.0051, Test Accuracy: 0.2465
Epoch 2/500 - Train Loss: 1.8438, Train Accuracy: 0.3900, Test Loss: 1.8192, Test Accuracy: 0.3724
Epoch 3/500 - Train Loss: 1.6786, Train Accuracy: 0.5050, Test Loss: 1.6065, Test Accuracy: 0.5524
Epoch 4/500 - Train Loss: 1.5246, Train Accuracy: 0.6025, Test Loss: 1.3940, Test Accuracy: 0.6801
Epoch 5/500 - Train Loss: 1.3687, Train Accuracy: 0.7100, Test Loss: 1.2156, Test Accuracy: 0.7587
Epoch 6/500 - Train Loss: 1.2559, Train Accuracy: 0.7175, Test Loss: 1.0777, Test Accuracy: 0.7889
Epoch 7/500 - Train Loss: 1.1413, Train Accuracy: 0.7775, Test Loss: 0.9643, Test Accuracy: 0.8212
Epoch 8/500 - Train Loss: 1.0455, Train Accuracy: 0.7950, Test Loss: 0.8512, Test Accuracy: 0.8475
Epoch 9/500 - Train Loss: 0.9585, Train Accuracy: 0.8100, Test Loss: 0.7634, Test Accuracy: 0.8636
Epoch 10/500 - Train Loss: 0.8787, Train Accuracy: 0.8000, Test Loss: 0.6925, Test Accuracy: 0.8711
Epoch 11/500 - Train Loss: 0.8098, Train Accuracy: 0.8325, Test Loss: 0.6352, Test Accuracy: 0.8798
Epoch 12/500 - Train Loss: 0.7401, Train Accuracy: 0.8525, Test Loss: 0.5880, Test Accuracy: 0.8872
Epoch 13/500 - Train Loss: 0.6856, Train Accuracy: 0.8850, Test Loss: 0.5567, Test Accuracy: 0.8942
Epoch 14/500 - Train Loss: 0.6657, Train Accuracy: 0.8450, Test Loss: 0.5241, Test Accuracy: 0.9017
Epoch 15/500 - Train Loss: 0.5987, Train Accuracy: 0.8875, Test Loss: 0.4862, Test Accuracy: 0.9060
Epoch 16/500 - Train Loss: 0.6115, Train Accuracy: 0.8775, Test Loss: 0.4640, Test Accuracy: 0.9104
Epoch 17/500 - Train Loss: 0.5838, Train Accuracy: 0.8700, Test Loss: 0.4424, Test Accuracy: 0.9170
Epoch 18/500 - Train Loss: 0.5421, Train Accuracy: 0.9100, Test Loss: 0.4270, Test Accuracy: 0.9161
Epoch 19/500 - Train Loss: 0.4984, Train Accuracy: 0.9100, Test Loss: 0.4180, Test Accuracy: 0.9200
Epoch 20/500 - Train Loss: 0.5363, Train Accuracy: 0.8650, Test Loss: 0.3991, Test Accuracy: 0.9253
Epoch 21/500 - Train Loss: 0.4737, Train Accuracy: 0.9150, Test Loss: 0.3964, Test Accuracy: 0.9213
Epoch 22/500 - Train Loss: 0.4747, Train Accuracy: 0.9050, Test Loss: 0.3864, Test Accuracy: 0.9257
Epoch 23/500 - Train Loss: 0.4625, Train Accuracy: 0.9100, Test Loss: 0.3775, Test Accuracy: 0.9309
Epoch 24/500 - Train Loss: 0.4356, Train Accuracy: 0.9175, Test Loss: 0.3770, Test Accuracy: 0.9274
Epoch 25/500 - Train Loss: 0.3807, Train Accuracy: 0.9575, Test Loss: 0.3776, Test Accuracy: 0.9283
Epoch 26/500 - Train Loss: 0.3879, Train Accuracy: 0.9300, Test Loss: 0.3831, Test Accuracy: 0.9253
Epoch 27/500 - Train Loss: 0.3915, Train Accuracy: 0.9200, Test Loss: 0.3663, Test Accuracy: 0.9301
Epoch 28/500 - Train Loss: 0.4327, Train Accuracy: 0.9000, Test Loss: 0.3591, Test Accuracy: 0.9314
Epoch 29/500 - Train Loss: 0.3731, Train Accuracy: 0.9250, Test Loss: 0.3554, Test Accuracy: 0.9309
Epoch 30/500 - Train Loss: 0.3751, Train Accuracy: 0.9225, Test Loss: 0.3537, Test Accuracy: 0.9305
Epoch 31/500 - Train Loss: 0.3963, Train Accuracy: 0.9325, Test Loss: 0.3595, Test Accuracy: 0.9309
Epoch 32/500 - Train Loss: 0.3585, Train Accuracy: 0.9275, Test Loss: 0.3600, Test Accuracy: 0.9288
Epoch 33/500 - Train Loss: 0.3357, Train Accuracy: 0.9450, Test Loss: 0.3499, Test Accuracy: 0.9318
Epoch 34/500 - Train Loss: 0.3322, Train Accuracy: 0.9500, Test Loss: 0.3469, Test Accuracy: 0.9336
Epoch 35/500 - Train Loss: 0.3043, Train Accuracy: 0.9625, Test Loss: 0.3488, Test Accuracy: 0.9305
Epoch 36/500 - Train Loss: 0.3106, Train Accuracy: 0.9525, Test Loss: 0.3493, Test Accuracy: 0.9305
Epoch 37/500 - Train Loss: 0.3036, Train Accuracy: 0.9650, Test Loss: 0.3424, Test Accuracy: 0.9318
Epoch 38/500 - Train Loss: 0.3039, Train Accuracy: 0.9525, Test Loss: 0.3326, Test Accuracy: 0.9358
Epoch 39/500 - Train Loss: 0.3085, Train Accuracy: 0.9450, Test Loss: 0.3386, Test Accuracy: 0.9318
Epoch 40/500 - Train Loss: 0.3110, Train Accuracy: 0.9450, Test Loss: 0.3419, Test Accuracy: 0.9305
Epoch 41/500 - Train Loss: 0.2739, Train Accuracy: 0.9650, Test Loss: 0.3417, Test Accuracy: 0.9327
Epoch 42/500 - Train Loss: 0.2692, Train Accuracy: 0.9700, Test Loss: 0.3320, Test Accuracy: 0.9318
Epoch 43/500 - Train Loss: 0.2993, Train Accuracy: 0.9475, Test Loss: 0.3297, Test Accuracy: 0.9340
Epoch 44/500 - Train Loss: 0.2938, Train Accuracy: 0.9675, Test Loss: 0.3320, Test Accuracy: 0.9358
Epoch 45/500 - Train Loss: 0.3343, Train Accuracy: 0.9400, Test Loss: 0.3519, Test Accuracy: 0.9266
Epoch 46/500 - Train Loss: 0.2527, Train Accuracy: 0.9800, Test Loss: 0.3370, Test Accuracy: 0.9305
Epoch 47/500 - Train Loss: 0.2707, Train Accuracy: 0.9575, Test Loss: 0.3336, Test Accuracy: 0.9323
Epoch 48/500 - Train Loss: 0.2446, Train Accuracy: 0.9825, Test Loss: 0.3304, Test Accuracy: 0.9340
Epoch 49/500 - Train Loss: 0.2580, Train Accuracy: 0.9725, Test Loss: 0.3336, Test Accuracy: 0.9327
Epoch 50/500 - Train Loss: 0.2391, Train Accuracy: 0.9800, Test Loss: 0.3373, Test Accuracy: 0.9318
Epoch 51/500 - Train Loss: 0.2324, Train Accuracy: 0.9750, Test Loss: 0.3218, Test Accuracy: 0.9406
Epoch 52/500 - Train Loss: 0.2582, Train Accuracy: 0.9675, Test Loss: 0.3149, Test Accuracy: 0.9410
Epoch 53/500 - Train Loss: 0.2370, Train Accuracy: 0.9775, Test Loss: 0.3151, Test Accuracy: 0.9406
Epoch 54/500 - Train Loss: 0.2191, Train Accuracy: 0.9850, Test Loss: 0.3173, Test Accuracy: 0.9406
Epoch 55/500 - Train Loss: 0.2258, Train Accuracy: 0.9875, Test Loss: 0.3239, Test Accuracy: 0.9392
Epoch 56/500 - Train Loss: 0.2290, Train Accuracy: 0.9775, Test Loss: 0.3229, Test Accuracy: 0.9401
Epoch 57/500 - Train Loss: 0.2061, Train Accuracy: 0.9875, Test Loss: 0.3188, Test Accuracy: 0.9423
Epoch 58/500 - Train Loss: 0.2459, Train Accuracy: 0.9650, Test Loss: 0.3167, Test Accuracy: 0.9406
Epoch 59/500 - Train Loss: 0.2587, Train Accuracy: 0.9550, Test Loss: 0.3148, Test Accuracy: 0.9371
Epoch 60/500 - Train Loss: 0.2234, Train Accuracy: 0.9825, Test Loss: 0.3122, Test Accuracy: 0.9406
Epoch 61/500 - Train Loss: 0.2480, Train Accuracy: 0.9625, Test Loss: 0.3107, Test Accuracy: 0.9401
Epoch 62/500 - Train Loss: 0.2367, Train Accuracy: 0.9650, Test Loss: 0.3091, Test Accuracy: 0.9406
Epoch 63/500 - Train Loss: 0.2389, Train Accuracy: 0.9750, Test Loss: 0.3101, Test Accuracy: 0.9388
Epoch 64/500 - Train Loss: 0.2158, Train Accuracy: 0.9825, Test Loss: 0.3246, Test Accuracy: 0.9349
Epoch 65/500 - Train Loss: 0.2276, Train Accuracy: 0.9750, Test Loss: 0.3230, Test Accuracy: 0.9366
Epoch 66/500 - Train Loss: 0.2201, Train Accuracy: 0.9775, Test Loss: 0.3187, Test Accuracy: 0.9379
Epoch 67/500 - Train Loss: 0.2181, Train Accuracy: 0.9825, Test Loss: 0.3165, Test Accuracy: 0.9384
Epoch 68/500 - Train Loss: 0.2261, Train Accuracy: 0.9750, Test Loss: 0.3135, Test Accuracy: 0.9379
Epoch 69/500 - Train Loss: 0.2323, Train Accuracy: 0.9750, Test Loss: 0.3175, Test Accuracy: 0.9379
Epoch 70/500 - Train Loss: 0.2148, Train Accuracy: 0.9775, Test Loss: 0.3137, Test Accuracy: 0.9414
Epoch 71/500 - Train Loss: 0.2072, Train Accuracy: 0.9800, Test Loss: 0.3103, Test Accuracy: 0.9427
Epoch 72/500 - Train Loss: 0.2018, Train Accuracy: 0.9850, Test Loss: 0.3129, Test Accuracy: 0.9423
Epoch 73/500 - Train Loss: 0.2070, Train Accuracy: 0.9800, Test Loss: 0.3092, Test Accuracy: 0.9454
Epoch 74/500 - Train Loss: 0.1850, Train Accuracy: 0.9850, Test Loss: 0.3082, Test Accuracy: 0.9449
Epoch 75/500 - Train Loss: 0.2248, Train Accuracy: 0.9800, Test Loss: 0.3189, Test Accuracy: 0.9371
Epoch 76/500 - Train Loss: 0.1920, Train Accuracy: 0.9875, Test Loss: 0.3166, Test Accuracy: 0.9401
Epoch 77/500 - Train Loss: 0.2104, Train Accuracy: 0.9800, Test Loss: 0.3162, Test Accuracy: 0.9401

Early stopping triggered at epoch 77
Best test loss: 0.3082
Best test accuracy: 0.9454
Plot saved as trained_models/Sweep_data run/metrics/loss.png
Plot saved as trained_models/Sweep_data run/metrics/metrics.png
