Using GPU 0: NVIDIA GeForce RTX 3090
Epoch 1/500 - Train Loss: 2.1190, Train Accuracy: 0.1300, Test Loss: 2.1292, Test Accuracy: 0.1084
Epoch 2/500 - Train Loss: 1.9148, Train Accuracy: 0.2900, Test Loss: 1.8598, Test Accuracy: 0.3182
Epoch 3/500 - Train Loss: 1.7163, Train Accuracy: 0.4950, Test Loss: 1.6536, Test Accuracy: 0.4755
Epoch 4/500 - Train Loss: 1.5234, Train Accuracy: 0.6400, Test Loss: 1.4613, Test Accuracy: 0.6053
Epoch 5/500 - Train Loss: 1.4051, Train Accuracy: 0.6875, Test Loss: 1.3170, Test Accuracy: 0.6862
Epoch 6/500 - Train Loss: 1.2085, Train Accuracy: 0.7975, Test Loss: 1.1741, Test Accuracy: 0.7483
Epoch 7/500 - Train Loss: 1.1331, Train Accuracy: 0.7625, Test Loss: 1.0514, Test Accuracy: 0.7845
Epoch 8/500 - Train Loss: 1.0226, Train Accuracy: 0.8125, Test Loss: 0.9489, Test Accuracy: 0.8274
Epoch 9/500 - Train Loss: 0.9162, Train Accuracy: 0.8325, Test Loss: 0.8827, Test Accuracy: 0.8387
Epoch 10/500 - Train Loss: 0.8838, Train Accuracy: 0.8075, Test Loss: 0.7858, Test Accuracy: 0.8667
Epoch 11/500 - Train Loss: 0.7896, Train Accuracy: 0.8650, Test Loss: 0.6963, Test Accuracy: 0.8907
Epoch 12/500 - Train Loss: 0.7099, Train Accuracy: 0.8700, Test Loss: 0.6766, Test Accuracy: 0.8881
Epoch 13/500 - Train Loss: 0.6832, Train Accuracy: 0.8575, Test Loss: 0.6096, Test Accuracy: 0.8990
Epoch 14/500 - Train Loss: 0.6590, Train Accuracy: 0.8600, Test Loss: 0.5612, Test Accuracy: 0.9034
Epoch 15/500 - Train Loss: 0.6004, Train Accuracy: 0.8900, Test Loss: 0.5548, Test Accuracy: 0.9003
Epoch 16/500 - Train Loss: 0.5917, Train Accuracy: 0.8850, Test Loss: 0.5096, Test Accuracy: 0.9091
Epoch 17/500 - Train Loss: 0.5453, Train Accuracy: 0.8925, Test Loss: 0.5060, Test Accuracy: 0.9012
Epoch 18/500 - Train Loss: 0.5509, Train Accuracy: 0.8975, Test Loss: 0.4912, Test Accuracy: 0.9047
Epoch 19/500 - Train Loss: 0.5061, Train Accuracy: 0.8975, Test Loss: 0.5024, Test Accuracy: 0.8890
Epoch 20/500 - Train Loss: 0.4826, Train Accuracy: 0.9200, Test Loss: 0.4640, Test Accuracy: 0.9038
Epoch 21/500 - Train Loss: 0.4558, Train Accuracy: 0.9200, Test Loss: 0.4295, Test Accuracy: 0.9139
Epoch 22/500 - Train Loss: 0.4145, Train Accuracy: 0.9350, Test Loss: 0.4286, Test Accuracy: 0.9152
Epoch 23/500 - Train Loss: 0.4116, Train Accuracy: 0.9275, Test Loss: 0.4247, Test Accuracy: 0.9165
Epoch 24/500 - Train Loss: 0.4217, Train Accuracy: 0.9175, Test Loss: 0.4041, Test Accuracy: 0.9218
Epoch 25/500 - Train Loss: 0.3610, Train Accuracy: 0.9375, Test Loss: 0.3944, Test Accuracy: 0.9213
Epoch 26/500 - Train Loss: 0.3836, Train Accuracy: 0.9325, Test Loss: 0.3860, Test Accuracy: 0.9226
Epoch 27/500 - Train Loss: 0.3949, Train Accuracy: 0.9275, Test Loss: 0.3916, Test Accuracy: 0.9240
Epoch 28/500 - Train Loss: 0.4149, Train Accuracy: 0.9300, Test Loss: 0.3801, Test Accuracy: 0.9240
Epoch 29/500 - Train Loss: 0.3490, Train Accuracy: 0.9425, Test Loss: 0.3796, Test Accuracy: 0.9226
Epoch 30/500 - Train Loss: 0.3730, Train Accuracy: 0.9325, Test Loss: 0.3801, Test Accuracy: 0.9213
Epoch 31/500 - Train Loss: 0.3662, Train Accuracy: 0.9300, Test Loss: 0.3916, Test Accuracy: 0.9240
Epoch 32/500 - Train Loss: 0.3408, Train Accuracy: 0.9475, Test Loss: 0.3868, Test Accuracy: 0.9222
Epoch 33/500 - Train Loss: 0.3168, Train Accuracy: 0.9500, Test Loss: 0.4169, Test Accuracy: 0.9113
Epoch 34/500 - Train Loss: 0.3462, Train Accuracy: 0.9325, Test Loss: 0.3687, Test Accuracy: 0.9283
Epoch 35/500 - Train Loss: 0.3657, Train Accuracy: 0.9250, Test Loss: 0.3710, Test Accuracy: 0.9222
Epoch 36/500 - Train Loss: 0.3385, Train Accuracy: 0.9350, Test Loss: 0.3791, Test Accuracy: 0.9213
Epoch 37/500 - Train Loss: 0.2874, Train Accuracy: 0.9600, Test Loss: 0.3585, Test Accuracy: 0.9270
Epoch 38/500 - Train Loss: 0.3181, Train Accuracy: 0.9525, Test Loss: 0.3535, Test Accuracy: 0.9274
Epoch 39/500 - Train Loss: 0.3369, Train Accuracy: 0.9350, Test Loss: 0.3559, Test Accuracy: 0.9270
Epoch 40/500 - Train Loss: 0.3148, Train Accuracy: 0.9450, Test Loss: 0.3600, Test Accuracy: 0.9266
Epoch 41/500 - Train Loss: 0.2782, Train Accuracy: 0.9550, Test Loss: 0.3534, Test Accuracy: 0.9296
Epoch 42/500 - Train Loss: 0.2708, Train Accuracy: 0.9600, Test Loss: 0.3534, Test Accuracy: 0.9222
Epoch 43/500 - Train Loss: 0.2814, Train Accuracy: 0.9625, Test Loss: 0.3480, Test Accuracy: 0.9261
Epoch 44/500 - Train Loss: 0.2831, Train Accuracy: 0.9575, Test Loss: 0.3465, Test Accuracy: 0.9244
Epoch 45/500 - Train Loss: 0.2858, Train Accuracy: 0.9625, Test Loss: 0.3720, Test Accuracy: 0.9183
Epoch 46/500 - Train Loss: 0.2918, Train Accuracy: 0.9650, Test Loss: 0.3806, Test Accuracy: 0.9170
Epoch 47/500 - Train Loss: 0.3071, Train Accuracy: 0.9525, Test Loss: 0.3477, Test Accuracy: 0.9314
Epoch 48/500 - Train Loss: 0.2578, Train Accuracy: 0.9600, Test Loss: 0.3471, Test Accuracy: 0.9301
Epoch 49/500 - Train Loss: 0.3069, Train Accuracy: 0.9450, Test Loss: 0.3467, Test Accuracy: 0.9261
Epoch 50/500 - Train Loss: 0.2844, Train Accuracy: 0.9650, Test Loss: 0.3347, Test Accuracy: 0.9318
Epoch 51/500 - Train Loss: 0.2630, Train Accuracy: 0.9675, Test Loss: 0.3526, Test Accuracy: 0.9248
Epoch 52/500 - Train Loss: 0.2663, Train Accuracy: 0.9600, Test Loss: 0.3425, Test Accuracy: 0.9301
Epoch 53/500 - Train Loss: 0.2585, Train Accuracy: 0.9600, Test Loss: 0.3492, Test Accuracy: 0.9301
Epoch 54/500 - Train Loss: 0.2752, Train Accuracy: 0.9625, Test Loss: 0.3684, Test Accuracy: 0.9226
Epoch 55/500 - Train Loss: 0.2424, Train Accuracy: 0.9700, Test Loss: 0.3736, Test Accuracy: 0.9196
Epoch 56/500 - Train Loss: 0.2456, Train Accuracy: 0.9675, Test Loss: 0.3769, Test Accuracy: 0.9161
Epoch 57/500 - Train Loss: 0.2293, Train Accuracy: 0.9775, Test Loss: 0.3716, Test Accuracy: 0.9200
Epoch 58/500 - Train Loss: 0.2522, Train Accuracy: 0.9675, Test Loss: 0.3806, Test Accuracy: 0.9209
Epoch 59/500 - Train Loss: 0.2605, Train Accuracy: 0.9550, Test Loss: 0.3707, Test Accuracy: 0.9170
Epoch 60/500 - Train Loss: 0.2644, Train Accuracy: 0.9575, Test Loss: 0.3622, Test Accuracy: 0.9218
Epoch 61/500 - Train Loss: 0.2521, Train Accuracy: 0.9675, Test Loss: 0.3642, Test Accuracy: 0.9218
Epoch 62/500 - Train Loss: 0.2455, Train Accuracy: 0.9700, Test Loss: 0.3607, Test Accuracy: 0.9218
Epoch 63/500 - Train Loss: 0.2318, Train Accuracy: 0.9725, Test Loss: 0.3605, Test Accuracy: 0.9200
Epoch 64/500 - Train Loss: 0.2571, Train Accuracy: 0.9650, Test Loss: 0.3427, Test Accuracy: 0.9266
Epoch 65/500 - Train Loss: 0.2321, Train Accuracy: 0.9775, Test Loss: 0.3349, Test Accuracy: 0.9301

Early stopping triggered at epoch 65
Best test loss: 0.3347
Best test accuracy: 0.9318
Plot saved as trained_models/Sweep_data run/metrics/loss.png
Plot saved as trained_models/Sweep_data run/metrics/metrics.png
