Using GPU 0: NVIDIA GeForce RTX 3090
Epoch 1/500 - Train Loss: 2.0105, Train Accuracy: 0.2125, Test Loss: 1.9775, Test Accuracy: 0.2378
Epoch 2/500 - Train Loss: 1.7532, Train Accuracy: 0.4350, Test Loss: 1.6842, Test Accuracy: 0.5533
Epoch 3/500 - Train Loss: 1.5531, Train Accuracy: 0.6175, Test Loss: 1.4276, Test Accuracy: 0.6836
Epoch 4/500 - Train Loss: 1.3766, Train Accuracy: 0.7375, Test Loss: 1.2191, Test Accuracy: 0.7631
Epoch 5/500 - Train Loss: 1.1597, Train Accuracy: 0.8325, Test Loss: 1.0291, Test Accuracy: 0.8287
Epoch 6/500 - Train Loss: 1.0133, Train Accuracy: 0.8600, Test Loss: 0.8844, Test Accuracy: 0.8671
Epoch 7/500 - Train Loss: 0.9436, Train Accuracy: 0.8425, Test Loss: 0.7841, Test Accuracy: 0.8794
Epoch 8/500 - Train Loss: 0.8201, Train Accuracy: 0.8775, Test Loss: 0.6854, Test Accuracy: 0.8947
Epoch 9/500 - Train Loss: 0.7359, Train Accuracy: 0.8900, Test Loss: 0.6095, Test Accuracy: 0.9113
Epoch 10/500 - Train Loss: 0.6694, Train Accuracy: 0.8825, Test Loss: 0.5537, Test Accuracy: 0.9183
Epoch 11/500 - Train Loss: 0.5841, Train Accuracy: 0.9225, Test Loss: 0.4982, Test Accuracy: 0.9270
Epoch 12/500 - Train Loss: 0.5765, Train Accuracy: 0.9200, Test Loss: 0.4593, Test Accuracy: 0.9288
Epoch 13/500 - Train Loss: 0.5056, Train Accuracy: 0.9375, Test Loss: 0.4365, Test Accuracy: 0.9331
Epoch 14/500 - Train Loss: 0.4894, Train Accuracy: 0.9175, Test Loss: 0.4074, Test Accuracy: 0.9366
Epoch 15/500 - Train Loss: 0.4659, Train Accuracy: 0.9400, Test Loss: 0.3871, Test Accuracy: 0.9379
Epoch 16/500 - Train Loss: 0.4102, Train Accuracy: 0.9525, Test Loss: 0.3773, Test Accuracy: 0.9388
Epoch 17/500 - Train Loss: 0.4442, Train Accuracy: 0.9350, Test Loss: 0.3660, Test Accuracy: 0.9371
Epoch 18/500 - Train Loss: 0.3511, Train Accuracy: 0.9700, Test Loss: 0.3534, Test Accuracy: 0.9419
Epoch 19/500 - Train Loss: 0.3587, Train Accuracy: 0.9675, Test Loss: 0.3479, Test Accuracy: 0.9366
Epoch 20/500 - Train Loss: 0.3592, Train Accuracy: 0.9425, Test Loss: 0.3370, Test Accuracy: 0.9410
Epoch 21/500 - Train Loss: 0.3255, Train Accuracy: 0.9550, Test Loss: 0.3363, Test Accuracy: 0.9427
Epoch 22/500 - Train Loss: 0.3366, Train Accuracy: 0.9625, Test Loss: 0.3335, Test Accuracy: 0.9414
Epoch 23/500 - Train Loss: 0.2790, Train Accuracy: 0.9875, Test Loss: 0.3246, Test Accuracy: 0.9441
Epoch 24/500 - Train Loss: 0.2968, Train Accuracy: 0.9625, Test Loss: 0.3180, Test Accuracy: 0.9427
Epoch 25/500 - Train Loss: 0.3210, Train Accuracy: 0.9500, Test Loss: 0.3149, Test Accuracy: 0.9423
Epoch 26/500 - Train Loss: 0.2814, Train Accuracy: 0.9625, Test Loss: 0.3106, Test Accuracy: 0.9427
Epoch 27/500 - Train Loss: 0.2933, Train Accuracy: 0.9575, Test Loss: 0.3088, Test Accuracy: 0.9441
Epoch 28/500 - Train Loss: 0.2741, Train Accuracy: 0.9625, Test Loss: 0.3036, Test Accuracy: 0.9471
Epoch 29/500 - Train Loss: 0.2943, Train Accuracy: 0.9475, Test Loss: 0.3018, Test Accuracy: 0.9484
Epoch 30/500 - Train Loss: 0.2509, Train Accuracy: 0.9775, Test Loss: 0.3041, Test Accuracy: 0.9432
Epoch 31/500 - Train Loss: 0.2474, Train Accuracy: 0.9750, Test Loss: 0.2986, Test Accuracy: 0.9458
Epoch 32/500 - Train Loss: 0.2713, Train Accuracy: 0.9675, Test Loss: 0.2979, Test Accuracy: 0.9493
Epoch 33/500 - Train Loss: 0.2352, Train Accuracy: 0.9925, Test Loss: 0.2984, Test Accuracy: 0.9471
Epoch 34/500 - Train Loss: 0.2244, Train Accuracy: 0.9850, Test Loss: 0.2967, Test Accuracy: 0.9493
Epoch 35/500 - Train Loss: 0.2531, Train Accuracy: 0.9725, Test Loss: 0.2987, Test Accuracy: 0.9476
Epoch 36/500 - Train Loss: 0.2227, Train Accuracy: 0.9825, Test Loss: 0.2977, Test Accuracy: 0.9462
Epoch 37/500 - Train Loss: 0.2025, Train Accuracy: 0.9950, Test Loss: 0.2967, Test Accuracy: 0.9462
Epoch 38/500 - Train Loss: 0.2052, Train Accuracy: 0.9875, Test Loss: 0.2943, Test Accuracy: 0.9441
Epoch 39/500 - Train Loss: 0.2130, Train Accuracy: 0.9850, Test Loss: 0.2980, Test Accuracy: 0.9432
Epoch 40/500 - Train Loss: 0.2155, Train Accuracy: 0.9850, Test Loss: 0.2963, Test Accuracy: 0.9454
Epoch 41/500 - Train Loss: 0.2353, Train Accuracy: 0.9700, Test Loss: 0.2895, Test Accuracy: 0.9471
Epoch 42/500 - Train Loss: 0.2296, Train Accuracy: 0.9725, Test Loss: 0.2947, Test Accuracy: 0.9441
Epoch 43/500 - Train Loss: 0.1959, Train Accuracy: 0.9850, Test Loss: 0.2922, Test Accuracy: 0.9462
Epoch 44/500 - Train Loss: 0.1903, Train Accuracy: 0.9900, Test Loss: 0.2910, Test Accuracy: 0.9467
Epoch 45/500 - Train Loss: 0.2103, Train Accuracy: 0.9850, Test Loss: 0.3006, Test Accuracy: 0.9436
Epoch 46/500 - Train Loss: 0.2063, Train Accuracy: 0.9850, Test Loss: 0.3028, Test Accuracy: 0.9427
Epoch 47/500 - Train Loss: 0.2106, Train Accuracy: 0.9825, Test Loss: 0.2943, Test Accuracy: 0.9432
Epoch 48/500 - Train Loss: 0.1868, Train Accuracy: 0.9900, Test Loss: 0.2930, Test Accuracy: 0.9445
Epoch 49/500 - Train Loss: 0.1986, Train Accuracy: 0.9875, Test Loss: 0.2936, Test Accuracy: 0.9436
Epoch 50/500 - Train Loss: 0.1936, Train Accuracy: 0.9875, Test Loss: 0.2892, Test Accuracy: 0.9458
Epoch 51/500 - Train Loss: 0.2142, Train Accuracy: 0.9875, Test Loss: 0.2882, Test Accuracy: 0.9458
Epoch 52/500 - Train Loss: 0.1779, Train Accuracy: 0.9925, Test Loss: 0.2935, Test Accuracy: 0.9445
Epoch 53/500 - Train Loss: 0.2141, Train Accuracy: 0.9850, Test Loss: 0.2926, Test Accuracy: 0.9432
Epoch 54/500 - Train Loss: 0.2063, Train Accuracy: 0.9800, Test Loss: 0.2936, Test Accuracy: 0.9432
Epoch 55/500 - Train Loss: 0.1711, Train Accuracy: 0.9950, Test Loss: 0.2929, Test Accuracy: 0.9419
Epoch 56/500 - Train Loss: 0.1817, Train Accuracy: 0.9925, Test Loss: 0.2943, Test Accuracy: 0.9423
Epoch 57/500 - Train Loss: 0.1881, Train Accuracy: 0.9875, Test Loss: 0.2918, Test Accuracy: 0.9427
Epoch 58/500 - Train Loss: 0.1883, Train Accuracy: 0.9875, Test Loss: 0.2938, Test Accuracy: 0.9423
Epoch 59/500 - Train Loss: 0.1903, Train Accuracy: 0.9850, Test Loss: 0.2931, Test Accuracy: 0.9449
Epoch 60/500 - Train Loss: 0.1983, Train Accuracy: 0.9875, Test Loss: 0.2925, Test Accuracy: 0.9445
Epoch 61/500 - Train Loss: 0.1723, Train Accuracy: 0.9925, Test Loss: 0.2885, Test Accuracy: 0.9436
Epoch 62/500 - Train Loss: 0.1795, Train Accuracy: 0.9875, Test Loss: 0.2945, Test Accuracy: 0.9432
Epoch 63/500 - Train Loss: 0.1910, Train Accuracy: 0.9850, Test Loss: 0.2979, Test Accuracy: 0.9445
Epoch 64/500 - Train Loss: 0.2017, Train Accuracy: 0.9825, Test Loss: 0.2961, Test Accuracy: 0.9441
Epoch 65/500 - Train Loss: 0.1926, Train Accuracy: 0.9825, Test Loss: 0.2935, Test Accuracy: 0.9436
Epoch 66/500 - Train Loss: 0.1808, Train Accuracy: 0.9850, Test Loss: 0.2944, Test Accuracy: 0.9441

Early stopping triggered at epoch 66
Best test loss: 0.2882
Best test accuracy: 0.9493
Plot saved as trained_models/Sweep_data run/metrics/loss.png
Plot saved as trained_models/Sweep_data run/metrics/metrics.png
