Using GPU 0: NVIDIA GeForce RTX 3090
Epoch 1/500 - Train Loss: 2.1021, Train Accuracy: 0.1475, Test Loss: 2.0829, Test Accuracy: 0.1101
Epoch 2/500 - Train Loss: 1.9239, Train Accuracy: 0.2375, Test Loss: 1.8773, Test Accuracy: 0.2220
Epoch 3/500 - Train Loss: 1.7348, Train Accuracy: 0.3775, Test Loss: 1.6827, Test Accuracy: 0.3199
Epoch 4/500 - Train Loss: 1.5848, Train Accuracy: 0.5075, Test Loss: 1.5038, Test Accuracy: 0.4620
Epoch 5/500 - Train Loss: 1.4717, Train Accuracy: 0.6050, Test Loss: 1.3284, Test Accuracy: 0.6088
Epoch 6/500 - Train Loss: 1.3506, Train Accuracy: 0.6625, Test Loss: 1.1803, Test Accuracy: 0.7203
Epoch 7/500 - Train Loss: 1.2071, Train Accuracy: 0.7300, Test Loss: 1.0461, Test Accuracy: 0.7915
Epoch 8/500 - Train Loss: 1.1287, Train Accuracy: 0.7525, Test Loss: 0.9313, Test Accuracy: 0.8247
Epoch 9/500 - Train Loss: 1.0687, Train Accuracy: 0.7450, Test Loss: 0.8403, Test Accuracy: 0.8531
Epoch 10/500 - Train Loss: 1.0425, Train Accuracy: 0.7400, Test Loss: 0.7565, Test Accuracy: 0.8737
Epoch 11/500 - Train Loss: 0.8893, Train Accuracy: 0.8125, Test Loss: 0.6960, Test Accuracy: 0.8781
Epoch 12/500 - Train Loss: 0.8448, Train Accuracy: 0.8225, Test Loss: 0.6502, Test Accuracy: 0.8877
Epoch 13/500 - Train Loss: 0.7879, Train Accuracy: 0.8375, Test Loss: 0.6125, Test Accuracy: 0.8977
Epoch 14/500 - Train Loss: 0.7451, Train Accuracy: 0.8475, Test Loss: 0.5656, Test Accuracy: 0.9034
Epoch 15/500 - Train Loss: 0.7115, Train Accuracy: 0.8275, Test Loss: 0.5173, Test Accuracy: 0.9126
Epoch 16/500 - Train Loss: 0.6635, Train Accuracy: 0.8600, Test Loss: 0.4939, Test Accuracy: 0.9170
Epoch 17/500 - Train Loss: 0.6487, Train Accuracy: 0.8475, Test Loss: 0.4771, Test Accuracy: 0.9143
Epoch 18/500 - Train Loss: 0.6200, Train Accuracy: 0.8575, Test Loss: 0.4607, Test Accuracy: 0.9178
Epoch 19/500 - Train Loss: 0.6097, Train Accuracy: 0.8700, Test Loss: 0.4483, Test Accuracy: 0.9161
Epoch 20/500 - Train Loss: 0.5664, Train Accuracy: 0.8800, Test Loss: 0.4235, Test Accuracy: 0.9218
Epoch 21/500 - Train Loss: 0.5522, Train Accuracy: 0.8900, Test Loss: 0.4132, Test Accuracy: 0.9240
Epoch 22/500 - Train Loss: 0.5749, Train Accuracy: 0.8550, Test Loss: 0.4100, Test Accuracy: 0.9200
Epoch 23/500 - Train Loss: 0.5553, Train Accuracy: 0.8725, Test Loss: 0.4002, Test Accuracy: 0.9244
Epoch 24/500 - Train Loss: 0.5128, Train Accuracy: 0.8975, Test Loss: 0.3913, Test Accuracy: 0.9253
Epoch 25/500 - Train Loss: 0.4999, Train Accuracy: 0.9100, Test Loss: 0.3821, Test Accuracy: 0.9222
Epoch 26/500 - Train Loss: 0.4646, Train Accuracy: 0.9025, Test Loss: 0.3790, Test Accuracy: 0.9218
Epoch 27/500 - Train Loss: 0.4782, Train Accuracy: 0.8875, Test Loss: 0.3820, Test Accuracy: 0.9174
Epoch 28/500 - Train Loss: 0.4595, Train Accuracy: 0.9000, Test Loss: 0.3830, Test Accuracy: 0.9205
Epoch 29/500 - Train Loss: 0.4502, Train Accuracy: 0.9125, Test Loss: 0.3743, Test Accuracy: 0.9240
Epoch 30/500 - Train Loss: 0.4212, Train Accuracy: 0.9000, Test Loss: 0.3689, Test Accuracy: 0.9248
Epoch 31/500 - Train Loss: 0.3866, Train Accuracy: 0.9275, Test Loss: 0.3656, Test Accuracy: 0.9209
Epoch 32/500 - Train Loss: 0.4323, Train Accuracy: 0.9200, Test Loss: 0.3512, Test Accuracy: 0.9292
Epoch 33/500 - Train Loss: 0.3872, Train Accuracy: 0.9350, Test Loss: 0.3628, Test Accuracy: 0.9231
Epoch 34/500 - Train Loss: 0.4182, Train Accuracy: 0.9075, Test Loss: 0.3544, Test Accuracy: 0.9218
Epoch 35/500 - Train Loss: 0.4176, Train Accuracy: 0.9125, Test Loss: 0.3431, Test Accuracy: 0.9301
Epoch 36/500 - Train Loss: 0.4147, Train Accuracy: 0.9050, Test Loss: 0.3597, Test Accuracy: 0.9187
Epoch 37/500 - Train Loss: 0.4216, Train Accuracy: 0.9175, Test Loss: 0.3607, Test Accuracy: 0.9231
Epoch 38/500 - Train Loss: 0.3612, Train Accuracy: 0.9350, Test Loss: 0.3586, Test Accuracy: 0.9235
Epoch 39/500 - Train Loss: 0.3481, Train Accuracy: 0.9550, Test Loss: 0.3433, Test Accuracy: 0.9288
Epoch 40/500 - Train Loss: 0.3649, Train Accuracy: 0.9325, Test Loss: 0.3402, Test Accuracy: 0.9301
Epoch 41/500 - Train Loss: 0.3525, Train Accuracy: 0.9475, Test Loss: 0.3587, Test Accuracy: 0.9209
Epoch 42/500 - Train Loss: 0.3426, Train Accuracy: 0.9325, Test Loss: 0.3403, Test Accuracy: 0.9279
Epoch 43/500 - Train Loss: 0.3952, Train Accuracy: 0.9125, Test Loss: 0.3302, Test Accuracy: 0.9349
Epoch 44/500 - Train Loss: 0.3059, Train Accuracy: 0.9550, Test Loss: 0.3325, Test Accuracy: 0.9336
Epoch 45/500 - Train Loss: 0.3660, Train Accuracy: 0.9225, Test Loss: 0.3305, Test Accuracy: 0.9358
Epoch 46/500 - Train Loss: 0.3490, Train Accuracy: 0.9400, Test Loss: 0.3371, Test Accuracy: 0.9331
Epoch 47/500 - Train Loss: 0.3057, Train Accuracy: 0.9600, Test Loss: 0.3396, Test Accuracy: 0.9309
Epoch 48/500 - Train Loss: 0.3205, Train Accuracy: 0.9425, Test Loss: 0.3421, Test Accuracy: 0.9292
Epoch 49/500 - Train Loss: 0.3233, Train Accuracy: 0.9475, Test Loss: 0.3517, Test Accuracy: 0.9240
Epoch 50/500 - Train Loss: 0.3191, Train Accuracy: 0.9500, Test Loss: 0.3437, Test Accuracy: 0.9288
Epoch 51/500 - Train Loss: 0.2908, Train Accuracy: 0.9575, Test Loss: 0.3480, Test Accuracy: 0.9248
Epoch 52/500 - Train Loss: 0.3269, Train Accuracy: 0.9275, Test Loss: 0.3434, Test Accuracy: 0.9261
Epoch 53/500 - Train Loss: 0.3422, Train Accuracy: 0.9300, Test Loss: 0.3430, Test Accuracy: 0.9270
Epoch 54/500 - Train Loss: 0.3066, Train Accuracy: 0.9475, Test Loss: 0.3611, Test Accuracy: 0.9152
Epoch 55/500 - Train Loss: 0.2753, Train Accuracy: 0.9700, Test Loss: 0.3445, Test Accuracy: 0.9244
Epoch 56/500 - Train Loss: 0.2726, Train Accuracy: 0.9575, Test Loss: 0.3420, Test Accuracy: 0.9266
Epoch 57/500 - Train Loss: 0.3167, Train Accuracy: 0.9425, Test Loss: 0.3303, Test Accuracy: 0.9318
Epoch 58/500 - Train Loss: 0.3028, Train Accuracy: 0.9400, Test Loss: 0.3374, Test Accuracy: 0.9279

Early stopping triggered at epoch 58
Best test loss: 0.3302
Best test accuracy: 0.9358
Plot saved as trained_models/Sweep_data run/metrics/loss.png
Plot saved as trained_models/Sweep_data run/metrics/metrics.png
