Using GPU 0: NVIDIA GeForce RTX 3090
Epoch 1/500 - Train Loss: 2.0166, Train Accuracy: 0.2025, Test Loss: 2.0383, Test Accuracy: 0.1770
Epoch 2/500 - Train Loss: 1.7993, Train Accuracy: 0.3500, Test Loss: 1.7749, Test Accuracy: 0.4349
Epoch 3/500 - Train Loss: 1.6576, Train Accuracy: 0.4950, Test Loss: 1.5743, Test Accuracy: 0.6093
Epoch 4/500 - Train Loss: 1.5272, Train Accuracy: 0.6050, Test Loss: 1.4009, Test Accuracy: 0.7247
Epoch 5/500 - Train Loss: 1.4074, Train Accuracy: 0.7075, Test Loss: 1.2570, Test Accuracy: 0.7880
Epoch 6/500 - Train Loss: 1.3068, Train Accuracy: 0.7475, Test Loss: 1.1319, Test Accuracy: 0.8265
Epoch 7/500 - Train Loss: 1.2087, Train Accuracy: 0.7900, Test Loss: 1.0283, Test Accuracy: 0.8597
Epoch 8/500 - Train Loss: 1.1455, Train Accuracy: 0.7950, Test Loss: 0.9526, Test Accuracy: 0.8728
Epoch 9/500 - Train Loss: 1.0657, Train Accuracy: 0.8275, Test Loss: 0.8776, Test Accuracy: 0.8907
Epoch 10/500 - Train Loss: 0.9915, Train Accuracy: 0.8275, Test Loss: 0.8238, Test Accuracy: 0.8955
Epoch 11/500 - Train Loss: 0.9493, Train Accuracy: 0.8550, Test Loss: 0.7759, Test Accuracy: 0.9043
Epoch 12/500 - Train Loss: 0.9385, Train Accuracy: 0.8300, Test Loss: 0.7288, Test Accuracy: 0.9135
Epoch 13/500 - Train Loss: 0.8359, Train Accuracy: 0.8750, Test Loss: 0.6942, Test Accuracy: 0.9222
Epoch 14/500 - Train Loss: 0.7990, Train Accuracy: 0.8825, Test Loss: 0.6643, Test Accuracy: 0.9257
Epoch 15/500 - Train Loss: 0.7621, Train Accuracy: 0.8850, Test Loss: 0.6343, Test Accuracy: 0.9270
Epoch 16/500 - Train Loss: 0.7393, Train Accuracy: 0.9000, Test Loss: 0.6254, Test Accuracy: 0.9226
Epoch 17/500 - Train Loss: 0.7669, Train Accuracy: 0.8850, Test Loss: 0.5946, Test Accuracy: 0.9314
Epoch 18/500 - Train Loss: 0.7206, Train Accuracy: 0.8750, Test Loss: 0.5760, Test Accuracy: 0.9331
Epoch 19/500 - Train Loss: 0.6993, Train Accuracy: 0.8775, Test Loss: 0.5667, Test Accuracy: 0.9344
Epoch 20/500 - Train Loss: 0.6732, Train Accuracy: 0.9025, Test Loss: 0.5547, Test Accuracy: 0.9397
Epoch 21/500 - Train Loss: 0.6385, Train Accuracy: 0.8975, Test Loss: 0.5484, Test Accuracy: 0.9397
Epoch 22/500 - Train Loss: 0.6397, Train Accuracy: 0.8975, Test Loss: 0.5408, Test Accuracy: 0.9401
Epoch 23/500 - Train Loss: 0.6251, Train Accuracy: 0.9150, Test Loss: 0.5270, Test Accuracy: 0.9436
Epoch 24/500 - Train Loss: 0.6000, Train Accuracy: 0.9025, Test Loss: 0.5154, Test Accuracy: 0.9454
Epoch 25/500 - Train Loss: 0.6111, Train Accuracy: 0.9050, Test Loss: 0.5265, Test Accuracy: 0.9371
Epoch 26/500 - Train Loss: 0.6210, Train Accuracy: 0.8825, Test Loss: 0.5206, Test Accuracy: 0.9392
Epoch 27/500 - Train Loss: 0.5616, Train Accuracy: 0.9325, Test Loss: 0.5209, Test Accuracy: 0.9358
Epoch 28/500 - Train Loss: 0.5851, Train Accuracy: 0.9125, Test Loss: 0.5086, Test Accuracy: 0.9414
Epoch 29/500 - Train Loss: 0.5807, Train Accuracy: 0.9175, Test Loss: 0.5146, Test Accuracy: 0.9379
Epoch 30/500 - Train Loss: 0.5670, Train Accuracy: 0.9225, Test Loss: 0.5014, Test Accuracy: 0.9414
Epoch 31/500 - Train Loss: 0.5466, Train Accuracy: 0.9275, Test Loss: 0.4975, Test Accuracy: 0.9449
Epoch 32/500 - Train Loss: 0.5543, Train Accuracy: 0.9200, Test Loss: 0.4983, Test Accuracy: 0.9414
Epoch 33/500 - Train Loss: 0.5566, Train Accuracy: 0.8950, Test Loss: 0.5012, Test Accuracy: 0.9353
Epoch 34/500 - Train Loss: 0.5698, Train Accuracy: 0.9125, Test Loss: 0.5020, Test Accuracy: 0.9353
Epoch 35/500 - Train Loss: 0.5309, Train Accuracy: 0.9425, Test Loss: 0.4903, Test Accuracy: 0.9419
Epoch 36/500 - Train Loss: 0.5333, Train Accuracy: 0.9325, Test Loss: 0.4904, Test Accuracy: 0.9410
Epoch 37/500 - Train Loss: 0.5406, Train Accuracy: 0.9225, Test Loss: 0.4920, Test Accuracy: 0.9401
Epoch 38/500 - Train Loss: 0.5051, Train Accuracy: 0.9525, Test Loss: 0.4924, Test Accuracy: 0.9423
Epoch 39/500 - Train Loss: 0.5052, Train Accuracy: 0.9425, Test Loss: 0.4907, Test Accuracy: 0.9397
Epoch 40/500 - Train Loss: 0.4831, Train Accuracy: 0.9575, Test Loss: 0.4791, Test Accuracy: 0.9414
Epoch 41/500 - Train Loss: 0.5322, Train Accuracy: 0.9275, Test Loss: 0.4826, Test Accuracy: 0.9410
Epoch 42/500 - Train Loss: 0.4853, Train Accuracy: 0.9350, Test Loss: 0.4889, Test Accuracy: 0.9371
Epoch 43/500 - Train Loss: 0.5040, Train Accuracy: 0.9325, Test Loss: 0.4818, Test Accuracy: 0.9410
Epoch 44/500 - Train Loss: 0.5137, Train Accuracy: 0.9375, Test Loss: 0.4929, Test Accuracy: 0.9371
Epoch 45/500 - Train Loss: 0.4828, Train Accuracy: 0.9425, Test Loss: 0.4857, Test Accuracy: 0.9401
Epoch 46/500 - Train Loss: 0.4931, Train Accuracy: 0.9450, Test Loss: 0.4844, Test Accuracy: 0.9366
Epoch 47/500 - Train Loss: 0.4991, Train Accuracy: 0.9350, Test Loss: 0.4835, Test Accuracy: 0.9388
Epoch 48/500 - Train Loss: 0.4765, Train Accuracy: 0.9475, Test Loss: 0.4774, Test Accuracy: 0.9401
Epoch 49/500 - Train Loss: 0.4731, Train Accuracy: 0.9525, Test Loss: 0.4835, Test Accuracy: 0.9392
Epoch 50/500 - Train Loss: 0.4677, Train Accuracy: 0.9525, Test Loss: 0.4804, Test Accuracy: 0.9392
Epoch 51/500 - Train Loss: 0.5006, Train Accuracy: 0.9475, Test Loss: 0.4750, Test Accuracy: 0.9406
Epoch 52/500 - Train Loss: 0.4786, Train Accuracy: 0.9400, Test Loss: 0.4895, Test Accuracy: 0.9331
Epoch 53/500 - Train Loss: 0.4755, Train Accuracy: 0.9475, Test Loss: 0.4834, Test Accuracy: 0.9340
Epoch 54/500 - Train Loss: 0.4518, Train Accuracy: 0.9450, Test Loss: 0.4855, Test Accuracy: 0.9344
Epoch 55/500 - Train Loss: 0.4393, Train Accuracy: 0.9500, Test Loss: 0.4708, Test Accuracy: 0.9423
Epoch 56/500 - Train Loss: 0.4360, Train Accuracy: 0.9600, Test Loss: 0.4789, Test Accuracy: 0.9344
Epoch 57/500 - Train Loss: 0.4663, Train Accuracy: 0.9450, Test Loss: 0.4742, Test Accuracy: 0.9375
Epoch 58/500 - Train Loss: 0.4387, Train Accuracy: 0.9725, Test Loss: 0.4694, Test Accuracy: 0.9406
Epoch 59/500 - Train Loss: 0.4550, Train Accuracy: 0.9600, Test Loss: 0.4722, Test Accuracy: 0.9406
Epoch 60/500 - Train Loss: 0.4521, Train Accuracy: 0.9550, Test Loss: 0.4676, Test Accuracy: 0.9427
Epoch 61/500 - Train Loss: 0.4554, Train Accuracy: 0.9475, Test Loss: 0.4681, Test Accuracy: 0.9427
Epoch 62/500 - Train Loss: 0.4807, Train Accuracy: 0.9350, Test Loss: 0.4720, Test Accuracy: 0.9392
Epoch 63/500 - Train Loss: 0.4226, Train Accuracy: 0.9650, Test Loss: 0.4681, Test Accuracy: 0.9445
Epoch 64/500 - Train Loss: 0.4159, Train Accuracy: 0.9725, Test Loss: 0.4779, Test Accuracy: 0.9388
Epoch 65/500 - Train Loss: 0.4579, Train Accuracy: 0.9475, Test Loss: 0.4758, Test Accuracy: 0.9410
Epoch 66/500 - Train Loss: 0.4496, Train Accuracy: 0.9475, Test Loss: 0.4810, Test Accuracy: 0.9397
Epoch 67/500 - Train Loss: 0.4422, Train Accuracy: 0.9525, Test Loss: 0.4803, Test Accuracy: 0.9397
Epoch 68/500 - Train Loss: 0.4558, Train Accuracy: 0.9500, Test Loss: 0.4763, Test Accuracy: 0.9392
Epoch 69/500 - Train Loss: 0.4158, Train Accuracy: 0.9675, Test Loss: 0.4718, Test Accuracy: 0.9432
Epoch 70/500 - Train Loss: 0.4153, Train Accuracy: 0.9750, Test Loss: 0.4725, Test Accuracy: 0.9427
Epoch 71/500 - Train Loss: 0.4347, Train Accuracy: 0.9575, Test Loss: 0.4700, Test Accuracy: 0.9410
Epoch 72/500 - Train Loss: 0.4098, Train Accuracy: 0.9700, Test Loss: 0.4782, Test Accuracy: 0.9401
Epoch 73/500 - Train Loss: 0.4386, Train Accuracy: 0.9600, Test Loss: 0.4948, Test Accuracy: 0.9314
Epoch 74/500 - Train Loss: 0.4113, Train Accuracy: 0.9750, Test Loss: 0.4775, Test Accuracy: 0.9388
Epoch 75/500 - Train Loss: 0.4096, Train Accuracy: 0.9725, Test Loss: 0.4698, Test Accuracy: 0.9432

Early stopping triggered at epoch 75
Best test loss: 0.4676
Best test accuracy: 0.9454
Plot saved as trained_models/Sweep_data run/metrics/loss.png
Plot saved as trained_models/Sweep_data run/metrics/metrics.png
