wandb: Starting wandb agent 🕵️
2026-01-10 19:57:52,196 - wandb.wandb_agent - INFO - Running runs: []
2026-01-10 19:57:52,495 - wandb.wandb_agent - INFO - Agent received command: run
2026-01-10 19:57:52,495 - wandb.wandb_agent - INFO - Agent starting run with config:
	affine: 0.9849434012199824
	blur: 0.14758542436759814
	brightness: 1.1406296398760698
	contrast: 1.0239745751749771
	crop: 0.6347132318641928
	crop_scale: 0.3717482299318613
	flip: 0.7423146740206593
	gaussian_blur_kernel: 9
	gaussian_noise_std: 1.1314469937604403
	grey: 0.40977086849635713
	hue: -0.09795498266228378
	jiggle: 0.27588610212458886
	rotate: 0.8315802066129705
	rotation: 44
	saturation: 0.7679128121849197
	scale: 0.8652058781135189
	shear: 13
	translate_x: 0.088290025736727
	translate_y: 0.11980007398571917
2026-01-10 19:57:52,499 - wandb.wandb_agent - INFO - About to run command: /usr/bin/env python train_data.py --affine=0.9849434012199824 --blur=0.14758542436759814 --brightness=1.1406296398760698 --contrast=1.0239745751749771 --crop=0.6347132318641928 --crop_scale=0.3717482299318613 --flip=0.7423146740206593 --gaussian_blur_kernel=9 --gaussian_noise_std=1.1314469937604403 --grey=0.40977086849635713 --hue=-0.09795498266228378 --jiggle=0.27588610212458886 --rotate=0.8315802066129705 --rotation=44 --saturation=0.7679128121849197 --scale=0.8652058781135189 --shear=13 --translate_x=0.088290025736727 --translate_y=0.11980007398571917
wandb: Currently logged in as: arnaumarcosalmansa (mcv-team-6) to https://api.wandb.ai. Use `wandb login --relogin` to force relogin
wandb: WARNING Ignoring project 'C3-Week3' when running a sweep.
wandb: WARNING Ignoring entity 'mcv-team-6' when running a sweep.
2026-01-10 19:57:57,505 - wandb.wandb_agent - INFO - Running runs: ['yu2g3sm7']
wandb: setting up run yu2g3sm7
wandb: Tracking run with wandb version 0.23.1
wandb: Run data is saved locally in /export/home/group06/workspace/project-team-6/Week3/wandb/run-20260110_195756-yu2g3sm7
wandb: Run `wandb offline` to turn off syncing.
wandb: Syncing run Sweep run
wandb: ⭐️ View project at https://wandb.ai/mcv-team-6/C3-Week3
wandb: 🧹 View sweep at https://wandb.ai/mcv-team-6/C3-Week3/sweeps/g5vb4edr
wandb: 🚀 View run at https://wandb.ai/mcv-team-6/C3-Week3/runs/yu2g3sm7
Traceback (most recent call last):
  File "/export/home/group06/workspace/project-team-6/Week3/train_data.py", line 61, in <module>
    ka.ColorJitter(brightness=cfg.brightness,
  File "/ghome/group06/miniconda3/envs/c3/lib/python3.12/site-packages/kornia/augmentation/_2d/intensity/color_jitter.py", line 105, in __init__
    self._param_generator = rg.ColorJitterGenerator(brightness, contrast, saturation, hue)
                            ^^^^^^^^^^^^^^^^^^^^^^^^^^^^^^^^^^^^^^^^^^^^^^^^^^^^^^^^^^^^^^
  File "/ghome/group06/miniconda3/envs/c3/lib/python3.12/site-packages/kornia/augmentation/random_generator/base.py", line 34, in __call__
    obj.__post_init__()
  File "/ghome/group06/miniconda3/envs/c3/lib/python3.12/site-packages/kornia/augmentation/random_generator/base.py", line 48, in __post_init__
    self.set_rng_device_and_dtype()
  File "/ghome/group06/miniconda3/envs/c3/lib/python3.12/site-packages/kornia/augmentation/random_generator/base.py", line 64, in set_rng_device_and_dtype
    self.make_samplers(device, dtype)
  File "/ghome/group06/miniconda3/envs/c3/lib/python3.12/site-packages/kornia/augmentation/random_generator/_2d/color_jitter.py", line 86, in make_samplers
    hue: Tensor = _range_bound(self.hue, "hue", bounds=(-0.5, 0.5), device=device, dtype=dtype)
                  ^^^^^^^^^^^^^^^^^^^^^^^^^^^^^^^^^^^^^^^^^^^^^^^^^^^^^^^^^^^^^^^^^^^^^^^^^^^^^
  File "/ghome/group06/miniconda3/envs/c3/lib/python3.12/site-packages/kornia/augmentation/utils/param_validation.py", line 53, in _range_bound
    raise ValueError(f"If {name} is a single number, it must be non negative. Got {factor}.")
ValueError: If hue is a single number, it must be non negative. Got -0.09795498102903366.
2026-01-10 19:58:02,648 - wandb.wandb_agent - INFO - Cleaning up finished run: yu2g3sm7
wandb: Terminating and syncing runs. Press ctrl-c to kill.
