Using GPU 0: NVIDIA GeForce RTX 3090
Epoch 1/500 - Train Loss: 2.0516, Train Accuracy: 0.1675, Test Loss: 2.0347, Test Accuracy: 0.1967
Epoch 2/500 - Train Loss: 1.8145, Train Accuracy: 0.3925, Test Loss: 1.8090, Test Accuracy: 0.4318
Epoch 3/500 - Train Loss: 1.6473, Train Accuracy: 0.5925, Test Loss: 1.5831, Test Accuracy: 0.6342
Epoch 4/500 - Train Loss: 1.4701, Train Accuracy: 0.6600, Test Loss: 1.3621, Test Accuracy: 0.7434
Epoch 5/500 - Train Loss: 1.3200, Train Accuracy: 0.7300, Test Loss: 1.1832, Test Accuracy: 0.7893
Epoch 6/500 - Train Loss: 1.1324, Train Accuracy: 0.8150, Test Loss: 1.0241, Test Accuracy: 0.8339
Epoch 7/500 - Train Loss: 1.0328, Train Accuracy: 0.8000, Test Loss: 0.9059, Test Accuracy: 0.8580
Epoch 8/500 - Train Loss: 0.9312, Train Accuracy: 0.8400, Test Loss: 0.7941, Test Accuracy: 0.8711
Epoch 9/500 - Train Loss: 0.8061, Train Accuracy: 0.8675, Test Loss: 0.7030, Test Accuracy: 0.8855
Epoch 10/500 - Train Loss: 0.7491, Train Accuracy: 0.8750, Test Loss: 0.6267, Test Accuracy: 0.8977
Epoch 11/500 - Train Loss: 0.6914, Train Accuracy: 0.8800, Test Loss: 0.5786, Test Accuracy: 0.9008
Epoch 12/500 - Train Loss: 0.6204, Train Accuracy: 0.8975, Test Loss: 0.5292, Test Accuracy: 0.9113
Epoch 13/500 - Train Loss: 0.5848, Train Accuracy: 0.8900, Test Loss: 0.4874, Test Accuracy: 0.9148
Epoch 14/500 - Train Loss: 0.5579, Train Accuracy: 0.9025, Test Loss: 0.4519, Test Accuracy: 0.9165
Epoch 15/500 - Train Loss: 0.5123, Train Accuracy: 0.9100, Test Loss: 0.4342, Test Accuracy: 0.9187
Epoch 16/500 - Train Loss: 0.4845, Train Accuracy: 0.9325, Test Loss: 0.4143, Test Accuracy: 0.9235
Epoch 17/500 - Train Loss: 0.4440, Train Accuracy: 0.9225, Test Loss: 0.3985, Test Accuracy: 0.9279
Epoch 18/500 - Train Loss: 0.4364, Train Accuracy: 0.9425, Test Loss: 0.3815, Test Accuracy: 0.9327
Epoch 19/500 - Train Loss: 0.4105, Train Accuracy: 0.9425, Test Loss: 0.3718, Test Accuracy: 0.9288
Epoch 20/500 - Train Loss: 0.4043, Train Accuracy: 0.9325, Test Loss: 0.3637, Test Accuracy: 0.9353
Epoch 21/500 - Train Loss: 0.3911, Train Accuracy: 0.9400, Test Loss: 0.3534, Test Accuracy: 0.9358
Epoch 22/500 - Train Loss: 0.3543, Train Accuracy: 0.9500, Test Loss: 0.3480, Test Accuracy: 0.9366
Epoch 23/500 - Train Loss: 0.3627, Train Accuracy: 0.9350, Test Loss: 0.3412, Test Accuracy: 0.9406
Epoch 24/500 - Train Loss: 0.3282, Train Accuracy: 0.9600, Test Loss: 0.3360, Test Accuracy: 0.9427
Epoch 25/500 - Train Loss: 0.3318, Train Accuracy: 0.9450, Test Loss: 0.3366, Test Accuracy: 0.9375
Epoch 26/500 - Train Loss: 0.3319, Train Accuracy: 0.9450, Test Loss: 0.3392, Test Accuracy: 0.9362
Epoch 27/500 - Train Loss: 0.3305, Train Accuracy: 0.9450, Test Loss: 0.3337, Test Accuracy: 0.9392
Epoch 28/500 - Train Loss: 0.3203, Train Accuracy: 0.9600, Test Loss: 0.3289, Test Accuracy: 0.9388
Epoch 29/500 - Train Loss: 0.2969, Train Accuracy: 0.9700, Test Loss: 0.3319, Test Accuracy: 0.9397
Epoch 30/500 - Train Loss: 0.3172, Train Accuracy: 0.9525, Test Loss: 0.3270, Test Accuracy: 0.9419
Epoch 31/500 - Train Loss: 0.2896, Train Accuracy: 0.9575, Test Loss: 0.3261, Test Accuracy: 0.9427
Epoch 32/500 - Train Loss: 0.2540, Train Accuracy: 0.9800, Test Loss: 0.3201, Test Accuracy: 0.9441
Epoch 33/500 - Train Loss: 0.2753, Train Accuracy: 0.9650, Test Loss: 0.3199, Test Accuracy: 0.9401
Epoch 34/500 - Train Loss: 0.2479, Train Accuracy: 0.9725, Test Loss: 0.3148, Test Accuracy: 0.9414
Epoch 35/500 - Train Loss: 0.2440, Train Accuracy: 0.9800, Test Loss: 0.3118, Test Accuracy: 0.9406
Epoch 36/500 - Train Loss: 0.2932, Train Accuracy: 0.9600, Test Loss: 0.3159, Test Accuracy: 0.9427
Epoch 37/500 - Train Loss: 0.2365, Train Accuracy: 0.9825, Test Loss: 0.3147, Test Accuracy: 0.9410
Epoch 38/500 - Train Loss: 0.2421, Train Accuracy: 0.9800, Test Loss: 0.3162, Test Accuracy: 0.9410
Epoch 39/500 - Train Loss: 0.2689, Train Accuracy: 0.9750, Test Loss: 0.3142, Test Accuracy: 0.9397
Epoch 40/500 - Train Loss: 0.2131, Train Accuracy: 0.9825, Test Loss: 0.3118, Test Accuracy: 0.9401
Epoch 41/500 - Train Loss: 0.2237, Train Accuracy: 0.9775, Test Loss: 0.3110, Test Accuracy: 0.9401
Epoch 42/500 - Train Loss: 0.2295, Train Accuracy: 0.9825, Test Loss: 0.3156, Test Accuracy: 0.9384
Epoch 43/500 - Train Loss: 0.2321, Train Accuracy: 0.9775, Test Loss: 0.3180, Test Accuracy: 0.9392
Epoch 44/500 - Train Loss: 0.2058, Train Accuracy: 0.9875, Test Loss: 0.3163, Test Accuracy: 0.9392
Epoch 45/500 - Train Loss: 0.2198, Train Accuracy: 0.9750, Test Loss: 0.3159, Test Accuracy: 0.9384
Epoch 46/500 - Train Loss: 0.2186, Train Accuracy: 0.9800, Test Loss: 0.3142, Test Accuracy: 0.9419
Epoch 47/500 - Train Loss: 0.2043, Train Accuracy: 0.9875, Test Loss: 0.3110, Test Accuracy: 0.9427
Epoch 48/500 - Train Loss: 0.2306, Train Accuracy: 0.9800, Test Loss: 0.3093, Test Accuracy: 0.9419
Epoch 49/500 - Train Loss: 0.2386, Train Accuracy: 0.9675, Test Loss: 0.3043, Test Accuracy: 0.9432
Epoch 50/500 - Train Loss: 0.1920, Train Accuracy: 0.9900, Test Loss: 0.3078, Test Accuracy: 0.9410
Epoch 51/500 - Train Loss: 0.2052, Train Accuracy: 0.9875, Test Loss: 0.3114, Test Accuracy: 0.9392
Epoch 52/500 - Train Loss: 0.1895, Train Accuracy: 0.9925, Test Loss: 0.3106, Test Accuracy: 0.9371
Epoch 53/500 - Train Loss: 0.2364, Train Accuracy: 0.9775, Test Loss: 0.3165, Test Accuracy: 0.9366
Epoch 54/500 - Train Loss: 0.2008, Train Accuracy: 0.9900, Test Loss: 0.3325, Test Accuracy: 0.9309
Epoch 55/500 - Train Loss: 0.2126, Train Accuracy: 0.9825, Test Loss: 0.3141, Test Accuracy: 0.9375
Epoch 56/500 - Train Loss: 0.1884, Train Accuracy: 0.9900, Test Loss: 0.3155, Test Accuracy: 0.9379
Epoch 57/500 - Train Loss: 0.2019, Train Accuracy: 0.9825, Test Loss: 0.3105, Test Accuracy: 0.9388
Epoch 58/500 - Train Loss: 0.2038, Train Accuracy: 0.9850, Test Loss: 0.3110, Test Accuracy: 0.9392
Epoch 59/500 - Train Loss: 0.1991, Train Accuracy: 0.9850, Test Loss: 0.3145, Test Accuracy: 0.9392
Epoch 60/500 - Train Loss: 0.2062, Train Accuracy: 0.9825, Test Loss: 0.3141, Test Accuracy: 0.9375
Epoch 61/500 - Train Loss: 0.2104, Train Accuracy: 0.9775, Test Loss: 0.3127, Test Accuracy: 0.9392
Epoch 62/500 - Train Loss: 0.2061, Train Accuracy: 0.9825, Test Loss: 0.3128, Test Accuracy: 0.9401
Epoch 63/500 - Train Loss: 0.1978, Train Accuracy: 0.9825, Test Loss: 0.3095, Test Accuracy: 0.9410
Epoch 64/500 - Train Loss: 0.2015, Train Accuracy: 0.9850, Test Loss: 0.3219, Test Accuracy: 0.9371

Early stopping triggered at epoch 64
Best test loss: 0.3043
Best test accuracy: 0.9441
Plot saved as trained_models/Sweep_data run/metrics/loss.png
Plot saved as trained_models/Sweep_data run/metrics/metrics.png
