Using GPU 0: NVIDIA GeForce RTX 3090
Epoch 1/500 - Train Loss: 2.1003, Train Accuracy: 0.1550, Test Loss: 1.9882, Test Accuracy: 0.2308
Epoch 2/500 - Train Loss: 1.8358, Train Accuracy: 0.2900, Test Loss: 1.7698, Test Accuracy: 0.4471
Epoch 3/500 - Train Loss: 1.6203, Train Accuracy: 0.5275, Test Loss: 1.5280, Test Accuracy: 0.6058
Epoch 4/500 - Train Loss: 1.4465, Train Accuracy: 0.6550, Test Loss: 1.3362, Test Accuracy: 0.6796
Epoch 5/500 - Train Loss: 1.2667, Train Accuracy: 0.7300, Test Loss: 1.1718, Test Accuracy: 0.7369
Epoch 6/500 - Train Loss: 1.1585, Train Accuracy: 0.7875, Test Loss: 1.0397, Test Accuracy: 0.7933
Epoch 7/500 - Train Loss: 1.0386, Train Accuracy: 0.8050, Test Loss: 0.9108, Test Accuracy: 0.8361
Epoch 8/500 - Train Loss: 0.9611, Train Accuracy: 0.7950, Test Loss: 0.7969, Test Accuracy: 0.8750
Epoch 9/500 - Train Loss: 0.8454, Train Accuracy: 0.8325, Test Loss: 0.7122, Test Accuracy: 0.8912
Epoch 10/500 - Train Loss: 0.7714, Train Accuracy: 0.8650, Test Loss: 0.6442, Test Accuracy: 0.9060
Epoch 11/500 - Train Loss: 0.7145, Train Accuracy: 0.8700, Test Loss: 0.5737, Test Accuracy: 0.9196
Epoch 12/500 - Train Loss: 0.6338, Train Accuracy: 0.8900, Test Loss: 0.5118, Test Accuracy: 0.9305
Epoch 13/500 - Train Loss: 0.5956, Train Accuracy: 0.9075, Test Loss: 0.4711, Test Accuracy: 0.9331
Epoch 14/500 - Train Loss: 0.5282, Train Accuracy: 0.9150, Test Loss: 0.4445, Test Accuracy: 0.9388
Epoch 15/500 - Train Loss: 0.4809, Train Accuracy: 0.9300, Test Loss: 0.4197, Test Accuracy: 0.9397
Epoch 16/500 - Train Loss: 0.4701, Train Accuracy: 0.9275, Test Loss: 0.3901, Test Accuracy: 0.9414
Epoch 17/500 - Train Loss: 0.4436, Train Accuracy: 0.9450, Test Loss: 0.3729, Test Accuracy: 0.9449
Epoch 18/500 - Train Loss: 0.4420, Train Accuracy: 0.9400, Test Loss: 0.3610, Test Accuracy: 0.9423
Epoch 19/500 - Train Loss: 0.4345, Train Accuracy: 0.9325, Test Loss: 0.3480, Test Accuracy: 0.9462
Epoch 20/500 - Train Loss: 0.3938, Train Accuracy: 0.9425, Test Loss: 0.3470, Test Accuracy: 0.9401
Epoch 21/500 - Train Loss: 0.3677, Train Accuracy: 0.9450, Test Loss: 0.3394, Test Accuracy: 0.9454
Epoch 22/500 - Train Loss: 0.3445, Train Accuracy: 0.9550, Test Loss: 0.3311, Test Accuracy: 0.9436
Epoch 23/500 - Train Loss: 0.3803, Train Accuracy: 0.9400, Test Loss: 0.3321, Test Accuracy: 0.9414
Epoch 24/500 - Train Loss: 0.3377, Train Accuracy: 0.9575, Test Loss: 0.3295, Test Accuracy: 0.9427
Epoch 25/500 - Train Loss: 0.3253, Train Accuracy: 0.9675, Test Loss: 0.3168, Test Accuracy: 0.9441
Epoch 26/500 - Train Loss: 0.3280, Train Accuracy: 0.9475, Test Loss: 0.3154, Test Accuracy: 0.9423
Epoch 27/500 - Train Loss: 0.3150, Train Accuracy: 0.9550, Test Loss: 0.3089, Test Accuracy: 0.9427
Epoch 28/500 - Train Loss: 0.2984, Train Accuracy: 0.9625, Test Loss: 0.3132, Test Accuracy: 0.9419
Epoch 29/500 - Train Loss: 0.2922, Train Accuracy: 0.9575, Test Loss: 0.3066, Test Accuracy: 0.9445
Epoch 30/500 - Train Loss: 0.2870, Train Accuracy: 0.9575, Test Loss: 0.2994, Test Accuracy: 0.9476
Epoch 31/500 - Train Loss: 0.2993, Train Accuracy: 0.9525, Test Loss: 0.2936, Test Accuracy: 0.9502
Epoch 32/500 - Train Loss: 0.2913, Train Accuracy: 0.9625, Test Loss: 0.2979, Test Accuracy: 0.9480
Epoch 33/500 - Train Loss: 0.2921, Train Accuracy: 0.9675, Test Loss: 0.2982, Test Accuracy: 0.9445
Epoch 34/500 - Train Loss: 0.2796, Train Accuracy: 0.9700, Test Loss: 0.3050, Test Accuracy: 0.9419
Epoch 35/500 - Train Loss: 0.2792, Train Accuracy: 0.9675, Test Loss: 0.3028, Test Accuracy: 0.9414
Epoch 36/500 - Train Loss: 0.2657, Train Accuracy: 0.9700, Test Loss: 0.2993, Test Accuracy: 0.9441
Epoch 37/500 - Train Loss: 0.2575, Train Accuracy: 0.9700, Test Loss: 0.2947, Test Accuracy: 0.9480
Epoch 38/500 - Train Loss: 0.2433, Train Accuracy: 0.9750, Test Loss: 0.2905, Test Accuracy: 0.9497
Epoch 39/500 - Train Loss: 0.2330, Train Accuracy: 0.9725, Test Loss: 0.2943, Test Accuracy: 0.9449
Epoch 40/500 - Train Loss: 0.2510, Train Accuracy: 0.9700, Test Loss: 0.2900, Test Accuracy: 0.9484
Epoch 41/500 - Train Loss: 0.2361, Train Accuracy: 0.9850, Test Loss: 0.2909, Test Accuracy: 0.9476
Epoch 42/500 - Train Loss: 0.2426, Train Accuracy: 0.9700, Test Loss: 0.2888, Test Accuracy: 0.9467
Epoch 43/500 - Train Loss: 0.2199, Train Accuracy: 0.9775, Test Loss: 0.2863, Test Accuracy: 0.9467
Epoch 44/500 - Train Loss: 0.2352, Train Accuracy: 0.9800, Test Loss: 0.2990, Test Accuracy: 0.9432
Epoch 45/500 - Train Loss: 0.2274, Train Accuracy: 0.9725, Test Loss: 0.2864, Test Accuracy: 0.9471
Epoch 46/500 - Train Loss: 0.2584, Train Accuracy: 0.9675, Test Loss: 0.2827, Test Accuracy: 0.9524
Epoch 47/500 - Train Loss: 0.2308, Train Accuracy: 0.9700, Test Loss: 0.2810, Test Accuracy: 0.9506
Epoch 48/500 - Train Loss: 0.1953, Train Accuracy: 0.9925, Test Loss: 0.2813, Test Accuracy: 0.9506
Epoch 49/500 - Train Loss: 0.2195, Train Accuracy: 0.9750, Test Loss: 0.2822, Test Accuracy: 0.9506
Epoch 50/500 - Train Loss: 0.2126, Train Accuracy: 0.9750, Test Loss: 0.2834, Test Accuracy: 0.9480
Epoch 51/500 - Train Loss: 0.2213, Train Accuracy: 0.9700, Test Loss: 0.3003, Test Accuracy: 0.9445
Epoch 52/500 - Train Loss: 0.2376, Train Accuracy: 0.9750, Test Loss: 0.2972, Test Accuracy: 0.9445
Epoch 53/500 - Train Loss: 0.2193, Train Accuracy: 0.9750, Test Loss: 0.3010, Test Accuracy: 0.9427
Epoch 54/500 - Train Loss: 0.2136, Train Accuracy: 0.9850, Test Loss: 0.2971, Test Accuracy: 0.9432
Epoch 55/500 - Train Loss: 0.1864, Train Accuracy: 0.9925, Test Loss: 0.2872, Test Accuracy: 0.9476
Epoch 56/500 - Train Loss: 0.1977, Train Accuracy: 0.9850, Test Loss: 0.2791, Test Accuracy: 0.9502
Epoch 57/500 - Train Loss: 0.2061, Train Accuracy: 0.9850, Test Loss: 0.2860, Test Accuracy: 0.9476
Epoch 58/500 - Train Loss: 0.2224, Train Accuracy: 0.9750, Test Loss: 0.2892, Test Accuracy: 0.9462
Epoch 59/500 - Train Loss: 0.2149, Train Accuracy: 0.9825, Test Loss: 0.2964, Test Accuracy: 0.9445
Epoch 60/500 - Train Loss: 0.2243, Train Accuracy: 0.9750, Test Loss: 0.3054, Test Accuracy: 0.9401
Epoch 61/500 - Train Loss: 0.1939, Train Accuracy: 0.9875, Test Loss: 0.3042, Test Accuracy: 0.9423
Epoch 62/500 - Train Loss: 0.2086, Train Accuracy: 0.9750, Test Loss: 0.2920, Test Accuracy: 0.9471
Epoch 63/500 - Train Loss: 0.1958, Train Accuracy: 0.9850, Test Loss: 0.2972, Test Accuracy: 0.9454
Epoch 64/500 - Train Loss: 0.1897, Train Accuracy: 0.9900, Test Loss: 0.3051, Test Accuracy: 0.9414
Epoch 65/500 - Train Loss: 0.2007, Train Accuracy: 0.9800, Test Loss: 0.2923, Test Accuracy: 0.9471
Epoch 66/500 - Train Loss: 0.1784, Train Accuracy: 0.9950, Test Loss: 0.2944, Test Accuracy: 0.9449
Epoch 67/500 - Train Loss: 0.1892, Train Accuracy: 0.9850, Test Loss: 0.2850, Test Accuracy: 0.9515
Epoch 68/500 - Train Loss: 0.2040, Train Accuracy: 0.9825, Test Loss: 0.2861, Test Accuracy: 0.9497
Epoch 69/500 - Train Loss: 0.1731, Train Accuracy: 0.9950, Test Loss: 0.2864, Test Accuracy: 0.9493
Epoch 70/500 - Train Loss: 0.1979, Train Accuracy: 0.9800, Test Loss: 0.2930, Test Accuracy: 0.9454
Epoch 71/500 - Train Loss: 0.1893, Train Accuracy: 0.9850, Test Loss: 0.2856, Test Accuracy: 0.9497

Early stopping triggered at epoch 71
Best test loss: 0.2791
Best test accuracy: 0.9524
Plot saved as trained_models/Sweep_data run/metrics/loss.png
Plot saved as trained_models/Sweep_data run/metrics/metrics.png
