wandb: Starting wandb agent 🕵️
2026-01-10 20:47:27,499 - wandb.wandb_agent - INFO - Running runs: []
2026-01-10 20:47:27,839 - wandb.wandb_agent - INFO - Agent received command: run
2026-01-10 20:47:27,839 - wandb.wandb_agent - INFO - Agent starting run with config:
	affine: 0.2489687339665666
	blur: 0.06458232318257562
	brightness: 0.6924471662296452
	contrast: 1.3101940844851114
	crop: 0.0214336327618867
	crop_scale: 0.7364678632148172
	flip: 0.5945267565196584
	gaussian_blur_kernel: 9
	gaussian_noise_std: 1.7925706280372995
	grey: 0.16496151888460708
	hue: -0.09003558533451202
	jiggle: 0.07619227588535038
	rotate: 0.46194871949966554
	rotation: 36
	saturation: 1.0076587861913178
	scale: 0.8214335965719318
	shear: 24
	translate_x: 0.010136130548911116
	translate_y: 0.05360372066171446
2026-01-10 20:47:27,842 - wandb.wandb_agent - INFO - About to run command: /usr/bin/env python train_data.py --affine=0.2489687339665666 --blur=0.06458232318257562 --brightness=0.6924471662296452 --contrast=1.3101940844851114 --crop=0.0214336327618867 --crop_scale=0.7364678632148172 --flip=0.5945267565196584 --gaussian_blur_kernel=9 --gaussian_noise_std=1.7925706280372995 --grey=0.16496151888460708 --hue=-0.09003558533451202 --jiggle=0.07619227588535038 --rotate=0.46194871949966554 --rotation=36 --saturation=1.0076587861913178 --scale=0.8214335965719318 --shear=24 --translate_x=0.010136130548911116 --translate_y=0.05360372066171446
wandb: Currently logged in as: arnaumarcosalmansa (mcv-team-6) to https://api.wandb.ai. Use `wandb login --relogin` to force relogin
wandb: WARNING Ignoring project 'C3-Week3' when running a sweep.
wandb: WARNING Ignoring entity 'mcv-team-6' when running a sweep.
wandb: Tracking run with wandb version 0.23.1
wandb: Run data is saved locally in /export/home/group06/workspace/project-team-6/Week3/wandb/run-20260110_204732-fidaxrb0
wandb: Run `wandb offline` to turn off syncing.
wandb: Syncing run Sweep run
wandb: ⭐️ View project at https://wandb.ai/mcv-team-6/C3-Week3
wandb: 🧹 View sweep at https://wandb.ai/mcv-team-6/C3-Week3/sweeps/8yeenlu8
wandb: 🚀 View run at https://wandb.ai/mcv-team-6/C3-Week3/runs/fidaxrb0
2026-01-10 20:47:32,848 - wandb.wandb_agent - INFO - Running runs: ['fidaxrb0']
Traceback (most recent call last):
  File "/export/home/group06/workspace/project-team-6/Week3/train_data.py", line 61, in <module>
    ka.ColorJitter(brightness=cfg.brightness,
  File "/ghome/group06/miniconda3/envs/c3/lib/python3.12/site-packages/kornia/augmentation/_2d/intensity/color_jitter.py", line 105, in __init__
    self._param_generator = rg.ColorJitterGenerator(brightness, contrast, saturation, hue)
                            ^^^^^^^^^^^^^^^^^^^^^^^^^^^^^^^^^^^^^^^^^^^^^^^^^^^^^^^^^^^^^^
  File "/ghome/group06/miniconda3/envs/c3/lib/python3.12/site-packages/kornia/augmentation/random_generator/base.py", line 34, in __call__
    obj.__post_init__()
  File "/ghome/group06/miniconda3/envs/c3/lib/python3.12/site-packages/kornia/augmentation/random_generator/base.py", line 48, in __post_init__
    self.set_rng_device_and_dtype()
  File "/ghome/group06/miniconda3/envs/c3/lib/python3.12/site-packages/kornia/augmentation/random_generator/base.py", line 64, in set_rng_device_and_dtype
    self.make_samplers(device, dtype)
  File "/ghome/group06/miniconda3/envs/c3/lib/python3.12/site-packages/kornia/augmentation/random_generator/_2d/color_jitter.py", line 86, in make_samplers
    hue: Tensor = _range_bound(self.hue, "hue", bounds=(-0.5, 0.5), device=device, dtype=dtype)
                  ^^^^^^^^^^^^^^^^^^^^^^^^^^^^^^^^^^^^^^^^^^^^^^^^^^^^^^^^^^^^^^^^^^^^^^^^^^^^^
  File "/ghome/group06/miniconda3/envs/c3/lib/python3.12/site-packages/kornia/augmentation/utils/param_validation.py", line 53, in _range_bound
    raise ValueError(f"If {name} is a single number, it must be non negative. Got {factor}.")
ValueError: If hue is a single number, it must be non negative. Got -0.0900355875492096.
2026-01-10 20:47:37,996 - wandb.wandb_agent - INFO - Cleaning up finished run: fidaxrb0
wandb: Terminating and syncing runs. Press ctrl-c to kill.
