Using GPU 0: NVIDIA GeForce RTX 3090
Epoch 1/500 - Train Loss: 2.0357, Train Accuracy: 0.2200, Test Loss: 2.0048, Test Accuracy: 0.2640
Epoch 2/500 - Train Loss: 1.8159, Train Accuracy: 0.3875, Test Loss: 1.7580, Test Accuracy: 0.4803
Epoch 3/500 - Train Loss: 1.6460, Train Accuracy: 0.5625, Test Loss: 1.5487, Test Accuracy: 0.6691
Epoch 4/500 - Train Loss: 1.5158, Train Accuracy: 0.6625, Test Loss: 1.3859, Test Accuracy: 0.7723
Epoch 5/500 - Train Loss: 1.3920, Train Accuracy: 0.7175, Test Loss: 1.2430, Test Accuracy: 0.8173
Epoch 6/500 - Train Loss: 1.2525, Train Accuracy: 0.7850, Test Loss: 1.1320, Test Accuracy: 0.8370
Epoch 7/500 - Train Loss: 1.1899, Train Accuracy: 0.7975, Test Loss: 1.0289, Test Accuracy: 0.8549
Epoch 8/500 - Train Loss: 1.0968, Train Accuracy: 0.8075, Test Loss: 0.9395, Test Accuracy: 0.8728
Epoch 9/500 - Train Loss: 0.9996, Train Accuracy: 0.8650, Test Loss: 0.8744, Test Accuracy: 0.8802
Epoch 10/500 - Train Loss: 0.9395, Train Accuracy: 0.8600, Test Loss: 0.8038, Test Accuracy: 0.9012
Epoch 11/500 - Train Loss: 0.8963, Train Accuracy: 0.8800, Test Loss: 0.7560, Test Accuracy: 0.9065
Epoch 12/500 - Train Loss: 0.8337, Train Accuracy: 0.8700, Test Loss: 0.7165, Test Accuracy: 0.9126
Epoch 13/500 - Train Loss: 0.7941, Train Accuracy: 0.8675, Test Loss: 0.6909, Test Accuracy: 0.9122
Epoch 14/500 - Train Loss: 0.7786, Train Accuracy: 0.9000, Test Loss: 0.6560, Test Accuracy: 0.9196
Epoch 15/500 - Train Loss: 0.7317, Train Accuracy: 0.8975, Test Loss: 0.6341, Test Accuracy: 0.9248
Epoch 16/500 - Train Loss: 0.6970, Train Accuracy: 0.9175, Test Loss: 0.6112, Test Accuracy: 0.9266
Epoch 17/500 - Train Loss: 0.6562, Train Accuracy: 0.9225, Test Loss: 0.5944, Test Accuracy: 0.9292
Epoch 18/500 - Train Loss: 0.6649, Train Accuracy: 0.9000, Test Loss: 0.5808, Test Accuracy: 0.9296
Epoch 19/500 - Train Loss: 0.6179, Train Accuracy: 0.9325, Test Loss: 0.5610, Test Accuracy: 0.9314
Epoch 20/500 - Train Loss: 0.6121, Train Accuracy: 0.9250, Test Loss: 0.5526, Test Accuracy: 0.9353
Epoch 21/500 - Train Loss: 0.5993, Train Accuracy: 0.9375, Test Loss: 0.5406, Test Accuracy: 0.9344
Epoch 22/500 - Train Loss: 0.5786, Train Accuracy: 0.9275, Test Loss: 0.5322, Test Accuracy: 0.9331
Epoch 23/500 - Train Loss: 0.5554, Train Accuracy: 0.9475, Test Loss: 0.5268, Test Accuracy: 0.9353
Epoch 24/500 - Train Loss: 0.5378, Train Accuracy: 0.9500, Test Loss: 0.5189, Test Accuracy: 0.9366
Epoch 25/500 - Train Loss: 0.5171, Train Accuracy: 0.9525, Test Loss: 0.5121, Test Accuracy: 0.9406
Epoch 26/500 - Train Loss: 0.5276, Train Accuracy: 0.9450, Test Loss: 0.5044, Test Accuracy: 0.9362
Epoch 27/500 - Train Loss: 0.4826, Train Accuracy: 0.9675, Test Loss: 0.5011, Test Accuracy: 0.9384
Epoch 28/500 - Train Loss: 0.4916, Train Accuracy: 0.9600, Test Loss: 0.4979, Test Accuracy: 0.9362
Epoch 29/500 - Train Loss: 0.5286, Train Accuracy: 0.9400, Test Loss: 0.4933, Test Accuracy: 0.9375
Epoch 30/500 - Train Loss: 0.4933, Train Accuracy: 0.9525, Test Loss: 0.4945, Test Accuracy: 0.9366
Epoch 31/500 - Train Loss: 0.4635, Train Accuracy: 0.9625, Test Loss: 0.4883, Test Accuracy: 0.9379
Epoch 32/500 - Train Loss: 0.4704, Train Accuracy: 0.9650, Test Loss: 0.4871, Test Accuracy: 0.9384
Epoch 33/500 - Train Loss: 0.4594, Train Accuracy: 0.9575, Test Loss: 0.4826, Test Accuracy: 0.9397
Epoch 34/500 - Train Loss: 0.4389, Train Accuracy: 0.9725, Test Loss: 0.4843, Test Accuracy: 0.9388
Epoch 35/500 - Train Loss: 0.4252, Train Accuracy: 0.9750, Test Loss: 0.4853, Test Accuracy: 0.9358
Epoch 36/500 - Train Loss: 0.4513, Train Accuracy: 0.9675, Test Loss: 0.4799, Test Accuracy: 0.9388
Epoch 37/500 - Train Loss: 0.4506, Train Accuracy: 0.9700, Test Loss: 0.4746, Test Accuracy: 0.9401
Epoch 38/500 - Train Loss: 0.4416, Train Accuracy: 0.9675, Test Loss: 0.4798, Test Accuracy: 0.9384
Epoch 39/500 - Train Loss: 0.4216, Train Accuracy: 0.9825, Test Loss: 0.4739, Test Accuracy: 0.9392
Epoch 40/500 - Train Loss: 0.4188, Train Accuracy: 0.9650, Test Loss: 0.4720, Test Accuracy: 0.9414
Epoch 41/500 - Train Loss: 0.4193, Train Accuracy: 0.9800, Test Loss: 0.4668, Test Accuracy: 0.9419
Epoch 42/500 - Train Loss: 0.4007, Train Accuracy: 0.9825, Test Loss: 0.4714, Test Accuracy: 0.9388
Epoch 43/500 - Train Loss: 0.4184, Train Accuracy: 0.9575, Test Loss: 0.4716, Test Accuracy: 0.9392
Epoch 44/500 - Train Loss: 0.4126, Train Accuracy: 0.9750, Test Loss: 0.4694, Test Accuracy: 0.9401
Epoch 45/500 - Train Loss: 0.4278, Train Accuracy: 0.9600, Test Loss: 0.4768, Test Accuracy: 0.9336
Epoch 46/500 - Train Loss: 0.4128, Train Accuracy: 0.9675, Test Loss: 0.4721, Test Accuracy: 0.9388
Epoch 47/500 - Train Loss: 0.3959, Train Accuracy: 0.9775, Test Loss: 0.4689, Test Accuracy: 0.9388
Epoch 48/500 - Train Loss: 0.4035, Train Accuracy: 0.9825, Test Loss: 0.4749, Test Accuracy: 0.9358
Epoch 49/500 - Train Loss: 0.4178, Train Accuracy: 0.9750, Test Loss: 0.4677, Test Accuracy: 0.9371
Epoch 50/500 - Train Loss: 0.3768, Train Accuracy: 0.9850, Test Loss: 0.4627, Test Accuracy: 0.9436
Epoch 51/500 - Train Loss: 0.3837, Train Accuracy: 0.9825, Test Loss: 0.4630, Test Accuracy: 0.9419
Epoch 52/500 - Train Loss: 0.3978, Train Accuracy: 0.9750, Test Loss: 0.4637, Test Accuracy: 0.9436
Epoch 53/500 - Train Loss: 0.3733, Train Accuracy: 0.9900, Test Loss: 0.4613, Test Accuracy: 0.9406
Epoch 54/500 - Train Loss: 0.4246, Train Accuracy: 0.9650, Test Loss: 0.4692, Test Accuracy: 0.9384
Epoch 55/500 - Train Loss: 0.3799, Train Accuracy: 0.9900, Test Loss: 0.4626, Test Accuracy: 0.9423
Epoch 56/500 - Train Loss: 0.3913, Train Accuracy: 0.9700, Test Loss: 0.4639, Test Accuracy: 0.9371
Epoch 57/500 - Train Loss: 0.3699, Train Accuracy: 0.9875, Test Loss: 0.4623, Test Accuracy: 0.9401
Epoch 58/500 - Train Loss: 0.3666, Train Accuracy: 0.9850, Test Loss: 0.4623, Test Accuracy: 0.9388
Epoch 59/500 - Train Loss: 0.3764, Train Accuracy: 0.9825, Test Loss: 0.4606, Test Accuracy: 0.9410
Epoch 60/500 - Train Loss: 0.3826, Train Accuracy: 0.9850, Test Loss: 0.4627, Test Accuracy: 0.9388
Epoch 61/500 - Train Loss: 0.3636, Train Accuracy: 0.9875, Test Loss: 0.4605, Test Accuracy: 0.9427
Epoch 62/500 - Train Loss: 0.3904, Train Accuracy: 0.9800, Test Loss: 0.4572, Test Accuracy: 0.9458
Epoch 63/500 - Train Loss: 0.3770, Train Accuracy: 0.9775, Test Loss: 0.4613, Test Accuracy: 0.9449
Epoch 64/500 - Train Loss: 0.3680, Train Accuracy: 0.9875, Test Loss: 0.4649, Test Accuracy: 0.9406
Epoch 65/500 - Train Loss: 0.3760, Train Accuracy: 0.9825, Test Loss: 0.4623, Test Accuracy: 0.9410
Epoch 66/500 - Train Loss: 0.3718, Train Accuracy: 0.9900, Test Loss: 0.4611, Test Accuracy: 0.9436
Epoch 67/500 - Train Loss: 0.3718, Train Accuracy: 0.9850, Test Loss: 0.4593, Test Accuracy: 0.9436
Epoch 68/500 - Train Loss: 0.3635, Train Accuracy: 0.9925, Test Loss: 0.4570, Test Accuracy: 0.9441
Epoch 69/500 - Train Loss: 0.3633, Train Accuracy: 0.9850, Test Loss: 0.4574, Test Accuracy: 0.9449
Epoch 70/500 - Train Loss: 0.3856, Train Accuracy: 0.9750, Test Loss: 0.4625, Test Accuracy: 0.9449
Epoch 71/500 - Train Loss: 0.3721, Train Accuracy: 0.9875, Test Loss: 0.4650, Test Accuracy: 0.9406
Epoch 72/500 - Train Loss: 0.3656, Train Accuracy: 0.9825, Test Loss: 0.4640, Test Accuracy: 0.9419
Epoch 73/500 - Train Loss: 0.3642, Train Accuracy: 0.9900, Test Loss: 0.4641, Test Accuracy: 0.9397
Epoch 74/500 - Train Loss: 0.3615, Train Accuracy: 0.9875, Test Loss: 0.4619, Test Accuracy: 0.9432
Epoch 75/500 - Train Loss: 0.3546, Train Accuracy: 0.9950, Test Loss: 0.4657, Test Accuracy: 0.9384
Epoch 76/500 - Train Loss: 0.3478, Train Accuracy: 0.9925, Test Loss: 0.4632, Test Accuracy: 0.9423
Epoch 77/500 - Train Loss: 0.3722, Train Accuracy: 0.9875, Test Loss: 0.4582, Test Accuracy: 0.9445

Early stopping triggered at epoch 77
Best test loss: 0.4570
Best test accuracy: 0.9458
Plot saved as trained_models/Sweep_data run/metrics/loss.png
Plot saved as trained_models/Sweep_data run/metrics/metrics.png
