wandb: Starting wandb agent 🕵️
2026-01-10 20:53:51,086 - wandb.wandb_agent - INFO - Running runs: []
2026-01-10 20:53:51,416 - wandb.wandb_agent - INFO - Agent received command: run
2026-01-10 20:53:51,417 - wandb.wandb_agent - INFO - Agent starting run with config:
	affine: 0.8744000626235762
	blur: 0.4232288915592394
	brightness: 1.3322321914987625
	contrast: 1.298740975122052
	crop: 0.5235021747179882
	crop_scale: 0.495856263999786
	flip: 0.03751386109333954
	gaussian_blur_kernel: 7
	gaussian_noise_std: 2.8885992937251252
	grey: 0.7287718975839036
	hue: -0.021273367901537665
	jiggle: 0.36342067607568473
	rotate: 0.5164289951432782
	rotation: 7
	saturation: 1.239697328642581
	scale: 1.0334197460174768
	shear: 35
	translate_x: 0.2235689050646039
	translate_y: 0.14172993088044042
2026-01-10 20:53:51,420 - wandb.wandb_agent - INFO - About to run command: /usr/bin/env python train_data.py --affine=0.8744000626235762 --blur=0.4232288915592394 --brightness=1.3322321914987625 --contrast=1.298740975122052 --crop=0.5235021747179882 --crop_scale=0.495856263999786 --flip=0.03751386109333954 --gaussian_blur_kernel=7 --gaussian_noise_std=2.8885992937251252 --grey=0.7287718975839036 --hue=-0.021273367901537665 --jiggle=0.36342067607568473 --rotate=0.5164289951432782 --rotation=7 --saturation=1.239697328642581 --scale=1.0334197460174768 --shear=35 --translate_x=0.2235689050646039 --translate_y=0.14172993088044042
wandb: Currently logged in as: arnaumarcosalmansa (mcv-team-6) to https://api.wandb.ai. Use `wandb login --relogin` to force relogin
wandb: WARNING Ignoring project 'C3-Week3' when running a sweep.
wandb: WARNING Ignoring entity 'mcv-team-6' when running a sweep.
wandb: Tracking run with wandb version 0.23.1
wandb: Run data is saved locally in /export/home/group06/workspace/project-team-6/Week3/wandb/run-20260110_205355-7elnqct0
wandb: Run `wandb offline` to turn off syncing.
wandb: Syncing run Sweep run
wandb: ⭐️ View project at https://wandb.ai/mcv-team-6/C3-Week3
wandb: 🧹 View sweep at https://wandb.ai/mcv-team-6/C3-Week3/sweeps/8yeenlu8
wandb: 🚀 View run at https://wandb.ai/mcv-team-6/C3-Week3/runs/7elnqct0
2026-01-10 20:53:56,424 - wandb.wandb_agent - INFO - Running runs: ['7elnqct0']
Traceback (most recent call last):
  File "/export/home/group06/workspace/project-team-6/Week3/train_data.py", line 61, in <module>
    ka.ColorJitter(brightness=cfg.brightness,
  File "/ghome/group06/miniconda3/envs/c3/lib/python3.12/site-packages/kornia/augmentation/_2d/intensity/color_jitter.py", line 105, in __init__
    self._param_generator = rg.ColorJitterGenerator(brightness, contrast, saturation, hue)
                            ^^^^^^^^^^^^^^^^^^^^^^^^^^^^^^^^^^^^^^^^^^^^^^^^^^^^^^^^^^^^^^
  File "/ghome/group06/miniconda3/envs/c3/lib/python3.12/site-packages/kornia/augmentation/random_generator/base.py", line 34, in __call__
    obj.__post_init__()
  File "/ghome/group06/miniconda3/envs/c3/lib/python3.12/site-packages/kornia/augmentation/random_generator/base.py", line 48, in __post_init__
    self.set_rng_device_and_dtype()
  File "/ghome/group06/miniconda3/envs/c3/lib/python3.12/site-packages/kornia/augmentation/random_generator/base.py", line 64, in set_rng_device_and_dtype
    self.make_samplers(device, dtype)
  File "/ghome/group06/miniconda3/envs/c3/lib/python3.12/site-packages/kornia/augmentation/random_generator/_2d/color_jitter.py", line 86, in make_samplers
    hue: Tensor = _range_bound(self.hue, "hue", bounds=(-0.5, 0.5), device=device, dtype=dtype)
                  ^^^^^^^^^^^^^^^^^^^^^^^^^^^^^^^^^^^^^^^^^^^^^^^^^^^^^^^^^^^^^^^^^^^^^^^^^^^^^
  File "/ghome/group06/miniconda3/envs/c3/lib/python3.12/site-packages/kornia/augmentation/utils/param_validation.py", line 53, in _range_bound
    raise ValueError(f"If {name} is a single number, it must be non negative. Got {factor}.")
ValueError: If hue is a single number, it must be non negative. Got -0.02127336710691452.
2026-01-10 20:54:01,562 - wandb.wandb_agent - INFO - Cleaning up finished run: 7elnqct0
wandb: Terminating and syncing runs. Press ctrl-c to kill.
