Using GPU 0: NVIDIA GeForce RTX 3090
Epoch 1/500 - Train Loss: 2.1547, Train Accuracy: 0.1425, Test Loss: 2.0116, Test Accuracy: 0.1884
Epoch 2/500 - Train Loss: 1.9279, Train Accuracy: 0.2025, Test Loss: 1.8301, Test Accuracy: 0.3553
Epoch 3/500 - Train Loss: 1.7295, Train Accuracy: 0.3675, Test Loss: 1.6274, Test Accuracy: 0.4969
Epoch 4/500 - Train Loss: 1.5475, Train Accuracy: 0.5775, Test Loss: 1.4364, Test Accuracy: 0.6246
Epoch 5/500 - Train Loss: 1.3741, Train Accuracy: 0.6850, Test Loss: 1.2816, Test Accuracy: 0.7032
Epoch 6/500 - Train Loss: 1.2525, Train Accuracy: 0.7300, Test Loss: 1.1287, Test Accuracy: 0.7657
Epoch 7/500 - Train Loss: 1.1276, Train Accuracy: 0.7775, Test Loss: 0.9933, Test Accuracy: 0.8103
Epoch 8/500 - Train Loss: 1.0579, Train Accuracy: 0.7800, Test Loss: 0.8865, Test Accuracy: 0.8374
Epoch 9/500 - Train Loss: 0.9178, Train Accuracy: 0.8325, Test Loss: 0.7802, Test Accuracy: 0.8636
Epoch 10/500 - Train Loss: 0.8671, Train Accuracy: 0.8250, Test Loss: 0.6944, Test Accuracy: 0.8829
Epoch 11/500 - Train Loss: 0.7605, Train Accuracy: 0.8625, Test Loss: 0.6409, Test Accuracy: 0.8955
Epoch 12/500 - Train Loss: 0.7272, Train Accuracy: 0.8525, Test Loss: 0.5980, Test Accuracy: 0.9025
Epoch 13/500 - Train Loss: 0.7121, Train Accuracy: 0.8725, Test Loss: 0.5379, Test Accuracy: 0.9087
Epoch 14/500 - Train Loss: 0.6145, Train Accuracy: 0.9100, Test Loss: 0.5022, Test Accuracy: 0.9143
Epoch 15/500 - Train Loss: 0.5892, Train Accuracy: 0.9025, Test Loss: 0.4753, Test Accuracy: 0.9170
Epoch 16/500 - Train Loss: 0.5471, Train Accuracy: 0.9150, Test Loss: 0.4526, Test Accuracy: 0.9218
Epoch 17/500 - Train Loss: 0.5372, Train Accuracy: 0.9000, Test Loss: 0.4345, Test Accuracy: 0.9235
Epoch 18/500 - Train Loss: 0.5626, Train Accuracy: 0.8775, Test Loss: 0.4141, Test Accuracy: 0.9292
Epoch 19/500 - Train Loss: 0.4758, Train Accuracy: 0.9250, Test Loss: 0.4052, Test Accuracy: 0.9288
Epoch 20/500 - Train Loss: 0.4881, Train Accuracy: 0.9175, Test Loss: 0.3909, Test Accuracy: 0.9292
Epoch 21/500 - Train Loss: 0.4291, Train Accuracy: 0.9200, Test Loss: 0.3800, Test Accuracy: 0.9257
Epoch 22/500 - Train Loss: 0.4319, Train Accuracy: 0.9225, Test Loss: 0.3731, Test Accuracy: 0.9292
Epoch 23/500 - Train Loss: 0.4024, Train Accuracy: 0.9475, Test Loss: 0.3662, Test Accuracy: 0.9314
Epoch 24/500 - Train Loss: 0.4224, Train Accuracy: 0.9125, Test Loss: 0.3586, Test Accuracy: 0.9301
Epoch 25/500 - Train Loss: 0.3942, Train Accuracy: 0.9425, Test Loss: 0.3586, Test Accuracy: 0.9314
Epoch 26/500 - Train Loss: 0.3908, Train Accuracy: 0.9350, Test Loss: 0.3500, Test Accuracy: 0.9274
Epoch 27/500 - Train Loss: 0.3719, Train Accuracy: 0.9375, Test Loss: 0.3440, Test Accuracy: 0.9336
Epoch 28/500 - Train Loss: 0.3855, Train Accuracy: 0.9350, Test Loss: 0.3399, Test Accuracy: 0.9375
Epoch 29/500 - Train Loss: 0.3124, Train Accuracy: 0.9600, Test Loss: 0.3354, Test Accuracy: 0.9392
Epoch 30/500 - Train Loss: 0.3395, Train Accuracy: 0.9550, Test Loss: 0.3354, Test Accuracy: 0.9371
Epoch 31/500 - Train Loss: 0.3220, Train Accuracy: 0.9500, Test Loss: 0.3306, Test Accuracy: 0.9375
Epoch 32/500 - Train Loss: 0.3027, Train Accuracy: 0.9575, Test Loss: 0.3389, Test Accuracy: 0.9323
Epoch 33/500 - Train Loss: 0.2958, Train Accuracy: 0.9550, Test Loss: 0.3322, Test Accuracy: 0.9340
Epoch 34/500 - Train Loss: 0.3106, Train Accuracy: 0.9575, Test Loss: 0.3274, Test Accuracy: 0.9336
Epoch 35/500 - Train Loss: 0.2912, Train Accuracy: 0.9625, Test Loss: 0.3287, Test Accuracy: 0.9336
Epoch 36/500 - Train Loss: 0.2975, Train Accuracy: 0.9575, Test Loss: 0.3219, Test Accuracy: 0.9344
Epoch 37/500 - Train Loss: 0.3196, Train Accuracy: 0.9400, Test Loss: 0.3168, Test Accuracy: 0.9414
Epoch 38/500 - Train Loss: 0.2747, Train Accuracy: 0.9725, Test Loss: 0.3248, Test Accuracy: 0.9371
Epoch 39/500 - Train Loss: 0.2720, Train Accuracy: 0.9650, Test Loss: 0.3185, Test Accuracy: 0.9388
Epoch 40/500 - Train Loss: 0.2694, Train Accuracy: 0.9600, Test Loss: 0.3199, Test Accuracy: 0.9401
Epoch 41/500 - Train Loss: 0.2913, Train Accuracy: 0.9500, Test Loss: 0.3254, Test Accuracy: 0.9371
Epoch 42/500 - Train Loss: 0.3089, Train Accuracy: 0.9450, Test Loss: 0.3343, Test Accuracy: 0.9296
Epoch 43/500 - Train Loss: 0.2689, Train Accuracy: 0.9650, Test Loss: 0.3227, Test Accuracy: 0.9366
Epoch 44/500 - Train Loss: 0.2889, Train Accuracy: 0.9575, Test Loss: 0.3239, Test Accuracy: 0.9353
Epoch 45/500 - Train Loss: 0.2826, Train Accuracy: 0.9575, Test Loss: 0.3206, Test Accuracy: 0.9353
Epoch 46/500 - Train Loss: 0.2482, Train Accuracy: 0.9600, Test Loss: 0.3187, Test Accuracy: 0.9379
Epoch 47/500 - Train Loss: 0.2652, Train Accuracy: 0.9675, Test Loss: 0.3139, Test Accuracy: 0.9392
Epoch 48/500 - Train Loss: 0.2449, Train Accuracy: 0.9725, Test Loss: 0.3151, Test Accuracy: 0.9384
Epoch 49/500 - Train Loss: 0.2431, Train Accuracy: 0.9700, Test Loss: 0.3203, Test Accuracy: 0.9327
Epoch 50/500 - Train Loss: 0.2526, Train Accuracy: 0.9700, Test Loss: 0.3192, Test Accuracy: 0.9336
Epoch 51/500 - Train Loss: 0.2281, Train Accuracy: 0.9775, Test Loss: 0.3181, Test Accuracy: 0.9336
Epoch 52/500 - Train Loss: 0.2442, Train Accuracy: 0.9675, Test Loss: 0.3207, Test Accuracy: 0.9349
Epoch 53/500 - Train Loss: 0.2538, Train Accuracy: 0.9625, Test Loss: 0.3195, Test Accuracy: 0.9349
Epoch 54/500 - Train Loss: 0.2278, Train Accuracy: 0.9750, Test Loss: 0.3093, Test Accuracy: 0.9406
Epoch 55/500 - Train Loss: 0.2134, Train Accuracy: 0.9825, Test Loss: 0.3075, Test Accuracy: 0.9423
Epoch 56/500 - Train Loss: 0.2323, Train Accuracy: 0.9825, Test Loss: 0.3151, Test Accuracy: 0.9401
Epoch 57/500 - Train Loss: 0.2550, Train Accuracy: 0.9575, Test Loss: 0.3199, Test Accuracy: 0.9340
Epoch 58/500 - Train Loss: 0.2184, Train Accuracy: 0.9775, Test Loss: 0.3192, Test Accuracy: 0.9331
Epoch 59/500 - Train Loss: 0.2497, Train Accuracy: 0.9625, Test Loss: 0.3229, Test Accuracy: 0.9344
Epoch 60/500 - Train Loss: 0.2441, Train Accuracy: 0.9600, Test Loss: 0.3292, Test Accuracy: 0.9349
Epoch 61/500 - Train Loss: 0.2184, Train Accuracy: 0.9750, Test Loss: 0.3234, Test Accuracy: 0.9384
Epoch 62/500 - Train Loss: 0.2303, Train Accuracy: 0.9700, Test Loss: 0.3155, Test Accuracy: 0.9358
Epoch 63/500 - Train Loss: 0.2257, Train Accuracy: 0.9800, Test Loss: 0.3142, Test Accuracy: 0.9340
Epoch 64/500 - Train Loss: 0.2147, Train Accuracy: 0.9775, Test Loss: 0.3134, Test Accuracy: 0.9353
Epoch 65/500 - Train Loss: 0.2373, Train Accuracy: 0.9725, Test Loss: 0.3177, Test Accuracy: 0.9379
Epoch 66/500 - Train Loss: 0.2295, Train Accuracy: 0.9800, Test Loss: 0.3144, Test Accuracy: 0.9366
Epoch 67/500 - Train Loss: 0.2127, Train Accuracy: 0.9800, Test Loss: 0.3144, Test Accuracy: 0.9375
Epoch 68/500 - Train Loss: 0.2320, Train Accuracy: 0.9700, Test Loss: 0.3182, Test Accuracy: 0.9362
Epoch 69/500 - Train Loss: 0.2090, Train Accuracy: 0.9850, Test Loss: 0.3158, Test Accuracy: 0.9384
Epoch 70/500 - Train Loss: 0.2139, Train Accuracy: 0.9775, Test Loss: 0.3173, Test Accuracy: 0.9353

Early stopping triggered at epoch 70
Best test loss: 0.3075
Best test accuracy: 0.9423
Plot saved as trained_models/Sweep_data run/metrics/loss.png
Plot saved as trained_models/Sweep_data run/metrics/metrics.png
