Using GPU 0: NVIDIA GeForce RTX 3090
Epoch 1/500 - Train Loss: 2.0135, Train Accuracy: 0.2225, Test Loss: 2.0099, Test Accuracy: 0.2107
Epoch 2/500 - Train Loss: 1.8081, Train Accuracy: 0.4000, Test Loss: 1.7744, Test Accuracy: 0.4633
Epoch 3/500 - Train Loss: 1.6665, Train Accuracy: 0.5200, Test Loss: 1.5801, Test Accuracy: 0.5944
Epoch 4/500 - Train Loss: 1.5623, Train Accuracy: 0.5775, Test Loss: 1.4346, Test Accuracy: 0.6744
Epoch 5/500 - Train Loss: 1.4331, Train Accuracy: 0.6825, Test Loss: 1.3097, Test Accuracy: 0.7517
Epoch 6/500 - Train Loss: 1.3746, Train Accuracy: 0.7175, Test Loss: 1.2055, Test Accuracy: 0.7972
Epoch 7/500 - Train Loss: 1.2645, Train Accuracy: 0.7525, Test Loss: 1.1245, Test Accuracy: 0.8256
Epoch 8/500 - Train Loss: 1.1941, Train Accuracy: 0.7550, Test Loss: 1.0352, Test Accuracy: 0.8518
Epoch 9/500 - Train Loss: 1.1147, Train Accuracy: 0.7850, Test Loss: 0.9615, Test Accuracy: 0.8636
Epoch 10/500 - Train Loss: 1.0515, Train Accuracy: 0.8225, Test Loss: 0.9070, Test Accuracy: 0.8737
Epoch 11/500 - Train Loss: 1.0103, Train Accuracy: 0.8175, Test Loss: 0.8548, Test Accuracy: 0.8846
Epoch 12/500 - Train Loss: 0.9777, Train Accuracy: 0.8225, Test Loss: 0.8119, Test Accuracy: 0.8894
Epoch 13/500 - Train Loss: 0.9226, Train Accuracy: 0.8450, Test Loss: 0.7715, Test Accuracy: 0.8969
Epoch 14/500 - Train Loss: 0.8818, Train Accuracy: 0.8375, Test Loss: 0.7181, Test Accuracy: 0.9091
Epoch 15/500 - Train Loss: 0.8767, Train Accuracy: 0.8225, Test Loss: 0.6856, Test Accuracy: 0.9100
Epoch 16/500 - Train Loss: 0.8327, Train Accuracy: 0.8450, Test Loss: 0.6634, Test Accuracy: 0.9148
Epoch 17/500 - Train Loss: 0.7703, Train Accuracy: 0.8725, Test Loss: 0.6441, Test Accuracy: 0.9187
Epoch 18/500 - Train Loss: 0.7850, Train Accuracy: 0.8400, Test Loss: 0.6198, Test Accuracy: 0.9152
Epoch 19/500 - Train Loss: 0.7360, Train Accuracy: 0.8750, Test Loss: 0.6048, Test Accuracy: 0.9196
Epoch 20/500 - Train Loss: 0.7412, Train Accuracy: 0.8825, Test Loss: 0.5902, Test Accuracy: 0.9200
Epoch 21/500 - Train Loss: 0.7084, Train Accuracy: 0.8875, Test Loss: 0.5783, Test Accuracy: 0.9261
Epoch 22/500 - Train Loss: 0.6774, Train Accuracy: 0.8900, Test Loss: 0.5621, Test Accuracy: 0.9323
Epoch 23/500 - Train Loss: 0.6741, Train Accuracy: 0.8875, Test Loss: 0.5523, Test Accuracy: 0.9331
Epoch 24/500 - Train Loss: 0.6774, Train Accuracy: 0.8800, Test Loss: 0.5498, Test Accuracy: 0.9296
Epoch 25/500 - Train Loss: 0.6225, Train Accuracy: 0.8975, Test Loss: 0.5443, Test Accuracy: 0.9340
Epoch 26/500 - Train Loss: 0.5874, Train Accuracy: 0.9175, Test Loss: 0.5300, Test Accuracy: 0.9366
Epoch 27/500 - Train Loss: 0.5972, Train Accuracy: 0.9200, Test Loss: 0.5214, Test Accuracy: 0.9362
Epoch 28/500 - Train Loss: 0.6426, Train Accuracy: 0.8925, Test Loss: 0.5097, Test Accuracy: 0.9358
Epoch 29/500 - Train Loss: 0.5906, Train Accuracy: 0.9250, Test Loss: 0.5030, Test Accuracy: 0.9379
Epoch 30/500 - Train Loss: 0.6088, Train Accuracy: 0.8900, Test Loss: 0.5028, Test Accuracy: 0.9392
Epoch 31/500 - Train Loss: 0.5376, Train Accuracy: 0.9275, Test Loss: 0.5019, Test Accuracy: 0.9379
Epoch 32/500 - Train Loss: 0.5725, Train Accuracy: 0.9225, Test Loss: 0.4994, Test Accuracy: 0.9384
Epoch 33/500 - Train Loss: 0.5958, Train Accuracy: 0.9125, Test Loss: 0.4919, Test Accuracy: 0.9392
Epoch 34/500 - Train Loss: 0.5371, Train Accuracy: 0.9250, Test Loss: 0.4931, Test Accuracy: 0.9379
Epoch 35/500 - Train Loss: 0.5290, Train Accuracy: 0.9375, Test Loss: 0.4878, Test Accuracy: 0.9384
Epoch 36/500 - Train Loss: 0.5140, Train Accuracy: 0.9300, Test Loss: 0.4900, Test Accuracy: 0.9353
Epoch 37/500 - Train Loss: 0.5106, Train Accuracy: 0.9350, Test Loss: 0.4855, Test Accuracy: 0.9392
Epoch 38/500 - Train Loss: 0.5502, Train Accuracy: 0.9125, Test Loss: 0.4868, Test Accuracy: 0.9358
Epoch 39/500 - Train Loss: 0.5047, Train Accuracy: 0.9525, Test Loss: 0.4811, Test Accuracy: 0.9397
Epoch 40/500 - Train Loss: 0.4925, Train Accuracy: 0.9500, Test Loss: 0.4803, Test Accuracy: 0.9410
Epoch 41/500 - Train Loss: 0.5092, Train Accuracy: 0.9350, Test Loss: 0.4838, Test Accuracy: 0.9349
Epoch 42/500 - Train Loss: 0.5284, Train Accuracy: 0.9375, Test Loss: 0.4802, Test Accuracy: 0.9344
Epoch 43/500 - Train Loss: 0.5068, Train Accuracy: 0.9300, Test Loss: 0.4823, Test Accuracy: 0.9358
Epoch 44/500 - Train Loss: 0.5459, Train Accuracy: 0.9200, Test Loss: 0.4695, Test Accuracy: 0.9449
Epoch 45/500 - Train Loss: 0.4925, Train Accuracy: 0.9425, Test Loss: 0.4722, Test Accuracy: 0.9419
Epoch 46/500 - Train Loss: 0.5006, Train Accuracy: 0.9325, Test Loss: 0.4767, Test Accuracy: 0.9397
Epoch 47/500 - Train Loss: 0.4844, Train Accuracy: 0.9475, Test Loss: 0.4723, Test Accuracy: 0.9419
Epoch 48/500 - Train Loss: 0.4708, Train Accuracy: 0.9550, Test Loss: 0.4741, Test Accuracy: 0.9397
Epoch 49/500 - Train Loss: 0.5129, Train Accuracy: 0.9225, Test Loss: 0.4695, Test Accuracy: 0.9414
Epoch 50/500 - Train Loss: 0.4502, Train Accuracy: 0.9550, Test Loss: 0.4697, Test Accuracy: 0.9397
Epoch 51/500 - Train Loss: 0.4882, Train Accuracy: 0.9250, Test Loss: 0.4683, Test Accuracy: 0.9392
Epoch 52/500 - Train Loss: 0.4620, Train Accuracy: 0.9525, Test Loss: 0.4632, Test Accuracy: 0.9419
Epoch 53/500 - Train Loss: 0.4720, Train Accuracy: 0.9450, Test Loss: 0.4739, Test Accuracy: 0.9375
Epoch 54/500 - Train Loss: 0.4765, Train Accuracy: 0.9350, Test Loss: 0.4756, Test Accuracy: 0.9344
Epoch 55/500 - Train Loss: 0.4865, Train Accuracy: 0.9400, Test Loss: 0.4760, Test Accuracy: 0.9340
Epoch 56/500 - Train Loss: 0.4299, Train Accuracy: 0.9625, Test Loss: 0.4661, Test Accuracy: 0.9388
Epoch 57/500 - Train Loss: 0.4411, Train Accuracy: 0.9575, Test Loss: 0.4684, Test Accuracy: 0.9375
Epoch 58/500 - Train Loss: 0.4493, Train Accuracy: 0.9550, Test Loss: 0.4664, Test Accuracy: 0.9406
Epoch 59/500 - Train Loss: 0.4546, Train Accuracy: 0.9450, Test Loss: 0.4671, Test Accuracy: 0.9406
Epoch 60/500 - Train Loss: 0.4531, Train Accuracy: 0.9525, Test Loss: 0.4635, Test Accuracy: 0.9419
Epoch 61/500 - Train Loss: 0.4537, Train Accuracy: 0.9550, Test Loss: 0.4616, Test Accuracy: 0.9427
Epoch 62/500 - Train Loss: 0.4385, Train Accuracy: 0.9650, Test Loss: 0.4707, Test Accuracy: 0.9366
Epoch 63/500 - Train Loss: 0.4509, Train Accuracy: 0.9550, Test Loss: 0.4693, Test Accuracy: 0.9392
Epoch 64/500 - Train Loss: 0.4860, Train Accuracy: 0.9325, Test Loss: 0.4620, Test Accuracy: 0.9432
Epoch 65/500 - Train Loss: 0.4318, Train Accuracy: 0.9650, Test Loss: 0.4643, Test Accuracy: 0.9419
Epoch 66/500 - Train Loss: 0.4423, Train Accuracy: 0.9550, Test Loss: 0.4615, Test Accuracy: 0.9406
Epoch 67/500 - Train Loss: 0.4370, Train Accuracy: 0.9575, Test Loss: 0.4611, Test Accuracy: 0.9397
Epoch 68/500 - Train Loss: 0.4225, Train Accuracy: 0.9725, Test Loss: 0.4617, Test Accuracy: 0.9419
Epoch 69/500 - Train Loss: 0.4107, Train Accuracy: 0.9750, Test Loss: 0.4645, Test Accuracy: 0.9392
Epoch 70/500 - Train Loss: 0.4290, Train Accuracy: 0.9675, Test Loss: 0.4679, Test Accuracy: 0.9353
Epoch 71/500 - Train Loss: 0.4142, Train Accuracy: 0.9650, Test Loss: 0.4752, Test Accuracy: 0.9305
Epoch 72/500 - Train Loss: 0.4648, Train Accuracy: 0.9475, Test Loss: 0.4759, Test Accuracy: 0.9309
Epoch 73/500 - Train Loss: 0.4093, Train Accuracy: 0.9725, Test Loss: 0.4656, Test Accuracy: 0.9384
Epoch 74/500 - Train Loss: 0.4336, Train Accuracy: 0.9650, Test Loss: 0.4628, Test Accuracy: 0.9406
Epoch 75/500 - Train Loss: 0.4340, Train Accuracy: 0.9575, Test Loss: 0.4679, Test Accuracy: 0.9340
Epoch 76/500 - Train Loss: 0.4218, Train Accuracy: 0.9675, Test Loss: 0.4639, Test Accuracy: 0.9397

Early stopping triggered at epoch 76
Best test loss: 0.4611
Best test accuracy: 0.9449
Plot saved as trained_models/Sweep_data run/metrics/loss.png
Plot saved as trained_models/Sweep_data run/metrics/metrics.png
