wandb: Starting wandb agent 🕵️
2026-01-10 20:07:19,048 - wandb.wandb_agent - INFO - Running runs: []
2026-01-10 20:07:19,553 - wandb.wandb_agent - INFO - Agent received command: run
2026-01-10 20:07:19,553 - wandb.wandb_agent - INFO - Agent starting run with config:
	affine: 0.5117638723022404
	blur: 0.5642786680200041
	brightness: 0.9871807078175474
	contrast: 0.6681739901993892
	crop: 0.11588097280519294
	crop_scale: 0.49161582887000566
	flip: 0.7450986588879517
	gaussian_blur_kernel: 7
	gaussian_noise_std: 2.9264728077018027
	grey: 0.5895898174406681
	hue: -0.09282630869047262
	jiggle: 0.31708967838957924
	rotate: 0.653740450513636
	rotation: 7
	saturation: 1.3945589685968474
	scale: 1.082918897962863
	shear: 19
	translate_x: 0.08531143363999556
	translate_y: 0.364098509679135
2026-01-10 20:07:19,556 - wandb.wandb_agent - INFO - About to run command: /usr/bin/env python train_data.py --affine=0.5117638723022404 --blur=0.5642786680200041 --brightness=0.9871807078175474 --contrast=0.6681739901993892 --crop=0.11588097280519294 --crop_scale=0.49161582887000566 --flip=0.7450986588879517 --gaussian_blur_kernel=7 --gaussian_noise_std=2.9264728077018027 --grey=0.5895898174406681 --hue=-0.09282630869047262 --jiggle=0.31708967838957924 --rotate=0.653740450513636 --rotation=7 --saturation=1.3945589685968474 --scale=1.082918897962863 --shear=19 --translate_x=0.08531143363999556 --translate_y=0.364098509679135
wandb: Currently logged in as: arnaumarcosalmansa (mcv-team-6) to https://api.wandb.ai. Use `wandb login --relogin` to force relogin
wandb: WARNING Ignoring project 'C3-Week3' when running a sweep.
wandb: WARNING Ignoring entity 'mcv-team-6' when running a sweep.
wandb: Tracking run with wandb version 0.23.1
wandb: Run data is saved locally in /export/home/group06/workspace/project-team-6/Week3/wandb/run-20260110_200723-uv4et322
wandb: Run `wandb offline` to turn off syncing.
wandb: Syncing run Sweep run
wandb: ⭐️ View project at https://wandb.ai/mcv-team-6/C3-Week3
wandb: 🧹 View sweep at https://wandb.ai/mcv-team-6/C3-Week3/sweeps/g5vb4edr
wandb: 🚀 View run at https://wandb.ai/mcv-team-6/C3-Week3/runs/uv4et322
2026-01-10 20:07:24,563 - wandb.wandb_agent - INFO - Running runs: ['uv4et322']
Traceback (most recent call last):
  File "/export/home/group06/workspace/project-team-6/Week3/train_data.py", line 61, in <module>
    ka.ColorJitter(brightness=cfg.brightness,
  File "/ghome/group06/miniconda3/envs/c3/lib/python3.12/site-packages/kornia/augmentation/_2d/intensity/color_jitter.py", line 105, in __init__
    self._param_generator = rg.ColorJitterGenerator(brightness, contrast, saturation, hue)
                            ^^^^^^^^^^^^^^^^^^^^^^^^^^^^^^^^^^^^^^^^^^^^^^^^^^^^^^^^^^^^^^
  File "/ghome/group06/miniconda3/envs/c3/lib/python3.12/site-packages/kornia/augmentation/random_generator/base.py", line 34, in __call__
    obj.__post_init__()
  File "/ghome/group06/miniconda3/envs/c3/lib/python3.12/site-packages/kornia/augmentation/random_generator/base.py", line 48, in __post_init__
    self.set_rng_device_and_dtype()
  File "/ghome/group06/miniconda3/envs/c3/lib/python3.12/site-packages/kornia/augmentation/random_generator/base.py", line 64, in set_rng_device_and_dtype
    self.make_samplers(device, dtype)
  File "/ghome/group06/miniconda3/envs/c3/lib/python3.12/site-packages/kornia/augmentation/random_generator/_2d/color_jitter.py", line 86, in make_samplers
    hue: Tensor = _range_bound(self.hue, "hue", bounds=(-0.5, 0.5), device=device, dtype=dtype)
                  ^^^^^^^^^^^^^^^^^^^^^^^^^^^^^^^^^^^^^^^^^^^^^^^^^^^^^^^^^^^^^^^^^^^^^^^^^^^^^
  File "/ghome/group06/miniconda3/envs/c3/lib/python3.12/site-packages/kornia/augmentation/utils/param_validation.py", line 53, in _range_bound
    raise ValueError(f"If {name} is a single number, it must be non negative. Got {factor}.")
ValueError: If hue is a single number, it must be non negative. Got -0.09282630681991577.
2026-01-10 20:07:29,706 - wandb.wandb_agent - INFO - Cleaning up finished run: uv4et322
wandb: Terminating and syncing runs. Press ctrl-c to kill.
