Using GPU 0: NVIDIA GeForce RTX 3090
Epoch 1/500 - Train Loss: 1.1911, Train Accuracy: 0.6425, Test Loss: 1.7680, Test Accuracy: 0.3151
Epoch 2/500 - Train Loss: 0.3457, Train Accuracy: 0.9225, Test Loss: 0.9539, Test Accuracy: 0.7247
Epoch 3/500 - Train Loss: 0.2457, Train Accuracy: 0.9325, Test Loss: 0.7288, Test Accuracy: 0.7762
Epoch 4/500 - Train Loss: 0.2817, Train Accuracy: 0.9250, Test Loss: 0.3665, Test Accuracy: 0.8942
Epoch 5/500 - Train Loss: 0.1865, Train Accuracy: 0.9600, Test Loss: 0.4732, Test Accuracy: 0.8593
Epoch 6/500 - Train Loss: 0.1572, Train Accuracy: 0.9725, Test Loss: 0.4158, Test Accuracy: 0.8969
Epoch 7/500 - Train Loss: 0.1258, Train Accuracy: 0.9825, Test Loss: 1.8333, Test Accuracy: 0.5511
Epoch 8/500 - Train Loss: 0.3360, Train Accuracy: 0.9250, Test Loss: 0.5377, Test Accuracy: 0.8400
Epoch 9/500 - Train Loss: 0.1470, Train Accuracy: 0.9825, Test Loss: 0.5288, Test Accuracy: 0.8514
Epoch 10/500 - Train Loss: 0.1614, Train Accuracy: 0.9625, Test Loss: 0.6620, Test Accuracy: 0.8199
Epoch 11/500 - Train Loss: 0.1769, Train Accuracy: 0.9550, Test Loss: 0.4170, Test Accuracy: 0.8877
Epoch 12/500 - Train Loss: 0.1708, Train Accuracy: 0.9625, Test Loss: 0.5408, Test Accuracy: 0.8405
Epoch 13/500 - Train Loss: 0.1446, Train Accuracy: 0.9675, Test Loss: 0.3946, Test Accuracy: 0.8955
Epoch 14/500 - Train Loss: 0.1195, Train Accuracy: 0.9800, Test Loss: 0.3847, Test Accuracy: 0.8969
Epoch 15/500 - Train Loss: 0.1169, Train Accuracy: 0.9825, Test Loss: 0.9166, Test Accuracy: 0.7373
Epoch 16/500 - Train Loss: 0.3392, Train Accuracy: 0.9075, Test Loss: 0.6558, Test Accuracy: 0.8304
Epoch 17/500 - Train Loss: 0.1292, Train Accuracy: 0.9800, Test Loss: 2.0950, Test Accuracy: 0.7360
Epoch 18/500 - Train Loss: 0.2707, Train Accuracy: 0.9450, Test Loss: 1.0599, Test Accuracy: 0.7421
Epoch 19/500 - Train Loss: 0.1638, Train Accuracy: 0.9650, Test Loss: 0.3790, Test Accuracy: 0.8942

Early stopping triggered at epoch 19
Best test loss: 0.3790
Best test accuracy: 0.8969
Plot saved as trained_models/Sweep run/metrics/loss.png
Plot saved as trained_models/Sweep run/metrics/metrics.png
