Using GPU 0: NVIDIA GeForce RTX 3090
Epoch 1/500 - Train Loss: 2.0972, Train Accuracy: 0.1625, Test Loss: 2.0295, Test Accuracy: 0.1552
Epoch 2/500 - Train Loss: 1.8852, Train Accuracy: 0.3300, Test Loss: 1.8452, Test Accuracy: 0.3195
Epoch 3/500 - Train Loss: 1.7244, Train Accuracy: 0.4600, Test Loss: 1.6395, Test Accuracy: 0.4904
Epoch 4/500 - Train Loss: 1.5720, Train Accuracy: 0.5475, Test Loss: 1.4358, Test Accuracy: 0.6469
Epoch 5/500 - Train Loss: 1.4398, Train Accuracy: 0.6650, Test Loss: 1.2765, Test Accuracy: 0.7225
Epoch 6/500 - Train Loss: 1.2910, Train Accuracy: 0.7075, Test Loss: 1.1501, Test Accuracy: 0.7749
Epoch 7/500 - Train Loss: 1.1967, Train Accuracy: 0.7275, Test Loss: 1.0264, Test Accuracy: 0.8191
Epoch 8/500 - Train Loss: 1.0870, Train Accuracy: 0.7475, Test Loss: 0.9091, Test Accuracy: 0.8505
Epoch 9/500 - Train Loss: 1.0139, Train Accuracy: 0.7725, Test Loss: 0.8283, Test Accuracy: 0.8615
Epoch 10/500 - Train Loss: 0.9343, Train Accuracy: 0.8025, Test Loss: 0.7447, Test Accuracy: 0.8833
Epoch 11/500 - Train Loss: 0.8604, Train Accuracy: 0.8375, Test Loss: 0.6882, Test Accuracy: 0.8947
Epoch 12/500 - Train Loss: 0.7973, Train Accuracy: 0.8300, Test Loss: 0.6424, Test Accuracy: 0.9043
Epoch 13/500 - Train Loss: 0.7808, Train Accuracy: 0.8425, Test Loss: 0.5923, Test Accuracy: 0.9087
Epoch 14/500 - Train Loss: 0.7314, Train Accuracy: 0.8475, Test Loss: 0.5478, Test Accuracy: 0.9104
Epoch 15/500 - Train Loss: 0.6778, Train Accuracy: 0.8700, Test Loss: 0.5170, Test Accuracy: 0.9034
Epoch 16/500 - Train Loss: 0.6393, Train Accuracy: 0.8725, Test Loss: 0.4847, Test Accuracy: 0.9100
Epoch 17/500 - Train Loss: 0.6169, Train Accuracy: 0.8425, Test Loss: 0.4673, Test Accuracy: 0.9100
Epoch 18/500 - Train Loss: 0.5836, Train Accuracy: 0.8675, Test Loss: 0.4479, Test Accuracy: 0.9122
Epoch 19/500 - Train Loss: 0.5464, Train Accuracy: 0.8875, Test Loss: 0.4259, Test Accuracy: 0.9156
Epoch 20/500 - Train Loss: 0.5371, Train Accuracy: 0.8675, Test Loss: 0.4139, Test Accuracy: 0.9226
Epoch 21/500 - Train Loss: 0.5185, Train Accuracy: 0.9025, Test Loss: 0.4007, Test Accuracy: 0.9257
Epoch 22/500 - Train Loss: 0.5006, Train Accuracy: 0.9025, Test Loss: 0.3866, Test Accuracy: 0.9279
Epoch 23/500 - Train Loss: 0.4844, Train Accuracy: 0.8950, Test Loss: 0.3790, Test Accuracy: 0.9270
Epoch 24/500 - Train Loss: 0.4528, Train Accuracy: 0.9075, Test Loss: 0.3732, Test Accuracy: 0.9296
Epoch 25/500 - Train Loss: 0.4371, Train Accuracy: 0.9200, Test Loss: 0.3613, Test Accuracy: 0.9379
Epoch 26/500 - Train Loss: 0.4560, Train Accuracy: 0.9025, Test Loss: 0.3607, Test Accuracy: 0.9309
Epoch 27/500 - Train Loss: 0.4379, Train Accuracy: 0.9050, Test Loss: 0.3640, Test Accuracy: 0.9261
Epoch 28/500 - Train Loss: 0.4107, Train Accuracy: 0.9300, Test Loss: 0.3557, Test Accuracy: 0.9323
Epoch 29/500 - Train Loss: 0.4093, Train Accuracy: 0.9175, Test Loss: 0.3513, Test Accuracy: 0.9375
Epoch 30/500 - Train Loss: 0.3893, Train Accuracy: 0.9350, Test Loss: 0.3475, Test Accuracy: 0.9331
Epoch 31/500 - Train Loss: 0.3744, Train Accuracy: 0.9325, Test Loss: 0.3443, Test Accuracy: 0.9366
Epoch 32/500 - Train Loss: 0.4151, Train Accuracy: 0.9125, Test Loss: 0.3332, Test Accuracy: 0.9410
Epoch 33/500 - Train Loss: 0.3938, Train Accuracy: 0.9300, Test Loss: 0.3362, Test Accuracy: 0.9397
Epoch 34/500 - Train Loss: 0.4317, Train Accuracy: 0.9150, Test Loss: 0.3318, Test Accuracy: 0.9366
Epoch 35/500 - Train Loss: 0.3620, Train Accuracy: 0.9150, Test Loss: 0.3268, Test Accuracy: 0.9397
Epoch 36/500 - Train Loss: 0.3599, Train Accuracy: 0.9325, Test Loss: 0.3385, Test Accuracy: 0.9314
Epoch 37/500 - Train Loss: 0.3307, Train Accuracy: 0.9425, Test Loss: 0.3370, Test Accuracy: 0.9327
Epoch 38/500 - Train Loss: 0.3249, Train Accuracy: 0.9425, Test Loss: 0.3315, Test Accuracy: 0.9366
Epoch 39/500 - Train Loss: 0.3385, Train Accuracy: 0.9375, Test Loss: 0.3322, Test Accuracy: 0.9349
Epoch 40/500 - Train Loss: 0.3494, Train Accuracy: 0.9425, Test Loss: 0.3318, Test Accuracy: 0.9371
Epoch 41/500 - Train Loss: 0.3631, Train Accuracy: 0.9375, Test Loss: 0.3188, Test Accuracy: 0.9414
Epoch 42/500 - Train Loss: 0.3140, Train Accuracy: 0.9575, Test Loss: 0.3128, Test Accuracy: 0.9436
Epoch 43/500 - Train Loss: 0.3616, Train Accuracy: 0.9250, Test Loss: 0.3202, Test Accuracy: 0.9379
Epoch 44/500 - Train Loss: 0.3029, Train Accuracy: 0.9550, Test Loss: 0.3196, Test Accuracy: 0.9419
Epoch 45/500 - Train Loss: 0.2862, Train Accuracy: 0.9575, Test Loss: 0.3261, Test Accuracy: 0.9366
Epoch 46/500 - Train Loss: 0.2872, Train Accuracy: 0.9550, Test Loss: 0.3210, Test Accuracy: 0.9388
Epoch 47/500 - Train Loss: 0.2876, Train Accuracy: 0.9600, Test Loss: 0.3146, Test Accuracy: 0.9423
Epoch 48/500 - Train Loss: 0.3029, Train Accuracy: 0.9475, Test Loss: 0.3135, Test Accuracy: 0.9427
Epoch 49/500 - Train Loss: 0.3251, Train Accuracy: 0.9400, Test Loss: 0.3265, Test Accuracy: 0.9358
Epoch 50/500 - Train Loss: 0.2879, Train Accuracy: 0.9575, Test Loss: 0.3193, Test Accuracy: 0.9379
Epoch 51/500 - Train Loss: 0.2959, Train Accuracy: 0.9475, Test Loss: 0.3076, Test Accuracy: 0.9458
Epoch 52/500 - Train Loss: 0.2787, Train Accuracy: 0.9575, Test Loss: 0.3150, Test Accuracy: 0.9414
Epoch 53/500 - Train Loss: 0.2540, Train Accuracy: 0.9700, Test Loss: 0.3076, Test Accuracy: 0.9449
Epoch 54/500 - Train Loss: 0.2739, Train Accuracy: 0.9625, Test Loss: 0.3070, Test Accuracy: 0.9445
Epoch 55/500 - Train Loss: 0.2924, Train Accuracy: 0.9400, Test Loss: 0.3093, Test Accuracy: 0.9449
Epoch 56/500 - Train Loss: 0.2569, Train Accuracy: 0.9625, Test Loss: 0.3165, Test Accuracy: 0.9414
Epoch 57/500 - Train Loss: 0.3094, Train Accuracy: 0.9450, Test Loss: 0.3031, Test Accuracy: 0.9476
Epoch 58/500 - Train Loss: 0.2719, Train Accuracy: 0.9475, Test Loss: 0.3123, Test Accuracy: 0.9436
Epoch 59/500 - Train Loss: 0.2593, Train Accuracy: 0.9625, Test Loss: 0.3185, Test Accuracy: 0.9406
Epoch 60/500 - Train Loss: 0.2610, Train Accuracy: 0.9550, Test Loss: 0.3176, Test Accuracy: 0.9423
Epoch 61/500 - Train Loss: 0.2881, Train Accuracy: 0.9500, Test Loss: 0.3147, Test Accuracy: 0.9419
Epoch 62/500 - Train Loss: 0.2508, Train Accuracy: 0.9675, Test Loss: 0.3317, Test Accuracy: 0.9318
Epoch 63/500 - Train Loss: 0.2876, Train Accuracy: 0.9425, Test Loss: 0.3210, Test Accuracy: 0.9379
Epoch 64/500 - Train Loss: 0.2869, Train Accuracy: 0.9525, Test Loss: 0.3159, Test Accuracy: 0.9362
Epoch 65/500 - Train Loss: 0.2846, Train Accuracy: 0.9500, Test Loss: 0.3114, Test Accuracy: 0.9419
Epoch 66/500 - Train Loss: 0.3211, Train Accuracy: 0.9325, Test Loss: 0.3060, Test Accuracy: 0.9427
Epoch 67/500 - Train Loss: 0.2496, Train Accuracy: 0.9750, Test Loss: 0.3041, Test Accuracy: 0.9441
Epoch 68/500 - Train Loss: 0.2491, Train Accuracy: 0.9625, Test Loss: 0.3062, Test Accuracy: 0.9449
Epoch 69/500 - Train Loss: 0.2560, Train Accuracy: 0.9600, Test Loss: 0.3183, Test Accuracy: 0.9401
Epoch 70/500 - Train Loss: 0.2304, Train Accuracy: 0.9725, Test Loss: 0.3157, Test Accuracy: 0.9432
Epoch 71/500 - Train Loss: 0.2678, Train Accuracy: 0.9675, Test Loss: 0.3202, Test Accuracy: 0.9423
Epoch 72/500 - Train Loss: 0.2642, Train Accuracy: 0.9500, Test Loss: 0.3190, Test Accuracy: 0.9379

Early stopping triggered at epoch 72
Best test loss: 0.3031
Best test accuracy: 0.9476
Plot saved as trained_models/Sweep_data run/metrics/loss.png
Plot saved as trained_models/Sweep_data run/metrics/metrics.png
