Using GPU 0: NVIDIA GeForce RTX 3090
Epoch 1/500 - Train Loss: 2.1064, Train Accuracy: 0.1625, Test Loss: 2.1399, Test Accuracy: 0.0699
Epoch 2/500 - Train Loss: 1.8939, Train Accuracy: 0.2950, Test Loss: 1.8508, Test Accuracy: 0.3483
Epoch 3/500 - Train Loss: 1.7283, Train Accuracy: 0.4150, Test Loss: 1.6007, Test Accuracy: 0.5201
Epoch 4/500 - Train Loss: 1.5760, Train Accuracy: 0.5550, Test Loss: 1.3874, Test Accuracy: 0.6656
Epoch 5/500 - Train Loss: 1.4220, Train Accuracy: 0.6750, Test Loss: 1.2013, Test Accuracy: 0.7635
Epoch 6/500 - Train Loss: 1.2796, Train Accuracy: 0.7350, Test Loss: 1.0564, Test Accuracy: 0.8142
Epoch 7/500 - Train Loss: 1.1545, Train Accuracy: 0.7850, Test Loss: 0.9267, Test Accuracy: 0.8518
Epoch 8/500 - Train Loss: 1.0543, Train Accuracy: 0.7850, Test Loss: 0.8267, Test Accuracy: 0.8767
Epoch 9/500 - Train Loss: 0.9603, Train Accuracy: 0.8300, Test Loss: 0.7267, Test Accuracy: 0.8890
Epoch 10/500 - Train Loss: 0.8218, Train Accuracy: 0.8625, Test Loss: 0.6525, Test Accuracy: 0.8995
Epoch 11/500 - Train Loss: 0.7948, Train Accuracy: 0.8300, Test Loss: 0.5928, Test Accuracy: 0.9113
Epoch 12/500 - Train Loss: 0.7561, Train Accuracy: 0.8750, Test Loss: 0.5469, Test Accuracy: 0.9165
Epoch 13/500 - Train Loss: 0.6975, Train Accuracy: 0.8575, Test Loss: 0.5036, Test Accuracy: 0.9261
Epoch 14/500 - Train Loss: 0.6767, Train Accuracy: 0.8800, Test Loss: 0.4802, Test Accuracy: 0.9270
Epoch 15/500 - Train Loss: 0.6168, Train Accuracy: 0.8875, Test Loss: 0.4524, Test Accuracy: 0.9296
Epoch 16/500 - Train Loss: 0.5745, Train Accuracy: 0.9000, Test Loss: 0.4204, Test Accuracy: 0.9366
Epoch 17/500 - Train Loss: 0.5880, Train Accuracy: 0.8875, Test Loss: 0.3978, Test Accuracy: 0.9414
Epoch 18/500 - Train Loss: 0.5765, Train Accuracy: 0.8750, Test Loss: 0.3981, Test Accuracy: 0.9336
Epoch 19/500 - Train Loss: 0.5016, Train Accuracy: 0.8950, Test Loss: 0.3742, Test Accuracy: 0.9432
Epoch 20/500 - Train Loss: 0.4906, Train Accuracy: 0.9100, Test Loss: 0.3638, Test Accuracy: 0.9441
Epoch 21/500 - Train Loss: 0.4937, Train Accuracy: 0.9075, Test Loss: 0.3559, Test Accuracy: 0.9414
Epoch 22/500 - Train Loss: 0.4739, Train Accuracy: 0.9150, Test Loss: 0.3469, Test Accuracy: 0.9436
Epoch 23/500 - Train Loss: 0.4441, Train Accuracy: 0.9150, Test Loss: 0.3442, Test Accuracy: 0.9462
Epoch 24/500 - Train Loss: 0.4380, Train Accuracy: 0.9275, Test Loss: 0.3344, Test Accuracy: 0.9471
Epoch 25/500 - Train Loss: 0.4498, Train Accuracy: 0.9150, Test Loss: 0.3294, Test Accuracy: 0.9471
Epoch 26/500 - Train Loss: 0.3729, Train Accuracy: 0.9400, Test Loss: 0.3325, Test Accuracy: 0.9445
Epoch 27/500 - Train Loss: 0.3823, Train Accuracy: 0.9250, Test Loss: 0.3291, Test Accuracy: 0.9419
Epoch 28/500 - Train Loss: 0.4191, Train Accuracy: 0.9175, Test Loss: 0.3249, Test Accuracy: 0.9436
Epoch 29/500 - Train Loss: 0.4008, Train Accuracy: 0.9200, Test Loss: 0.3238, Test Accuracy: 0.9410
Epoch 30/500 - Train Loss: 0.3557, Train Accuracy: 0.9450, Test Loss: 0.3240, Test Accuracy: 0.9454
Epoch 31/500 - Train Loss: 0.3240, Train Accuracy: 0.9675, Test Loss: 0.3191, Test Accuracy: 0.9471
Epoch 32/500 - Train Loss: 0.3601, Train Accuracy: 0.9375, Test Loss: 0.3168, Test Accuracy: 0.9454
Epoch 33/500 - Train Loss: 0.3665, Train Accuracy: 0.9300, Test Loss: 0.3167, Test Accuracy: 0.9432
Epoch 34/500 - Train Loss: 0.3517, Train Accuracy: 0.9275, Test Loss: 0.3245, Test Accuracy: 0.9384
Epoch 35/500 - Train Loss: 0.3661, Train Accuracy: 0.9250, Test Loss: 0.3373, Test Accuracy: 0.9323
Epoch 36/500 - Train Loss: 0.3252, Train Accuracy: 0.9550, Test Loss: 0.3119, Test Accuracy: 0.9445
Epoch 37/500 - Train Loss: 0.3250, Train Accuracy: 0.9425, Test Loss: 0.3166, Test Accuracy: 0.9401
Epoch 38/500 - Train Loss: 0.3426, Train Accuracy: 0.9375, Test Loss: 0.3298, Test Accuracy: 0.9344
Epoch 39/500 - Train Loss: 0.3227, Train Accuracy: 0.9425, Test Loss: 0.3161, Test Accuracy: 0.9436
Epoch 40/500 - Train Loss: 0.3183, Train Accuracy: 0.9375, Test Loss: 0.3155, Test Accuracy: 0.9436
Epoch 41/500 - Train Loss: 0.3751, Train Accuracy: 0.9250, Test Loss: 0.3201, Test Accuracy: 0.9401
Epoch 42/500 - Train Loss: 0.3250, Train Accuracy: 0.9400, Test Loss: 0.3127, Test Accuracy: 0.9458
Epoch 43/500 - Train Loss: 0.2747, Train Accuracy: 0.9525, Test Loss: 0.3079, Test Accuracy: 0.9471
Epoch 44/500 - Train Loss: 0.3180, Train Accuracy: 0.9400, Test Loss: 0.3112, Test Accuracy: 0.9445
Epoch 45/500 - Train Loss: 0.2990, Train Accuracy: 0.9500, Test Loss: 0.3258, Test Accuracy: 0.9375
Epoch 46/500 - Train Loss: 0.2886, Train Accuracy: 0.9525, Test Loss: 0.3378, Test Accuracy: 0.9283
Epoch 47/500 - Train Loss: 0.3354, Train Accuracy: 0.9400, Test Loss: 0.3220, Test Accuracy: 0.9375
Epoch 48/500 - Train Loss: 0.2923, Train Accuracy: 0.9450, Test Loss: 0.3062, Test Accuracy: 0.9462
Epoch 49/500 - Train Loss: 0.2773, Train Accuracy: 0.9625, Test Loss: 0.3133, Test Accuracy: 0.9410
Epoch 50/500 - Train Loss: 0.3116, Train Accuracy: 0.9450, Test Loss: 0.3235, Test Accuracy: 0.9371
Epoch 51/500 - Train Loss: 0.2789, Train Accuracy: 0.9525, Test Loss: 0.3244, Test Accuracy: 0.9353
Epoch 52/500 - Train Loss: 0.2539, Train Accuracy: 0.9650, Test Loss: 0.3086, Test Accuracy: 0.9427
Epoch 53/500 - Train Loss: 0.2674, Train Accuracy: 0.9575, Test Loss: 0.3009, Test Accuracy: 0.9506
Epoch 54/500 - Train Loss: 0.2353, Train Accuracy: 0.9750, Test Loss: 0.3005, Test Accuracy: 0.9497
Epoch 55/500 - Train Loss: 0.2690, Train Accuracy: 0.9575, Test Loss: 0.3147, Test Accuracy: 0.9410
Epoch 56/500 - Train Loss: 0.2742, Train Accuracy: 0.9600, Test Loss: 0.3149, Test Accuracy: 0.9388
Epoch 57/500 - Train Loss: 0.2591, Train Accuracy: 0.9725, Test Loss: 0.2994, Test Accuracy: 0.9489
Epoch 58/500 - Train Loss: 0.2571, Train Accuracy: 0.9750, Test Loss: 0.3032, Test Accuracy: 0.9458
Epoch 59/500 - Train Loss: 0.2939, Train Accuracy: 0.9550, Test Loss: 0.3035, Test Accuracy: 0.9436
Epoch 60/500 - Train Loss: 0.2531, Train Accuracy: 0.9700, Test Loss: 0.3040, Test Accuracy: 0.9445
Epoch 61/500 - Train Loss: 0.2668, Train Accuracy: 0.9600, Test Loss: 0.3050, Test Accuracy: 0.9471
Epoch 62/500 - Train Loss: 0.2512, Train Accuracy: 0.9650, Test Loss: 0.3141, Test Accuracy: 0.9358
Epoch 63/500 - Train Loss: 0.2761, Train Accuracy: 0.9575, Test Loss: 0.3125, Test Accuracy: 0.9379
Epoch 64/500 - Train Loss: 0.2582, Train Accuracy: 0.9625, Test Loss: 0.3375, Test Accuracy: 0.9261
Epoch 65/500 - Train Loss: 0.2820, Train Accuracy: 0.9500, Test Loss: 0.3465, Test Accuracy: 0.9226
Epoch 66/500 - Train Loss: 0.2804, Train Accuracy: 0.9600, Test Loss: 0.3176, Test Accuracy: 0.9379
Epoch 67/500 - Train Loss: 0.2556, Train Accuracy: 0.9700, Test Loss: 0.3186, Test Accuracy: 0.9397
Epoch 68/500 - Train Loss: 0.2401, Train Accuracy: 0.9600, Test Loss: 0.3133, Test Accuracy: 0.9401
Epoch 69/500 - Train Loss: 0.2547, Train Accuracy: 0.9575, Test Loss: 0.3166, Test Accuracy: 0.9397
Epoch 70/500 - Train Loss: 0.2460, Train Accuracy: 0.9675, Test Loss: 0.3179, Test Accuracy: 0.9379
Epoch 71/500 - Train Loss: 0.2463, Train Accuracy: 0.9775, Test Loss: 0.3185, Test Accuracy: 0.9379
Epoch 72/500 - Train Loss: 0.2337, Train Accuracy: 0.9700, Test Loss: 0.3235, Test Accuracy: 0.9358

Early stopping triggered at epoch 72
Best test loss: 0.2994
Best test accuracy: 0.9506
Plot saved as trained_models/Sweep_data run/metrics/loss.png
Plot saved as trained_models/Sweep_data run/metrics/metrics.png
