wandb: Starting wandb agent 🕵️
2026-01-10 19:32:00,726 - wandb.wandb_agent - INFO - Running runs: []
2026-01-10 19:32:01,167 - wandb.wandb_agent - INFO - Agent received command: run
2026-01-10 19:32:01,167 - wandb.wandb_agent - INFO - Agent starting run with config:
	affine: 0.1731842333820257
	blur: 0.22401407129112816
	brightness: 1.3634896689893663
	contrast: 1.1296606484472655
	crop: 0.21662697068793435
	crop_scale: 0.8027794421606094
	flip: 0.027294651958931215
	gaussian_blur_kernel: 3
	gaussian_noise_std: 2.309550492987913
	grey: 0.34239973244952204
	hue: -0.07574008094556534
	jiggle: 0.3350749422363065
	rotate: 0.33280106629629624
	rotation: 20
	saturation: 0.901351081625958
	scale: 1.1624733835620935
	shear: 38
	translate_x: 0.035504472960897
	translate_y: 0.2511484919850721
2026-01-10 19:32:01,171 - wandb.wandb_agent - INFO - About to run command: /usr/bin/env python train_data.py --affine=0.1731842333820257 --blur=0.22401407129112816 --brightness=1.3634896689893663 --contrast=1.1296606484472655 --crop=0.21662697068793435 --crop_scale=0.8027794421606094 --flip=0.027294651958931215 --gaussian_blur_kernel=3 --gaussian_noise_std=2.309550492987913 --grey=0.34239973244952204 --hue=-0.07574008094556534 --jiggle=0.3350749422363065 --rotate=0.33280106629629624 --rotation=20 --saturation=0.901351081625958 --scale=1.1624733835620935 --shear=38 --translate_x=0.035504472960897 --translate_y=0.2511484919850721
wandb: Currently logged in as: arnaumarcosalmansa (mcv-team-6) to https://api.wandb.ai. Use `wandb login --relogin` to force relogin
wandb: WARNING Ignoring project 'C3-Week3' when running a sweep.
wandb: WARNING Ignoring entity 'mcv-team-6' when running a sweep.
wandb: setting up run jv5evpd5
2026-01-10 19:32:06,178 - wandb.wandb_agent - INFO - Running runs: ['jv5evpd5']
wandb: Tracking run with wandb version 0.23.1
wandb: Run data is saved locally in /export/home/group06/workspace/project-team-6/Week3/wandb/run-20260110_193205-jv5evpd5
wandb: Run `wandb offline` to turn off syncing.
wandb: Syncing run Sweep run
wandb: ⭐️ View project at https://wandb.ai/mcv-team-6/C3-Week3
wandb: 🧹 View sweep at https://wandb.ai/mcv-team-6/C3-Week3/sweeps/g5vb4edr
wandb: 🚀 View run at https://wandb.ai/mcv-team-6/C3-Week3/runs/jv5evpd5
Traceback (most recent call last):
  File "/export/home/group06/workspace/project-team-6/Week3/train_data.py", line 61, in <module>
    ka.ColorJitter(brightness=cfg.brightness,
  File "/ghome/group06/miniconda3/envs/c3/lib/python3.12/site-packages/kornia/augmentation/_2d/intensity/color_jitter.py", line 105, in __init__
    self._param_generator = rg.ColorJitterGenerator(brightness, contrast, saturation, hue)
                            ^^^^^^^^^^^^^^^^^^^^^^^^^^^^^^^^^^^^^^^^^^^^^^^^^^^^^^^^^^^^^^
  File "/ghome/group06/miniconda3/envs/c3/lib/python3.12/site-packages/kornia/augmentation/random_generator/base.py", line 34, in __call__
    obj.__post_init__()
  File "/ghome/group06/miniconda3/envs/c3/lib/python3.12/site-packages/kornia/augmentation/random_generator/base.py", line 48, in __post_init__
    self.set_rng_device_and_dtype()
  File "/ghome/group06/miniconda3/envs/c3/lib/python3.12/site-packages/kornia/augmentation/random_generator/base.py", line 64, in set_rng_device_and_dtype
    self.make_samplers(device, dtype)
  File "/ghome/group06/miniconda3/envs/c3/lib/python3.12/site-packages/kornia/augmentation/random_generator/_2d/color_jitter.py", line 86, in make_samplers
    hue: Tensor = _range_bound(self.hue, "hue", bounds=(-0.5, 0.5), device=device, dtype=dtype)
                  ^^^^^^^^^^^^^^^^^^^^^^^^^^^^^^^^^^^^^^^^^^^^^^^^^^^^^^^^^^^^^^^^^^^^^^^^^^^^^
  File "/ghome/group06/miniconda3/envs/c3/lib/python3.12/site-packages/kornia/augmentation/utils/param_validation.py", line 53, in _range_bound
    raise ValueError(f"If {name} is a single number, it must be non negative. Got {factor}.")
ValueError: If hue is a single number, it must be non negative. Got -0.07574008405208588.
2026-01-10 19:32:11,324 - wandb.wandb_agent - INFO - Cleaning up finished run: jv5evpd5
wandb: Terminating and syncing runs. Press ctrl-c to kill.
