wandb: Starting wandb agent 🕵️
2026-01-10 19:25:17,884 - wandb.wandb_agent - INFO - Running runs: []
2026-01-10 19:25:18,218 - wandb.wandb_agent - INFO - Agent received command: run
2026-01-10 19:25:18,218 - wandb.wandb_agent - INFO - Agent starting run with config:
	affine: 0.4199837307680938
	blur: 0.15271560892560176
	brightness: 1.1890931558763032
	contrast: 1.000830302059067
	crop: 0.5673316857035898
	crop_scale: 0.494155825074406
	flip: 0.2882239265394777
	gaussian_blur_kernel: 3
	gaussian_noise_std: 2.568098509497334
	grey: 0.7584599326028376
	hue: -0.09580306221762776
	jiggle: 0.14125037410223595
	rotate: 0.8297179724418906
	rotation: 44
	saturation: 0.7016498528302328
	scale: 0.8231438893182884
	shear: 13
	translate_x: 0.16343574498979685
	translate_y: 0.3940795720900876
2026-01-10 19:25:18,222 - wandb.wandb_agent - INFO - About to run command: /usr/bin/env python train_data.py --affine=0.4199837307680938 --blur=0.15271560892560176 --brightness=1.1890931558763032 --contrast=1.000830302059067 --crop=0.5673316857035898 --crop_scale=0.494155825074406 --flip=0.2882239265394777 --gaussian_blur_kernel=3 --gaussian_noise_std=2.568098509497334 --grey=0.7584599326028376 --hue=-0.09580306221762776 --jiggle=0.14125037410223595 --rotate=0.8297179724418906 --rotation=44 --saturation=0.7016498528302328 --scale=0.8231438893182884 --shear=13 --translate_x=0.16343574498979685 --translate_y=0.3940795720900876
wandb: Currently logged in as: arnaumarcosalmansa (mcv-team-6) to https://api.wandb.ai. Use `wandb login --relogin` to force relogin
wandb: WARNING Ignoring project 'C3-Week3' when running a sweep.
wandb: WARNING Ignoring entity 'mcv-team-6' when running a sweep.
2026-01-10 19:25:23,229 - wandb.wandb_agent - INFO - Running runs: ['2oy2cb50']
wandb: setting up run 2oy2cb50
wandb: Tracking run with wandb version 0.23.1
wandb: Run data is saved locally in /export/home/group06/workspace/project-team-6/Week3/wandb/run-20260110_192522-2oy2cb50
wandb: Run `wandb offline` to turn off syncing.
wandb: Syncing run Sweep run
wandb: ⭐️ View project at https://wandb.ai/mcv-team-6/C3-Week3
wandb: 🧹 View sweep at https://wandb.ai/mcv-team-6/C3-Week3/sweeps/g5vb4edr
wandb: 🚀 View run at https://wandb.ai/mcv-team-6/C3-Week3/runs/2oy2cb50
Traceback (most recent call last):
  File "/export/home/group06/workspace/project-team-6/Week3/train_data.py", line 61, in <module>
    ka.ColorJitter(brightness=cfg.brightness,
  File "/ghome/group06/miniconda3/envs/c3/lib/python3.12/site-packages/kornia/augmentation/_2d/intensity/color_jitter.py", line 105, in __init__
    self._param_generator = rg.ColorJitterGenerator(brightness, contrast, saturation, hue)
                            ^^^^^^^^^^^^^^^^^^^^^^^^^^^^^^^^^^^^^^^^^^^^^^^^^^^^^^^^^^^^^^
  File "/ghome/group06/miniconda3/envs/c3/lib/python3.12/site-packages/kornia/augmentation/random_generator/base.py", line 34, in __call__
    obj.__post_init__()
  File "/ghome/group06/miniconda3/envs/c3/lib/python3.12/site-packages/kornia/augmentation/random_generator/base.py", line 48, in __post_init__
    self.set_rng_device_and_dtype()
  File "/ghome/group06/miniconda3/envs/c3/lib/python3.12/site-packages/kornia/augmentation/random_generator/base.py", line 64, in set_rng_device_and_dtype
    self.make_samplers(device, dtype)
  File "/ghome/group06/miniconda3/envs/c3/lib/python3.12/site-packages/kornia/augmentation/random_generator/_2d/color_jitter.py", line 86, in make_samplers
    hue: Tensor = _range_bound(self.hue, "hue", bounds=(-0.5, 0.5), device=device, dtype=dtype)
                  ^^^^^^^^^^^^^^^^^^^^^^^^^^^^^^^^^^^^^^^^^^^^^^^^^^^^^^^^^^^^^^^^^^^^^^^^^^^^^
  File "/ghome/group06/miniconda3/envs/c3/lib/python3.12/site-packages/kornia/augmentation/utils/param_validation.py", line 53, in _range_bound
    raise ValueError(f"If {name} is a single number, it must be non negative. Got {factor}.")
ValueError: If hue is a single number, it must be non negative. Got -0.09580305963754654.
2026-01-10 19:25:28,386 - wandb.wandb_agent - INFO - Cleaning up finished run: 2oy2cb50
wandb: Terminating and syncing runs. Press ctrl-c to kill.
