Using GPU 0: NVIDIA GeForce RTX 3090
Epoch 1/500 - Train Loss: 2.0030, Train Accuracy: 0.2850, Test Loss: 2.0013, Test Accuracy: 0.2614
Epoch 2/500 - Train Loss: 1.8087, Train Accuracy: 0.4800, Test Loss: 1.7674, Test Accuracy: 0.5258
Epoch 3/500 - Train Loss: 1.6390, Train Accuracy: 0.6225, Test Loss: 1.5821, Test Accuracy: 0.6399
Epoch 4/500 - Train Loss: 1.5161, Train Accuracy: 0.6925, Test Loss: 1.4173, Test Accuracy: 0.7426
Epoch 5/500 - Train Loss: 1.3949, Train Accuracy: 0.7400, Test Loss: 1.2946, Test Accuracy: 0.7740
Epoch 6/500 - Train Loss: 1.2769, Train Accuracy: 0.7875, Test Loss: 1.1687, Test Accuracy: 0.8059
Epoch 7/500 - Train Loss: 1.2230, Train Accuracy: 0.7650, Test Loss: 1.0911, Test Accuracy: 0.8230
Epoch 8/500 - Train Loss: 1.1086, Train Accuracy: 0.8075, Test Loss: 0.9994, Test Accuracy: 0.8488
Epoch 9/500 - Train Loss: 1.0458, Train Accuracy: 0.8225, Test Loss: 0.9427, Test Accuracy: 0.8562
Epoch 10/500 - Train Loss: 1.0052, Train Accuracy: 0.8175, Test Loss: 0.8972, Test Accuracy: 0.8601
Epoch 11/500 - Train Loss: 0.9353, Train Accuracy: 0.8525, Test Loss: 0.8306, Test Accuracy: 0.8802
Epoch 12/500 - Train Loss: 0.8736, Train Accuracy: 0.8650, Test Loss: 0.7611, Test Accuracy: 0.8995
Epoch 13/500 - Train Loss: 0.8279, Train Accuracy: 0.8725, Test Loss: 0.7396, Test Accuracy: 0.8986
Epoch 14/500 - Train Loss: 0.7804, Train Accuracy: 0.8950, Test Loss: 0.6863, Test Accuracy: 0.9122
Epoch 15/500 - Train Loss: 0.7593, Train Accuracy: 0.8850, Test Loss: 0.6648, Test Accuracy: 0.9108
Epoch 16/500 - Train Loss: 0.7411, Train Accuracy: 0.8825, Test Loss: 0.6356, Test Accuracy: 0.9187
Epoch 17/500 - Train Loss: 0.7405, Train Accuracy: 0.9025, Test Loss: 0.6170, Test Accuracy: 0.9196
Epoch 18/500 - Train Loss: 0.6931, Train Accuracy: 0.8975, Test Loss: 0.5995, Test Accuracy: 0.9209
Epoch 19/500 - Train Loss: 0.6521, Train Accuracy: 0.9075, Test Loss: 0.5834, Test Accuracy: 0.9279
Epoch 20/500 - Train Loss: 0.6362, Train Accuracy: 0.9175, Test Loss: 0.5740, Test Accuracy: 0.9244
Epoch 21/500 - Train Loss: 0.6499, Train Accuracy: 0.8975, Test Loss: 0.5690, Test Accuracy: 0.9235
Epoch 22/500 - Train Loss: 0.5970, Train Accuracy: 0.9200, Test Loss: 0.5507, Test Accuracy: 0.9292
Epoch 23/500 - Train Loss: 0.5487, Train Accuracy: 0.9550, Test Loss: 0.5475, Test Accuracy: 0.9305
Epoch 24/500 - Train Loss: 0.5668, Train Accuracy: 0.9400, Test Loss: 0.5449, Test Accuracy: 0.9292
Epoch 25/500 - Train Loss: 0.5886, Train Accuracy: 0.9125, Test Loss: 0.5311, Test Accuracy: 0.9279
Epoch 26/500 - Train Loss: 0.5306, Train Accuracy: 0.9400, Test Loss: 0.5170, Test Accuracy: 0.9336
Epoch 27/500 - Train Loss: 0.5606, Train Accuracy: 0.9325, Test Loss: 0.5193, Test Accuracy: 0.9301
Epoch 28/500 - Train Loss: 0.5330, Train Accuracy: 0.9300, Test Loss: 0.5154, Test Accuracy: 0.9327
Epoch 29/500 - Train Loss: 0.5559, Train Accuracy: 0.9325, Test Loss: 0.5122, Test Accuracy: 0.9314
Epoch 30/500 - Train Loss: 0.5154, Train Accuracy: 0.9325, Test Loss: 0.5082, Test Accuracy: 0.9358
Epoch 31/500 - Train Loss: 0.5131, Train Accuracy: 0.9375, Test Loss: 0.5056, Test Accuracy: 0.9318
Epoch 32/500 - Train Loss: 0.4977, Train Accuracy: 0.9450, Test Loss: 0.5039, Test Accuracy: 0.9349
Epoch 33/500 - Train Loss: 0.5015, Train Accuracy: 0.9550, Test Loss: 0.4923, Test Accuracy: 0.9384
Epoch 34/500 - Train Loss: 0.4652, Train Accuracy: 0.9725, Test Loss: 0.4925, Test Accuracy: 0.9375
Epoch 35/500 - Train Loss: 0.4807, Train Accuracy: 0.9650, Test Loss: 0.4915, Test Accuracy: 0.9344
Epoch 36/500 - Train Loss: 0.5071, Train Accuracy: 0.9450, Test Loss: 0.4917, Test Accuracy: 0.9349
Epoch 37/500 - Train Loss: 0.4845, Train Accuracy: 0.9500, Test Loss: 0.4918, Test Accuracy: 0.9314
Epoch 38/500 - Train Loss: 0.4657, Train Accuracy: 0.9600, Test Loss: 0.4939, Test Accuracy: 0.9331
Epoch 39/500 - Train Loss: 0.4696, Train Accuracy: 0.9575, Test Loss: 0.4862, Test Accuracy: 0.9353
Epoch 40/500 - Train Loss: 0.4725, Train Accuracy: 0.9475, Test Loss: 0.4814, Test Accuracy: 0.9392
Epoch 41/500 - Train Loss: 0.4530, Train Accuracy: 0.9500, Test Loss: 0.4816, Test Accuracy: 0.9392
Epoch 42/500 - Train Loss: 0.4546, Train Accuracy: 0.9625, Test Loss: 0.4923, Test Accuracy: 0.9283
Epoch 43/500 - Train Loss: 0.4448, Train Accuracy: 0.9625, Test Loss: 0.4821, Test Accuracy: 0.9353
Epoch 44/500 - Train Loss: 0.4563, Train Accuracy: 0.9600, Test Loss: 0.4871, Test Accuracy: 0.9340
Epoch 45/500 - Train Loss: 0.4272, Train Accuracy: 0.9725, Test Loss: 0.4847, Test Accuracy: 0.9375
Epoch 46/500 - Train Loss: 0.4537, Train Accuracy: 0.9475, Test Loss: 0.4882, Test Accuracy: 0.9371
Epoch 47/500 - Train Loss: 0.4286, Train Accuracy: 0.9650, Test Loss: 0.4862, Test Accuracy: 0.9358
Epoch 48/500 - Train Loss: 0.4373, Train Accuracy: 0.9775, Test Loss: 0.4834, Test Accuracy: 0.9366
Epoch 49/500 - Train Loss: 0.4591, Train Accuracy: 0.9525, Test Loss: 0.4824, Test Accuracy: 0.9362
Epoch 50/500 - Train Loss: 0.4140, Train Accuracy: 0.9650, Test Loss: 0.4855, Test Accuracy: 0.9336
Epoch 51/500 - Train Loss: 0.4104, Train Accuracy: 0.9675, Test Loss: 0.4908, Test Accuracy: 0.9323
Epoch 52/500 - Train Loss: 0.4130, Train Accuracy: 0.9700, Test Loss: 0.4800, Test Accuracy: 0.9392
Epoch 53/500 - Train Loss: 0.4656, Train Accuracy: 0.9450, Test Loss: 0.4878, Test Accuracy: 0.9327
Epoch 54/500 - Train Loss: 0.3940, Train Accuracy: 0.9875, Test Loss: 0.4831, Test Accuracy: 0.9318
Epoch 55/500 - Train Loss: 0.4209, Train Accuracy: 0.9700, Test Loss: 0.4785, Test Accuracy: 0.9353
Epoch 56/500 - Train Loss: 0.4057, Train Accuracy: 0.9675, Test Loss: 0.4785, Test Accuracy: 0.9340
Epoch 57/500 - Train Loss: 0.4262, Train Accuracy: 0.9600, Test Loss: 0.4969, Test Accuracy: 0.9231
Epoch 58/500 - Train Loss: 0.4084, Train Accuracy: 0.9725, Test Loss: 0.4756, Test Accuracy: 0.9353
Epoch 59/500 - Train Loss: 0.4135, Train Accuracy: 0.9800, Test Loss: 0.4918, Test Accuracy: 0.9305
Epoch 60/500 - Train Loss: 0.4133, Train Accuracy: 0.9725, Test Loss: 0.4774, Test Accuracy: 0.9344
Epoch 61/500 - Train Loss: 0.4050, Train Accuracy: 0.9675, Test Loss: 0.4716, Test Accuracy: 0.9392
Epoch 62/500 - Train Loss: 0.3923, Train Accuracy: 0.9650, Test Loss: 0.4768, Test Accuracy: 0.9388
Epoch 63/500 - Train Loss: 0.3920, Train Accuracy: 0.9775, Test Loss: 0.4751, Test Accuracy: 0.9379
Epoch 64/500 - Train Loss: 0.3870, Train Accuracy: 0.9750, Test Loss: 0.4808, Test Accuracy: 0.9353
Epoch 65/500 - Train Loss: 0.4029, Train Accuracy: 0.9650, Test Loss: 0.4747, Test Accuracy: 0.9392
Epoch 66/500 - Train Loss: 0.3729, Train Accuracy: 0.9825, Test Loss: 0.4706, Test Accuracy: 0.9414
Epoch 67/500 - Train Loss: 0.3721, Train Accuracy: 0.9825, Test Loss: 0.4734, Test Accuracy: 0.9397
Epoch 68/500 - Train Loss: 0.3639, Train Accuracy: 0.9875, Test Loss: 0.4697, Test Accuracy: 0.9427
Epoch 69/500 - Train Loss: 0.4000, Train Accuracy: 0.9700, Test Loss: 0.4826, Test Accuracy: 0.9309
Epoch 70/500 - Train Loss: 0.4264, Train Accuracy: 0.9650, Test Loss: 0.4779, Test Accuracy: 0.9344
Epoch 71/500 - Train Loss: 0.3865, Train Accuracy: 0.9800, Test Loss: 0.4733, Test Accuracy: 0.9353
Epoch 72/500 - Train Loss: 0.3998, Train Accuracy: 0.9750, Test Loss: 0.4767, Test Accuracy: 0.9362
Epoch 73/500 - Train Loss: 0.3678, Train Accuracy: 0.9875, Test Loss: 0.4721, Test Accuracy: 0.9379
Epoch 74/500 - Train Loss: 0.3900, Train Accuracy: 0.9700, Test Loss: 0.4775, Test Accuracy: 0.9323
Epoch 75/500 - Train Loss: 0.3738, Train Accuracy: 0.9775, Test Loss: 0.4694, Test Accuracy: 0.9419
Epoch 76/500 - Train Loss: 0.3647, Train Accuracy: 0.9850, Test Loss: 0.4653, Test Accuracy: 0.9423
Epoch 77/500 - Train Loss: 0.3746, Train Accuracy: 0.9775, Test Loss: 0.4695, Test Accuracy: 0.9401
Epoch 78/500 - Train Loss: 0.3589, Train Accuracy: 0.9875, Test Loss: 0.4772, Test Accuracy: 0.9384
Epoch 79/500 - Train Loss: 0.3932, Train Accuracy: 0.9750, Test Loss: 0.4926, Test Accuracy: 0.9288
Epoch 80/500 - Train Loss: 0.3663, Train Accuracy: 0.9875, Test Loss: 0.4824, Test Accuracy: 0.9344
Epoch 81/500 - Train Loss: 0.3832, Train Accuracy: 0.9725, Test Loss: 0.4812, Test Accuracy: 0.9323
Epoch 82/500 - Train Loss: 0.3832, Train Accuracy: 0.9750, Test Loss: 0.4833, Test Accuracy: 0.9309
Epoch 83/500 - Train Loss: 0.3572, Train Accuracy: 0.9925, Test Loss: 0.4725, Test Accuracy: 0.9340
Epoch 84/500 - Train Loss: 0.3675, Train Accuracy: 0.9775, Test Loss: 0.4754, Test Accuracy: 0.9379
Epoch 85/500 - Train Loss: 0.3610, Train Accuracy: 0.9875, Test Loss: 0.4662, Test Accuracy: 0.9397
Epoch 86/500 - Train Loss: 0.3788, Train Accuracy: 0.9875, Test Loss: 0.4710, Test Accuracy: 0.9397
Epoch 87/500 - Train Loss: 0.3734, Train Accuracy: 0.9850, Test Loss: 0.4851, Test Accuracy: 0.9366
Epoch 88/500 - Train Loss: 0.3691, Train Accuracy: 0.9825, Test Loss: 0.4799, Test Accuracy: 0.9392
Epoch 89/500 - Train Loss: 0.3823, Train Accuracy: 0.9750, Test Loss: 0.4718, Test Accuracy: 0.9414
Epoch 90/500 - Train Loss: 0.3530, Train Accuracy: 0.9925, Test Loss: 0.4766, Test Accuracy: 0.9423
Epoch 91/500 - Train Loss: 0.3698, Train Accuracy: 0.9825, Test Loss: 0.4732, Test Accuracy: 0.9379

Early stopping triggered at epoch 91
Best test loss: 0.4653
Best test accuracy: 0.9427
Plot saved as trained_models/Sweep_data run/metrics/loss.png
Plot saved as trained_models/Sweep_data run/metrics/metrics.png
