Using GPU 0: NVIDIA GeForce RTX 3090
Epoch 1/500 - Train Loss: 2.1585, Train Accuracy: 0.1300, Test Loss: 2.1119, Test Accuracy: 0.1163
Epoch 2/500 - Train Loss: 1.9914, Train Accuracy: 0.2500, Test Loss: 1.9662, Test Accuracy: 0.2587
Epoch 3/500 - Train Loss: 1.8166, Train Accuracy: 0.3800, Test Loss: 1.7531, Test Accuracy: 0.4484
Epoch 4/500 - Train Loss: 1.6661, Train Accuracy: 0.5325, Test Loss: 1.5695, Test Accuracy: 0.5887
Epoch 5/500 - Train Loss: 1.5144, Train Accuracy: 0.6125, Test Loss: 1.3888, Test Accuracy: 0.6853
Epoch 6/500 - Train Loss: 1.3998, Train Accuracy: 0.6775, Test Loss: 1.2557, Test Accuracy: 0.7452
Epoch 7/500 - Train Loss: 1.2404, Train Accuracy: 0.7075, Test Loss: 1.1244, Test Accuracy: 0.7885
Epoch 8/500 - Train Loss: 1.1852, Train Accuracy: 0.7475, Test Loss: 1.0003, Test Accuracy: 0.8169
Epoch 9/500 - Train Loss: 1.0817, Train Accuracy: 0.7525, Test Loss: 0.8960, Test Accuracy: 0.8409
Epoch 10/500 - Train Loss: 0.9473, Train Accuracy: 0.8325, Test Loss: 0.8245, Test Accuracy: 0.8553
Epoch 11/500 - Train Loss: 0.8884, Train Accuracy: 0.8225, Test Loss: 0.7565, Test Accuracy: 0.8623
Epoch 12/500 - Train Loss: 0.8569, Train Accuracy: 0.8225, Test Loss: 0.6827, Test Accuracy: 0.8851
Epoch 13/500 - Train Loss: 0.8295, Train Accuracy: 0.8075, Test Loss: 0.6266, Test Accuracy: 0.8916
Epoch 14/500 - Train Loss: 0.7476, Train Accuracy: 0.8400, Test Loss: 0.5748, Test Accuracy: 0.8964
Epoch 15/500 - Train Loss: 0.7040, Train Accuracy: 0.8625, Test Loss: 0.5377, Test Accuracy: 0.9087
Epoch 16/500 - Train Loss: 0.6796, Train Accuracy: 0.8275, Test Loss: 0.5084, Test Accuracy: 0.9126
Epoch 17/500 - Train Loss: 0.6550, Train Accuracy: 0.8350, Test Loss: 0.4946, Test Accuracy: 0.9060
Epoch 18/500 - Train Loss: 0.5936, Train Accuracy: 0.8925, Test Loss: 0.4737, Test Accuracy: 0.9100
Epoch 19/500 - Train Loss: 0.5687, Train Accuracy: 0.8925, Test Loss: 0.4558, Test Accuracy: 0.9122
Epoch 20/500 - Train Loss: 0.5629, Train Accuracy: 0.8850, Test Loss: 0.4393, Test Accuracy: 0.9130
Epoch 21/500 - Train Loss: 0.5304, Train Accuracy: 0.9000, Test Loss: 0.4231, Test Accuracy: 0.9130
Epoch 22/500 - Train Loss: 0.5161, Train Accuracy: 0.8900, Test Loss: 0.4092, Test Accuracy: 0.9165
Epoch 23/500 - Train Loss: 0.4968, Train Accuracy: 0.9025, Test Loss: 0.4000, Test Accuracy: 0.9170
Epoch 24/500 - Train Loss: 0.4496, Train Accuracy: 0.9150, Test Loss: 0.3921, Test Accuracy: 0.9248
Epoch 25/500 - Train Loss: 0.4502, Train Accuracy: 0.9100, Test Loss: 0.3870, Test Accuracy: 0.9226
Epoch 26/500 - Train Loss: 0.4451, Train Accuracy: 0.9075, Test Loss: 0.3843, Test Accuracy: 0.9152
Epoch 27/500 - Train Loss: 0.4200, Train Accuracy: 0.9100, Test Loss: 0.3728, Test Accuracy: 0.9183
Epoch 28/500 - Train Loss: 0.4115, Train Accuracy: 0.9225, Test Loss: 0.3641, Test Accuracy: 0.9222
Epoch 29/500 - Train Loss: 0.4012, Train Accuracy: 0.9175, Test Loss: 0.3624, Test Accuracy: 0.9274
Epoch 30/500 - Train Loss: 0.3786, Train Accuracy: 0.9300, Test Loss: 0.3598, Test Accuracy: 0.9279
Epoch 31/500 - Train Loss: 0.3821, Train Accuracy: 0.9375, Test Loss: 0.3529, Test Accuracy: 0.9314
Epoch 32/500 - Train Loss: 0.3746, Train Accuracy: 0.9425, Test Loss: 0.3498, Test Accuracy: 0.9305
Epoch 33/500 - Train Loss: 0.3740, Train Accuracy: 0.9350, Test Loss: 0.3480, Test Accuracy: 0.9301
Epoch 34/500 - Train Loss: 0.3444, Train Accuracy: 0.9425, Test Loss: 0.3438, Test Accuracy: 0.9358
Epoch 35/500 - Train Loss: 0.3478, Train Accuracy: 0.9450, Test Loss: 0.3416, Test Accuracy: 0.9323
Epoch 36/500 - Train Loss: 0.3626, Train Accuracy: 0.9375, Test Loss: 0.3405, Test Accuracy: 0.9283
Epoch 37/500 - Train Loss: 0.4140, Train Accuracy: 0.9000, Test Loss: 0.3349, Test Accuracy: 0.9323
Epoch 38/500 - Train Loss: 0.3278, Train Accuracy: 0.9375, Test Loss: 0.3317, Test Accuracy: 0.9371
Epoch 39/500 - Train Loss: 0.3362, Train Accuracy: 0.9425, Test Loss: 0.3371, Test Accuracy: 0.9331
Epoch 40/500 - Train Loss: 0.2831, Train Accuracy: 0.9650, Test Loss: 0.3290, Test Accuracy: 0.9379
Epoch 41/500 - Train Loss: 0.3330, Train Accuracy: 0.9275, Test Loss: 0.3339, Test Accuracy: 0.9283
Epoch 42/500 - Train Loss: 0.3168, Train Accuracy: 0.9475, Test Loss: 0.3274, Test Accuracy: 0.9362
Epoch 43/500 - Train Loss: 0.3055, Train Accuracy: 0.9575, Test Loss: 0.3321, Test Accuracy: 0.9314
Epoch 44/500 - Train Loss: 0.3168, Train Accuracy: 0.9400, Test Loss: 0.3350, Test Accuracy: 0.9331
Epoch 45/500 - Train Loss: 0.3187, Train Accuracy: 0.9500, Test Loss: 0.3226, Test Accuracy: 0.9423
Epoch 46/500 - Train Loss: 0.2861, Train Accuracy: 0.9625, Test Loss: 0.3245, Test Accuracy: 0.9384
Epoch 47/500 - Train Loss: 0.2965, Train Accuracy: 0.9525, Test Loss: 0.3206, Test Accuracy: 0.9379
Epoch 48/500 - Train Loss: 0.2705, Train Accuracy: 0.9600, Test Loss: 0.3256, Test Accuracy: 0.9375
Epoch 49/500 - Train Loss: 0.2784, Train Accuracy: 0.9625, Test Loss: 0.3291, Test Accuracy: 0.9358
Epoch 50/500 - Train Loss: 0.3047, Train Accuracy: 0.9500, Test Loss: 0.3249, Test Accuracy: 0.9384
Epoch 51/500 - Train Loss: 0.3033, Train Accuracy: 0.9425, Test Loss: 0.3238, Test Accuracy: 0.9419
Epoch 52/500 - Train Loss: 0.2665, Train Accuracy: 0.9625, Test Loss: 0.3232, Test Accuracy: 0.9406
Epoch 53/500 - Train Loss: 0.2722, Train Accuracy: 0.9600, Test Loss: 0.3158, Test Accuracy: 0.9384
Epoch 54/500 - Train Loss: 0.2577, Train Accuracy: 0.9650, Test Loss: 0.3160, Test Accuracy: 0.9379
Epoch 55/500 - Train Loss: 0.2574, Train Accuracy: 0.9625, Test Loss: 0.3151, Test Accuracy: 0.9410
Epoch 56/500 - Train Loss: 0.2498, Train Accuracy: 0.9675, Test Loss: 0.3090, Test Accuracy: 0.9414
Epoch 57/500 - Train Loss: 0.2621, Train Accuracy: 0.9600, Test Loss: 0.3094, Test Accuracy: 0.9436
Epoch 58/500 - Train Loss: 0.2542, Train Accuracy: 0.9675, Test Loss: 0.3081, Test Accuracy: 0.9476
Epoch 59/500 - Train Loss: 0.2691, Train Accuracy: 0.9625, Test Loss: 0.3103, Test Accuracy: 0.9462
Epoch 60/500 - Train Loss: 0.2347, Train Accuracy: 0.9725, Test Loss: 0.3225, Test Accuracy: 0.9401
Epoch 61/500 - Train Loss: 0.2582, Train Accuracy: 0.9625, Test Loss: 0.3158, Test Accuracy: 0.9445
Epoch 62/500 - Train Loss: 0.2528, Train Accuracy: 0.9675, Test Loss: 0.3177, Test Accuracy: 0.9414
Epoch 63/500 - Train Loss: 0.2533, Train Accuracy: 0.9650, Test Loss: 0.3139, Test Accuracy: 0.9449
Epoch 64/500 - Train Loss: 0.2622, Train Accuracy: 0.9575, Test Loss: 0.3131, Test Accuracy: 0.9436
Epoch 65/500 - Train Loss: 0.2413, Train Accuracy: 0.9750, Test Loss: 0.3117, Test Accuracy: 0.9445
Epoch 66/500 - Train Loss: 0.2427, Train Accuracy: 0.9725, Test Loss: 0.3165, Test Accuracy: 0.9449
Epoch 67/500 - Train Loss: 0.2421, Train Accuracy: 0.9675, Test Loss: 0.3203, Test Accuracy: 0.9388
Epoch 68/500 - Train Loss: 0.2530, Train Accuracy: 0.9650, Test Loss: 0.3269, Test Accuracy: 0.9362
Epoch 69/500 - Train Loss: 0.2324, Train Accuracy: 0.9725, Test Loss: 0.3248, Test Accuracy: 0.9388
Epoch 70/500 - Train Loss: 0.2307, Train Accuracy: 0.9775, Test Loss: 0.3208, Test Accuracy: 0.9414
Epoch 71/500 - Train Loss: 0.2380, Train Accuracy: 0.9725, Test Loss: 0.3214, Test Accuracy: 0.9436

Early stopping triggered at epoch 71
Best test loss: 0.3081
Best test accuracy: 0.9476
Plot saved as trained_models/Sweep_data run/metrics/loss.png
Plot saved as trained_models/Sweep_data run/metrics/metrics.png
