Using GPU 0: NVIDIA GeForce RTX 3090
Epoch 1/500 - Train Loss: 2.0571, Train Accuracy: 0.1850, Test Loss: 2.0024, Test Accuracy: 0.1731
Epoch 2/500 - Train Loss: 1.8617, Train Accuracy: 0.3275, Test Loss: 1.7945, Test Accuracy: 0.4331
Epoch 3/500 - Train Loss: 1.7146, Train Accuracy: 0.4625, Test Loss: 1.6211, Test Accuracy: 0.5463
Epoch 4/500 - Train Loss: 1.5928, Train Accuracy: 0.5825, Test Loss: 1.4669, Test Accuracy: 0.6805
Epoch 5/500 - Train Loss: 1.4391, Train Accuracy: 0.6750, Test Loss: 1.3556, Test Accuracy: 0.7500
Epoch 6/500 - Train Loss: 1.3717, Train Accuracy: 0.7225, Test Loss: 1.2623, Test Accuracy: 0.7985
Epoch 7/500 - Train Loss: 1.2614, Train Accuracy: 0.7500, Test Loss: 1.1763, Test Accuracy: 0.8269
Epoch 8/500 - Train Loss: 1.2037, Train Accuracy: 0.7700, Test Loss: 1.1020, Test Accuracy: 0.8457
Epoch 9/500 - Train Loss: 1.0943, Train Accuracy: 0.8400, Test Loss: 1.0366, Test Accuracy: 0.8510
Epoch 10/500 - Train Loss: 1.0336, Train Accuracy: 0.8300, Test Loss: 0.9657, Test Accuracy: 0.8588
Epoch 11/500 - Train Loss: 0.9853, Train Accuracy: 0.8425, Test Loss: 0.9206, Test Accuracy: 0.8750
Epoch 12/500 - Train Loss: 0.9008, Train Accuracy: 0.8800, Test Loss: 0.8624, Test Accuracy: 0.8811
Epoch 13/500 - Train Loss: 0.8578, Train Accuracy: 0.8825, Test Loss: 0.8232, Test Accuracy: 0.8868
Epoch 14/500 - Train Loss: 0.8242, Train Accuracy: 0.8950, Test Loss: 0.7830, Test Accuracy: 0.8890
Epoch 15/500 - Train Loss: 0.7918, Train Accuracy: 0.8975, Test Loss: 0.7533, Test Accuracy: 0.8999
Epoch 16/500 - Train Loss: 0.7850, Train Accuracy: 0.8700, Test Loss: 0.7211, Test Accuracy: 0.8977
Epoch 17/500 - Train Loss: 0.7125, Train Accuracy: 0.9100, Test Loss: 0.6948, Test Accuracy: 0.9091
Epoch 18/500 - Train Loss: 0.7135, Train Accuracy: 0.8950, Test Loss: 0.6831, Test Accuracy: 0.9087
Epoch 19/500 - Train Loss: 0.6889, Train Accuracy: 0.9250, Test Loss: 0.6534, Test Accuracy: 0.9170
Epoch 20/500 - Train Loss: 0.6602, Train Accuracy: 0.9050, Test Loss: 0.6388, Test Accuracy: 0.9213
Epoch 21/500 - Train Loss: 0.6324, Train Accuracy: 0.9200, Test Loss: 0.6269, Test Accuracy: 0.9213
Epoch 22/500 - Train Loss: 0.6000, Train Accuracy: 0.9375, Test Loss: 0.6166, Test Accuracy: 0.9248
Epoch 23/500 - Train Loss: 0.6005, Train Accuracy: 0.9325, Test Loss: 0.5996, Test Accuracy: 0.9261
Epoch 24/500 - Train Loss: 0.6166, Train Accuracy: 0.9175, Test Loss: 0.5882, Test Accuracy: 0.9292
Epoch 25/500 - Train Loss: 0.5699, Train Accuracy: 0.9400, Test Loss: 0.5792, Test Accuracy: 0.9270
Epoch 26/500 - Train Loss: 0.5737, Train Accuracy: 0.9125, Test Loss: 0.5708, Test Accuracy: 0.9296
Epoch 27/500 - Train Loss: 0.5355, Train Accuracy: 0.9400, Test Loss: 0.5697, Test Accuracy: 0.9274
Epoch 28/500 - Train Loss: 0.5739, Train Accuracy: 0.9375, Test Loss: 0.5615, Test Accuracy: 0.9222
Epoch 29/500 - Train Loss: 0.5373, Train Accuracy: 0.9550, Test Loss: 0.5505, Test Accuracy: 0.9240
Epoch 30/500 - Train Loss: 0.4950, Train Accuracy: 0.9550, Test Loss: 0.5440, Test Accuracy: 0.9274
Epoch 31/500 - Train Loss: 0.5282, Train Accuracy: 0.9450, Test Loss: 0.5307, Test Accuracy: 0.9358
Epoch 32/500 - Train Loss: 0.5011, Train Accuracy: 0.9500, Test Loss: 0.5324, Test Accuracy: 0.9296
Epoch 33/500 - Train Loss: 0.4776, Train Accuracy: 0.9725, Test Loss: 0.5350, Test Accuracy: 0.9288
Epoch 34/500 - Train Loss: 0.5128, Train Accuracy: 0.9300, Test Loss: 0.5249, Test Accuracy: 0.9318
Epoch 35/500 - Train Loss: 0.4985, Train Accuracy: 0.9475, Test Loss: 0.5239, Test Accuracy: 0.9253
Epoch 36/500 - Train Loss: 0.4645, Train Accuracy: 0.9625, Test Loss: 0.5267, Test Accuracy: 0.9248
Epoch 37/500 - Train Loss: 0.4370, Train Accuracy: 0.9775, Test Loss: 0.5206, Test Accuracy: 0.9292
Epoch 38/500 - Train Loss: 0.4527, Train Accuracy: 0.9625, Test Loss: 0.5215, Test Accuracy: 0.9248
Epoch 39/500 - Train Loss: 0.4567, Train Accuracy: 0.9650, Test Loss: 0.5072, Test Accuracy: 0.9318
Epoch 40/500 - Train Loss: 0.4690, Train Accuracy: 0.9525, Test Loss: 0.5011, Test Accuracy: 0.9327
Epoch 41/500 - Train Loss: 0.4681, Train Accuracy: 0.9525, Test Loss: 0.5107, Test Accuracy: 0.9270
Epoch 42/500 - Train Loss: 0.4650, Train Accuracy: 0.9600, Test Loss: 0.4983, Test Accuracy: 0.9336
Epoch 43/500 - Train Loss: 0.4200, Train Accuracy: 0.9750, Test Loss: 0.4940, Test Accuracy: 0.9331
Epoch 44/500 - Train Loss: 0.4325, Train Accuracy: 0.9725, Test Loss: 0.4930, Test Accuracy: 0.9379
Epoch 45/500 - Train Loss: 0.4234, Train Accuracy: 0.9800, Test Loss: 0.4915, Test Accuracy: 0.9392
Epoch 46/500 - Train Loss: 0.4235, Train Accuracy: 0.9675, Test Loss: 0.4908, Test Accuracy: 0.9371
Epoch 47/500 - Train Loss: 0.4249, Train Accuracy: 0.9700, Test Loss: 0.4873, Test Accuracy: 0.9414
Epoch 48/500 - Train Loss: 0.4263, Train Accuracy: 0.9700, Test Loss: 0.4891, Test Accuracy: 0.9384
Epoch 49/500 - Train Loss: 0.4143, Train Accuracy: 0.9800, Test Loss: 0.4894, Test Accuracy: 0.9366
Epoch 50/500 - Train Loss: 0.4199, Train Accuracy: 0.9775, Test Loss: 0.4956, Test Accuracy: 0.9314
Epoch 51/500 - Train Loss: 0.3871, Train Accuracy: 0.9850, Test Loss: 0.5054, Test Accuracy: 0.9288
Epoch 52/500 - Train Loss: 0.4160, Train Accuracy: 0.9775, Test Loss: 0.5102, Test Accuracy: 0.9279
Epoch 53/500 - Train Loss: 0.4219, Train Accuracy: 0.9750, Test Loss: 0.4956, Test Accuracy: 0.9323
Epoch 54/500 - Train Loss: 0.4096, Train Accuracy: 0.9675, Test Loss: 0.4819, Test Accuracy: 0.9375
Epoch 55/500 - Train Loss: 0.4008, Train Accuracy: 0.9725, Test Loss: 0.4905, Test Accuracy: 0.9344
Epoch 56/500 - Train Loss: 0.4238, Train Accuracy: 0.9625, Test Loss: 0.4939, Test Accuracy: 0.9305
Epoch 57/500 - Train Loss: 0.3872, Train Accuracy: 0.9800, Test Loss: 0.4923, Test Accuracy: 0.9344
Epoch 58/500 - Train Loss: 0.4429, Train Accuracy: 0.9600, Test Loss: 0.4956, Test Accuracy: 0.9327
Epoch 59/500 - Train Loss: 0.3906, Train Accuracy: 0.9800, Test Loss: 0.4866, Test Accuracy: 0.9388
Epoch 60/500 - Train Loss: 0.3768, Train Accuracy: 0.9875, Test Loss: 0.4954, Test Accuracy: 0.9305
Epoch 61/500 - Train Loss: 0.3904, Train Accuracy: 0.9825, Test Loss: 0.4842, Test Accuracy: 0.9375
Epoch 62/500 - Train Loss: 0.3854, Train Accuracy: 0.9700, Test Loss: 0.4841, Test Accuracy: 0.9366
Epoch 63/500 - Train Loss: 0.3779, Train Accuracy: 0.9875, Test Loss: 0.4843, Test Accuracy: 0.9379
Epoch 64/500 - Train Loss: 0.3719, Train Accuracy: 0.9900, Test Loss: 0.4917, Test Accuracy: 0.9344
Epoch 65/500 - Train Loss: 0.3670, Train Accuracy: 0.9850, Test Loss: 0.4873, Test Accuracy: 0.9336
Epoch 66/500 - Train Loss: 0.3697, Train Accuracy: 0.9850, Test Loss: 0.4877, Test Accuracy: 0.9340
Epoch 67/500 - Train Loss: 0.3735, Train Accuracy: 0.9875, Test Loss: 0.4887, Test Accuracy: 0.9327
Epoch 68/500 - Train Loss: 0.3783, Train Accuracy: 0.9775, Test Loss: 0.4847, Test Accuracy: 0.9353
Epoch 69/500 - Train Loss: 0.3720, Train Accuracy: 0.9825, Test Loss: 0.4850, Test Accuracy: 0.9349

Early stopping triggered at epoch 69
Best test loss: 0.4819
Best test accuracy: 0.9414
Plot saved as trained_models/Sweep_data run/metrics/loss.png
Plot saved as trained_models/Sweep_data run/metrics/metrics.png
