wandb: Starting wandb agent 🕵️
2026-01-10 20:54:08,031 - wandb.wandb_agent - INFO - Running runs: []
2026-01-10 20:54:08,397 - wandb.wandb_agent - INFO - Agent received command: run
2026-01-10 20:54:08,397 - wandb.wandb_agent - INFO - Agent starting run with config:
	affine: 0.7779117993476341
	blur: 0.9356848584268096
	brightness: 1.036472633468994
	contrast: 1.1905776576495666
	crop: 0.2906197102598208
	crop_scale: 0.6385489714349376
	flip: 0.32882621660112077
	gaussian_blur_kernel: 5
	gaussian_noise_std: 0.01137647833158939
	grey: 0.8964365638994878
	hue: -0.04440947019158057
	jiggle: 0.8678211282880856
	rotate: 0.512992652293291
	rotation: 26
	saturation: 0.9480129949527852
	scale: 1.0053812925950736
	shear: 28
	translate_x: 0.3573949496199526
	translate_y: 0.32817403193138484
2026-01-10 20:54:08,401 - wandb.wandb_agent - INFO - About to run command: /usr/bin/env python train_data.py --affine=0.7779117993476341 --blur=0.9356848584268096 --brightness=1.036472633468994 --contrast=1.1905776576495666 --crop=0.2906197102598208 --crop_scale=0.6385489714349376 --flip=0.32882621660112077 --gaussian_blur_kernel=5 --gaussian_noise_std=0.01137647833158939 --grey=0.8964365638994878 --hue=-0.04440947019158057 --jiggle=0.8678211282880856 --rotate=0.512992652293291 --rotation=26 --saturation=0.9480129949527852 --scale=1.0053812925950736 --shear=28 --translate_x=0.3573949496199526 --translate_y=0.32817403193138484
wandb: Currently logged in as: arnaumarcosalmansa (mcv-team-6) to https://api.wandb.ai. Use `wandb login --relogin` to force relogin
wandb: WARNING Ignoring project 'C3-Week3' when running a sweep.
wandb: WARNING Ignoring entity 'mcv-team-6' when running a sweep.
2026-01-10 20:54:13,408 - wandb.wandb_agent - INFO - Running runs: ['a6zi4u7f']
wandb: setting up run a6zi4u7f
wandb: Tracking run with wandb version 0.23.1
wandb: Run data is saved locally in /export/home/group06/workspace/project-team-6/Week3/wandb/run-20260110_205412-a6zi4u7f
wandb: Run `wandb offline` to turn off syncing.
wandb: Syncing run Sweep run
wandb: ⭐️ View project at https://wandb.ai/mcv-team-6/C3-Week3
wandb: 🧹 View sweep at https://wandb.ai/mcv-team-6/C3-Week3/sweeps/8yeenlu8
wandb: 🚀 View run at https://wandb.ai/mcv-team-6/C3-Week3/runs/a6zi4u7f
Traceback (most recent call last):
  File "/export/home/group06/workspace/project-team-6/Week3/train_data.py", line 61, in <module>
    ka.ColorJitter(brightness=cfg.brightness,
  File "/ghome/group06/miniconda3/envs/c3/lib/python3.12/site-packages/kornia/augmentation/_2d/intensity/color_jitter.py", line 105, in __init__
    self._param_generator = rg.ColorJitterGenerator(brightness, contrast, saturation, hue)
                            ^^^^^^^^^^^^^^^^^^^^^^^^^^^^^^^^^^^^^^^^^^^^^^^^^^^^^^^^^^^^^^
  File "/ghome/group06/miniconda3/envs/c3/lib/python3.12/site-packages/kornia/augmentation/random_generator/base.py", line 34, in __call__
    obj.__post_init__()
  File "/ghome/group06/miniconda3/envs/c3/lib/python3.12/site-packages/kornia/augmentation/random_generator/base.py", line 48, in __post_init__
    self.set_rng_device_and_dtype()
  File "/ghome/group06/miniconda3/envs/c3/lib/python3.12/site-packages/kornia/augmentation/random_generator/base.py", line 64, in set_rng_device_and_dtype
    self.make_samplers(device, dtype)
  File "/ghome/group06/miniconda3/envs/c3/lib/python3.12/site-packages/kornia/augmentation/random_generator/_2d/color_jitter.py", line 86, in make_samplers
    hue: Tensor = _range_bound(self.hue, "hue", bounds=(-0.5, 0.5), device=device, dtype=dtype)
                  ^^^^^^^^^^^^^^^^^^^^^^^^^^^^^^^^^^^^^^^^^^^^^^^^^^^^^^^^^^^^^^^^^^^^^^^^^^^^^
  File "/ghome/group06/miniconda3/envs/c3/lib/python3.12/site-packages/kornia/augmentation/utils/param_validation.py", line 53, in _range_bound
    raise ValueError(f"If {name} is a single number, it must be non negative. Got {factor}.")
ValueError: If hue is a single number, it must be non negative. Got -0.04440946877002716.
2026-01-10 20:54:18,552 - wandb.wandb_agent - INFO - Cleaning up finished run: a6zi4u7f
wandb: Terminating and syncing runs. Press ctrl-c to kill.
