Using GPU 0: NVIDIA GeForce RTX 3090
Epoch 1/500 - Train Loss: 2.0629, Train Accuracy: 0.1625, Test Loss: 2.0269, Test Accuracy: 0.1578
Epoch 2/500 - Train Loss: 1.8113, Train Accuracy: 0.3550, Test Loss: 1.7933, Test Accuracy: 0.3820
Epoch 3/500 - Train Loss: 1.6191, Train Accuracy: 0.5175, Test Loss: 1.5629, Test Accuracy: 0.5852
Epoch 4/500 - Train Loss: 1.4614, Train Accuracy: 0.6850, Test Loss: 1.3549, Test Accuracy: 0.7150
Epoch 5/500 - Train Loss: 1.3252, Train Accuracy: 0.7300, Test Loss: 1.1789, Test Accuracy: 0.7854
Epoch 6/500 - Train Loss: 1.1547, Train Accuracy: 0.7950, Test Loss: 1.0354, Test Accuracy: 0.8217
Epoch 7/500 - Train Loss: 1.0344, Train Accuracy: 0.8450, Test Loss: 0.9087, Test Accuracy: 0.8593
Epoch 8/500 - Train Loss: 0.9417, Train Accuracy: 0.8650, Test Loss: 0.8079, Test Accuracy: 0.8746
Epoch 9/500 - Train Loss: 0.8228, Train Accuracy: 0.8725, Test Loss: 0.7196, Test Accuracy: 0.8960
Epoch 10/500 - Train Loss: 0.7660, Train Accuracy: 0.8625, Test Loss: 0.6406, Test Accuracy: 0.9043
Epoch 11/500 - Train Loss: 0.7197, Train Accuracy: 0.8700, Test Loss: 0.5812, Test Accuracy: 0.9139
Epoch 12/500 - Train Loss: 0.6558, Train Accuracy: 0.8800, Test Loss: 0.5399, Test Accuracy: 0.9213
Epoch 13/500 - Train Loss: 0.6052, Train Accuracy: 0.9050, Test Loss: 0.5015, Test Accuracy: 0.9200
Epoch 14/500 - Train Loss: 0.5491, Train Accuracy: 0.9100, Test Loss: 0.4712, Test Accuracy: 0.9244
Epoch 15/500 - Train Loss: 0.5484, Train Accuracy: 0.9050, Test Loss: 0.4430, Test Accuracy: 0.9296
Epoch 16/500 - Train Loss: 0.5188, Train Accuracy: 0.9050, Test Loss: 0.4230, Test Accuracy: 0.9309
Epoch 17/500 - Train Loss: 0.4891, Train Accuracy: 0.9200, Test Loss: 0.4037, Test Accuracy: 0.9340
Epoch 18/500 - Train Loss: 0.4410, Train Accuracy: 0.9500, Test Loss: 0.3973, Test Accuracy: 0.9327
Epoch 19/500 - Train Loss: 0.4449, Train Accuracy: 0.9225, Test Loss: 0.3840, Test Accuracy: 0.9353
Epoch 20/500 - Train Loss: 0.4146, Train Accuracy: 0.9325, Test Loss: 0.3696, Test Accuracy: 0.9353
Epoch 21/500 - Train Loss: 0.4044, Train Accuracy: 0.9400, Test Loss: 0.3647, Test Accuracy: 0.9366
Epoch 22/500 - Train Loss: 0.3899, Train Accuracy: 0.9275, Test Loss: 0.3625, Test Accuracy: 0.9358
Epoch 23/500 - Train Loss: 0.4009, Train Accuracy: 0.9225, Test Loss: 0.3529, Test Accuracy: 0.9379
Epoch 24/500 - Train Loss: 0.3488, Train Accuracy: 0.9525, Test Loss: 0.3433, Test Accuracy: 0.9384
Epoch 25/500 - Train Loss: 0.3640, Train Accuracy: 0.9350, Test Loss: 0.3379, Test Accuracy: 0.9419
Epoch 26/500 - Train Loss: 0.3646, Train Accuracy: 0.9200, Test Loss: 0.3378, Test Accuracy: 0.9358
Epoch 27/500 - Train Loss: 0.3363, Train Accuracy: 0.9525, Test Loss: 0.3346, Test Accuracy: 0.9371
Epoch 28/500 - Train Loss: 0.3210, Train Accuracy: 0.9625, Test Loss: 0.3257, Test Accuracy: 0.9419
Epoch 29/500 - Train Loss: 0.3250, Train Accuracy: 0.9500, Test Loss: 0.3306, Test Accuracy: 0.9397
Epoch 30/500 - Train Loss: 0.3059, Train Accuracy: 0.9575, Test Loss: 0.3261, Test Accuracy: 0.9419
Epoch 31/500 - Train Loss: 0.2910, Train Accuracy: 0.9750, Test Loss: 0.3206, Test Accuracy: 0.9467
Epoch 32/500 - Train Loss: 0.2644, Train Accuracy: 0.9750, Test Loss: 0.3224, Test Accuracy: 0.9436
Epoch 33/500 - Train Loss: 0.2505, Train Accuracy: 0.9800, Test Loss: 0.3229, Test Accuracy: 0.9401
Epoch 34/500 - Train Loss: 0.2793, Train Accuracy: 0.9625, Test Loss: 0.3201, Test Accuracy: 0.9436
Epoch 35/500 - Train Loss: 0.2861, Train Accuracy: 0.9550, Test Loss: 0.3193, Test Accuracy: 0.9432
Epoch 36/500 - Train Loss: 0.2752, Train Accuracy: 0.9675, Test Loss: 0.3195, Test Accuracy: 0.9436
Epoch 37/500 - Train Loss: 0.2562, Train Accuracy: 0.9750, Test Loss: 0.3203, Test Accuracy: 0.9436
Epoch 38/500 - Train Loss: 0.2509, Train Accuracy: 0.9750, Test Loss: 0.3129, Test Accuracy: 0.9449
Epoch 39/500 - Train Loss: 0.2396, Train Accuracy: 0.9750, Test Loss: 0.3107, Test Accuracy: 0.9467
Epoch 40/500 - Train Loss: 0.2749, Train Accuracy: 0.9600, Test Loss: 0.3098, Test Accuracy: 0.9471
Epoch 41/500 - Train Loss: 0.2261, Train Accuracy: 0.9850, Test Loss: 0.3087, Test Accuracy: 0.9454
Epoch 42/500 - Train Loss: 0.2415, Train Accuracy: 0.9775, Test Loss: 0.3085, Test Accuracy: 0.9467
Epoch 43/500 - Train Loss: 0.2712, Train Accuracy: 0.9675, Test Loss: 0.3112, Test Accuracy: 0.9419
Epoch 44/500 - Train Loss: 0.2223, Train Accuracy: 0.9850, Test Loss: 0.3212, Test Accuracy: 0.9379
Epoch 45/500 - Train Loss: 0.2386, Train Accuracy: 0.9725, Test Loss: 0.3297, Test Accuracy: 0.9336
Epoch 46/500 - Train Loss: 0.2029, Train Accuracy: 0.9925, Test Loss: 0.3135, Test Accuracy: 0.9436
Epoch 47/500 - Train Loss: 0.2219, Train Accuracy: 0.9850, Test Loss: 0.3131, Test Accuracy: 0.9432
Epoch 48/500 - Train Loss: 0.2391, Train Accuracy: 0.9750, Test Loss: 0.3052, Test Accuracy: 0.9441
Epoch 49/500 - Train Loss: 0.2211, Train Accuracy: 0.9775, Test Loss: 0.3022, Test Accuracy: 0.9458
Epoch 50/500 - Train Loss: 0.2133, Train Accuracy: 0.9800, Test Loss: 0.3081, Test Accuracy: 0.9445
Epoch 51/500 - Train Loss: 0.2414, Train Accuracy: 0.9700, Test Loss: 0.3048, Test Accuracy: 0.9467
Epoch 52/500 - Train Loss: 0.2066, Train Accuracy: 0.9875, Test Loss: 0.3007, Test Accuracy: 0.9436
Epoch 53/500 - Train Loss: 0.2224, Train Accuracy: 0.9775, Test Loss: 0.3051, Test Accuracy: 0.9454
Epoch 54/500 - Train Loss: 0.2071, Train Accuracy: 0.9850, Test Loss: 0.3145, Test Accuracy: 0.9414
Epoch 55/500 - Train Loss: 0.2327, Train Accuracy: 0.9725, Test Loss: 0.3106, Test Accuracy: 0.9427
Epoch 56/500 - Train Loss: 0.2184, Train Accuracy: 0.9825, Test Loss: 0.3080, Test Accuracy: 0.9410
Epoch 57/500 - Train Loss: 0.2285, Train Accuracy: 0.9750, Test Loss: 0.3190, Test Accuracy: 0.9392
Epoch 58/500 - Train Loss: 0.2348, Train Accuracy: 0.9725, Test Loss: 0.3223, Test Accuracy: 0.9397
Epoch 59/500 - Train Loss: 0.2235, Train Accuracy: 0.9800, Test Loss: 0.3259, Test Accuracy: 0.9379
Epoch 60/500 - Train Loss: 0.1977, Train Accuracy: 0.9925, Test Loss: 0.3105, Test Accuracy: 0.9423
Epoch 61/500 - Train Loss: 0.1959, Train Accuracy: 0.9800, Test Loss: 0.3070, Test Accuracy: 0.9419
Epoch 62/500 - Train Loss: 0.2055, Train Accuracy: 0.9875, Test Loss: 0.3022, Test Accuracy: 0.9454
Epoch 63/500 - Train Loss: 0.2042, Train Accuracy: 0.9875, Test Loss: 0.3064, Test Accuracy: 0.9427
Epoch 64/500 - Train Loss: 0.1923, Train Accuracy: 0.9875, Test Loss: 0.3078, Test Accuracy: 0.9427
Epoch 65/500 - Train Loss: 0.1855, Train Accuracy: 0.9875, Test Loss: 0.3214, Test Accuracy: 0.9392
Epoch 66/500 - Train Loss: 0.2021, Train Accuracy: 0.9875, Test Loss: 0.3262, Test Accuracy: 0.9388
Epoch 67/500 - Train Loss: 0.1890, Train Accuracy: 0.9875, Test Loss: 0.3139, Test Accuracy: 0.9401

Early stopping triggered at epoch 67
Best test loss: 0.3007
Best test accuracy: 0.9471
Plot saved as trained_models/Sweep_data run/metrics/loss.png
Plot saved as trained_models/Sweep_data run/metrics/metrics.png
