wandb: Starting wandb agent 🕵️
2026-01-10 20:33:16,725 - wandb.wandb_agent - INFO - Running runs: []
2026-01-10 20:33:17,029 - wandb.wandb_agent - INFO - Agent received command: run
2026-01-10 20:33:17,029 - wandb.wandb_agent - INFO - Agent starting run with config:
	affine: 0.4642843719803318
	blur: 0.6733114993383182
	brightness: 0.7221260798188637
	contrast: 0.6907948297517548
	crop: 0.4216485372884581
	crop_scale: 0.4937355606933768
	flip: 0.27191276234441286
	gaussian_blur_kernel: 9
	gaussian_noise_std: 2.6801787325213993
	grey: 0.031107930785047477
	hue: -0.002971162436666952
	jiggle: 0.03410993638785531
	rotate: 0.6356754309471568
	rotation: 47
	saturation: 1.2019350112780298
	scale: 1.0650220926380924
	shear: 10
	translate_x: 0.09050066260955508
	translate_y: 0.31236262940756454
2026-01-10 20:33:17,033 - wandb.wandb_agent - INFO - About to run command: /usr/bin/env python train_data.py --affine=0.4642843719803318 --blur=0.6733114993383182 --brightness=0.7221260798188637 --contrast=0.6907948297517548 --crop=0.4216485372884581 --crop_scale=0.4937355606933768 --flip=0.27191276234441286 --gaussian_blur_kernel=9 --gaussian_noise_std=2.6801787325213993 --grey=0.031107930785047477 --hue=-0.002971162436666952 --jiggle=0.03410993638785531 --rotate=0.6356754309471568 --rotation=47 --saturation=1.2019350112780298 --scale=1.0650220926380924 --shear=10 --translate_x=0.09050066260955508 --translate_y=0.31236262940756454
wandb: Currently logged in as: arnaumarcosalmansa (mcv-team-6) to https://api.wandb.ai. Use `wandb login --relogin` to force relogin
wandb: WARNING Ignoring project 'C3-Week3' when running a sweep.
wandb: WARNING Ignoring entity 'mcv-team-6' when running a sweep.
2026-01-10 20:33:22,040 - wandb.wandb_agent - INFO - Running runs: ['29kbg8hk']
wandb: setting up run 29kbg8hk
wandb: Tracking run with wandb version 0.23.1
wandb: Run data is saved locally in /export/home/group06/workspace/project-team-6/Week3/wandb/run-20260110_203321-29kbg8hk
wandb: Run `wandb offline` to turn off syncing.
wandb: Syncing run Sweep run
wandb: ⭐️ View project at https://wandb.ai/mcv-team-6/C3-Week3
wandb: 🧹 View sweep at https://wandb.ai/mcv-team-6/C3-Week3/sweeps/g5vb4edr
wandb: 🚀 View run at https://wandb.ai/mcv-team-6/C3-Week3/runs/29kbg8hk
Traceback (most recent call last):
  File "/export/home/group06/workspace/project-team-6/Week3/train_data.py", line 61, in <module>
    ka.ColorJitter(brightness=cfg.brightness,
  File "/ghome/group06/miniconda3/envs/c3/lib/python3.12/site-packages/kornia/augmentation/_2d/intensity/color_jitter.py", line 105, in __init__
    self._param_generator = rg.ColorJitterGenerator(brightness, contrast, saturation, hue)
                            ^^^^^^^^^^^^^^^^^^^^^^^^^^^^^^^^^^^^^^^^^^^^^^^^^^^^^^^^^^^^^^
  File "/ghome/group06/miniconda3/envs/c3/lib/python3.12/site-packages/kornia/augmentation/random_generator/base.py", line 34, in __call__
    obj.__post_init__()
  File "/ghome/group06/miniconda3/envs/c3/lib/python3.12/site-packages/kornia/augmentation/random_generator/base.py", line 48, in __post_init__
    self.set_rng_device_and_dtype()
  File "/ghome/group06/miniconda3/envs/c3/lib/python3.12/site-packages/kornia/augmentation/random_generator/base.py", line 64, in set_rng_device_and_dtype
    self.make_samplers(device, dtype)
  File "/ghome/group06/miniconda3/envs/c3/lib/python3.12/site-packages/kornia/augmentation/random_generator/_2d/color_jitter.py", line 86, in make_samplers
    hue: Tensor = _range_bound(self.hue, "hue", bounds=(-0.5, 0.5), device=device, dtype=dtype)
                  ^^^^^^^^^^^^^^^^^^^^^^^^^^^^^^^^^^^^^^^^^^^^^^^^^^^^^^^^^^^^^^^^^^^^^^^^^^^^^
  File "/ghome/group06/miniconda3/envs/c3/lib/python3.12/site-packages/kornia/augmentation/utils/param_validation.py", line 53, in _range_bound
    raise ValueError(f"If {name} is a single number, it must be non negative. Got {factor}.")
ValueError: If hue is a single number, it must be non negative. Got -0.0029711623210459948.
2026-01-10 20:33:27,184 - wandb.wandb_agent - INFO - Cleaning up finished run: 29kbg8hk
wandb: Terminating and syncing runs. Press ctrl-c to kill.
