wandb: Starting wandb agent 🕵️
2026-01-10 20:40:16,368 - wandb.wandb_agent - INFO - Running runs: []
2026-01-10 20:40:17,233 - wandb.wandb_agent - INFO - Agent received command: run
2026-01-10 20:40:17,233 - wandb.wandb_agent - INFO - Agent starting run with config:
	affine: 0.5334771340303708
	blur: 0.33113447192906886
	brightness: 0.6530904275035136
	contrast: 1.1566763440765664
	crop: 0.08711605480491047
	crop_scale: 0.8570249609842524
	flip: 0.7138032935475938
	gaussian_blur_kernel: 3
	gaussian_noise_std: 1.5348455713628226
	grey: 0.946397516198162
	hue: -0.018065110736821044
	jiggle: 0.6814629290247658
	rotate: 0.9085204110744506
	rotation: 24
	saturation: 0.9392587998734486
	scale: 1.166456291178176
	shear: 3
	translate_x: 0.08166561566436066
	translate_y: 0.08375614025699259
2026-01-10 20:40:17,237 - wandb.wandb_agent - INFO - About to run command: /usr/bin/env python train_data.py --affine=0.5334771340303708 --blur=0.33113447192906886 --brightness=0.6530904275035136 --contrast=1.1566763440765664 --crop=0.08711605480491047 --crop_scale=0.8570249609842524 --flip=0.7138032935475938 --gaussian_blur_kernel=3 --gaussian_noise_std=1.5348455713628226 --grey=0.946397516198162 --hue=-0.018065110736821044 --jiggle=0.6814629290247658 --rotate=0.9085204110744506 --rotation=24 --saturation=0.9392587998734486 --scale=1.166456291178176 --shear=3 --translate_x=0.08166561566436066 --translate_y=0.08375614025699259
wandb: Currently logged in as: arnaumarcosalmansa (mcv-team-6) to https://api.wandb.ai. Use `wandb login --relogin` to force relogin
wandb: WARNING Ignoring project 'C3-Week3' when running a sweep.
wandb: WARNING Ignoring entity 'mcv-team-6' when running a sweep.
2026-01-10 20:40:22,243 - wandb.wandb_agent - INFO - Running runs: ['aij14hx1']
wandb: setting up run aij14hx1
wandb: Tracking run with wandb version 0.23.1
wandb: Run data is saved locally in /export/home/group06/workspace/project-team-6/Week3/wandb/run-20260110_204021-aij14hx1
wandb: Run `wandb offline` to turn off syncing.
wandb: Syncing run Sweep run
wandb: ⭐️ View project at https://wandb.ai/mcv-team-6/C3-Week3
wandb: 🧹 View sweep at https://wandb.ai/mcv-team-6/C3-Week3/sweeps/8yeenlu8
wandb: 🚀 View run at https://wandb.ai/mcv-team-6/C3-Week3/runs/aij14hx1
Traceback (most recent call last):
  File "/export/home/group06/workspace/project-team-6/Week3/train_data.py", line 61, in <module>
    ka.ColorJitter(brightness=cfg.brightness,
  File "/ghome/group06/miniconda3/envs/c3/lib/python3.12/site-packages/kornia/augmentation/_2d/intensity/color_jitter.py", line 105, in __init__
    self._param_generator = rg.ColorJitterGenerator(brightness, contrast, saturation, hue)
                            ^^^^^^^^^^^^^^^^^^^^^^^^^^^^^^^^^^^^^^^^^^^^^^^^^^^^^^^^^^^^^^
  File "/ghome/group06/miniconda3/envs/c3/lib/python3.12/site-packages/kornia/augmentation/random_generator/base.py", line 34, in __call__
    obj.__post_init__()
  File "/ghome/group06/miniconda3/envs/c3/lib/python3.12/site-packages/kornia/augmentation/random_generator/base.py", line 48, in __post_init__
    self.set_rng_device_and_dtype()
  File "/ghome/group06/miniconda3/envs/c3/lib/python3.12/site-packages/kornia/augmentation/random_generator/base.py", line 64, in set_rng_device_and_dtype
    self.make_samplers(device, dtype)
  File "/ghome/group06/miniconda3/envs/c3/lib/python3.12/site-packages/kornia/augmentation/random_generator/_2d/color_jitter.py", line 86, in make_samplers
    hue: Tensor = _range_bound(self.hue, "hue", bounds=(-0.5, 0.5), device=device, dtype=dtype)
                  ^^^^^^^^^^^^^^^^^^^^^^^^^^^^^^^^^^^^^^^^^^^^^^^^^^^^^^^^^^^^^^^^^^^^^^^^^^^^^
  File "/ghome/group06/miniconda3/envs/c3/lib/python3.12/site-packages/kornia/augmentation/utils/param_validation.py", line 53, in _range_bound
    raise ValueError(f"If {name} is a single number, it must be non negative. Got {factor}.")
ValueError: If hue is a single number, it must be non negative. Got -0.018065109848976135.
2026-01-10 20:40:27,388 - wandb.wandb_agent - INFO - Cleaning up finished run: aij14hx1
wandb: Terminating and syncing runs. Press ctrl-c to kill.
