wandb: Starting wandb agent 🕵️
2026-01-10 20:07:23,090 - wandb.wandb_agent - INFO - Running runs: []
2026-01-10 20:07:23,401 - wandb.wandb_agent - INFO - Agent received command: run
2026-01-10 20:07:23,401 - wandb.wandb_agent - INFO - Agent starting run with config:
	affine: 0.9071920321643652
	blur: 0.13632456872447085
	brightness: 0.6988730461409745
	contrast: 1.3693257190029724
	crop: 0.0266507294775139
	crop_scale: 0.7621797786814319
	flip: 0.2645718376981502
	gaussian_blur_kernel: 5
	gaussian_noise_std: 0.7081778212530683
	grey: 0.7279734870738155
	hue: -0.03472804339960463
	jiggle: 0.17825269907052033
	rotate: 0.7621366784937739
	rotation: 47
	saturation: 0.6091273027211053
	scale: 1.050551222743921
	shear: 16
	translate_x: 0.010614525095057429
	translate_y: 0.25470374305833626
2026-01-10 20:07:23,405 - wandb.wandb_agent - INFO - About to run command: /usr/bin/env python train_data.py --affine=0.9071920321643652 --blur=0.13632456872447085 --brightness=0.6988730461409745 --contrast=1.3693257190029724 --crop=0.0266507294775139 --crop_scale=0.7621797786814319 --flip=0.2645718376981502 --gaussian_blur_kernel=5 --gaussian_noise_std=0.7081778212530683 --grey=0.7279734870738155 --hue=-0.03472804339960463 --jiggle=0.17825269907052033 --rotate=0.7621366784937739 --rotation=47 --saturation=0.6091273027211053 --scale=1.050551222743921 --shear=16 --translate_x=0.010614525095057429 --translate_y=0.25470374305833626
wandb: Currently logged in as: arnaumarcosalmansa (mcv-team-6) to https://api.wandb.ai. Use `wandb login --relogin` to force relogin
wandb: WARNING Ignoring project 'C3-Week3' when running a sweep.
wandb: WARNING Ignoring entity 'mcv-team-6' when running a sweep.
2026-01-10 20:07:28,412 - wandb.wandb_agent - INFO - Running runs: ['lup854l9']
wandb: setting up run lup854l9
wandb: Tracking run with wandb version 0.23.1
wandb: Run data is saved locally in /export/home/group06/workspace/project-team-6/Week3/wandb/run-20260110_200727-lup854l9
wandb: Run `wandb offline` to turn off syncing.
wandb: Syncing run Sweep run
wandb: ⭐️ View project at https://wandb.ai/mcv-team-6/C3-Week3
wandb: 🧹 View sweep at https://wandb.ai/mcv-team-6/C3-Week3/sweeps/g5vb4edr
wandb: 🚀 View run at https://wandb.ai/mcv-team-6/C3-Week3/runs/lup854l9
Traceback (most recent call last):
  File "/export/home/group06/workspace/project-team-6/Week3/train_data.py", line 61, in <module>
    ka.ColorJitter(brightness=cfg.brightness,
  File "/ghome/group06/miniconda3/envs/c3/lib/python3.12/site-packages/kornia/augmentation/_2d/intensity/color_jitter.py", line 105, in __init__
    self._param_generator = rg.ColorJitterGenerator(brightness, contrast, saturation, hue)
                            ^^^^^^^^^^^^^^^^^^^^^^^^^^^^^^^^^^^^^^^^^^^^^^^^^^^^^^^^^^^^^^
  File "/ghome/group06/miniconda3/envs/c3/lib/python3.12/site-packages/kornia/augmentation/random_generator/base.py", line 34, in __call__
    obj.__post_init__()
  File "/ghome/group06/miniconda3/envs/c3/lib/python3.12/site-packages/kornia/augmentation/random_generator/base.py", line 48, in __post_init__
    self.set_rng_device_and_dtype()
  File "/ghome/group06/miniconda3/envs/c3/lib/python3.12/site-packages/kornia/augmentation/random_generator/base.py", line 64, in set_rng_device_and_dtype
    self.make_samplers(device, dtype)
  File "/ghome/group06/miniconda3/envs/c3/lib/python3.12/site-packages/kornia/augmentation/random_generator/_2d/color_jitter.py", line 86, in make_samplers
    hue: Tensor = _range_bound(self.hue, "hue", bounds=(-0.5, 0.5), device=device, dtype=dtype)
                  ^^^^^^^^^^^^^^^^^^^^^^^^^^^^^^^^^^^^^^^^^^^^^^^^^^^^^^^^^^^^^^^^^^^^^^^^^^^^^
  File "/ghome/group06/miniconda3/envs/c3/lib/python3.12/site-packages/kornia/augmentation/utils/param_validation.py", line 53, in _range_bound
    raise ValueError(f"If {name} is a single number, it must be non negative. Got {factor}.")
ValueError: If hue is a single number, it must be non negative. Got -0.034728042781353.
2026-01-10 20:07:33,556 - wandb.wandb_agent - INFO - Cleaning up finished run: lup854l9
wandb: Terminating and syncing runs. Press ctrl-c to kill.
