wandb: Starting wandb agent 🕵️
2026-01-10 19:03:42,713 - wandb.wandb_agent - INFO - Running runs: []
2026-01-10 19:03:43,061 - wandb.wandb_agent - INFO - Agent received command: run
2026-01-10 19:03:43,061 - wandb.wandb_agent - INFO - Agent starting run with config:
	affine: 0.8573306146204542
	blur: 0.26069355478583844
	brightness: 1.0462702441357434
	contrast: 0.6014417585520903
	crop: 0.38358478575025334
	crop_scale: 0.5154942577249346
	flip: 0.537887739350058
	gaussian_blur_kernel: 9
	gaussian_noise_std: 2.9485447694793483
	grey: 0.989169201844764
	hue: -0.006494003116522901
	jiggle: 0.6562673218212101
	rotate: 0.2521441598545118
	rotation: 42
	saturation: 0.9927075704242028
	scale: 1.063746828189762
	shear: 40
	translate_x: 0.15008245561551772
	translate_y: 0.3076617386151477
2026-01-10 19:03:43,065 - wandb.wandb_agent - INFO - About to run command: /usr/bin/env python train_data.py --affine=0.8573306146204542 --blur=0.26069355478583844 --brightness=1.0462702441357434 --contrast=0.6014417585520903 --crop=0.38358478575025334 --crop_scale=0.5154942577249346 --flip=0.537887739350058 --gaussian_blur_kernel=9 --gaussian_noise_std=2.9485447694793483 --grey=0.989169201844764 --hue=-0.006494003116522901 --jiggle=0.6562673218212101 --rotate=0.2521441598545118 --rotation=42 --saturation=0.9927075704242028 --scale=1.063746828189762 --shear=40 --translate_x=0.15008245561551772 --translate_y=0.3076617386151477
wandb: Currently logged in as: arnaumarcosalmansa (mcv-team-6) to https://api.wandb.ai. Use `wandb login --relogin` to force relogin
wandb: WARNING Ignoring project 'C3-Week3' when running a sweep.
wandb: WARNING Ignoring entity 'mcv-team-6' when running a sweep.
wandb: setting up run n9mxpp7f
2026-01-10 19:03:48,072 - wandb.wandb_agent - INFO - Running runs: ['n9mxpp7f']
wandb: Tracking run with wandb version 0.23.1
wandb: Run data is saved locally in /export/home/group06/workspace/project-team-6/Week3/wandb/run-20260110_190347-n9mxpp7f
wandb: Run `wandb offline` to turn off syncing.
wandb: Syncing run Sweep run
wandb: ⭐️ View project at https://wandb.ai/mcv-team-6/C3-Week3
wandb: 🧹 View sweep at https://wandb.ai/mcv-team-6/C3-Week3/sweeps/g5vb4edr
wandb: 🚀 View run at https://wandb.ai/mcv-team-6/C3-Week3/runs/n9mxpp7f
Traceback (most recent call last):
  File "/export/home/group06/workspace/project-team-6/Week3/train_data.py", line 61, in <module>
    ka.ColorJitter(brightness=cfg.brightness,
  File "/ghome/group06/miniconda3/envs/c3/lib/python3.12/site-packages/kornia/augmentation/_2d/intensity/color_jitter.py", line 105, in __init__
    self._param_generator = rg.ColorJitterGenerator(brightness, contrast, saturation, hue)
                            ^^^^^^^^^^^^^^^^^^^^^^^^^^^^^^^^^^^^^^^^^^^^^^^^^^^^^^^^^^^^^^
  File "/ghome/group06/miniconda3/envs/c3/lib/python3.12/site-packages/kornia/augmentation/random_generator/base.py", line 34, in __call__
    obj.__post_init__()
  File "/ghome/group06/miniconda3/envs/c3/lib/python3.12/site-packages/kornia/augmentation/random_generator/base.py", line 48, in __post_init__
    self.set_rng_device_and_dtype()
  File "/ghome/group06/miniconda3/envs/c3/lib/python3.12/site-packages/kornia/augmentation/random_generator/base.py", line 64, in set_rng_device_and_dtype
    self.make_samplers(device, dtype)
  File "/ghome/group06/miniconda3/envs/c3/lib/python3.12/site-packages/kornia/augmentation/random_generator/_2d/color_jitter.py", line 86, in make_samplers
    hue: Tensor = _range_bound(self.hue, "hue", bounds=(-0.5, 0.5), device=device, dtype=dtype)
                  ^^^^^^^^^^^^^^^^^^^^^^^^^^^^^^^^^^^^^^^^^^^^^^^^^^^^^^^^^^^^^^^^^^^^^^^^^^^^^
  File "/ghome/group06/miniconda3/envs/c3/lib/python3.12/site-packages/kornia/augmentation/utils/param_validation.py", line 53, in _range_bound
    raise ValueError(f"If {name} is a single number, it must be non negative. Got {factor}.")
ValueError: If hue is a single number, it must be non negative. Got -0.006494003348052502.
2026-01-10 19:03:53,243 - wandb.wandb_agent - INFO - Cleaning up finished run: n9mxpp7f
wandb: Terminating and syncing runs. Press ctrl-c to kill.
