Using GPU 0: NVIDIA GeForce RTX 3090
Epoch 1/500 - Train Loss: 2.0865, Train Accuracy: 0.1525, Test Loss: 2.0480, Test Accuracy: 0.1993
Epoch 2/500 - Train Loss: 1.8972, Train Accuracy: 0.2600, Test Loss: 1.8310, Test Accuracy: 0.4441
Epoch 3/500 - Train Loss: 1.7011, Train Accuracy: 0.4800, Test Loss: 1.6413, Test Accuracy: 0.5905
Epoch 4/500 - Train Loss: 1.5441, Train Accuracy: 0.6175, Test Loss: 1.4765, Test Accuracy: 0.7010
Epoch 5/500 - Train Loss: 1.3888, Train Accuracy: 0.7150, Test Loss: 1.3153, Test Accuracy: 0.7649
Epoch 6/500 - Train Loss: 1.2640, Train Accuracy: 0.7525, Test Loss: 1.1680, Test Accuracy: 0.7963
Epoch 7/500 - Train Loss: 1.1280, Train Accuracy: 0.7900, Test Loss: 1.0509, Test Accuracy: 0.8260
Epoch 8/500 - Train Loss: 1.0478, Train Accuracy: 0.8125, Test Loss: 0.9178, Test Accuracy: 0.8488
Epoch 9/500 - Train Loss: 0.9393, Train Accuracy: 0.8350, Test Loss: 0.8417, Test Accuracy: 0.8636
Epoch 10/500 - Train Loss: 0.8543, Train Accuracy: 0.8375, Test Loss: 0.7698, Test Accuracy: 0.8737
Epoch 11/500 - Train Loss: 0.7895, Train Accuracy: 0.8275, Test Loss: 0.6964, Test Accuracy: 0.8890
Epoch 12/500 - Train Loss: 0.7664, Train Accuracy: 0.8500, Test Loss: 0.6363, Test Accuracy: 0.8973
Epoch 13/500 - Train Loss: 0.7025, Train Accuracy: 0.8575, Test Loss: 0.5964, Test Accuracy: 0.9012
Epoch 14/500 - Train Loss: 0.6502, Train Accuracy: 0.8700, Test Loss: 0.5587, Test Accuracy: 0.9030
Epoch 15/500 - Train Loss: 0.6453, Train Accuracy: 0.8775, Test Loss: 0.5336, Test Accuracy: 0.9091
Epoch 16/500 - Train Loss: 0.5951, Train Accuracy: 0.8775, Test Loss: 0.5078, Test Accuracy: 0.9082
Epoch 17/500 - Train Loss: 0.5599, Train Accuracy: 0.8925, Test Loss: 0.4774, Test Accuracy: 0.9130
Epoch 18/500 - Train Loss: 0.5333, Train Accuracy: 0.9050, Test Loss: 0.4565, Test Accuracy: 0.9222
Epoch 19/500 - Train Loss: 0.5437, Train Accuracy: 0.8825, Test Loss: 0.4539, Test Accuracy: 0.9117
Epoch 20/500 - Train Loss: 0.4929, Train Accuracy: 0.9050, Test Loss: 0.4458, Test Accuracy: 0.9161
Epoch 21/500 - Train Loss: 0.5092, Train Accuracy: 0.9050, Test Loss: 0.4447, Test Accuracy: 0.9130
Epoch 22/500 - Train Loss: 0.4323, Train Accuracy: 0.9400, Test Loss: 0.4302, Test Accuracy: 0.9170
Epoch 23/500 - Train Loss: 0.4351, Train Accuracy: 0.9100, Test Loss: 0.4296, Test Accuracy: 0.9170
Epoch 24/500 - Train Loss: 0.4175, Train Accuracy: 0.9300, Test Loss: 0.4121, Test Accuracy: 0.9209
Epoch 25/500 - Train Loss: 0.4000, Train Accuracy: 0.9475, Test Loss: 0.4200, Test Accuracy: 0.9130
Epoch 26/500 - Train Loss: 0.4024, Train Accuracy: 0.9350, Test Loss: 0.4339, Test Accuracy: 0.9065
Epoch 27/500 - Train Loss: 0.4012, Train Accuracy: 0.9200, Test Loss: 0.4133, Test Accuracy: 0.9095
Epoch 28/500 - Train Loss: 0.3410, Train Accuracy: 0.9450, Test Loss: 0.3957, Test Accuracy: 0.9174
Epoch 29/500 - Train Loss: 0.3738, Train Accuracy: 0.9300, Test Loss: 0.3891, Test Accuracy: 0.9209
Epoch 30/500 - Train Loss: 0.3798, Train Accuracy: 0.9450, Test Loss: 0.3850, Test Accuracy: 0.9196
Epoch 31/500 - Train Loss: 0.3742, Train Accuracy: 0.9400, Test Loss: 0.3932, Test Accuracy: 0.9126
Epoch 32/500 - Train Loss: 0.3315, Train Accuracy: 0.9500, Test Loss: 0.3785, Test Accuracy: 0.9209
Epoch 33/500 - Train Loss: 0.3083, Train Accuracy: 0.9575, Test Loss: 0.3735, Test Accuracy: 0.9226
Epoch 34/500 - Train Loss: 0.3463, Train Accuracy: 0.9425, Test Loss: 0.3675, Test Accuracy: 0.9274
Epoch 35/500 - Train Loss: 0.3332, Train Accuracy: 0.9400, Test Loss: 0.3729, Test Accuracy: 0.9257
Epoch 36/500 - Train Loss: 0.3204, Train Accuracy: 0.9450, Test Loss: 0.3711, Test Accuracy: 0.9257
Epoch 37/500 - Train Loss: 0.3044, Train Accuracy: 0.9500, Test Loss: 0.3639, Test Accuracy: 0.9253
Epoch 38/500 - Train Loss: 0.3159, Train Accuracy: 0.9450, Test Loss: 0.3590, Test Accuracy: 0.9279
Epoch 39/500 - Train Loss: 0.2683, Train Accuracy: 0.9700, Test Loss: 0.3680, Test Accuracy: 0.9222
Epoch 40/500 - Train Loss: 0.2978, Train Accuracy: 0.9650, Test Loss: 0.3652, Test Accuracy: 0.9231
Epoch 41/500 - Train Loss: 0.2822, Train Accuracy: 0.9700, Test Loss: 0.3699, Test Accuracy: 0.9222
Epoch 42/500 - Train Loss: 0.2705, Train Accuracy: 0.9600, Test Loss: 0.3556, Test Accuracy: 0.9283
Epoch 43/500 - Train Loss: 0.2866, Train Accuracy: 0.9625, Test Loss: 0.3583, Test Accuracy: 0.9279
Epoch 44/500 - Train Loss: 0.2754, Train Accuracy: 0.9625, Test Loss: 0.3640, Test Accuracy: 0.9226
Epoch 45/500 - Train Loss: 0.2571, Train Accuracy: 0.9725, Test Loss: 0.3703, Test Accuracy: 0.9191
Epoch 46/500 - Train Loss: 0.2646, Train Accuracy: 0.9725, Test Loss: 0.3623, Test Accuracy: 0.9205
Epoch 47/500 - Train Loss: 0.2952, Train Accuracy: 0.9500, Test Loss: 0.3682, Test Accuracy: 0.9183
Epoch 48/500 - Train Loss: 0.2540, Train Accuracy: 0.9750, Test Loss: 0.3674, Test Accuracy: 0.9174
Epoch 49/500 - Train Loss: 0.2472, Train Accuracy: 0.9700, Test Loss: 0.3613, Test Accuracy: 0.9226
Epoch 50/500 - Train Loss: 0.2497, Train Accuracy: 0.9750, Test Loss: 0.3666, Test Accuracy: 0.9187
Epoch 51/500 - Train Loss: 0.2296, Train Accuracy: 0.9900, Test Loss: 0.3658, Test Accuracy: 0.9152
Epoch 52/500 - Train Loss: 0.2577, Train Accuracy: 0.9650, Test Loss: 0.3550, Test Accuracy: 0.9218
Epoch 53/500 - Train Loss: 0.2493, Train Accuracy: 0.9800, Test Loss: 0.3660, Test Accuracy: 0.9205
Epoch 54/500 - Train Loss: 0.2520, Train Accuracy: 0.9675, Test Loss: 0.3738, Test Accuracy: 0.9139
Epoch 55/500 - Train Loss: 0.2738, Train Accuracy: 0.9575, Test Loss: 0.3794, Test Accuracy: 0.9117
Epoch 56/500 - Train Loss: 0.2376, Train Accuracy: 0.9725, Test Loss: 0.3620, Test Accuracy: 0.9244
Epoch 57/500 - Train Loss: 0.2445, Train Accuracy: 0.9700, Test Loss: 0.3604, Test Accuracy: 0.9196

Early stopping triggered at epoch 57
Best test loss: 0.3550
Best test accuracy: 0.9283
Plot saved as trained_models/Sweep_data run/metrics/loss.png
Plot saved as trained_models/Sweep_data run/metrics/metrics.png
