wandb: Starting wandb agent 🕵️
2026-01-10 17:13:35,479 - wandb.wandb_agent - INFO - Running runs: []
2026-01-10 17:13:36,048 - wandb.wandb_agent - INFO - Agent received command: run
2026-01-10 17:13:36,048 - wandb.wandb_agent - INFO - Agent starting run with config:
	batch_size: 64
	label_smoothing: 0.008042398396726758
	lr: 0.0006040884932761211
	optimizer: Nadam
	weight_decay: 5.104916810011642e-06
2026-01-10 17:13:36,050 - wandb.wandb_agent - INFO - About to run command: /usr/bin/env python train.py --batch_size=64 --label_smoothing=0.008042398396726758 --lr=0.0006040884932761211 --optimizer=Nadam --weight_decay=5.104916810011642e-06
wandb: Currently logged in as: arnaumarcosalmansa (mcv-team-6) to https://api.wandb.ai. Use `wandb login --relogin` to force relogin
wandb: WARNING Ignoring project 'C3-Week3' when running a sweep.
wandb: WARNING Ignoring entity 'mcv-team-6' when running a sweep.
2026-01-10 17:13:41,057 - wandb.wandb_agent - INFO - Running runs: ['u8whjpwr']
wandb: setting up run u8whjpwr
wandb: Tracking run with wandb version 0.23.1
wandb: Run data is saved locally in /export/home/group06/workspace/project-team-6/Week3/wandb/run-20260110_171340-u8whjpwr
wandb: Run `wandb offline` to turn off syncing.
wandb: Syncing run Sweep run
wandb: ⭐️ View project at https://wandb.ai/mcv-team-6/C3-Week3
wandb: 🧹 View sweep at https://wandb.ai/mcv-team-6/C3-Week3/sweeps/k5ns8jzl
wandb: 🚀 View run at https://wandb.ai/mcv-team-6/C3-Week3/runs/u8whjpwr
TRAINING THE MODEL:   0%|          | 0/500 [00:00<?, ?it/s]TRAINING THE MODEL:   0%|          | 1/500 [00:04<36:04,  4.34s/it]TRAINING THE MODEL:   0%|          | 2/500 [00:07<29:44,  3.58s/it]TRAINING THE MODEL:   1%|          | 3/500 [00:10<27:39,  3.34s/it]TRAINING THE MODEL:   1%|          | 4/500 [00:13<26:41,  3.23s/it]TRAINING THE MODEL:   1%|          | 5/500 [00:16<26:18,  3.19s/it]TRAINING THE MODEL:   1%|          | 6/500 [00:19<26:11,  3.18s/it]TRAINING THE MODEL:   1%|▏         | 7/500 [00:23<26:38,  3.24s/it]TRAINING THE MODEL:   2%|▏         | 8/500 [00:26<26:24,  3.22s/it]TRAINING THE MODEL:   2%|▏         | 9/500 [00:29<26:13,  3.21s/it]TRAINING THE MODEL:   2%|▏         | 10/500 [00:32<26:24,  3.23s/it]TRAINING THE MODEL:   2%|▏         | 11/500 [00:36<26:20,  3.23s/it]TRAINING THE MODEL:   2%|▏         | 12/500 [00:39<26:19,  3.24s/it]TRAINING THE MODEL:   3%|▎         | 13/500 [00:42<26:16,  3.24s/it]TRAINING THE MODEL:   3%|▎         | 14/500 [00:45<26:16,  3.24s/it]TRAINING THE MODEL:   3%|▎         | 15/500 [00:49<26:19,  3.26s/it]TRAINING THE MODEL:   3%|▎         | 16/500 [00:52<26:09,  3.24s/it]TRAINING THE MODEL:   3%|▎         | 17/500 [00:55<26:00,  3.23s/it]TRAINING THE MODEL:   4%|▎         | 18/500 [00:59<26:41,  3.32s/it]TRAINING THE MODEL:   4%|▎         | 18/500 [01:02<27:51,  3.47s/it]
wandb: updating run metadata
wandb: uploading output.log; uploading config.yaml
wandb: uploading console lines 4-25
wandb: 
wandb: Run history:
wandb:          epoch ▁▁▂▂▃▃▃▄▄▅▅▅▆▆▆▇▇██
wandb:  test_accuracy ▁▆▇███▄▇▇▇█▇██▆▇▆▆█
wandb:      test_loss ▇▃▂▁▁▁▇▂▂▂▁▂▁▁▃▂█▄▁
wandb: train_accuracy ▁▇▇▇███▇██▇████▆█▇█
wandb:     train_loss █▂▂▂▁▁▁▂▁▁▁▁▁▁▁▂▁▂▁
wandb: 
wandb: Run summary:
wandb:          epoch 18
wandb:  test_accuracy 0.89423
wandb:      test_loss 0.37901
wandb: train_accuracy 0.965
wandb:     train_loss 0.1638
wandb: 
wandb: 🚀 View run Sweep run at: https://wandb.ai/mcv-team-6/C3-Week3/runs/u8whjpwr
wandb: ⭐️ View project at: https://wandb.ai/mcv-team-6/C3-Week3
wandb: Synced 5 W&B file(s), 0 media file(s), 0 artifact file(s) and 0 other file(s)
wandb: Find logs at: ./wandb/run-20260110_171340-u8whjpwr/logs
2026-01-10 17:14:53,254 - wandb.wandb_agent - INFO - Cleaning up finished run: u8whjpwr
wandb: Terminating and syncing runs. Press ctrl-c to kill.
