Using GPU 0: NVIDIA GeForce RTX 3090
Epoch 1/500 - Train Loss: 2.0668, Train Accuracy: 0.1775, Test Loss: 2.0832, Test Accuracy: 0.1573
Epoch 2/500 - Train Loss: 1.8060, Train Accuracy: 0.3825, Test Loss: 2.0440, Test Accuracy: 0.1997
Epoch 3/500 - Train Loss: 1.6164, Train Accuracy: 0.5425, Test Loss: 1.9230, Test Accuracy: 0.3348
Epoch 4/500 - Train Loss: 1.4287, Train Accuracy: 0.7100, Test Loss: 1.7443, Test Accuracy: 0.4895
Epoch 5/500 - Train Loss: 1.2805, Train Accuracy: 0.7350, Test Loss: 1.5424, Test Accuracy: 0.6381
Epoch 6/500 - Train Loss: 1.1252, Train Accuracy: 0.8275, Test Loss: 1.3518, Test Accuracy: 0.7303
Epoch 7/500 - Train Loss: 1.0078, Train Accuracy: 0.8425, Test Loss: 1.1927, Test Accuracy: 0.7972
Epoch 8/500 - Train Loss: 0.8983, Train Accuracy: 0.8750, Test Loss: 1.0492, Test Accuracy: 0.8182
Epoch 9/500 - Train Loss: 0.7918, Train Accuracy: 0.9075, Test Loss: 0.9262, Test Accuracy: 0.8527
Epoch 10/500 - Train Loss: 0.7170, Train Accuracy: 0.9075, Test Loss: 0.8268, Test Accuracy: 0.8754
Epoch 11/500 - Train Loss: 0.6351, Train Accuracy: 0.9250, Test Loss: 0.7394, Test Accuracy: 0.8912
Epoch 12/500 - Train Loss: 0.5584, Train Accuracy: 0.9350, Test Loss: 0.6645, Test Accuracy: 0.9021
Epoch 13/500 - Train Loss: 0.5187, Train Accuracy: 0.9375, Test Loss: 0.6036, Test Accuracy: 0.9082
Epoch 14/500 - Train Loss: 0.4802, Train Accuracy: 0.9400, Test Loss: 0.5364, Test Accuracy: 0.9205
Epoch 15/500 - Train Loss: 0.4451, Train Accuracy: 0.9375, Test Loss: 0.4879, Test Accuracy: 0.9240
Epoch 16/500 - Train Loss: 0.3980, Train Accuracy: 0.9550, Test Loss: 0.4431, Test Accuracy: 0.9318
Epoch 17/500 - Train Loss: 0.3699, Train Accuracy: 0.9450, Test Loss: 0.4075, Test Accuracy: 0.9366
Epoch 18/500 - Train Loss: 0.3107, Train Accuracy: 0.9700, Test Loss: 0.3756, Test Accuracy: 0.9388
Epoch 19/500 - Train Loss: 0.2915, Train Accuracy: 0.9750, Test Loss: 0.3536, Test Accuracy: 0.9388
Epoch 20/500 - Train Loss: 0.2783, Train Accuracy: 0.9600, Test Loss: 0.3370, Test Accuracy: 0.9388
Epoch 21/500 - Train Loss: 0.2671, Train Accuracy: 0.9675, Test Loss: 0.3167, Test Accuracy: 0.9419
Epoch 22/500 - Train Loss: 0.2469, Train Accuracy: 0.9700, Test Loss: 0.3015, Test Accuracy: 0.9419
Epoch 23/500 - Train Loss: 0.2286, Train Accuracy: 0.9700, Test Loss: 0.2908, Test Accuracy: 0.9432
Epoch 24/500 - Train Loss: 0.2063, Train Accuracy: 0.9825, Test Loss: 0.2794, Test Accuracy: 0.9445
Epoch 25/500 - Train Loss: 0.2101, Train Accuracy: 0.9825, Test Loss: 0.2712, Test Accuracy: 0.9458
Epoch 26/500 - Train Loss: 0.1865, Train Accuracy: 0.9800, Test Loss: 0.2707, Test Accuracy: 0.9432
Epoch 27/500 - Train Loss: 0.1716, Train Accuracy: 0.9875, Test Loss: 0.2673, Test Accuracy: 0.9397
Epoch 28/500 - Train Loss: 0.1767, Train Accuracy: 0.9850, Test Loss: 0.2640, Test Accuracy: 0.9397
Epoch 29/500 - Train Loss: 0.1670, Train Accuracy: 0.9850, Test Loss: 0.2570, Test Accuracy: 0.9410
Epoch 30/500 - Train Loss: 0.1713, Train Accuracy: 0.9800, Test Loss: 0.2519, Test Accuracy: 0.9423
Epoch 31/500 - Train Loss: 0.1641, Train Accuracy: 0.9800, Test Loss: 0.2450, Test Accuracy: 0.9445
Epoch 32/500 - Train Loss: 0.1367, Train Accuracy: 0.9850, Test Loss: 0.2390, Test Accuracy: 0.9493
Epoch 33/500 - Train Loss: 0.1391, Train Accuracy: 0.9875, Test Loss: 0.2431, Test Accuracy: 0.9436
Epoch 34/500 - Train Loss: 0.1182, Train Accuracy: 0.9825, Test Loss: 0.2349, Test Accuracy: 0.9436
Epoch 35/500 - Train Loss: 0.1210, Train Accuracy: 0.9850, Test Loss: 0.2401, Test Accuracy: 0.9397
Epoch 36/500 - Train Loss: 0.1277, Train Accuracy: 0.9850, Test Loss: 0.2385, Test Accuracy: 0.9392
Epoch 37/500 - Train Loss: 0.1217, Train Accuracy: 0.9850, Test Loss: 0.2404, Test Accuracy: 0.9371
Epoch 38/500 - Train Loss: 0.1082, Train Accuracy: 0.9900, Test Loss: 0.2321, Test Accuracy: 0.9397
Epoch 39/500 - Train Loss: 0.1021, Train Accuracy: 0.9875, Test Loss: 0.2290, Test Accuracy: 0.9432
Epoch 40/500 - Train Loss: 0.0979, Train Accuracy: 0.9950, Test Loss: 0.2299, Test Accuracy: 0.9423
Epoch 41/500 - Train Loss: 0.0853, Train Accuracy: 0.9975, Test Loss: 0.2277, Test Accuracy: 0.9427
Epoch 42/500 - Train Loss: 0.0913, Train Accuracy: 0.9925, Test Loss: 0.2244, Test Accuracy: 0.9436
Epoch 43/500 - Train Loss: 0.0885, Train Accuracy: 0.9875, Test Loss: 0.2294, Test Accuracy: 0.9406
Epoch 44/500 - Train Loss: 0.0822, Train Accuracy: 0.9875, Test Loss: 0.2280, Test Accuracy: 0.9414
Epoch 45/500 - Train Loss: 0.0701, Train Accuracy: 0.9975, Test Loss: 0.2215, Test Accuracy: 0.9449
Epoch 46/500 - Train Loss: 0.0750, Train Accuracy: 0.9950, Test Loss: 0.2176, Test Accuracy: 0.9441
Epoch 47/500 - Train Loss: 0.0815, Train Accuracy: 0.9950, Test Loss: 0.2116, Test Accuracy: 0.9467
Epoch 48/500 - Train Loss: 0.0690, Train Accuracy: 0.9975, Test Loss: 0.2110, Test Accuracy: 0.9462
Epoch 49/500 - Train Loss: 0.0714, Train Accuracy: 0.9950, Test Loss: 0.2167, Test Accuracy: 0.9427
Epoch 50/500 - Train Loss: 0.0705, Train Accuracy: 0.9925, Test Loss: 0.2071, Test Accuracy: 0.9458
Epoch 51/500 - Train Loss: 0.0727, Train Accuracy: 0.9900, Test Loss: 0.2037, Test Accuracy: 0.9476
Epoch 52/500 - Train Loss: 0.0575, Train Accuracy: 0.9975, Test Loss: 0.2081, Test Accuracy: 0.9458
Epoch 53/500 - Train Loss: 0.0623, Train Accuracy: 0.9950, Test Loss: 0.2076, Test Accuracy: 0.9449
Epoch 54/500 - Train Loss: 0.0660, Train Accuracy: 0.9925, Test Loss: 0.2013, Test Accuracy: 0.9471
Epoch 55/500 - Train Loss: 0.0621, Train Accuracy: 0.9950, Test Loss: 0.1987, Test Accuracy: 0.9476
Epoch 56/500 - Train Loss: 0.0605, Train Accuracy: 0.9925, Test Loss: 0.1982, Test Accuracy: 0.9480
Epoch 57/500 - Train Loss: 0.0542, Train Accuracy: 0.9975, Test Loss: 0.2016, Test Accuracy: 0.9467
Epoch 58/500 - Train Loss: 0.0630, Train Accuracy: 0.9975, Test Loss: 0.1998, Test Accuracy: 0.9476
Epoch 59/500 - Train Loss: 0.0624, Train Accuracy: 0.9975, Test Loss: 0.1988, Test Accuracy: 0.9476
Epoch 60/500 - Train Loss: 0.0552, Train Accuracy: 0.9950, Test Loss: 0.2106, Test Accuracy: 0.9419
Epoch 61/500 - Train Loss: 0.0513, Train Accuracy: 0.9975, Test Loss: 0.2143, Test Accuracy: 0.9414
Epoch 62/500 - Train Loss: 0.0469, Train Accuracy: 1.0000, Test Loss: 0.2078, Test Accuracy: 0.9432
Epoch 63/500 - Train Loss: 0.0474, Train Accuracy: 1.0000, Test Loss: 0.2101, Test Accuracy: 0.9419
Epoch 64/500 - Train Loss: 0.0496, Train Accuracy: 1.0000, Test Loss: 0.2071, Test Accuracy: 0.9441
Epoch 65/500 - Train Loss: 0.0524, Train Accuracy: 0.9900, Test Loss: 0.2028, Test Accuracy: 0.9441
Epoch 66/500 - Train Loss: 0.0475, Train Accuracy: 0.9975, Test Loss: 0.1989, Test Accuracy: 0.9467
Epoch 67/500 - Train Loss: 0.0447, Train Accuracy: 1.0000, Test Loss: 0.2013, Test Accuracy: 0.9454
Epoch 68/500 - Train Loss: 0.0470, Train Accuracy: 0.9950, Test Loss: 0.1943, Test Accuracy: 0.9467
Epoch 69/500 - Train Loss: 0.0437, Train Accuracy: 1.0000, Test Loss: 0.2002, Test Accuracy: 0.9458
Epoch 70/500 - Train Loss: 0.0477, Train Accuracy: 1.0000, Test Loss: 0.2049, Test Accuracy: 0.9441
Epoch 71/500 - Train Loss: 0.0423, Train Accuracy: 1.0000, Test Loss: 0.2032, Test Accuracy: 0.9449
Epoch 72/500 - Train Loss: 0.0471, Train Accuracy: 1.0000, Test Loss: 0.2015, Test Accuracy: 0.9454
Epoch 73/500 - Train Loss: 0.0432, Train Accuracy: 1.0000, Test Loss: 0.2030, Test Accuracy: 0.9449
Epoch 74/500 - Train Loss: 0.0420, Train Accuracy: 1.0000, Test Loss: 0.1985, Test Accuracy: 0.9467
Epoch 75/500 - Train Loss: 0.0365, Train Accuracy: 1.0000, Test Loss: 0.2003, Test Accuracy: 0.9476
Epoch 76/500 - Train Loss: 0.0448, Train Accuracy: 0.9950, Test Loss: 0.2020, Test Accuracy: 0.9454
Epoch 77/500 - Train Loss: 0.0514, Train Accuracy: 0.9950, Test Loss: 0.1958, Test Accuracy: 0.9484
Epoch 78/500 - Train Loss: 0.0371, Train Accuracy: 1.0000, Test Loss: 0.1981, Test Accuracy: 0.9462
Epoch 79/500 - Train Loss: 0.0462, Train Accuracy: 0.9950, Test Loss: 0.2000, Test Accuracy: 0.9458
Epoch 80/500 - Train Loss: 0.0396, Train Accuracy: 0.9975, Test Loss: 0.1960, Test Accuracy: 0.9493
Epoch 81/500 - Train Loss: 0.0422, Train Accuracy: 1.0000, Test Loss: 0.1981, Test Accuracy: 0.9445
Epoch 82/500 - Train Loss: 0.0528, Train Accuracy: 0.9950, Test Loss: 0.2024, Test Accuracy: 0.9406
Epoch 83/500 - Train Loss: 0.0548, Train Accuracy: 0.9925, Test Loss: 0.1946, Test Accuracy: 0.9462

Early stopping triggered at epoch 83
Best test loss: 0.1943
Best test accuracy: 0.9493
Plot saved as trained_models/Sweep run/metrics/loss.png
Plot saved as trained_models/Sweep run/metrics/metrics.png
