Using GPU 0: NVIDIA GeForce RTX 3090
Epoch 1/500 - Train Loss: 2.1046, Train Accuracy: 0.1425, Test Loss: 2.0255, Test Accuracy: 0.1643
Epoch 2/500 - Train Loss: 1.9292, Train Accuracy: 0.1975, Test Loss: 1.7797, Test Accuracy: 0.2906
Epoch 3/500 - Train Loss: 1.7292, Train Accuracy: 0.3700, Test Loss: 1.5664, Test Accuracy: 0.5293
Epoch 4/500 - Train Loss: 1.6001, Train Accuracy: 0.4925, Test Loss: 1.3887, Test Accuracy: 0.6735
Epoch 5/500 - Train Loss: 1.4221, Train Accuracy: 0.6425, Test Loss: 1.2045, Test Accuracy: 0.7574
Epoch 6/500 - Train Loss: 1.2920, Train Accuracy: 0.7550, Test Loss: 1.0585, Test Accuracy: 0.8042
Epoch 7/500 - Train Loss: 1.1450, Train Accuracy: 0.7800, Test Loss: 0.9491, Test Accuracy: 0.8479
Epoch 8/500 - Train Loss: 1.0586, Train Accuracy: 0.8000, Test Loss: 0.8587, Test Accuracy: 0.8536
Epoch 9/500 - Train Loss: 0.9702, Train Accuracy: 0.8300, Test Loss: 0.7559, Test Accuracy: 0.8920
Epoch 10/500 - Train Loss: 0.8811, Train Accuracy: 0.8475, Test Loss: 0.6850, Test Accuracy: 0.9073
Epoch 11/500 - Train Loss: 0.8130, Train Accuracy: 0.8500, Test Loss: 0.6075, Test Accuracy: 0.9218
Epoch 12/500 - Train Loss: 0.7177, Train Accuracy: 0.8950, Test Loss: 0.5585, Test Accuracy: 0.9283
Epoch 13/500 - Train Loss: 0.6818, Train Accuracy: 0.8800, Test Loss: 0.5098, Test Accuracy: 0.9309
Epoch 14/500 - Train Loss: 0.6248, Train Accuracy: 0.9075, Test Loss: 0.4757, Test Accuracy: 0.9384
Epoch 15/500 - Train Loss: 0.6022, Train Accuracy: 0.8825, Test Loss: 0.4457, Test Accuracy: 0.9476
Epoch 16/500 - Train Loss: 0.5479, Train Accuracy: 0.9050, Test Loss: 0.4179, Test Accuracy: 0.9445
Epoch 17/500 - Train Loss: 0.5320, Train Accuracy: 0.9125, Test Loss: 0.4018, Test Accuracy: 0.9432
Epoch 18/500 - Train Loss: 0.4777, Train Accuracy: 0.9150, Test Loss: 0.3913, Test Accuracy: 0.9458
Epoch 19/500 - Train Loss: 0.4663, Train Accuracy: 0.9275, Test Loss: 0.3714, Test Accuracy: 0.9476
Epoch 20/500 - Train Loss: 0.4513, Train Accuracy: 0.9175, Test Loss: 0.3592, Test Accuracy: 0.9493
Epoch 21/500 - Train Loss: 0.4285, Train Accuracy: 0.9275, Test Loss: 0.3477, Test Accuracy: 0.9506
Epoch 22/500 - Train Loss: 0.3938, Train Accuracy: 0.9400, Test Loss: 0.3494, Test Accuracy: 0.9462
Epoch 23/500 - Train Loss: 0.3768, Train Accuracy: 0.9475, Test Loss: 0.3462, Test Accuracy: 0.9449
Epoch 24/500 - Train Loss: 0.3769, Train Accuracy: 0.9525, Test Loss: 0.3347, Test Accuracy: 0.9502
Epoch 25/500 - Train Loss: 0.3782, Train Accuracy: 0.9350, Test Loss: 0.3247, Test Accuracy: 0.9506
Epoch 26/500 - Train Loss: 0.3289, Train Accuracy: 0.9550, Test Loss: 0.3155, Test Accuracy: 0.9519
Epoch 27/500 - Train Loss: 0.3617, Train Accuracy: 0.9375, Test Loss: 0.3170, Test Accuracy: 0.9510
Epoch 28/500 - Train Loss: 0.3291, Train Accuracy: 0.9525, Test Loss: 0.3202, Test Accuracy: 0.9449
Epoch 29/500 - Train Loss: 0.3395, Train Accuracy: 0.9350, Test Loss: 0.3221, Test Accuracy: 0.9445
Epoch 30/500 - Train Loss: 0.3308, Train Accuracy: 0.9475, Test Loss: 0.3157, Test Accuracy: 0.9467
Epoch 31/500 - Train Loss: 0.3436, Train Accuracy: 0.9500, Test Loss: 0.3016, Test Accuracy: 0.9506
Epoch 32/500 - Train Loss: 0.3036, Train Accuracy: 0.9675, Test Loss: 0.2977, Test Accuracy: 0.9515
Epoch 33/500 - Train Loss: 0.3371, Train Accuracy: 0.9325, Test Loss: 0.2961, Test Accuracy: 0.9541
Epoch 34/500 - Train Loss: 0.3257, Train Accuracy: 0.9450, Test Loss: 0.3025, Test Accuracy: 0.9489
Epoch 35/500 - Train Loss: 0.2909, Train Accuracy: 0.9600, Test Loss: 0.2912, Test Accuracy: 0.9524
Epoch 36/500 - Train Loss: 0.3234, Train Accuracy: 0.9450, Test Loss: 0.2920, Test Accuracy: 0.9510
Epoch 37/500 - Train Loss: 0.2893, Train Accuracy: 0.9625, Test Loss: 0.2950, Test Accuracy: 0.9493
Epoch 38/500 - Train Loss: 0.2843, Train Accuracy: 0.9600, Test Loss: 0.2972, Test Accuracy: 0.9467
Epoch 39/500 - Train Loss: 0.2704, Train Accuracy: 0.9650, Test Loss: 0.2958, Test Accuracy: 0.9510
Epoch 40/500 - Train Loss: 0.2466, Train Accuracy: 0.9725, Test Loss: 0.3018, Test Accuracy: 0.9462
Epoch 41/500 - Train Loss: 0.2959, Train Accuracy: 0.9650, Test Loss: 0.2959, Test Accuracy: 0.9458
Epoch 42/500 - Train Loss: 0.2814, Train Accuracy: 0.9525, Test Loss: 0.2948, Test Accuracy: 0.9471
Epoch 43/500 - Train Loss: 0.2605, Train Accuracy: 0.9675, Test Loss: 0.2921, Test Accuracy: 0.9467
Epoch 44/500 - Train Loss: 0.2523, Train Accuracy: 0.9700, Test Loss: 0.2931, Test Accuracy: 0.9484
Epoch 45/500 - Train Loss: 0.2855, Train Accuracy: 0.9625, Test Loss: 0.2905, Test Accuracy: 0.9489
Epoch 46/500 - Train Loss: 0.2580, Train Accuracy: 0.9750, Test Loss: 0.2891, Test Accuracy: 0.9524
Epoch 47/500 - Train Loss: 0.2388, Train Accuracy: 0.9675, Test Loss: 0.2893, Test Accuracy: 0.9484
Epoch 48/500 - Train Loss: 0.2325, Train Accuracy: 0.9800, Test Loss: 0.2855, Test Accuracy: 0.9524
Epoch 49/500 - Train Loss: 0.2609, Train Accuracy: 0.9575, Test Loss: 0.2848, Test Accuracy: 0.9528
Epoch 50/500 - Train Loss: 0.2246, Train Accuracy: 0.9775, Test Loss: 0.2815, Test Accuracy: 0.9519
Epoch 51/500 - Train Loss: 0.2459, Train Accuracy: 0.9700, Test Loss: 0.2866, Test Accuracy: 0.9493
Epoch 52/500 - Train Loss: 0.2167, Train Accuracy: 0.9800, Test Loss: 0.2872, Test Accuracy: 0.9493
Epoch 53/500 - Train Loss: 0.2216, Train Accuracy: 0.9750, Test Loss: 0.2895, Test Accuracy: 0.9471
Epoch 54/500 - Train Loss: 0.2356, Train Accuracy: 0.9750, Test Loss: 0.2835, Test Accuracy: 0.9493
Epoch 55/500 - Train Loss: 0.2631, Train Accuracy: 0.9600, Test Loss: 0.2903, Test Accuracy: 0.9449
Epoch 56/500 - Train Loss: 0.2196, Train Accuracy: 0.9700, Test Loss: 0.2896, Test Accuracy: 0.9454
Epoch 57/500 - Train Loss: 0.2272, Train Accuracy: 0.9875, Test Loss: 0.2894, Test Accuracy: 0.9480
Epoch 58/500 - Train Loss: 0.2147, Train Accuracy: 0.9775, Test Loss: 0.2891, Test Accuracy: 0.9458
Epoch 59/500 - Train Loss: 0.2128, Train Accuracy: 0.9875, Test Loss: 0.2900, Test Accuracy: 0.9489
Epoch 60/500 - Train Loss: 0.2033, Train Accuracy: 0.9850, Test Loss: 0.2972, Test Accuracy: 0.9458
Epoch 61/500 - Train Loss: 0.1920, Train Accuracy: 0.9900, Test Loss: 0.2965, Test Accuracy: 0.9467
Epoch 62/500 - Train Loss: 0.2158, Train Accuracy: 0.9825, Test Loss: 0.2929, Test Accuracy: 0.9467
Epoch 63/500 - Train Loss: 0.1882, Train Accuracy: 0.9925, Test Loss: 0.2918, Test Accuracy: 0.9449
Epoch 64/500 - Train Loss: 0.2149, Train Accuracy: 0.9725, Test Loss: 0.2947, Test Accuracy: 0.9467
Epoch 65/500 - Train Loss: 0.2236, Train Accuracy: 0.9750, Test Loss: 0.2936, Test Accuracy: 0.9462

Early stopping triggered at epoch 65
Best test loss: 0.2815
Best test accuracy: 0.9541
Plot saved as trained_models/Sweep_data run/metrics/loss.png
Plot saved as trained_models/Sweep_data run/metrics/metrics.png
