Using GPU 0: NVIDIA GeForce RTX 3090
Epoch 1/500 - Train Loss: 2.0837, Train Accuracy: 0.1975, Test Loss: 2.0669, Test Accuracy: 0.1591
Epoch 2/500 - Train Loss: 1.8527, Train Accuracy: 0.3500, Test Loss: 1.8704, Test Accuracy: 0.3169
Epoch 3/500 - Train Loss: 1.6371, Train Accuracy: 0.5375, Test Loss: 1.6421, Test Accuracy: 0.5446
Epoch 4/500 - Train Loss: 1.4529, Train Accuracy: 0.6600, Test Loss: 1.4145, Test Accuracy: 0.7041
Epoch 5/500 - Train Loss: 1.2473, Train Accuracy: 0.7875, Test Loss: 1.2142, Test Accuracy: 0.7828
Epoch 6/500 - Train Loss: 1.0987, Train Accuracy: 0.8000, Test Loss: 1.0325, Test Accuracy: 0.8295
Epoch 7/500 - Train Loss: 0.9843, Train Accuracy: 0.8325, Test Loss: 0.9025, Test Accuracy: 0.8453
Epoch 8/500 - Train Loss: 0.8466, Train Accuracy: 0.8850, Test Loss: 0.7911, Test Accuracy: 0.8741
Epoch 9/500 - Train Loss: 0.7748, Train Accuracy: 0.8800, Test Loss: 0.7106, Test Accuracy: 0.8864
Epoch 10/500 - Train Loss: 0.7135, Train Accuracy: 0.8950, Test Loss: 0.6367, Test Accuracy: 0.9021
Epoch 11/500 - Train Loss: 0.6341, Train Accuracy: 0.9100, Test Loss: 0.6002, Test Accuracy: 0.9060
Epoch 12/500 - Train Loss: 0.5926, Train Accuracy: 0.9125, Test Loss: 0.5428, Test Accuracy: 0.9152
Epoch 13/500 - Train Loss: 0.5510, Train Accuracy: 0.9150, Test Loss: 0.5066, Test Accuracy: 0.9213
Epoch 14/500 - Train Loss: 0.5107, Train Accuracy: 0.9225, Test Loss: 0.4833, Test Accuracy: 0.9222
Epoch 15/500 - Train Loss: 0.4840, Train Accuracy: 0.9350, Test Loss: 0.4589, Test Accuracy: 0.9218
Epoch 16/500 - Train Loss: 0.4309, Train Accuracy: 0.9525, Test Loss: 0.4430, Test Accuracy: 0.9213
Epoch 17/500 - Train Loss: 0.4133, Train Accuracy: 0.9550, Test Loss: 0.4251, Test Accuracy: 0.9244
Epoch 18/500 - Train Loss: 0.4028, Train Accuracy: 0.9475, Test Loss: 0.4054, Test Accuracy: 0.9253
Epoch 19/500 - Train Loss: 0.4002, Train Accuracy: 0.9400, Test Loss: 0.3989, Test Accuracy: 0.9218
Epoch 20/500 - Train Loss: 0.3733, Train Accuracy: 0.9400, Test Loss: 0.3834, Test Accuracy: 0.9301
Epoch 21/500 - Train Loss: 0.3603, Train Accuracy: 0.9625, Test Loss: 0.3763, Test Accuracy: 0.9279
Epoch 22/500 - Train Loss: 0.3308, Train Accuracy: 0.9650, Test Loss: 0.3652, Test Accuracy: 0.9296
Epoch 23/500 - Train Loss: 0.3281, Train Accuracy: 0.9600, Test Loss: 0.3641, Test Accuracy: 0.9266
Epoch 24/500 - Train Loss: 0.3472, Train Accuracy: 0.9475, Test Loss: 0.3518, Test Accuracy: 0.9288
Epoch 25/500 - Train Loss: 0.3010, Train Accuracy: 0.9700, Test Loss: 0.3439, Test Accuracy: 0.9309
Epoch 26/500 - Train Loss: 0.3001, Train Accuracy: 0.9650, Test Loss: 0.3385, Test Accuracy: 0.9349
Epoch 27/500 - Train Loss: 0.3079, Train Accuracy: 0.9625, Test Loss: 0.3382, Test Accuracy: 0.9336
Epoch 28/500 - Train Loss: 0.2772, Train Accuracy: 0.9700, Test Loss: 0.3309, Test Accuracy: 0.9392
Epoch 29/500 - Train Loss: 0.2519, Train Accuracy: 0.9875, Test Loss: 0.3329, Test Accuracy: 0.9358
Epoch 30/500 - Train Loss: 0.3158, Train Accuracy: 0.9475, Test Loss: 0.3272, Test Accuracy: 0.9358
Epoch 31/500 - Train Loss: 0.2538, Train Accuracy: 0.9900, Test Loss: 0.3286, Test Accuracy: 0.9379
Epoch 32/500 - Train Loss: 0.2507, Train Accuracy: 0.9750, Test Loss: 0.3230, Test Accuracy: 0.9384
Epoch 33/500 - Train Loss: 0.2579, Train Accuracy: 0.9750, Test Loss: 0.3236, Test Accuracy: 0.9366
Epoch 34/500 - Train Loss: 0.2268, Train Accuracy: 0.9900, Test Loss: 0.3333, Test Accuracy: 0.9318
Epoch 35/500 - Train Loss: 0.2614, Train Accuracy: 0.9775, Test Loss: 0.3243, Test Accuracy: 0.9375
Epoch 36/500 - Train Loss: 0.2614, Train Accuracy: 0.9700, Test Loss: 0.3205, Test Accuracy: 0.9353
Epoch 37/500 - Train Loss: 0.2451, Train Accuracy: 0.9750, Test Loss: 0.3217, Test Accuracy: 0.9344
Epoch 38/500 - Train Loss: 0.2212, Train Accuracy: 0.9825, Test Loss: 0.3201, Test Accuracy: 0.9336
Epoch 39/500 - Train Loss: 0.2333, Train Accuracy: 0.9800, Test Loss: 0.3259, Test Accuracy: 0.9309
Epoch 40/500 - Train Loss: 0.2130, Train Accuracy: 0.9825, Test Loss: 0.3197, Test Accuracy: 0.9366
Epoch 41/500 - Train Loss: 0.2187, Train Accuracy: 0.9775, Test Loss: 0.3149, Test Accuracy: 0.9392
Epoch 42/500 - Train Loss: 0.2039, Train Accuracy: 0.9875, Test Loss: 0.3321, Test Accuracy: 0.9279
Epoch 43/500 - Train Loss: 0.2126, Train Accuracy: 0.9875, Test Loss: 0.3237, Test Accuracy: 0.9379
Epoch 44/500 - Train Loss: 0.2208, Train Accuracy: 0.9825, Test Loss: 0.3183, Test Accuracy: 0.9423
Epoch 45/500 - Train Loss: 0.1965, Train Accuracy: 0.9925, Test Loss: 0.3091, Test Accuracy: 0.9392
Epoch 46/500 - Train Loss: 0.2095, Train Accuracy: 0.9925, Test Loss: 0.3131, Test Accuracy: 0.9362
Epoch 47/500 - Train Loss: 0.2096, Train Accuracy: 0.9825, Test Loss: 0.3159, Test Accuracy: 0.9406
Epoch 48/500 - Train Loss: 0.1953, Train Accuracy: 0.9925, Test Loss: 0.3149, Test Accuracy: 0.9397
Epoch 49/500 - Train Loss: 0.1932, Train Accuracy: 0.9925, Test Loss: 0.3120, Test Accuracy: 0.9375
Epoch 50/500 - Train Loss: 0.1925, Train Accuracy: 0.9850, Test Loss: 0.3101, Test Accuracy: 0.9410
Epoch 51/500 - Train Loss: 0.2069, Train Accuracy: 0.9825, Test Loss: 0.3096, Test Accuracy: 0.9371
Epoch 52/500 - Train Loss: 0.1956, Train Accuracy: 0.9850, Test Loss: 0.3199, Test Accuracy: 0.9344
Epoch 53/500 - Train Loss: 0.1754, Train Accuracy: 0.9925, Test Loss: 0.3129, Test Accuracy: 0.9406
Epoch 54/500 - Train Loss: 0.1901, Train Accuracy: 0.9900, Test Loss: 0.3155, Test Accuracy: 0.9349
Epoch 55/500 - Train Loss: 0.1770, Train Accuracy: 0.9950, Test Loss: 0.3112, Test Accuracy: 0.9362
Epoch 56/500 - Train Loss: 0.1741, Train Accuracy: 0.9950, Test Loss: 0.3118, Test Accuracy: 0.9406
Epoch 57/500 - Train Loss: 0.1708, Train Accuracy: 0.9925, Test Loss: 0.3129, Test Accuracy: 0.9414
Epoch 58/500 - Train Loss: 0.1647, Train Accuracy: 1.0000, Test Loss: 0.3124, Test Accuracy: 0.9388
Epoch 59/500 - Train Loss: 0.2083, Train Accuracy: 0.9850, Test Loss: 0.3212, Test Accuracy: 0.9336
Epoch 60/500 - Train Loss: 0.1893, Train Accuracy: 0.9825, Test Loss: 0.3220, Test Accuracy: 0.9340

Early stopping triggered at epoch 60
Best test loss: 0.3091
Best test accuracy: 0.9423
Plot saved as trained_models/Sweep_data run/metrics/loss.png
Plot saved as trained_models/Sweep_data run/metrics/metrics.png
