wandb: Starting wandb agent 🕵️
2026-01-10 20:35:59,951 - wandb.wandb_agent - INFO - Running runs: []
2026-01-10 20:36:00,245 - wandb.wandb_agent - INFO - Agent received command: run
2026-01-10 20:36:00,245 - wandb.wandb_agent - INFO - Agent starting run with config:
	affine: 0.22583179715709767
	blur: 0.41788350066553337
	brightness: 0.7367355101066364
	contrast: 0.6980621557520387
	crop: 0.7425571467164779
	crop_scale: 0.2942330947126375
	flip: 0.9418805329843424
	gaussian_blur_kernel: 5
	gaussian_noise_std: 0.09531267375967788
	grey: 0.3375903233391061
	hue: -0.08381061376634219
	jiggle: 0.5198590010418292
	rotate: 0.15613550535654463
	rotation: 30
	saturation: 0.6491873684427668
	scale: 1.0843990492969675
	shear: 12
	translate_x: 0.1882249389763616
	translate_y: 0.03012524376618635
2026-01-10 20:36:00,249 - wandb.wandb_agent - INFO - About to run command: /usr/bin/env python train_data.py --affine=0.22583179715709767 --blur=0.41788350066553337 --brightness=0.7367355101066364 --contrast=0.6980621557520387 --crop=0.7425571467164779 --crop_scale=0.2942330947126375 --flip=0.9418805329843424 --gaussian_blur_kernel=5 --gaussian_noise_std=0.09531267375967788 --grey=0.3375903233391061 --hue=-0.08381061376634219 --jiggle=0.5198590010418292 --rotate=0.15613550535654463 --rotation=30 --saturation=0.6491873684427668 --scale=1.0843990492969675 --shear=12 --translate_x=0.1882249389763616 --translate_y=0.03012524376618635
wandb: Currently logged in as: arnaumarcosalmansa (mcv-team-6) to https://api.wandb.ai. Use `wandb login --relogin` to force relogin
wandb: WARNING Ignoring project 'C3-Week3' when running a sweep.
wandb: WARNING Ignoring entity 'mcv-team-6' when running a sweep.
2026-01-10 20:36:05,256 - wandb.wandb_agent - INFO - Running runs: ['kp1zsvwl']
wandb: setting up run kp1zsvwl
wandb: Tracking run with wandb version 0.23.1
wandb: Run data is saved locally in /export/home/group06/workspace/project-team-6/Week3/wandb/run-20260110_203604-kp1zsvwl
wandb: Run `wandb offline` to turn off syncing.
wandb: Syncing run Sweep run
wandb: ⭐️ View project at https://wandb.ai/mcv-team-6/C3-Week3
wandb: 🧹 View sweep at https://wandb.ai/mcv-team-6/C3-Week3/sweeps/g5vb4edr
wandb: 🚀 View run at https://wandb.ai/mcv-team-6/C3-Week3/runs/kp1zsvwl
Traceback (most recent call last):
  File "/export/home/group06/workspace/project-team-6/Week3/train_data.py", line 61, in <module>
    ka.ColorJitter(brightness=cfg.brightness,
  File "/ghome/group06/miniconda3/envs/c3/lib/python3.12/site-packages/kornia/augmentation/_2d/intensity/color_jitter.py", line 105, in __init__
    self._param_generator = rg.ColorJitterGenerator(brightness, contrast, saturation, hue)
                            ^^^^^^^^^^^^^^^^^^^^^^^^^^^^^^^^^^^^^^^^^^^^^^^^^^^^^^^^^^^^^^
  File "/ghome/group06/miniconda3/envs/c3/lib/python3.12/site-packages/kornia/augmentation/random_generator/base.py", line 34, in __call__
    obj.__post_init__()
  File "/ghome/group06/miniconda3/envs/c3/lib/python3.12/site-packages/kornia/augmentation/random_generator/base.py", line 48, in __post_init__
    self.set_rng_device_and_dtype()
  File "/ghome/group06/miniconda3/envs/c3/lib/python3.12/site-packages/kornia/augmentation/random_generator/base.py", line 64, in set_rng_device_and_dtype
    self.make_samplers(device, dtype)
  File "/ghome/group06/miniconda3/envs/c3/lib/python3.12/site-packages/kornia/augmentation/random_generator/_2d/color_jitter.py", line 86, in make_samplers
    hue: Tensor = _range_bound(self.hue, "hue", bounds=(-0.5, 0.5), device=device, dtype=dtype)
                  ^^^^^^^^^^^^^^^^^^^^^^^^^^^^^^^^^^^^^^^^^^^^^^^^^^^^^^^^^^^^^^^^^^^^^^^^^^^^^
  File "/ghome/group06/miniconda3/envs/c3/lib/python3.12/site-packages/kornia/augmentation/utils/param_validation.py", line 53, in _range_bound
    raise ValueError(f"If {name} is a single number, it must be non negative. Got {factor}.")
ValueError: If hue is a single number, it must be non negative. Got -0.08381061255931854.
2026-01-10 20:36:10,398 - wandb.wandb_agent - INFO - Cleaning up finished run: kp1zsvwl
wandb: Terminating and syncing runs. Press ctrl-c to kill.
