Using GPU 0: NVIDIA GeForce RTX 3090
Epoch 1/500 - Train Loss: 1.9870, Train Accuracy: 0.2297, Test Loss: 2.0766, Test Accuracy: 0.1413
Epoch 2/500 - Train Loss: 1.8592, Train Accuracy: 0.3418, Test Loss: 2.0723, Test Accuracy: 0.1884
Epoch 3/500 - Train Loss: 1.7987, Train Accuracy: 0.3700, Test Loss: 2.0685, Test Accuracy: 0.2379
Epoch 4/500 - Train Loss: 1.7977, Train Accuracy: 0.3801, Test Loss: 2.0630, Test Accuracy: 0.2999
Epoch 5/500 - Train Loss: 1.7683, Train Accuracy: 0.3950, Test Loss: 2.0533, Test Accuracy: 0.3383
Epoch 6/500 - Train Loss: 1.7547, Train Accuracy: 0.4072, Test Loss: 2.0383, Test Accuracy: 0.3222
Epoch 7/500 - Train Loss: 1.7483, Train Accuracy: 0.4189, Test Loss: 2.0112, Test Accuracy: 0.4486
Epoch 8/500 - Train Loss: 1.7512, Train Accuracy: 0.3993, Test Loss: 1.9827, Test Accuracy: 0.4027
Epoch 9/500 - Train Loss: 1.7178, Train Accuracy: 0.4354, Test Loss: 1.9382, Test Accuracy: 0.4833
Epoch 10/500 - Train Loss: 1.7128, Train Accuracy: 0.4418, Test Loss: 1.8922, Test Accuracy: 0.4015
Epoch 11/500 - Train Loss: 1.7418, Train Accuracy: 0.4258, Test Loss: 1.7721, Test Accuracy: 0.5056
Epoch 12/500 - Train Loss: 1.7206, Train Accuracy: 0.4157, Test Loss: 1.7098, Test Accuracy: 0.4634
Epoch 13/500 - Train Loss: 1.6851, Train Accuracy: 0.4317, Test Loss: 1.6448, Test Accuracy: 0.4833
Epoch 14/500 - Train Loss: 1.6912, Train Accuracy: 0.4317, Test Loss: 1.5786, Test Accuracy: 0.5031
Epoch 15/500 - Train Loss: 1.6829, Train Accuracy: 0.4413, Test Loss: 1.5695, Test Accuracy: 0.5081
Epoch 16/500 - Train Loss: 1.6555, Train Accuracy: 0.4551, Test Loss: 1.5083, Test Accuracy: 0.5477
Epoch 17/500 - Train Loss: 1.6549, Train Accuracy: 0.4508, Test Loss: 1.4812, Test Accuracy: 0.5428
Epoch 18/500 - Train Loss: 1.6120, Train Accuracy: 0.4886, Test Loss: 1.4768, Test Accuracy: 0.5564
Epoch 19/500 - Train Loss: 1.5765, Train Accuracy: 0.4912, Test Loss: 1.4502, Test Accuracy: 0.5415
Epoch 20/500 - Train Loss: 1.5545, Train Accuracy: 0.4981, Test Loss: 1.4367, Test Accuracy: 0.5774
Epoch 21/500 - Train Loss: 1.5682, Train Accuracy: 0.5061, Test Loss: 1.5402, Test Accuracy: 0.5266
Epoch 22/500 - Train Loss: 1.5683, Train Accuracy: 0.4981, Test Loss: 1.7299, Test Accuracy: 0.4833
Epoch 23/500 - Train Loss: 1.5337, Train Accuracy: 0.5263, Test Loss: 1.3784, Test Accuracy: 0.6146
Epoch 24/500 - Train Loss: 1.4632, Train Accuracy: 0.5502, Test Loss: 1.4089, Test Accuracy: 0.5638
Epoch 25/500 - Train Loss: 1.4874, Train Accuracy: 0.5348, Test Loss: 1.3794, Test Accuracy: 0.6134
Epoch 26/500 - Train Loss: 1.4561, Train Accuracy: 0.5444, Test Loss: 1.5475, Test Accuracy: 0.5254
Epoch 27/500 - Train Loss: 1.4454, Train Accuracy: 0.5540, Test Loss: 1.6158, Test Accuracy: 0.5155
Epoch 28/500 - Train Loss: 1.4659, Train Accuracy: 0.5497, Test Loss: 1.4545, Test Accuracy: 0.5428
Epoch 29/500 - Train Loss: 1.4458, Train Accuracy: 0.5561, Test Loss: 1.5037, Test Accuracy: 0.5589
Epoch 30/500 - Train Loss: 1.4190, Train Accuracy: 0.5784, Test Loss: 1.3659, Test Accuracy: 0.6159
Epoch 31/500 - Train Loss: 1.3954, Train Accuracy: 0.5821, Test Loss: 1.2927, Test Accuracy: 0.6456
Epoch 32/500 - Train Loss: 1.3886, Train Accuracy: 0.5890, Test Loss: 1.4362, Test Accuracy: 0.5985
Epoch 33/500 - Train Loss: 1.3805, Train Accuracy: 0.5986, Test Loss: 1.3421, Test Accuracy: 0.5960
Epoch 34/500 - Train Loss: 1.3894, Train Accuracy: 0.6055, Test Loss: 1.2528, Test Accuracy: 0.6741
Epoch 35/500 - Train Loss: 1.3383, Train Accuracy: 0.6156, Test Loss: 1.3161, Test Accuracy: 0.6059
Epoch 36/500 - Train Loss: 1.3656, Train Accuracy: 0.6093, Test Loss: 1.3516, Test Accuracy: 0.6146
Epoch 37/500 - Train Loss: 1.3568, Train Accuracy: 0.6156, Test Loss: 1.3459, Test Accuracy: 0.6121
Epoch 38/500 - Train Loss: 1.3754, Train Accuracy: 0.6002, Test Loss: 1.3614, Test Accuracy: 0.5911
Epoch 39/500 - Train Loss: 1.3584, Train Accuracy: 0.6029, Test Loss: 1.2945, Test Accuracy: 0.6146
Epoch 40/500 - Train Loss: 1.3457, Train Accuracy: 0.6061, Test Loss: 1.2776, Test Accuracy: 0.6406
Epoch 41/500 - Train Loss: 1.3551, Train Accuracy: 0.6162, Test Loss: 1.2548, Test Accuracy: 0.6667
Epoch 42/500 - Train Loss: 1.3641, Train Accuracy: 0.6077, Test Loss: 1.2702, Test Accuracy: 0.6245
Epoch 43/500 - Train Loss: 1.3374, Train Accuracy: 0.6241, Test Loss: 1.2342, Test Accuracy: 0.6605
Epoch 44/500 - Train Loss: 1.3351, Train Accuracy: 0.6156, Test Loss: 1.2311, Test Accuracy: 0.6679
Epoch 45/500 - Train Loss: 1.3229, Train Accuracy: 0.6279, Test Loss: 1.2921, Test Accuracy: 0.6406
Epoch 46/500 - Train Loss: 1.3205, Train Accuracy: 0.6215, Test Loss: 1.2222, Test Accuracy: 0.6853
Epoch 47/500 - Train Loss: 1.3199, Train Accuracy: 0.6316, Test Loss: 1.4203, Test Accuracy: 0.6047
Epoch 48/500 - Train Loss: 1.3628, Train Accuracy: 0.6119, Test Loss: 1.2689, Test Accuracy: 0.6592
Epoch 49/500 - Train Loss: 1.3541, Train Accuracy: 0.6140, Test Loss: 1.2428, Test Accuracy: 0.6679
Epoch 50/500 - Train Loss: 1.3222, Train Accuracy: 0.6401, Test Loss: 1.2357, Test Accuracy: 0.6753
Epoch 51/500 - Train Loss: 1.3247, Train Accuracy: 0.6305, Test Loss: 1.3208, Test Accuracy: 0.6344
Epoch 52/500 - Train Loss: 1.3213, Train Accuracy: 0.6209, Test Loss: 1.2089, Test Accuracy: 0.6840
Epoch 53/500 - Train Loss: 1.3343, Train Accuracy: 0.6215, Test Loss: 1.2538, Test Accuracy: 0.6555
Epoch 54/500 - Train Loss: 1.3090, Train Accuracy: 0.6326, Test Loss: 1.4285, Test Accuracy: 0.5725
Epoch 55/500 - Train Loss: 1.3365, Train Accuracy: 0.6385, Test Loss: 1.2228, Test Accuracy: 0.6815
Epoch 56/500 - Train Loss: 1.3444, Train Accuracy: 0.6204, Test Loss: 1.3947, Test Accuracy: 0.5812
Epoch 57/500 - Train Loss: 1.3288, Train Accuracy: 0.6268, Test Loss: 1.2435, Test Accuracy: 0.6518
Epoch 58/500 - Train Loss: 1.3259, Train Accuracy: 0.6215, Test Loss: 1.2277, Test Accuracy: 0.6568
Epoch 59/500 - Train Loss: 1.3204, Train Accuracy: 0.6364, Test Loss: 1.2234, Test Accuracy: 0.6753
Epoch 60/500 - Train Loss: 1.3157, Train Accuracy: 0.6305, Test Loss: 1.2520, Test Accuracy: 0.6605
Epoch 61/500 - Train Loss: 1.3109, Train Accuracy: 0.6374, Test Loss: 1.2357, Test Accuracy: 0.6865
Epoch 62/500 - Train Loss: 1.3018, Train Accuracy: 0.6337, Test Loss: 1.2433, Test Accuracy: 0.6840
Epoch 63/500 - Train Loss: 1.3080, Train Accuracy: 0.6268, Test Loss: 1.3185, Test Accuracy: 0.6270
Epoch 64/500 - Train Loss: 1.2986, Train Accuracy: 0.6497, Test Loss: 1.2338, Test Accuracy: 0.6716
Epoch 65/500 - Train Loss: 1.3046, Train Accuracy: 0.6454, Test Loss: 1.1964, Test Accuracy: 0.6877
Epoch 66/500 - Train Loss: 1.3039, Train Accuracy: 0.6443, Test Loss: 1.2600, Test Accuracy: 0.6543
Epoch 67/500 - Train Loss: 1.3174, Train Accuracy: 0.6411, Test Loss: 1.2361, Test Accuracy: 0.6654
Epoch 68/500 - Train Loss: 1.3053, Train Accuracy: 0.6470, Test Loss: 1.2941, Test Accuracy: 0.6419
Epoch 69/500 - Train Loss: 1.3063, Train Accuracy: 0.6401, Test Loss: 1.2834, Test Accuracy: 0.6468
Epoch 70/500 - Train Loss: 1.3160, Train Accuracy: 0.6385, Test Loss: 1.2287, Test Accuracy: 0.6729
Epoch 71/500 - Train Loss: 1.2961, Train Accuracy: 0.6497, Test Loss: 1.2292, Test Accuracy: 0.6679
Epoch 72/500 - Train Loss: 1.3046, Train Accuracy: 0.6422, Test Loss: 1.2533, Test Accuracy: 0.6667
Epoch 73/500 - Train Loss: 1.3058, Train Accuracy: 0.6390, Test Loss: 1.2066, Test Accuracy: 0.7026
Epoch 74/500 - Train Loss: 1.2925, Train Accuracy: 0.6502, Test Loss: 1.2258, Test Accuracy: 0.6753
Epoch 75/500 - Train Loss: 1.2823, Train Accuracy: 0.6465, Test Loss: 1.2206, Test Accuracy: 0.6815
Epoch 76/500 - Train Loss: 1.2943, Train Accuracy: 0.6497, Test Loss: 1.2122, Test Accuracy: 0.6753
Epoch 77/500 - Train Loss: 1.3098, Train Accuracy: 0.6289, Test Loss: 1.2786, Test Accuracy: 0.6493
Epoch 78/500 - Train Loss: 1.2883, Train Accuracy: 0.6518, Test Loss: 1.2324, Test Accuracy: 0.6729
Epoch 79/500 - Train Loss: 1.2875, Train Accuracy: 0.6438, Test Loss: 1.1947, Test Accuracy: 0.7014
Epoch 80/500 - Train Loss: 1.2764, Train Accuracy: 0.6507, Test Loss: 1.2163, Test Accuracy: 0.6828
Epoch 81/500 - Train Loss: 1.2913, Train Accuracy: 0.6555, Test Loss: 1.2895, Test Accuracy: 0.6456
Epoch 82/500 - Train Loss: 1.2780, Train Accuracy: 0.6619, Test Loss: 1.3440, Test Accuracy: 0.6047
Epoch 83/500 - Train Loss: 1.2862, Train Accuracy: 0.6571, Test Loss: 1.2869, Test Accuracy: 0.6493
Epoch 84/500 - Train Loss: 1.3014, Train Accuracy: 0.6465, Test Loss: 1.1952, Test Accuracy: 0.6902
Epoch 85/500 - Train Loss: 1.2768, Train Accuracy: 0.6608, Test Loss: 1.2694, Test Accuracy: 0.6530
Epoch 86/500 - Train Loss: 1.2924, Train Accuracy: 0.6550, Test Loss: 1.2254, Test Accuracy: 0.6778
Epoch 87/500 - Train Loss: 1.3066, Train Accuracy: 0.6369, Test Loss: 1.2461, Test Accuracy: 0.6543
Epoch 88/500 - Train Loss: 1.2701, Train Accuracy: 0.6518, Test Loss: 1.2923, Test Accuracy: 0.6357
Epoch 89/500 - Train Loss: 1.2610, Train Accuracy: 0.6683, Test Loss: 1.1962, Test Accuracy: 0.6902
Epoch 90/500 - Train Loss: 1.2838, Train Accuracy: 0.6539, Test Loss: 1.2048, Test Accuracy: 0.6716
Epoch 91/500 - Train Loss: 1.2847, Train Accuracy: 0.6475, Test Loss: 1.2833, Test Accuracy: 0.6270
Epoch 92/500 - Train Loss: 1.2675, Train Accuracy: 0.6624, Test Loss: 1.1970, Test Accuracy: 0.6840
Epoch 93/500 - Train Loss: 1.2773, Train Accuracy: 0.6614, Test Loss: 1.2161, Test Accuracy: 0.6778
Epoch 94/500 - Train Loss: 1.2858, Train Accuracy: 0.6560, Test Loss: 1.1938, Test Accuracy: 0.6914
Epoch 95/500 - Train Loss: 1.2835, Train Accuracy: 0.6491, Test Loss: 1.2595, Test Accuracy: 0.6691
Epoch 96/500 - Train Loss: 1.2869, Train Accuracy: 0.6635, Test Loss: 1.2121, Test Accuracy: 0.6865
Epoch 97/500 - Train Loss: 1.2855, Train Accuracy: 0.6502, Test Loss: 1.2191, Test Accuracy: 0.6766
Epoch 98/500 - Train Loss: 1.2713, Train Accuracy: 0.6576, Test Loss: 1.1968, Test Accuracy: 0.7038
Epoch 99/500 - Train Loss: 1.2722, Train Accuracy: 0.6651, Test Loss: 1.1947, Test Accuracy: 0.6964
Epoch 100/500 - Train Loss: 1.2815, Train Accuracy: 0.6475, Test Loss: 1.2219, Test Accuracy: 0.6741
Epoch 101/500 - Train Loss: 1.2722, Train Accuracy: 0.6566, Test Loss: 1.2478, Test Accuracy: 0.6716
Epoch 102/500 - Train Loss: 1.2635, Train Accuracy: 0.6640, Test Loss: 1.2076, Test Accuracy: 0.6939
Epoch 103/500 - Train Loss: 1.2749, Train Accuracy: 0.6523, Test Loss: 1.2219, Test Accuracy: 0.6902
Epoch 104/500 - Train Loss: 1.2580, Train Accuracy: 0.6635, Test Loss: 1.2460, Test Accuracy: 0.6753
Epoch 105/500 - Train Loss: 1.2746, Train Accuracy: 0.6677, Test Loss: 1.2005, Test Accuracy: 0.6989
Epoch 106/500 - Train Loss: 1.2609, Train Accuracy: 0.6677, Test Loss: 1.1992, Test Accuracy: 0.6840
Epoch 107/500 - Train Loss: 1.2468, Train Accuracy: 0.6640, Test Loss: 1.2592, Test Accuracy: 0.6605
Epoch 108/500 - Train Loss: 1.2699, Train Accuracy: 0.6566, Test Loss: 1.2232, Test Accuracy: 0.6828
Epoch 109/500 - Train Loss: 1.2864, Train Accuracy: 0.6486, Test Loss: 1.2006, Test Accuracy: 0.6927
Epoch 110/500 - Train Loss: 1.2674, Train Accuracy: 0.6502, Test Loss: 1.1866, Test Accuracy: 0.6927
Epoch 111/500 - Train Loss: 1.2642, Train Accuracy: 0.6592, Test Loss: 1.2908, Test Accuracy: 0.6444
Epoch 112/500 - Train Loss: 1.2609, Train Accuracy: 0.6555, Test Loss: 1.2057, Test Accuracy: 0.6803
Epoch 113/500 - Train Loss: 1.2610, Train Accuracy: 0.6704, Test Loss: 1.1979, Test Accuracy: 0.6976
Epoch 114/500 - Train Loss: 1.2510, Train Accuracy: 0.6725, Test Loss: 1.1976, Test Accuracy: 0.6989
Epoch 115/500 - Train Loss: 1.2581, Train Accuracy: 0.6661, Test Loss: 1.2133, Test Accuracy: 0.6902
Epoch 116/500 - Train Loss: 1.2643, Train Accuracy: 0.6629, Test Loss: 1.2148, Test Accuracy: 0.6716
Epoch 117/500 - Train Loss: 1.2693, Train Accuracy: 0.6587, Test Loss: 1.2066, Test Accuracy: 0.6654
Epoch 118/500 - Train Loss: 1.2685, Train Accuracy: 0.6454, Test Loss: 1.2552, Test Accuracy: 0.6605
Epoch 119/500 - Train Loss: 1.2627, Train Accuracy: 0.6465, Test Loss: 1.1993, Test Accuracy: 0.6828
Epoch 120/500 - Train Loss: 1.2671, Train Accuracy: 0.6566, Test Loss: 1.1755, Test Accuracy: 0.7224
Epoch 121/500 - Train Loss: 1.2452, Train Accuracy: 0.6741, Test Loss: 1.2022, Test Accuracy: 0.6952
Epoch 122/500 - Train Loss: 1.2579, Train Accuracy: 0.6683, Test Loss: 1.2214, Test Accuracy: 0.6778
Epoch 123/500 - Train Loss: 1.2525, Train Accuracy: 0.6768, Test Loss: 1.2449, Test Accuracy: 0.6444
Epoch 124/500 - Train Loss: 1.2460, Train Accuracy: 0.6635, Test Loss: 1.2314, Test Accuracy: 0.6691
Epoch 125/500 - Train Loss: 1.2562, Train Accuracy: 0.6624, Test Loss: 1.2822, Test Accuracy: 0.6456
Epoch 126/500 - Train Loss: 1.2514, Train Accuracy: 0.6677, Test Loss: 1.1713, Test Accuracy: 0.7063
Epoch 127/500 - Train Loss: 1.2371, Train Accuracy: 0.6762, Test Loss: 1.1664, Test Accuracy: 0.7138
Epoch 128/500 - Train Loss: 1.2566, Train Accuracy: 0.6709, Test Loss: 1.2169, Test Accuracy: 0.6989
Epoch 129/500 - Train Loss: 1.2483, Train Accuracy: 0.6672, Test Loss: 1.2819, Test Accuracy: 0.6344
Epoch 130/500 - Train Loss: 1.2653, Train Accuracy: 0.6571, Test Loss: 1.1670, Test Accuracy: 0.6939
Epoch 131/500 - Train Loss: 1.2248, Train Accuracy: 0.6831, Test Loss: 1.1639, Test Accuracy: 0.7187
Epoch 132/500 - Train Loss: 1.2191, Train Accuracy: 0.6879, Test Loss: 1.1662, Test Accuracy: 0.7150
Epoch 133/500 - Train Loss: 1.2225, Train Accuracy: 0.6911, Test Loss: 1.2608, Test Accuracy: 0.6369
Epoch 134/500 - Train Loss: 1.2302, Train Accuracy: 0.6826, Test Loss: 1.1624, Test Accuracy: 0.7100
Epoch 135/500 - Train Loss: 1.2328, Train Accuracy: 0.6858, Test Loss: 1.1895, Test Accuracy: 0.7063
Epoch 136/500 - Train Loss: 1.2365, Train Accuracy: 0.6720, Test Loss: 1.2919, Test Accuracy: 0.6419
Epoch 137/500 - Train Loss: 1.2194, Train Accuracy: 0.6704, Test Loss: 1.1761, Test Accuracy: 0.7063
Epoch 138/500 - Train Loss: 1.2241, Train Accuracy: 0.6863, Test Loss: 1.2198, Test Accuracy: 0.6815
Epoch 139/500 - Train Loss: 1.2266, Train Accuracy: 0.6810, Test Loss: 1.1780, Test Accuracy: 0.7026
Epoch 140/500 - Train Loss: 1.2317, Train Accuracy: 0.6693, Test Loss: 1.1685, Test Accuracy: 0.6964
Epoch 141/500 - Train Loss: 1.2111, Train Accuracy: 0.6863, Test Loss: 1.1794, Test Accuracy: 0.6952
Epoch 142/500 - Train Loss: 1.2104, Train Accuracy: 0.7007, Test Loss: 1.2497, Test Accuracy: 0.6691
Epoch 143/500 - Train Loss: 1.2193, Train Accuracy: 0.6778, Test Loss: 1.2221, Test Accuracy: 0.6691
Epoch 144/500 - Train Loss: 1.2076, Train Accuracy: 0.6948, Test Loss: 1.1661, Test Accuracy: 0.7051
Epoch 145/500 - Train Loss: 1.2467, Train Accuracy: 0.6725, Test Loss: 1.1987, Test Accuracy: 0.6964
Epoch 146/500 - Train Loss: 1.2172, Train Accuracy: 0.6805, Test Loss: 1.1439, Test Accuracy: 0.7237
Epoch 147/500 - Train Loss: 1.2449, Train Accuracy: 0.6693, Test Loss: 1.1889, Test Accuracy: 0.6853
Epoch 148/500 - Train Loss: 1.2245, Train Accuracy: 0.6932, Test Loss: 1.1831, Test Accuracy: 0.6964
Epoch 149/500 - Train Loss: 1.2263, Train Accuracy: 0.6816, Test Loss: 1.2453, Test Accuracy: 0.6642
Epoch 150/500 - Train Loss: 1.1860, Train Accuracy: 0.6932, Test Loss: 1.2736, Test Accuracy: 0.6481
Epoch 151/500 - Train Loss: 1.2084, Train Accuracy: 0.6874, Test Loss: 1.1434, Test Accuracy: 0.7162
Epoch 152/500 - Train Loss: 1.1977, Train Accuracy: 0.6922, Test Loss: 1.2805, Test Accuracy: 0.6530
Epoch 153/500 - Train Loss: 1.2106, Train Accuracy: 0.6847, Test Loss: 1.1822, Test Accuracy: 0.6914
Epoch 154/500 - Train Loss: 1.2079, Train Accuracy: 0.6837, Test Loss: 1.3261, Test Accuracy: 0.6493
Epoch 155/500 - Train Loss: 1.1930, Train Accuracy: 0.6943, Test Loss: 1.1695, Test Accuracy: 0.6989
Epoch 156/500 - Train Loss: 1.1912, Train Accuracy: 0.7023, Test Loss: 1.1509, Test Accuracy: 0.7162
Epoch 157/500 - Train Loss: 1.1763, Train Accuracy: 0.7103, Test Loss: 1.1340, Test Accuracy: 0.7224
Epoch 158/500 - Train Loss: 1.1870, Train Accuracy: 0.7055, Test Loss: 1.1324, Test Accuracy: 0.7348
Epoch 159/500 - Train Loss: 1.1835, Train Accuracy: 0.7007, Test Loss: 1.1387, Test Accuracy: 0.7150
Epoch 160/500 - Train Loss: 1.1684, Train Accuracy: 0.7145, Test Loss: 1.1585, Test Accuracy: 0.7026
Epoch 161/500 - Train Loss: 1.1752, Train Accuracy: 0.7092, Test Loss: 1.1097, Test Accuracy: 0.7546
Epoch 162/500 - Train Loss: 1.1746, Train Accuracy: 0.7108, Test Loss: 1.1499, Test Accuracy: 0.7113
Epoch 163/500 - Train Loss: 1.1904, Train Accuracy: 0.7087, Test Loss: 1.3009, Test Accuracy: 0.6580
Epoch 164/500 - Train Loss: 1.1652, Train Accuracy: 0.7108, Test Loss: 1.1919, Test Accuracy: 0.6914
Epoch 165/500 - Train Loss: 1.1572, Train Accuracy: 0.7273, Test Loss: 1.1680, Test Accuracy: 0.7113
Epoch 166/500 - Train Loss: 1.1591, Train Accuracy: 0.7140, Test Loss: 1.1759, Test Accuracy: 0.7014
Epoch 167/500 - Train Loss: 1.1795, Train Accuracy: 0.7081, Test Loss: 1.2022, Test Accuracy: 0.7076
Epoch 168/500 - Train Loss: 1.1998, Train Accuracy: 0.7002, Test Loss: 1.2921, Test Accuracy: 0.6468
Epoch 169/500 - Train Loss: 1.2137, Train Accuracy: 0.6890, Test Loss: 1.1300, Test Accuracy: 0.7274
Epoch 170/500 - Train Loss: 1.1631, Train Accuracy: 0.7150, Test Loss: 1.2156, Test Accuracy: 0.6716
Epoch 171/500 - Train Loss: 1.1739, Train Accuracy: 0.7140, Test Loss: 1.1602, Test Accuracy: 0.7076
Epoch 172/500 - Train Loss: 1.1673, Train Accuracy: 0.7182, Test Loss: 1.2352, Test Accuracy: 0.6629
Epoch 173/500 - Train Loss: 1.1797, Train Accuracy: 0.7108, Test Loss: 1.2121, Test Accuracy: 0.6853
Epoch 174/500 - Train Loss: 1.1636, Train Accuracy: 0.7267, Test Loss: 1.1742, Test Accuracy: 0.7125
Epoch 175/500 - Train Loss: 1.1638, Train Accuracy: 0.7214, Test Loss: 1.1752, Test Accuracy: 0.7001
Epoch 176/500 - Train Loss: 1.1507, Train Accuracy: 0.7198, Test Loss: 1.0957, Test Accuracy: 0.7447
Epoch 177/500 - Train Loss: 1.1424, Train Accuracy: 0.7188, Test Loss: 1.1553, Test Accuracy: 0.7162
Epoch 178/500 - Train Loss: 1.1354, Train Accuracy: 0.7172, Test Loss: 1.0988, Test Accuracy: 0.7447
Epoch 179/500 - Train Loss: 1.1542, Train Accuracy: 0.7225, Test Loss: 1.0952, Test Accuracy: 0.7584
Epoch 180/500 - Train Loss: 1.1417, Train Accuracy: 0.7267, Test Loss: 1.0844, Test Accuracy: 0.7509
Epoch 181/500 - Train Loss: 1.1476, Train Accuracy: 0.7257, Test Loss: 1.1169, Test Accuracy: 0.7373
Epoch 182/500 - Train Loss: 1.1522, Train Accuracy: 0.7225, Test Loss: 1.1000, Test Accuracy: 0.7435
Epoch 183/500 - Train Loss: 1.1632, Train Accuracy: 0.7214, Test Loss: 1.1363, Test Accuracy: 0.7348
Epoch 184/500 - Train Loss: 1.1528, Train Accuracy: 0.7087, Test Loss: 1.2399, Test Accuracy: 0.6766
Epoch 185/500 - Train Loss: 1.1435, Train Accuracy: 0.7246, Test Loss: 1.1267, Test Accuracy: 0.7286
Epoch 186/500 - Train Loss: 1.1444, Train Accuracy: 0.7358, Test Loss: 1.0994, Test Accuracy: 0.7534
Epoch 187/500 - Train Loss: 1.1474, Train Accuracy: 0.7294, Test Loss: 1.0827, Test Accuracy: 0.7608
Epoch 188/500 - Train Loss: 1.1338, Train Accuracy: 0.7204, Test Loss: 1.1138, Test Accuracy: 0.7286
Epoch 189/500 - Train Loss: 1.1446, Train Accuracy: 0.7198, Test Loss: 1.0907, Test Accuracy: 0.7522
Epoch 190/500 - Train Loss: 1.1236, Train Accuracy: 0.7305, Test Loss: 1.0778, Test Accuracy: 0.7633
Epoch 191/500 - Train Loss: 1.1313, Train Accuracy: 0.7427, Test Loss: 1.1218, Test Accuracy: 0.7175
Epoch 192/500 - Train Loss: 1.1219, Train Accuracy: 0.7379, Test Loss: 1.0987, Test Accuracy: 0.7460
Epoch 193/500 - Train Loss: 1.1271, Train Accuracy: 0.7374, Test Loss: 1.1973, Test Accuracy: 0.6989
Epoch 194/500 - Train Loss: 1.0969, Train Accuracy: 0.7501, Test Loss: 1.1533, Test Accuracy: 0.7274
Epoch 195/500 - Train Loss: 1.1295, Train Accuracy: 0.7310, Test Loss: 1.1121, Test Accuracy: 0.7497
Epoch 196/500 - Train Loss: 1.1199, Train Accuracy: 0.7315, Test Loss: 1.1228, Test Accuracy: 0.7323
Epoch 197/500 - Train Loss: 1.1370, Train Accuracy: 0.7262, Test Loss: 1.1184, Test Accuracy: 0.7497
Epoch 198/500 - Train Loss: 1.1226, Train Accuracy: 0.7448, Test Loss: 1.0989, Test Accuracy: 0.7534
Epoch 199/500 - Train Loss: 1.1221, Train Accuracy: 0.7214, Test Loss: 1.0903, Test Accuracy: 0.7596
Epoch 200/500 - Train Loss: 1.1254, Train Accuracy: 0.7299, Test Loss: 1.1449, Test Accuracy: 0.7237
Epoch 201/500 - Train Loss: 1.1225, Train Accuracy: 0.7326, Test Loss: 1.1315, Test Accuracy: 0.7299
Epoch 202/500 - Train Loss: 1.1087, Train Accuracy: 0.7496, Test Loss: 1.0908, Test Accuracy: 0.7683
Epoch 203/500 - Train Loss: 1.1102, Train Accuracy: 0.7315, Test Loss: 1.1414, Test Accuracy: 0.7311
Epoch 204/500 - Train Loss: 1.1365, Train Accuracy: 0.7315, Test Loss: 1.2640, Test Accuracy: 0.6952
Epoch 205/500 - Train Loss: 1.1289, Train Accuracy: 0.7422, Test Loss: 1.0804, Test Accuracy: 0.7571
Epoch 206/500 - Train Loss: 1.1103, Train Accuracy: 0.7374, Test Loss: 1.1886, Test Accuracy: 0.6902
Epoch 207/500 - Train Loss: 1.1201, Train Accuracy: 0.7390, Test Loss: 1.1039, Test Accuracy: 0.7559
Epoch 208/500 - Train Loss: 1.1112, Train Accuracy: 0.7491, Test Loss: 1.1339, Test Accuracy: 0.7385
Epoch 209/500 - Train Loss: 1.1095, Train Accuracy: 0.7368, Test Loss: 1.1033, Test Accuracy: 0.7534
Epoch 210/500 - Train Loss: 1.1183, Train Accuracy: 0.7363, Test Loss: 1.1268, Test Accuracy: 0.7249
Epoch 211/500 - Train Loss: 1.1318, Train Accuracy: 0.7358, Test Loss: 1.1293, Test Accuracy: 0.7423
Epoch 212/500 - Train Loss: 1.1192, Train Accuracy: 0.7331, Test Loss: 1.1429, Test Accuracy: 0.7348
Epoch 213/500 - Train Loss: 1.1056, Train Accuracy: 0.7501, Test Loss: 1.0832, Test Accuracy: 0.7522
Epoch 214/500 - Train Loss: 1.1201, Train Accuracy: 0.7453, Test Loss: 1.1175, Test Accuracy: 0.7361
Epoch 215/500 - Train Loss: 1.1303, Train Accuracy: 0.7305, Test Loss: 1.1674, Test Accuracy: 0.7063
Epoch 216/500 - Train Loss: 1.1219, Train Accuracy: 0.7374, Test Loss: 1.0668, Test Accuracy: 0.7720
Epoch 217/500 - Train Loss: 1.0979, Train Accuracy: 0.7448, Test Loss: 1.0837, Test Accuracy: 0.7522
Epoch 218/500 - Train Loss: 1.1225, Train Accuracy: 0.7331, Test Loss: 1.0790, Test Accuracy: 0.7447
Epoch 219/500 - Train Loss: 1.1058, Train Accuracy: 0.7400, Test Loss: 1.0744, Test Accuracy: 0.7621
Epoch 220/500 - Train Loss: 1.1259, Train Accuracy: 0.7363, Test Loss: 1.2317, Test Accuracy: 0.6952
Epoch 221/500 - Train Loss: 1.1091, Train Accuracy: 0.7496, Test Loss: 1.1459, Test Accuracy: 0.7361
Epoch 222/500 - Train Loss: 1.1116, Train Accuracy: 0.7469, Test Loss: 1.1789, Test Accuracy: 0.7038
Epoch 223/500 - Train Loss: 1.1148, Train Accuracy: 0.7432, Test Loss: 1.0775, Test Accuracy: 0.7584
Epoch 224/500 - Train Loss: 1.0956, Train Accuracy: 0.7597, Test Loss: 1.0807, Test Accuracy: 0.7646
Epoch 225/500 - Train Loss: 1.1067, Train Accuracy: 0.7469, Test Loss: 1.0759, Test Accuracy: 0.7695
Epoch 226/500 - Train Loss: 1.1002, Train Accuracy: 0.7331, Test Loss: 1.1185, Test Accuracy: 0.7435
Epoch 227/500 - Train Loss: 1.1098, Train Accuracy: 0.7422, Test Loss: 1.1236, Test Accuracy: 0.7361
Epoch 228/500 - Train Loss: 1.0951, Train Accuracy: 0.7576, Test Loss: 1.0825, Test Accuracy: 0.7658
Epoch 229/500 - Train Loss: 1.1079, Train Accuracy: 0.7475, Test Loss: 1.1463, Test Accuracy: 0.7299
Epoch 230/500 - Train Loss: 1.0930, Train Accuracy: 0.7517, Test Loss: 1.1770, Test Accuracy: 0.7014
Epoch 231/500 - Train Loss: 1.1128, Train Accuracy: 0.7358, Test Loss: 1.1101, Test Accuracy: 0.7435
Epoch 232/500 - Train Loss: 1.1102, Train Accuracy: 0.7400, Test Loss: 1.0876, Test Accuracy: 0.7497
Epoch 233/500 - Train Loss: 1.0828, Train Accuracy: 0.7464, Test Loss: 1.1357, Test Accuracy: 0.7212
Epoch 234/500 - Train Loss: 1.0689, Train Accuracy: 0.7608, Test Loss: 1.1093, Test Accuracy: 0.7373
Epoch 235/500 - Train Loss: 1.1038, Train Accuracy: 0.7448, Test Loss: 1.1291, Test Accuracy: 0.7175
Epoch 236/500 - Train Loss: 1.1120, Train Accuracy: 0.7427, Test Loss: 1.1764, Test Accuracy: 0.7274
Epoch 237/500 - Train Loss: 1.1020, Train Accuracy: 0.7507, Test Loss: 1.0774, Test Accuracy: 0.7633
Epoch 238/500 - Train Loss: 1.1075, Train Accuracy: 0.7400, Test Loss: 1.0879, Test Accuracy: 0.7435
Epoch 239/500 - Train Loss: 1.0935, Train Accuracy: 0.7491, Test Loss: 1.1174, Test Accuracy: 0.7286
Epoch 240/500 - Train Loss: 1.0953, Train Accuracy: 0.7475, Test Loss: 1.1393, Test Accuracy: 0.7162
Epoch 241/500 - Train Loss: 1.0901, Train Accuracy: 0.7427, Test Loss: 1.0932, Test Accuracy: 0.7534
Epoch 242/500 - Train Loss: 1.0897, Train Accuracy: 0.7645, Test Loss: 1.1930, Test Accuracy: 0.6952
Epoch 243/500 - Train Loss: 1.0933, Train Accuracy: 0.7586, Test Loss: 1.0721, Test Accuracy: 0.7633
Epoch 244/500 - Train Loss: 1.0898, Train Accuracy: 0.7554, Test Loss: 1.0790, Test Accuracy: 0.7658
Epoch 245/500 - Train Loss: 1.0954, Train Accuracy: 0.7485, Test Loss: 1.1723, Test Accuracy: 0.7001
Epoch 246/500 - Train Loss: 1.0666, Train Accuracy: 0.7698, Test Loss: 1.0725, Test Accuracy: 0.7571
Epoch 247/500 - Train Loss: 1.0778, Train Accuracy: 0.7544, Test Loss: 1.0874, Test Accuracy: 0.7559
Epoch 248/500 - Train Loss: 1.0963, Train Accuracy: 0.7565, Test Loss: 1.1154, Test Accuracy: 0.7398
Epoch 249/500 - Train Loss: 1.0909, Train Accuracy: 0.7554, Test Loss: 1.0716, Test Accuracy: 0.7670
Epoch 250/500 - Train Loss: 1.0961, Train Accuracy: 0.7459, Test Loss: 1.0802, Test Accuracy: 0.7658
Epoch 251/500 - Train Loss: 1.0853, Train Accuracy: 0.7517, Test Loss: 1.0607, Test Accuracy: 0.7584
Epoch 252/500 - Train Loss: 1.0756, Train Accuracy: 0.7544, Test Loss: 1.1015, Test Accuracy: 0.7361
Epoch 253/500 - Train Loss: 1.0818, Train Accuracy: 0.7634, Test Loss: 1.0932, Test Accuracy: 0.7385
Epoch 254/500 - Train Loss: 1.0887, Train Accuracy: 0.7507, Test Loss: 1.1816, Test Accuracy: 0.6815
Epoch 255/500 - Train Loss: 1.0868, Train Accuracy: 0.7507, Test Loss: 1.0782, Test Accuracy: 0.7497
Epoch 256/500 - Train Loss: 1.0869, Train Accuracy: 0.7544, Test Loss: 1.1119, Test Accuracy: 0.7534
Epoch 257/500 - Train Loss: 1.0742, Train Accuracy: 0.7533, Test Loss: 1.0636, Test Accuracy: 0.7720
Epoch 258/500 - Train Loss: 1.0725, Train Accuracy: 0.7624, Test Loss: 1.0677, Test Accuracy: 0.7658
Epoch 259/500 - Train Loss: 1.0877, Train Accuracy: 0.7565, Test Loss: 1.0893, Test Accuracy: 0.7460
Epoch 260/500 - Train Loss: 1.0851, Train Accuracy: 0.7624, Test Loss: 1.1431, Test Accuracy: 0.7361
Epoch 261/500 - Train Loss: 1.0926, Train Accuracy: 0.7448, Test Loss: 1.1275, Test Accuracy: 0.7261
Epoch 262/500 - Train Loss: 1.1026, Train Accuracy: 0.7438, Test Loss: 1.1369, Test Accuracy: 0.7299
Epoch 263/500 - Train Loss: 1.0955, Train Accuracy: 0.7448, Test Loss: 1.0864, Test Accuracy: 0.7584
Epoch 264/500 - Train Loss: 1.0814, Train Accuracy: 0.7406, Test Loss: 1.1098, Test Accuracy: 0.7534
Epoch 265/500 - Train Loss: 1.0882, Train Accuracy: 0.7485, Test Loss: 1.2557, Test Accuracy: 0.6840
Epoch 266/500 - Train Loss: 1.0814, Train Accuracy: 0.7629, Test Loss: 1.1840, Test Accuracy: 0.6914
Epoch 267/500 - Train Loss: 1.0845, Train Accuracy: 0.7507, Test Loss: 1.1241, Test Accuracy: 0.7286
Epoch 268/500 - Train Loss: 1.0823, Train Accuracy: 0.7576, Test Loss: 1.1077, Test Accuracy: 0.7435
Epoch 269/500 - Train Loss: 1.0715, Train Accuracy: 0.7645, Test Loss: 1.1211, Test Accuracy: 0.7497
Epoch 270/500 - Train Loss: 1.0803, Train Accuracy: 0.7565, Test Loss: 1.0667, Test Accuracy: 0.7720
Epoch 271/500 - Train Loss: 1.0795, Train Accuracy: 0.7358, Test Loss: 1.0597, Test Accuracy: 0.7670
Epoch 272/500 - Train Loss: 1.0850, Train Accuracy: 0.7554, Test Loss: 1.0983, Test Accuracy: 0.7621
Epoch 273/500 - Train Loss: 1.0706, Train Accuracy: 0.7586, Test Loss: 1.1032, Test Accuracy: 0.7423
Epoch 274/500 - Train Loss: 1.0742, Train Accuracy: 0.7523, Test Loss: 1.0829, Test Accuracy: 0.7460
Epoch 275/500 - Train Loss: 1.0859, Train Accuracy: 0.7554, Test Loss: 1.0629, Test Accuracy: 0.7807
Epoch 276/500 - Train Loss: 1.0868, Train Accuracy: 0.7597, Test Loss: 1.0966, Test Accuracy: 0.7695
Epoch 277/500 - Train Loss: 1.0865, Train Accuracy: 0.7491, Test Loss: 1.1003, Test Accuracy: 0.7497
Epoch 278/500 - Train Loss: 1.0817, Train Accuracy: 0.7539, Test Loss: 1.1203, Test Accuracy: 0.7200
Epoch 279/500 - Train Loss: 1.0553, Train Accuracy: 0.7719, Test Loss: 1.0757, Test Accuracy: 0.7522
Epoch 280/500 - Train Loss: 1.0772, Train Accuracy: 0.7661, Test Loss: 1.0505, Test Accuracy: 0.7720
Epoch 281/500 - Train Loss: 1.0769, Train Accuracy: 0.7719, Test Loss: 1.0664, Test Accuracy: 0.7770
Epoch 282/500 - Train Loss: 1.0509, Train Accuracy: 0.7576, Test Loss: 1.0970, Test Accuracy: 0.7460
Epoch 283/500 - Train Loss: 1.0749, Train Accuracy: 0.7666, Test Loss: 1.0801, Test Accuracy: 0.7584
Epoch 284/500 - Train Loss: 1.0834, Train Accuracy: 0.7517, Test Loss: 1.0785, Test Accuracy: 0.7447
Epoch 285/500 - Train Loss: 1.0622, Train Accuracy: 0.7666, Test Loss: 1.0437, Test Accuracy: 0.7782
Epoch 286/500 - Train Loss: 1.0683, Train Accuracy: 0.7608, Test Loss: 1.0740, Test Accuracy: 0.7509
Epoch 287/500 - Train Loss: 1.0620, Train Accuracy: 0.7581, Test Loss: 1.1316, Test Accuracy: 0.7237
Epoch 288/500 - Train Loss: 1.0749, Train Accuracy: 0.7576, Test Loss: 1.1345, Test Accuracy: 0.7373
Epoch 289/500 - Train Loss: 1.0661, Train Accuracy: 0.7602, Test Loss: 1.1121, Test Accuracy: 0.7571
Epoch 290/500 - Train Loss: 1.0872, Train Accuracy: 0.7629, Test Loss: 1.1336, Test Accuracy: 0.7497
Epoch 291/500 - Train Loss: 1.0660, Train Accuracy: 0.7613, Test Loss: 1.0811, Test Accuracy: 0.7646
Epoch 292/500 - Train Loss: 1.0538, Train Accuracy: 0.7794, Test Loss: 1.0515, Test Accuracy: 0.7646
Epoch 293/500 - Train Loss: 1.0801, Train Accuracy: 0.7560, Test Loss: 1.0861, Test Accuracy: 0.7546
Epoch 294/500 - Train Loss: 1.0589, Train Accuracy: 0.7613, Test Loss: 1.0469, Test Accuracy: 0.7757
Epoch 295/500 - Train Loss: 1.0804, Train Accuracy: 0.7491, Test Loss: 1.0830, Test Accuracy: 0.7608
Epoch 296/500 - Train Loss: 1.0826, Train Accuracy: 0.7523, Test Loss: 1.1188, Test Accuracy: 0.7200
Epoch 297/500 - Train Loss: 1.0610, Train Accuracy: 0.7640, Test Loss: 1.0454, Test Accuracy: 0.7683
Epoch 298/500 - Train Loss: 1.0581, Train Accuracy: 0.7677, Test Loss: 1.1910, Test Accuracy: 0.7175
Epoch 299/500 - Train Loss: 1.0581, Train Accuracy: 0.7836, Test Loss: 1.0741, Test Accuracy: 0.7757
Epoch 300/500 - Train Loss: 1.0741, Train Accuracy: 0.7613, Test Loss: 1.0604, Test Accuracy: 0.7770
Epoch 301/500 - Train Loss: 1.0693, Train Accuracy: 0.7624, Test Loss: 1.2292, Test Accuracy: 0.6729
Epoch 302/500 - Train Loss: 1.0651, Train Accuracy: 0.7592, Test Loss: 1.0893, Test Accuracy: 0.7546
Epoch 303/500 - Train Loss: 1.0790, Train Accuracy: 0.7533, Test Loss: 1.0338, Test Accuracy: 0.7720
Epoch 304/500 - Train Loss: 1.0743, Train Accuracy: 0.7565, Test Loss: 1.1292, Test Accuracy: 0.7497
Epoch 305/500 - Train Loss: 1.0519, Train Accuracy: 0.7719, Test Loss: 1.0875, Test Accuracy: 0.7373
Epoch 306/500 - Train Loss: 1.0798, Train Accuracy: 0.7549, Test Loss: 1.1370, Test Accuracy: 0.7410
Epoch 307/500 - Train Loss: 1.0679, Train Accuracy: 0.7671, Test Loss: 1.1108, Test Accuracy: 0.7423
Epoch 308/500 - Train Loss: 1.0634, Train Accuracy: 0.7640, Test Loss: 1.0646, Test Accuracy: 0.7633
Epoch 309/500 - Train Loss: 1.0578, Train Accuracy: 0.7613, Test Loss: 1.0734, Test Accuracy: 0.7447
Epoch 310/500 - Train Loss: 1.0666, Train Accuracy: 0.7650, Test Loss: 1.0544, Test Accuracy: 0.7708
Epoch 311/500 - Train Loss: 1.0588, Train Accuracy: 0.7693, Test Loss: 1.0557, Test Accuracy: 0.7844
Epoch 312/500 - Train Loss: 1.0567, Train Accuracy: 0.7788, Test Loss: 1.0471, Test Accuracy: 0.7819
Epoch 313/500 - Train Loss: 1.0457, Train Accuracy: 0.7703, Test Loss: 1.1098, Test Accuracy: 0.7237
Epoch 314/500 - Train Loss: 1.0474, Train Accuracy: 0.7788, Test Loss: 1.1127, Test Accuracy: 0.7571
Epoch 315/500 - Train Loss: 1.0512, Train Accuracy: 0.7746, Test Loss: 1.0717, Test Accuracy: 0.7831
Epoch 316/500 - Train Loss: 1.0480, Train Accuracy: 0.7608, Test Loss: 1.0363, Test Accuracy: 0.7819
Epoch 317/500 - Train Loss: 1.0467, Train Accuracy: 0.7703, Test Loss: 1.0637, Test Accuracy: 0.7534
Epoch 318/500 - Train Loss: 1.0551, Train Accuracy: 0.7576, Test Loss: 1.0730, Test Accuracy: 0.7584
Epoch 319/500 - Train Loss: 1.0339, Train Accuracy: 0.7847, Test Loss: 1.0567, Test Accuracy: 0.7608
Epoch 320/500 - Train Loss: 1.0746, Train Accuracy: 0.7496, Test Loss: 1.1852, Test Accuracy: 0.6976
Epoch 321/500 - Train Loss: 1.0590, Train Accuracy: 0.7650, Test Loss: 1.2364, Test Accuracy: 0.7150
Epoch 322/500 - Train Loss: 1.0624, Train Accuracy: 0.7645, Test Loss: 1.0815, Test Accuracy: 0.7695
Epoch 323/500 - Train Loss: 1.0860, Train Accuracy: 0.7592, Test Loss: 1.0274, Test Accuracy: 0.7745
Epoch 324/500 - Train Loss: 1.0591, Train Accuracy: 0.7671, Test Loss: 1.0666, Test Accuracy: 0.7683
Epoch 325/500 - Train Loss: 1.0513, Train Accuracy: 0.7709, Test Loss: 1.1167, Test Accuracy: 0.7224
Epoch 326/500 - Train Loss: 1.0525, Train Accuracy: 0.7772, Test Loss: 1.1198, Test Accuracy: 0.7571
Epoch 327/500 - Train Loss: 1.0716, Train Accuracy: 0.7576, Test Loss: 1.0771, Test Accuracy: 0.7608
Epoch 328/500 - Train Loss: 1.0501, Train Accuracy: 0.7719, Test Loss: 1.0395, Test Accuracy: 0.7770
Epoch 329/500 - Train Loss: 1.0490, Train Accuracy: 0.7751, Test Loss: 1.0550, Test Accuracy: 0.7844
Epoch 330/500 - Train Loss: 1.0454, Train Accuracy: 0.7746, Test Loss: 1.0171, Test Accuracy: 0.7943
Epoch 331/500 - Train Loss: 1.0473, Train Accuracy: 0.7730, Test Loss: 1.1334, Test Accuracy: 0.7323
Epoch 332/500 - Train Loss: 1.0361, Train Accuracy: 0.7842, Test Loss: 1.0317, Test Accuracy: 0.8017
Epoch 333/500 - Train Loss: 1.0629, Train Accuracy: 0.7586, Test Loss: 1.0815, Test Accuracy: 0.7522
Epoch 334/500 - Train Loss: 1.0554, Train Accuracy: 0.7687, Test Loss: 1.0409, Test Accuracy: 0.7831
Epoch 335/500 - Train Loss: 1.0391, Train Accuracy: 0.7810, Test Loss: 1.0663, Test Accuracy: 0.7856
Epoch 336/500 - Train Loss: 1.0564, Train Accuracy: 0.7714, Test Loss: 1.0094, Test Accuracy: 0.8104
Epoch 337/500 - Train Loss: 1.0481, Train Accuracy: 0.7671, Test Loss: 1.0350, Test Accuracy: 0.7819
Epoch 338/500 - Train Loss: 1.0576, Train Accuracy: 0.7693, Test Loss: 1.0240, Test Accuracy: 0.7782
Epoch 339/500 - Train Loss: 1.0348, Train Accuracy: 0.7900, Test Loss: 1.0462, Test Accuracy: 0.7646
Epoch 340/500 - Train Loss: 1.0464, Train Accuracy: 0.7687, Test Loss: 1.0330, Test Accuracy: 0.7807
Epoch 341/500 - Train Loss: 1.0541, Train Accuracy: 0.7687, Test Loss: 1.0398, Test Accuracy: 0.7770
Epoch 342/500 - Train Loss: 1.0408, Train Accuracy: 0.7698, Test Loss: 1.0231, Test Accuracy: 0.7881
Epoch 343/500 - Train Loss: 1.0486, Train Accuracy: 0.7852, Test Loss: 1.1874, Test Accuracy: 0.6840
Epoch 344/500 - Train Loss: 1.0381, Train Accuracy: 0.7842, Test Loss: 1.0321, Test Accuracy: 0.7732
Epoch 345/500 - Train Loss: 1.0286, Train Accuracy: 0.7799, Test Loss: 1.1470, Test Accuracy: 0.7497
Epoch 346/500 - Train Loss: 1.0391, Train Accuracy: 0.7730, Test Loss: 1.0412, Test Accuracy: 0.7646
Epoch 347/500 - Train Loss: 1.0444, Train Accuracy: 0.7757, Test Loss: 1.0484, Test Accuracy: 0.7695
Epoch 348/500 - Train Loss: 1.0619, Train Accuracy: 0.7687, Test Loss: 1.0432, Test Accuracy: 0.7745
Epoch 349/500 - Train Loss: 1.0353, Train Accuracy: 0.7772, Test Loss: 1.0134, Test Accuracy: 0.7893
Epoch 350/500 - Train Loss: 1.0199, Train Accuracy: 0.7804, Test Loss: 1.0237, Test Accuracy: 0.7807
Epoch 351/500 - Train Loss: 1.0358, Train Accuracy: 0.7709, Test Loss: 1.0556, Test Accuracy: 0.7745
Epoch 352/500 - Train Loss: 1.0543, Train Accuracy: 0.7671, Test Loss: 1.2032, Test Accuracy: 0.6976
Epoch 353/500 - Train Loss: 1.0521, Train Accuracy: 0.7778, Test Loss: 1.0316, Test Accuracy: 0.7856
Epoch 354/500 - Train Loss: 1.0316, Train Accuracy: 0.7757, Test Loss: 1.0261, Test Accuracy: 0.7918
Epoch 355/500 - Train Loss: 1.0340, Train Accuracy: 0.7757, Test Loss: 1.0376, Test Accuracy: 0.7869
Epoch 356/500 - Train Loss: 1.0416, Train Accuracy: 0.7751, Test Loss: 1.0501, Test Accuracy: 0.7745
Epoch 357/500 - Train Loss: 1.0152, Train Accuracy: 0.7810, Test Loss: 1.0114, Test Accuracy: 0.7931
Epoch 358/500 - Train Loss: 1.0221, Train Accuracy: 0.7863, Test Loss: 1.0178, Test Accuracy: 0.7955
Epoch 359/500 - Train Loss: 1.0396, Train Accuracy: 0.7698, Test Loss: 1.0115, Test Accuracy: 0.7881
Epoch 360/500 - Train Loss: 1.0402, Train Accuracy: 0.7794, Test Loss: 1.0200, Test Accuracy: 0.7906
Epoch 361/500 - Train Loss: 1.0273, Train Accuracy: 0.7826, Test Loss: 1.0614, Test Accuracy: 0.7534
Epoch 362/500 - Train Loss: 1.0518, Train Accuracy: 0.7804, Test Loss: 1.0681, Test Accuracy: 0.7621
Epoch 363/500 - Train Loss: 1.0298, Train Accuracy: 0.7751, Test Loss: 1.0854, Test Accuracy: 0.7485
Epoch 364/500 - Train Loss: 1.0399, Train Accuracy: 0.7629, Test Loss: 1.2565, Test Accuracy: 0.7001
Epoch 365/500 - Train Loss: 1.0167, Train Accuracy: 0.7911, Test Loss: 1.0344, Test Accuracy: 0.7931
Epoch 366/500 - Train Loss: 1.0343, Train Accuracy: 0.7863, Test Loss: 1.1099, Test Accuracy: 0.7385
Epoch 367/500 - Train Loss: 1.0417, Train Accuracy: 0.7661, Test Loss: 1.0605, Test Accuracy: 0.7596
Epoch 368/500 - Train Loss: 1.0151, Train Accuracy: 0.7815, Test Loss: 1.0501, Test Accuracy: 0.7745
Epoch 369/500 - Train Loss: 1.0356, Train Accuracy: 0.7730, Test Loss: 1.0814, Test Accuracy: 0.7584
Epoch 370/500 - Train Loss: 1.0470, Train Accuracy: 0.7719, Test Loss: 1.0579, Test Accuracy: 0.7658
Epoch 371/500 - Train Loss: 1.0388, Train Accuracy: 0.7858, Test Loss: 1.0158, Test Accuracy: 0.7856
Epoch 372/500 - Train Loss: 1.0396, Train Accuracy: 0.7640, Test Loss: 1.0650, Test Accuracy: 0.7658
Epoch 373/500 - Train Loss: 1.0339, Train Accuracy: 0.7767, Test Loss: 1.0926, Test Accuracy: 0.7509
Epoch 374/500 - Train Loss: 1.0326, Train Accuracy: 0.7836, Test Loss: 1.0380, Test Accuracy: 0.7782
Epoch 375/500 - Train Loss: 1.0262, Train Accuracy: 0.7772, Test Loss: 1.1039, Test Accuracy: 0.7485
Epoch 376/500 - Train Loss: 1.0366, Train Accuracy: 0.7666, Test Loss: 1.1150, Test Accuracy: 0.7447
Epoch 377/500 - Train Loss: 1.0443, Train Accuracy: 0.7725, Test Loss: 1.1658, Test Accuracy: 0.7038
Epoch 378/500 - Train Loss: 1.0400, Train Accuracy: 0.7873, Test Loss: 1.0548, Test Accuracy: 0.7683
Epoch 379/500 - Train Loss: 1.0395, Train Accuracy: 0.7741, Test Loss: 1.0141, Test Accuracy: 0.7881
Epoch 380/500 - Train Loss: 1.0437, Train Accuracy: 0.7757, Test Loss: 1.0844, Test Accuracy: 0.7646
Epoch 381/500 - Train Loss: 1.0156, Train Accuracy: 0.7842, Test Loss: 1.1041, Test Accuracy: 0.7348
Epoch 382/500 - Train Loss: 1.0249, Train Accuracy: 0.7836, Test Loss: 1.0370, Test Accuracy: 0.7807
Epoch 383/500 - Train Loss: 1.0199, Train Accuracy: 0.7836, Test Loss: 1.1065, Test Accuracy: 0.7608
Epoch 384/500 - Train Loss: 1.0104, Train Accuracy: 0.7831, Test Loss: 1.0858, Test Accuracy: 0.7522
Epoch 385/500 - Train Loss: 1.0252, Train Accuracy: 0.7799, Test Loss: 1.0666, Test Accuracy: 0.7485
Epoch 386/500 - Train Loss: 1.0363, Train Accuracy: 0.7751, Test Loss: 1.0905, Test Accuracy: 0.7571

Early stopping triggered at epoch 386
Best test loss: 1.0094
Best test accuracy: 0.8104
Plot saved as trained_models/pyramidal_double_default/metrics/loss.png
Plot saved as trained_models/pyramidal_double_default/metrics/metrics.png
