Using GPU 0: NVIDIA GeForce RTX 3090
Epoch 1/100 - Train Loss: 1.9870, Train Accuracy: 0.2297, Test Loss: 2.0766, Test Accuracy: 0.1413
Epoch 2/100 - Train Loss: 1.8592, Train Accuracy: 0.3418, Test Loss: 2.0723, Test Accuracy: 0.1884
Epoch 3/100 - Train Loss: 1.7987, Train Accuracy: 0.3700, Test Loss: 2.0685, Test Accuracy: 0.2379
Epoch 4/100 - Train Loss: 1.7977, Train Accuracy: 0.3801, Test Loss: 2.0630, Test Accuracy: 0.2999
Epoch 5/100 - Train Loss: 1.7683, Train Accuracy: 0.3950, Test Loss: 2.0533, Test Accuracy: 0.3383
Epoch 6/100 - Train Loss: 1.7547, Train Accuracy: 0.4072, Test Loss: 2.0383, Test Accuracy: 0.3222
Epoch 7/100 - Train Loss: 1.7483, Train Accuracy: 0.4189, Test Loss: 2.0112, Test Accuracy: 0.4486
Epoch 8/100 - Train Loss: 1.7512, Train Accuracy: 0.3993, Test Loss: 1.9827, Test Accuracy: 0.4027
Epoch 9/100 - Train Loss: 1.7178, Train Accuracy: 0.4354, Test Loss: 1.9382, Test Accuracy: 0.4833
Epoch 10/100 - Train Loss: 1.7128, Train Accuracy: 0.4418, Test Loss: 1.8922, Test Accuracy: 0.4015
Epoch 11/100 - Train Loss: 1.7418, Train Accuracy: 0.4258, Test Loss: 1.7721, Test Accuracy: 0.5056
Epoch 12/100 - Train Loss: 1.7206, Train Accuracy: 0.4157, Test Loss: 1.7098, Test Accuracy: 0.4634
Epoch 13/100 - Train Loss: 1.6851, Train Accuracy: 0.4317, Test Loss: 1.6448, Test Accuracy: 0.4833
Epoch 14/100 - Train Loss: 1.6912, Train Accuracy: 0.4317, Test Loss: 1.5786, Test Accuracy: 0.5031
Epoch 15/100 - Train Loss: 1.6829, Train Accuracy: 0.4413, Test Loss: 1.5695, Test Accuracy: 0.5081
Epoch 16/100 - Train Loss: 1.6555, Train Accuracy: 0.4551, Test Loss: 1.5083, Test Accuracy: 0.5477
Epoch 17/100 - Train Loss: 1.6549, Train Accuracy: 0.4508, Test Loss: 1.4812, Test Accuracy: 0.5428
Epoch 18/100 - Train Loss: 1.6120, Train Accuracy: 0.4886, Test Loss: 1.4768, Test Accuracy: 0.5564
Epoch 19/100 - Train Loss: 1.5765, Train Accuracy: 0.4912, Test Loss: 1.4502, Test Accuracy: 0.5415
Epoch 20/100 - Train Loss: 1.5545, Train Accuracy: 0.4981, Test Loss: 1.4367, Test Accuracy: 0.5774
Epoch 21/100 - Train Loss: 1.5682, Train Accuracy: 0.5061, Test Loss: 1.5402, Test Accuracy: 0.5266
Epoch 22/100 - Train Loss: 1.5683, Train Accuracy: 0.4981, Test Loss: 1.7299, Test Accuracy: 0.4833
Epoch 23/100 - Train Loss: 1.5337, Train Accuracy: 0.5263, Test Loss: 1.3784, Test Accuracy: 0.6146
Epoch 24/100 - Train Loss: 1.4632, Train Accuracy: 0.5502, Test Loss: 1.4089, Test Accuracy: 0.5638
Epoch 25/100 - Train Loss: 1.4874, Train Accuracy: 0.5348, Test Loss: 1.3794, Test Accuracy: 0.6134
Epoch 26/100 - Train Loss: 1.4561, Train Accuracy: 0.5444, Test Loss: 1.5475, Test Accuracy: 0.5254
Epoch 27/100 - Train Loss: 1.4454, Train Accuracy: 0.5540, Test Loss: 1.6158, Test Accuracy: 0.5155
Epoch 28/100 - Train Loss: 1.4659, Train Accuracy: 0.5497, Test Loss: 1.4545, Test Accuracy: 0.5428
Epoch 29/100 - Train Loss: 1.4458, Train Accuracy: 0.5561, Test Loss: 1.5037, Test Accuracy: 0.5589
Epoch 30/100 - Train Loss: 1.4190, Train Accuracy: 0.5784, Test Loss: 1.3659, Test Accuracy: 0.6159
Epoch 31/100 - Train Loss: 1.3954, Train Accuracy: 0.5821, Test Loss: 1.2927, Test Accuracy: 0.6456
Epoch 32/100 - Train Loss: 1.3886, Train Accuracy: 0.5890, Test Loss: 1.4362, Test Accuracy: 0.5985
Epoch 33/100 - Train Loss: 1.3805, Train Accuracy: 0.5986, Test Loss: 1.3421, Test Accuracy: 0.5960
Epoch 34/100 - Train Loss: 1.3894, Train Accuracy: 0.6055, Test Loss: 1.2528, Test Accuracy: 0.6741
Epoch 35/100 - Train Loss: 1.3383, Train Accuracy: 0.6156, Test Loss: 1.3161, Test Accuracy: 0.6059
Epoch 36/100 - Train Loss: 1.3656, Train Accuracy: 0.6093, Test Loss: 1.3516, Test Accuracy: 0.6146
Epoch 37/100 - Train Loss: 1.3568, Train Accuracy: 0.6156, Test Loss: 1.3459, Test Accuracy: 0.6121
Epoch 38/100 - Train Loss: 1.3754, Train Accuracy: 0.6002, Test Loss: 1.3614, Test Accuracy: 0.5911
Epoch 39/100 - Train Loss: 1.3584, Train Accuracy: 0.6029, Test Loss: 1.2945, Test Accuracy: 0.6146
Epoch 40/100 - Train Loss: 1.3457, Train Accuracy: 0.6061, Test Loss: 1.2776, Test Accuracy: 0.6406
Epoch 41/100 - Train Loss: 1.3551, Train Accuracy: 0.6162, Test Loss: 1.2548, Test Accuracy: 0.6667
Epoch 42/100 - Train Loss: 1.3641, Train Accuracy: 0.6077, Test Loss: 1.2702, Test Accuracy: 0.6245
Epoch 43/100 - Train Loss: 1.3374, Train Accuracy: 0.6241, Test Loss: 1.2342, Test Accuracy: 0.6605
Epoch 44/100 - Train Loss: 1.3351, Train Accuracy: 0.6156, Test Loss: 1.2311, Test Accuracy: 0.6679
Epoch 45/100 - Train Loss: 1.3229, Train Accuracy: 0.6279, Test Loss: 1.2921, Test Accuracy: 0.6406
Epoch 46/100 - Train Loss: 1.3205, Train Accuracy: 0.6215, Test Loss: 1.2222, Test Accuracy: 0.6853
Epoch 47/100 - Train Loss: 1.3199, Train Accuracy: 0.6316, Test Loss: 1.4203, Test Accuracy: 0.6047
Epoch 48/100 - Train Loss: 1.3628, Train Accuracy: 0.6119, Test Loss: 1.2689, Test Accuracy: 0.6592
Epoch 49/100 - Train Loss: 1.3541, Train Accuracy: 0.6140, Test Loss: 1.2428, Test Accuracy: 0.6679
Epoch 50/100 - Train Loss: 1.3222, Train Accuracy: 0.6401, Test Loss: 1.2357, Test Accuracy: 0.6753
Epoch 51/100 - Train Loss: 1.3247, Train Accuracy: 0.6305, Test Loss: 1.3208, Test Accuracy: 0.6344
Epoch 52/100 - Train Loss: 1.3213, Train Accuracy: 0.6209, Test Loss: 1.2089, Test Accuracy: 0.6840
Epoch 53/100 - Train Loss: 1.3343, Train Accuracy: 0.6215, Test Loss: 1.2538, Test Accuracy: 0.6555
Epoch 54/100 - Train Loss: 1.3090, Train Accuracy: 0.6326, Test Loss: 1.4285, Test Accuracy: 0.5725
Epoch 55/100 - Train Loss: 1.3365, Train Accuracy: 0.6385, Test Loss: 1.2228, Test Accuracy: 0.6815
Epoch 56/100 - Train Loss: 1.3444, Train Accuracy: 0.6204, Test Loss: 1.3947, Test Accuracy: 0.5812
Epoch 57/100 - Train Loss: 1.3288, Train Accuracy: 0.6268, Test Loss: 1.2435, Test Accuracy: 0.6518
Epoch 58/100 - Train Loss: 1.3259, Train Accuracy: 0.6215, Test Loss: 1.2277, Test Accuracy: 0.6568
Epoch 59/100 - Train Loss: 1.3204, Train Accuracy: 0.6364, Test Loss: 1.2234, Test Accuracy: 0.6753
Epoch 60/100 - Train Loss: 1.3157, Train Accuracy: 0.6305, Test Loss: 1.2520, Test Accuracy: 0.6605
Epoch 61/100 - Train Loss: 1.3109, Train Accuracy: 0.6374, Test Loss: 1.2357, Test Accuracy: 0.6865
Epoch 62/100 - Train Loss: 1.3018, Train Accuracy: 0.6337, Test Loss: 1.2433, Test Accuracy: 0.6840
Epoch 63/100 - Train Loss: 1.3080, Train Accuracy: 0.6268, Test Loss: 1.3185, Test Accuracy: 0.6270
Epoch 64/100 - Train Loss: 1.2986, Train Accuracy: 0.6497, Test Loss: 1.2338, Test Accuracy: 0.6716
Epoch 65/100 - Train Loss: 1.3046, Train Accuracy: 0.6454, Test Loss: 1.1964, Test Accuracy: 0.6877
Epoch 66/100 - Train Loss: 1.3039, Train Accuracy: 0.6443, Test Loss: 1.2600, Test Accuracy: 0.6543
Epoch 67/100 - Train Loss: 1.3174, Train Accuracy: 0.6411, Test Loss: 1.2361, Test Accuracy: 0.6654
Epoch 68/100 - Train Loss: 1.3053, Train Accuracy: 0.6470, Test Loss: 1.2941, Test Accuracy: 0.6419
Epoch 69/100 - Train Loss: 1.3063, Train Accuracy: 0.6401, Test Loss: 1.2834, Test Accuracy: 0.6468
Epoch 70/100 - Train Loss: 1.3160, Train Accuracy: 0.6385, Test Loss: 1.2287, Test Accuracy: 0.6729
Epoch 71/100 - Train Loss: 1.2961, Train Accuracy: 0.6497, Test Loss: 1.2292, Test Accuracy: 0.6679
Epoch 72/100 - Train Loss: 1.3046, Train Accuracy: 0.6422, Test Loss: 1.2533, Test Accuracy: 0.6667
Epoch 73/100 - Train Loss: 1.3058, Train Accuracy: 0.6390, Test Loss: 1.2066, Test Accuracy: 0.7026
Epoch 74/100 - Train Loss: 1.2925, Train Accuracy: 0.6502, Test Loss: 1.2258, Test Accuracy: 0.6753
Epoch 75/100 - Train Loss: 1.2823, Train Accuracy: 0.6465, Test Loss: 1.2206, Test Accuracy: 0.6815
Epoch 76/100 - Train Loss: 1.2943, Train Accuracy: 0.6497, Test Loss: 1.2122, Test Accuracy: 0.6753
Epoch 77/100 - Train Loss: 1.3098, Train Accuracy: 0.6289, Test Loss: 1.2786, Test Accuracy: 0.6493
Epoch 78/100 - Train Loss: 1.2883, Train Accuracy: 0.6518, Test Loss: 1.2324, Test Accuracy: 0.6729
Epoch 79/100 - Train Loss: 1.2875, Train Accuracy: 0.6438, Test Loss: 1.1947, Test Accuracy: 0.7014
Epoch 80/100 - Train Loss: 1.2764, Train Accuracy: 0.6507, Test Loss: 1.2163, Test Accuracy: 0.6828
Epoch 81/100 - Train Loss: 1.2913, Train Accuracy: 0.6555, Test Loss: 1.2895, Test Accuracy: 0.6456
Epoch 82/100 - Train Loss: 1.2780, Train Accuracy: 0.6619, Test Loss: 1.3440, Test Accuracy: 0.6047
Epoch 83/100 - Train Loss: 1.2862, Train Accuracy: 0.6571, Test Loss: 1.2869, Test Accuracy: 0.6493
Epoch 84/100 - Train Loss: 1.3014, Train Accuracy: 0.6465, Test Loss: 1.1952, Test Accuracy: 0.6902
Epoch 85/100 - Train Loss: 1.2768, Train Accuracy: 0.6608, Test Loss: 1.2694, Test Accuracy: 0.6530
Epoch 86/100 - Train Loss: 1.2924, Train Accuracy: 0.6550, Test Loss: 1.2254, Test Accuracy: 0.6778
Epoch 87/100 - Train Loss: 1.3066, Train Accuracy: 0.6369, Test Loss: 1.2461, Test Accuracy: 0.6543
Epoch 88/100 - Train Loss: 1.2701, Train Accuracy: 0.6518, Test Loss: 1.2923, Test Accuracy: 0.6357
Epoch 89/100 - Train Loss: 1.2610, Train Accuracy: 0.6683, Test Loss: 1.1962, Test Accuracy: 0.6902
Epoch 90/100 - Train Loss: 1.2838, Train Accuracy: 0.6539, Test Loss: 1.2048, Test Accuracy: 0.6716
Epoch 91/100 - Train Loss: 1.2847, Train Accuracy: 0.6475, Test Loss: 1.2833, Test Accuracy: 0.6270
Epoch 92/100 - Train Loss: 1.2675, Train Accuracy: 0.6624, Test Loss: 1.1970, Test Accuracy: 0.6840
Epoch 93/100 - Train Loss: 1.2773, Train Accuracy: 0.6614, Test Loss: 1.2161, Test Accuracy: 0.6778
Epoch 94/100 - Train Loss: 1.2858, Train Accuracy: 0.6560, Test Loss: 1.1938, Test Accuracy: 0.6914
Epoch 95/100 - Train Loss: 1.2835, Train Accuracy: 0.6491, Test Loss: 1.2595, Test Accuracy: 0.6691
Epoch 96/100 - Train Loss: 1.2869, Train Accuracy: 0.6635, Test Loss: 1.2121, Test Accuracy: 0.6865
Epoch 97/100 - Train Loss: 1.2855, Train Accuracy: 0.6502, Test Loss: 1.2191, Test Accuracy: 0.6766
Epoch 98/100 - Train Loss: 1.2713, Train Accuracy: 0.6576, Test Loss: 1.1968, Test Accuracy: 0.7038
Epoch 99/100 - Train Loss: 1.2722, Train Accuracy: 0.6651, Test Loss: 1.1947, Test Accuracy: 0.6964
Epoch 100/100 - Train Loss: 1.2815, Train Accuracy: 0.6475, Test Loss: 1.2219, Test Accuracy: 0.6741
Best test loss: 1.1938
Best test accuracy: 0.7038
Plot saved as trained_models/pyramidal_double_default/metrics/loss.png
Plot saved as trained_models/pyramidal_double_default/metrics/metrics.png
